[2025-10-28T10:58:31.306+0000] {processor.py:186} INFO - Started process (PID=5403) to work on /home/khaled/airflow/dags/dbt_snowflake_dag.py
[2025-10-28T10:58:31.307+0000] {processor.py:914} INFO - Processing file /home/khaled/airflow/dags/dbt_snowflake_dag.py for tasks to queue
[2025-10-28T10:58:31.309+0000] {logging_mixin.py:190} INFO - [2025-10-28T10:58:31.308+0000] {dagbag.py:588} INFO - Filling up the DagBag from /home/khaled/airflow/dags/dbt_snowflake_dag.py
[2025-10-28T10:58:31.328+0000] {processor.py:925} INFO - DAG(s) 'dbt_snowflake_pipeline' retrieved from /home/khaled/airflow/dags/dbt_snowflake_dag.py
[2025-10-28T10:58:31.387+0000] {logging_mixin.py:190} INFO - [2025-10-28T10:58:31.387+0000] {dag.py:3239} INFO - Sync 1 DAGs
[2025-10-28T10:58:31.504+0000] {processor.py:208} INFO - Processing /home/khaled/airflow/dags/dbt_snowflake_dag.py took 0.203 seconds
[2025-10-28T10:59:44.755+0000] {processor.py:186} INFO - Started process (PID=5492) to work on /home/khaled/airflow/dags/dbt_snowflake_dag.py
[2025-10-28T10:59:44.767+0000] {processor.py:914} INFO - Processing file /home/khaled/airflow/dags/dbt_snowflake_dag.py for tasks to queue
[2025-10-28T10:59:44.769+0000] {logging_mixin.py:190} INFO - [2025-10-28T10:59:44.769+0000] {dagbag.py:588} INFO - Filling up the DagBag from /home/khaled/airflow/dags/dbt_snowflake_dag.py
[2025-10-28T10:59:44.781+0000] {processor.py:925} INFO - DAG(s) 'dbt_snowflake_pipeline' retrieved from /home/khaled/airflow/dags/dbt_snowflake_dag.py
[2025-10-28T10:59:44.798+0000] {logging_mixin.py:190} INFO - [2025-10-28T10:59:44.797+0000] {dag.py:3239} INFO - Sync 1 DAGs
[2025-10-28T10:59:44.835+0000] {processor.py:208} INFO - Processing /home/khaled/airflow/dags/dbt_snowflake_dag.py took 0.085 seconds
[2025-10-28T11:00:57.384+0000] {processor.py:186} INFO - Started process (PID=5591) to work on /home/khaled/airflow/dags/dbt_snowflake_dag.py
[2025-10-28T11:00:57.385+0000] {processor.py:914} INFO - Processing file /home/khaled/airflow/dags/dbt_snowflake_dag.py for tasks to queue
[2025-10-28T11:00:57.387+0000] {logging_mixin.py:190} INFO - [2025-10-28T11:00:57.387+0000] {dagbag.py:588} INFO - Filling up the DagBag from /home/khaled/airflow/dags/dbt_snowflake_dag.py
[2025-10-28T11:00:57.395+0000] {processor.py:925} INFO - DAG(s) 'dbt_snowflake_pipeline' retrieved from /home/khaled/airflow/dags/dbt_snowflake_dag.py
[2025-10-28T11:00:57.408+0000] {logging_mixin.py:190} INFO - [2025-10-28T11:00:57.408+0000] {dag.py:3239} INFO - Sync 1 DAGs
[2025-10-28T11:00:57.454+0000] {processor.py:208} INFO - Processing /home/khaled/airflow/dags/dbt_snowflake_dag.py took 0.075 seconds
[2025-10-28T11:02:06.578+0000] {processor.py:186} INFO - Started process (PID=5673) to work on /home/khaled/airflow/dags/dbt_snowflake_dag.py
[2025-10-28T11:02:06.580+0000] {processor.py:914} INFO - Processing file /home/khaled/airflow/dags/dbt_snowflake_dag.py for tasks to queue
[2025-10-28T11:02:06.582+0000] {logging_mixin.py:190} INFO - [2025-10-28T11:02:06.582+0000] {dagbag.py:588} INFO - Filling up the DagBag from /home/khaled/airflow/dags/dbt_snowflake_dag.py
[2025-10-28T11:02:06.589+0000] {processor.py:925} INFO - DAG(s) 'dbt_snowflake_pipeline' retrieved from /home/khaled/airflow/dags/dbt_snowflake_dag.py
[2025-10-28T11:02:06.599+0000] {logging_mixin.py:190} INFO - [2025-10-28T11:02:06.599+0000] {dag.py:3239} INFO - Sync 1 DAGs
[2025-10-28T11:02:06.645+0000] {processor.py:208} INFO - Processing /home/khaled/airflow/dags/dbt_snowflake_dag.py took 0.071 seconds
[2025-10-28T11:03:19.458+0000] {processor.py:186} INFO - Started process (PID=5938) to work on /home/khaled/airflow/dags/dbt_snowflake_dag.py
[2025-10-28T11:03:19.460+0000] {processor.py:914} INFO - Processing file /home/khaled/airflow/dags/dbt_snowflake_dag.py for tasks to queue
[2025-10-28T11:03:19.462+0000] {logging_mixin.py:190} INFO - [2025-10-28T11:03:19.461+0000] {dagbag.py:588} INFO - Filling up the DagBag from /home/khaled/airflow/dags/dbt_snowflake_dag.py
[2025-10-28T11:03:19.470+0000] {processor.py:925} INFO - DAG(s) 'dbt_snowflake_pipeline' retrieved from /home/khaled/airflow/dags/dbt_snowflake_dag.py
[2025-10-28T11:03:19.482+0000] {logging_mixin.py:190} INFO - [2025-10-28T11:03:19.482+0000] {dag.py:3239} INFO - Sync 1 DAGs
[2025-10-28T11:03:19.647+0000] {processor.py:208} INFO - Processing /home/khaled/airflow/dags/dbt_snowflake_dag.py took 0.193 seconds
[2025-10-28T11:04:28.649+0000] {processor.py:186} INFO - Started process (PID=6009) to work on /home/khaled/airflow/dags/dbt_snowflake_dag.py
[2025-10-28T11:04:28.660+0000] {processor.py:914} INFO - Processing file /home/khaled/airflow/dags/dbt_snowflake_dag.py for tasks to queue
[2025-10-28T11:04:28.662+0000] {logging_mixin.py:190} INFO - [2025-10-28T11:04:28.662+0000] {dagbag.py:588} INFO - Filling up the DagBag from /home/khaled/airflow/dags/dbt_snowflake_dag.py
[2025-10-28T11:04:28.671+0000] {processor.py:925} INFO - DAG(s) 'dbt_snowflake_pipeline' retrieved from /home/khaled/airflow/dags/dbt_snowflake_dag.py
[2025-10-28T11:04:28.687+0000] {logging_mixin.py:190} INFO - [2025-10-28T11:04:28.687+0000] {dag.py:3239} INFO - Sync 1 DAGs
[2025-10-28T11:04:28.851+0000] {processor.py:208} INFO - Processing /home/khaled/airflow/dags/dbt_snowflake_dag.py took 0.207 seconds
[2025-10-28T11:05:49.174+0000] {processor.py:186} INFO - Started process (PID=6137) to work on /home/khaled/airflow/dags/dbt_snowflake_dag.py
[2025-10-28T11:05:49.190+0000] {processor.py:914} INFO - Processing file /home/khaled/airflow/dags/dbt_snowflake_dag.py for tasks to queue
[2025-10-28T11:05:49.205+0000] {logging_mixin.py:190} INFO - [2025-10-28T11:05:49.204+0000] {dagbag.py:588} INFO - Filling up the DagBag from /home/khaled/airflow/dags/dbt_snowflake_dag.py
[2025-10-28T11:05:49.224+0000] {processor.py:925} INFO - DAG(s) 'dbt_snowflake_pipeline' retrieved from /home/khaled/airflow/dags/dbt_snowflake_dag.py
[2025-10-28T11:05:49.246+0000] {logging_mixin.py:190} INFO - [2025-10-28T11:05:49.246+0000] {dag.py:3239} INFO - Sync 1 DAGs
[2025-10-28T11:05:49.341+0000] {processor.py:208} INFO - Processing /home/khaled/airflow/dags/dbt_snowflake_dag.py took 0.178 seconds
[2025-10-28T11:07:04.181+0000] {processor.py:186} INFO - Started process (PID=6266) to work on /home/khaled/airflow/dags/dbt_snowflake_dag.py
[2025-10-28T11:07:04.191+0000] {processor.py:914} INFO - Processing file /home/khaled/airflow/dags/dbt_snowflake_dag.py for tasks to queue
[2025-10-28T11:07:04.193+0000] {logging_mixin.py:190} INFO - [2025-10-28T11:07:04.192+0000] {dagbag.py:588} INFO - Filling up the DagBag from /home/khaled/airflow/dags/dbt_snowflake_dag.py
[2025-10-28T11:07:04.201+0000] {processor.py:925} INFO - DAG(s) 'dbt_snowflake_pipeline' retrieved from /home/khaled/airflow/dags/dbt_snowflake_dag.py
[2025-10-28T11:07:04.212+0000] {logging_mixin.py:190} INFO - [2025-10-28T11:07:04.211+0000] {dag.py:3239} INFO - Sync 1 DAGs
[2025-10-28T11:07:04.242+0000] {processor.py:208} INFO - Processing /home/khaled/airflow/dags/dbt_snowflake_dag.py took 0.065 seconds
[2025-10-28T11:08:24.665+0000] {processor.py:186} INFO - Started process (PID=6499) to work on /home/khaled/airflow/dags/dbt_snowflake_dag.py
[2025-10-28T11:08:24.677+0000] {processor.py:914} INFO - Processing file /home/khaled/airflow/dags/dbt_snowflake_dag.py for tasks to queue
[2025-10-28T11:08:24.679+0000] {logging_mixin.py:190} INFO - [2025-10-28T11:08:24.678+0000] {dagbag.py:588} INFO - Filling up the DagBag from /home/khaled/airflow/dags/dbt_snowflake_dag.py
[2025-10-28T11:08:24.690+0000] {processor.py:925} INFO - DAG(s) 'dbt_snowflake_pipeline' retrieved from /home/khaled/airflow/dags/dbt_snowflake_dag.py
[2025-10-28T11:08:24.701+0000] {logging_mixin.py:190} INFO - [2025-10-28T11:08:24.701+0000] {dag.py:3239} INFO - Sync 1 DAGs
[2025-10-28T11:08:24.732+0000] {processor.py:208} INFO - Processing /home/khaled/airflow/dags/dbt_snowflake_dag.py took 0.073 seconds
[2025-10-28T11:09:31.877+0000] {processor.py:186} INFO - Started process (PID=6573) to work on /home/khaled/airflow/dags/dbt_snowflake_dag.py
[2025-10-28T11:09:31.887+0000] {processor.py:914} INFO - Processing file /home/khaled/airflow/dags/dbt_snowflake_dag.py for tasks to queue
[2025-10-28T11:09:31.888+0000] {logging_mixin.py:190} INFO - [2025-10-28T11:09:31.888+0000] {dagbag.py:588} INFO - Filling up the DagBag from /home/khaled/airflow/dags/dbt_snowflake_dag.py
[2025-10-28T11:09:31.897+0000] {processor.py:925} INFO - DAG(s) 'dbt_snowflake_pipeline' retrieved from /home/khaled/airflow/dags/dbt_snowflake_dag.py
[2025-10-28T11:09:31.910+0000] {logging_mixin.py:190} INFO - [2025-10-28T11:09:31.910+0000] {dag.py:3239} INFO - Sync 1 DAGs
[2025-10-28T11:09:31.943+0000] {processor.py:208} INFO - Processing /home/khaled/airflow/dags/dbt_snowflake_dag.py took 0.071 seconds
[2025-10-28T11:10:33.019+0000] {processor.py:186} INFO - Started process (PID=6661) to work on /home/khaled/airflow/dags/dbt_snowflake_dag.py
[2025-10-28T11:10:33.021+0000] {processor.py:914} INFO - Processing file /home/khaled/airflow/dags/dbt_snowflake_dag.py for tasks to queue
[2025-10-28T11:10:33.022+0000] {logging_mixin.py:190} INFO - [2025-10-28T11:10:33.022+0000] {dagbag.py:588} INFO - Filling up the DagBag from /home/khaled/airflow/dags/dbt_snowflake_dag.py
[2025-10-28T11:10:33.034+0000] {processor.py:925} INFO - DAG(s) 'dbt_snowflake_pipeline' retrieved from /home/khaled/airflow/dags/dbt_snowflake_dag.py
[2025-10-28T11:10:33.047+0000] {logging_mixin.py:190} INFO - [2025-10-28T11:10:33.047+0000] {dag.py:3239} INFO - Sync 1 DAGs
[2025-10-28T11:10:33.080+0000] {processor.py:208} INFO - Processing /home/khaled/airflow/dags/dbt_snowflake_dag.py took 0.066 seconds
[2025-10-28T11:12:03.373+0000] {processor.py:186} INFO - Started process (PID=6805) to work on /home/khaled/airflow/dags/dbt_snowflake_dag.py
[2025-10-28T11:12:03.392+0000] {processor.py:914} INFO - Processing file /home/khaled/airflow/dags/dbt_snowflake_dag.py for tasks to queue
[2025-10-28T11:12:03.395+0000] {logging_mixin.py:190} INFO - [2025-10-28T11:12:03.394+0000] {dagbag.py:588} INFO - Filling up the DagBag from /home/khaled/airflow/dags/dbt_snowflake_dag.py
[2025-10-28T11:12:03.430+0000] {processor.py:925} INFO - DAG(s) 'dbt_snowflake_pipeline' retrieved from /home/khaled/airflow/dags/dbt_snowflake_dag.py
[2025-10-28T11:12:03.469+0000] {logging_mixin.py:190} INFO - [2025-10-28T11:12:03.469+0000] {dag.py:3239} INFO - Sync 1 DAGs
[2025-10-28T11:12:03.561+0000] {processor.py:208} INFO - Processing /home/khaled/airflow/dags/dbt_snowflake_dag.py took 0.200 seconds
[2025-10-28T11:13:14.562+0000] {processor.py:186} INFO - Started process (PID=7035) to work on /home/khaled/airflow/dags/dbt_snowflake_dag.py
[2025-10-28T11:13:14.573+0000] {processor.py:914} INFO - Processing file /home/khaled/airflow/dags/dbt_snowflake_dag.py for tasks to queue
[2025-10-28T11:13:14.574+0000] {logging_mixin.py:190} INFO - [2025-10-28T11:13:14.574+0000] {dagbag.py:588} INFO - Filling up the DagBag from /home/khaled/airflow/dags/dbt_snowflake_dag.py
[2025-10-28T11:13:14.585+0000] {processor.py:925} INFO - DAG(s) 'dbt_snowflake_pipeline' retrieved from /home/khaled/airflow/dags/dbt_snowflake_dag.py
[2025-10-28T11:13:14.601+0000] {logging_mixin.py:190} INFO - [2025-10-28T11:13:14.601+0000] {dag.py:3239} INFO - Sync 1 DAGs
[2025-10-28T11:13:14.642+0000] {processor.py:208} INFO - Processing /home/khaled/airflow/dags/dbt_snowflake_dag.py took 0.085 seconds
[2025-10-28T11:14:49.336+0000] {processor.py:186} INFO - Started process (PID=7399) to work on /home/khaled/airflow/dags/dbt_snowflake_dag.py
[2025-10-28T11:14:49.338+0000] {processor.py:914} INFO - Processing file /home/khaled/airflow/dags/dbt_snowflake_dag.py for tasks to queue
[2025-10-28T11:14:49.339+0000] {logging_mixin.py:190} INFO - [2025-10-28T11:14:49.339+0000] {dagbag.py:588} INFO - Filling up the DagBag from /home/khaled/airflow/dags/dbt_snowflake_dag.py
[2025-10-28T11:14:49.347+0000] {processor.py:925} INFO - DAG(s) 'dbt_snowflake_pipeline' retrieved from /home/khaled/airflow/dags/dbt_snowflake_dag.py
[2025-10-28T11:14:49.359+0000] {logging_mixin.py:190} INFO - [2025-10-28T11:14:49.359+0000] {dag.py:3239} INFO - Sync 1 DAGs
[2025-10-28T11:14:49.391+0000] {processor.py:208} INFO - Processing /home/khaled/airflow/dags/dbt_snowflake_dag.py took 0.059 seconds
[2025-10-28T11:17:23.864+0000] {processor.py:186} INFO - Started process (PID=8035) to work on /home/khaled/airflow/dags/dbt_snowflake_dag.py
[2025-10-28T11:17:23.867+0000] {processor.py:914} INFO - Processing file /home/khaled/airflow/dags/dbt_snowflake_dag.py for tasks to queue
[2025-10-28T11:17:23.868+0000] {logging_mixin.py:190} INFO - [2025-10-28T11:17:23.867+0000] {dagbag.py:588} INFO - Filling up the DagBag from /home/khaled/airflow/dags/dbt_snowflake_dag.py
[2025-10-28T11:17:23.876+0000] {processor.py:925} INFO - DAG(s) 'dbt_snowflake_pipeline' retrieved from /home/khaled/airflow/dags/dbt_snowflake_dag.py
[2025-10-28T11:17:23.886+0000] {logging_mixin.py:190} INFO - [2025-10-28T11:17:23.886+0000] {dag.py:3239} INFO - Sync 1 DAGs
[2025-10-28T11:17:23.920+0000] {processor.py:208} INFO - Processing /home/khaled/airflow/dags/dbt_snowflake_dag.py took 0.061 seconds
[2025-10-28T11:18:29.292+0000] {processor.py:186} INFO - Started process (PID=8208) to work on /home/khaled/airflow/dags/dbt_snowflake_dag.py
[2025-10-28T11:18:29.295+0000] {processor.py:914} INFO - Processing file /home/khaled/airflow/dags/dbt_snowflake_dag.py for tasks to queue
[2025-10-28T11:18:29.296+0000] {logging_mixin.py:190} INFO - [2025-10-28T11:18:29.295+0000] {dagbag.py:588} INFO - Filling up the DagBag from /home/khaled/airflow/dags/dbt_snowflake_dag.py
[2025-10-28T11:18:29.303+0000] {processor.py:925} INFO - DAG(s) 'dbt_snowflake_pipeline' retrieved from /home/khaled/airflow/dags/dbt_snowflake_dag.py
[2025-10-28T11:18:29.315+0000] {logging_mixin.py:190} INFO - [2025-10-28T11:18:29.315+0000] {dag.py:3239} INFO - Sync 1 DAGs
[2025-10-28T11:18:29.331+0000] {logging_mixin.py:190} INFO - [2025-10-28T11:18:29.331+0000] {dag.py:4180} INFO - Setting next_dagrun for dbt_snowflake_pipeline to 2025-10-28 00:00:00+00:00, run_after=2025-10-29 00:00:00+00:00
[2025-10-28T11:18:29.351+0000] {processor.py:208} INFO - Processing /home/khaled/airflow/dags/dbt_snowflake_dag.py took 0.062 seconds
[2025-10-28T11:19:27.960+0000] {processor.py:186} INFO - Started process (PID=8273) to work on /home/khaled/airflow/dags/dbt_snowflake_dag.py
[2025-10-28T11:19:27.971+0000] {processor.py:914} INFO - Processing file /home/khaled/airflow/dags/dbt_snowflake_dag.py for tasks to queue
[2025-10-28T11:19:27.972+0000] {logging_mixin.py:190} INFO - [2025-10-28T11:19:27.971+0000] {dagbag.py:588} INFO - Filling up the DagBag from /home/khaled/airflow/dags/dbt_snowflake_dag.py
[2025-10-28T11:19:27.979+0000] {processor.py:925} INFO - DAG(s) 'dbt_snowflake_pipeline' retrieved from /home/khaled/airflow/dags/dbt_snowflake_dag.py
[2025-10-28T11:19:27.991+0000] {logging_mixin.py:190} INFO - [2025-10-28T11:19:27.991+0000] {dag.py:3239} INFO - Sync 1 DAGs
[2025-10-28T11:19:28.008+0000] {logging_mixin.py:190} INFO - [2025-10-28T11:19:28.008+0000] {dag.py:4180} INFO - Setting next_dagrun for dbt_snowflake_pipeline to 2025-10-28 00:00:00+00:00, run_after=2025-10-29 00:00:00+00:00
[2025-10-28T11:19:28.027+0000] {processor.py:208} INFO - Processing /home/khaled/airflow/dags/dbt_snowflake_dag.py took 0.070 seconds
[2025-10-28T11:20:56.538+0000] {processor.py:186} INFO - Started process (PID=8385) to work on /home/khaled/airflow/dags/dbt_snowflake_dag.py
[2025-10-28T11:20:56.541+0000] {processor.py:914} INFO - Processing file /home/khaled/airflow/dags/dbt_snowflake_dag.py for tasks to queue
[2025-10-28T11:20:56.542+0000] {logging_mixin.py:190} INFO - [2025-10-28T11:20:56.542+0000] {dagbag.py:588} INFO - Filling up the DagBag from /home/khaled/airflow/dags/dbt_snowflake_dag.py
[2025-10-28T11:20:56.552+0000] {processor.py:925} INFO - DAG(s) 'dbt_snowflake_pipeline' retrieved from /home/khaled/airflow/dags/dbt_snowflake_dag.py
[2025-10-28T11:20:56.580+0000] {logging_mixin.py:190} INFO - [2025-10-28T11:20:56.580+0000] {dag.py:3239} INFO - Sync 1 DAGs
[2025-10-28T11:20:56.611+0000] {logging_mixin.py:190} INFO - [2025-10-28T11:20:56.611+0000] {dag.py:4180} INFO - Setting next_dagrun for dbt_snowflake_pipeline to 2025-10-28 00:00:00+00:00, run_after=2025-10-29 00:00:00+00:00
[2025-10-28T11:20:56.651+0000] {processor.py:208} INFO - Processing /home/khaled/airflow/dags/dbt_snowflake_dag.py took 0.118 seconds
[2025-10-28T11:21:59.086+0000] {processor.py:186} INFO - Started process (PID=8510) to work on /home/khaled/airflow/dags/dbt_snowflake_dag.py
[2025-10-28T11:21:59.087+0000] {processor.py:914} INFO - Processing file /home/khaled/airflow/dags/dbt_snowflake_dag.py for tasks to queue
[2025-10-28T11:21:59.088+0000] {logging_mixin.py:190} INFO - [2025-10-28T11:21:59.088+0000] {dagbag.py:588} INFO - Filling up the DagBag from /home/khaled/airflow/dags/dbt_snowflake_dag.py
[2025-10-28T11:21:59.098+0000] {processor.py:925} INFO - DAG(s) 'dbt_snowflake_pipeline' retrieved from /home/khaled/airflow/dags/dbt_snowflake_dag.py
[2025-10-28T11:21:59.110+0000] {logging_mixin.py:190} INFO - [2025-10-28T11:21:59.110+0000] {dag.py:3239} INFO - Sync 1 DAGs
[2025-10-28T11:21:59.125+0000] {logging_mixin.py:190} INFO - [2025-10-28T11:21:59.125+0000] {dag.py:4180} INFO - Setting next_dagrun for dbt_snowflake_pipeline to 2025-10-28 00:00:00+00:00, run_after=2025-10-29 00:00:00+00:00
[2025-10-28T11:21:59.157+0000] {processor.py:208} INFO - Processing /home/khaled/airflow/dags/dbt_snowflake_dag.py took 0.075 seconds
[2025-10-28T11:23:06.053+0000] {processor.py:186} INFO - Started process (PID=8609) to work on /home/khaled/airflow/dags/dbt_snowflake_dag.py
[2025-10-28T11:23:06.055+0000] {processor.py:914} INFO - Processing file /home/khaled/airflow/dags/dbt_snowflake_dag.py for tasks to queue
[2025-10-28T11:23:06.056+0000] {logging_mixin.py:190} INFO - [2025-10-28T11:23:06.056+0000] {dagbag.py:588} INFO - Filling up the DagBag from /home/khaled/airflow/dags/dbt_snowflake_dag.py
[2025-10-28T11:23:06.063+0000] {processor.py:925} INFO - DAG(s) 'dbt_snowflake_pipeline' retrieved from /home/khaled/airflow/dags/dbt_snowflake_dag.py
[2025-10-28T11:23:06.073+0000] {logging_mixin.py:190} INFO - [2025-10-28T11:23:06.073+0000] {dag.py:3239} INFO - Sync 1 DAGs
[2025-10-28T11:23:06.086+0000] {logging_mixin.py:190} INFO - [2025-10-28T11:23:06.086+0000] {dag.py:4180} INFO - Setting next_dagrun for dbt_snowflake_pipeline to 2025-10-28 00:00:00+00:00, run_after=2025-10-29 00:00:00+00:00
[2025-10-28T11:23:06.117+0000] {processor.py:208} INFO - Processing /home/khaled/airflow/dags/dbt_snowflake_dag.py took 0.068 seconds
[2025-10-28T11:24:17.961+0000] {processor.py:186} INFO - Started process (PID=8680) to work on /home/khaled/airflow/dags/dbt_snowflake_dag.py
[2025-10-28T11:24:17.963+0000] {processor.py:914} INFO - Processing file /home/khaled/airflow/dags/dbt_snowflake_dag.py for tasks to queue
[2025-10-28T11:24:17.964+0000] {logging_mixin.py:190} INFO - [2025-10-28T11:24:17.963+0000] {dagbag.py:588} INFO - Filling up the DagBag from /home/khaled/airflow/dags/dbt_snowflake_dag.py
[2025-10-28T11:24:17.972+0000] {processor.py:925} INFO - DAG(s) 'dbt_snowflake_pipeline' retrieved from /home/khaled/airflow/dags/dbt_snowflake_dag.py
[2025-10-28T11:24:17.985+0000] {logging_mixin.py:190} INFO - [2025-10-28T11:24:17.985+0000] {dag.py:3239} INFO - Sync 1 DAGs
[2025-10-28T11:24:17.999+0000] {logging_mixin.py:190} INFO - [2025-10-28T11:24:17.999+0000] {dag.py:4180} INFO - Setting next_dagrun for dbt_snowflake_pipeline to 2025-10-28 00:00:00+00:00, run_after=2025-10-29 00:00:00+00:00
[2025-10-28T11:24:18.029+0000] {processor.py:208} INFO - Processing /home/khaled/airflow/dags/dbt_snowflake_dag.py took 0.072 seconds
[2025-10-28T11:25:29.884+0000] {processor.py:186} INFO - Started process (PID=8760) to work on /home/khaled/airflow/dags/dbt_snowflake_dag.py
[2025-10-28T11:25:29.886+0000] {processor.py:914} INFO - Processing file /home/khaled/airflow/dags/dbt_snowflake_dag.py for tasks to queue
[2025-10-28T11:25:29.887+0000] {logging_mixin.py:190} INFO - [2025-10-28T11:25:29.887+0000] {dagbag.py:588} INFO - Filling up the DagBag from /home/khaled/airflow/dags/dbt_snowflake_dag.py
[2025-10-28T11:25:29.896+0000] {processor.py:925} INFO - DAG(s) 'dbt_snowflake_pipeline' retrieved from /home/khaled/airflow/dags/dbt_snowflake_dag.py
[2025-10-28T11:25:29.908+0000] {logging_mixin.py:190} INFO - [2025-10-28T11:25:29.908+0000] {dag.py:3239} INFO - Sync 1 DAGs
[2025-10-28T11:25:29.923+0000] {logging_mixin.py:190} INFO - [2025-10-28T11:25:29.923+0000] {dag.py:4180} INFO - Setting next_dagrun for dbt_snowflake_pipeline to 2025-10-28 00:00:00+00:00, run_after=2025-10-29 00:00:00+00:00
[2025-10-28T11:25:29.955+0000] {processor.py:208} INFO - Processing /home/khaled/airflow/dags/dbt_snowflake_dag.py took 0.075 seconds
[2025-10-28T11:26:47.287+0000] {processor.py:186} INFO - Started process (PID=8837) to work on /home/khaled/airflow/dags/dbt_snowflake_dag.py
[2025-10-28T11:26:47.297+0000] {processor.py:914} INFO - Processing file /home/khaled/airflow/dags/dbt_snowflake_dag.py for tasks to queue
[2025-10-28T11:26:47.298+0000] {logging_mixin.py:190} INFO - [2025-10-28T11:26:47.298+0000] {dagbag.py:588} INFO - Filling up the DagBag from /home/khaled/airflow/dags/dbt_snowflake_dag.py
[2025-10-28T11:26:47.306+0000] {processor.py:925} INFO - DAG(s) 'dbt_snowflake_pipeline' retrieved from /home/khaled/airflow/dags/dbt_snowflake_dag.py
[2025-10-28T11:26:47.317+0000] {logging_mixin.py:190} INFO - [2025-10-28T11:26:47.317+0000] {dag.py:3239} INFO - Sync 1 DAGs
[2025-10-28T11:26:47.331+0000] {logging_mixin.py:190} INFO - [2025-10-28T11:26:47.331+0000] {dag.py:4180} INFO - Setting next_dagrun for dbt_snowflake_pipeline to 2025-10-28 00:00:00+00:00, run_after=2025-10-29 00:00:00+00:00
[2025-10-28T11:26:47.349+0000] {processor.py:208} INFO - Processing /home/khaled/airflow/dags/dbt_snowflake_dag.py took 0.066 seconds
[2025-10-28T11:27:54.972+0000] {processor.py:186} INFO - Started process (PID=8945) to work on /home/khaled/airflow/dags/dbt_snowflake_dag.py
[2025-10-28T11:27:54.982+0000] {processor.py:914} INFO - Processing file /home/khaled/airflow/dags/dbt_snowflake_dag.py for tasks to queue
[2025-10-28T11:27:54.983+0000] {logging_mixin.py:190} INFO - [2025-10-28T11:27:54.983+0000] {dagbag.py:588} INFO - Filling up the DagBag from /home/khaled/airflow/dags/dbt_snowflake_dag.py
[2025-10-28T11:27:54.990+0000] {processor.py:925} INFO - DAG(s) 'dbt_snowflake_pipeline' retrieved from /home/khaled/airflow/dags/dbt_snowflake_dag.py
[2025-10-28T11:27:55.001+0000] {logging_mixin.py:190} INFO - [2025-10-28T11:27:55.001+0000] {dag.py:3239} INFO - Sync 1 DAGs
[2025-10-28T11:27:55.015+0000] {logging_mixin.py:190} INFO - [2025-10-28T11:27:55.015+0000] {dag.py:4180} INFO - Setting next_dagrun for dbt_snowflake_pipeline to 2025-10-28 00:00:00+00:00, run_after=2025-10-29 00:00:00+00:00
[2025-10-28T11:27:55.031+0000] {processor.py:208} INFO - Processing /home/khaled/airflow/dags/dbt_snowflake_dag.py took 0.064 seconds
[2025-10-28T11:28:59.574+0000] {processor.py:186} INFO - Started process (PID=9020) to work on /home/khaled/airflow/dags/dbt_snowflake_dag.py
[2025-10-28T11:28:59.586+0000] {processor.py:914} INFO - Processing file /home/khaled/airflow/dags/dbt_snowflake_dag.py for tasks to queue
[2025-10-28T11:28:59.588+0000] {logging_mixin.py:190} INFO - [2025-10-28T11:28:59.587+0000] {dagbag.py:588} INFO - Filling up the DagBag from /home/khaled/airflow/dags/dbt_snowflake_dag.py
[2025-10-28T11:28:59.596+0000] {processor.py:925} INFO - DAG(s) 'dbt_snowflake_pipeline' retrieved from /home/khaled/airflow/dags/dbt_snowflake_dag.py
[2025-10-28T11:28:59.608+0000] {logging_mixin.py:190} INFO - [2025-10-28T11:28:59.608+0000] {dag.py:3239} INFO - Sync 1 DAGs
[2025-10-28T11:28:59.625+0000] {logging_mixin.py:190} INFO - [2025-10-28T11:28:59.624+0000] {dag.py:4180} INFO - Setting next_dagrun for dbt_snowflake_pipeline to 2025-10-28 00:00:00+00:00, run_after=2025-10-29 00:00:00+00:00
[2025-10-28T11:28:59.645+0000] {processor.py:208} INFO - Processing /home/khaled/airflow/dags/dbt_snowflake_dag.py took 0.078 seconds
[2025-10-28T11:29:59.445+0000] {processor.py:186} INFO - Started process (PID=9088) to work on /home/khaled/airflow/dags/dbt_snowflake_dag.py
[2025-10-28T11:29:59.446+0000] {processor.py:914} INFO - Processing file /home/khaled/airflow/dags/dbt_snowflake_dag.py for tasks to queue
[2025-10-28T11:29:59.447+0000] {logging_mixin.py:190} INFO - [2025-10-28T11:29:59.447+0000] {dagbag.py:588} INFO - Filling up the DagBag from /home/khaled/airflow/dags/dbt_snowflake_dag.py
[2025-10-28T11:29:59.456+0000] {processor.py:925} INFO - DAG(s) 'dbt_snowflake_pipeline' retrieved from /home/khaled/airflow/dags/dbt_snowflake_dag.py
[2025-10-28T11:29:59.468+0000] {logging_mixin.py:190} INFO - [2025-10-28T11:29:59.468+0000] {dag.py:3239} INFO - Sync 1 DAGs
[2025-10-28T11:29:59.485+0000] {logging_mixin.py:190} INFO - [2025-10-28T11:29:59.485+0000] {dag.py:4180} INFO - Setting next_dagrun for dbt_snowflake_pipeline to 2025-10-28 00:00:00+00:00, run_after=2025-10-29 00:00:00+00:00
[2025-10-28T11:29:59.517+0000] {processor.py:208} INFO - Processing /home/khaled/airflow/dags/dbt_snowflake_dag.py took 0.080 seconds
[2025-10-28T11:31:01.651+0000] {processor.py:186} INFO - Started process (PID=9178) to work on /home/khaled/airflow/dags/dbt_snowflake_dag.py
[2025-10-28T11:31:01.652+0000] {processor.py:914} INFO - Processing file /home/khaled/airflow/dags/dbt_snowflake_dag.py for tasks to queue
[2025-10-28T11:31:01.653+0000] {logging_mixin.py:190} INFO - [2025-10-28T11:31:01.653+0000] {dagbag.py:588} INFO - Filling up the DagBag from /home/khaled/airflow/dags/dbt_snowflake_dag.py
[2025-10-28T11:31:01.662+0000] {processor.py:925} INFO - DAG(s) 'dbt_snowflake_pipeline' retrieved from /home/khaled/airflow/dags/dbt_snowflake_dag.py
[2025-10-28T11:31:01.672+0000] {logging_mixin.py:190} INFO - [2025-10-28T11:31:01.672+0000] {dag.py:3239} INFO - Sync 1 DAGs
[2025-10-28T11:31:01.688+0000] {logging_mixin.py:190} INFO - [2025-10-28T11:31:01.688+0000] {dag.py:4180} INFO - Setting next_dagrun for dbt_snowflake_pipeline to 2025-10-28 00:00:00+00:00, run_after=2025-10-29 00:00:00+00:00
[2025-10-28T11:31:01.733+0000] {processor.py:208} INFO - Processing /home/khaled/airflow/dags/dbt_snowflake_dag.py took 0.087 seconds
[2025-10-28T11:32:24.507+0000] {processor.py:186} INFO - Started process (PID=9274) to work on /home/khaled/airflow/dags/dbt_snowflake_dag.py
[2025-10-28T11:32:24.509+0000] {processor.py:914} INFO - Processing file /home/khaled/airflow/dags/dbt_snowflake_dag.py for tasks to queue
[2025-10-28T11:32:24.510+0000] {logging_mixin.py:190} INFO - [2025-10-28T11:32:24.509+0000] {dagbag.py:588} INFO - Filling up the DagBag from /home/khaled/airflow/dags/dbt_snowflake_dag.py
[2025-10-28T11:32:24.518+0000] {processor.py:925} INFO - DAG(s) 'dbt_snowflake_pipeline' retrieved from /home/khaled/airflow/dags/dbt_snowflake_dag.py
[2025-10-28T11:32:24.528+0000] {logging_mixin.py:190} INFO - [2025-10-28T11:32:24.528+0000] {dag.py:3239} INFO - Sync 1 DAGs
[2025-10-28T11:32:24.542+0000] {logging_mixin.py:190} INFO - [2025-10-28T11:32:24.542+0000] {dag.py:4180} INFO - Setting next_dagrun for dbt_snowflake_pipeline to 2025-10-28 00:00:00+00:00, run_after=2025-10-29 00:00:00+00:00
[2025-10-28T11:32:24.573+0000] {processor.py:208} INFO - Processing /home/khaled/airflow/dags/dbt_snowflake_dag.py took 0.071 seconds
[2025-10-28T11:33:23.895+0000] {processor.py:186} INFO - Started process (PID=9370) to work on /home/khaled/airflow/dags/dbt_snowflake_dag.py
[2025-10-28T11:33:23.896+0000] {processor.py:914} INFO - Processing file /home/khaled/airflow/dags/dbt_snowflake_dag.py for tasks to queue
[2025-10-28T11:33:23.897+0000] {logging_mixin.py:190} INFO - [2025-10-28T11:33:23.897+0000] {dagbag.py:588} INFO - Filling up the DagBag from /home/khaled/airflow/dags/dbt_snowflake_dag.py
[2025-10-28T11:33:23.905+0000] {processor.py:925} INFO - DAG(s) 'dbt_snowflake_pipeline' retrieved from /home/khaled/airflow/dags/dbt_snowflake_dag.py
[2025-10-28T11:33:23.916+0000] {logging_mixin.py:190} INFO - [2025-10-28T11:33:23.916+0000] {dag.py:3239} INFO - Sync 1 DAGs
[2025-10-28T11:33:23.931+0000] {logging_mixin.py:190} INFO - [2025-10-28T11:33:23.931+0000] {dag.py:4180} INFO - Setting next_dagrun for dbt_snowflake_pipeline to 2025-10-28 00:00:00+00:00, run_after=2025-10-29 00:00:00+00:00
[2025-10-28T11:33:23.949+0000] {processor.py:208} INFO - Processing /home/khaled/airflow/dags/dbt_snowflake_dag.py took 0.059 seconds
[2025-10-28T11:34:30.536+0000] {processor.py:186} INFO - Started process (PID=9440) to work on /home/khaled/airflow/dags/dbt_snowflake_dag.py
[2025-10-28T11:34:30.538+0000] {processor.py:914} INFO - Processing file /home/khaled/airflow/dags/dbt_snowflake_dag.py for tasks to queue
[2025-10-28T11:34:30.539+0000] {logging_mixin.py:190} INFO - [2025-10-28T11:34:30.539+0000] {dagbag.py:588} INFO - Filling up the DagBag from /home/khaled/airflow/dags/dbt_snowflake_dag.py
[2025-10-28T11:34:30.547+0000] {processor.py:925} INFO - DAG(s) 'dbt_snowflake_pipeline' retrieved from /home/khaled/airflow/dags/dbt_snowflake_dag.py
[2025-10-28T11:34:30.557+0000] {logging_mixin.py:190} INFO - [2025-10-28T11:34:30.557+0000] {dag.py:3239} INFO - Sync 1 DAGs
[2025-10-28T11:34:30.573+0000] {logging_mixin.py:190} INFO - [2025-10-28T11:34:30.573+0000] {dag.py:4180} INFO - Setting next_dagrun for dbt_snowflake_pipeline to 2025-10-28 00:00:00+00:00, run_after=2025-10-29 00:00:00+00:00
[2025-10-28T11:34:30.603+0000] {processor.py:208} INFO - Processing /home/khaled/airflow/dags/dbt_snowflake_dag.py took 0.071 seconds
[2025-10-28T11:35:39.212+0000] {processor.py:186} INFO - Started process (PID=9522) to work on /home/khaled/airflow/dags/dbt_snowflake_dag.py
[2025-10-28T11:35:39.213+0000] {processor.py:914} INFO - Processing file /home/khaled/airflow/dags/dbt_snowflake_dag.py for tasks to queue
[2025-10-28T11:35:39.214+0000] {logging_mixin.py:190} INFO - [2025-10-28T11:35:39.214+0000] {dagbag.py:588} INFO - Filling up the DagBag from /home/khaled/airflow/dags/dbt_snowflake_dag.py
[2025-10-28T11:35:39.223+0000] {processor.py:925} INFO - DAG(s) 'dbt_snowflake_pipeline' retrieved from /home/khaled/airflow/dags/dbt_snowflake_dag.py
[2025-10-28T11:35:39.235+0000] {logging_mixin.py:190} INFO - [2025-10-28T11:35:39.235+0000] {dag.py:3239} INFO - Sync 1 DAGs
[2025-10-28T11:35:39.250+0000] {logging_mixin.py:190} INFO - [2025-10-28T11:35:39.250+0000] {dag.py:4180} INFO - Setting next_dagrun for dbt_snowflake_pipeline to 2025-10-28 00:00:00+00:00, run_after=2025-10-29 00:00:00+00:00
[2025-10-28T11:35:39.269+0000] {processor.py:208} INFO - Processing /home/khaled/airflow/dags/dbt_snowflake_dag.py took 0.061 seconds
[2025-10-28T11:36:43.092+0000] {processor.py:186} INFO - Started process (PID=9615) to work on /home/khaled/airflow/dags/dbt_snowflake_dag.py
[2025-10-28T11:36:43.093+0000] {processor.py:914} INFO - Processing file /home/khaled/airflow/dags/dbt_snowflake_dag.py for tasks to queue
[2025-10-28T11:36:43.094+0000] {logging_mixin.py:190} INFO - [2025-10-28T11:36:43.094+0000] {dagbag.py:588} INFO - Filling up the DagBag from /home/khaled/airflow/dags/dbt_snowflake_dag.py
[2025-10-28T11:36:43.101+0000] {processor.py:925} INFO - DAG(s) 'dbt_snowflake_pipeline' retrieved from /home/khaled/airflow/dags/dbt_snowflake_dag.py
[2025-10-28T11:36:43.111+0000] {logging_mixin.py:190} INFO - [2025-10-28T11:36:43.111+0000] {dag.py:3239} INFO - Sync 1 DAGs
[2025-10-28T11:36:43.126+0000] {logging_mixin.py:190} INFO - [2025-10-28T11:36:43.126+0000] {dag.py:4180} INFO - Setting next_dagrun for dbt_snowflake_pipeline to 2025-10-28 00:00:00+00:00, run_after=2025-10-29 00:00:00+00:00
[2025-10-28T11:36:43.156+0000] {processor.py:208} INFO - Processing /home/khaled/airflow/dags/dbt_snowflake_dag.py took 0.068 seconds
[2025-10-28T11:37:44.811+0000] {processor.py:186} INFO - Started process (PID=9721) to work on /home/khaled/airflow/dags/dbt_snowflake_dag.py
[2025-10-28T11:37:44.812+0000] {processor.py:914} INFO - Processing file /home/khaled/airflow/dags/dbt_snowflake_dag.py for tasks to queue
[2025-10-28T11:37:44.813+0000] {logging_mixin.py:190} INFO - [2025-10-28T11:37:44.813+0000] {dagbag.py:588} INFO - Filling up the DagBag from /home/khaled/airflow/dags/dbt_snowflake_dag.py
[2025-10-28T11:37:44.823+0000] {processor.py:925} INFO - DAG(s) 'dbt_snowflake_pipeline' retrieved from /home/khaled/airflow/dags/dbt_snowflake_dag.py
[2025-10-28T11:37:44.833+0000] {logging_mixin.py:190} INFO - [2025-10-28T11:37:44.833+0000] {dag.py:3239} INFO - Sync 1 DAGs
[2025-10-28T11:37:44.849+0000] {logging_mixin.py:190} INFO - [2025-10-28T11:37:44.849+0000] {dag.py:4180} INFO - Setting next_dagrun for dbt_snowflake_pipeline to 2025-10-28 00:00:00+00:00, run_after=2025-10-29 00:00:00+00:00
[2025-10-28T11:37:44.883+0000] {processor.py:208} INFO - Processing /home/khaled/airflow/dags/dbt_snowflake_dag.py took 0.076 seconds
[2025-10-28T15:15:57.949+0000] {processor.py:186} INFO - Started process (PID=6779) to work on /home/khaled/airflow/dags/dbt_snowflake_dag.py
[2025-10-28T15:15:57.964+0000] {processor.py:914} INFO - Processing file /home/khaled/airflow/dags/dbt_snowflake_dag.py for tasks to queue
[2025-10-28T15:15:57.966+0000] {logging_mixin.py:190} INFO - [2025-10-28T15:15:57.966+0000] {dagbag.py:588} INFO - Filling up the DagBag from /home/khaled/airflow/dags/dbt_snowflake_dag.py
[2025-10-28T15:15:57.974+0000] {processor.py:925} INFO - DAG(s) 'dbt_snowflake_pipeline' retrieved from /home/khaled/airflow/dags/dbt_snowflake_dag.py
[2025-10-28T15:15:57.988+0000] {logging_mixin.py:190} INFO - [2025-10-28T15:15:57.988+0000] {dag.py:3239} INFO - Sync 1 DAGs
[2025-10-28T15:15:58.004+0000] {logging_mixin.py:190} INFO - [2025-10-28T15:15:58.004+0000] {dag.py:4180} INFO - Setting next_dagrun for dbt_snowflake_pipeline to 2025-10-28 00:00:00+00:00, run_after=2025-10-29 00:00:00+00:00
[2025-10-28T15:15:58.022+0000] {processor.py:208} INFO - Processing /home/khaled/airflow/dags/dbt_snowflake_dag.py took 0.078 seconds
[2025-10-28T15:17:09.130+0000] {processor.py:186} INFO - Started process (PID=6955) to work on /home/khaled/airflow/dags/dbt_snowflake_dag.py
[2025-10-28T15:17:09.140+0000] {processor.py:914} INFO - Processing file /home/khaled/airflow/dags/dbt_snowflake_dag.py for tasks to queue
[2025-10-28T15:17:09.145+0000] {logging_mixin.py:190} INFO - [2025-10-28T15:17:09.145+0000] {dagbag.py:588} INFO - Filling up the DagBag from /home/khaled/airflow/dags/dbt_snowflake_dag.py
[2025-10-28T15:17:09.154+0000] {processor.py:925} INFO - DAG(s) 'dbt_snowflake_pipeline' retrieved from /home/khaled/airflow/dags/dbt_snowflake_dag.py
[2025-10-28T15:17:09.166+0000] {logging_mixin.py:190} INFO - [2025-10-28T15:17:09.166+0000] {dag.py:3239} INFO - Sync 1 DAGs
[2025-10-28T15:17:09.182+0000] {logging_mixin.py:190} INFO - [2025-10-28T15:17:09.182+0000] {dag.py:4180} INFO - Setting next_dagrun for dbt_snowflake_pipeline to 2025-10-28 00:00:00+00:00, run_after=2025-10-29 00:00:00+00:00
[2025-10-28T15:17:09.199+0000] {processor.py:208} INFO - Processing /home/khaled/airflow/dags/dbt_snowflake_dag.py took 0.073 seconds
[2025-10-28T15:18:20.557+0000] {processor.py:186} INFO - Started process (PID=7033) to work on /home/khaled/airflow/dags/dbt_snowflake_dag.py
[2025-10-28T15:18:20.558+0000] {processor.py:914} INFO - Processing file /home/khaled/airflow/dags/dbt_snowflake_dag.py for tasks to queue
[2025-10-28T15:18:20.560+0000] {logging_mixin.py:190} INFO - [2025-10-28T15:18:20.560+0000] {dagbag.py:588} INFO - Filling up the DagBag from /home/khaled/airflow/dags/dbt_snowflake_dag.py
[2025-10-28T15:18:20.567+0000] {processor.py:925} INFO - DAG(s) 'dbt_snowflake_pipeline' retrieved from /home/khaled/airflow/dags/dbt_snowflake_dag.py
[2025-10-28T15:18:20.577+0000] {logging_mixin.py:190} INFO - [2025-10-28T15:18:20.577+0000] {dag.py:3239} INFO - Sync 1 DAGs
[2025-10-28T15:18:20.590+0000] {logging_mixin.py:190} INFO - [2025-10-28T15:18:20.589+0000] {dag.py:4180} INFO - Setting next_dagrun for dbt_snowflake_pipeline to 2025-10-28 00:00:00+00:00, run_after=2025-10-29 00:00:00+00:00
[2025-10-28T15:18:20.610+0000] {processor.py:208} INFO - Processing /home/khaled/airflow/dags/dbt_snowflake_dag.py took 0.057 seconds
[2025-10-28T15:19:32.735+0000] {processor.py:186} INFO - Started process (PID=7107) to work on /home/khaled/airflow/dags/dbt_snowflake_dag.py
[2025-10-28T15:19:32.737+0000] {processor.py:914} INFO - Processing file /home/khaled/airflow/dags/dbt_snowflake_dag.py for tasks to queue
[2025-10-28T15:19:32.740+0000] {logging_mixin.py:190} INFO - [2025-10-28T15:19:32.740+0000] {dagbag.py:588} INFO - Filling up the DagBag from /home/khaled/airflow/dags/dbt_snowflake_dag.py
[2025-10-28T15:19:32.754+0000] {processor.py:925} INFO - DAG(s) 'dbt_snowflake_pipeline' retrieved from /home/khaled/airflow/dags/dbt_snowflake_dag.py
[2025-10-28T15:19:32.769+0000] {logging_mixin.py:190} INFO - [2025-10-28T15:19:32.769+0000] {dag.py:3239} INFO - Sync 1 DAGs
[2025-10-28T15:19:32.786+0000] {logging_mixin.py:190} INFO - [2025-10-28T15:19:32.786+0000] {dag.py:4180} INFO - Setting next_dagrun for dbt_snowflake_pipeline to 2025-10-28 00:00:00+00:00, run_after=2025-10-29 00:00:00+00:00
[2025-10-28T15:19:32.822+0000] {processor.py:208} INFO - Processing /home/khaled/airflow/dags/dbt_snowflake_dag.py took 0.091 seconds
[2025-10-28T15:20:45.678+0000] {processor.py:186} INFO - Started process (PID=7217) to work on /home/khaled/airflow/dags/dbt_snowflake_dag.py
[2025-10-28T15:20:45.680+0000] {processor.py:914} INFO - Processing file /home/khaled/airflow/dags/dbt_snowflake_dag.py for tasks to queue
[2025-10-28T15:20:45.682+0000] {logging_mixin.py:190} INFO - [2025-10-28T15:20:45.681+0000] {dagbag.py:588} INFO - Filling up the DagBag from /home/khaled/airflow/dags/dbt_snowflake_dag.py
[2025-10-28T15:20:45.690+0000] {processor.py:925} INFO - DAG(s) 'dbt_snowflake_pipeline' retrieved from /home/khaled/airflow/dags/dbt_snowflake_dag.py
[2025-10-28T15:20:45.701+0000] {logging_mixin.py:190} INFO - [2025-10-28T15:20:45.701+0000] {dag.py:3239} INFO - Sync 1 DAGs
[2025-10-28T15:20:45.817+0000] {logging_mixin.py:190} INFO - [2025-10-28T15:20:45.817+0000] {dag.py:4180} INFO - Setting next_dagrun for dbt_snowflake_pipeline to 2025-10-28 00:00:00+00:00, run_after=2025-10-29 00:00:00+00:00
[2025-10-28T15:20:45.860+0000] {processor.py:208} INFO - Processing /home/khaled/airflow/dags/dbt_snowflake_dag.py took 0.186 seconds
[2025-10-28T15:22:04.480+0000] {processor.py:186} INFO - Started process (PID=7297) to work on /home/khaled/airflow/dags/dbt_snowflake_dag.py
[2025-10-28T15:22:04.482+0000] {processor.py:914} INFO - Processing file /home/khaled/airflow/dags/dbt_snowflake_dag.py for tasks to queue
[2025-10-28T15:22:04.485+0000] {logging_mixin.py:190} INFO - [2025-10-28T15:22:04.484+0000] {dagbag.py:588} INFO - Filling up the DagBag from /home/khaled/airflow/dags/dbt_snowflake_dag.py
[2025-10-28T15:22:04.492+0000] {processor.py:925} INFO - DAG(s) 'dbt_snowflake_pipeline' retrieved from /home/khaled/airflow/dags/dbt_snowflake_dag.py
[2025-10-28T15:22:04.504+0000] {logging_mixin.py:190} INFO - [2025-10-28T15:22:04.504+0000] {dag.py:3239} INFO - Sync 1 DAGs
[2025-10-28T15:22:04.629+0000] {logging_mixin.py:190} INFO - [2025-10-28T15:22:04.629+0000] {dag.py:4180} INFO - Setting next_dagrun for dbt_snowflake_pipeline to 2025-10-28 00:00:00+00:00, run_after=2025-10-29 00:00:00+00:00
[2025-10-28T15:22:04.648+0000] {processor.py:208} INFO - Processing /home/khaled/airflow/dags/dbt_snowflake_dag.py took 0.171 seconds
[2025-10-28T15:23:25.598+0000] {processor.py:186} INFO - Started process (PID=7374) to work on /home/khaled/airflow/dags/dbt_snowflake_dag.py
[2025-10-28T15:23:25.599+0000] {processor.py:914} INFO - Processing file /home/khaled/airflow/dags/dbt_snowflake_dag.py for tasks to queue
[2025-10-28T15:23:25.602+0000] {logging_mixin.py:190} INFO - [2025-10-28T15:23:25.601+0000] {dagbag.py:588} INFO - Filling up the DagBag from /home/khaled/airflow/dags/dbt_snowflake_dag.py
[2025-10-28T15:23:25.610+0000] {processor.py:925} INFO - DAG(s) 'dbt_snowflake_pipeline' retrieved from /home/khaled/airflow/dags/dbt_snowflake_dag.py
[2025-10-28T15:23:25.621+0000] {logging_mixin.py:190} INFO - [2025-10-28T15:23:25.621+0000] {dag.py:3239} INFO - Sync 1 DAGs
[2025-10-28T15:23:25.638+0000] {logging_mixin.py:190} INFO - [2025-10-28T15:23:25.638+0000] {dag.py:4180} INFO - Setting next_dagrun for dbt_snowflake_pipeline to 2025-10-28 00:00:00+00:00, run_after=2025-10-29 00:00:00+00:00
[2025-10-28T15:23:25.786+0000] {processor.py:208} INFO - Processing /home/khaled/airflow/dags/dbt_snowflake_dag.py took 0.193 seconds
[2025-10-28T15:24:51.724+0000] {processor.py:186} INFO - Started process (PID=7456) to work on /home/khaled/airflow/dags/dbt_snowflake_dag.py
[2025-10-28T15:24:51.725+0000] {processor.py:914} INFO - Processing file /home/khaled/airflow/dags/dbt_snowflake_dag.py for tasks to queue
[2025-10-28T15:24:51.727+0000] {logging_mixin.py:190} INFO - [2025-10-28T15:24:51.727+0000] {dagbag.py:588} INFO - Filling up the DagBag from /home/khaled/airflow/dags/dbt_snowflake_dag.py
[2025-10-28T15:24:51.736+0000] {processor.py:925} INFO - DAG(s) 'dbt_snowflake_pipeline' retrieved from /home/khaled/airflow/dags/dbt_snowflake_dag.py
[2025-10-28T15:24:51.747+0000] {logging_mixin.py:190} INFO - [2025-10-28T15:24:51.746+0000] {dag.py:3239} INFO - Sync 1 DAGs
[2025-10-28T15:24:51.763+0000] {logging_mixin.py:190} INFO - [2025-10-28T15:24:51.763+0000] {dag.py:4180} INFO - Setting next_dagrun for dbt_snowflake_pipeline to 2025-10-28 00:00:00+00:00, run_after=2025-10-29 00:00:00+00:00
[2025-10-28T15:24:51.793+0000] {processor.py:208} INFO - Processing /home/khaled/airflow/dags/dbt_snowflake_dag.py took 0.074 seconds
[2025-10-28T15:26:23.044+0000] {processor.py:186} INFO - Started process (PID=7602) to work on /home/khaled/airflow/dags/dbt_snowflake_dag.py
[2025-10-28T15:26:23.055+0000] {processor.py:914} INFO - Processing file /home/khaled/airflow/dags/dbt_snowflake_dag.py for tasks to queue
[2025-10-28T15:26:23.057+0000] {logging_mixin.py:190} INFO - [2025-10-28T15:26:23.057+0000] {dagbag.py:588} INFO - Filling up the DagBag from /home/khaled/airflow/dags/dbt_snowflake_dag.py
[2025-10-28T15:26:23.065+0000] {processor.py:925} INFO - DAG(s) 'dbt_snowflake_pipeline' retrieved from /home/khaled/airflow/dags/dbt_snowflake_dag.py
[2025-10-28T15:26:23.076+0000] {logging_mixin.py:190} INFO - [2025-10-28T15:26:23.075+0000] {dag.py:3239} INFO - Sync 1 DAGs
[2025-10-28T15:26:23.091+0000] {logging_mixin.py:190} INFO - [2025-10-28T15:26:23.091+0000] {dag.py:4180} INFO - Setting next_dagrun for dbt_snowflake_pipeline to 2025-10-28 00:00:00+00:00, run_after=2025-10-29 00:00:00+00:00
[2025-10-28T15:26:23.111+0000] {processor.py:208} INFO - Processing /home/khaled/airflow/dags/dbt_snowflake_dag.py took 0.071 seconds
[2025-10-28T15:27:45.321+0000] {processor.py:186} INFO - Started process (PID=7684) to work on /home/khaled/airflow/dags/dbt_snowflake_dag.py
[2025-10-28T15:27:45.323+0000] {processor.py:914} INFO - Processing file /home/khaled/airflow/dags/dbt_snowflake_dag.py for tasks to queue
[2025-10-28T15:27:45.325+0000] {logging_mixin.py:190} INFO - [2025-10-28T15:27:45.325+0000] {dagbag.py:588} INFO - Filling up the DagBag from /home/khaled/airflow/dags/dbt_snowflake_dag.py
[2025-10-28T15:27:45.333+0000] {processor.py:925} INFO - DAG(s) 'dbt_snowflake_pipeline' retrieved from /home/khaled/airflow/dags/dbt_snowflake_dag.py
[2025-10-28T15:27:45.344+0000] {logging_mixin.py:190} INFO - [2025-10-28T15:27:45.344+0000] {dag.py:3239} INFO - Sync 1 DAGs
[2025-10-28T15:27:45.361+0000] {logging_mixin.py:190} INFO - [2025-10-28T15:27:45.361+0000] {dag.py:4180} INFO - Setting next_dagrun for dbt_snowflake_pipeline to 2025-10-28 00:00:00+00:00, run_after=2025-10-29 00:00:00+00:00
[2025-10-28T15:27:45.393+0000] {processor.py:208} INFO - Processing /home/khaled/airflow/dags/dbt_snowflake_dag.py took 0.075 seconds
[2025-10-28T15:28:59.962+0000] {processor.py:186} INFO - Started process (PID=7762) to work on /home/khaled/airflow/dags/dbt_snowflake_dag.py
[2025-10-28T15:28:59.963+0000] {processor.py:914} INFO - Processing file /home/khaled/airflow/dags/dbt_snowflake_dag.py for tasks to queue
[2025-10-28T15:28:59.968+0000] {logging_mixin.py:190} INFO - [2025-10-28T15:28:59.967+0000] {dagbag.py:588} INFO - Filling up the DagBag from /home/khaled/airflow/dags/dbt_snowflake_dag.py
[2025-10-28T15:28:59.976+0000] {processor.py:925} INFO - DAG(s) 'dbt_snowflake_pipeline' retrieved from /home/khaled/airflow/dags/dbt_snowflake_dag.py
[2025-10-28T15:28:59.990+0000] {logging_mixin.py:190} INFO - [2025-10-28T15:28:59.990+0000] {dag.py:3239} INFO - Sync 1 DAGs
[2025-10-28T15:29:00.016+0000] {logging_mixin.py:190} INFO - [2025-10-28T15:29:00.016+0000] {dag.py:4180} INFO - Setting next_dagrun for dbt_snowflake_pipeline to 2025-10-28 00:00:00+00:00, run_after=2025-10-29 00:00:00+00:00
[2025-10-28T15:29:00.052+0000] {processor.py:208} INFO - Processing /home/khaled/airflow/dags/dbt_snowflake_dag.py took 0.095 seconds
[2025-10-28T15:30:13.278+0000] {processor.py:186} INFO - Started process (PID=7870) to work on /home/khaled/airflow/dags/dbt_snowflake_dag.py
[2025-10-28T15:30:13.280+0000] {processor.py:914} INFO - Processing file /home/khaled/airflow/dags/dbt_snowflake_dag.py for tasks to queue
[2025-10-28T15:30:13.288+0000] {logging_mixin.py:190} INFO - [2025-10-28T15:30:13.288+0000] {dagbag.py:588} INFO - Filling up the DagBag from /home/khaled/airflow/dags/dbt_snowflake_dag.py
[2025-10-28T15:30:13.299+0000] {processor.py:925} INFO - DAG(s) 'dbt_snowflake_pipeline' retrieved from /home/khaled/airflow/dags/dbt_snowflake_dag.py
[2025-10-28T15:30:13.312+0000] {logging_mixin.py:190} INFO - [2025-10-28T15:30:13.312+0000] {dag.py:3239} INFO - Sync 1 DAGs
[2025-10-28T15:30:13.329+0000] {logging_mixin.py:190} INFO - [2025-10-28T15:30:13.329+0000] {dag.py:4180} INFO - Setting next_dagrun for dbt_snowflake_pipeline to 2025-10-28 00:00:00+00:00, run_after=2025-10-29 00:00:00+00:00
[2025-10-28T15:30:13.350+0000] {processor.py:208} INFO - Processing /home/khaled/airflow/dags/dbt_snowflake_dag.py took 0.080 seconds
[2025-10-28T15:31:25.781+0000] {processor.py:186} INFO - Started process (PID=7944) to work on /home/khaled/airflow/dags/dbt_snowflake_dag.py
[2025-10-28T15:31:25.783+0000] {processor.py:914} INFO - Processing file /home/khaled/airflow/dags/dbt_snowflake_dag.py for tasks to queue
[2025-10-28T15:31:25.785+0000] {logging_mixin.py:190} INFO - [2025-10-28T15:31:25.785+0000] {dagbag.py:588} INFO - Filling up the DagBag from /home/khaled/airflow/dags/dbt_snowflake_dag.py
[2025-10-28T15:31:25.793+0000] {processor.py:925} INFO - DAG(s) 'dbt_snowflake_pipeline' retrieved from /home/khaled/airflow/dags/dbt_snowflake_dag.py
[2025-10-28T15:31:25.805+0000] {logging_mixin.py:190} INFO - [2025-10-28T15:31:25.805+0000] {dag.py:3239} INFO - Sync 1 DAGs
[2025-10-28T15:31:25.818+0000] {logging_mixin.py:190} INFO - [2025-10-28T15:31:25.818+0000] {dag.py:4180} INFO - Setting next_dagrun for dbt_snowflake_pipeline to 2025-10-28 00:00:00+00:00, run_after=2025-10-29 00:00:00+00:00
[2025-10-28T15:31:25.848+0000] {processor.py:208} INFO - Processing /home/khaled/airflow/dags/dbt_snowflake_dag.py took 0.071 seconds
[2025-10-28T15:32:40.798+0000] {processor.py:186} INFO - Started process (PID=8022) to work on /home/khaled/airflow/dags/dbt_snowflake_dag.py
[2025-10-28T15:32:40.799+0000] {processor.py:914} INFO - Processing file /home/khaled/airflow/dags/dbt_snowflake_dag.py for tasks to queue
[2025-10-28T15:32:40.801+0000] {logging_mixin.py:190} INFO - [2025-10-28T15:32:40.801+0000] {dagbag.py:588} INFO - Filling up the DagBag from /home/khaled/airflow/dags/dbt_snowflake_dag.py
[2025-10-28T15:32:40.809+0000] {processor.py:925} INFO - DAG(s) 'dbt_snowflake_pipeline' retrieved from /home/khaled/airflow/dags/dbt_snowflake_dag.py
[2025-10-28T15:32:40.820+0000] {logging_mixin.py:190} INFO - [2025-10-28T15:32:40.820+0000] {dag.py:3239} INFO - Sync 1 DAGs
[2025-10-28T15:32:40.833+0000] {logging_mixin.py:190} INFO - [2025-10-28T15:32:40.833+0000] {dag.py:4180} INFO - Setting next_dagrun for dbt_snowflake_pipeline to 2025-10-28 00:00:00+00:00, run_after=2025-10-29 00:00:00+00:00
[2025-10-28T15:32:40.865+0000] {processor.py:208} INFO - Processing /home/khaled/airflow/dags/dbt_snowflake_dag.py took 0.071 seconds
[2025-10-28T15:33:56.266+0000] {processor.py:186} INFO - Started process (PID=8096) to work on /home/khaled/airflow/dags/dbt_snowflake_dag.py
[2025-10-28T15:33:56.268+0000] {processor.py:914} INFO - Processing file /home/khaled/airflow/dags/dbt_snowflake_dag.py for tasks to queue
[2025-10-28T15:33:56.273+0000] {logging_mixin.py:190} INFO - [2025-10-28T15:33:56.272+0000] {dagbag.py:588} INFO - Filling up the DagBag from /home/khaled/airflow/dags/dbt_snowflake_dag.py
[2025-10-28T15:33:56.281+0000] {processor.py:925} INFO - DAG(s) 'dbt_snowflake_pipeline' retrieved from /home/khaled/airflow/dags/dbt_snowflake_dag.py
[2025-10-28T15:33:56.293+0000] {logging_mixin.py:190} INFO - [2025-10-28T15:33:56.292+0000] {dag.py:3239} INFO - Sync 1 DAGs
[2025-10-28T15:33:56.307+0000] {logging_mixin.py:190} INFO - [2025-10-28T15:33:56.307+0000] {dag.py:4180} INFO - Setting next_dagrun for dbt_snowflake_pipeline to 2025-10-28 00:00:00+00:00, run_after=2025-10-29 00:00:00+00:00
[2025-10-28T15:33:56.341+0000] {processor.py:208} INFO - Processing /home/khaled/airflow/dags/dbt_snowflake_dag.py took 0.081 seconds
[2025-10-28T15:35:13.079+0000] {processor.py:186} INFO - Started process (PID=8208) to work on /home/khaled/airflow/dags/dbt_snowflake_dag.py
[2025-10-28T15:35:13.081+0000] {processor.py:914} INFO - Processing file /home/khaled/airflow/dags/dbt_snowflake_dag.py for tasks to queue
[2025-10-28T15:35:13.083+0000] {logging_mixin.py:190} INFO - [2025-10-28T15:35:13.082+0000] {dagbag.py:588} INFO - Filling up the DagBag from /home/khaled/airflow/dags/dbt_snowflake_dag.py
[2025-10-28T15:35:13.091+0000] {processor.py:925} INFO - DAG(s) 'dbt_snowflake_pipeline' retrieved from /home/khaled/airflow/dags/dbt_snowflake_dag.py
[2025-10-28T15:35:13.103+0000] {logging_mixin.py:190} INFO - [2025-10-28T15:35:13.103+0000] {dag.py:3239} INFO - Sync 1 DAGs
[2025-10-28T15:35:13.118+0000] {logging_mixin.py:190} INFO - [2025-10-28T15:35:13.118+0000] {dag.py:4180} INFO - Setting next_dagrun for dbt_snowflake_pipeline to 2025-10-28 00:00:00+00:00, run_after=2025-10-29 00:00:00+00:00
[2025-10-28T15:35:13.136+0000] {processor.py:208} INFO - Processing /home/khaled/airflow/dags/dbt_snowflake_dag.py took 0.063 seconds
[2025-10-28T15:36:18.686+0000] {processor.py:186} INFO - Started process (PID=8284) to work on /home/khaled/airflow/dags/dbt_snowflake_dag.py
[2025-10-28T15:36:18.687+0000] {processor.py:914} INFO - Processing file /home/khaled/airflow/dags/dbt_snowflake_dag.py for tasks to queue
[2025-10-28T15:36:18.689+0000] {logging_mixin.py:190} INFO - [2025-10-28T15:36:18.689+0000] {dagbag.py:588} INFO - Filling up the DagBag from /home/khaled/airflow/dags/dbt_snowflake_dag.py
[2025-10-28T15:36:18.697+0000] {processor.py:925} INFO - DAG(s) 'dbt_snowflake_pipeline' retrieved from /home/khaled/airflow/dags/dbt_snowflake_dag.py
[2025-10-28T15:36:18.711+0000] {logging_mixin.py:190} INFO - [2025-10-28T15:36:18.710+0000] {dag.py:3239} INFO - Sync 1 DAGs
[2025-10-28T15:36:18.727+0000] {logging_mixin.py:190} INFO - [2025-10-28T15:36:18.727+0000] {dag.py:4180} INFO - Setting next_dagrun for dbt_snowflake_pipeline to 2025-10-28 00:00:00+00:00, run_after=2025-10-29 00:00:00+00:00
[2025-10-28T15:36:18.759+0000] {processor.py:208} INFO - Processing /home/khaled/airflow/dags/dbt_snowflake_dag.py took 0.078 seconds
[2025-10-28T15:37:40.937+0000] {processor.py:186} INFO - Started process (PID=8365) to work on /home/khaled/airflow/dags/dbt_snowflake_dag.py
[2025-10-28T15:37:40.939+0000] {processor.py:914} INFO - Processing file /home/khaled/airflow/dags/dbt_snowflake_dag.py for tasks to queue
[2025-10-28T15:37:40.942+0000] {logging_mixin.py:190} INFO - [2025-10-28T15:37:40.942+0000] {dagbag.py:588} INFO - Filling up the DagBag from /home/khaled/airflow/dags/dbt_snowflake_dag.py
[2025-10-28T15:37:40.950+0000] {processor.py:925} INFO - DAG(s) 'dbt_snowflake_pipeline' retrieved from /home/khaled/airflow/dags/dbt_snowflake_dag.py
[2025-10-28T15:37:40.962+0000] {logging_mixin.py:190} INFO - [2025-10-28T15:37:40.961+0000] {dag.py:3239} INFO - Sync 1 DAGs
[2025-10-28T15:37:40.977+0000] {logging_mixin.py:190} INFO - [2025-10-28T15:37:40.976+0000] {dag.py:4180} INFO - Setting next_dagrun for dbt_snowflake_pipeline to 2025-10-28 00:00:00+00:00, run_after=2025-10-29 00:00:00+00:00
[2025-10-28T15:37:41.007+0000] {processor.py:208} INFO - Processing /home/khaled/airflow/dags/dbt_snowflake_dag.py took 0.075 seconds
[2025-10-28T15:38:51.695+0000] {processor.py:186} INFO - Started process (PID=8438) to work on /home/khaled/airflow/dags/dbt_snowflake_dag.py
[2025-10-28T15:38:51.696+0000] {processor.py:914} INFO - Processing file /home/khaled/airflow/dags/dbt_snowflake_dag.py for tasks to queue
[2025-10-28T15:38:51.700+0000] {logging_mixin.py:190} INFO - [2025-10-28T15:38:51.699+0000] {dagbag.py:588} INFO - Filling up the DagBag from /home/khaled/airflow/dags/dbt_snowflake_dag.py
[2025-10-28T15:38:51.707+0000] {processor.py:925} INFO - DAG(s) 'dbt_snowflake_pipeline' retrieved from /home/khaled/airflow/dags/dbt_snowflake_dag.py
[2025-10-28T15:38:51.719+0000] {logging_mixin.py:190} INFO - [2025-10-28T15:38:51.718+0000] {dag.py:3239} INFO - Sync 1 DAGs
[2025-10-28T15:38:51.735+0000] {logging_mixin.py:190} INFO - [2025-10-28T15:38:51.735+0000] {dag.py:4180} INFO - Setting next_dagrun for dbt_snowflake_pipeline to 2025-10-28 00:00:00+00:00, run_after=2025-10-29 00:00:00+00:00
[2025-10-28T15:38:51.765+0000] {processor.py:208} INFO - Processing /home/khaled/airflow/dags/dbt_snowflake_dag.py took 0.075 seconds
[2025-10-28T15:40:05.369+0000] {processor.py:186} INFO - Started process (PID=8542) to work on /home/khaled/airflow/dags/dbt_snowflake_dag.py
[2025-10-28T15:40:05.372+0000] {processor.py:914} INFO - Processing file /home/khaled/airflow/dags/dbt_snowflake_dag.py for tasks to queue
[2025-10-28T15:40:05.374+0000] {logging_mixin.py:190} INFO - [2025-10-28T15:40:05.373+0000] {dagbag.py:588} INFO - Filling up the DagBag from /home/khaled/airflow/dags/dbt_snowflake_dag.py
[2025-10-28T15:40:05.381+0000] {processor.py:925} INFO - DAG(s) 'dbt_snowflake_pipeline' retrieved from /home/khaled/airflow/dags/dbt_snowflake_dag.py
[2025-10-28T15:40:05.392+0000] {logging_mixin.py:190} INFO - [2025-10-28T15:40:05.392+0000] {dag.py:3239} INFO - Sync 1 DAGs
[2025-10-28T15:40:05.406+0000] {logging_mixin.py:190} INFO - [2025-10-28T15:40:05.406+0000] {dag.py:4180} INFO - Setting next_dagrun for dbt_snowflake_pipeline to 2025-10-28 00:00:00+00:00, run_after=2025-10-29 00:00:00+00:00
[2025-10-28T15:40:05.425+0000] {processor.py:208} INFO - Processing /home/khaled/airflow/dags/dbt_snowflake_dag.py took 0.059 seconds
[2025-10-28T15:41:18.286+0000] {processor.py:186} INFO - Started process (PID=8620) to work on /home/khaled/airflow/dags/dbt_snowflake_dag.py
[2025-10-28T15:41:18.288+0000] {processor.py:914} INFO - Processing file /home/khaled/airflow/dags/dbt_snowflake_dag.py for tasks to queue
[2025-10-28T15:41:18.290+0000] {logging_mixin.py:190} INFO - [2025-10-28T15:41:18.289+0000] {dagbag.py:588} INFO - Filling up the DagBag from /home/khaled/airflow/dags/dbt_snowflake_dag.py
[2025-10-28T15:41:18.297+0000] {processor.py:925} INFO - DAG(s) 'dbt_snowflake_pipeline' retrieved from /home/khaled/airflow/dags/dbt_snowflake_dag.py
[2025-10-28T15:41:18.308+0000] {logging_mixin.py:190} INFO - [2025-10-28T15:41:18.308+0000] {dag.py:3239} INFO - Sync 1 DAGs
[2025-10-28T15:41:18.323+0000] {logging_mixin.py:190} INFO - [2025-10-28T15:41:18.323+0000] {dag.py:4180} INFO - Setting next_dagrun for dbt_snowflake_pipeline to 2025-10-28 00:00:00+00:00, run_after=2025-10-29 00:00:00+00:00
[2025-10-28T15:41:18.355+0000] {processor.py:208} INFO - Processing /home/khaled/airflow/dags/dbt_snowflake_dag.py took 0.073 seconds
[2025-10-28T15:42:32.807+0000] {processor.py:186} INFO - Started process (PID=8696) to work on /home/khaled/airflow/dags/dbt_snowflake_dag.py
[2025-10-28T15:42:32.809+0000] {processor.py:914} INFO - Processing file /home/khaled/airflow/dags/dbt_snowflake_dag.py for tasks to queue
[2025-10-28T15:42:32.811+0000] {logging_mixin.py:190} INFO - [2025-10-28T15:42:32.811+0000] {dagbag.py:588} INFO - Filling up the DagBag from /home/khaled/airflow/dags/dbt_snowflake_dag.py
[2025-10-28T15:42:32.820+0000] {processor.py:925} INFO - DAG(s) 'dbt_snowflake_pipeline' retrieved from /home/khaled/airflow/dags/dbt_snowflake_dag.py
[2025-10-28T15:42:32.832+0000] {logging_mixin.py:190} INFO - [2025-10-28T15:42:32.831+0000] {dag.py:3239} INFO - Sync 1 DAGs
[2025-10-28T15:42:32.848+0000] {logging_mixin.py:190} INFO - [2025-10-28T15:42:32.848+0000] {dag.py:4180} INFO - Setting next_dagrun for dbt_snowflake_pipeline to 2025-10-28 00:00:00+00:00, run_after=2025-10-29 00:00:00+00:00
[2025-10-28T15:42:32.879+0000] {processor.py:208} INFO - Processing /home/khaled/airflow/dags/dbt_snowflake_dag.py took 0.076 seconds
[2025-10-28T15:43:52.889+0000] {processor.py:186} INFO - Started process (PID=8776) to work on /home/khaled/airflow/dags/dbt_snowflake_dag.py
[2025-10-28T15:43:52.900+0000] {processor.py:914} INFO - Processing file /home/khaled/airflow/dags/dbt_snowflake_dag.py for tasks to queue
[2025-10-28T15:43:52.902+0000] {logging_mixin.py:190} INFO - [2025-10-28T15:43:52.902+0000] {dagbag.py:588} INFO - Filling up the DagBag from /home/khaled/airflow/dags/dbt_snowflake_dag.py
[2025-10-28T15:43:52.911+0000] {processor.py:925} INFO - DAG(s) 'dbt_snowflake_pipeline' retrieved from /home/khaled/airflow/dags/dbt_snowflake_dag.py
[2025-10-28T15:43:52.922+0000] {logging_mixin.py:190} INFO - [2025-10-28T15:43:52.922+0000] {dag.py:3239} INFO - Sync 1 DAGs
[2025-10-28T15:43:52.938+0000] {logging_mixin.py:190} INFO - [2025-10-28T15:43:52.937+0000] {dag.py:4180} INFO - Setting next_dagrun for dbt_snowflake_pipeline to 2025-10-28 00:00:00+00:00, run_after=2025-10-29 00:00:00+00:00
[2025-10-28T15:43:52.955+0000] {processor.py:208} INFO - Processing /home/khaled/airflow/dags/dbt_snowflake_dag.py took 0.070 seconds
[2025-10-28T15:45:08.874+0000] {processor.py:186} INFO - Started process (PID=8914) to work on /home/khaled/airflow/dags/dbt_snowflake_dag.py
[2025-10-28T15:45:08.876+0000] {processor.py:914} INFO - Processing file /home/khaled/airflow/dags/dbt_snowflake_dag.py for tasks to queue
[2025-10-28T15:45:08.878+0000] {logging_mixin.py:190} INFO - [2025-10-28T15:45:08.877+0000] {dagbag.py:588} INFO - Filling up the DagBag from /home/khaled/airflow/dags/dbt_snowflake_dag.py
[2025-10-28T15:45:08.891+0000] {processor.py:925} INFO - DAG(s) 'dbt_snowflake_pipeline' retrieved from /home/khaled/airflow/dags/dbt_snowflake_dag.py
[2025-10-28T15:45:08.911+0000] {logging_mixin.py:190} INFO - [2025-10-28T15:45:08.911+0000] {dag.py:3239} INFO - Sync 1 DAGs
[2025-10-28T15:45:08.927+0000] {logging_mixin.py:190} INFO - [2025-10-28T15:45:08.927+0000] {dag.py:4180} INFO - Setting next_dagrun for dbt_snowflake_pipeline to 2025-10-28 00:00:00+00:00, run_after=2025-10-29 00:00:00+00:00
[2025-10-28T15:45:08.956+0000] {processor.py:208} INFO - Processing /home/khaled/airflow/dags/dbt_snowflake_dag.py took 0.086 seconds
[2025-10-28T15:46:25.136+0000] {processor.py:186} INFO - Started process (PID=8993) to work on /home/khaled/airflow/dags/dbt_snowflake_dag.py
[2025-10-28T15:46:25.137+0000] {processor.py:914} INFO - Processing file /home/khaled/airflow/dags/dbt_snowflake_dag.py for tasks to queue
[2025-10-28T15:46:25.140+0000] {logging_mixin.py:190} INFO - [2025-10-28T15:46:25.140+0000] {dagbag.py:588} INFO - Filling up the DagBag from /home/khaled/airflow/dags/dbt_snowflake_dag.py
[2025-10-28T15:46:25.149+0000] {processor.py:925} INFO - DAG(s) 'dbt_snowflake_pipeline' retrieved from /home/khaled/airflow/dags/dbt_snowflake_dag.py
[2025-10-28T15:46:25.168+0000] {logging_mixin.py:190} INFO - [2025-10-28T15:46:25.167+0000] {dag.py:3239} INFO - Sync 1 DAGs
[2025-10-28T15:46:25.185+0000] {logging_mixin.py:190} INFO - [2025-10-28T15:46:25.184+0000] {dag.py:4180} INFO - Setting next_dagrun for dbt_snowflake_pipeline to 2025-10-28 00:00:00+00:00, run_after=2025-10-29 00:00:00+00:00
[2025-10-28T15:46:25.214+0000] {processor.py:208} INFO - Processing /home/khaled/airflow/dags/dbt_snowflake_dag.py took 0.084 seconds
[2025-10-28T15:47:39.079+0000] {processor.py:186} INFO - Started process (PID=9069) to work on /home/khaled/airflow/dags/dbt_snowflake_dag.py
[2025-10-28T15:47:39.080+0000] {processor.py:914} INFO - Processing file /home/khaled/airflow/dags/dbt_snowflake_dag.py for tasks to queue
[2025-10-28T15:47:39.084+0000] {logging_mixin.py:190} INFO - [2025-10-28T15:47:39.084+0000] {dagbag.py:588} INFO - Filling up the DagBag from /home/khaled/airflow/dags/dbt_snowflake_dag.py
[2025-10-28T15:47:39.093+0000] {processor.py:925} INFO - DAG(s) 'dbt_snowflake_pipeline' retrieved from /home/khaled/airflow/dags/dbt_snowflake_dag.py
[2025-10-28T15:47:39.104+0000] {logging_mixin.py:190} INFO - [2025-10-28T15:47:39.104+0000] {dag.py:3239} INFO - Sync 1 DAGs
[2025-10-28T15:47:39.121+0000] {logging_mixin.py:190} INFO - [2025-10-28T15:47:39.121+0000] {dag.py:4180} INFO - Setting next_dagrun for dbt_snowflake_pipeline to 2025-10-28 00:00:00+00:00, run_after=2025-10-29 00:00:00+00:00
[2025-10-28T15:47:39.151+0000] {processor.py:208} INFO - Processing /home/khaled/airflow/dags/dbt_snowflake_dag.py took 0.076 seconds
[2025-10-28T15:48:53.644+0000] {processor.py:186} INFO - Started process (PID=9150) to work on /home/khaled/airflow/dags/dbt_snowflake_dag.py
[2025-10-28T15:48:53.657+0000] {processor.py:914} INFO - Processing file /home/khaled/airflow/dags/dbt_snowflake_dag.py for tasks to queue
[2025-10-28T15:48:53.660+0000] {logging_mixin.py:190} INFO - [2025-10-28T15:48:53.659+0000] {dagbag.py:588} INFO - Filling up the DagBag from /home/khaled/airflow/dags/dbt_snowflake_dag.py
[2025-10-28T15:48:53.667+0000] {processor.py:925} INFO - DAG(s) 'dbt_snowflake_pipeline' retrieved from /home/khaled/airflow/dags/dbt_snowflake_dag.py
[2025-10-28T15:48:53.679+0000] {logging_mixin.py:190} INFO - [2025-10-28T15:48:53.679+0000] {dag.py:3239} INFO - Sync 1 DAGs
[2025-10-28T15:48:53.694+0000] {logging_mixin.py:190} INFO - [2025-10-28T15:48:53.694+0000] {dag.py:4180} INFO - Setting next_dagrun for dbt_snowflake_pipeline to 2025-10-28 00:00:00+00:00, run_after=2025-10-29 00:00:00+00:00
[2025-10-28T15:48:53.712+0000] {processor.py:208} INFO - Processing /home/khaled/airflow/dags/dbt_snowflake_dag.py took 0.072 seconds
[2025-10-28T15:50:18.560+0000] {processor.py:186} INFO - Started process (PID=9262) to work on /home/khaled/airflow/dags/dbt_snowflake_dag.py
[2025-10-28T15:50:18.561+0000] {processor.py:914} INFO - Processing file /home/khaled/airflow/dags/dbt_snowflake_dag.py for tasks to queue
[2025-10-28T15:50:18.564+0000] {logging_mixin.py:190} INFO - [2025-10-28T15:50:18.563+0000] {dagbag.py:588} INFO - Filling up the DagBag from /home/khaled/airflow/dags/dbt_snowflake_dag.py
[2025-10-28T15:50:18.571+0000] {processor.py:925} INFO - DAG(s) 'dbt_snowflake_pipeline' retrieved from /home/khaled/airflow/dags/dbt_snowflake_dag.py
[2025-10-28T15:50:18.583+0000] {logging_mixin.py:190} INFO - [2025-10-28T15:50:18.582+0000] {dag.py:3239} INFO - Sync 1 DAGs
[2025-10-28T15:50:18.597+0000] {logging_mixin.py:190} INFO - [2025-10-28T15:50:18.597+0000] {dag.py:4180} INFO - Setting next_dagrun for dbt_snowflake_pipeline to 2025-10-28 00:00:00+00:00, run_after=2025-10-29 00:00:00+00:00
[2025-10-28T15:50:18.620+0000] {processor.py:208} INFO - Processing /home/khaled/airflow/dags/dbt_snowflake_dag.py took 0.064 seconds
[2025-10-28T15:51:40.265+0000] {processor.py:186} INFO - Started process (PID=9345) to work on /home/khaled/airflow/dags/dbt_snowflake_dag.py
[2025-10-28T15:51:40.266+0000] {processor.py:914} INFO - Processing file /home/khaled/airflow/dags/dbt_snowflake_dag.py for tasks to queue
[2025-10-28T15:51:40.269+0000] {logging_mixin.py:190} INFO - [2025-10-28T15:51:40.269+0000] {dagbag.py:588} INFO - Filling up the DagBag from /home/khaled/airflow/dags/dbt_snowflake_dag.py
[2025-10-28T15:51:40.277+0000] {processor.py:925} INFO - DAG(s) 'dbt_snowflake_pipeline' retrieved from /home/khaled/airflow/dags/dbt_snowflake_dag.py
[2025-10-28T15:51:40.290+0000] {logging_mixin.py:190} INFO - [2025-10-28T15:51:40.290+0000] {dag.py:3239} INFO - Sync 1 DAGs
[2025-10-28T15:51:40.305+0000] {logging_mixin.py:190} INFO - [2025-10-28T15:51:40.305+0000] {dag.py:4180} INFO - Setting next_dagrun for dbt_snowflake_pipeline to 2025-10-28 00:00:00+00:00, run_after=2025-10-29 00:00:00+00:00
[2025-10-28T15:51:40.337+0000] {processor.py:208} INFO - Processing /home/khaled/airflow/dags/dbt_snowflake_dag.py took 0.077 seconds
[2025-10-28T15:52:48.987+0000] {processor.py:186} INFO - Started process (PID=9421) to work on /home/khaled/airflow/dags/dbt_snowflake_dag.py
[2025-10-28T15:52:48.989+0000] {processor.py:914} INFO - Processing file /home/khaled/airflow/dags/dbt_snowflake_dag.py for tasks to queue
[2025-10-28T15:52:48.992+0000] {logging_mixin.py:190} INFO - [2025-10-28T15:52:48.992+0000] {dagbag.py:588} INFO - Filling up the DagBag from /home/khaled/airflow/dags/dbt_snowflake_dag.py
[2025-10-28T15:52:49.002+0000] {processor.py:925} INFO - DAG(s) 'dbt_snowflake_pipeline' retrieved from /home/khaled/airflow/dags/dbt_snowflake_dag.py
[2025-10-28T15:52:49.015+0000] {logging_mixin.py:190} INFO - [2025-10-28T15:52:49.014+0000] {dag.py:3239} INFO - Sync 1 DAGs
[2025-10-28T15:52:49.032+0000] {logging_mixin.py:190} INFO - [2025-10-28T15:52:49.032+0000] {dag.py:4180} INFO - Setting next_dagrun for dbt_snowflake_pipeline to 2025-10-28 00:00:00+00:00, run_after=2025-10-29 00:00:00+00:00
[2025-10-28T15:52:49.064+0000] {processor.py:208} INFO - Processing /home/khaled/airflow/dags/dbt_snowflake_dag.py took 0.082 seconds
[2025-10-28T15:53:54.255+0000] {processor.py:186} INFO - Started process (PID=9491) to work on /home/khaled/airflow/dags/dbt_snowflake_dag.py
[2025-10-28T15:53:54.257+0000] {processor.py:914} INFO - Processing file /home/khaled/airflow/dags/dbt_snowflake_dag.py for tasks to queue
[2025-10-28T15:53:54.261+0000] {logging_mixin.py:190} INFO - [2025-10-28T15:53:54.260+0000] {dagbag.py:588} INFO - Filling up the DagBag from /home/khaled/airflow/dags/dbt_snowflake_dag.py
[2025-10-28T15:53:54.269+0000] {processor.py:925} INFO - DAG(s) 'dbt_snowflake_pipeline' retrieved from /home/khaled/airflow/dags/dbt_snowflake_dag.py
[2025-10-28T15:53:54.282+0000] {logging_mixin.py:190} INFO - [2025-10-28T15:53:54.282+0000] {dag.py:3239} INFO - Sync 1 DAGs
[2025-10-28T15:53:54.297+0000] {logging_mixin.py:190} INFO - [2025-10-28T15:53:54.297+0000] {dag.py:4180} INFO - Setting next_dagrun for dbt_snowflake_pipeline to 2025-10-28 00:00:00+00:00, run_after=2025-10-29 00:00:00+00:00
[2025-10-28T15:53:54.315+0000] {processor.py:208} INFO - Processing /home/khaled/airflow/dags/dbt_snowflake_dag.py took 0.066 seconds
[2025-10-28T15:55:08.033+0000] {processor.py:186} INFO - Started process (PID=9600) to work on /home/khaled/airflow/dags/dbt_snowflake_dag.py
[2025-10-28T15:55:08.034+0000] {processor.py:914} INFO - Processing file /home/khaled/airflow/dags/dbt_snowflake_dag.py for tasks to queue
[2025-10-28T15:55:08.037+0000] {logging_mixin.py:190} INFO - [2025-10-28T15:55:08.037+0000] {dagbag.py:588} INFO - Filling up the DagBag from /home/khaled/airflow/dags/dbt_snowflake_dag.py
[2025-10-28T15:55:08.046+0000] {processor.py:925} INFO - DAG(s) 'dbt_snowflake_pipeline' retrieved from /home/khaled/airflow/dags/dbt_snowflake_dag.py
[2025-10-28T15:55:08.059+0000] {logging_mixin.py:190} INFO - [2025-10-28T15:55:08.059+0000] {dag.py:3239} INFO - Sync 1 DAGs
[2025-10-28T15:55:08.077+0000] {logging_mixin.py:190} INFO - [2025-10-28T15:55:08.077+0000] {dag.py:4180} INFO - Setting next_dagrun for dbt_snowflake_pipeline to 2025-10-28 00:00:00+00:00, run_after=2025-10-29 00:00:00+00:00
[2025-10-28T15:55:08.108+0000] {processor.py:208} INFO - Processing /home/khaled/airflow/dags/dbt_snowflake_dag.py took 0.080 seconds
[2025-10-28T15:56:18.168+0000] {processor.py:186} INFO - Started process (PID=9676) to work on /home/khaled/airflow/dags/dbt_snowflake_dag.py
[2025-10-28T15:56:18.169+0000] {processor.py:914} INFO - Processing file /home/khaled/airflow/dags/dbt_snowflake_dag.py for tasks to queue
[2025-10-28T15:56:18.172+0000] {logging_mixin.py:190} INFO - [2025-10-28T15:56:18.171+0000] {dagbag.py:588} INFO - Filling up the DagBag from /home/khaled/airflow/dags/dbt_snowflake_dag.py
[2025-10-28T15:56:18.181+0000] {processor.py:925} INFO - DAG(s) 'dbt_snowflake_pipeline' retrieved from /home/khaled/airflow/dags/dbt_snowflake_dag.py
[2025-10-28T15:56:18.192+0000] {logging_mixin.py:190} INFO - [2025-10-28T15:56:18.191+0000] {dag.py:3239} INFO - Sync 1 DAGs
[2025-10-28T15:56:18.208+0000] {logging_mixin.py:190} INFO - [2025-10-28T15:56:18.207+0000] {dag.py:4180} INFO - Setting next_dagrun for dbt_snowflake_pipeline to 2025-10-28 00:00:00+00:00, run_after=2025-10-29 00:00:00+00:00
[2025-10-28T15:56:18.240+0000] {processor.py:208} INFO - Processing /home/khaled/airflow/dags/dbt_snowflake_dag.py took 0.076 seconds
[2025-10-28T15:57:31.626+0000] {processor.py:186} INFO - Started process (PID=9751) to work on /home/khaled/airflow/dags/dbt_snowflake_dag.py
[2025-10-28T15:57:31.627+0000] {processor.py:914} INFO - Processing file /home/khaled/airflow/dags/dbt_snowflake_dag.py for tasks to queue
[2025-10-28T15:57:31.630+0000] {logging_mixin.py:190} INFO - [2025-10-28T15:57:31.629+0000] {dagbag.py:588} INFO - Filling up the DagBag from /home/khaled/airflow/dags/dbt_snowflake_dag.py
[2025-10-28T15:57:31.637+0000] {processor.py:925} INFO - DAG(s) 'dbt_snowflake_pipeline' retrieved from /home/khaled/airflow/dags/dbt_snowflake_dag.py
[2025-10-28T15:57:31.649+0000] {logging_mixin.py:190} INFO - [2025-10-28T15:57:31.649+0000] {dag.py:3239} INFO - Sync 1 DAGs
[2025-10-28T15:57:31.663+0000] {logging_mixin.py:190} INFO - [2025-10-28T15:57:31.663+0000] {dag.py:4180} INFO - Setting next_dagrun for dbt_snowflake_pipeline to 2025-10-28 00:00:00+00:00, run_after=2025-10-29 00:00:00+00:00
[2025-10-28T15:57:31.696+0000] {processor.py:208} INFO - Processing /home/khaled/airflow/dags/dbt_snowflake_dag.py took 0.075 seconds
[2025-10-28T15:58:44.841+0000] {processor.py:186} INFO - Started process (PID=9828) to work on /home/khaled/airflow/dags/dbt_snowflake_dag.py
[2025-10-28T15:58:44.843+0000] {processor.py:914} INFO - Processing file /home/khaled/airflow/dags/dbt_snowflake_dag.py for tasks to queue
[2025-10-28T15:58:44.845+0000] {logging_mixin.py:190} INFO - [2025-10-28T15:58:44.845+0000] {dagbag.py:588} INFO - Filling up the DagBag from /home/khaled/airflow/dags/dbt_snowflake_dag.py
[2025-10-28T15:58:44.853+0000] {processor.py:925} INFO - DAG(s) 'dbt_snowflake_pipeline' retrieved from /home/khaled/airflow/dags/dbt_snowflake_dag.py
[2025-10-28T15:58:44.865+0000] {logging_mixin.py:190} INFO - [2025-10-28T15:58:44.864+0000] {dag.py:3239} INFO - Sync 1 DAGs
[2025-10-28T15:58:44.879+0000] {logging_mixin.py:190} INFO - [2025-10-28T15:58:44.879+0000] {dag.py:4180} INFO - Setting next_dagrun for dbt_snowflake_pipeline to 2025-10-28 00:00:00+00:00, run_after=2025-10-29 00:00:00+00:00
[2025-10-28T15:58:44.898+0000] {processor.py:208} INFO - Processing /home/khaled/airflow/dags/dbt_snowflake_dag.py took 0.061 seconds
[2025-10-28T15:59:51.518+0000] {processor.py:186} INFO - Started process (PID=9900) to work on /home/khaled/airflow/dags/dbt_snowflake_dag.py
[2025-10-28T15:59:51.519+0000] {processor.py:914} INFO - Processing file /home/khaled/airflow/dags/dbt_snowflake_dag.py for tasks to queue
[2025-10-28T15:59:51.522+0000] {logging_mixin.py:190} INFO - [2025-10-28T15:59:51.522+0000] {dagbag.py:588} INFO - Filling up the DagBag from /home/khaled/airflow/dags/dbt_snowflake_dag.py
[2025-10-28T15:59:51.531+0000] {processor.py:925} INFO - DAG(s) 'dbt_snowflake_pipeline' retrieved from /home/khaled/airflow/dags/dbt_snowflake_dag.py
[2025-10-28T15:59:51.545+0000] {logging_mixin.py:190} INFO - [2025-10-28T15:59:51.545+0000] {dag.py:3239} INFO - Sync 1 DAGs
[2025-10-28T15:59:51.559+0000] {logging_mixin.py:190} INFO - [2025-10-28T15:59:51.559+0000] {dag.py:4180} INFO - Setting next_dagrun for dbt_snowflake_pipeline to 2025-10-28 00:00:00+00:00, run_after=2025-10-29 00:00:00+00:00
[2025-10-28T15:59:51.580+0000] {processor.py:208} INFO - Processing /home/khaled/airflow/dags/dbt_snowflake_dag.py took 0.067 seconds
[2025-10-28T16:00:58.470+0000] {processor.py:186} INFO - Started process (PID=10010) to work on /home/khaled/airflow/dags/dbt_snowflake_dag.py
[2025-10-28T16:00:58.473+0000] {processor.py:914} INFO - Processing file /home/khaled/airflow/dags/dbt_snowflake_dag.py for tasks to queue
[2025-10-28T16:00:58.476+0000] {logging_mixin.py:190} INFO - [2025-10-28T16:00:58.476+0000] {dagbag.py:588} INFO - Filling up the DagBag from /home/khaled/airflow/dags/dbt_snowflake_dag.py
[2025-10-28T16:00:58.485+0000] {processor.py:925} INFO - DAG(s) 'dbt_snowflake_pipeline' retrieved from /home/khaled/airflow/dags/dbt_snowflake_dag.py
[2025-10-28T16:00:58.497+0000] {logging_mixin.py:190} INFO - [2025-10-28T16:00:58.497+0000] {dag.py:3239} INFO - Sync 1 DAGs
[2025-10-28T16:00:58.513+0000] {logging_mixin.py:190} INFO - [2025-10-28T16:00:58.513+0000] {dag.py:4180} INFO - Setting next_dagrun for dbt_snowflake_pipeline to 2025-10-28 00:00:00+00:00, run_after=2025-10-29 00:00:00+00:00
[2025-10-28T16:00:58.544+0000] {processor.py:208} INFO - Processing /home/khaled/airflow/dags/dbt_snowflake_dag.py took 0.079 seconds
[2025-10-28T16:02:12.776+0000] {processor.py:186} INFO - Started process (PID=10101) to work on /home/khaled/airflow/dags/dbt_snowflake_dag.py
[2025-10-28T16:02:12.787+0000] {processor.py:914} INFO - Processing file /home/khaled/airflow/dags/dbt_snowflake_dag.py for tasks to queue
[2025-10-28T16:02:12.790+0000] {logging_mixin.py:190} INFO - [2025-10-28T16:02:12.789+0000] {dagbag.py:588} INFO - Filling up the DagBag from /home/khaled/airflow/dags/dbt_snowflake_dag.py
[2025-10-28T16:02:12.798+0000] {processor.py:925} INFO - DAG(s) 'dbt_snowflake_pipeline' retrieved from /home/khaled/airflow/dags/dbt_snowflake_dag.py
[2025-10-28T16:02:12.809+0000] {logging_mixin.py:190} INFO - [2025-10-28T16:02:12.809+0000] {dag.py:3239} INFO - Sync 1 DAGs
[2025-10-28T16:02:12.825+0000] {logging_mixin.py:190} INFO - [2025-10-28T16:02:12.825+0000] {dag.py:4180} INFO - Setting next_dagrun for dbt_snowflake_pipeline to 2025-10-28 00:00:00+00:00, run_after=2025-10-29 00:00:00+00:00
[2025-10-28T16:02:12.843+0000] {processor.py:208} INFO - Processing /home/khaled/airflow/dags/dbt_snowflake_dag.py took 0.072 seconds
[2025-10-28T16:03:27.647+0000] {processor.py:186} INFO - Started process (PID=10172) to work on /home/khaled/airflow/dags/dbt_snowflake_dag.py
[2025-10-28T16:03:27.650+0000] {processor.py:914} INFO - Processing file /home/khaled/airflow/dags/dbt_snowflake_dag.py for tasks to queue
[2025-10-28T16:03:27.652+0000] {logging_mixin.py:190} INFO - [2025-10-28T16:03:27.651+0000] {dagbag.py:588} INFO - Filling up the DagBag from /home/khaled/airflow/dags/dbt_snowflake_dag.py
[2025-10-28T16:03:27.659+0000] {processor.py:925} INFO - DAG(s) 'dbt_snowflake_pipeline' retrieved from /home/khaled/airflow/dags/dbt_snowflake_dag.py
[2025-10-28T16:03:27.671+0000] {logging_mixin.py:190} INFO - [2025-10-28T16:03:27.671+0000] {dag.py:3239} INFO - Sync 1 DAGs
[2025-10-28T16:03:27.685+0000] {logging_mixin.py:190} INFO - [2025-10-28T16:03:27.685+0000] {dag.py:4180} INFO - Setting next_dagrun for dbt_snowflake_pipeline to 2025-10-28 00:00:00+00:00, run_after=2025-10-29 00:00:00+00:00
[2025-10-28T16:03:27.705+0000] {processor.py:208} INFO - Processing /home/khaled/airflow/dags/dbt_snowflake_dag.py took 0.062 seconds
[2025-10-28T16:04:43.602+0000] {processor.py:186} INFO - Started process (PID=10251) to work on /home/khaled/airflow/dags/dbt_snowflake_dag.py
[2025-10-28T16:04:43.603+0000] {processor.py:914} INFO - Processing file /home/khaled/airflow/dags/dbt_snowflake_dag.py for tasks to queue
[2025-10-28T16:04:43.607+0000] {logging_mixin.py:190} INFO - [2025-10-28T16:04:43.605+0000] {dagbag.py:588} INFO - Filling up the DagBag from /home/khaled/airflow/dags/dbt_snowflake_dag.py
[2025-10-28T16:04:43.637+0000] {processor.py:925} INFO - DAG(s) 'dbt_snowflake_pipeline' retrieved from /home/khaled/airflow/dags/dbt_snowflake_dag.py
[2025-10-28T16:04:43.651+0000] {logging_mixin.py:190} INFO - [2025-10-28T16:04:43.651+0000] {dag.py:3239} INFO - Sync 1 DAGs
[2025-10-28T16:04:43.668+0000] {logging_mixin.py:190} INFO - [2025-10-28T16:04:43.668+0000] {dag.py:4180} INFO - Setting next_dagrun for dbt_snowflake_pipeline to 2025-10-28 00:00:00+00:00, run_after=2025-10-29 00:00:00+00:00
[2025-10-28T16:04:43.697+0000] {processor.py:208} INFO - Processing /home/khaled/airflow/dags/dbt_snowflake_dag.py took 0.099 seconds
[2025-10-28T16:05:55.370+0000] {processor.py:186} INFO - Started process (PID=10363) to work on /home/khaled/airflow/dags/dbt_snowflake_dag.py
[2025-10-28T16:05:55.373+0000] {processor.py:914} INFO - Processing file /home/khaled/airflow/dags/dbt_snowflake_dag.py for tasks to queue
[2025-10-28T16:05:55.375+0000] {logging_mixin.py:190} INFO - [2025-10-28T16:05:55.374+0000] {dagbag.py:588} INFO - Filling up the DagBag from /home/khaled/airflow/dags/dbt_snowflake_dag.py
[2025-10-28T16:05:55.382+0000] {processor.py:925} INFO - DAG(s) 'dbt_snowflake_pipeline' retrieved from /home/khaled/airflow/dags/dbt_snowflake_dag.py
[2025-10-28T16:05:55.393+0000] {logging_mixin.py:190} INFO - [2025-10-28T16:05:55.393+0000] {dag.py:3239} INFO - Sync 1 DAGs
[2025-10-28T16:05:55.407+0000] {logging_mixin.py:190} INFO - [2025-10-28T16:05:55.407+0000] {dag.py:4180} INFO - Setting next_dagrun for dbt_snowflake_pipeline to 2025-10-28 00:00:00+00:00, run_after=2025-10-29 00:00:00+00:00
[2025-10-28T16:05:55.438+0000] {processor.py:208} INFO - Processing /home/khaled/airflow/dags/dbt_snowflake_dag.py took 0.073 seconds
[2025-10-28T16:07:05.850+0000] {processor.py:186} INFO - Started process (PID=10436) to work on /home/khaled/airflow/dags/dbt_snowflake_dag.py
[2025-10-28T16:07:05.851+0000] {processor.py:914} INFO - Processing file /home/khaled/airflow/dags/dbt_snowflake_dag.py for tasks to queue
[2025-10-28T16:07:05.853+0000] {logging_mixin.py:190} INFO - [2025-10-28T16:07:05.853+0000] {dagbag.py:588} INFO - Filling up the DagBag from /home/khaled/airflow/dags/dbt_snowflake_dag.py
[2025-10-28T16:07:05.861+0000] {processor.py:925} INFO - DAG(s) 'dbt_snowflake_pipeline' retrieved from /home/khaled/airflow/dags/dbt_snowflake_dag.py
[2025-10-28T16:07:05.873+0000] {logging_mixin.py:190} INFO - [2025-10-28T16:07:05.872+0000] {dag.py:3239} INFO - Sync 1 DAGs
[2025-10-28T16:07:05.885+0000] {logging_mixin.py:190} INFO - [2025-10-28T16:07:05.885+0000] {dag.py:4180} INFO - Setting next_dagrun for dbt_snowflake_pipeline to 2025-10-28 00:00:00+00:00, run_after=2025-10-29 00:00:00+00:00
[2025-10-28T16:07:05.917+0000] {processor.py:208} INFO - Processing /home/khaled/airflow/dags/dbt_snowflake_dag.py took 0.072 seconds
[2025-10-28T16:08:23.341+0000] {processor.py:186} INFO - Started process (PID=10517) to work on /home/khaled/airflow/dags/dbt_snowflake_dag.py
[2025-10-28T16:08:23.342+0000] {processor.py:914} INFO - Processing file /home/khaled/airflow/dags/dbt_snowflake_dag.py for tasks to queue
[2025-10-28T16:08:23.345+0000] {logging_mixin.py:190} INFO - [2025-10-28T16:08:23.345+0000] {dagbag.py:588} INFO - Filling up the DagBag from /home/khaled/airflow/dags/dbt_snowflake_dag.py
[2025-10-28T16:08:23.353+0000] {processor.py:925} INFO - DAG(s) 'dbt_snowflake_pipeline' retrieved from /home/khaled/airflow/dags/dbt_snowflake_dag.py
[2025-10-28T16:08:23.365+0000] {logging_mixin.py:190} INFO - [2025-10-28T16:08:23.365+0000] {dag.py:3239} INFO - Sync 1 DAGs
[2025-10-28T16:08:23.381+0000] {logging_mixin.py:190} INFO - [2025-10-28T16:08:23.381+0000] {dag.py:4180} INFO - Setting next_dagrun for dbt_snowflake_pipeline to 2025-10-28 00:00:00+00:00, run_after=2025-10-29 00:00:00+00:00
[2025-10-28T16:08:23.411+0000] {processor.py:208} INFO - Processing /home/khaled/airflow/dags/dbt_snowflake_dag.py took 0.082 seconds
[2025-10-28T16:09:33.285+0000] {processor.py:186} INFO - Started process (PID=10590) to work on /home/khaled/airflow/dags/dbt_snowflake_dag.py
[2025-10-28T16:09:33.287+0000] {processor.py:914} INFO - Processing file /home/khaled/airflow/dags/dbt_snowflake_dag.py for tasks to queue
[2025-10-28T16:09:33.289+0000] {logging_mixin.py:190} INFO - [2025-10-28T16:09:33.288+0000] {dagbag.py:588} INFO - Filling up the DagBag from /home/khaled/airflow/dags/dbt_snowflake_dag.py
[2025-10-28T16:09:33.297+0000] {processor.py:925} INFO - DAG(s) 'dbt_snowflake_pipeline' retrieved from /home/khaled/airflow/dags/dbt_snowflake_dag.py
[2025-10-28T16:09:33.310+0000] {logging_mixin.py:190} INFO - [2025-10-28T16:09:33.310+0000] {dag.py:3239} INFO - Sync 1 DAGs
[2025-10-28T16:09:33.324+0000] {logging_mixin.py:190} INFO - [2025-10-28T16:09:33.324+0000] {dag.py:4180} INFO - Setting next_dagrun for dbt_snowflake_pipeline to 2025-10-28 00:00:00+00:00, run_after=2025-10-29 00:00:00+00:00
[2025-10-28T16:09:33.357+0000] {processor.py:208} INFO - Processing /home/khaled/airflow/dags/dbt_snowflake_dag.py took 0.076 seconds
[2025-10-28T16:10:37.723+0000] {processor.py:186} INFO - Started process (PID=10722) to work on /home/khaled/airflow/dags/dbt_snowflake_dag.py
[2025-10-28T16:10:37.725+0000] {processor.py:914} INFO - Processing file /home/khaled/airflow/dags/dbt_snowflake_dag.py for tasks to queue
[2025-10-28T16:10:37.726+0000] {logging_mixin.py:190} INFO - [2025-10-28T16:10:37.726+0000] {dagbag.py:588} INFO - Filling up the DagBag from /home/khaled/airflow/dags/dbt_snowflake_dag.py
[2025-10-28T16:10:37.734+0000] {processor.py:925} INFO - DAG(s) 'dbt_snowflake_pipeline' retrieved from /home/khaled/airflow/dags/dbt_snowflake_dag.py
[2025-10-28T16:10:37.745+0000] {logging_mixin.py:190} INFO - [2025-10-28T16:10:37.745+0000] {dag.py:3239} INFO - Sync 1 DAGs
[2025-10-28T16:10:37.760+0000] {logging_mixin.py:190} INFO - [2025-10-28T16:10:37.759+0000] {dag.py:4180} INFO - Setting next_dagrun for dbt_snowflake_pipeline to 2025-10-28 00:00:00+00:00, run_after=2025-10-29 00:00:00+00:00
[2025-10-28T16:10:37.792+0000] {processor.py:208} INFO - Processing /home/khaled/airflow/dags/dbt_snowflake_dag.py took 0.073 seconds
[2025-10-28T16:11:53.351+0000] {processor.py:186} INFO - Started process (PID=10800) to work on /home/khaled/airflow/dags/dbt_snowflake_dag.py
[2025-10-28T16:11:53.361+0000] {processor.py:914} INFO - Processing file /home/khaled/airflow/dags/dbt_snowflake_dag.py for tasks to queue
[2025-10-28T16:11:53.365+0000] {logging_mixin.py:190} INFO - [2025-10-28T16:11:53.364+0000] {dagbag.py:588} INFO - Filling up the DagBag from /home/khaled/airflow/dags/dbt_snowflake_dag.py
[2025-10-28T16:11:53.373+0000] {processor.py:925} INFO - DAG(s) 'dbt_snowflake_pipeline' retrieved from /home/khaled/airflow/dags/dbt_snowflake_dag.py
[2025-10-28T16:11:53.385+0000] {logging_mixin.py:190} INFO - [2025-10-28T16:11:53.384+0000] {dag.py:3239} INFO - Sync 1 DAGs
[2025-10-28T16:11:53.400+0000] {logging_mixin.py:190} INFO - [2025-10-28T16:11:53.400+0000] {dag.py:4180} INFO - Setting next_dagrun for dbt_snowflake_pipeline to 2025-10-28 00:00:00+00:00, run_after=2025-10-29 00:00:00+00:00
[2025-10-28T16:11:53.420+0000] {processor.py:208} INFO - Processing /home/khaled/airflow/dags/dbt_snowflake_dag.py took 0.074 seconds
[2025-10-28T16:13:06.083+0000] {processor.py:186} INFO - Started process (PID=10876) to work on /home/khaled/airflow/dags/dbt_snowflake_dag.py
[2025-10-28T16:13:06.085+0000] {processor.py:914} INFO - Processing file /home/khaled/airflow/dags/dbt_snowflake_dag.py for tasks to queue
[2025-10-28T16:13:06.087+0000] {logging_mixin.py:190} INFO - [2025-10-28T16:13:06.087+0000] {dagbag.py:588} INFO - Filling up the DagBag from /home/khaled/airflow/dags/dbt_snowflake_dag.py
[2025-10-28T16:13:06.096+0000] {processor.py:925} INFO - DAG(s) 'dbt_snowflake_pipeline' retrieved from /home/khaled/airflow/dags/dbt_snowflake_dag.py
[2025-10-28T16:13:06.109+0000] {logging_mixin.py:190} INFO - [2025-10-28T16:13:06.108+0000] {dag.py:3239} INFO - Sync 1 DAGs
[2025-10-28T16:13:06.123+0000] {logging_mixin.py:190} INFO - [2025-10-28T16:13:06.123+0000] {dag.py:4180} INFO - Setting next_dagrun for dbt_snowflake_pipeline to 2025-10-28 00:00:00+00:00, run_after=2025-10-29 00:00:00+00:00
[2025-10-28T16:13:06.155+0000] {processor.py:208} INFO - Processing /home/khaled/airflow/dags/dbt_snowflake_dag.py took 0.076 seconds
[2025-10-28T16:14:20.655+0000] {processor.py:186} INFO - Started process (PID=10953) to work on /home/khaled/airflow/dags/dbt_snowflake_dag.py
[2025-10-28T16:14:20.656+0000] {processor.py:914} INFO - Processing file /home/khaled/airflow/dags/dbt_snowflake_dag.py for tasks to queue
[2025-10-28T16:14:20.658+0000] {logging_mixin.py:190} INFO - [2025-10-28T16:14:20.658+0000] {dagbag.py:588} INFO - Filling up the DagBag from /home/khaled/airflow/dags/dbt_snowflake_dag.py
[2025-10-28T16:14:20.666+0000] {processor.py:925} INFO - DAG(s) 'dbt_snowflake_pipeline' retrieved from /home/khaled/airflow/dags/dbt_snowflake_dag.py
[2025-10-28T16:14:20.679+0000] {logging_mixin.py:190} INFO - [2025-10-28T16:14:20.679+0000] {dag.py:3239} INFO - Sync 1 DAGs
[2025-10-28T16:14:20.694+0000] {logging_mixin.py:190} INFO - [2025-10-28T16:14:20.694+0000] {dag.py:4180} INFO - Setting next_dagrun for dbt_snowflake_pipeline to 2025-10-28 00:00:00+00:00, run_after=2025-10-29 00:00:00+00:00
[2025-10-28T16:14:20.725+0000] {processor.py:208} INFO - Processing /home/khaled/airflow/dags/dbt_snowflake_dag.py took 0.075 seconds
[2025-10-28T16:15:33.322+0000] {processor.py:186} INFO - Started process (PID=11059) to work on /home/khaled/airflow/dags/dbt_snowflake_dag.py
[2025-10-28T16:15:33.334+0000] {processor.py:914} INFO - Processing file /home/khaled/airflow/dags/dbt_snowflake_dag.py for tasks to queue
[2025-10-28T16:15:33.337+0000] {logging_mixin.py:190} INFO - [2025-10-28T16:15:33.336+0000] {dagbag.py:588} INFO - Filling up the DagBag from /home/khaled/airflow/dags/dbt_snowflake_dag.py
[2025-10-28T16:15:33.344+0000] {processor.py:925} INFO - DAG(s) 'dbt_snowflake_pipeline' retrieved from /home/khaled/airflow/dags/dbt_snowflake_dag.py
[2025-10-28T16:15:33.355+0000] {logging_mixin.py:190} INFO - [2025-10-28T16:15:33.355+0000] {dag.py:3239} INFO - Sync 1 DAGs
[2025-10-28T16:15:33.369+0000] {logging_mixin.py:190} INFO - [2025-10-28T16:15:33.369+0000] {dag.py:4180} INFO - Setting next_dagrun for dbt_snowflake_pipeline to 2025-10-28 00:00:00+00:00, run_after=2025-10-29 00:00:00+00:00
[2025-10-28T16:15:33.391+0000] {processor.py:208} INFO - Processing /home/khaled/airflow/dags/dbt_snowflake_dag.py took 0.073 seconds
                                                                                                                                                                                                                                                                                                                                                                                                                                                                                                                                                                                                                                                                                                                                                                                                                                                                                                                                                                                                                                                                                                                                                   