[2025-10-23T11:54:20.234+0000] {local_task_job_runner.py:120} INFO - ::group::Pre task execution logs
[2025-10-23T11:54:20.253+0000] {taskinstance.py:2076} INFO - Dependencies all met for dep_context=non-requeueable deps ti=<TaskInstance: dbt_passenger_count_dag.run_passenger_count_model manual__2025-10-23T11:53:57.377824+00:00 [queued]>
[2025-10-23T11:54:20.259+0000] {taskinstance.py:2076} INFO - Dependencies all met for dep_context=requeueable deps ti=<TaskInstance: dbt_passenger_count_dag.run_passenger_count_model manual__2025-10-23T11:53:57.377824+00:00 [queued]>
[2025-10-23T11:54:20.260+0000] {taskinstance.py:2306} INFO - Starting attempt 1 of 2
[2025-10-23T11:54:20.283+0000] {taskinstance.py:2330} INFO - Executing <Task(BashOperator): run_passenger_count_model> on 2025-10-23 11:53:57.377824+00:00
[2025-10-23T11:54:20.287+0000] {standard_task_runner.py:64} INFO - Started process 9281 to run task
[2025-10-23T11:54:20.292+0000] {standard_task_runner.py:90} INFO - Running: ['airflow', 'tasks', 'run', 'dbt_passenger_count_dag', 'run_passenger_count_model', 'manual__2025-10-23T11:53:57.377824+00:00', '--job-id', '34', '--raw', '--subdir', 'DAGS_FOLDER/dbt_passenger_dag.py', '--cfg-path', '/tmp/tmppvhuz4fn']
[2025-10-23T11:54:20.294+0000] {standard_task_runner.py:91} INFO - Job 34: Subtask run_passenger_count_model
[2025-10-23T11:54:20.336+0000] {task_command.py:426} INFO - Running <TaskInstance: dbt_passenger_count_dag.run_passenger_count_model manual__2025-10-23T11:53:57.377824+00:00 [running]> on host ubun
[2025-10-23T11:54:20.392+0000] {taskinstance.py:2648} INFO - Exporting env vars: AIRFLOW_CTX_DAG_OWNER='khaled' AIRFLOW_CTX_DAG_ID='dbt_passenger_count_dag' AIRFLOW_CTX_TASK_ID='run_passenger_count_model' AIRFLOW_CTX_EXECUTION_DATE='2025-10-23T11:53:57.377824+00:00' AIRFLOW_CTX_TRY_NUMBER='1' AIRFLOW_CTX_DAG_RUN_ID='manual__2025-10-23T11:53:57.377824+00:00'
[2025-10-23T11:54:20.393+0000] {taskinstance.py:430} INFO - ::endgroup::
[2025-10-23T11:54:20.394+0000] {subprocess.py:63} INFO - Tmp dir root location: /tmp
[2025-10-23T11:54:20.394+0000] {subprocess.py:75} INFO - Running command: ['/usr/bin/bash', '-c', '\n        set -e\n        source /home/khaled/dbt-env/bin/activate &&         cd /home/khaled/fat/taxi_driver_project &&         dbt run --select example.marts.Passenger_Count_Dim >> /home/khaled/airflow/logs/dbt/passenger_count.log 2>&1\n        ']
[2025-10-23T11:54:20.400+0000] {subprocess.py:86} INFO - Output:
[2025-10-23T11:54:27.736+0000] {subprocess.py:97} INFO - Command exited with return code 0
[2025-10-23T11:54:27.740+0000] {taskinstance.py:441} INFO - ::group::Post task execution logs
[2025-10-23T11:54:27.796+0000] {taskinstance.py:1206} INFO - Marking task as SUCCESS. dag_id=dbt_passenger_count_dag, task_id=run_passenger_count_model, run_id=manual__2025-10-23T11:53:57.377824+00:00, execution_date=20251023T115357, start_date=20251023T115420, end_date=20251023T115427
[2025-10-23T11:54:27.911+0000] {local_task_job_runner.py:243} INFO - Task exited with return code 0
[2025-10-23T11:54:27.928+0000] {taskinstance.py:3503} INFO - 1 downstream tasks scheduled from follow-on schedule check
[2025-10-23T11:54:27.938+0000] {local_task_job_runner.py:222} INFO - ::endgroup::
