[2025-10-22T12:21:54.443+0000] {local_task_job_runner.py:120} INFO - ::group::Pre task execution logs
[2025-10-22T12:21:54.456+0000] {taskinstance.py:2076} INFO - Dependencies all met for dep_context=non-requeueable deps ti=<TaskInstance: dbt_passenger_count_dag.run_passenger_count_model manual__2025-10-22T12:20:20.774000+00:00 [queued]>
[2025-10-22T12:21:54.461+0000] {taskinstance.py:2076} INFO - Dependencies all met for dep_context=requeueable deps ti=<TaskInstance: dbt_passenger_count_dag.run_passenger_count_model manual__2025-10-22T12:20:20.774000+00:00 [queued]>
[2025-10-22T12:21:54.461+0000] {taskinstance.py:2306} INFO - Starting attempt 1 of 2
[2025-10-22T12:21:54.477+0000] {taskinstance.py:2330} INFO - Executing <Task(BashOperator): run_passenger_count_model> on 2025-10-22 12:20:20.774000+00:00
[2025-10-22T12:21:54.480+0000] {standard_task_runner.py:64} INFO - Started process 10487 to run task
[2025-10-22T12:21:54.484+0000] {standard_task_runner.py:90} INFO - Running: ['airflow', 'tasks', 'run', 'dbt_passenger_count_dag', 'run_passenger_count_model', 'manual__2025-10-22T12:20:20.774000+00:00', '--job-id', '24', '--raw', '--subdir', 'DAGS_FOLDER/dbt_passenger_dag.py', '--cfg-path', '/tmp/tmpw6uczm5r']
[2025-10-22T12:21:54.485+0000] {standard_task_runner.py:91} INFO - Job 24: Subtask run_passenger_count_model
[2025-10-22T12:21:54.516+0000] {task_command.py:426} INFO - Running <TaskInstance: dbt_passenger_count_dag.run_passenger_count_model manual__2025-10-22T12:20:20.774000+00:00 [running]> on host ubun
[2025-10-22T12:21:54.554+0000] {taskinstance.py:2648} INFO - Exporting env vars: AIRFLOW_CTX_DAG_OWNER='khaled' AIRFLOW_CTX_DAG_ID='dbt_passenger_count_dag' AIRFLOW_CTX_TASK_ID='run_passenger_count_model' AIRFLOW_CTX_EXECUTION_DATE='2025-10-22T12:20:20.774000+00:00' AIRFLOW_CTX_TRY_NUMBER='1' AIRFLOW_CTX_DAG_RUN_ID='manual__2025-10-22T12:20:20.774000+00:00'
[2025-10-22T12:21:54.555+0000] {taskinstance.py:430} INFO - ::endgroup::
[2025-10-22T12:21:54.555+0000] {subprocess.py:63} INFO - Tmp dir root location: /tmp
[2025-10-22T12:21:54.556+0000] {subprocess.py:75} INFO - Running command: ['/usr/bin/bash', '-c', '\n        set -e\n        # Activate virtual environment\n        source /home/khaled/dbt-env/bin/activate\n        # Change to DBT project directory\n        cd /home/khaled/fat/taxi_driver_project\n        # Check dbt binary\n        which dbt\n        # Run DBT model with full path notation\n        dbt run --select example.marts.Passenger_Count_Dim >> /home/khaled/airflow/logs/dbt/passenger_count.log 2>&1\n        ']
[2025-10-22T12:21:54.560+0000] {subprocess.py:86} INFO - Output:
[2025-10-22T12:21:54.564+0000] {subprocess.py:93} INFO - /home/khaled/dbt-env/bin/dbt
[2025-10-22T12:22:06.239+0000] {subprocess.py:97} INFO - Command exited with return code 1
[2025-10-22T12:22:06.240+0000] {taskinstance.py:441} INFO - ::group::Post task execution logs
[2025-10-22T12:22:06.244+0000] {taskinstance.py:2905} ERROR - Task failed with exception
Traceback (most recent call last):
  File "/home/khaled/dbt-env/lib/python3.12/site-packages/airflow/models/taskinstance.py", line 465, in _execute_task
    result = _execute_callable(context=context, **execute_callable_kwargs)
             ^^^^^^^^^^^^^^^^^^^^^^^^^^^^^^^^^^^^^^^^^^^^^^^^^^^^^^^^^^^^^
  File "/home/khaled/dbt-env/lib/python3.12/site-packages/airflow/models/taskinstance.py", line 432, in _execute_callable
    return execute_callable(context=context, **execute_callable_kwargs)
           ^^^^^^^^^^^^^^^^^^^^^^^^^^^^^^^^^^^^^^^^^^^^^^^^^^^^^^^^^^^^
  File "/home/khaled/dbt-env/lib/python3.12/site-packages/airflow/models/baseoperator.py", line 401, in wrapper
    return func(self, *args, **kwargs)
           ^^^^^^^^^^^^^^^^^^^^^^^^^^^
  File "/home/khaled/dbt-env/lib/python3.12/site-packages/airflow/operators/bash.py", line 243, in execute
    raise AirflowException(
airflow.exceptions.AirflowException: Bash command failed. The command returned a non-zero exit code 1.
[2025-10-22T12:22:06.246+0000] {taskinstance.py:1206} INFO - Marking task as UP_FOR_RETRY. dag_id=dbt_passenger_count_dag, task_id=run_passenger_count_model, run_id=manual__2025-10-22T12:20:20.774000+00:00, execution_date=20251022T122020, start_date=20251022T122154, end_date=20251022T122206
[2025-10-22T12:22:06.271+0000] {standard_task_runner.py:110} ERROR - Failed to execute job 24 for task run_passenger_count_model (Bash command failed. The command returned a non-zero exit code 1.; 10487)
[2025-10-22T12:22:06.293+0000] {local_task_job_runner.py:243} INFO - Task exited with return code 1
[2025-10-22T12:22:06.304+0000] {taskinstance.py:3503} INFO - 0 downstream tasks scheduled from follow-on schedule check
[2025-10-22T12:22:06.304+0000] {local_task_job_runner.py:222} INFO - ::endgroup::
