[2025-10-23T11:39:24.587+0000] {processor.py:161} INFO - Started process (PID=5951) to work on /home/khaled/dbt-env/lib/python3.12/site-packages/airflow/example_dags/example_latest_only.py
[2025-10-23T11:39:24.588+0000] {processor.py:830} INFO - Processing file /home/khaled/dbt-env/lib/python3.12/site-packages/airflow/example_dags/example_latest_only.py for tasks to queue
[2025-10-23T11:39:24.589+0000] {logging_mixin.py:188} INFO - [2025-10-23T11:39:24.589+0000] {dagbag.py:545} INFO - Filling up the DagBag from /home/khaled/dbt-env/lib/python3.12/site-packages/airflow/example_dags/example_latest_only.py
[2025-10-23T11:39:24.594+0000] {processor.py:840} INFO - DAG(s) 'latest_only' retrieved from /home/khaled/dbt-env/lib/python3.12/site-packages/airflow/example_dags/example_latest_only.py
[2025-10-23T11:39:24.613+0000] {logging_mixin.py:188} INFO - [2025-10-23T11:39:24.613+0000] {dag.py:3089} INFO - Sync 1 DAGs
[2025-10-23T11:39:24.635+0000] {logging_mixin.py:188} INFO - [2025-10-23T11:39:24.635+0000] {dag.py:3947} INFO - Setting next_dagrun for latest_only to 2025-10-23 04:00:00+00:00, run_after=2025-10-23 08:00:00+00:00
[2025-10-23T11:39:24.683+0000] {processor.py:183} INFO - Processing /home/khaled/dbt-env/lib/python3.12/site-packages/airflow/example_dags/example_latest_only.py took 0.101 seconds
[2025-10-23T11:55:00.758+0000] {processor.py:161} INFO - Started process (PID=9555) to work on /home/khaled/dbt-env/lib/python3.12/site-packages/airflow/example_dags/example_latest_only.py
[2025-10-23T11:55:00.768+0000] {processor.py:830} INFO - Processing file /home/khaled/dbt-env/lib/python3.12/site-packages/airflow/example_dags/example_latest_only.py for tasks to queue
[2025-10-23T11:55:00.770+0000] {logging_mixin.py:188} INFO - [2025-10-23T11:55:00.770+0000] {dagbag.py:545} INFO - Filling up the DagBag from /home/khaled/dbt-env/lib/python3.12/site-packages/airflow/example_dags/example_latest_only.py
[2025-10-23T11:55:00.774+0000] {processor.py:840} INFO - DAG(s) 'latest_only' retrieved from /home/khaled/dbt-env/lib/python3.12/site-packages/airflow/example_dags/example_latest_only.py
[2025-10-23T11:55:00.789+0000] {logging_mixin.py:188} INFO - [2025-10-23T11:55:00.788+0000] {dag.py:3089} INFO - Sync 1 DAGs
[2025-10-23T11:55:00.803+0000] {logging_mixin.py:188} INFO - [2025-10-23T11:55:00.803+0000] {dag.py:3947} INFO - Setting next_dagrun for latest_only to 2025-10-23 04:00:00+00:00, run_after=2025-10-23 08:00:00+00:00
[2025-10-23T11:55:00.823+0000] {processor.py:183} INFO - Processing /home/khaled/dbt-env/lib/python3.12/site-packages/airflow/example_dags/example_latest_only.py took 0.071 seconds
[2025-10-23T11:56:00.652+0000] {processor.py:161} INFO - Started process (PID=9807) to work on /home/khaled/dbt-env/lib/python3.12/site-packages/airflow/example_dags/example_latest_only.py
[2025-10-23T11:56:00.665+0000] {processor.py:830} INFO - Processing file /home/khaled/dbt-env/lib/python3.12/site-packages/airflow/example_dags/example_latest_only.py for tasks to queue
[2025-10-23T11:56:00.666+0000] {logging_mixin.py:188} INFO - [2025-10-23T11:56:00.666+0000] {dagbag.py:545} INFO - Filling up the DagBag from /home/khaled/dbt-env/lib/python3.12/site-packages/airflow/example_dags/example_latest_only.py
[2025-10-23T11:56:00.670+0000] {processor.py:840} INFO - DAG(s) 'latest_only' retrieved from /home/khaled/dbt-env/lib/python3.12/site-packages/airflow/example_dags/example_latest_only.py
[2025-10-23T11:56:00.683+0000] {logging_mixin.py:188} INFO - [2025-10-23T11:56:00.683+0000] {dag.py:3089} INFO - Sync 1 DAGs
[2025-10-23T11:56:00.697+0000] {logging_mixin.py:188} INFO - [2025-10-23T11:56:00.697+0000] {dag.py:3947} INFO - Setting next_dagrun for latest_only to 2025-10-23 04:00:00+00:00, run_after=2025-10-23 08:00:00+00:00
[2025-10-23T11:56:00.721+0000] {processor.py:183} INFO - Processing /home/khaled/dbt-env/lib/python3.12/site-packages/airflow/example_dags/example_latest_only.py took 0.073 seconds
[2025-10-23T11:57:31.926+0000] {processor.py:161} INFO - Started process (PID=10003) to work on /home/khaled/dbt-env/lib/python3.12/site-packages/airflow/example_dags/example_latest_only.py
[2025-10-23T11:57:31.937+0000] {processor.py:830} INFO - Processing file /home/khaled/dbt-env/lib/python3.12/site-packages/airflow/example_dags/example_latest_only.py for tasks to queue
[2025-10-23T11:57:31.939+0000] {logging_mixin.py:188} INFO - [2025-10-23T11:57:31.938+0000] {dagbag.py:545} INFO - Filling up the DagBag from /home/khaled/dbt-env/lib/python3.12/site-packages/airflow/example_dags/example_latest_only.py
[2025-10-23T11:57:31.945+0000] {processor.py:840} INFO - DAG(s) 'latest_only' retrieved from /home/khaled/dbt-env/lib/python3.12/site-packages/airflow/example_dags/example_latest_only.py
[2025-10-23T11:57:31.959+0000] {logging_mixin.py:188} INFO - [2025-10-23T11:57:31.959+0000] {dag.py:3089} INFO - Sync 1 DAGs
[2025-10-23T11:57:31.978+0000] {logging_mixin.py:188} INFO - [2025-10-23T11:57:31.978+0000] {dag.py:3947} INFO - Setting next_dagrun for latest_only to 2025-10-23 04:00:00+00:00, run_after=2025-10-23 08:00:00+00:00
[2025-10-23T11:57:32.008+0000] {processor.py:183} INFO - Processing /home/khaled/dbt-env/lib/python3.12/site-packages/airflow/example_dags/example_latest_only.py took 0.088 seconds
[2025-10-23T11:58:25.478+0000] {processor.py:161} INFO - Started process (PID=10067) to work on /home/khaled/dbt-env/lib/python3.12/site-packages/airflow/example_dags/example_latest_only.py
[2025-10-23T11:58:25.490+0000] {processor.py:830} INFO - Processing file /home/khaled/dbt-env/lib/python3.12/site-packages/airflow/example_dags/example_latest_only.py for tasks to queue
[2025-10-23T11:58:25.491+0000] {logging_mixin.py:188} INFO - [2025-10-23T11:58:25.491+0000] {dagbag.py:545} INFO - Filling up the DagBag from /home/khaled/dbt-env/lib/python3.12/site-packages/airflow/example_dags/example_latest_only.py
[2025-10-23T11:58:25.495+0000] {processor.py:840} INFO - DAG(s) 'latest_only' retrieved from /home/khaled/dbt-env/lib/python3.12/site-packages/airflow/example_dags/example_latest_only.py
[2025-10-23T11:58:25.510+0000] {logging_mixin.py:188} INFO - [2025-10-23T11:58:25.510+0000] {dag.py:3089} INFO - Sync 1 DAGs
[2025-10-23T11:58:25.528+0000] {logging_mixin.py:188} INFO - [2025-10-23T11:58:25.528+0000] {dag.py:3947} INFO - Setting next_dagrun for latest_only to 2025-10-23 04:00:00+00:00, run_after=2025-10-23 08:00:00+00:00
[2025-10-23T11:58:25.552+0000] {processor.py:183} INFO - Processing /home/khaled/dbt-env/lib/python3.12/site-packages/airflow/example_dags/example_latest_only.py took 0.078 seconds
[2025-10-23T12:00:25.383+0000] {processor.py:161} INFO - Started process (PID=10228) to work on /home/khaled/dbt-env/lib/python3.12/site-packages/airflow/example_dags/example_latest_only.py
[2025-10-23T12:00:25.394+0000] {processor.py:830} INFO - Processing file /home/khaled/dbt-env/lib/python3.12/site-packages/airflow/example_dags/example_latest_only.py for tasks to queue
[2025-10-23T12:00:25.404+0000] {logging_mixin.py:188} INFO - [2025-10-23T12:00:25.398+0000] {dagbag.py:545} INFO - Filling up the DagBag from /home/khaled/dbt-env/lib/python3.12/site-packages/airflow/example_dags/example_latest_only.py
[2025-10-23T12:00:25.411+0000] {processor.py:840} INFO - DAG(s) 'latest_only' retrieved from /home/khaled/dbt-env/lib/python3.12/site-packages/airflow/example_dags/example_latest_only.py
[2025-10-23T12:00:25.427+0000] {logging_mixin.py:188} INFO - [2025-10-23T12:00:25.426+0000] {dag.py:3089} INFO - Sync 1 DAGs
[2025-10-23T12:00:25.442+0000] {logging_mixin.py:188} INFO - [2025-10-23T12:00:25.442+0000] {dag.py:3947} INFO - Setting next_dagrun for latest_only to 2025-10-23 08:00:00+00:00, run_after=2025-10-23 12:00:00+00:00
[2025-10-23T12:00:25.461+0000] {processor.py:183} INFO - Processing /home/khaled/dbt-env/lib/python3.12/site-packages/airflow/example_dags/example_latest_only.py took 0.085 seconds
[2025-10-23T12:01:15.743+0000] {processor.py:161} INFO - Started process (PID=10376) to work on /home/khaled/dbt-env/lib/python3.12/site-packages/airflow/example_dags/example_latest_only.py
[2025-10-23T12:01:15.745+0000] {processor.py:830} INFO - Processing file /home/khaled/dbt-env/lib/python3.12/site-packages/airflow/example_dags/example_latest_only.py for tasks to queue
[2025-10-23T12:01:15.746+0000] {logging_mixin.py:188} INFO - [2025-10-23T12:01:15.746+0000] {dagbag.py:545} INFO - Filling up the DagBag from /home/khaled/dbt-env/lib/python3.12/site-packages/airflow/example_dags/example_latest_only.py
[2025-10-23T12:01:15.750+0000] {processor.py:840} INFO - DAG(s) 'latest_only' retrieved from /home/khaled/dbt-env/lib/python3.12/site-packages/airflow/example_dags/example_latest_only.py
[2025-10-23T12:01:15.762+0000] {logging_mixin.py:188} INFO - [2025-10-23T12:01:15.761+0000] {dag.py:3089} INFO - Sync 1 DAGs
[2025-10-23T12:01:15.776+0000] {logging_mixin.py:188} INFO - [2025-10-23T12:01:15.776+0000] {dag.py:3947} INFO - Setting next_dagrun for latest_only to 2025-10-23 08:00:00+00:00, run_after=2025-10-23 12:00:00+00:00
[2025-10-23T12:01:15.801+0000] {processor.py:183} INFO - Processing /home/khaled/dbt-env/lib/python3.12/site-packages/airflow/example_dags/example_latest_only.py took 0.063 seconds
[2025-10-23T12:02:48.939+0000] {processor.py:161} INFO - Started process (PID=10653) to work on /home/khaled/dbt-env/lib/python3.12/site-packages/airflow/example_dags/example_latest_only.py
[2025-10-23T12:02:48.943+0000] {processor.py:830} INFO - Processing file /home/khaled/dbt-env/lib/python3.12/site-packages/airflow/example_dags/example_latest_only.py for tasks to queue
[2025-10-23T12:02:48.945+0000] {logging_mixin.py:188} INFO - [2025-10-23T12:02:48.945+0000] {dagbag.py:545} INFO - Filling up the DagBag from /home/khaled/dbt-env/lib/python3.12/site-packages/airflow/example_dags/example_latest_only.py
[2025-10-23T12:02:48.950+0000] {processor.py:840} INFO - DAG(s) 'latest_only' retrieved from /home/khaled/dbt-env/lib/python3.12/site-packages/airflow/example_dags/example_latest_only.py
[2025-10-23T12:02:48.963+0000] {logging_mixin.py:188} INFO - [2025-10-23T12:02:48.963+0000] {dag.py:3089} INFO - Sync 1 DAGs
[2025-10-23T12:02:48.980+0000] {logging_mixin.py:188} INFO - [2025-10-23T12:02:48.979+0000] {dag.py:3947} INFO - Setting next_dagrun for latest_only to 2025-10-23 08:00:00+00:00, run_after=2025-10-23 12:00:00+00:00
[2025-10-23T12:02:49.002+0000] {processor.py:183} INFO - Processing /home/khaled/dbt-env/lib/python3.12/site-packages/airflow/example_dags/example_latest_only.py took 0.067 seconds
[2025-10-23T12:04:02.222+0000] {processor.py:161} INFO - Started process (PID=10754) to work on /home/khaled/dbt-env/lib/python3.12/site-packages/airflow/example_dags/example_latest_only.py
[2025-10-23T12:04:02.231+0000] {processor.py:830} INFO - Processing file /home/khaled/dbt-env/lib/python3.12/site-packages/airflow/example_dags/example_latest_only.py for tasks to queue
[2025-10-23T12:04:02.256+0000] {logging_mixin.py:188} INFO - [2025-10-23T12:04:02.251+0000] {dagbag.py:545} INFO - Filling up the DagBag from /home/khaled/dbt-env/lib/python3.12/site-packages/airflow/example_dags/example_latest_only.py
[2025-10-23T12:04:02.346+0000] {processor.py:840} INFO - DAG(s) 'latest_only' retrieved from /home/khaled/dbt-env/lib/python3.12/site-packages/airflow/example_dags/example_latest_only.py
[2025-10-23T12:04:02.450+0000] {logging_mixin.py:188} INFO - [2025-10-23T12:04:02.449+0000] {dag.py:3089} INFO - Sync 1 DAGs
[2025-10-23T12:04:02.730+0000] {logging_mixin.py:188} INFO - [2025-10-23T12:04:02.729+0000] {dag.py:3947} INFO - Setting next_dagrun for latest_only to 2025-10-23 08:00:00+00:00, run_after=2025-10-23 12:00:00+00:00
[2025-10-23T12:04:02.996+0000] {processor.py:183} INFO - Processing /home/khaled/dbt-env/lib/python3.12/site-packages/airflow/example_dags/example_latest_only.py took 0.785 seconds
[2025-10-23T12:05:07.138+0000] {processor.py:161} INFO - Started process (PID=11156) to work on /home/khaled/dbt-env/lib/python3.12/site-packages/airflow/example_dags/example_latest_only.py
[2025-10-23T12:05:07.148+0000] {processor.py:830} INFO - Processing file /home/khaled/dbt-env/lib/python3.12/site-packages/airflow/example_dags/example_latest_only.py for tasks to queue
[2025-10-23T12:05:07.151+0000] {logging_mixin.py:188} INFO - [2025-10-23T12:05:07.150+0000] {dagbag.py:545} INFO - Filling up the DagBag from /home/khaled/dbt-env/lib/python3.12/site-packages/airflow/example_dags/example_latest_only.py
[2025-10-23T12:05:07.155+0000] {processor.py:840} INFO - DAG(s) 'latest_only' retrieved from /home/khaled/dbt-env/lib/python3.12/site-packages/airflow/example_dags/example_latest_only.py
[2025-10-23T12:05:07.168+0000] {logging_mixin.py:188} INFO - [2025-10-23T12:05:07.168+0000] {dag.py:3089} INFO - Sync 1 DAGs
[2025-10-23T12:05:07.184+0000] {logging_mixin.py:188} INFO - [2025-10-23T12:05:07.184+0000] {dag.py:3947} INFO - Setting next_dagrun for latest_only to 2025-10-23 08:00:00+00:00, run_after=2025-10-23 12:00:00+00:00
[2025-10-23T12:05:07.205+0000] {processor.py:183} INFO - Processing /home/khaled/dbt-env/lib/python3.12/site-packages/airflow/example_dags/example_latest_only.py took 0.073 seconds
[2025-10-23T12:05:52.422+0000] {processor.py:161} INFO - Started process (PID=11234) to work on /home/khaled/dbt-env/lib/python3.12/site-packages/airflow/example_dags/example_latest_only.py
[2025-10-23T12:05:52.426+0000] {processor.py:830} INFO - Processing file /home/khaled/dbt-env/lib/python3.12/site-packages/airflow/example_dags/example_latest_only.py for tasks to queue
[2025-10-23T12:05:52.427+0000] {logging_mixin.py:188} INFO - [2025-10-23T12:05:52.427+0000] {dagbag.py:545} INFO - Filling up the DagBag from /home/khaled/dbt-env/lib/python3.12/site-packages/airflow/example_dags/example_latest_only.py
[2025-10-23T12:05:52.433+0000] {processor.py:840} INFO - DAG(s) 'latest_only' retrieved from /home/khaled/dbt-env/lib/python3.12/site-packages/airflow/example_dags/example_latest_only.py
[2025-10-23T12:05:52.450+0000] {logging_mixin.py:188} INFO - [2025-10-23T12:05:52.450+0000] {dag.py:3089} INFO - Sync 1 DAGs
[2025-10-23T12:05:52.468+0000] {logging_mixin.py:188} INFO - [2025-10-23T12:05:52.468+0000] {dag.py:3947} INFO - Setting next_dagrun for latest_only to 2025-10-23 08:00:00+00:00, run_after=2025-10-23 12:00:00+00:00
[2025-10-23T12:05:52.605+0000] {processor.py:183} INFO - Processing /home/khaled/dbt-env/lib/python3.12/site-packages/airflow/example_dags/example_latest_only.py took 0.187 seconds
[2025-10-23T12:06:41.895+0000] {processor.py:161} INFO - Started process (PID=11301) to work on /home/khaled/dbt-env/lib/python3.12/site-packages/airflow/example_dags/example_latest_only.py
[2025-10-23T12:06:41.896+0000] {processor.py:830} INFO - Processing file /home/khaled/dbt-env/lib/python3.12/site-packages/airflow/example_dags/example_latest_only.py for tasks to queue
[2025-10-23T12:06:41.898+0000] {logging_mixin.py:188} INFO - [2025-10-23T12:06:41.897+0000] {dagbag.py:545} INFO - Filling up the DagBag from /home/khaled/dbt-env/lib/python3.12/site-packages/airflow/example_dags/example_latest_only.py
[2025-10-23T12:06:41.901+0000] {processor.py:840} INFO - DAG(s) 'latest_only' retrieved from /home/khaled/dbt-env/lib/python3.12/site-packages/airflow/example_dags/example_latest_only.py
[2025-10-23T12:06:41.913+0000] {logging_mixin.py:188} INFO - [2025-10-23T12:06:41.913+0000] {dag.py:3089} INFO - Sync 1 DAGs
[2025-10-23T12:06:41.927+0000] {logging_mixin.py:188} INFO - [2025-10-23T12:06:41.927+0000] {dag.py:3947} INFO - Setting next_dagrun for latest_only to 2025-10-23 08:00:00+00:00, run_after=2025-10-23 12:00:00+00:00
[2025-10-23T12:06:41.947+0000] {processor.py:183} INFO - Processing /home/khaled/dbt-env/lib/python3.12/site-packages/airflow/example_dags/example_latest_only.py took 0.058 seconds
[2025-10-23T12:07:50.814+0000] {processor.py:161} INFO - Started process (PID=11389) to work on /home/khaled/dbt-env/lib/python3.12/site-packages/airflow/example_dags/example_latest_only.py
[2025-10-23T12:07:50.816+0000] {processor.py:830} INFO - Processing file /home/khaled/dbt-env/lib/python3.12/site-packages/airflow/example_dags/example_latest_only.py for tasks to queue
[2025-10-23T12:07:50.818+0000] {logging_mixin.py:188} INFO - [2025-10-23T12:07:50.817+0000] {dagbag.py:545} INFO - Filling up the DagBag from /home/khaled/dbt-env/lib/python3.12/site-packages/airflow/example_dags/example_latest_only.py
[2025-10-23T12:07:50.821+0000] {processor.py:840} INFO - DAG(s) 'latest_only' retrieved from /home/khaled/dbt-env/lib/python3.12/site-packages/airflow/example_dags/example_latest_only.py
[2025-10-23T12:07:50.835+0000] {logging_mixin.py:188} INFO - [2025-10-23T12:07:50.835+0000] {dag.py:3089} INFO - Sync 1 DAGs
[2025-10-23T12:07:50.852+0000] {logging_mixin.py:188} INFO - [2025-10-23T12:07:50.852+0000] {dag.py:3947} INFO - Setting next_dagrun for latest_only to 2025-10-23 08:00:00+00:00, run_after=2025-10-23 12:00:00+00:00
[2025-10-23T12:07:50.872+0000] {processor.py:183} INFO - Processing /home/khaled/dbt-env/lib/python3.12/site-packages/airflow/example_dags/example_latest_only.py took 0.064 seconds
[2025-10-23T12:08:59.668+0000] {processor.py:161} INFO - Started process (PID=11526) to work on /home/khaled/dbt-env/lib/python3.12/site-packages/airflow/example_dags/example_latest_only.py
[2025-10-23T12:08:59.679+0000] {processor.py:830} INFO - Processing file /home/khaled/dbt-env/lib/python3.12/site-packages/airflow/example_dags/example_latest_only.py for tasks to queue
[2025-10-23T12:08:59.681+0000] {logging_mixin.py:188} INFO - [2025-10-23T12:08:59.681+0000] {dagbag.py:545} INFO - Filling up the DagBag from /home/khaled/dbt-env/lib/python3.12/site-packages/airflow/example_dags/example_latest_only.py
[2025-10-23T12:08:59.685+0000] {processor.py:840} INFO - DAG(s) 'latest_only' retrieved from /home/khaled/dbt-env/lib/python3.12/site-packages/airflow/example_dags/example_latest_only.py
[2025-10-23T12:08:59.798+0000] {logging_mixin.py:188} INFO - [2025-10-23T12:08:59.798+0000] {dag.py:3089} INFO - Sync 1 DAGs
[2025-10-23T12:08:59.810+0000] {logging_mixin.py:188} INFO - [2025-10-23T12:08:59.809+0000] {dag.py:3947} INFO - Setting next_dagrun for latest_only to 2025-10-23 08:00:00+00:00, run_after=2025-10-23 12:00:00+00:00
[2025-10-23T12:08:59.829+0000] {processor.py:183} INFO - Processing /home/khaled/dbt-env/lib/python3.12/site-packages/airflow/example_dags/example_latest_only.py took 0.165 seconds
[2025-10-23T12:09:47.446+0000] {processor.py:161} INFO - Started process (PID=11634) to work on /home/khaled/dbt-env/lib/python3.12/site-packages/airflow/example_dags/example_latest_only.py
[2025-10-23T12:09:47.447+0000] {processor.py:830} INFO - Processing file /home/khaled/dbt-env/lib/python3.12/site-packages/airflow/example_dags/example_latest_only.py for tasks to queue
[2025-10-23T12:09:47.448+0000] {logging_mixin.py:188} INFO - [2025-10-23T12:09:47.448+0000] {dagbag.py:545} INFO - Filling up the DagBag from /home/khaled/dbt-env/lib/python3.12/site-packages/airflow/example_dags/example_latest_only.py
[2025-10-23T12:09:47.452+0000] {processor.py:840} INFO - DAG(s) 'latest_only' retrieved from /home/khaled/dbt-env/lib/python3.12/site-packages/airflow/example_dags/example_latest_only.py
[2025-10-23T12:09:47.464+0000] {logging_mixin.py:188} INFO - [2025-10-23T12:09:47.464+0000] {dag.py:3089} INFO - Sync 1 DAGs
[2025-10-23T12:09:47.478+0000] {logging_mixin.py:188} INFO - [2025-10-23T12:09:47.478+0000] {dag.py:3947} INFO - Setting next_dagrun for latest_only to 2025-10-23 08:00:00+00:00, run_after=2025-10-23 12:00:00+00:00
[2025-10-23T12:09:47.496+0000] {processor.py:183} INFO - Processing /home/khaled/dbt-env/lib/python3.12/site-packages/airflow/example_dags/example_latest_only.py took 0.056 seconds
[2025-10-23T12:10:34.596+0000] {processor.py:161} INFO - Started process (PID=11690) to work on /home/khaled/dbt-env/lib/python3.12/site-packages/airflow/example_dags/example_latest_only.py
[2025-10-23T12:10:34.598+0000] {processor.py:830} INFO - Processing file /home/khaled/dbt-env/lib/python3.12/site-packages/airflow/example_dags/example_latest_only.py for tasks to queue
[2025-10-23T12:10:34.599+0000] {logging_mixin.py:188} INFO - [2025-10-23T12:10:34.599+0000] {dagbag.py:545} INFO - Filling up the DagBag from /home/khaled/dbt-env/lib/python3.12/site-packages/airflow/example_dags/example_latest_only.py
[2025-10-23T12:10:34.604+0000] {processor.py:840} INFO - DAG(s) 'latest_only' retrieved from /home/khaled/dbt-env/lib/python3.12/site-packages/airflow/example_dags/example_latest_only.py
[2025-10-23T12:10:34.617+0000] {logging_mixin.py:188} INFO - [2025-10-23T12:10:34.617+0000] {dag.py:3089} INFO - Sync 1 DAGs
[2025-10-23T12:10:34.632+0000] {logging_mixin.py:188} INFO - [2025-10-23T12:10:34.632+0000] {dag.py:3947} INFO - Setting next_dagrun for latest_only to 2025-10-23 08:00:00+00:00, run_after=2025-10-23 12:00:00+00:00
[2025-10-23T12:10:34.652+0000] {processor.py:183} INFO - Processing /home/khaled/dbt-env/lib/python3.12/site-packages/airflow/example_dags/example_latest_only.py took 0.062 seconds
