[2025-10-23T11:39:16.127+0000] {processor.py:161} INFO - Started process (PID=5939) to work on /home/khaled/dbt-env/lib/python3.12/site-packages/airflow/example_dags/example_python_operator.py
[2025-10-23T11:39:16.129+0000] {processor.py:830} INFO - Processing file /home/khaled/dbt-env/lib/python3.12/site-packages/airflow/example_dags/example_python_operator.py for tasks to queue
[2025-10-23T11:39:16.130+0000] {logging_mixin.py:188} INFO - [2025-10-23T11:39:16.130+0000] {dagbag.py:545} INFO - Filling up the DagBag from /home/khaled/dbt-env/lib/python3.12/site-packages/airflow/example_dags/example_python_operator.py
[2025-10-23T11:39:16.138+0000] {logging_mixin.py:188} INFO - [2025-10-23T11:39:16.137+0000] {example_python_operator.py:93} WARNING - The virtalenv_python example task requires virtualenv, please install it.
[2025-10-23T11:39:16.139+0000] {processor.py:840} INFO - DAG(s) 'example_python_operator' retrieved from /home/khaled/dbt-env/lib/python3.12/site-packages/airflow/example_dags/example_python_operator.py
[2025-10-23T11:39:16.161+0000] {logging_mixin.py:188} INFO - [2025-10-23T11:39:16.161+0000] {dag.py:3089} INFO - Sync 1 DAGs
[2025-10-23T11:39:16.187+0000] {logging_mixin.py:188} INFO - [2025-10-23T11:39:16.187+0000] {dag.py:3947} INFO - Setting next_dagrun for example_python_operator to None, run_after=None
[2025-10-23T11:39:16.240+0000] {processor.py:183} INFO - Processing /home/khaled/dbt-env/lib/python3.12/site-packages/airflow/example_dags/example_python_operator.py took 0.122 seconds
[2025-10-23T11:54:53.071+0000] {processor.py:161} INFO - Started process (PID=9543) to work on /home/khaled/dbt-env/lib/python3.12/site-packages/airflow/example_dags/example_python_operator.py
[2025-10-23T11:54:53.083+0000] {processor.py:830} INFO - Processing file /home/khaled/dbt-env/lib/python3.12/site-packages/airflow/example_dags/example_python_operator.py for tasks to queue
[2025-10-23T11:54:53.085+0000] {logging_mixin.py:188} INFO - [2025-10-23T11:54:53.085+0000] {dagbag.py:545} INFO - Filling up the DagBag from /home/khaled/dbt-env/lib/python3.12/site-packages/airflow/example_dags/example_python_operator.py
[2025-10-23T11:54:53.090+0000] {logging_mixin.py:188} INFO - [2025-10-23T11:54:53.090+0000] {example_python_operator.py:93} WARNING - The virtalenv_python example task requires virtualenv, please install it.
[2025-10-23T11:54:53.091+0000] {processor.py:840} INFO - DAG(s) 'example_python_operator' retrieved from /home/khaled/dbt-env/lib/python3.12/site-packages/airflow/example_dags/example_python_operator.py
[2025-10-23T11:54:53.104+0000] {logging_mixin.py:188} INFO - [2025-10-23T11:54:53.104+0000] {dag.py:3089} INFO - Sync 1 DAGs
[2025-10-23T11:54:53.114+0000] {logging_mixin.py:188} INFO - [2025-10-23T11:54:53.114+0000] {dag.py:3947} INFO - Setting next_dagrun for example_python_operator to None, run_after=None
[2025-10-23T11:54:53.134+0000] {processor.py:183} INFO - Processing /home/khaled/dbt-env/lib/python3.12/site-packages/airflow/example_dags/example_python_operator.py took 0.068 seconds
[2025-10-23T11:55:51.658+0000] {processor.py:161} INFO - Started process (PID=9757) to work on /home/khaled/dbt-env/lib/python3.12/site-packages/airflow/example_dags/example_python_operator.py
[2025-10-23T11:55:51.717+0000] {processor.py:830} INFO - Processing file /home/khaled/dbt-env/lib/python3.12/site-packages/airflow/example_dags/example_python_operator.py for tasks to queue
[2025-10-23T11:55:51.727+0000] {logging_mixin.py:188} INFO - [2025-10-23T11:55:51.727+0000] {dagbag.py:545} INFO - Filling up the DagBag from /home/khaled/dbt-env/lib/python3.12/site-packages/airflow/example_dags/example_python_operator.py
[2025-10-23T11:55:51.775+0000] {logging_mixin.py:188} INFO - [2025-10-23T11:55:51.773+0000] {example_python_operator.py:93} WARNING - The virtalenv_python example task requires virtualenv, please install it.
[2025-10-23T11:55:51.780+0000] {processor.py:840} INFO - DAG(s) 'example_python_operator' retrieved from /home/khaled/dbt-env/lib/python3.12/site-packages/airflow/example_dags/example_python_operator.py
[2025-10-23T11:55:51.852+0000] {logging_mixin.py:188} INFO - [2025-10-23T11:55:51.851+0000] {dag.py:3089} INFO - Sync 1 DAGs
[2025-10-23T11:55:51.884+0000] {logging_mixin.py:188} INFO - [2025-10-23T11:55:51.884+0000] {dag.py:3947} INFO - Setting next_dagrun for example_python_operator to None, run_after=None
[2025-10-23T11:55:52.036+0000] {processor.py:183} INFO - Processing /home/khaled/dbt-env/lib/python3.12/site-packages/airflow/example_dags/example_python_operator.py took 0.423 seconds
[2025-10-23T11:57:23.092+0000] {processor.py:161} INFO - Started process (PID=9991) to work on /home/khaled/dbt-env/lib/python3.12/site-packages/airflow/example_dags/example_python_operator.py
[2025-10-23T11:57:23.103+0000] {processor.py:830} INFO - Processing file /home/khaled/dbt-env/lib/python3.12/site-packages/airflow/example_dags/example_python_operator.py for tasks to queue
[2025-10-23T11:57:23.105+0000] {logging_mixin.py:188} INFO - [2025-10-23T11:57:23.105+0000] {dagbag.py:545} INFO - Filling up the DagBag from /home/khaled/dbt-env/lib/python3.12/site-packages/airflow/example_dags/example_python_operator.py
[2025-10-23T11:57:23.112+0000] {logging_mixin.py:188} INFO - [2025-10-23T11:57:23.112+0000] {example_python_operator.py:93} WARNING - The virtalenv_python example task requires virtualenv, please install it.
[2025-10-23T11:57:23.113+0000] {processor.py:840} INFO - DAG(s) 'example_python_operator' retrieved from /home/khaled/dbt-env/lib/python3.12/site-packages/airflow/example_dags/example_python_operator.py
[2025-10-23T11:57:23.125+0000] {logging_mixin.py:188} INFO - [2025-10-23T11:57:23.125+0000] {dag.py:3089} INFO - Sync 1 DAGs
[2025-10-23T11:57:23.134+0000] {logging_mixin.py:188} INFO - [2025-10-23T11:57:23.133+0000] {dag.py:3947} INFO - Setting next_dagrun for example_python_operator to None, run_after=None
[2025-10-23T11:57:23.153+0000] {processor.py:183} INFO - Processing /home/khaled/dbt-env/lib/python3.12/site-packages/airflow/example_dags/example_python_operator.py took 0.066 seconds
[2025-10-23T11:58:17.403+0000] {processor.py:161} INFO - Started process (PID=10054) to work on /home/khaled/dbt-env/lib/python3.12/site-packages/airflow/example_dags/example_python_operator.py
[2025-10-23T11:58:17.416+0000] {processor.py:830} INFO - Processing file /home/khaled/dbt-env/lib/python3.12/site-packages/airflow/example_dags/example_python_operator.py for tasks to queue
[2025-10-23T11:58:17.417+0000] {logging_mixin.py:188} INFO - [2025-10-23T11:58:17.417+0000] {dagbag.py:545} INFO - Filling up the DagBag from /home/khaled/dbt-env/lib/python3.12/site-packages/airflow/example_dags/example_python_operator.py
[2025-10-23T11:58:17.428+0000] {logging_mixin.py:188} INFO - [2025-10-23T11:58:17.428+0000] {example_python_operator.py:93} WARNING - The virtalenv_python example task requires virtualenv, please install it.
[2025-10-23T11:58:17.429+0000] {processor.py:840} INFO - DAG(s) 'example_python_operator' retrieved from /home/khaled/dbt-env/lib/python3.12/site-packages/airflow/example_dags/example_python_operator.py
[2025-10-23T11:58:17.453+0000] {logging_mixin.py:188} INFO - [2025-10-23T11:58:17.453+0000] {dag.py:3089} INFO - Sync 1 DAGs
[2025-10-23T11:58:17.466+0000] {logging_mixin.py:188} INFO - [2025-10-23T11:58:17.466+0000] {dag.py:3947} INFO - Setting next_dagrun for example_python_operator to None, run_after=None
[2025-10-23T11:58:17.489+0000] {processor.py:183} INFO - Processing /home/khaled/dbt-env/lib/python3.12/site-packages/airflow/example_dags/example_python_operator.py took 0.091 seconds
[2025-10-23T11:59:20.512+0000] {processor.py:161} INFO - Started process (PID=10174) to work on /home/khaled/dbt-env/lib/python3.12/site-packages/airflow/example_dags/example_python_operator.py
[2025-10-23T11:59:20.525+0000] {processor.py:830} INFO - Processing file /home/khaled/dbt-env/lib/python3.12/site-packages/airflow/example_dags/example_python_operator.py for tasks to queue
[2025-10-23T11:59:20.543+0000] {logging_mixin.py:188} INFO - [2025-10-23T11:59:20.537+0000] {dagbag.py:545} INFO - Filling up the DagBag from /home/khaled/dbt-env/lib/python3.12/site-packages/airflow/example_dags/example_python_operator.py
[2025-10-23T11:59:20.630+0000] {logging_mixin.py:188} INFO - [2025-10-23T11:59:20.626+0000] {example_python_operator.py:93} WARNING - The virtalenv_python example task requires virtualenv, please install it.
[2025-10-23T11:59:20.639+0000] {processor.py:840} INFO - DAG(s) 'example_python_operator' retrieved from /home/khaled/dbt-env/lib/python3.12/site-packages/airflow/example_dags/example_python_operator.py
[2025-10-23T11:59:20.867+0000] {logging_mixin.py:188} INFO - [2025-10-23T11:59:20.864+0000] {dag.py:3089} INFO - Sync 1 DAGs
[2025-10-23T11:59:21.115+0000] {logging_mixin.py:188} INFO - [2025-10-23T11:59:21.112+0000] {dag.py:3947} INFO - Setting next_dagrun for example_python_operator to None, run_after=None
[2025-10-23T11:59:21.795+0000] {processor.py:183} INFO - Processing /home/khaled/dbt-env/lib/python3.12/site-packages/airflow/example_dags/example_python_operator.py took 1.332 seconds
[2025-10-23T12:00:49.843+0000] {processor.py:161} INFO - Started process (PID=10255) to work on /home/khaled/dbt-env/lib/python3.12/site-packages/airflow/example_dags/example_python_operator.py
[2025-10-23T12:00:49.846+0000] {processor.py:830} INFO - Processing file /home/khaled/dbt-env/lib/python3.12/site-packages/airflow/example_dags/example_python_operator.py for tasks to queue
[2025-10-23T12:00:49.847+0000] {logging_mixin.py:188} INFO - [2025-10-23T12:00:49.847+0000] {dagbag.py:545} INFO - Filling up the DagBag from /home/khaled/dbt-env/lib/python3.12/site-packages/airflow/example_dags/example_python_operator.py
[2025-10-23T12:00:49.854+0000] {logging_mixin.py:188} INFO - [2025-10-23T12:00:49.854+0000] {example_python_operator.py:93} WARNING - The virtalenv_python example task requires virtualenv, please install it.
[2025-10-23T12:00:49.854+0000] {processor.py:840} INFO - DAG(s) 'example_python_operator' retrieved from /home/khaled/dbt-env/lib/python3.12/site-packages/airflow/example_dags/example_python_operator.py
[2025-10-23T12:00:49.867+0000] {logging_mixin.py:188} INFO - [2025-10-23T12:00:49.867+0000] {dag.py:3089} INFO - Sync 1 DAGs
[2025-10-23T12:00:49.876+0000] {logging_mixin.py:188} INFO - [2025-10-23T12:00:49.876+0000] {dag.py:3947} INFO - Setting next_dagrun for example_python_operator to None, run_after=None
[2025-10-23T12:00:49.898+0000] {processor.py:183} INFO - Processing /home/khaled/dbt-env/lib/python3.12/site-packages/airflow/example_dags/example_python_operator.py took 0.059 seconds
[2025-10-23T12:02:01.853+0000] {processor.py:161} INFO - Started process (PID=10603) to work on /home/khaled/dbt-env/lib/python3.12/site-packages/airflow/example_dags/example_python_operator.py
[2025-10-23T12:02:01.865+0000] {processor.py:830} INFO - Processing file /home/khaled/dbt-env/lib/python3.12/site-packages/airflow/example_dags/example_python_operator.py for tasks to queue
[2025-10-23T12:02:01.867+0000] {logging_mixin.py:188} INFO - [2025-10-23T12:02:01.867+0000] {dagbag.py:545} INFO - Filling up the DagBag from /home/khaled/dbt-env/lib/python3.12/site-packages/airflow/example_dags/example_python_operator.py
[2025-10-23T12:02:01.876+0000] {logging_mixin.py:188} INFO - [2025-10-23T12:02:01.876+0000] {example_python_operator.py:93} WARNING - The virtalenv_python example task requires virtualenv, please install it.
[2025-10-23T12:02:01.877+0000] {processor.py:840} INFO - DAG(s) 'example_python_operator' retrieved from /home/khaled/dbt-env/lib/python3.12/site-packages/airflow/example_dags/example_python_operator.py
[2025-10-23T12:02:01.891+0000] {logging_mixin.py:188} INFO - [2025-10-23T12:02:01.891+0000] {dag.py:3089} INFO - Sync 1 DAGs
[2025-10-23T12:02:01.900+0000] {logging_mixin.py:188} INFO - [2025-10-23T12:02:01.900+0000] {dag.py:3947} INFO - Setting next_dagrun for example_python_operator to None, run_after=None
[2025-10-23T12:02:01.921+0000] {processor.py:183} INFO - Processing /home/khaled/dbt-env/lib/python3.12/site-packages/airflow/example_dags/example_python_operator.py took 0.074 seconds
[2025-10-23T12:03:37.546+0000] {processor.py:161} INFO - Started process (PID=10703) to work on /home/khaled/dbt-env/lib/python3.12/site-packages/airflow/example_dags/example_python_operator.py
[2025-10-23T12:03:37.558+0000] {processor.py:830} INFO - Processing file /home/khaled/dbt-env/lib/python3.12/site-packages/airflow/example_dags/example_python_operator.py for tasks to queue
[2025-10-23T12:03:37.560+0000] {logging_mixin.py:188} INFO - [2025-10-23T12:03:37.560+0000] {dagbag.py:545} INFO - Filling up the DagBag from /home/khaled/dbt-env/lib/python3.12/site-packages/airflow/example_dags/example_python_operator.py
[2025-10-23T12:03:37.565+0000] {logging_mixin.py:188} INFO - [2025-10-23T12:03:37.565+0000] {example_python_operator.py:93} WARNING - The virtalenv_python example task requires virtualenv, please install it.
[2025-10-23T12:03:37.566+0000] {processor.py:840} INFO - DAG(s) 'example_python_operator' retrieved from /home/khaled/dbt-env/lib/python3.12/site-packages/airflow/example_dags/example_python_operator.py
[2025-10-23T12:03:37.579+0000] {logging_mixin.py:188} INFO - [2025-10-23T12:03:37.579+0000] {dag.py:3089} INFO - Sync 1 DAGs
[2025-10-23T12:03:37.589+0000] {logging_mixin.py:188} INFO - [2025-10-23T12:03:37.589+0000] {dag.py:3947} INFO - Setting next_dagrun for example_python_operator to None, run_after=None
[2025-10-23T12:03:37.607+0000] {processor.py:183} INFO - Processing /home/khaled/dbt-env/lib/python3.12/site-packages/airflow/example_dags/example_python_operator.py took 0.066 seconds
[2025-10-23T12:04:43.823+0000] {processor.py:161} INFO - Started process (PID=10838) to work on /home/khaled/dbt-env/lib/python3.12/site-packages/airflow/example_dags/example_python_operator.py
[2025-10-23T12:04:43.825+0000] {processor.py:830} INFO - Processing file /home/khaled/dbt-env/lib/python3.12/site-packages/airflow/example_dags/example_python_operator.py for tasks to queue
[2025-10-23T12:04:43.826+0000] {logging_mixin.py:188} INFO - [2025-10-23T12:04:43.826+0000] {dagbag.py:545} INFO - Filling up the DagBag from /home/khaled/dbt-env/lib/python3.12/site-packages/airflow/example_dags/example_python_operator.py
[2025-10-23T12:04:43.831+0000] {logging_mixin.py:188} INFO - [2025-10-23T12:04:43.831+0000] {example_python_operator.py:93} WARNING - The virtalenv_python example task requires virtualenv, please install it.
[2025-10-23T12:04:43.832+0000] {processor.py:840} INFO - DAG(s) 'example_python_operator' retrieved from /home/khaled/dbt-env/lib/python3.12/site-packages/airflow/example_dags/example_python_operator.py
[2025-10-23T12:04:43.844+0000] {logging_mixin.py:188} INFO - [2025-10-23T12:04:43.844+0000] {dag.py:3089} INFO - Sync 1 DAGs
[2025-10-23T12:04:43.853+0000] {logging_mixin.py:188} INFO - [2025-10-23T12:04:43.853+0000] {dag.py:3947} INFO - Setting next_dagrun for example_python_operator to None, run_after=None
[2025-10-23T12:04:43.976+0000] {processor.py:183} INFO - Processing /home/khaled/dbt-env/lib/python3.12/site-packages/airflow/example_dags/example_python_operator.py took 0.157 seconds
[2025-10-23T12:05:35.543+0000] {processor.py:161} INFO - Started process (PID=11211) to work on /home/khaled/dbt-env/lib/python3.12/site-packages/airflow/example_dags/example_python_operator.py
[2025-10-23T12:05:35.545+0000] {processor.py:830} INFO - Processing file /home/khaled/dbt-env/lib/python3.12/site-packages/airflow/example_dags/example_python_operator.py for tasks to queue
[2025-10-23T12:05:35.546+0000] {logging_mixin.py:188} INFO - [2025-10-23T12:05:35.546+0000] {dagbag.py:545} INFO - Filling up the DagBag from /home/khaled/dbt-env/lib/python3.12/site-packages/airflow/example_dags/example_python_operator.py
[2025-10-23T12:05:35.552+0000] {logging_mixin.py:188} INFO - [2025-10-23T12:05:35.552+0000] {example_python_operator.py:93} WARNING - The virtalenv_python example task requires virtualenv, please install it.
[2025-10-23T12:05:35.553+0000] {processor.py:840} INFO - DAG(s) 'example_python_operator' retrieved from /home/khaled/dbt-env/lib/python3.12/site-packages/airflow/example_dags/example_python_operator.py
[2025-10-23T12:05:35.566+0000] {logging_mixin.py:188} INFO - [2025-10-23T12:05:35.566+0000] {dag.py:3089} INFO - Sync 1 DAGs
[2025-10-23T12:05:35.583+0000] {logging_mixin.py:188} INFO - [2025-10-23T12:05:35.582+0000] {dag.py:3947} INFO - Setting next_dagrun for example_python_operator to None, run_after=None
[2025-10-23T12:05:35.610+0000] {processor.py:183} INFO - Processing /home/khaled/dbt-env/lib/python3.12/site-packages/airflow/example_dags/example_python_operator.py took 0.072 seconds
[2025-10-23T12:06:34.226+0000] {processor.py:161} INFO - Started process (PID=11293) to work on /home/khaled/dbt-env/lib/python3.12/site-packages/airflow/example_dags/example_python_operator.py
[2025-10-23T12:06:34.237+0000] {processor.py:830} INFO - Processing file /home/khaled/dbt-env/lib/python3.12/site-packages/airflow/example_dags/example_python_operator.py for tasks to queue
[2025-10-23T12:06:34.240+0000] {logging_mixin.py:188} INFO - [2025-10-23T12:06:34.238+0000] {dagbag.py:545} INFO - Filling up the DagBag from /home/khaled/dbt-env/lib/python3.12/site-packages/airflow/example_dags/example_python_operator.py
[2025-10-23T12:06:34.245+0000] {logging_mixin.py:188} INFO - [2025-10-23T12:06:34.245+0000] {example_python_operator.py:93} WARNING - The virtalenv_python example task requires virtualenv, please install it.
[2025-10-23T12:06:34.246+0000] {processor.py:840} INFO - DAG(s) 'example_python_operator' retrieved from /home/khaled/dbt-env/lib/python3.12/site-packages/airflow/example_dags/example_python_operator.py
[2025-10-23T12:06:34.258+0000] {logging_mixin.py:188} INFO - [2025-10-23T12:06:34.258+0000] {dag.py:3089} INFO - Sync 1 DAGs
[2025-10-23T12:06:34.267+0000] {logging_mixin.py:188} INFO - [2025-10-23T12:06:34.267+0000] {dag.py:3947} INFO - Setting next_dagrun for example_python_operator to None, run_after=None
[2025-10-23T12:06:34.288+0000] {processor.py:183} INFO - Processing /home/khaled/dbt-env/lib/python3.12/site-packages/airflow/example_dags/example_python_operator.py took 0.066 seconds
[2025-10-23T12:07:18.025+0000] {processor.py:161} INFO - Started process (PID=11350) to work on /home/khaled/dbt-env/lib/python3.12/site-packages/airflow/example_dags/example_python_operator.py
[2025-10-23T12:07:18.026+0000] {processor.py:830} INFO - Processing file /home/khaled/dbt-env/lib/python3.12/site-packages/airflow/example_dags/example_python_operator.py for tasks to queue
[2025-10-23T12:07:18.027+0000] {logging_mixin.py:188} INFO - [2025-10-23T12:07:18.027+0000] {dagbag.py:545} INFO - Filling up the DagBag from /home/khaled/dbt-env/lib/python3.12/site-packages/airflow/example_dags/example_python_operator.py
[2025-10-23T12:07:18.032+0000] {logging_mixin.py:188} INFO - [2025-10-23T12:07:18.032+0000] {example_python_operator.py:93} WARNING - The virtalenv_python example task requires virtualenv, please install it.
[2025-10-23T12:07:18.033+0000] {processor.py:840} INFO - DAG(s) 'example_python_operator' retrieved from /home/khaled/dbt-env/lib/python3.12/site-packages/airflow/example_dags/example_python_operator.py
[2025-10-23T12:07:18.045+0000] {logging_mixin.py:188} INFO - [2025-10-23T12:07:18.045+0000] {dag.py:3089} INFO - Sync 1 DAGs
[2025-10-23T12:07:18.054+0000] {logging_mixin.py:188} INFO - [2025-10-23T12:07:18.054+0000] {dag.py:3947} INFO - Setting next_dagrun for example_python_operator to None, run_after=None
[2025-10-23T12:07:18.170+0000] {processor.py:183} INFO - Processing /home/khaled/dbt-env/lib/python3.12/site-packages/airflow/example_dags/example_python_operator.py took 0.151 seconds
[2025-10-23T12:08:05.839+0000] {processor.py:161} INFO - Started process (PID=11411) to work on /home/khaled/dbt-env/lib/python3.12/site-packages/airflow/example_dags/example_python_operator.py
[2025-10-23T12:08:05.841+0000] {processor.py:830} INFO - Processing file /home/khaled/dbt-env/lib/python3.12/site-packages/airflow/example_dags/example_python_operator.py for tasks to queue
[2025-10-23T12:08:05.844+0000] {logging_mixin.py:188} INFO - [2025-10-23T12:08:05.844+0000] {dagbag.py:545} INFO - Filling up the DagBag from /home/khaled/dbt-env/lib/python3.12/site-packages/airflow/example_dags/example_python_operator.py
[2025-10-23T12:08:05.849+0000] {logging_mixin.py:188} INFO - [2025-10-23T12:08:05.849+0000] {example_python_operator.py:93} WARNING - The virtalenv_python example task requires virtualenv, please install it.
[2025-10-23T12:08:05.850+0000] {processor.py:840} INFO - DAG(s) 'example_python_operator' retrieved from /home/khaled/dbt-env/lib/python3.12/site-packages/airflow/example_dags/example_python_operator.py
[2025-10-23T12:08:05.861+0000] {logging_mixin.py:188} INFO - [2025-10-23T12:08:05.861+0000] {dag.py:3089} INFO - Sync 1 DAGs
[2025-10-23T12:08:05.870+0000] {logging_mixin.py:188} INFO - [2025-10-23T12:08:05.870+0000] {dag.py:3947} INFO - Setting next_dagrun for example_python_operator to None, run_after=None
[2025-10-23T12:08:05.900+0000] {processor.py:183} INFO - Processing /home/khaled/dbt-env/lib/python3.12/site-packages/airflow/example_dags/example_python_operator.py took 0.065 seconds
[2025-10-23T12:08:55.320+0000] {processor.py:161} INFO - Started process (PID=11522) to work on /home/khaled/dbt-env/lib/python3.12/site-packages/airflow/example_dags/example_python_operator.py
[2025-10-23T12:08:55.322+0000] {processor.py:830} INFO - Processing file /home/khaled/dbt-env/lib/python3.12/site-packages/airflow/example_dags/example_python_operator.py for tasks to queue
[2025-10-23T12:08:55.323+0000] {logging_mixin.py:188} INFO - [2025-10-23T12:08:55.323+0000] {dagbag.py:545} INFO - Filling up the DagBag from /home/khaled/dbt-env/lib/python3.12/site-packages/airflow/example_dags/example_python_operator.py
[2025-10-23T12:08:55.328+0000] {logging_mixin.py:188} INFO - [2025-10-23T12:08:55.328+0000] {example_python_operator.py:93} WARNING - The virtalenv_python example task requires virtualenv, please install it.
[2025-10-23T12:08:55.329+0000] {processor.py:840} INFO - DAG(s) 'example_python_operator' retrieved from /home/khaled/dbt-env/lib/python3.12/site-packages/airflow/example_dags/example_python_operator.py
[2025-10-23T12:08:55.440+0000] {logging_mixin.py:188} INFO - [2025-10-23T12:08:55.440+0000] {dag.py:3089} INFO - Sync 1 DAGs
[2025-10-23T12:08:55.450+0000] {logging_mixin.py:188} INFO - [2025-10-23T12:08:55.450+0000] {dag.py:3947} INFO - Setting next_dagrun for example_python_operator to None, run_after=None
[2025-10-23T12:08:55.482+0000] {processor.py:183} INFO - Processing /home/khaled/dbt-env/lib/python3.12/site-packages/airflow/example_dags/example_python_operator.py took 0.166 seconds
[2025-10-23T12:09:43.750+0000] {processor.py:161} INFO - Started process (PID=11630) to work on /home/khaled/dbt-env/lib/python3.12/site-packages/airflow/example_dags/example_python_operator.py
[2025-10-23T12:09:43.751+0000] {processor.py:830} INFO - Processing file /home/khaled/dbt-env/lib/python3.12/site-packages/airflow/example_dags/example_python_operator.py for tasks to queue
[2025-10-23T12:09:43.753+0000] {logging_mixin.py:188} INFO - [2025-10-23T12:09:43.752+0000] {dagbag.py:545} INFO - Filling up the DagBag from /home/khaled/dbt-env/lib/python3.12/site-packages/airflow/example_dags/example_python_operator.py
[2025-10-23T12:09:43.759+0000] {logging_mixin.py:188} INFO - [2025-10-23T12:09:43.759+0000] {example_python_operator.py:93} WARNING - The virtalenv_python example task requires virtualenv, please install it.
[2025-10-23T12:09:43.759+0000] {processor.py:840} INFO - DAG(s) 'example_python_operator' retrieved from /home/khaled/dbt-env/lib/python3.12/site-packages/airflow/example_dags/example_python_operator.py
[2025-10-23T12:09:43.772+0000] {logging_mixin.py:188} INFO - [2025-10-23T12:09:43.772+0000] {dag.py:3089} INFO - Sync 1 DAGs
[2025-10-23T12:09:43.781+0000] {logging_mixin.py:188} INFO - [2025-10-23T12:09:43.781+0000] {dag.py:3947} INFO - Setting next_dagrun for example_python_operator to None, run_after=None
[2025-10-23T12:09:43.813+0000] {processor.py:183} INFO - Processing /home/khaled/dbt-env/lib/python3.12/site-packages/airflow/example_dags/example_python_operator.py took 0.067 seconds
[2025-10-23T12:10:29.342+0000] {processor.py:161} INFO - Started process (PID=11685) to work on /home/khaled/dbt-env/lib/python3.12/site-packages/airflow/example_dags/example_python_operator.py
[2025-10-23T12:10:29.343+0000] {processor.py:830} INFO - Processing file /home/khaled/dbt-env/lib/python3.12/site-packages/airflow/example_dags/example_python_operator.py for tasks to queue
[2025-10-23T12:10:29.345+0000] {logging_mixin.py:188} INFO - [2025-10-23T12:10:29.345+0000] {dagbag.py:545} INFO - Filling up the DagBag from /home/khaled/dbt-env/lib/python3.12/site-packages/airflow/example_dags/example_python_operator.py
[2025-10-23T12:10:29.350+0000] {logging_mixin.py:188} INFO - [2025-10-23T12:10:29.350+0000] {example_python_operator.py:93} WARNING - The virtalenv_python example task requires virtualenv, please install it.
[2025-10-23T12:10:29.351+0000] {processor.py:840} INFO - DAG(s) 'example_python_operator' retrieved from /home/khaled/dbt-env/lib/python3.12/site-packages/airflow/example_dags/example_python_operator.py
[2025-10-23T12:10:29.363+0000] {logging_mixin.py:188} INFO - [2025-10-23T12:10:29.363+0000] {dag.py:3089} INFO - Sync 1 DAGs
[2025-10-23T12:10:29.372+0000] {logging_mixin.py:188} INFO - [2025-10-23T12:10:29.372+0000] {dag.py:3947} INFO - Setting next_dagrun for example_python_operator to None, run_after=None
[2025-10-23T12:10:29.407+0000] {processor.py:183} INFO - Processing /home/khaled/dbt-env/lib/python3.12/site-packages/airflow/example_dags/example_python_operator.py took 0.069 seconds
