[2025-10-23T11:39:31.009+0000] {processor.py:161} INFO - Started process (PID=5957) to work on /home/khaled/dbt-env/lib/python3.12/site-packages/airflow/example_dags/example_datasets.py
[2025-10-23T11:39:31.010+0000] {processor.py:830} INFO - Processing file /home/khaled/dbt-env/lib/python3.12/site-packages/airflow/example_dags/example_datasets.py for tasks to queue
[2025-10-23T11:39:31.011+0000] {logging_mixin.py:188} INFO - [2025-10-23T11:39:31.011+0000] {dagbag.py:545} INFO - Filling up the DagBag from /home/khaled/dbt-env/lib/python3.12/site-packages/airflow/example_dags/example_datasets.py
[2025-10-23T11:39:31.019+0000] {processor.py:840} INFO - DAG(s) 'dataset_consumes_unknown_never_scheduled', 'dataset_consumes_1_and_2', 'dataset_produces_1', 'conditional_dataset_and_time_based_timetable', 'dataset_produces_2', 'dataset_consumes_1_never_scheduled', 'consume_1_or_2_with_dataset_expressions', 'dataset_consumes_1', 'consume_1_or_both_2_and_3_with_dataset_expressions', 'consume_1_and_2_with_dataset_expressions' retrieved from /home/khaled/dbt-env/lib/python3.12/site-packages/airflow/example_dags/example_datasets.py
[2025-10-23T11:39:31.041+0000] {logging_mixin.py:188} INFO - [2025-10-23T11:39:31.041+0000] {dag.py:3089} INFO - Sync 10 DAGs
[2025-10-23T11:39:31.055+0000] {logging_mixin.py:188} INFO - [2025-10-23T11:39:31.055+0000] {dag.py:3947} INFO - Setting next_dagrun for conditional_dataset_and_time_based_timetable to 2025-10-22 01:00:00+00:00, run_after=2025-10-22 01:00:00+00:00
[2025-10-23T11:39:31.057+0000] {logging_mixin.py:188} INFO - [2025-10-23T11:39:31.057+0000] {dag.py:3947} INFO - Setting next_dagrun for consume_1_and_2_with_dataset_expressions to None, run_after=None
[2025-10-23T11:39:31.058+0000] {logging_mixin.py:188} INFO - [2025-10-23T11:39:31.058+0000] {dag.py:3947} INFO - Setting next_dagrun for consume_1_or_2_with_dataset_expressions to None, run_after=None
[2025-10-23T11:39:31.059+0000] {logging_mixin.py:188} INFO - [2025-10-23T11:39:31.059+0000] {dag.py:3947} INFO - Setting next_dagrun for consume_1_or_both_2_and_3_with_dataset_expressions to None, run_after=None
[2025-10-23T11:39:31.060+0000] {logging_mixin.py:188} INFO - [2025-10-23T11:39:31.060+0000] {dag.py:3947} INFO - Setting next_dagrun for dataset_consumes_1 to None, run_after=None
[2025-10-23T11:39:31.060+0000] {logging_mixin.py:188} INFO - [2025-10-23T11:39:31.060+0000] {dag.py:3947} INFO - Setting next_dagrun for dataset_consumes_1_and_2 to None, run_after=None
[2025-10-23T11:39:31.061+0000] {logging_mixin.py:188} INFO - [2025-10-23T11:39:31.061+0000] {dag.py:3947} INFO - Setting next_dagrun for dataset_consumes_1_never_scheduled to None, run_after=None
[2025-10-23T11:39:31.062+0000] {logging_mixin.py:188} INFO - [2025-10-23T11:39:31.062+0000] {dag.py:3947} INFO - Setting next_dagrun for dataset_consumes_unknown_never_scheduled to None, run_after=None
[2025-10-23T11:39:31.063+0000] {logging_mixin.py:188} INFO - [2025-10-23T11:39:31.063+0000] {dag.py:3947} INFO - Setting next_dagrun for dataset_produces_1 to 2025-10-22 00:00:00+00:00, run_after=2025-10-23 00:00:00+00:00
[2025-10-23T11:39:31.063+0000] {logging_mixin.py:188} INFO - [2025-10-23T11:39:31.063+0000] {dag.py:3947} INFO - Setting next_dagrun for dataset_produces_2 to None, run_after=None
[2025-10-23T11:39:31.091+0000] {processor.py:183} INFO - Processing /home/khaled/dbt-env/lib/python3.12/site-packages/airflow/example_dags/example_datasets.py took 0.086 seconds
[2025-10-23T11:55:05.933+0000] {processor.py:161} INFO - Started process (PID=9565) to work on /home/khaled/dbt-env/lib/python3.12/site-packages/airflow/example_dags/example_datasets.py
[2025-10-23T11:55:05.944+0000] {processor.py:830} INFO - Processing file /home/khaled/dbt-env/lib/python3.12/site-packages/airflow/example_dags/example_datasets.py for tasks to queue
[2025-10-23T11:55:05.945+0000] {logging_mixin.py:188} INFO - [2025-10-23T11:55:05.945+0000] {dagbag.py:545} INFO - Filling up the DagBag from /home/khaled/dbt-env/lib/python3.12/site-packages/airflow/example_dags/example_datasets.py
[2025-10-23T11:55:05.954+0000] {processor.py:840} INFO - DAG(s) 'consume_1_and_2_with_dataset_expressions', 'conditional_dataset_and_time_based_timetable', 'dataset_consumes_1_never_scheduled', 'dataset_consumes_1', 'dataset_consumes_unknown_never_scheduled', 'consume_1_or_2_with_dataset_expressions', 'consume_1_or_both_2_and_3_with_dataset_expressions', 'dataset_produces_1', 'dataset_consumes_1_and_2', 'dataset_produces_2' retrieved from /home/khaled/dbt-env/lib/python3.12/site-packages/airflow/example_dags/example_datasets.py
[2025-10-23T11:55:05.975+0000] {logging_mixin.py:188} INFO - [2025-10-23T11:55:05.975+0000] {dag.py:3089} INFO - Sync 10 DAGs
[2025-10-23T11:55:05.990+0000] {logging_mixin.py:188} INFO - [2025-10-23T11:55:05.990+0000] {dag.py:3947} INFO - Setting next_dagrun for conditional_dataset_and_time_based_timetable to 2025-10-22 01:00:00+00:00, run_after=2025-10-22 01:00:00+00:00
[2025-10-23T11:55:05.994+0000] {logging_mixin.py:188} INFO - [2025-10-23T11:55:05.994+0000] {dag.py:3947} INFO - Setting next_dagrun for consume_1_and_2_with_dataset_expressions to None, run_after=None
[2025-10-23T11:55:05.995+0000] {logging_mixin.py:188} INFO - [2025-10-23T11:55:05.995+0000] {dag.py:3947} INFO - Setting next_dagrun for consume_1_or_2_with_dataset_expressions to None, run_after=None
[2025-10-23T11:55:05.996+0000] {logging_mixin.py:188} INFO - [2025-10-23T11:55:05.996+0000] {dag.py:3947} INFO - Setting next_dagrun for consume_1_or_both_2_and_3_with_dataset_expressions to None, run_after=None
[2025-10-23T11:55:05.996+0000] {logging_mixin.py:188} INFO - [2025-10-23T11:55:05.996+0000] {dag.py:3947} INFO - Setting next_dagrun for dataset_consumes_1 to None, run_after=None
[2025-10-23T11:55:05.997+0000] {logging_mixin.py:188} INFO - [2025-10-23T11:55:05.997+0000] {dag.py:3947} INFO - Setting next_dagrun for dataset_consumes_1_and_2 to None, run_after=None
[2025-10-23T11:55:05.998+0000] {logging_mixin.py:188} INFO - [2025-10-23T11:55:05.998+0000] {dag.py:3947} INFO - Setting next_dagrun for dataset_consumes_1_never_scheduled to None, run_after=None
[2025-10-23T11:55:05.999+0000] {logging_mixin.py:188} INFO - [2025-10-23T11:55:05.998+0000] {dag.py:3947} INFO - Setting next_dagrun for dataset_consumes_unknown_never_scheduled to None, run_after=None
[2025-10-23T11:55:06.000+0000] {logging_mixin.py:188} INFO - [2025-10-23T11:55:05.999+0000] {dag.py:3947} INFO - Setting next_dagrun for dataset_produces_1 to 2025-10-22 00:00:00+00:00, run_after=2025-10-23 00:00:00+00:00
[2025-10-23T11:55:06.000+0000] {logging_mixin.py:188} INFO - [2025-10-23T11:55:06.000+0000] {dag.py:3947} INFO - Setting next_dagrun for dataset_produces_2 to None, run_after=None
[2025-10-23T11:55:06.024+0000] {processor.py:183} INFO - Processing /home/khaled/dbt-env/lib/python3.12/site-packages/airflow/example_dags/example_datasets.py took 0.095 seconds
[2025-10-23T11:56:07.361+0000] {processor.py:161} INFO - Started process (PID=9934) to work on /home/khaled/dbt-env/lib/python3.12/site-packages/airflow/example_dags/example_datasets.py
[2025-10-23T11:56:07.377+0000] {processor.py:830} INFO - Processing file /home/khaled/dbt-env/lib/python3.12/site-packages/airflow/example_dags/example_datasets.py for tasks to queue
[2025-10-23T11:56:07.403+0000] {logging_mixin.py:188} INFO - [2025-10-23T11:56:07.398+0000] {dagbag.py:545} INFO - Filling up the DagBag from /home/khaled/dbt-env/lib/python3.12/site-packages/airflow/example_dags/example_datasets.py
[2025-10-23T11:56:07.572+0000] {processor.py:840} INFO - DAG(s) 'dataset_consumes_1_and_2', 'dataset_produces_2', 'consume_1_or_2_with_dataset_expressions', 'dataset_consumes_1', 'dataset_consumes_1_never_scheduled', 'consume_1_or_both_2_and_3_with_dataset_expressions', 'dataset_consumes_unknown_never_scheduled', 'consume_1_and_2_with_dataset_expressions', 'dataset_produces_1', 'conditional_dataset_and_time_based_timetable' retrieved from /home/khaled/dbt-env/lib/python3.12/site-packages/airflow/example_dags/example_datasets.py
[2025-10-23T11:56:07.991+0000] {logging_mixin.py:188} INFO - [2025-10-23T11:56:07.987+0000] {dag.py:3089} INFO - Sync 10 DAGs
[2025-10-23T11:56:08.302+0000] {logging_mixin.py:188} INFO - [2025-10-23T11:56:08.302+0000] {dag.py:3947} INFO - Setting next_dagrun for conditional_dataset_and_time_based_timetable to 2025-10-22 01:00:00+00:00, run_after=2025-10-22 01:00:00+00:00
[2025-10-23T11:56:08.329+0000] {logging_mixin.py:188} INFO - [2025-10-23T11:56:08.328+0000] {dag.py:3947} INFO - Setting next_dagrun for consume_1_and_2_with_dataset_expressions to None, run_after=None
[2025-10-23T11:56:08.359+0000] {logging_mixin.py:188} INFO - [2025-10-23T11:56:08.359+0000] {dag.py:3947} INFO - Setting next_dagrun for consume_1_or_2_with_dataset_expressions to None, run_after=None
[2025-10-23T11:56:08.394+0000] {logging_mixin.py:188} INFO - [2025-10-23T11:56:08.394+0000] {dag.py:3947} INFO - Setting next_dagrun for consume_1_or_both_2_and_3_with_dataset_expressions to None, run_after=None
[2025-10-23T11:56:08.395+0000] {logging_mixin.py:188} INFO - [2025-10-23T11:56:08.394+0000] {dag.py:3947} INFO - Setting next_dagrun for dataset_consumes_1 to None, run_after=None
[2025-10-23T11:56:08.413+0000] {logging_mixin.py:188} INFO - [2025-10-23T11:56:08.411+0000] {dag.py:3947} INFO - Setting next_dagrun for dataset_consumes_1_and_2 to None, run_after=None
[2025-10-23T11:56:08.427+0000] {logging_mixin.py:188} INFO - [2025-10-23T11:56:08.427+0000] {dag.py:3947} INFO - Setting next_dagrun for dataset_consumes_1_never_scheduled to None, run_after=None
[2025-10-23T11:56:08.443+0000] {logging_mixin.py:188} INFO - [2025-10-23T11:56:08.437+0000] {dag.py:3947} INFO - Setting next_dagrun for dataset_consumes_unknown_never_scheduled to None, run_after=None
[2025-10-23T11:56:08.456+0000] {logging_mixin.py:188} INFO - [2025-10-23T11:56:08.456+0000] {dag.py:3947} INFO - Setting next_dagrun for dataset_produces_1 to 2025-10-22 00:00:00+00:00, run_after=2025-10-23 00:00:00+00:00
[2025-10-23T11:56:08.478+0000] {logging_mixin.py:188} INFO - [2025-10-23T11:56:08.474+0000] {dag.py:3947} INFO - Setting next_dagrun for dataset_produces_2 to None, run_after=None
[2025-10-23T11:56:08.778+0000] {processor.py:183} INFO - Processing /home/khaled/dbt-env/lib/python3.12/site-packages/airflow/example_dags/example_datasets.py took 1.457 seconds
[2025-10-23T11:57:52.698+0000] {processor.py:161} INFO - Started process (PID=10026) to work on /home/khaled/dbt-env/lib/python3.12/site-packages/airflow/example_dags/example_datasets.py
[2025-10-23T11:57:52.711+0000] {processor.py:830} INFO - Processing file /home/khaled/dbt-env/lib/python3.12/site-packages/airflow/example_dags/example_datasets.py for tasks to queue
[2025-10-23T11:57:52.714+0000] {logging_mixin.py:188} INFO - [2025-10-23T11:57:52.714+0000] {dagbag.py:545} INFO - Filling up the DagBag from /home/khaled/dbt-env/lib/python3.12/site-packages/airflow/example_dags/example_datasets.py
[2025-10-23T11:57:52.723+0000] {processor.py:840} INFO - DAG(s) 'consume_1_or_2_with_dataset_expressions', 'conditional_dataset_and_time_based_timetable', 'dataset_consumes_unknown_never_scheduled', 'consume_1_or_both_2_and_3_with_dataset_expressions', 'dataset_consumes_1', 'dataset_consumes_1_never_scheduled', 'dataset_consumes_1_and_2', 'consume_1_and_2_with_dataset_expressions', 'dataset_produces_1', 'dataset_produces_2' retrieved from /home/khaled/dbt-env/lib/python3.12/site-packages/airflow/example_dags/example_datasets.py
[2025-10-23T11:57:52.750+0000] {logging_mixin.py:188} INFO - [2025-10-23T11:57:52.749+0000] {dag.py:3089} INFO - Sync 10 DAGs
[2025-10-23T11:57:52.769+0000] {logging_mixin.py:188} INFO - [2025-10-23T11:57:52.769+0000] {dag.py:3947} INFO - Setting next_dagrun for conditional_dataset_and_time_based_timetable to 2025-10-22 01:00:00+00:00, run_after=2025-10-22 01:00:00+00:00
[2025-10-23T11:57:52.773+0000] {logging_mixin.py:188} INFO - [2025-10-23T11:57:52.773+0000] {dag.py:3947} INFO - Setting next_dagrun for consume_1_and_2_with_dataset_expressions to None, run_after=None
[2025-10-23T11:57:52.774+0000] {logging_mixin.py:188} INFO - [2025-10-23T11:57:52.774+0000] {dag.py:3947} INFO - Setting next_dagrun for consume_1_or_2_with_dataset_expressions to None, run_after=None
[2025-10-23T11:57:52.775+0000] {logging_mixin.py:188} INFO - [2025-10-23T11:57:52.774+0000] {dag.py:3947} INFO - Setting next_dagrun for consume_1_or_both_2_and_3_with_dataset_expressions to None, run_after=None
[2025-10-23T11:57:52.775+0000] {logging_mixin.py:188} INFO - [2025-10-23T11:57:52.775+0000] {dag.py:3947} INFO - Setting next_dagrun for dataset_consumes_1 to None, run_after=None
[2025-10-23T11:57:52.776+0000] {logging_mixin.py:188} INFO - [2025-10-23T11:57:52.776+0000] {dag.py:3947} INFO - Setting next_dagrun for dataset_consumes_1_and_2 to None, run_after=None
[2025-10-23T11:57:52.777+0000] {logging_mixin.py:188} INFO - [2025-10-23T11:57:52.777+0000] {dag.py:3947} INFO - Setting next_dagrun for dataset_consumes_1_never_scheduled to None, run_after=None
[2025-10-23T11:57:52.778+0000] {logging_mixin.py:188} INFO - [2025-10-23T11:57:52.777+0000] {dag.py:3947} INFO - Setting next_dagrun for dataset_consumes_unknown_never_scheduled to None, run_after=None
[2025-10-23T11:57:52.779+0000] {logging_mixin.py:188} INFO - [2025-10-23T11:57:52.779+0000] {dag.py:3947} INFO - Setting next_dagrun for dataset_produces_1 to 2025-10-22 00:00:00+00:00, run_after=2025-10-23 00:00:00+00:00
[2025-10-23T11:57:52.781+0000] {logging_mixin.py:188} INFO - [2025-10-23T11:57:52.781+0000] {dag.py:3947} INFO - Setting next_dagrun for dataset_produces_2 to None, run_after=None
[2025-10-23T11:57:52.822+0000] {processor.py:183} INFO - Processing /home/khaled/dbt-env/lib/python3.12/site-packages/airflow/example_dags/example_datasets.py took 0.134 seconds
[2025-10-23T11:58:45.132+0000] {processor.py:161} INFO - Started process (PID=10133) to work on /home/khaled/dbt-env/lib/python3.12/site-packages/airflow/example_dags/example_datasets.py
[2025-10-23T11:58:45.151+0000] {processor.py:830} INFO - Processing file /home/khaled/dbt-env/lib/python3.12/site-packages/airflow/example_dags/example_datasets.py for tasks to queue
[2025-10-23T11:58:45.155+0000] {logging_mixin.py:188} INFO - [2025-10-23T11:58:45.155+0000] {dagbag.py:545} INFO - Filling up the DagBag from /home/khaled/dbt-env/lib/python3.12/site-packages/airflow/example_dags/example_datasets.py
[2025-10-23T11:58:45.176+0000] {processor.py:840} INFO - DAG(s) 'dataset_consumes_unknown_never_scheduled', 'consume_1_or_2_with_dataset_expressions', 'dataset_produces_1', 'dataset_consumes_1_and_2', 'dataset_consumes_1', 'consume_1_or_both_2_and_3_with_dataset_expressions', 'conditional_dataset_and_time_based_timetable', 'consume_1_and_2_with_dataset_expressions', 'dataset_consumes_1_never_scheduled', 'dataset_produces_2' retrieved from /home/khaled/dbt-env/lib/python3.12/site-packages/airflow/example_dags/example_datasets.py
[2025-10-23T11:58:45.260+0000] {logging_mixin.py:188} INFO - [2025-10-23T11:58:45.260+0000] {dag.py:3089} INFO - Sync 10 DAGs
[2025-10-23T11:58:45.298+0000] {logging_mixin.py:188} INFO - [2025-10-23T11:58:45.298+0000] {dag.py:3947} INFO - Setting next_dagrun for conditional_dataset_and_time_based_timetable to 2025-10-22 01:00:00+00:00, run_after=2025-10-22 01:00:00+00:00
[2025-10-23T11:58:45.314+0000] {logging_mixin.py:188} INFO - [2025-10-23T11:58:45.313+0000] {dag.py:3947} INFO - Setting next_dagrun for consume_1_and_2_with_dataset_expressions to None, run_after=None
[2025-10-23T11:58:45.316+0000] {logging_mixin.py:188} INFO - [2025-10-23T11:58:45.316+0000] {dag.py:3947} INFO - Setting next_dagrun for consume_1_or_2_with_dataset_expressions to None, run_after=None
[2025-10-23T11:58:45.317+0000] {logging_mixin.py:188} INFO - [2025-10-23T11:58:45.317+0000] {dag.py:3947} INFO - Setting next_dagrun for consume_1_or_both_2_and_3_with_dataset_expressions to None, run_after=None
[2025-10-23T11:58:45.318+0000] {logging_mixin.py:188} INFO - [2025-10-23T11:58:45.318+0000] {dag.py:3947} INFO - Setting next_dagrun for dataset_consumes_1 to None, run_after=None
[2025-10-23T11:58:45.319+0000] {logging_mixin.py:188} INFO - [2025-10-23T11:58:45.319+0000] {dag.py:3947} INFO - Setting next_dagrun for dataset_consumes_1_and_2 to None, run_after=None
[2025-10-23T11:58:45.320+0000] {logging_mixin.py:188} INFO - [2025-10-23T11:58:45.320+0000] {dag.py:3947} INFO - Setting next_dagrun for dataset_consumes_1_never_scheduled to None, run_after=None
[2025-10-23T11:58:45.321+0000] {logging_mixin.py:188} INFO - [2025-10-23T11:58:45.321+0000] {dag.py:3947} INFO - Setting next_dagrun for dataset_consumes_unknown_never_scheduled to None, run_after=None
[2025-10-23T11:58:45.324+0000] {logging_mixin.py:188} INFO - [2025-10-23T11:58:45.324+0000] {dag.py:3947} INFO - Setting next_dagrun for dataset_produces_1 to 2025-10-22 00:00:00+00:00, run_after=2025-10-23 00:00:00+00:00
[2025-10-23T11:58:45.328+0000] {logging_mixin.py:188} INFO - [2025-10-23T11:58:45.328+0000] {dag.py:3947} INFO - Setting next_dagrun for dataset_produces_2 to None, run_after=None
[2025-10-23T11:58:45.383+0000] {processor.py:183} INFO - Processing /home/khaled/dbt-env/lib/python3.12/site-packages/airflow/example_dags/example_datasets.py took 0.257 seconds
[2025-10-23T12:00:30.531+0000] {processor.py:161} INFO - Started process (PID=10234) to work on /home/khaled/dbt-env/lib/python3.12/site-packages/airflow/example_dags/example_datasets.py
[2025-10-23T12:00:30.533+0000] {processor.py:830} INFO - Processing file /home/khaled/dbt-env/lib/python3.12/site-packages/airflow/example_dags/example_datasets.py for tasks to queue
[2025-10-23T12:00:30.535+0000] {logging_mixin.py:188} INFO - [2025-10-23T12:00:30.534+0000] {dagbag.py:545} INFO - Filling up the DagBag from /home/khaled/dbt-env/lib/python3.12/site-packages/airflow/example_dags/example_datasets.py
[2025-10-23T12:00:30.543+0000] {processor.py:840} INFO - DAG(s) 'dataset_produces_2', 'consume_1_and_2_with_dataset_expressions', 'dataset_consumes_unknown_never_scheduled', 'consume_1_or_2_with_dataset_expressions', 'dataset_consumes_1_never_scheduled', 'conditional_dataset_and_time_based_timetable', 'dataset_produces_1', 'dataset_consumes_1', 'dataset_consumes_1_and_2', 'consume_1_or_both_2_and_3_with_dataset_expressions' retrieved from /home/khaled/dbt-env/lib/python3.12/site-packages/airflow/example_dags/example_datasets.py
[2025-10-23T12:00:30.569+0000] {logging_mixin.py:188} INFO - [2025-10-23T12:00:30.568+0000] {dag.py:3089} INFO - Sync 10 DAGs
[2025-10-23T12:00:30.584+0000] {logging_mixin.py:188} INFO - [2025-10-23T12:00:30.584+0000] {dag.py:3947} INFO - Setting next_dagrun for conditional_dataset_and_time_based_timetable to 2025-10-22 01:00:00+00:00, run_after=2025-10-22 01:00:00+00:00
[2025-10-23T12:00:30.587+0000] {logging_mixin.py:188} INFO - [2025-10-23T12:00:30.586+0000] {dag.py:3947} INFO - Setting next_dagrun for consume_1_and_2_with_dataset_expressions to None, run_after=None
[2025-10-23T12:00:30.588+0000] {logging_mixin.py:188} INFO - [2025-10-23T12:00:30.587+0000] {dag.py:3947} INFO - Setting next_dagrun for consume_1_or_2_with_dataset_expressions to None, run_after=None
[2025-10-23T12:00:30.588+0000] {logging_mixin.py:188} INFO - [2025-10-23T12:00:30.588+0000] {dag.py:3947} INFO - Setting next_dagrun for consume_1_or_both_2_and_3_with_dataset_expressions to None, run_after=None
[2025-10-23T12:00:30.589+0000] {logging_mixin.py:188} INFO - [2025-10-23T12:00:30.589+0000] {dag.py:3947} INFO - Setting next_dagrun for dataset_consumes_1 to None, run_after=None
[2025-10-23T12:00:30.590+0000] {logging_mixin.py:188} INFO - [2025-10-23T12:00:30.590+0000] {dag.py:3947} INFO - Setting next_dagrun for dataset_consumes_1_and_2 to None, run_after=None
[2025-10-23T12:00:30.591+0000] {logging_mixin.py:188} INFO - [2025-10-23T12:00:30.590+0000] {dag.py:3947} INFO - Setting next_dagrun for dataset_consumes_1_never_scheduled to None, run_after=None
[2025-10-23T12:00:30.591+0000] {logging_mixin.py:188} INFO - [2025-10-23T12:00:30.591+0000] {dag.py:3947} INFO - Setting next_dagrun for dataset_consumes_unknown_never_scheduled to None, run_after=None
[2025-10-23T12:00:30.592+0000] {logging_mixin.py:188} INFO - [2025-10-23T12:00:30.592+0000] {dag.py:3947} INFO - Setting next_dagrun for dataset_produces_1 to 2025-10-22 00:00:00+00:00, run_after=2025-10-23 00:00:00+00:00
[2025-10-23T12:00:30.593+0000] {logging_mixin.py:188} INFO - [2025-10-23T12:00:30.593+0000] {dag.py:3947} INFO - Setting next_dagrun for dataset_produces_2 to None, run_after=None
[2025-10-23T12:00:30.620+0000] {processor.py:183} INFO - Processing /home/khaled/dbt-env/lib/python3.12/site-packages/airflow/example_dags/example_datasets.py took 0.094 seconds
[2025-10-23T12:02:04.720+0000] {processor.py:161} INFO - Started process (PID=10606) to work on /home/khaled/dbt-env/lib/python3.12/site-packages/airflow/example_dags/example_datasets.py
[2025-10-23T12:02:04.731+0000] {processor.py:830} INFO - Processing file /home/khaled/dbt-env/lib/python3.12/site-packages/airflow/example_dags/example_datasets.py for tasks to queue
[2025-10-23T12:02:04.734+0000] {logging_mixin.py:188} INFO - [2025-10-23T12:02:04.734+0000] {dagbag.py:545} INFO - Filling up the DagBag from /home/khaled/dbt-env/lib/python3.12/site-packages/airflow/example_dags/example_datasets.py
[2025-10-23T12:02:04.745+0000] {processor.py:840} INFO - DAG(s) 'dataset_consumes_1_never_scheduled', 'dataset_produces_2', 'dataset_consumes_1', 'dataset_produces_1', 'consume_1_or_both_2_and_3_with_dataset_expressions', 'dataset_consumes_1_and_2', 'consume_1_and_2_with_dataset_expressions', 'conditional_dataset_and_time_based_timetable', 'dataset_consumes_unknown_never_scheduled', 'consume_1_or_2_with_dataset_expressions' retrieved from /home/khaled/dbt-env/lib/python3.12/site-packages/airflow/example_dags/example_datasets.py
[2025-10-23T12:02:04.776+0000] {logging_mixin.py:188} INFO - [2025-10-23T12:02:04.775+0000] {dag.py:3089} INFO - Sync 10 DAGs
[2025-10-23T12:02:04.793+0000] {logging_mixin.py:188} INFO - [2025-10-23T12:02:04.793+0000] {dag.py:3947} INFO - Setting next_dagrun for conditional_dataset_and_time_based_timetable to 2025-10-22 01:00:00+00:00, run_after=2025-10-22 01:00:00+00:00
[2025-10-23T12:02:04.797+0000] {logging_mixin.py:188} INFO - [2025-10-23T12:02:04.796+0000] {dag.py:3947} INFO - Setting next_dagrun for consume_1_and_2_with_dataset_expressions to None, run_after=None
[2025-10-23T12:02:04.798+0000] {logging_mixin.py:188} INFO - [2025-10-23T12:02:04.798+0000] {dag.py:3947} INFO - Setting next_dagrun for consume_1_or_2_with_dataset_expressions to None, run_after=None
[2025-10-23T12:02:04.799+0000] {logging_mixin.py:188} INFO - [2025-10-23T12:02:04.799+0000] {dag.py:3947} INFO - Setting next_dagrun for consume_1_or_both_2_and_3_with_dataset_expressions to None, run_after=None
[2025-10-23T12:02:04.803+0000] {logging_mixin.py:188} INFO - [2025-10-23T12:02:04.802+0000] {dag.py:3947} INFO - Setting next_dagrun for dataset_consumes_1 to None, run_after=None
[2025-10-23T12:02:04.804+0000] {logging_mixin.py:188} INFO - [2025-10-23T12:02:04.804+0000] {dag.py:3947} INFO - Setting next_dagrun for dataset_consumes_1_and_2 to None, run_after=None
[2025-10-23T12:02:04.805+0000] {logging_mixin.py:188} INFO - [2025-10-23T12:02:04.805+0000] {dag.py:3947} INFO - Setting next_dagrun for dataset_consumes_1_never_scheduled to None, run_after=None
[2025-10-23T12:02:04.806+0000] {logging_mixin.py:188} INFO - [2025-10-23T12:02:04.806+0000] {dag.py:3947} INFO - Setting next_dagrun for dataset_consumes_unknown_never_scheduled to None, run_after=None
[2025-10-23T12:02:04.807+0000] {logging_mixin.py:188} INFO - [2025-10-23T12:02:04.807+0000] {dag.py:3947} INFO - Setting next_dagrun for dataset_produces_1 to 2025-10-22 00:00:00+00:00, run_after=2025-10-23 00:00:00+00:00
[2025-10-23T12:02:04.812+0000] {logging_mixin.py:188} INFO - [2025-10-23T12:02:04.811+0000] {dag.py:3947} INFO - Setting next_dagrun for dataset_produces_2 to None, run_after=None
[2025-10-23T12:02:04.847+0000] {processor.py:183} INFO - Processing /home/khaled/dbt-env/lib/python3.12/site-packages/airflow/example_dags/example_datasets.py took 0.131 seconds
[2025-10-23T12:03:39.411+0000] {processor.py:161} INFO - Started process (PID=10720) to work on /home/khaled/dbt-env/lib/python3.12/site-packages/airflow/example_dags/example_datasets.py
[2025-10-23T12:03:39.413+0000] {processor.py:830} INFO - Processing file /home/khaled/dbt-env/lib/python3.12/site-packages/airflow/example_dags/example_datasets.py for tasks to queue
[2025-10-23T12:03:39.415+0000] {logging_mixin.py:188} INFO - [2025-10-23T12:03:39.414+0000] {dagbag.py:545} INFO - Filling up the DagBag from /home/khaled/dbt-env/lib/python3.12/site-packages/airflow/example_dags/example_datasets.py
[2025-10-23T12:03:39.423+0000] {processor.py:840} INFO - DAG(s) 'consume_1_or_both_2_and_3_with_dataset_expressions', 'consume_1_and_2_with_dataset_expressions', 'conditional_dataset_and_time_based_timetable', 'dataset_consumes_1', 'dataset_consumes_1_and_2', 'consume_1_or_2_with_dataset_expressions', 'dataset_consumes_1_never_scheduled', 'dataset_consumes_unknown_never_scheduled', 'dataset_produces_1', 'dataset_produces_2' retrieved from /home/khaled/dbt-env/lib/python3.12/site-packages/airflow/example_dags/example_datasets.py
[2025-10-23T12:03:39.450+0000] {logging_mixin.py:188} INFO - [2025-10-23T12:03:39.449+0000] {dag.py:3089} INFO - Sync 10 DAGs
[2025-10-23T12:03:39.466+0000] {logging_mixin.py:188} INFO - [2025-10-23T12:03:39.466+0000] {dag.py:3947} INFO - Setting next_dagrun for conditional_dataset_and_time_based_timetable to 2025-10-22 01:00:00+00:00, run_after=2025-10-22 01:00:00+00:00
[2025-10-23T12:03:39.468+0000] {logging_mixin.py:188} INFO - [2025-10-23T12:03:39.468+0000] {dag.py:3947} INFO - Setting next_dagrun for consume_1_and_2_with_dataset_expressions to None, run_after=None
[2025-10-23T12:03:39.469+0000] {logging_mixin.py:188} INFO - [2025-10-23T12:03:39.469+0000] {dag.py:3947} INFO - Setting next_dagrun for consume_1_or_2_with_dataset_expressions to None, run_after=None
[2025-10-23T12:03:39.470+0000] {logging_mixin.py:188} INFO - [2025-10-23T12:03:39.470+0000] {dag.py:3947} INFO - Setting next_dagrun for consume_1_or_both_2_and_3_with_dataset_expressions to None, run_after=None
[2025-10-23T12:03:39.471+0000] {logging_mixin.py:188} INFO - [2025-10-23T12:03:39.471+0000] {dag.py:3947} INFO - Setting next_dagrun for dataset_consumes_1 to None, run_after=None
[2025-10-23T12:03:39.471+0000] {logging_mixin.py:188} INFO - [2025-10-23T12:03:39.471+0000] {dag.py:3947} INFO - Setting next_dagrun for dataset_consumes_1_and_2 to None, run_after=None
[2025-10-23T12:03:39.472+0000] {logging_mixin.py:188} INFO - [2025-10-23T12:03:39.472+0000] {dag.py:3947} INFO - Setting next_dagrun for dataset_consumes_1_never_scheduled to None, run_after=None
[2025-10-23T12:03:39.473+0000] {logging_mixin.py:188} INFO - [2025-10-23T12:03:39.473+0000] {dag.py:3947} INFO - Setting next_dagrun for dataset_consumes_unknown_never_scheduled to None, run_after=None
[2025-10-23T12:03:39.474+0000] {logging_mixin.py:188} INFO - [2025-10-23T12:03:39.474+0000] {dag.py:3947} INFO - Setting next_dagrun for dataset_produces_1 to 2025-10-22 00:00:00+00:00, run_after=2025-10-23 00:00:00+00:00
[2025-10-23T12:03:39.474+0000] {logging_mixin.py:188} INFO - [2025-10-23T12:03:39.474+0000] {dag.py:3947} INFO - Setting next_dagrun for dataset_produces_2 to None, run_after=None
[2025-10-23T12:03:39.500+0000] {processor.py:183} INFO - Processing /home/khaled/dbt-env/lib/python3.12/site-packages/airflow/example_dags/example_datasets.py took 0.094 seconds
[2025-10-23T12:04:46.585+0000] {processor.py:161} INFO - Started process (PID=10841) to work on /home/khaled/dbt-env/lib/python3.12/site-packages/airflow/example_dags/example_datasets.py
[2025-10-23T12:04:46.596+0000] {processor.py:830} INFO - Processing file /home/khaled/dbt-env/lib/python3.12/site-packages/airflow/example_dags/example_datasets.py for tasks to queue
[2025-10-23T12:04:46.598+0000] {logging_mixin.py:188} INFO - [2025-10-23T12:04:46.598+0000] {dagbag.py:545} INFO - Filling up the DagBag from /home/khaled/dbt-env/lib/python3.12/site-packages/airflow/example_dags/example_datasets.py
[2025-10-23T12:04:46.612+0000] {processor.py:840} INFO - DAG(s) 'consume_1_or_2_with_dataset_expressions', 'conditional_dataset_and_time_based_timetable', 'dataset_produces_2', 'dataset_consumes_unknown_never_scheduled', 'dataset_consumes_1', 'dataset_consumes_1_and_2', 'dataset_consumes_1_never_scheduled', 'consume_1_or_both_2_and_3_with_dataset_expressions', 'consume_1_and_2_with_dataset_expressions', 'dataset_produces_1' retrieved from /home/khaled/dbt-env/lib/python3.12/site-packages/airflow/example_dags/example_datasets.py
[2025-10-23T12:04:46.645+0000] {logging_mixin.py:188} INFO - [2025-10-23T12:04:46.645+0000] {dag.py:3089} INFO - Sync 10 DAGs
[2025-10-23T12:04:46.666+0000] {logging_mixin.py:188} INFO - [2025-10-23T12:04:46.666+0000] {dag.py:3947} INFO - Setting next_dagrun for conditional_dataset_and_time_based_timetable to 2025-10-22 01:00:00+00:00, run_after=2025-10-22 01:00:00+00:00
[2025-10-23T12:04:46.669+0000] {logging_mixin.py:188} INFO - [2025-10-23T12:04:46.669+0000] {dag.py:3947} INFO - Setting next_dagrun for consume_1_and_2_with_dataset_expressions to None, run_after=None
[2025-10-23T12:04:46.670+0000] {logging_mixin.py:188} INFO - [2025-10-23T12:04:46.670+0000] {dag.py:3947} INFO - Setting next_dagrun for consume_1_or_2_with_dataset_expressions to None, run_after=None
[2025-10-23T12:04:46.671+0000] {logging_mixin.py:188} INFO - [2025-10-23T12:04:46.671+0000] {dag.py:3947} INFO - Setting next_dagrun for consume_1_or_both_2_and_3_with_dataset_expressions to None, run_after=None
[2025-10-23T12:04:46.673+0000] {logging_mixin.py:188} INFO - [2025-10-23T12:04:46.673+0000] {dag.py:3947} INFO - Setting next_dagrun for dataset_consumes_1 to None, run_after=None
[2025-10-23T12:04:46.674+0000] {logging_mixin.py:188} INFO - [2025-10-23T12:04:46.674+0000] {dag.py:3947} INFO - Setting next_dagrun for dataset_consumes_1_and_2 to None, run_after=None
[2025-10-23T12:04:46.675+0000] {logging_mixin.py:188} INFO - [2025-10-23T12:04:46.675+0000] {dag.py:3947} INFO - Setting next_dagrun for dataset_consumes_1_never_scheduled to None, run_after=None
[2025-10-23T12:04:46.676+0000] {logging_mixin.py:188} INFO - [2025-10-23T12:04:46.675+0000] {dag.py:3947} INFO - Setting next_dagrun for dataset_consumes_unknown_never_scheduled to None, run_after=None
[2025-10-23T12:04:46.677+0000] {logging_mixin.py:188} INFO - [2025-10-23T12:04:46.677+0000] {dag.py:3947} INFO - Setting next_dagrun for dataset_produces_1 to 2025-10-22 00:00:00+00:00, run_after=2025-10-23 00:00:00+00:00
[2025-10-23T12:04:46.678+0000] {logging_mixin.py:188} INFO - [2025-10-23T12:04:46.678+0000] {dag.py:3947} INFO - Setting next_dagrun for dataset_produces_2 to None, run_after=None
[2025-10-23T12:04:46.707+0000] {processor.py:183} INFO - Processing /home/khaled/dbt-env/lib/python3.12/site-packages/airflow/example_dags/example_datasets.py took 0.128 seconds
[2025-10-23T12:05:38.213+0000] {processor.py:161} INFO - Started process (PID=11215) to work on /home/khaled/dbt-env/lib/python3.12/site-packages/airflow/example_dags/example_datasets.py
[2025-10-23T12:05:38.224+0000] {processor.py:830} INFO - Processing file /home/khaled/dbt-env/lib/python3.12/site-packages/airflow/example_dags/example_datasets.py for tasks to queue
[2025-10-23T12:05:38.225+0000] {logging_mixin.py:188} INFO - [2025-10-23T12:05:38.225+0000] {dagbag.py:545} INFO - Filling up the DagBag from /home/khaled/dbt-env/lib/python3.12/site-packages/airflow/example_dags/example_datasets.py
[2025-10-23T12:05:38.235+0000] {processor.py:840} INFO - DAG(s) 'dataset_consumes_unknown_never_scheduled', 'dataset_consumes_1_and_2', 'dataset_consumes_1_never_scheduled', 'conditional_dataset_and_time_based_timetable', 'consume_1_or_2_with_dataset_expressions', 'dataset_produces_2', 'consume_1_or_both_2_and_3_with_dataset_expressions', 'dataset_consumes_1', 'consume_1_and_2_with_dataset_expressions', 'dataset_produces_1' retrieved from /home/khaled/dbt-env/lib/python3.12/site-packages/airflow/example_dags/example_datasets.py
[2025-10-23T12:05:38.263+0000] {logging_mixin.py:188} INFO - [2025-10-23T12:05:38.263+0000] {dag.py:3089} INFO - Sync 10 DAGs
[2025-10-23T12:05:38.282+0000] {logging_mixin.py:188} INFO - [2025-10-23T12:05:38.282+0000] {dag.py:3947} INFO - Setting next_dagrun for conditional_dataset_and_time_based_timetable to 2025-10-22 01:00:00+00:00, run_after=2025-10-22 01:00:00+00:00
[2025-10-23T12:05:38.285+0000] {logging_mixin.py:188} INFO - [2025-10-23T12:05:38.285+0000] {dag.py:3947} INFO - Setting next_dagrun for consume_1_and_2_with_dataset_expressions to None, run_after=None
[2025-10-23T12:05:38.286+0000] {logging_mixin.py:188} INFO - [2025-10-23T12:05:38.286+0000] {dag.py:3947} INFO - Setting next_dagrun for consume_1_or_2_with_dataset_expressions to None, run_after=None
[2025-10-23T12:05:38.286+0000] {logging_mixin.py:188} INFO - [2025-10-23T12:05:38.286+0000] {dag.py:3947} INFO - Setting next_dagrun for consume_1_or_both_2_and_3_with_dataset_expressions to None, run_after=None
[2025-10-23T12:05:38.379+0000] {logging_mixin.py:188} INFO - [2025-10-23T12:05:38.379+0000] {dag.py:3947} INFO - Setting next_dagrun for dataset_consumes_1 to None, run_after=None
[2025-10-23T12:05:38.380+0000] {logging_mixin.py:188} INFO - [2025-10-23T12:05:38.380+0000] {dag.py:3947} INFO - Setting next_dagrun for dataset_consumes_1_and_2 to None, run_after=None
[2025-10-23T12:05:38.381+0000] {logging_mixin.py:188} INFO - [2025-10-23T12:05:38.381+0000] {dag.py:3947} INFO - Setting next_dagrun for dataset_consumes_1_never_scheduled to None, run_after=None
[2025-10-23T12:05:38.382+0000] {logging_mixin.py:188} INFO - [2025-10-23T12:05:38.381+0000] {dag.py:3947} INFO - Setting next_dagrun for dataset_consumes_unknown_never_scheduled to None, run_after=None
[2025-10-23T12:05:38.383+0000] {logging_mixin.py:188} INFO - [2025-10-23T12:05:38.383+0000] {dag.py:3947} INFO - Setting next_dagrun for dataset_produces_1 to 2025-10-22 00:00:00+00:00, run_after=2025-10-23 00:00:00+00:00
[2025-10-23T12:05:38.384+0000] {logging_mixin.py:188} INFO - [2025-10-23T12:05:38.384+0000] {dag.py:3947} INFO - Setting next_dagrun for dataset_produces_2 to None, run_after=None
[2025-10-23T12:05:38.406+0000] {processor.py:183} INFO - Processing /home/khaled/dbt-env/lib/python3.12/site-packages/airflow/example_dags/example_datasets.py took 0.197 seconds
[2025-10-23T12:06:43.179+0000] {processor.py:161} INFO - Started process (PID=11303) to work on /home/khaled/dbt-env/lib/python3.12/site-packages/airflow/example_dags/example_datasets.py
[2025-10-23T12:06:43.180+0000] {processor.py:830} INFO - Processing file /home/khaled/dbt-env/lib/python3.12/site-packages/airflow/example_dags/example_datasets.py for tasks to queue
[2025-10-23T12:06:43.181+0000] {logging_mixin.py:188} INFO - [2025-10-23T12:06:43.181+0000] {dagbag.py:545} INFO - Filling up the DagBag from /home/khaled/dbt-env/lib/python3.12/site-packages/airflow/example_dags/example_datasets.py
[2025-10-23T12:06:43.190+0000] {processor.py:840} INFO - DAG(s) 'conditional_dataset_and_time_based_timetable', 'consume_1_and_2_with_dataset_expressions', 'dataset_produces_1', 'consume_1_or_both_2_and_3_with_dataset_expressions', 'dataset_consumes_1', 'dataset_consumes_unknown_never_scheduled', 'dataset_consumes_1_never_scheduled', 'consume_1_or_2_with_dataset_expressions', 'dataset_produces_2', 'dataset_consumes_1_and_2' retrieved from /home/khaled/dbt-env/lib/python3.12/site-packages/airflow/example_dags/example_datasets.py
[2025-10-23T12:06:43.215+0000] {logging_mixin.py:188} INFO - [2025-10-23T12:06:43.215+0000] {dag.py:3089} INFO - Sync 10 DAGs
[2025-10-23T12:06:43.230+0000] {logging_mixin.py:188} INFO - [2025-10-23T12:06:43.230+0000] {dag.py:3947} INFO - Setting next_dagrun for conditional_dataset_and_time_based_timetable to 2025-10-22 01:00:00+00:00, run_after=2025-10-22 01:00:00+00:00
[2025-10-23T12:06:43.233+0000] {logging_mixin.py:188} INFO - [2025-10-23T12:06:43.233+0000] {dag.py:3947} INFO - Setting next_dagrun for consume_1_and_2_with_dataset_expressions to None, run_after=None
[2025-10-23T12:06:43.234+0000] {logging_mixin.py:188} INFO - [2025-10-23T12:06:43.234+0000] {dag.py:3947} INFO - Setting next_dagrun for consume_1_or_2_with_dataset_expressions to None, run_after=None
[2025-10-23T12:06:43.235+0000] {logging_mixin.py:188} INFO - [2025-10-23T12:06:43.234+0000] {dag.py:3947} INFO - Setting next_dagrun for consume_1_or_both_2_and_3_with_dataset_expressions to None, run_after=None
[2025-10-23T12:06:43.236+0000] {logging_mixin.py:188} INFO - [2025-10-23T12:06:43.236+0000] {dag.py:3947} INFO - Setting next_dagrun for dataset_consumes_1 to None, run_after=None
[2025-10-23T12:06:43.237+0000] {logging_mixin.py:188} INFO - [2025-10-23T12:06:43.237+0000] {dag.py:3947} INFO - Setting next_dagrun for dataset_consumes_1_and_2 to None, run_after=None
[2025-10-23T12:06:43.237+0000] {logging_mixin.py:188} INFO - [2025-10-23T12:06:43.237+0000] {dag.py:3947} INFO - Setting next_dagrun for dataset_consumes_1_never_scheduled to None, run_after=None
[2025-10-23T12:06:43.238+0000] {logging_mixin.py:188} INFO - [2025-10-23T12:06:43.238+0000] {dag.py:3947} INFO - Setting next_dagrun for dataset_consumes_unknown_never_scheduled to None, run_after=None
[2025-10-23T12:06:43.239+0000] {logging_mixin.py:188} INFO - [2025-10-23T12:06:43.239+0000] {dag.py:3947} INFO - Setting next_dagrun for dataset_produces_1 to 2025-10-22 00:00:00+00:00, run_after=2025-10-23 00:00:00+00:00
[2025-10-23T12:06:43.240+0000] {logging_mixin.py:188} INFO - [2025-10-23T12:06:43.240+0000] {dag.py:3947} INFO - Setting next_dagrun for dataset_produces_2 to None, run_after=None
[2025-10-23T12:06:43.373+0000] {processor.py:183} INFO - Processing /home/khaled/dbt-env/lib/python3.12/site-packages/airflow/example_dags/example_datasets.py took 0.199 seconds
[2025-10-23T12:07:53.095+0000] {processor.py:161} INFO - Started process (PID=11391) to work on /home/khaled/dbt-env/lib/python3.12/site-packages/airflow/example_dags/example_datasets.py
[2025-10-23T12:07:53.106+0000] {processor.py:830} INFO - Processing file /home/khaled/dbt-env/lib/python3.12/site-packages/airflow/example_dags/example_datasets.py for tasks to queue
[2025-10-23T12:07:53.109+0000] {logging_mixin.py:188} INFO - [2025-10-23T12:07:53.109+0000] {dagbag.py:545} INFO - Filling up the DagBag from /home/khaled/dbt-env/lib/python3.12/site-packages/airflow/example_dags/example_datasets.py
[2025-10-23T12:07:53.121+0000] {processor.py:840} INFO - DAG(s) 'dataset_consumes_unknown_never_scheduled', 'dataset_consumes_1_never_scheduled', 'consume_1_or_both_2_and_3_with_dataset_expressions', 'dataset_consumes_1', 'dataset_consumes_1_and_2', 'consume_1_or_2_with_dataset_expressions', 'conditional_dataset_and_time_based_timetable', 'dataset_produces_2', 'consume_1_and_2_with_dataset_expressions', 'dataset_produces_1' retrieved from /home/khaled/dbt-env/lib/python3.12/site-packages/airflow/example_dags/example_datasets.py
[2025-10-23T12:07:53.189+0000] {logging_mixin.py:188} INFO - [2025-10-23T12:07:53.189+0000] {dag.py:3089} INFO - Sync 10 DAGs
[2025-10-23T12:07:53.206+0000] {logging_mixin.py:188} INFO - [2025-10-23T12:07:53.206+0000] {dag.py:3947} INFO - Setting next_dagrun for conditional_dataset_and_time_based_timetable to 2025-10-22 01:00:00+00:00, run_after=2025-10-22 01:00:00+00:00
[2025-10-23T12:07:53.209+0000] {logging_mixin.py:188} INFO - [2025-10-23T12:07:53.209+0000] {dag.py:3947} INFO - Setting next_dagrun for consume_1_and_2_with_dataset_expressions to None, run_after=None
[2025-10-23T12:07:53.210+0000] {logging_mixin.py:188} INFO - [2025-10-23T12:07:53.210+0000] {dag.py:3947} INFO - Setting next_dagrun for consume_1_or_2_with_dataset_expressions to None, run_after=None
[2025-10-23T12:07:53.210+0000] {logging_mixin.py:188} INFO - [2025-10-23T12:07:53.210+0000] {dag.py:3947} INFO - Setting next_dagrun for consume_1_or_both_2_and_3_with_dataset_expressions to None, run_after=None
[2025-10-23T12:07:53.211+0000] {logging_mixin.py:188} INFO - [2025-10-23T12:07:53.211+0000] {dag.py:3947} INFO - Setting next_dagrun for dataset_consumes_1 to None, run_after=None
[2025-10-23T12:07:53.212+0000] {logging_mixin.py:188} INFO - [2025-10-23T12:07:53.212+0000] {dag.py:3947} INFO - Setting next_dagrun for dataset_consumes_1_and_2 to None, run_after=None
[2025-10-23T12:07:53.212+0000] {logging_mixin.py:188} INFO - [2025-10-23T12:07:53.212+0000] {dag.py:3947} INFO - Setting next_dagrun for dataset_consumes_1_never_scheduled to None, run_after=None
[2025-10-23T12:07:53.213+0000] {logging_mixin.py:188} INFO - [2025-10-23T12:07:53.213+0000] {dag.py:3947} INFO - Setting next_dagrun for dataset_consumes_unknown_never_scheduled to None, run_after=None
[2025-10-23T12:07:53.214+0000] {logging_mixin.py:188} INFO - [2025-10-23T12:07:53.214+0000] {dag.py:3947} INFO - Setting next_dagrun for dataset_produces_1 to 2025-10-22 00:00:00+00:00, run_after=2025-10-23 00:00:00+00:00
[2025-10-23T12:07:53.215+0000] {logging_mixin.py:188} INFO - [2025-10-23T12:07:53.215+0000] {dag.py:3947} INFO - Setting next_dagrun for dataset_produces_2 to None, run_after=None
[2025-10-23T12:07:53.239+0000] {processor.py:183} INFO - Processing /home/khaled/dbt-env/lib/python3.12/site-packages/airflow/example_dags/example_datasets.py took 0.150 seconds
[2025-10-23T12:09:05.642+0000] {processor.py:161} INFO - Started process (PID=11532) to work on /home/khaled/dbt-env/lib/python3.12/site-packages/airflow/example_dags/example_datasets.py
[2025-10-23T12:09:05.643+0000] {processor.py:830} INFO - Processing file /home/khaled/dbt-env/lib/python3.12/site-packages/airflow/example_dags/example_datasets.py for tasks to queue
[2025-10-23T12:09:05.645+0000] {logging_mixin.py:188} INFO - [2025-10-23T12:09:05.645+0000] {dagbag.py:545} INFO - Filling up the DagBag from /home/khaled/dbt-env/lib/python3.12/site-packages/airflow/example_dags/example_datasets.py
[2025-10-23T12:09:05.655+0000] {processor.py:840} INFO - DAG(s) 'consume_1_or_both_2_and_3_with_dataset_expressions', 'consume_1_or_2_with_dataset_expressions', 'dataset_consumes_1_never_scheduled', 'dataset_consumes_unknown_never_scheduled', 'dataset_consumes_1', 'dataset_produces_1', 'consume_1_and_2_with_dataset_expressions', 'dataset_consumes_1_and_2', 'dataset_produces_2', 'conditional_dataset_and_time_based_timetable' retrieved from /home/khaled/dbt-env/lib/python3.12/site-packages/airflow/example_dags/example_datasets.py
[2025-10-23T12:09:05.680+0000] {logging_mixin.py:188} INFO - [2025-10-23T12:09:05.680+0000] {dag.py:3089} INFO - Sync 10 DAGs
[2025-10-23T12:09:05.698+0000] {logging_mixin.py:188} INFO - [2025-10-23T12:09:05.698+0000] {dag.py:3947} INFO - Setting next_dagrun for conditional_dataset_and_time_based_timetable to 2025-10-22 01:00:00+00:00, run_after=2025-10-22 01:00:00+00:00
[2025-10-23T12:09:05.701+0000] {logging_mixin.py:188} INFO - [2025-10-23T12:09:05.701+0000] {dag.py:3947} INFO - Setting next_dagrun for consume_1_and_2_with_dataset_expressions to None, run_after=None
[2025-10-23T12:09:05.702+0000] {logging_mixin.py:188} INFO - [2025-10-23T12:09:05.702+0000] {dag.py:3947} INFO - Setting next_dagrun for consume_1_or_2_with_dataset_expressions to None, run_after=None
[2025-10-23T12:09:05.703+0000] {logging_mixin.py:188} INFO - [2025-10-23T12:09:05.703+0000] {dag.py:3947} INFO - Setting next_dagrun for consume_1_or_both_2_and_3_with_dataset_expressions to None, run_after=None
[2025-10-23T12:09:05.704+0000] {logging_mixin.py:188} INFO - [2025-10-23T12:09:05.704+0000] {dag.py:3947} INFO - Setting next_dagrun for dataset_consumes_1 to None, run_after=None
[2025-10-23T12:09:05.705+0000] {logging_mixin.py:188} INFO - [2025-10-23T12:09:05.704+0000] {dag.py:3947} INFO - Setting next_dagrun for dataset_consumes_1_and_2 to None, run_after=None
[2025-10-23T12:09:05.705+0000] {logging_mixin.py:188} INFO - [2025-10-23T12:09:05.705+0000] {dag.py:3947} INFO - Setting next_dagrun for dataset_consumes_1_never_scheduled to None, run_after=None
[2025-10-23T12:09:05.706+0000] {logging_mixin.py:188} INFO - [2025-10-23T12:09:05.706+0000] {dag.py:3947} INFO - Setting next_dagrun for dataset_consumes_unknown_never_scheduled to None, run_after=None
[2025-10-23T12:09:05.707+0000] {logging_mixin.py:188} INFO - [2025-10-23T12:09:05.707+0000] {dag.py:3947} INFO - Setting next_dagrun for dataset_produces_1 to 2025-10-22 00:00:00+00:00, run_after=2025-10-23 00:00:00+00:00
[2025-10-23T12:09:05.708+0000] {logging_mixin.py:188} INFO - [2025-10-23T12:09:05.708+0000] {dag.py:3947} INFO - Setting next_dagrun for dataset_produces_2 to None, run_after=None
[2025-10-23T12:09:05.749+0000] {processor.py:183} INFO - Processing /home/khaled/dbt-env/lib/python3.12/site-packages/airflow/example_dags/example_datasets.py took 0.113 seconds
[2025-10-23T12:10:15.622+0000] {processor.py:161} INFO - Started process (PID=11667) to work on /home/khaled/dbt-env/lib/python3.12/site-packages/airflow/example_dags/example_datasets.py
[2025-10-23T12:10:15.633+0000] {processor.py:830} INFO - Processing file /home/khaled/dbt-env/lib/python3.12/site-packages/airflow/example_dags/example_datasets.py for tasks to queue
[2025-10-23T12:10:15.635+0000] {logging_mixin.py:188} INFO - [2025-10-23T12:10:15.634+0000] {dagbag.py:545} INFO - Filling up the DagBag from /home/khaled/dbt-env/lib/python3.12/site-packages/airflow/example_dags/example_datasets.py
[2025-10-23T12:10:15.644+0000] {processor.py:840} INFO - DAG(s) 'dataset_consumes_unknown_never_scheduled', 'consume_1_or_both_2_and_3_with_dataset_expressions', 'consume_1_or_2_with_dataset_expressions', 'dataset_consumes_1_never_scheduled', 'dataset_consumes_1_and_2', 'dataset_consumes_1', 'dataset_produces_1', 'consume_1_and_2_with_dataset_expressions', 'dataset_produces_2', 'conditional_dataset_and_time_based_timetable' retrieved from /home/khaled/dbt-env/lib/python3.12/site-packages/airflow/example_dags/example_datasets.py
[2025-10-23T12:10:15.669+0000] {logging_mixin.py:188} INFO - [2025-10-23T12:10:15.669+0000] {dag.py:3089} INFO - Sync 10 DAGs
[2025-10-23T12:10:15.685+0000] {logging_mixin.py:188} INFO - [2025-10-23T12:10:15.685+0000] {dag.py:3947} INFO - Setting next_dagrun for conditional_dataset_and_time_based_timetable to 2025-10-22 01:00:00+00:00, run_after=2025-10-22 01:00:00+00:00
[2025-10-23T12:10:15.688+0000] {logging_mixin.py:188} INFO - [2025-10-23T12:10:15.688+0000] {dag.py:3947} INFO - Setting next_dagrun for consume_1_and_2_with_dataset_expressions to None, run_after=None
[2025-10-23T12:10:15.689+0000] {logging_mixin.py:188} INFO - [2025-10-23T12:10:15.689+0000] {dag.py:3947} INFO - Setting next_dagrun for consume_1_or_2_with_dataset_expressions to None, run_after=None
[2025-10-23T12:10:15.690+0000] {logging_mixin.py:188} INFO - [2025-10-23T12:10:15.690+0000] {dag.py:3947} INFO - Setting next_dagrun for consume_1_or_both_2_and_3_with_dataset_expressions to None, run_after=None
[2025-10-23T12:10:15.691+0000] {logging_mixin.py:188} INFO - [2025-10-23T12:10:15.691+0000] {dag.py:3947} INFO - Setting next_dagrun for dataset_consumes_1 to None, run_after=None
[2025-10-23T12:10:15.691+0000] {logging_mixin.py:188} INFO - [2025-10-23T12:10:15.691+0000] {dag.py:3947} INFO - Setting next_dagrun for dataset_consumes_1_and_2 to None, run_after=None
[2025-10-23T12:10:15.692+0000] {logging_mixin.py:188} INFO - [2025-10-23T12:10:15.692+0000] {dag.py:3947} INFO - Setting next_dagrun for dataset_consumes_1_never_scheduled to None, run_after=None
[2025-10-23T12:10:15.693+0000] {logging_mixin.py:188} INFO - [2025-10-23T12:10:15.692+0000] {dag.py:3947} INFO - Setting next_dagrun for dataset_consumes_unknown_never_scheduled to None, run_after=None
[2025-10-23T12:10:15.694+0000] {logging_mixin.py:188} INFO - [2025-10-23T12:10:15.693+0000] {dag.py:3947} INFO - Setting next_dagrun for dataset_produces_1 to 2025-10-22 00:00:00+00:00, run_after=2025-10-23 00:00:00+00:00
[2025-10-23T12:10:15.694+0000] {logging_mixin.py:188} INFO - [2025-10-23T12:10:15.694+0000] {dag.py:3947} INFO - Setting next_dagrun for dataset_produces_2 to None, run_after=None
[2025-10-23T12:10:15.723+0000] {processor.py:183} INFO - Processing /home/khaled/dbt-env/lib/python3.12/site-packages/airflow/example_dags/example_datasets.py took 0.107 seconds
