[2025-10-23T11:39:34.959+0000] {processor.py:161} INFO - Started process (PID=5963) to work on /home/khaled/dbt-env/lib/python3.12/site-packages/airflow/example_dags/example_branch_operator_decorator.py
[2025-10-23T11:39:34.960+0000] {processor.py:830} INFO - Processing file /home/khaled/dbt-env/lib/python3.12/site-packages/airflow/example_dags/example_branch_operator_decorator.py for tasks to queue
[2025-10-23T11:39:34.962+0000] {logging_mixin.py:188} INFO - [2025-10-23T11:39:34.961+0000] {dagbag.py:545} INFO - Filling up the DagBag from /home/khaled/dbt-env/lib/python3.12/site-packages/airflow/example_dags/example_branch_operator_decorator.py
[2025-10-23T11:39:34.966+0000] {processor.py:842} WARNING - No viable dags retrieved from /home/khaled/dbt-env/lib/python3.12/site-packages/airflow/example_dags/example_branch_operator_decorator.py
[2025-10-23T11:39:34.977+0000] {processor.py:183} INFO - Processing /home/khaled/dbt-env/lib/python3.12/site-packages/airflow/example_dags/example_branch_operator_decorator.py took 0.022 seconds
[2025-10-23T11:55:09.682+0000] {processor.py:161} INFO - Started process (PID=9571) to work on /home/khaled/dbt-env/lib/python3.12/site-packages/airflow/example_dags/example_branch_operator_decorator.py
[2025-10-23T11:55:09.694+0000] {processor.py:830} INFO - Processing file /home/khaled/dbt-env/lib/python3.12/site-packages/airflow/example_dags/example_branch_operator_decorator.py for tasks to queue
[2025-10-23T11:55:09.696+0000] {logging_mixin.py:188} INFO - [2025-10-23T11:55:09.695+0000] {dagbag.py:545} INFO - Filling up the DagBag from /home/khaled/dbt-env/lib/python3.12/site-packages/airflow/example_dags/example_branch_operator_decorator.py
[2025-10-23T11:55:09.698+0000] {processor.py:842} WARNING - No viable dags retrieved from /home/khaled/dbt-env/lib/python3.12/site-packages/airflow/example_dags/example_branch_operator_decorator.py
[2025-10-23T11:55:09.705+0000] {processor.py:183} INFO - Processing /home/khaled/dbt-env/lib/python3.12/site-packages/airflow/example_dags/example_branch_operator_decorator.py took 0.026 seconds
[2025-10-23T11:56:23.199+0000] {processor.py:161} INFO - Started process (PID=9941) to work on /home/khaled/dbt-env/lib/python3.12/site-packages/airflow/example_dags/example_branch_operator_decorator.py
[2025-10-23T11:56:23.210+0000] {processor.py:830} INFO - Processing file /home/khaled/dbt-env/lib/python3.12/site-packages/airflow/example_dags/example_branch_operator_decorator.py for tasks to queue
[2025-10-23T11:56:23.211+0000] {logging_mixin.py:188} INFO - [2025-10-23T11:56:23.211+0000] {dagbag.py:545} INFO - Filling up the DagBag from /home/khaled/dbt-env/lib/python3.12/site-packages/airflow/example_dags/example_branch_operator_decorator.py
[2025-10-23T11:56:23.213+0000] {processor.py:842} WARNING - No viable dags retrieved from /home/khaled/dbt-env/lib/python3.12/site-packages/airflow/example_dags/example_branch_operator_decorator.py
[2025-10-23T11:56:23.222+0000] {processor.py:183} INFO - Processing /home/khaled/dbt-env/lib/python3.12/site-packages/airflow/example_dags/example_branch_operator_decorator.py took 0.027 seconds
[2025-10-23T11:57:58.129+0000] {processor.py:161} INFO - Started process (PID=10030) to work on /home/khaled/dbt-env/lib/python3.12/site-packages/airflow/example_dags/example_branch_operator_decorator.py
[2025-10-23T11:57:58.140+0000] {processor.py:830} INFO - Processing file /home/khaled/dbt-env/lib/python3.12/site-packages/airflow/example_dags/example_branch_operator_decorator.py for tasks to queue
[2025-10-23T11:57:58.142+0000] {logging_mixin.py:188} INFO - [2025-10-23T11:57:58.141+0000] {dagbag.py:545} INFO - Filling up the DagBag from /home/khaled/dbt-env/lib/python3.12/site-packages/airflow/example_dags/example_branch_operator_decorator.py
[2025-10-23T11:57:58.144+0000] {processor.py:842} WARNING - No viable dags retrieved from /home/khaled/dbt-env/lib/python3.12/site-packages/airflow/example_dags/example_branch_operator_decorator.py
[2025-10-23T11:57:58.152+0000] {processor.py:183} INFO - Processing /home/khaled/dbt-env/lib/python3.12/site-packages/airflow/example_dags/example_branch_operator_decorator.py took 0.027 seconds
[2025-10-23T11:59:34.586+0000] {processor.py:161} INFO - Started process (PID=10183) to work on /home/khaled/dbt-env/lib/python3.12/site-packages/airflow/example_dags/example_branch_operator_decorator.py
[2025-10-23T11:59:34.666+0000] {processor.py:830} INFO - Processing file /home/khaled/dbt-env/lib/python3.12/site-packages/airflow/example_dags/example_branch_operator_decorator.py for tasks to queue
[2025-10-23T11:59:34.688+0000] {logging_mixin.py:188} INFO - [2025-10-23T11:59:34.682+0000] {dagbag.py:545} INFO - Filling up the DagBag from /home/khaled/dbt-env/lib/python3.12/site-packages/airflow/example_dags/example_branch_operator_decorator.py
[2025-10-23T11:59:34.724+0000] {processor.py:842} WARNING - No viable dags retrieved from /home/khaled/dbt-env/lib/python3.12/site-packages/airflow/example_dags/example_branch_operator_decorator.py
[2025-10-23T11:59:34.779+0000] {processor.py:183} INFO - Processing /home/khaled/dbt-env/lib/python3.12/site-packages/airflow/example_dags/example_branch_operator_decorator.py took 0.215 seconds
[2025-10-23T12:00:55.649+0000] {processor.py:161} INFO - Started process (PID=10260) to work on /home/khaled/dbt-env/lib/python3.12/site-packages/airflow/example_dags/example_branch_operator_decorator.py
[2025-10-23T12:00:55.652+0000] {processor.py:830} INFO - Processing file /home/khaled/dbt-env/lib/python3.12/site-packages/airflow/example_dags/example_branch_operator_decorator.py for tasks to queue
[2025-10-23T12:00:55.653+0000] {logging_mixin.py:188} INFO - [2025-10-23T12:00:55.653+0000] {dagbag.py:545} INFO - Filling up the DagBag from /home/khaled/dbt-env/lib/python3.12/site-packages/airflow/example_dags/example_branch_operator_decorator.py
[2025-10-23T12:00:55.655+0000] {processor.py:842} WARNING - No viable dags retrieved from /home/khaled/dbt-env/lib/python3.12/site-packages/airflow/example_dags/example_branch_operator_decorator.py
[2025-10-23T12:00:55.668+0000] {processor.py:183} INFO - Processing /home/khaled/dbt-env/lib/python3.12/site-packages/airflow/example_dags/example_branch_operator_decorator.py took 0.024 seconds
[2025-10-23T12:02:59.265+0000] {processor.py:161} INFO - Started process (PID=10661) to work on /home/khaled/dbt-env/lib/python3.12/site-packages/airflow/example_dags/example_branch_operator_decorator.py
[2025-10-23T12:02:59.267+0000] {processor.py:830} INFO - Processing file /home/khaled/dbt-env/lib/python3.12/site-packages/airflow/example_dags/example_branch_operator_decorator.py for tasks to queue
[2025-10-23T12:02:59.269+0000] {logging_mixin.py:188} INFO - [2025-10-23T12:02:59.268+0000] {dagbag.py:545} INFO - Filling up the DagBag from /home/khaled/dbt-env/lib/python3.12/site-packages/airflow/example_dags/example_branch_operator_decorator.py
[2025-10-23T12:02:59.271+0000] {processor.py:842} WARNING - No viable dags retrieved from /home/khaled/dbt-env/lib/python3.12/site-packages/airflow/example_dags/example_branch_operator_decorator.py
[2025-10-23T12:02:59.282+0000] {processor.py:183} INFO - Processing /home/khaled/dbt-env/lib/python3.12/site-packages/airflow/example_dags/example_branch_operator_decorator.py took 0.021 seconds
[2025-10-23T12:04:11.905+0000] {processor.py:161} INFO - Started process (PID=10763) to work on /home/khaled/dbt-env/lib/python3.12/site-packages/airflow/example_dags/example_branch_operator_decorator.py
[2025-10-23T12:04:11.907+0000] {processor.py:830} INFO - Processing file /home/khaled/dbt-env/lib/python3.12/site-packages/airflow/example_dags/example_branch_operator_decorator.py for tasks to queue
[2025-10-23T12:04:11.909+0000] {logging_mixin.py:188} INFO - [2025-10-23T12:04:11.908+0000] {dagbag.py:545} INFO - Filling up the DagBag from /home/khaled/dbt-env/lib/python3.12/site-packages/airflow/example_dags/example_branch_operator_decorator.py
[2025-10-23T12:04:11.911+0000] {processor.py:842} WARNING - No viable dags retrieved from /home/khaled/dbt-env/lib/python3.12/site-packages/airflow/example_dags/example_branch_operator_decorator.py
[2025-10-23T12:04:11.919+0000] {processor.py:183} INFO - Processing /home/khaled/dbt-env/lib/python3.12/site-packages/airflow/example_dags/example_branch_operator_decorator.py took 0.020 seconds
[2025-10-23T12:05:11.864+0000] {processor.py:161} INFO - Started process (PID=11165) to work on /home/khaled/dbt-env/lib/python3.12/site-packages/airflow/example_dags/example_branch_operator_decorator.py
[2025-10-23T12:05:11.876+0000] {processor.py:830} INFO - Processing file /home/khaled/dbt-env/lib/python3.12/site-packages/airflow/example_dags/example_branch_operator_decorator.py for tasks to queue
[2025-10-23T12:05:11.877+0000] {logging_mixin.py:188} INFO - [2025-10-23T12:05:11.877+0000] {dagbag.py:545} INFO - Filling up the DagBag from /home/khaled/dbt-env/lib/python3.12/site-packages/airflow/example_dags/example_branch_operator_decorator.py
[2025-10-23T12:05:11.879+0000] {processor.py:842} WARNING - No viable dags retrieved from /home/khaled/dbt-env/lib/python3.12/site-packages/airflow/example_dags/example_branch_operator_decorator.py
[2025-10-23T12:05:11.888+0000] {processor.py:183} INFO - Processing /home/khaled/dbt-env/lib/python3.12/site-packages/airflow/example_dags/example_branch_operator_decorator.py took 0.029 seconds
[2025-10-23T12:06:18.460+0000] {processor.py:161} INFO - Started process (PID=11267) to work on /home/khaled/dbt-env/lib/python3.12/site-packages/airflow/example_dags/example_branch_operator_decorator.py
[2025-10-23T12:06:18.469+0000] {processor.py:830} INFO - Processing file /home/khaled/dbt-env/lib/python3.12/site-packages/airflow/example_dags/example_branch_operator_decorator.py for tasks to queue
[2025-10-23T12:06:18.471+0000] {logging_mixin.py:188} INFO - [2025-10-23T12:06:18.470+0000] {dagbag.py:545} INFO - Filling up the DagBag from /home/khaled/dbt-env/lib/python3.12/site-packages/airflow/example_dags/example_branch_operator_decorator.py
[2025-10-23T12:06:18.473+0000] {processor.py:842} WARNING - No viable dags retrieved from /home/khaled/dbt-env/lib/python3.12/site-packages/airflow/example_dags/example_branch_operator_decorator.py
[2025-10-23T12:06:18.482+0000] {processor.py:183} INFO - Processing /home/khaled/dbt-env/lib/python3.12/site-packages/airflow/example_dags/example_branch_operator_decorator.py took 0.027 seconds
[2025-10-23T12:07:23.937+0000] {processor.py:161} INFO - Started process (PID=11360) to work on /home/khaled/dbt-env/lib/python3.12/site-packages/airflow/example_dags/example_branch_operator_decorator.py
[2025-10-23T12:07:23.939+0000] {processor.py:830} INFO - Processing file /home/khaled/dbt-env/lib/python3.12/site-packages/airflow/example_dags/example_branch_operator_decorator.py for tasks to queue
[2025-10-23T12:07:23.941+0000] {logging_mixin.py:188} INFO - [2025-10-23T12:07:23.940+0000] {dagbag.py:545} INFO - Filling up the DagBag from /home/khaled/dbt-env/lib/python3.12/site-packages/airflow/example_dags/example_branch_operator_decorator.py
[2025-10-23T12:07:23.943+0000] {processor.py:842} WARNING - No viable dags retrieved from /home/khaled/dbt-env/lib/python3.12/site-packages/airflow/example_dags/example_branch_operator_decorator.py
[2025-10-23T12:07:23.956+0000] {processor.py:183} INFO - Processing /home/khaled/dbt-env/lib/python3.12/site-packages/airflow/example_dags/example_branch_operator_decorator.py took 0.028 seconds
[2025-10-23T12:08:14.840+0000] {processor.py:161} INFO - Started process (PID=11420) to work on /home/khaled/dbt-env/lib/python3.12/site-packages/airflow/example_dags/example_branch_operator_decorator.py
[2025-10-23T12:08:14.842+0000] {processor.py:830} INFO - Processing file /home/khaled/dbt-env/lib/python3.12/site-packages/airflow/example_dags/example_branch_operator_decorator.py for tasks to queue
[2025-10-23T12:08:14.843+0000] {logging_mixin.py:188} INFO - [2025-10-23T12:08:14.843+0000] {dagbag.py:545} INFO - Filling up the DagBag from /home/khaled/dbt-env/lib/python3.12/site-packages/airflow/example_dags/example_branch_operator_decorator.py
[2025-10-23T12:08:14.845+0000] {processor.py:842} WARNING - No viable dags retrieved from /home/khaled/dbt-env/lib/python3.12/site-packages/airflow/example_dags/example_branch_operator_decorator.py
[2025-10-23T12:08:14.853+0000] {processor.py:183} INFO - Processing /home/khaled/dbt-env/lib/python3.12/site-packages/airflow/example_dags/example_branch_operator_decorator.py took 0.018 seconds
[2025-10-23T12:09:29.544+0000] {processor.py:161} INFO - Started process (PID=11614) to work on /home/khaled/dbt-env/lib/python3.12/site-packages/airflow/example_dags/example_branch_operator_decorator.py
[2025-10-23T12:09:29.554+0000] {processor.py:830} INFO - Processing file /home/khaled/dbt-env/lib/python3.12/site-packages/airflow/example_dags/example_branch_operator_decorator.py for tasks to queue
[2025-10-23T12:09:29.556+0000] {logging_mixin.py:188} INFO - [2025-10-23T12:09:29.555+0000] {dagbag.py:545} INFO - Filling up the DagBag from /home/khaled/dbt-env/lib/python3.12/site-packages/airflow/example_dags/example_branch_operator_decorator.py
[2025-10-23T12:09:29.558+0000] {processor.py:842} WARNING - No viable dags retrieved from /home/khaled/dbt-env/lib/python3.12/site-packages/airflow/example_dags/example_branch_operator_decorator.py
[2025-10-23T12:09:29.566+0000] {processor.py:183} INFO - Processing /home/khaled/dbt-env/lib/python3.12/site-packages/airflow/example_dags/example_branch_operator_decorator.py took 0.026 seconds
[2025-10-23T12:10:36.977+0000] {processor.py:161} INFO - Started process (PID=11693) to work on /home/khaled/dbt-env/lib/python3.12/site-packages/airflow/example_dags/example_branch_operator_decorator.py
[2025-10-23T12:10:36.979+0000] {processor.py:830} INFO - Processing file /home/khaled/dbt-env/lib/python3.12/site-packages/airflow/example_dags/example_branch_operator_decorator.py for tasks to queue
[2025-10-23T12:10:36.980+0000] {logging_mixin.py:188} INFO - [2025-10-23T12:10:36.980+0000] {dagbag.py:545} INFO - Filling up the DagBag from /home/khaled/dbt-env/lib/python3.12/site-packages/airflow/example_dags/example_branch_operator_decorator.py
[2025-10-23T12:10:36.982+0000] {processor.py:842} WARNING - No viable dags retrieved from /home/khaled/dbt-env/lib/python3.12/site-packages/airflow/example_dags/example_branch_operator_decorator.py
[2025-10-23T12:10:36.990+0000] {processor.py:183} INFO - Processing /home/khaled/dbt-env/lib/python3.12/site-packages/airflow/example_dags/example_branch_operator_decorator.py took 0.018 seconds
