[2025-10-23T11:39:38.973+0000] {processor.py:161} INFO - Started process (PID=5967) to work on /home/khaled/dbt-env/lib/python3.12/site-packages/airflow/example_dags/example_branch_datetime_operator.py
[2025-10-23T11:39:38.974+0000] {processor.py:830} INFO - Processing file /home/khaled/dbt-env/lib/python3.12/site-packages/airflow/example_dags/example_branch_datetime_operator.py for tasks to queue
[2025-10-23T11:39:38.976+0000] {logging_mixin.py:188} INFO - [2025-10-23T11:39:38.976+0000] {dagbag.py:545} INFO - Filling up the DagBag from /home/khaled/dbt-env/lib/python3.12/site-packages/airflow/example_dags/example_branch_datetime_operator.py
[2025-10-23T11:39:38.983+0000] {processor.py:840} INFO - DAG(s) 'example_branch_datetime_operator_2', 'example_branch_datetime_operator', 'example_branch_datetime_operator_3' retrieved from /home/khaled/dbt-env/lib/python3.12/site-packages/airflow/example_dags/example_branch_datetime_operator.py
[2025-10-23T11:39:38.997+0000] {logging_mixin.py:188} INFO - [2025-10-23T11:39:38.997+0000] {dag.py:3089} INFO - Sync 3 DAGs
[2025-10-23T11:39:39.015+0000] {logging_mixin.py:188} INFO - [2025-10-23T11:39:39.015+0000] {dag.py:3947} INFO - Setting next_dagrun for example_branch_datetime_operator to 2025-10-22 00:00:00+00:00, run_after=2025-10-23 00:00:00+00:00
[2025-10-23T11:39:39.019+0000] {logging_mixin.py:188} INFO - [2025-10-23T11:39:39.019+0000] {dag.py:3947} INFO - Setting next_dagrun for example_branch_datetime_operator_2 to 2025-10-22 00:00:00+00:00, run_after=2025-10-23 00:00:00+00:00
[2025-10-23T11:39:39.020+0000] {logging_mixin.py:188} INFO - [2025-10-23T11:39:39.020+0000] {dag.py:3947} INFO - Setting next_dagrun for example_branch_datetime_operator_3 to 2025-10-22 00:00:00+00:00, run_after=2025-10-23 00:00:00+00:00
[2025-10-23T11:39:39.050+0000] {processor.py:183} INFO - Processing /home/khaled/dbt-env/lib/python3.12/site-packages/airflow/example_dags/example_branch_datetime_operator.py took 0.081 seconds
[2025-10-23T11:55:13.696+0000] {processor.py:161} INFO - Started process (PID=9581) to work on /home/khaled/dbt-env/lib/python3.12/site-packages/airflow/example_dags/example_branch_datetime_operator.py
[2025-10-23T11:55:13.707+0000] {processor.py:830} INFO - Processing file /home/khaled/dbt-env/lib/python3.12/site-packages/airflow/example_dags/example_branch_datetime_operator.py for tasks to queue
[2025-10-23T11:55:13.710+0000] {logging_mixin.py:188} INFO - [2025-10-23T11:55:13.709+0000] {dagbag.py:545} INFO - Filling up the DagBag from /home/khaled/dbt-env/lib/python3.12/site-packages/airflow/example_dags/example_branch_datetime_operator.py
[2025-10-23T11:55:13.717+0000] {processor.py:840} INFO - DAG(s) 'example_branch_datetime_operator_3', 'example_branch_datetime_operator_2', 'example_branch_datetime_operator' retrieved from /home/khaled/dbt-env/lib/python3.12/site-packages/airflow/example_dags/example_branch_datetime_operator.py
[2025-10-23T11:55:13.732+0000] {logging_mixin.py:188} INFO - [2025-10-23T11:55:13.732+0000] {dag.py:3089} INFO - Sync 3 DAGs
[2025-10-23T11:55:13.748+0000] {logging_mixin.py:188} INFO - [2025-10-23T11:55:13.748+0000] {dag.py:3947} INFO - Setting next_dagrun for example_branch_datetime_operator to 2025-10-22 00:00:00+00:00, run_after=2025-10-23 00:00:00+00:00
[2025-10-23T11:55:13.751+0000] {logging_mixin.py:188} INFO - [2025-10-23T11:55:13.751+0000] {dag.py:3947} INFO - Setting next_dagrun for example_branch_datetime_operator_2 to 2025-10-22 00:00:00+00:00, run_after=2025-10-23 00:00:00+00:00
[2025-10-23T11:55:13.753+0000] {logging_mixin.py:188} INFO - [2025-10-23T11:55:13.753+0000] {dag.py:3947} INFO - Setting next_dagrun for example_branch_datetime_operator_3 to 2025-10-22 00:00:00+00:00, run_after=2025-10-23 00:00:00+00:00
[2025-10-23T11:55:13.770+0000] {processor.py:183} INFO - Processing /home/khaled/dbt-env/lib/python3.12/site-packages/airflow/example_dags/example_branch_datetime_operator.py took 0.079 seconds
[2025-10-23T11:56:33.291+0000] {processor.py:161} INFO - Started process (PID=9949) to work on /home/khaled/dbt-env/lib/python3.12/site-packages/airflow/example_dags/example_branch_datetime_operator.py
[2025-10-23T11:56:33.301+0000] {processor.py:830} INFO - Processing file /home/khaled/dbt-env/lib/python3.12/site-packages/airflow/example_dags/example_branch_datetime_operator.py for tasks to queue
[2025-10-23T11:56:33.303+0000] {logging_mixin.py:188} INFO - [2025-10-23T11:56:33.303+0000] {dagbag.py:545} INFO - Filling up the DagBag from /home/khaled/dbt-env/lib/python3.12/site-packages/airflow/example_dags/example_branch_datetime_operator.py
[2025-10-23T11:56:33.309+0000] {processor.py:840} INFO - DAG(s) 'example_branch_datetime_operator_3', 'example_branch_datetime_operator_2', 'example_branch_datetime_operator' retrieved from /home/khaled/dbt-env/lib/python3.12/site-packages/airflow/example_dags/example_branch_datetime_operator.py
[2025-10-23T11:56:33.325+0000] {logging_mixin.py:188} INFO - [2025-10-23T11:56:33.325+0000] {dag.py:3089} INFO - Sync 3 DAGs
[2025-10-23T11:56:33.339+0000] {logging_mixin.py:188} INFO - [2025-10-23T11:56:33.339+0000] {dag.py:3947} INFO - Setting next_dagrun for example_branch_datetime_operator to 2025-10-22 00:00:00+00:00, run_after=2025-10-23 00:00:00+00:00
[2025-10-23T11:56:33.342+0000] {logging_mixin.py:188} INFO - [2025-10-23T11:56:33.342+0000] {dag.py:3947} INFO - Setting next_dagrun for example_branch_datetime_operator_2 to 2025-10-22 00:00:00+00:00, run_after=2025-10-23 00:00:00+00:00
[2025-10-23T11:56:33.343+0000] {logging_mixin.py:188} INFO - [2025-10-23T11:56:33.343+0000] {dag.py:3947} INFO - Setting next_dagrun for example_branch_datetime_operator_3 to 2025-10-22 00:00:00+00:00, run_after=2025-10-23 00:00:00+00:00
[2025-10-23T11:56:33.359+0000] {processor.py:183} INFO - Processing /home/khaled/dbt-env/lib/python3.12/site-packages/airflow/example_dags/example_branch_datetime_operator.py took 0.074 seconds
[2025-10-23T11:58:01.902+0000] {processor.py:161} INFO - Started process (PID=10036) to work on /home/khaled/dbt-env/lib/python3.12/site-packages/airflow/example_dags/example_branch_datetime_operator.py
[2025-10-23T11:58:01.907+0000] {processor.py:830} INFO - Processing file /home/khaled/dbt-env/lib/python3.12/site-packages/airflow/example_dags/example_branch_datetime_operator.py for tasks to queue
[2025-10-23T11:58:01.909+0000] {logging_mixin.py:188} INFO - [2025-10-23T11:58:01.908+0000] {dagbag.py:545} INFO - Filling up the DagBag from /home/khaled/dbt-env/lib/python3.12/site-packages/airflow/example_dags/example_branch_datetime_operator.py
[2025-10-23T11:58:01.927+0000] {processor.py:840} INFO - DAG(s) 'example_branch_datetime_operator_2', 'example_branch_datetime_operator', 'example_branch_datetime_operator_3' retrieved from /home/khaled/dbt-env/lib/python3.12/site-packages/airflow/example_dags/example_branch_datetime_operator.py
[2025-10-23T11:58:01.955+0000] {logging_mixin.py:188} INFO - [2025-10-23T11:58:01.955+0000] {dag.py:3089} INFO - Sync 3 DAGs
[2025-10-23T11:58:01.977+0000] {logging_mixin.py:188} INFO - [2025-10-23T11:58:01.976+0000] {dag.py:3947} INFO - Setting next_dagrun for example_branch_datetime_operator to 2025-10-22 00:00:00+00:00, run_after=2025-10-23 00:00:00+00:00
[2025-10-23T11:58:01.984+0000] {logging_mixin.py:188} INFO - [2025-10-23T11:58:01.984+0000] {dag.py:3947} INFO - Setting next_dagrun for example_branch_datetime_operator_2 to 2025-10-22 00:00:00+00:00, run_after=2025-10-23 00:00:00+00:00
[2025-10-23T11:58:01.986+0000] {logging_mixin.py:188} INFO - [2025-10-23T11:58:01.986+0000] {dag.py:3947} INFO - Setting next_dagrun for example_branch_datetime_operator_3 to 2025-10-22 00:00:00+00:00, run_after=2025-10-23 00:00:00+00:00
[2025-10-23T11:58:02.007+0000] {processor.py:183} INFO - Processing /home/khaled/dbt-env/lib/python3.12/site-packages/airflow/example_dags/example_branch_datetime_operator.py took 0.116 seconds
[2025-10-23T11:59:44.206+0000] {processor.py:161} INFO - Started process (PID=10188) to work on /home/khaled/dbt-env/lib/python3.12/site-packages/airflow/example_dags/example_branch_datetime_operator.py
[2025-10-23T11:59:44.226+0000] {processor.py:830} INFO - Processing file /home/khaled/dbt-env/lib/python3.12/site-packages/airflow/example_dags/example_branch_datetime_operator.py for tasks to queue
[2025-10-23T11:59:44.244+0000] {logging_mixin.py:188} INFO - [2025-10-23T11:59:44.241+0000] {dagbag.py:545} INFO - Filling up the DagBag from /home/khaled/dbt-env/lib/python3.12/site-packages/airflow/example_dags/example_branch_datetime_operator.py
[2025-10-23T11:59:44.348+0000] {processor.py:840} INFO - DAG(s) 'example_branch_datetime_operator_2', 'example_branch_datetime_operator_3', 'example_branch_datetime_operator' retrieved from /home/khaled/dbt-env/lib/python3.12/site-packages/airflow/example_dags/example_branch_datetime_operator.py
[2025-10-23T11:59:44.562+0000] {logging_mixin.py:188} INFO - [2025-10-23T11:59:44.561+0000] {dag.py:3089} INFO - Sync 3 DAGs
[2025-10-23T11:59:44.727+0000] {logging_mixin.py:188} INFO - [2025-10-23T11:59:44.726+0000] {dag.py:3947} INFO - Setting next_dagrun for example_branch_datetime_operator to 2025-10-22 00:00:00+00:00, run_after=2025-10-23 00:00:00+00:00
[2025-10-23T11:59:44.768+0000] {logging_mixin.py:188} INFO - [2025-10-23T11:59:44.766+0000] {dag.py:3947} INFO - Setting next_dagrun for example_branch_datetime_operator_2 to 2025-10-22 00:00:00+00:00, run_after=2025-10-23 00:00:00+00:00
[2025-10-23T11:59:44.783+0000] {logging_mixin.py:188} INFO - [2025-10-23T11:59:44.783+0000] {dag.py:3947} INFO - Setting next_dagrun for example_branch_datetime_operator_3 to 2025-10-22 00:00:00+00:00, run_after=2025-10-23 00:00:00+00:00
[2025-10-23T11:59:44.965+0000] {processor.py:183} INFO - Processing /home/khaled/dbt-env/lib/python3.12/site-packages/airflow/example_dags/example_branch_datetime_operator.py took 0.805 seconds
[2025-10-23T12:00:58.799+0000] {processor.py:161} INFO - Started process (PID=10337) to work on /home/khaled/dbt-env/lib/python3.12/site-packages/airflow/example_dags/example_branch_datetime_operator.py
[2025-10-23T12:00:58.800+0000] {processor.py:830} INFO - Processing file /home/khaled/dbt-env/lib/python3.12/site-packages/airflow/example_dags/example_branch_datetime_operator.py for tasks to queue
[2025-10-23T12:00:58.802+0000] {logging_mixin.py:188} INFO - [2025-10-23T12:00:58.801+0000] {dagbag.py:545} INFO - Filling up the DagBag from /home/khaled/dbt-env/lib/python3.12/site-packages/airflow/example_dags/example_branch_datetime_operator.py
[2025-10-23T12:00:58.811+0000] {processor.py:840} INFO - DAG(s) 'example_branch_datetime_operator_3', 'example_branch_datetime_operator', 'example_branch_datetime_operator_2' retrieved from /home/khaled/dbt-env/lib/python3.12/site-packages/airflow/example_dags/example_branch_datetime_operator.py
[2025-10-23T12:00:58.830+0000] {logging_mixin.py:188} INFO - [2025-10-23T12:00:58.830+0000] {dag.py:3089} INFO - Sync 3 DAGs
[2025-10-23T12:00:58.847+0000] {logging_mixin.py:188} INFO - [2025-10-23T12:00:58.847+0000] {dag.py:3947} INFO - Setting next_dagrun for example_branch_datetime_operator to 2025-10-22 00:00:00+00:00, run_after=2025-10-23 00:00:00+00:00
[2025-10-23T12:00:58.851+0000] {logging_mixin.py:188} INFO - [2025-10-23T12:00:58.851+0000] {dag.py:3947} INFO - Setting next_dagrun for example_branch_datetime_operator_2 to 2025-10-22 00:00:00+00:00, run_after=2025-10-23 00:00:00+00:00
[2025-10-23T12:00:58.853+0000] {logging_mixin.py:188} INFO - [2025-10-23T12:00:58.853+0000] {dag.py:3947} INFO - Setting next_dagrun for example_branch_datetime_operator_3 to 2025-10-22 00:00:00+00:00, run_after=2025-10-23 00:00:00+00:00
[2025-10-23T12:00:58.880+0000] {processor.py:183} INFO - Processing /home/khaled/dbt-env/lib/python3.12/site-packages/airflow/example_dags/example_branch_datetime_operator.py took 0.091 seconds
[2025-10-23T12:03:05.825+0000] {processor.py:161} INFO - Started process (PID=10666) to work on /home/khaled/dbt-env/lib/python3.12/site-packages/airflow/example_dags/example_branch_datetime_operator.py
[2025-10-23T12:03:05.830+0000] {processor.py:830} INFO - Processing file /home/khaled/dbt-env/lib/python3.12/site-packages/airflow/example_dags/example_branch_datetime_operator.py for tasks to queue
[2025-10-23T12:03:05.835+0000] {logging_mixin.py:188} INFO - [2025-10-23T12:03:05.834+0000] {dagbag.py:545} INFO - Filling up the DagBag from /home/khaled/dbt-env/lib/python3.12/site-packages/airflow/example_dags/example_branch_datetime_operator.py
[2025-10-23T12:03:05.950+0000] {processor.py:840} INFO - DAG(s) 'example_branch_datetime_operator_2', 'example_branch_datetime_operator_3', 'example_branch_datetime_operator' retrieved from /home/khaled/dbt-env/lib/python3.12/site-packages/airflow/example_dags/example_branch_datetime_operator.py
[2025-10-23T12:03:06.095+0000] {logging_mixin.py:188} INFO - [2025-10-23T12:03:06.093+0000] {dag.py:3089} INFO - Sync 3 DAGs
[2025-10-23T12:03:06.338+0000] {logging_mixin.py:188} INFO - [2025-10-23T12:03:06.332+0000] {dag.py:3947} INFO - Setting next_dagrun for example_branch_datetime_operator to 2025-10-22 00:00:00+00:00, run_after=2025-10-23 00:00:00+00:00
[2025-10-23T12:03:06.525+0000] {logging_mixin.py:188} INFO - [2025-10-23T12:03:06.525+0000] {dag.py:3947} INFO - Setting next_dagrun for example_branch_datetime_operator_2 to 2025-10-22 00:00:00+00:00, run_after=2025-10-23 00:00:00+00:00
[2025-10-23T12:03:06.563+0000] {logging_mixin.py:188} INFO - [2025-10-23T12:03:06.562+0000] {dag.py:3947} INFO - Setting next_dagrun for example_branch_datetime_operator_3 to 2025-10-22 00:00:00+00:00, run_after=2025-10-23 00:00:00+00:00
[2025-10-23T12:03:07.527+0000] {processor.py:183} INFO - Processing /home/khaled/dbt-env/lib/python3.12/site-packages/airflow/example_dags/example_branch_datetime_operator.py took 1.656 seconds
[2025-10-23T12:04:16.464+0000] {processor.py:161} INFO - Started process (PID=10768) to work on /home/khaled/dbt-env/lib/python3.12/site-packages/airflow/example_dags/example_branch_datetime_operator.py
[2025-10-23T12:04:16.466+0000] {processor.py:830} INFO - Processing file /home/khaled/dbt-env/lib/python3.12/site-packages/airflow/example_dags/example_branch_datetime_operator.py for tasks to queue
[2025-10-23T12:04:16.468+0000] {logging_mixin.py:188} INFO - [2025-10-23T12:04:16.467+0000] {dagbag.py:545} INFO - Filling up the DagBag from /home/khaled/dbt-env/lib/python3.12/site-packages/airflow/example_dags/example_branch_datetime_operator.py
[2025-10-23T12:04:16.476+0000] {processor.py:840} INFO - DAG(s) 'example_branch_datetime_operator_2', 'example_branch_datetime_operator_3', 'example_branch_datetime_operator' retrieved from /home/khaled/dbt-env/lib/python3.12/site-packages/airflow/example_dags/example_branch_datetime_operator.py
[2025-10-23T12:04:16.492+0000] {logging_mixin.py:188} INFO - [2025-10-23T12:04:16.492+0000] {dag.py:3089} INFO - Sync 3 DAGs
[2025-10-23T12:04:16.507+0000] {logging_mixin.py:188} INFO - [2025-10-23T12:04:16.507+0000] {dag.py:3947} INFO - Setting next_dagrun for example_branch_datetime_operator to 2025-10-22 00:00:00+00:00, run_after=2025-10-23 00:00:00+00:00
[2025-10-23T12:04:16.510+0000] {logging_mixin.py:188} INFO - [2025-10-23T12:04:16.510+0000] {dag.py:3947} INFO - Setting next_dagrun for example_branch_datetime_operator_2 to 2025-10-22 00:00:00+00:00, run_after=2025-10-23 00:00:00+00:00
[2025-10-23T12:04:16.511+0000] {logging_mixin.py:188} INFO - [2025-10-23T12:04:16.511+0000] {dag.py:3947} INFO - Setting next_dagrun for example_branch_datetime_operator_3 to 2025-10-22 00:00:00+00:00, run_after=2025-10-23 00:00:00+00:00
[2025-10-23T12:04:16.528+0000] {processor.py:183} INFO - Processing /home/khaled/dbt-env/lib/python3.12/site-packages/airflow/example_dags/example_branch_datetime_operator.py took 0.069 seconds
[2025-10-23T12:05:16.398+0000] {processor.py:161} INFO - Started process (PID=11173) to work on /home/khaled/dbt-env/lib/python3.12/site-packages/airflow/example_dags/example_branch_datetime_operator.py
[2025-10-23T12:05:16.408+0000] {processor.py:830} INFO - Processing file /home/khaled/dbt-env/lib/python3.12/site-packages/airflow/example_dags/example_branch_datetime_operator.py for tasks to queue
[2025-10-23T12:05:16.410+0000] {logging_mixin.py:188} INFO - [2025-10-23T12:05:16.409+0000] {dagbag.py:545} INFO - Filling up the DagBag from /home/khaled/dbt-env/lib/python3.12/site-packages/airflow/example_dags/example_branch_datetime_operator.py
[2025-10-23T12:05:16.423+0000] {processor.py:840} INFO - DAG(s) 'example_branch_datetime_operator', 'example_branch_datetime_operator_3', 'example_branch_datetime_operator_2' retrieved from /home/khaled/dbt-env/lib/python3.12/site-packages/airflow/example_dags/example_branch_datetime_operator.py
[2025-10-23T12:05:16.445+0000] {logging_mixin.py:188} INFO - [2025-10-23T12:05:16.445+0000] {dag.py:3089} INFO - Sync 3 DAGs
[2025-10-23T12:05:16.462+0000] {logging_mixin.py:188} INFO - [2025-10-23T12:05:16.462+0000] {dag.py:3947} INFO - Setting next_dagrun for example_branch_datetime_operator to 2025-10-22 00:00:00+00:00, run_after=2025-10-23 00:00:00+00:00
[2025-10-23T12:05:16.467+0000] {logging_mixin.py:188} INFO - [2025-10-23T12:05:16.467+0000] {dag.py:3947} INFO - Setting next_dagrun for example_branch_datetime_operator_2 to 2025-10-22 00:00:00+00:00, run_after=2025-10-23 00:00:00+00:00
[2025-10-23T12:05:16.469+0000] {logging_mixin.py:188} INFO - [2025-10-23T12:05:16.469+0000] {dag.py:3947} INFO - Setting next_dagrun for example_branch_datetime_operator_3 to 2025-10-22 00:00:00+00:00, run_after=2025-10-23 00:00:00+00:00
[2025-10-23T12:05:16.491+0000] {processor.py:183} INFO - Processing /home/khaled/dbt-env/lib/python3.12/site-packages/airflow/example_dags/example_branch_datetime_operator.py took 0.097 seconds
[2025-10-23T12:06:22.462+0000] {processor.py:161} INFO - Started process (PID=11276) to work on /home/khaled/dbt-env/lib/python3.12/site-packages/airflow/example_dags/example_branch_datetime_operator.py
[2025-10-23T12:06:22.474+0000] {processor.py:830} INFO - Processing file /home/khaled/dbt-env/lib/python3.12/site-packages/airflow/example_dags/example_branch_datetime_operator.py for tasks to queue
[2025-10-23T12:06:22.475+0000] {logging_mixin.py:188} INFO - [2025-10-23T12:06:22.475+0000] {dagbag.py:545} INFO - Filling up the DagBag from /home/khaled/dbt-env/lib/python3.12/site-packages/airflow/example_dags/example_branch_datetime_operator.py
[2025-10-23T12:06:22.483+0000] {processor.py:840} INFO - DAG(s) 'example_branch_datetime_operator_3', 'example_branch_datetime_operator_2', 'example_branch_datetime_operator' retrieved from /home/khaled/dbt-env/lib/python3.12/site-packages/airflow/example_dags/example_branch_datetime_operator.py
[2025-10-23T12:06:22.506+0000] {logging_mixin.py:188} INFO - [2025-10-23T12:06:22.506+0000] {dag.py:3089} INFO - Sync 3 DAGs
[2025-10-23T12:06:22.551+0000] {logging_mixin.py:188} INFO - [2025-10-23T12:06:22.551+0000] {dag.py:3947} INFO - Setting next_dagrun for example_branch_datetime_operator to 2025-10-22 00:00:00+00:00, run_after=2025-10-23 00:00:00+00:00
[2025-10-23T12:06:22.559+0000] {logging_mixin.py:188} INFO - [2025-10-23T12:06:22.559+0000] {dag.py:3947} INFO - Setting next_dagrun for example_branch_datetime_operator_2 to 2025-10-22 00:00:00+00:00, run_after=2025-10-23 00:00:00+00:00
[2025-10-23T12:06:22.562+0000] {logging_mixin.py:188} INFO - [2025-10-23T12:06:22.562+0000] {dag.py:3947} INFO - Setting next_dagrun for example_branch_datetime_operator_3 to 2025-10-22 00:00:00+00:00, run_after=2025-10-23 00:00:00+00:00
[2025-10-23T12:06:22.591+0000] {processor.py:183} INFO - Processing /home/khaled/dbt-env/lib/python3.12/site-packages/airflow/example_dags/example_branch_datetime_operator.py took 0.135 seconds
[2025-10-23T12:07:27.540+0000] {processor.py:161} INFO - Started process (PID=11364) to work on /home/khaled/dbt-env/lib/python3.12/site-packages/airflow/example_dags/example_branch_datetime_operator.py
[2025-10-23T12:07:27.541+0000] {processor.py:830} INFO - Processing file /home/khaled/dbt-env/lib/python3.12/site-packages/airflow/example_dags/example_branch_datetime_operator.py for tasks to queue
[2025-10-23T12:07:27.543+0000] {logging_mixin.py:188} INFO - [2025-10-23T12:07:27.542+0000] {dagbag.py:545} INFO - Filling up the DagBag from /home/khaled/dbt-env/lib/python3.12/site-packages/airflow/example_dags/example_branch_datetime_operator.py
[2025-10-23T12:07:27.550+0000] {processor.py:840} INFO - DAG(s) 'example_branch_datetime_operator_2', 'example_branch_datetime_operator', 'example_branch_datetime_operator_3' retrieved from /home/khaled/dbt-env/lib/python3.12/site-packages/airflow/example_dags/example_branch_datetime_operator.py
[2025-10-23T12:07:27.566+0000] {logging_mixin.py:188} INFO - [2025-10-23T12:07:27.565+0000] {dag.py:3089} INFO - Sync 3 DAGs
[2025-10-23T12:07:27.672+0000] {logging_mixin.py:188} INFO - [2025-10-23T12:07:27.671+0000] {dag.py:3947} INFO - Setting next_dagrun for example_branch_datetime_operator to 2025-10-22 00:00:00+00:00, run_after=2025-10-23 00:00:00+00:00
[2025-10-23T12:07:27.675+0000] {logging_mixin.py:188} INFO - [2025-10-23T12:07:27.675+0000] {dag.py:3947} INFO - Setting next_dagrun for example_branch_datetime_operator_2 to 2025-10-22 00:00:00+00:00, run_after=2025-10-23 00:00:00+00:00
[2025-10-23T12:07:27.676+0000] {logging_mixin.py:188} INFO - [2025-10-23T12:07:27.676+0000] {dag.py:3947} INFO - Setting next_dagrun for example_branch_datetime_operator_3 to 2025-10-22 00:00:00+00:00, run_after=2025-10-23 00:00:00+00:00
[2025-10-23T12:07:27.693+0000] {processor.py:183} INFO - Processing /home/khaled/dbt-env/lib/python3.12/site-packages/airflow/example_dags/example_branch_datetime_operator.py took 0.158 seconds
[2025-10-23T12:08:40.919+0000] {processor.py:161} INFO - Started process (PID=11481) to work on /home/khaled/dbt-env/lib/python3.12/site-packages/airflow/example_dags/example_branch_datetime_operator.py
[2025-10-23T12:08:40.922+0000] {processor.py:830} INFO - Processing file /home/khaled/dbt-env/lib/python3.12/site-packages/airflow/example_dags/example_branch_datetime_operator.py for tasks to queue
[2025-10-23T12:08:40.923+0000] {logging_mixin.py:188} INFO - [2025-10-23T12:08:40.923+0000] {dagbag.py:545} INFO - Filling up the DagBag from /home/khaled/dbt-env/lib/python3.12/site-packages/airflow/example_dags/example_branch_datetime_operator.py
[2025-10-23T12:08:40.931+0000] {processor.py:840} INFO - DAG(s) 'example_branch_datetime_operator', 'example_branch_datetime_operator_3', 'example_branch_datetime_operator_2' retrieved from /home/khaled/dbt-env/lib/python3.12/site-packages/airflow/example_dags/example_branch_datetime_operator.py
[2025-10-23T12:08:40.947+0000] {logging_mixin.py:188} INFO - [2025-10-23T12:08:40.947+0000] {dag.py:3089} INFO - Sync 3 DAGs
[2025-10-23T12:08:41.056+0000] {logging_mixin.py:188} INFO - [2025-10-23T12:08:41.055+0000] {dag.py:3947} INFO - Setting next_dagrun for example_branch_datetime_operator to 2025-10-22 00:00:00+00:00, run_after=2025-10-23 00:00:00+00:00
[2025-10-23T12:08:41.059+0000] {logging_mixin.py:188} INFO - [2025-10-23T12:08:41.059+0000] {dag.py:3947} INFO - Setting next_dagrun for example_branch_datetime_operator_2 to 2025-10-22 00:00:00+00:00, run_after=2025-10-23 00:00:00+00:00
[2025-10-23T12:08:41.060+0000] {logging_mixin.py:188} INFO - [2025-10-23T12:08:41.060+0000] {dag.py:3947} INFO - Setting next_dagrun for example_branch_datetime_operator_3 to 2025-10-22 00:00:00+00:00, run_after=2025-10-23 00:00:00+00:00
[2025-10-23T12:08:41.078+0000] {processor.py:183} INFO - Processing /home/khaled/dbt-env/lib/python3.12/site-packages/airflow/example_dags/example_branch_datetime_operator.py took 0.163 seconds
[2025-10-23T12:09:55.176+0000] {processor.py:161} INFO - Started process (PID=11642) to work on /home/khaled/dbt-env/lib/python3.12/site-packages/airflow/example_dags/example_branch_datetime_operator.py
[2025-10-23T12:09:55.177+0000] {processor.py:830} INFO - Processing file /home/khaled/dbt-env/lib/python3.12/site-packages/airflow/example_dags/example_branch_datetime_operator.py for tasks to queue
[2025-10-23T12:09:55.179+0000] {logging_mixin.py:188} INFO - [2025-10-23T12:09:55.179+0000] {dagbag.py:545} INFO - Filling up the DagBag from /home/khaled/dbt-env/lib/python3.12/site-packages/airflow/example_dags/example_branch_datetime_operator.py
[2025-10-23T12:09:55.187+0000] {processor.py:840} INFO - DAG(s) 'example_branch_datetime_operator', 'example_branch_datetime_operator_2', 'example_branch_datetime_operator_3' retrieved from /home/khaled/dbt-env/lib/python3.12/site-packages/airflow/example_dags/example_branch_datetime_operator.py
[2025-10-23T12:09:55.206+0000] {logging_mixin.py:188} INFO - [2025-10-23T12:09:55.206+0000] {dag.py:3089} INFO - Sync 3 DAGs
[2025-10-23T12:09:55.223+0000] {logging_mixin.py:188} INFO - [2025-10-23T12:09:55.223+0000] {dag.py:3947} INFO - Setting next_dagrun for example_branch_datetime_operator to 2025-10-22 00:00:00+00:00, run_after=2025-10-23 00:00:00+00:00
[2025-10-23T12:09:55.227+0000] {logging_mixin.py:188} INFO - [2025-10-23T12:09:55.226+0000] {dag.py:3947} INFO - Setting next_dagrun for example_branch_datetime_operator_2 to 2025-10-22 00:00:00+00:00, run_after=2025-10-23 00:00:00+00:00
[2025-10-23T12:09:55.228+0000] {logging_mixin.py:188} INFO - [2025-10-23T12:09:55.228+0000] {dag.py:3947} INFO - Setting next_dagrun for example_branch_datetime_operator_3 to 2025-10-22 00:00:00+00:00, run_after=2025-10-23 00:00:00+00:00
[2025-10-23T12:09:55.262+0000] {processor.py:183} INFO - Processing /home/khaled/dbt-env/lib/python3.12/site-packages/airflow/example_dags/example_branch_datetime_operator.py took 0.091 seconds
[2025-10-23T12:11:32.573+0000] {processor.py:161} INFO - Started process (PID=11731) to work on /home/khaled/dbt-env/lib/python3.12/site-packages/airflow/example_dags/example_branch_datetime_operator.py
[2025-10-23T12:11:32.611+0000] {processor.py:830} INFO - Processing file /home/khaled/dbt-env/lib/python3.12/site-packages/airflow/example_dags/example_branch_datetime_operator.py for tasks to queue
[2025-10-23T12:11:32.792+0000] {logging_mixin.py:188} INFO - [2025-10-23T12:11:32.791+0000] {dagbag.py:545} INFO - Filling up the DagBag from /home/khaled/dbt-env/lib/python3.12/site-packages/airflow/example_dags/example_branch_datetime_operator.py
[2025-10-23T12:11:33.186+0000] {processor.py:840} INFO - DAG(s) 'example_branch_datetime_operator_2', 'example_branch_datetime_operator_3', 'example_branch_datetime_operator' retrieved from /home/khaled/dbt-env/lib/python3.12/site-packages/airflow/example_dags/example_branch_datetime_operator.py
[2025-10-23T12:11:33.787+0000] {logging_mixin.py:188} INFO - [2025-10-23T12:11:33.779+0000] {dag.py:3089} INFO - Sync 3 DAGs
[2025-10-23T12:11:34.195+0000] {logging_mixin.py:188} INFO - [2025-10-23T12:11:34.194+0000] {dag.py:3947} INFO - Setting next_dagrun for example_branch_datetime_operator to 2025-10-22 00:00:00+00:00, run_after=2025-10-23 00:00:00+00:00
[2025-10-23T12:11:34.342+0000] {logging_mixin.py:188} INFO - [2025-10-23T12:11:34.319+0000] {dag.py:3947} INFO - Setting next_dagrun for example_branch_datetime_operator_2 to 2025-10-22 00:00:00+00:00, run_after=2025-10-23 00:00:00+00:00
[2025-10-23T12:11:34.376+0000] {logging_mixin.py:188} INFO - [2025-10-23T12:11:34.374+0000] {dag.py:3947} INFO - Setting next_dagrun for example_branch_datetime_operator_3 to 2025-10-22 00:00:00+00:00, run_after=2025-10-23 00:00:00+00:00
[2025-10-23T12:11:35.113+0000] {processor.py:183} INFO - Processing /home/khaled/dbt-env/lib/python3.12/site-packages/airflow/example_dags/example_branch_datetime_operator.py took 2.551 seconds
