[2025-10-23T11:39:25.821+0000] {processor.py:161} INFO - Started process (PID=5952) to work on /home/khaled/dbt-env/lib/python3.12/site-packages/airflow/example_dags/example_kubernetes_executor.py
[2025-10-23T11:39:25.822+0000] {processor.py:830} INFO - Processing file /home/khaled/dbt-env/lib/python3.12/site-packages/airflow/example_dags/example_kubernetes_executor.py for tasks to queue
[2025-10-23T11:39:25.824+0000] {logging_mixin.py:188} INFO - [2025-10-23T11:39:25.823+0000] {dagbag.py:545} INFO - Filling up the DagBag from /home/khaled/dbt-env/lib/python3.12/site-packages/airflow/example_dags/example_kubernetes_executor.py
[2025-10-23T11:39:25.826+0000] {logging_mixin.py:188} INFO - [2025-10-23T11:39:25.826+0000] {example_kubernetes_executor.py:39} WARNING - The example_kubernetes_executor example DAG requires the kubernetes provider. Please install it with: pip install apache-airflow[cncf.kubernetes]
[2025-10-23T11:39:25.827+0000] {processor.py:842} WARNING - No viable dags retrieved from /home/khaled/dbt-env/lib/python3.12/site-packages/airflow/example_dags/example_kubernetes_executor.py
[2025-10-23T11:39:25.835+0000] {processor.py:183} INFO - Processing /home/khaled/dbt-env/lib/python3.12/site-packages/airflow/example_dags/example_kubernetes_executor.py took 0.017 seconds
[2025-10-23T11:55:00.937+0000] {processor.py:161} INFO - Started process (PID=9556) to work on /home/khaled/dbt-env/lib/python3.12/site-packages/airflow/example_dags/example_kubernetes_executor.py
[2025-10-23T11:55:00.940+0000] {processor.py:830} INFO - Processing file /home/khaled/dbt-env/lib/python3.12/site-packages/airflow/example_dags/example_kubernetes_executor.py for tasks to queue
[2025-10-23T11:55:00.941+0000] {logging_mixin.py:188} INFO - [2025-10-23T11:55:00.941+0000] {dagbag.py:545} INFO - Filling up the DagBag from /home/khaled/dbt-env/lib/python3.12/site-packages/airflow/example_dags/example_kubernetes_executor.py
[2025-10-23T11:55:00.944+0000] {logging_mixin.py:188} INFO - [2025-10-23T11:55:00.944+0000] {example_kubernetes_executor.py:39} WARNING - The example_kubernetes_executor example DAG requires the kubernetes provider. Please install it with: pip install apache-airflow[cncf.kubernetes]
[2025-10-23T11:55:00.945+0000] {processor.py:842} WARNING - No viable dags retrieved from /home/khaled/dbt-env/lib/python3.12/site-packages/airflow/example_dags/example_kubernetes_executor.py
[2025-10-23T11:55:00.953+0000] {processor.py:183} INFO - Processing /home/khaled/dbt-env/lib/python3.12/site-packages/airflow/example_dags/example_kubernetes_executor.py took 0.020 seconds
[2025-10-23T11:56:01.813+0000] {processor.py:161} INFO - Started process (PID=9819) to work on /home/khaled/dbt-env/lib/python3.12/site-packages/airflow/example_dags/example_kubernetes_executor.py
[2025-10-23T11:56:01.815+0000] {processor.py:830} INFO - Processing file /home/khaled/dbt-env/lib/python3.12/site-packages/airflow/example_dags/example_kubernetes_executor.py for tasks to queue
[2025-10-23T11:56:01.817+0000] {logging_mixin.py:188} INFO - [2025-10-23T11:56:01.817+0000] {dagbag.py:545} INFO - Filling up the DagBag from /home/khaled/dbt-env/lib/python3.12/site-packages/airflow/example_dags/example_kubernetes_executor.py
[2025-10-23T11:56:01.819+0000] {logging_mixin.py:188} INFO - [2025-10-23T11:56:01.819+0000] {example_kubernetes_executor.py:39} WARNING - The example_kubernetes_executor example DAG requires the kubernetes provider. Please install it with: pip install apache-airflow[cncf.kubernetes]
[2025-10-23T11:56:01.820+0000] {processor.py:842} WARNING - No viable dags retrieved from /home/khaled/dbt-env/lib/python3.12/site-packages/airflow/example_dags/example_kubernetes_executor.py
[2025-10-23T11:56:01.828+0000] {processor.py:183} INFO - Processing /home/khaled/dbt-env/lib/python3.12/site-packages/airflow/example_dags/example_kubernetes_executor.py took 0.019 seconds
[2025-10-23T11:57:33.077+0000] {processor.py:161} INFO - Started process (PID=10004) to work on /home/khaled/dbt-env/lib/python3.12/site-packages/airflow/example_dags/example_kubernetes_executor.py
[2025-10-23T11:57:33.087+0000] {processor.py:830} INFO - Processing file /home/khaled/dbt-env/lib/python3.12/site-packages/airflow/example_dags/example_kubernetes_executor.py for tasks to queue
[2025-10-23T11:57:33.089+0000] {logging_mixin.py:188} INFO - [2025-10-23T11:57:33.088+0000] {dagbag.py:545} INFO - Filling up the DagBag from /home/khaled/dbt-env/lib/python3.12/site-packages/airflow/example_dags/example_kubernetes_executor.py
[2025-10-23T11:57:33.091+0000] {logging_mixin.py:188} INFO - [2025-10-23T11:57:33.091+0000] {example_kubernetes_executor.py:39} WARNING - The example_kubernetes_executor example DAG requires the kubernetes provider. Please install it with: pip install apache-airflow[cncf.kubernetes]
[2025-10-23T11:57:33.091+0000] {processor.py:842} WARNING - No viable dags retrieved from /home/khaled/dbt-env/lib/python3.12/site-packages/airflow/example_dags/example_kubernetes_executor.py
[2025-10-23T11:57:33.099+0000] {processor.py:183} INFO - Processing /home/khaled/dbt-env/lib/python3.12/site-packages/airflow/example_dags/example_kubernetes_executor.py took 0.026 seconds
[2025-10-23T11:58:38.425+0000] {processor.py:161} INFO - Started process (PID=10083) to work on /home/khaled/dbt-env/lib/python3.12/site-packages/airflow/example_dags/example_kubernetes_executor.py
[2025-10-23T11:58:38.438+0000] {processor.py:830} INFO - Processing file /home/khaled/dbt-env/lib/python3.12/site-packages/airflow/example_dags/example_kubernetes_executor.py for tasks to queue
[2025-10-23T11:58:38.440+0000] {logging_mixin.py:188} INFO - [2025-10-23T11:58:38.439+0000] {dagbag.py:545} INFO - Filling up the DagBag from /home/khaled/dbt-env/lib/python3.12/site-packages/airflow/example_dags/example_kubernetes_executor.py
[2025-10-23T11:58:38.442+0000] {logging_mixin.py:188} INFO - [2025-10-23T11:58:38.442+0000] {example_kubernetes_executor.py:39} WARNING - The example_kubernetes_executor example DAG requires the kubernetes provider. Please install it with: pip install apache-airflow[cncf.kubernetes]
[2025-10-23T11:58:38.442+0000] {processor.py:842} WARNING - No viable dags retrieved from /home/khaled/dbt-env/lib/python3.12/site-packages/airflow/example_dags/example_kubernetes_executor.py
[2025-10-23T11:58:38.450+0000] {processor.py:183} INFO - Processing /home/khaled/dbt-env/lib/python3.12/site-packages/airflow/example_dags/example_kubernetes_executor.py took 0.031 seconds
[2025-10-23T12:00:26.525+0000] {processor.py:161} INFO - Started process (PID=10229) to work on /home/khaled/dbt-env/lib/python3.12/site-packages/airflow/example_dags/example_kubernetes_executor.py
[2025-10-23T12:00:26.537+0000] {processor.py:830} INFO - Processing file /home/khaled/dbt-env/lib/python3.12/site-packages/airflow/example_dags/example_kubernetes_executor.py for tasks to queue
[2025-10-23T12:00:26.538+0000] {logging_mixin.py:188} INFO - [2025-10-23T12:00:26.538+0000] {dagbag.py:545} INFO - Filling up the DagBag from /home/khaled/dbt-env/lib/python3.12/site-packages/airflow/example_dags/example_kubernetes_executor.py
[2025-10-23T12:00:26.540+0000] {logging_mixin.py:188} INFO - [2025-10-23T12:00:26.540+0000] {example_kubernetes_executor.py:39} WARNING - The example_kubernetes_executor example DAG requires the kubernetes provider. Please install it with: pip install apache-airflow[cncf.kubernetes]
[2025-10-23T12:00:26.541+0000] {processor.py:842} WARNING - No viable dags retrieved from /home/khaled/dbt-env/lib/python3.12/site-packages/airflow/example_dags/example_kubernetes_executor.py
[2025-10-23T12:00:26.549+0000] {processor.py:183} INFO - Processing /home/khaled/dbt-env/lib/python3.12/site-packages/airflow/example_dags/example_kubernetes_executor.py took 0.030 seconds
[2025-10-23T12:01:16.887+0000] {processor.py:161} INFO - Started process (PID=10382) to work on /home/khaled/dbt-env/lib/python3.12/site-packages/airflow/example_dags/example_kubernetes_executor.py
[2025-10-23T12:01:16.889+0000] {processor.py:830} INFO - Processing file /home/khaled/dbt-env/lib/python3.12/site-packages/airflow/example_dags/example_kubernetes_executor.py for tasks to queue
[2025-10-23T12:01:16.890+0000] {logging_mixin.py:188} INFO - [2025-10-23T12:01:16.890+0000] {dagbag.py:545} INFO - Filling up the DagBag from /home/khaled/dbt-env/lib/python3.12/site-packages/airflow/example_dags/example_kubernetes_executor.py
[2025-10-23T12:01:16.892+0000] {logging_mixin.py:188} INFO - [2025-10-23T12:01:16.892+0000] {example_kubernetes_executor.py:39} WARNING - The example_kubernetes_executor example DAG requires the kubernetes provider. Please install it with: pip install apache-airflow[cncf.kubernetes]
[2025-10-23T12:01:16.893+0000] {processor.py:842} WARNING - No viable dags retrieved from /home/khaled/dbt-env/lib/python3.12/site-packages/airflow/example_dags/example_kubernetes_executor.py
[2025-10-23T12:01:16.900+0000] {processor.py:183} INFO - Processing /home/khaled/dbt-env/lib/python3.12/site-packages/airflow/example_dags/example_kubernetes_executor.py took 0.017 seconds
[2025-10-23T12:02:51.383+0000] {processor.py:161} INFO - Started process (PID=10654) to work on /home/khaled/dbt-env/lib/python3.12/site-packages/airflow/example_dags/example_kubernetes_executor.py
[2025-10-23T12:02:51.489+0000] {processor.py:830} INFO - Processing file /home/khaled/dbt-env/lib/python3.12/site-packages/airflow/example_dags/example_kubernetes_executor.py for tasks to queue
[2025-10-23T12:02:51.524+0000] {logging_mixin.py:188} INFO - [2025-10-23T12:02:51.523+0000] {dagbag.py:545} INFO - Filling up the DagBag from /home/khaled/dbt-env/lib/python3.12/site-packages/airflow/example_dags/example_kubernetes_executor.py
[2025-10-23T12:02:51.634+0000] {logging_mixin.py:188} INFO - [2025-10-23T12:02:51.576+0000] {example_kubernetes_executor.py:39} WARNING - The example_kubernetes_executor example DAG requires the kubernetes provider. Please install it with: pip install apache-airflow[cncf.kubernetes]
[2025-10-23T12:02:51.665+0000] {processor.py:842} WARNING - No viable dags retrieved from /home/khaled/dbt-env/lib/python3.12/site-packages/airflow/example_dags/example_kubernetes_executor.py
[2025-10-23T12:02:51.973+0000] {processor.py:183} INFO - Processing /home/khaled/dbt-env/lib/python3.12/site-packages/airflow/example_dags/example_kubernetes_executor.py took 0.701 seconds
[2025-10-23T12:04:04.320+0000] {processor.py:161} INFO - Started process (PID=10755) to work on /home/khaled/dbt-env/lib/python3.12/site-packages/airflow/example_dags/example_kubernetes_executor.py
[2025-10-23T12:04:04.336+0000] {processor.py:830} INFO - Processing file /home/khaled/dbt-env/lib/python3.12/site-packages/airflow/example_dags/example_kubernetes_executor.py for tasks to queue
[2025-10-23T12:04:04.355+0000] {logging_mixin.py:188} INFO - [2025-10-23T12:04:04.352+0000] {dagbag.py:545} INFO - Filling up the DagBag from /home/khaled/dbt-env/lib/python3.12/site-packages/airflow/example_dags/example_kubernetes_executor.py
[2025-10-23T12:04:04.380+0000] {logging_mixin.py:188} INFO - [2025-10-23T12:04:04.379+0000] {example_kubernetes_executor.py:39} WARNING - The example_kubernetes_executor example DAG requires the kubernetes provider. Please install it with: pip install apache-airflow[cncf.kubernetes]
[2025-10-23T12:04:04.384+0000] {processor.py:842} WARNING - No viable dags retrieved from /home/khaled/dbt-env/lib/python3.12/site-packages/airflow/example_dags/example_kubernetes_executor.py
[2025-10-23T12:04:04.469+0000] {processor.py:183} INFO - Processing /home/khaled/dbt-env/lib/python3.12/site-packages/airflow/example_dags/example_kubernetes_executor.py took 0.179 seconds
[2025-10-23T12:05:08.271+0000] {processor.py:161} INFO - Started process (PID=11157) to work on /home/khaled/dbt-env/lib/python3.12/site-packages/airflow/example_dags/example_kubernetes_executor.py
[2025-10-23T12:05:08.273+0000] {processor.py:830} INFO - Processing file /home/khaled/dbt-env/lib/python3.12/site-packages/airflow/example_dags/example_kubernetes_executor.py for tasks to queue
[2025-10-23T12:05:08.274+0000] {logging_mixin.py:188} INFO - [2025-10-23T12:05:08.274+0000] {dagbag.py:545} INFO - Filling up the DagBag from /home/khaled/dbt-env/lib/python3.12/site-packages/airflow/example_dags/example_kubernetes_executor.py
[2025-10-23T12:05:08.278+0000] {logging_mixin.py:188} INFO - [2025-10-23T12:05:08.278+0000] {example_kubernetes_executor.py:39} WARNING - The example_kubernetes_executor example DAG requires the kubernetes provider. Please install it with: pip install apache-airflow[cncf.kubernetes]
[2025-10-23T12:05:08.278+0000] {processor.py:842} WARNING - No viable dags retrieved from /home/khaled/dbt-env/lib/python3.12/site-packages/airflow/example_dags/example_kubernetes_executor.py
[2025-10-23T12:05:08.288+0000] {processor.py:183} INFO - Processing /home/khaled/dbt-env/lib/python3.12/site-packages/airflow/example_dags/example_kubernetes_executor.py took 0.022 seconds
[2025-10-23T12:05:53.655+0000] {processor.py:161} INFO - Started process (PID=11235) to work on /home/khaled/dbt-env/lib/python3.12/site-packages/airflow/example_dags/example_kubernetes_executor.py
[2025-10-23T12:05:53.657+0000] {processor.py:830} INFO - Processing file /home/khaled/dbt-env/lib/python3.12/site-packages/airflow/example_dags/example_kubernetes_executor.py for tasks to queue
[2025-10-23T12:05:53.658+0000] {logging_mixin.py:188} INFO - [2025-10-23T12:05:53.658+0000] {dagbag.py:545} INFO - Filling up the DagBag from /home/khaled/dbt-env/lib/python3.12/site-packages/airflow/example_dags/example_kubernetes_executor.py
[2025-10-23T12:05:53.660+0000] {logging_mixin.py:188} INFO - [2025-10-23T12:05:53.660+0000] {example_kubernetes_executor.py:39} WARNING - The example_kubernetes_executor example DAG requires the kubernetes provider. Please install it with: pip install apache-airflow[cncf.kubernetes]
[2025-10-23T12:05:53.661+0000] {processor.py:842} WARNING - No viable dags retrieved from /home/khaled/dbt-env/lib/python3.12/site-packages/airflow/example_dags/example_kubernetes_executor.py
[2025-10-23T12:05:53.668+0000] {processor.py:183} INFO - Processing /home/khaled/dbt-env/lib/python3.12/site-packages/airflow/example_dags/example_kubernetes_executor.py took 0.018 seconds
[2025-10-23T12:06:58.829+0000] {processor.py:161} INFO - Started process (PID=11325) to work on /home/khaled/dbt-env/lib/python3.12/site-packages/airflow/example_dags/example_kubernetes_executor.py
[2025-10-23T12:06:58.840+0000] {processor.py:830} INFO - Processing file /home/khaled/dbt-env/lib/python3.12/site-packages/airflow/example_dags/example_kubernetes_executor.py for tasks to queue
[2025-10-23T12:06:58.842+0000] {logging_mixin.py:188} INFO - [2025-10-23T12:06:58.842+0000] {dagbag.py:545} INFO - Filling up the DagBag from /home/khaled/dbt-env/lib/python3.12/site-packages/airflow/example_dags/example_kubernetes_executor.py
[2025-10-23T12:06:58.845+0000] {logging_mixin.py:188} INFO - [2025-10-23T12:06:58.845+0000] {example_kubernetes_executor.py:39} WARNING - The example_kubernetes_executor example DAG requires the kubernetes provider. Please install it with: pip install apache-airflow[cncf.kubernetes]
[2025-10-23T12:06:58.846+0000] {processor.py:842} WARNING - No viable dags retrieved from /home/khaled/dbt-env/lib/python3.12/site-packages/airflow/example_dags/example_kubernetes_executor.py
[2025-10-23T12:06:58.858+0000] {processor.py:183} INFO - Processing /home/khaled/dbt-env/lib/python3.12/site-packages/airflow/example_dags/example_kubernetes_executor.py took 0.034 seconds
[2025-10-23T12:08:07.647+0000] {processor.py:161} INFO - Started process (PID=11413) to work on /home/khaled/dbt-env/lib/python3.12/site-packages/airflow/example_dags/example_kubernetes_executor.py
[2025-10-23T12:08:07.648+0000] {processor.py:830} INFO - Processing file /home/khaled/dbt-env/lib/python3.12/site-packages/airflow/example_dags/example_kubernetes_executor.py for tasks to queue
[2025-10-23T12:08:07.652+0000] {logging_mixin.py:188} INFO - [2025-10-23T12:08:07.650+0000] {dagbag.py:545} INFO - Filling up the DagBag from /home/khaled/dbt-env/lib/python3.12/site-packages/airflow/example_dags/example_kubernetes_executor.py
[2025-10-23T12:08:07.654+0000] {logging_mixin.py:188} INFO - [2025-10-23T12:08:07.654+0000] {example_kubernetes_executor.py:39} WARNING - The example_kubernetes_executor example DAG requires the kubernetes provider. Please install it with: pip install apache-airflow[cncf.kubernetes]
[2025-10-23T12:08:07.657+0000] {processor.py:842} WARNING - No viable dags retrieved from /home/khaled/dbt-env/lib/python3.12/site-packages/airflow/example_dags/example_kubernetes_executor.py
[2025-10-23T12:08:07.672+0000] {processor.py:183} INFO - Processing /home/khaled/dbt-env/lib/python3.12/site-packages/airflow/example_dags/example_kubernetes_executor.py took 0.033 seconds
[2025-10-23T12:09:00.904+0000] {processor.py:161} INFO - Started process (PID=11527) to work on /home/khaled/dbt-env/lib/python3.12/site-packages/airflow/example_dags/example_kubernetes_executor.py
[2025-10-23T12:09:00.915+0000] {processor.py:830} INFO - Processing file /home/khaled/dbt-env/lib/python3.12/site-packages/airflow/example_dags/example_kubernetes_executor.py for tasks to queue
[2025-10-23T12:09:00.917+0000] {logging_mixin.py:188} INFO - [2025-10-23T12:09:00.916+0000] {dagbag.py:545} INFO - Filling up the DagBag from /home/khaled/dbt-env/lib/python3.12/site-packages/airflow/example_dags/example_kubernetes_executor.py
[2025-10-23T12:09:00.919+0000] {logging_mixin.py:188} INFO - [2025-10-23T12:09:00.918+0000] {example_kubernetes_executor.py:39} WARNING - The example_kubernetes_executor example DAG requires the kubernetes provider. Please install it with: pip install apache-airflow[cncf.kubernetes]
[2025-10-23T12:09:00.919+0000] {processor.py:842} WARNING - No viable dags retrieved from /home/khaled/dbt-env/lib/python3.12/site-packages/airflow/example_dags/example_kubernetes_executor.py
[2025-10-23T12:09:00.926+0000] {processor.py:183} INFO - Processing /home/khaled/dbt-env/lib/python3.12/site-packages/airflow/example_dags/example_kubernetes_executor.py took 0.026 seconds
[2025-10-23T12:09:48.578+0000] {processor.py:161} INFO - Started process (PID=11635) to work on /home/khaled/dbt-env/lib/python3.12/site-packages/airflow/example_dags/example_kubernetes_executor.py
[2025-10-23T12:09:48.580+0000] {processor.py:830} INFO - Processing file /home/khaled/dbt-env/lib/python3.12/site-packages/airflow/example_dags/example_kubernetes_executor.py for tasks to queue
[2025-10-23T12:09:48.581+0000] {logging_mixin.py:188} INFO - [2025-10-23T12:09:48.581+0000] {dagbag.py:545} INFO - Filling up the DagBag from /home/khaled/dbt-env/lib/python3.12/site-packages/airflow/example_dags/example_kubernetes_executor.py
[2025-10-23T12:09:48.584+0000] {logging_mixin.py:188} INFO - [2025-10-23T12:09:48.583+0000] {example_kubernetes_executor.py:39} WARNING - The example_kubernetes_executor example DAG requires the kubernetes provider. Please install it with: pip install apache-airflow[cncf.kubernetes]
[2025-10-23T12:09:48.584+0000] {processor.py:842} WARNING - No viable dags retrieved from /home/khaled/dbt-env/lib/python3.12/site-packages/airflow/example_dags/example_kubernetes_executor.py
[2025-10-23T12:09:48.591+0000] {processor.py:183} INFO - Processing /home/khaled/dbt-env/lib/python3.12/site-packages/airflow/example_dags/example_kubernetes_executor.py took 0.018 seconds
[2025-10-23T12:11:13.749+0000] {processor.py:161} INFO - Started process (PID=11717) to work on /home/khaled/dbt-env/lib/python3.12/site-packages/airflow/example_dags/example_kubernetes_executor.py
[2025-10-23T12:11:13.764+0000] {processor.py:830} INFO - Processing file /home/khaled/dbt-env/lib/python3.12/site-packages/airflow/example_dags/example_kubernetes_executor.py for tasks to queue
[2025-10-23T12:11:13.776+0000] {logging_mixin.py:188} INFO - [2025-10-23T12:11:13.775+0000] {dagbag.py:545} INFO - Filling up the DagBag from /home/khaled/dbt-env/lib/python3.12/site-packages/airflow/example_dags/example_kubernetes_executor.py
[2025-10-23T12:11:13.792+0000] {logging_mixin.py:188} INFO - [2025-10-23T12:11:13.791+0000] {example_kubernetes_executor.py:39} WARNING - The example_kubernetes_executor example DAG requires the kubernetes provider. Please install it with: pip install apache-airflow[cncf.kubernetes]
[2025-10-23T12:11:13.798+0000] {processor.py:842} WARNING - No viable dags retrieved from /home/khaled/dbt-env/lib/python3.12/site-packages/airflow/example_dags/example_kubernetes_executor.py
[2025-10-23T12:11:13.878+0000] {processor.py:183} INFO - Processing /home/khaled/dbt-env/lib/python3.12/site-packages/airflow/example_dags/example_kubernetes_executor.py took 0.198 seconds
