[2025-10-23T11:39:19.779+0000] {processor.py:161} INFO - Started process (PID=5945) to work on /home/khaled/dbt-env/lib/python3.12/site-packages/airflow/example_dags/example_params_trigger_ui.py
[2025-10-23T11:39:19.782+0000] {processor.py:830} INFO - Processing file /home/khaled/dbt-env/lib/python3.12/site-packages/airflow/example_dags/example_params_trigger_ui.py for tasks to queue
[2025-10-23T11:39:19.788+0000] {logging_mixin.py:188} INFO - [2025-10-23T11:39:19.788+0000] {dagbag.py:545} INFO - Filling up the DagBag from /home/khaled/dbt-env/lib/python3.12/site-packages/airflow/example_dags/example_params_trigger_ui.py
[2025-10-23T11:39:19.821+0000] {processor.py:840} INFO - DAG(s) 'example_params_trigger_ui' retrieved from /home/khaled/dbt-env/lib/python3.12/site-packages/airflow/example_dags/example_params_trigger_ui.py
[2025-10-23T11:39:19.893+0000] {logging_mixin.py:188} INFO - [2025-10-23T11:39:19.893+0000] {dag.py:3089} INFO - Sync 1 DAGs
[2025-10-23T11:39:19.905+0000] {logging_mixin.py:188} INFO - [2025-10-23T11:39:19.905+0000] {dag.py:3947} INFO - Setting next_dagrun for example_params_trigger_ui to None, run_after=None
[2025-10-23T11:39:19.947+0000] {processor.py:183} INFO - Processing /home/khaled/dbt-env/lib/python3.12/site-packages/airflow/example_dags/example_params_trigger_ui.py took 0.194 seconds
[2025-10-23T11:54:56.955+0000] {processor.py:161} INFO - Started process (PID=9550) to work on /home/khaled/dbt-env/lib/python3.12/site-packages/airflow/example_dags/example_params_trigger_ui.py
[2025-10-23T11:54:56.957+0000] {processor.py:830} INFO - Processing file /home/khaled/dbt-env/lib/python3.12/site-packages/airflow/example_dags/example_params_trigger_ui.py for tasks to queue
[2025-10-23T11:54:56.958+0000] {logging_mixin.py:188} INFO - [2025-10-23T11:54:56.958+0000] {dagbag.py:545} INFO - Filling up the DagBag from /home/khaled/dbt-env/lib/python3.12/site-packages/airflow/example_dags/example_params_trigger_ui.py
[2025-10-23T11:54:56.966+0000] {processor.py:840} INFO - DAG(s) 'example_params_trigger_ui' retrieved from /home/khaled/dbt-env/lib/python3.12/site-packages/airflow/example_dags/example_params_trigger_ui.py
[2025-10-23T11:54:56.994+0000] {logging_mixin.py:188} INFO - [2025-10-23T11:54:56.994+0000] {dag.py:3089} INFO - Sync 1 DAGs
[2025-10-23T11:54:57.002+0000] {logging_mixin.py:188} INFO - [2025-10-23T11:54:57.002+0000] {dag.py:3947} INFO - Setting next_dagrun for example_params_trigger_ui to None, run_after=None
[2025-10-23T11:54:57.022+0000] {processor.py:183} INFO - Processing /home/khaled/dbt-env/lib/python3.12/site-packages/airflow/example_dags/example_params_trigger_ui.py took 0.072 seconds
[2025-10-23T11:55:56.696+0000] {processor.py:161} INFO - Started process (PID=9802) to work on /home/khaled/dbt-env/lib/python3.12/site-packages/airflow/example_dags/example_params_trigger_ui.py
[2025-10-23T11:55:56.710+0000] {processor.py:830} INFO - Processing file /home/khaled/dbt-env/lib/python3.12/site-packages/airflow/example_dags/example_params_trigger_ui.py for tasks to queue
[2025-10-23T11:55:56.716+0000] {logging_mixin.py:188} INFO - [2025-10-23T11:55:56.715+0000] {dagbag.py:545} INFO - Filling up the DagBag from /home/khaled/dbt-env/lib/python3.12/site-packages/airflow/example_dags/example_params_trigger_ui.py
[2025-10-23T11:55:56.727+0000] {processor.py:840} INFO - DAG(s) 'example_params_trigger_ui' retrieved from /home/khaled/dbt-env/lib/python3.12/site-packages/airflow/example_dags/example_params_trigger_ui.py
[2025-10-23T11:55:56.772+0000] {logging_mixin.py:188} INFO - [2025-10-23T11:55:56.772+0000] {dag.py:3089} INFO - Sync 1 DAGs
[2025-10-23T11:55:56.781+0000] {logging_mixin.py:188} INFO - [2025-10-23T11:55:56.781+0000] {dag.py:3947} INFO - Setting next_dagrun for example_params_trigger_ui to None, run_after=None
[2025-10-23T11:55:56.800+0000] {processor.py:183} INFO - Processing /home/khaled/dbt-env/lib/python3.12/site-packages/airflow/example_dags/example_params_trigger_ui.py took 0.125 seconds
[2025-10-23T11:57:27.934+0000] {processor.py:161} INFO - Started process (PID=9995) to work on /home/khaled/dbt-env/lib/python3.12/site-packages/airflow/example_dags/example_params_trigger_ui.py
[2025-10-23T11:57:27.945+0000] {processor.py:830} INFO - Processing file /home/khaled/dbt-env/lib/python3.12/site-packages/airflow/example_dags/example_params_trigger_ui.py for tasks to queue
[2025-10-23T11:57:27.946+0000] {logging_mixin.py:188} INFO - [2025-10-23T11:57:27.946+0000] {dagbag.py:545} INFO - Filling up the DagBag from /home/khaled/dbt-env/lib/python3.12/site-packages/airflow/example_dags/example_params_trigger_ui.py
[2025-10-23T11:57:27.955+0000] {processor.py:840} INFO - DAG(s) 'example_params_trigger_ui' retrieved from /home/khaled/dbt-env/lib/python3.12/site-packages/airflow/example_dags/example_params_trigger_ui.py
[2025-10-23T11:57:27.981+0000] {logging_mixin.py:188} INFO - [2025-10-23T11:57:27.980+0000] {dag.py:3089} INFO - Sync 1 DAGs
[2025-10-23T11:57:27.989+0000] {logging_mixin.py:188} INFO - [2025-10-23T11:57:27.989+0000] {dag.py:3947} INFO - Setting next_dagrun for example_params_trigger_ui to None, run_after=None
[2025-10-23T11:57:28.009+0000] {processor.py:183} INFO - Processing /home/khaled/dbt-env/lib/python3.12/site-packages/airflow/example_dags/example_params_trigger_ui.py took 0.079 seconds
[2025-10-23T11:58:21.493+0000] {processor.py:161} INFO - Started process (PID=10061) to work on /home/khaled/dbt-env/lib/python3.12/site-packages/airflow/example_dags/example_params_trigger_ui.py
[2025-10-23T11:58:21.501+0000] {processor.py:830} INFO - Processing file /home/khaled/dbt-env/lib/python3.12/site-packages/airflow/example_dags/example_params_trigger_ui.py for tasks to queue
[2025-10-23T11:58:21.503+0000] {logging_mixin.py:188} INFO - [2025-10-23T11:58:21.502+0000] {dagbag.py:545} INFO - Filling up the DagBag from /home/khaled/dbt-env/lib/python3.12/site-packages/airflow/example_dags/example_params_trigger_ui.py
[2025-10-23T11:58:21.512+0000] {processor.py:840} INFO - DAG(s) 'example_params_trigger_ui' retrieved from /home/khaled/dbt-env/lib/python3.12/site-packages/airflow/example_dags/example_params_trigger_ui.py
[2025-10-23T11:58:21.544+0000] {logging_mixin.py:188} INFO - [2025-10-23T11:58:21.543+0000] {dag.py:3089} INFO - Sync 1 DAGs
[2025-10-23T11:58:21.553+0000] {logging_mixin.py:188} INFO - [2025-10-23T11:58:21.553+0000] {dag.py:3947} INFO - Setting next_dagrun for example_params_trigger_ui to None, run_after=None
[2025-10-23T11:58:21.578+0000] {processor.py:183} INFO - Processing /home/khaled/dbt-env/lib/python3.12/site-packages/airflow/example_dags/example_params_trigger_ui.py took 0.095 seconds
[2025-10-23T12:00:21.389+0000] {processor.py:161} INFO - Started process (PID=10221) to work on /home/khaled/dbt-env/lib/python3.12/site-packages/airflow/example_dags/example_params_trigger_ui.py
[2025-10-23T12:00:21.390+0000] {processor.py:830} INFO - Processing file /home/khaled/dbt-env/lib/python3.12/site-packages/airflow/example_dags/example_params_trigger_ui.py for tasks to queue
[2025-10-23T12:00:21.391+0000] {logging_mixin.py:188} INFO - [2025-10-23T12:00:21.391+0000] {dagbag.py:545} INFO - Filling up the DagBag from /home/khaled/dbt-env/lib/python3.12/site-packages/airflow/example_dags/example_params_trigger_ui.py
[2025-10-23T12:00:21.399+0000] {processor.py:840} INFO - DAG(s) 'example_params_trigger_ui' retrieved from /home/khaled/dbt-env/lib/python3.12/site-packages/airflow/example_dags/example_params_trigger_ui.py
[2025-10-23T12:00:21.424+0000] {logging_mixin.py:188} INFO - [2025-10-23T12:00:21.424+0000] {dag.py:3089} INFO - Sync 1 DAGs
[2025-10-23T12:00:21.432+0000] {logging_mixin.py:188} INFO - [2025-10-23T12:00:21.432+0000] {dag.py:3947} INFO - Setting next_dagrun for example_params_trigger_ui to None, run_after=None
[2025-10-23T12:00:21.459+0000] {processor.py:183} INFO - Processing /home/khaled/dbt-env/lib/python3.12/site-packages/airflow/example_dags/example_params_trigger_ui.py took 0.075 seconds
[2025-10-23T12:01:11.738+0000] {processor.py:161} INFO - Started process (PID=10355) to work on /home/khaled/dbt-env/lib/python3.12/site-packages/airflow/example_dags/example_params_trigger_ui.py
[2025-10-23T12:01:11.740+0000] {processor.py:830} INFO - Processing file /home/khaled/dbt-env/lib/python3.12/site-packages/airflow/example_dags/example_params_trigger_ui.py for tasks to queue
[2025-10-23T12:01:11.742+0000] {logging_mixin.py:188} INFO - [2025-10-23T12:01:11.742+0000] {dagbag.py:545} INFO - Filling up the DagBag from /home/khaled/dbt-env/lib/python3.12/site-packages/airflow/example_dags/example_params_trigger_ui.py
[2025-10-23T12:01:11.753+0000] {processor.py:840} INFO - DAG(s) 'example_params_trigger_ui' retrieved from /home/khaled/dbt-env/lib/python3.12/site-packages/airflow/example_dags/example_params_trigger_ui.py
[2025-10-23T12:01:11.783+0000] {logging_mixin.py:188} INFO - [2025-10-23T12:01:11.783+0000] {dag.py:3089} INFO - Sync 1 DAGs
[2025-10-23T12:01:11.793+0000] {logging_mixin.py:188} INFO - [2025-10-23T12:01:11.793+0000] {dag.py:3947} INFO - Setting next_dagrun for example_params_trigger_ui to None, run_after=None
[2025-10-23T12:01:11.840+0000] {processor.py:183} INFO - Processing /home/khaled/dbt-env/lib/python3.12/site-packages/airflow/example_dags/example_params_trigger_ui.py took 0.108 seconds
[2025-10-23T12:02:45.219+0000] {processor.py:161} INFO - Started process (PID=10649) to work on /home/khaled/dbt-env/lib/python3.12/site-packages/airflow/example_dags/example_params_trigger_ui.py
[2025-10-23T12:02:45.231+0000] {processor.py:830} INFO - Processing file /home/khaled/dbt-env/lib/python3.12/site-packages/airflow/example_dags/example_params_trigger_ui.py for tasks to queue
[2025-10-23T12:02:45.232+0000] {logging_mixin.py:188} INFO - [2025-10-23T12:02:45.232+0000] {dagbag.py:545} INFO - Filling up the DagBag from /home/khaled/dbt-env/lib/python3.12/site-packages/airflow/example_dags/example_params_trigger_ui.py
[2025-10-23T12:02:45.239+0000] {processor.py:840} INFO - DAG(s) 'example_params_trigger_ui' retrieved from /home/khaled/dbt-env/lib/python3.12/site-packages/airflow/example_dags/example_params_trigger_ui.py
[2025-10-23T12:02:45.264+0000] {logging_mixin.py:188} INFO - [2025-10-23T12:02:45.264+0000] {dag.py:3089} INFO - Sync 1 DAGs
[2025-10-23T12:02:45.273+0000] {logging_mixin.py:188} INFO - [2025-10-23T12:02:45.273+0000] {dag.py:3947} INFO - Setting next_dagrun for example_params_trigger_ui to None, run_after=None
[2025-10-23T12:02:45.294+0000] {processor.py:183} INFO - Processing /home/khaled/dbt-env/lib/python3.12/site-packages/airflow/example_dags/example_params_trigger_ui.py took 0.085 seconds
[2025-10-23T12:03:50.887+0000] {processor.py:161} INFO - Started process (PID=10748) to work on /home/khaled/dbt-env/lib/python3.12/site-packages/airflow/example_dags/example_params_trigger_ui.py
[2025-10-23T12:03:50.890+0000] {processor.py:830} INFO - Processing file /home/khaled/dbt-env/lib/python3.12/site-packages/airflow/example_dags/example_params_trigger_ui.py for tasks to queue
[2025-10-23T12:03:50.895+0000] {logging_mixin.py:188} INFO - [2025-10-23T12:03:50.894+0000] {dagbag.py:545} INFO - Filling up the DagBag from /home/khaled/dbt-env/lib/python3.12/site-packages/airflow/example_dags/example_params_trigger_ui.py
[2025-10-23T12:03:50.921+0000] {processor.py:840} INFO - DAG(s) 'example_params_trigger_ui' retrieved from /home/khaled/dbt-env/lib/python3.12/site-packages/airflow/example_dags/example_params_trigger_ui.py
[2025-10-23T12:03:50.988+0000] {logging_mixin.py:188} INFO - [2025-10-23T12:03:50.987+0000] {dag.py:3089} INFO - Sync 1 DAGs
[2025-10-23T12:03:51.011+0000] {logging_mixin.py:188} INFO - [2025-10-23T12:03:51.010+0000] {dag.py:3947} INFO - Setting next_dagrun for example_params_trigger_ui to None, run_after=None
[2025-10-23T12:03:51.060+0000] {processor.py:183} INFO - Processing /home/khaled/dbt-env/lib/python3.12/site-packages/airflow/example_dags/example_params_trigger_ui.py took 0.183 seconds
[2025-10-23T12:05:02.913+0000] {processor.py:161} INFO - Started process (PID=11099) to work on /home/khaled/dbt-env/lib/python3.12/site-packages/airflow/example_dags/example_params_trigger_ui.py
[2025-10-23T12:05:02.925+0000] {processor.py:830} INFO - Processing file /home/khaled/dbt-env/lib/python3.12/site-packages/airflow/example_dags/example_params_trigger_ui.py for tasks to queue
[2025-10-23T12:05:02.930+0000] {logging_mixin.py:188} INFO - [2025-10-23T12:05:02.927+0000] {dagbag.py:545} INFO - Filling up the DagBag from /home/khaled/dbt-env/lib/python3.12/site-packages/airflow/example_dags/example_params_trigger_ui.py
[2025-10-23T12:05:02.955+0000] {processor.py:840} INFO - DAG(s) 'example_params_trigger_ui' retrieved from /home/khaled/dbt-env/lib/python3.12/site-packages/airflow/example_dags/example_params_trigger_ui.py
[2025-10-23T12:05:03.066+0000] {logging_mixin.py:188} INFO - [2025-10-23T12:05:03.066+0000] {dag.py:3089} INFO - Sync 1 DAGs
[2025-10-23T12:05:03.103+0000] {logging_mixin.py:188} INFO - [2025-10-23T12:05:03.103+0000] {dag.py:3947} INFO - Setting next_dagrun for example_params_trigger_ui to None, run_after=None
[2025-10-23T12:05:03.170+0000] {processor.py:183} INFO - Processing /home/khaled/dbt-env/lib/python3.12/site-packages/airflow/example_dags/example_params_trigger_ui.py took 0.269 seconds
[2025-10-23T12:05:48.414+0000] {processor.py:161} INFO - Started process (PID=11228) to work on /home/khaled/dbt-env/lib/python3.12/site-packages/airflow/example_dags/example_params_trigger_ui.py
[2025-10-23T12:05:48.416+0000] {processor.py:830} INFO - Processing file /home/khaled/dbt-env/lib/python3.12/site-packages/airflow/example_dags/example_params_trigger_ui.py for tasks to queue
[2025-10-23T12:05:48.418+0000] {logging_mixin.py:188} INFO - [2025-10-23T12:05:48.417+0000] {dagbag.py:545} INFO - Filling up the DagBag from /home/khaled/dbt-env/lib/python3.12/site-packages/airflow/example_dags/example_params_trigger_ui.py
[2025-10-23T12:05:48.426+0000] {processor.py:840} INFO - DAG(s) 'example_params_trigger_ui' retrieved from /home/khaled/dbt-env/lib/python3.12/site-packages/airflow/example_dags/example_params_trigger_ui.py
[2025-10-23T12:05:48.453+0000] {logging_mixin.py:188} INFO - [2025-10-23T12:05:48.453+0000] {dag.py:3089} INFO - Sync 1 DAGs
[2025-10-23T12:05:48.463+0000] {logging_mixin.py:188} INFO - [2025-10-23T12:05:48.463+0000] {dag.py:3947} INFO - Setting next_dagrun for example_params_trigger_ui to None, run_after=None
[2025-10-23T12:05:48.580+0000] {processor.py:183} INFO - Processing /home/khaled/dbt-env/lib/python3.12/site-packages/airflow/example_dags/example_params_trigger_ui.py took 0.170 seconds
[2025-10-23T12:06:38.037+0000] {processor.py:161} INFO - Started process (PID=11297) to work on /home/khaled/dbt-env/lib/python3.12/site-packages/airflow/example_dags/example_params_trigger_ui.py
[2025-10-23T12:06:38.038+0000] {processor.py:830} INFO - Processing file /home/khaled/dbt-env/lib/python3.12/site-packages/airflow/example_dags/example_params_trigger_ui.py for tasks to queue
[2025-10-23T12:06:38.039+0000] {logging_mixin.py:188} INFO - [2025-10-23T12:06:38.039+0000] {dagbag.py:545} INFO - Filling up the DagBag from /home/khaled/dbt-env/lib/python3.12/site-packages/airflow/example_dags/example_params_trigger_ui.py
[2025-10-23T12:06:38.046+0000] {processor.py:840} INFO - DAG(s) 'example_params_trigger_ui' retrieved from /home/khaled/dbt-env/lib/python3.12/site-packages/airflow/example_dags/example_params_trigger_ui.py
[2025-10-23T12:06:38.070+0000] {logging_mixin.py:188} INFO - [2025-10-23T12:06:38.070+0000] {dag.py:3089} INFO - Sync 1 DAGs
[2025-10-23T12:06:38.078+0000] {logging_mixin.py:188} INFO - [2025-10-23T12:06:38.078+0000] {dag.py:3947} INFO - Setting next_dagrun for example_params_trigger_ui to None, run_after=None
[2025-10-23T12:06:38.099+0000] {processor.py:183} INFO - Processing /home/khaled/dbt-env/lib/python3.12/site-packages/airflow/example_dags/example_params_trigger_ui.py took 0.066 seconds
[2025-10-23T12:07:46.814+0000] {processor.py:161} INFO - Started process (PID=11384) to work on /home/khaled/dbt-env/lib/python3.12/site-packages/airflow/example_dags/example_params_trigger_ui.py
[2025-10-23T12:07:46.815+0000] {processor.py:830} INFO - Processing file /home/khaled/dbt-env/lib/python3.12/site-packages/airflow/example_dags/example_params_trigger_ui.py for tasks to queue
[2025-10-23T12:07:46.817+0000] {logging_mixin.py:188} INFO - [2025-10-23T12:07:46.817+0000] {dagbag.py:545} INFO - Filling up the DagBag from /home/khaled/dbt-env/lib/python3.12/site-packages/airflow/example_dags/example_params_trigger_ui.py
[2025-10-23T12:07:46.826+0000] {processor.py:840} INFO - DAG(s) 'example_params_trigger_ui' retrieved from /home/khaled/dbt-env/lib/python3.12/site-packages/airflow/example_dags/example_params_trigger_ui.py
[2025-10-23T12:07:46.856+0000] {logging_mixin.py:188} INFO - [2025-10-23T12:07:46.856+0000] {dag.py:3089} INFO - Sync 1 DAGs
[2025-10-23T12:07:46.864+0000] {logging_mixin.py:188} INFO - [2025-10-23T12:07:46.864+0000] {dag.py:3947} INFO - Setting next_dagrun for example_params_trigger_ui to None, run_after=None
[2025-10-23T12:07:46.896+0000] {processor.py:183} INFO - Processing /home/khaled/dbt-env/lib/python3.12/site-packages/airflow/example_dags/example_params_trigger_ui.py took 0.088 seconds
[2025-10-23T12:08:37.406+0000] {processor.py:161} INFO - Started process (PID=11448) to work on /home/khaled/dbt-env/lib/python3.12/site-packages/airflow/example_dags/example_params_trigger_ui.py
[2025-10-23T12:08:37.407+0000] {processor.py:830} INFO - Processing file /home/khaled/dbt-env/lib/python3.12/site-packages/airflow/example_dags/example_params_trigger_ui.py for tasks to queue
[2025-10-23T12:08:37.409+0000] {logging_mixin.py:188} INFO - [2025-10-23T12:08:37.409+0000] {dagbag.py:545} INFO - Filling up the DagBag from /home/khaled/dbt-env/lib/python3.12/site-packages/airflow/example_dags/example_params_trigger_ui.py
[2025-10-23T12:08:37.416+0000] {processor.py:840} INFO - DAG(s) 'example_params_trigger_ui' retrieved from /home/khaled/dbt-env/lib/python3.12/site-packages/airflow/example_dags/example_params_trigger_ui.py
[2025-10-23T12:08:37.441+0000] {logging_mixin.py:188} INFO - [2025-10-23T12:08:37.441+0000] {dag.py:3089} INFO - Sync 1 DAGs
[2025-10-23T12:08:37.536+0000] {logging_mixin.py:188} INFO - [2025-10-23T12:08:37.536+0000] {dag.py:3947} INFO - Setting next_dagrun for example_params_trigger_ui to None, run_after=None
[2025-10-23T12:08:37.555+0000] {processor.py:183} INFO - Processing /home/khaled/dbt-env/lib/python3.12/site-packages/airflow/example_dags/example_params_trigger_ui.py took 0.154 seconds
[2025-10-23T12:09:26.009+0000] {processor.py:161} INFO - Started process (PID=11610) to work on /home/khaled/dbt-env/lib/python3.12/site-packages/airflow/example_dags/example_params_trigger_ui.py
[2025-10-23T12:09:26.010+0000] {processor.py:830} INFO - Processing file /home/khaled/dbt-env/lib/python3.12/site-packages/airflow/example_dags/example_params_trigger_ui.py for tasks to queue
[2025-10-23T12:09:26.012+0000] {logging_mixin.py:188} INFO - [2025-10-23T12:09:26.011+0000] {dagbag.py:545} INFO - Filling up the DagBag from /home/khaled/dbt-env/lib/python3.12/site-packages/airflow/example_dags/example_params_trigger_ui.py
[2025-10-23T12:09:26.020+0000] {processor.py:840} INFO - DAG(s) 'example_params_trigger_ui' retrieved from /home/khaled/dbt-env/lib/python3.12/site-packages/airflow/example_dags/example_params_trigger_ui.py
[2025-10-23T12:09:26.045+0000] {logging_mixin.py:188} INFO - [2025-10-23T12:09:26.045+0000] {dag.py:3089} INFO - Sync 1 DAGs
[2025-10-23T12:09:26.054+0000] {logging_mixin.py:188} INFO - [2025-10-23T12:09:26.054+0000] {dag.py:3947} INFO - Setting next_dagrun for example_params_trigger_ui to None, run_after=None
[2025-10-23T12:09:26.089+0000] {processor.py:183} INFO - Processing /home/khaled/dbt-env/lib/python3.12/site-packages/airflow/example_dags/example_params_trigger_ui.py took 0.085 seconds
[2025-10-23T12:10:14.189+0000] {processor.py:161} INFO - Started process (PID=11665) to work on /home/khaled/dbt-env/lib/python3.12/site-packages/airflow/example_dags/example_params_trigger_ui.py
[2025-10-23T12:10:14.190+0000] {processor.py:830} INFO - Processing file /home/khaled/dbt-env/lib/python3.12/site-packages/airflow/example_dags/example_params_trigger_ui.py for tasks to queue
[2025-10-23T12:10:14.192+0000] {logging_mixin.py:188} INFO - [2025-10-23T12:10:14.191+0000] {dagbag.py:545} INFO - Filling up the DagBag from /home/khaled/dbt-env/lib/python3.12/site-packages/airflow/example_dags/example_params_trigger_ui.py
[2025-10-23T12:10:14.199+0000] {processor.py:840} INFO - DAG(s) 'example_params_trigger_ui' retrieved from /home/khaled/dbt-env/lib/python3.12/site-packages/airflow/example_dags/example_params_trigger_ui.py
[2025-10-23T12:10:14.225+0000] {logging_mixin.py:188} INFO - [2025-10-23T12:10:14.225+0000] {dag.py:3089} INFO - Sync 1 DAGs
[2025-10-23T12:10:14.235+0000] {logging_mixin.py:188} INFO - [2025-10-23T12:10:14.235+0000] {dag.py:3947} INFO - Setting next_dagrun for example_params_trigger_ui to None, run_after=None
[2025-10-23T12:10:14.268+0000] {processor.py:183} INFO - Processing /home/khaled/dbt-env/lib/python3.12/site-packages/airflow/example_dags/example_params_trigger_ui.py took 0.084 seconds
