[2025-10-23T11:39:11.873+0000] {processor.py:161} INFO - Started process (PID=5933) to work on /home/khaled/dbt-env/lib/python3.12/site-packages/airflow/example_dags/example_setup_teardown_taskflow.py
[2025-10-23T11:39:11.876+0000] {processor.py:830} INFO - Processing file /home/khaled/dbt-env/lib/python3.12/site-packages/airflow/example_dags/example_setup_teardown_taskflow.py for tasks to queue
[2025-10-23T11:39:11.881+0000] {logging_mixin.py:188} INFO - [2025-10-23T11:39:11.880+0000] {dagbag.py:545} INFO - Filling up the DagBag from /home/khaled/dbt-env/lib/python3.12/site-packages/airflow/example_dags/example_setup_teardown_taskflow.py
[2025-10-23T11:39:11.890+0000] {processor.py:840} INFO - DAG(s) 'example_setup_teardown_taskflow' retrieved from /home/khaled/dbt-env/lib/python3.12/site-packages/airflow/example_dags/example_setup_teardown_taskflow.py
[2025-10-23T11:39:11.917+0000] {logging_mixin.py:188} INFO - [2025-10-23T11:39:11.917+0000] {dag.py:3089} INFO - Sync 1 DAGs
[2025-10-23T11:39:11.935+0000] {logging_mixin.py:188} INFO - [2025-10-23T11:39:11.935+0000] {dag.py:3947} INFO - Setting next_dagrun for example_setup_teardown_taskflow to 2025-10-22 00:00:00+00:00, run_after=2025-10-23 00:00:00+00:00
[2025-10-23T11:39:11.957+0000] {processor.py:183} INFO - Processing /home/khaled/dbt-env/lib/python3.12/site-packages/airflow/example_dags/example_setup_teardown_taskflow.py took 0.108 seconds
[2025-10-23T11:54:49.235+0000] {processor.py:161} INFO - Started process (PID=9508) to work on /home/khaled/dbt-env/lib/python3.12/site-packages/airflow/example_dags/example_setup_teardown_taskflow.py
[2025-10-23T11:54:49.247+0000] {processor.py:830} INFO - Processing file /home/khaled/dbt-env/lib/python3.12/site-packages/airflow/example_dags/example_setup_teardown_taskflow.py for tasks to queue
[2025-10-23T11:54:49.248+0000] {logging_mixin.py:188} INFO - [2025-10-23T11:54:49.248+0000] {dagbag.py:545} INFO - Filling up the DagBag from /home/khaled/dbt-env/lib/python3.12/site-packages/airflow/example_dags/example_setup_teardown_taskflow.py
[2025-10-23T11:54:49.255+0000] {processor.py:840} INFO - DAG(s) 'example_setup_teardown_taskflow' retrieved from /home/khaled/dbt-env/lib/python3.12/site-packages/airflow/example_dags/example_setup_teardown_taskflow.py
[2025-10-23T11:54:49.268+0000] {logging_mixin.py:188} INFO - [2025-10-23T11:54:49.268+0000] {dag.py:3089} INFO - Sync 1 DAGs
[2025-10-23T11:54:49.282+0000] {logging_mixin.py:188} INFO - [2025-10-23T11:54:49.282+0000] {dag.py:3947} INFO - Setting next_dagrun for example_setup_teardown_taskflow to 2025-10-22 00:00:00+00:00, run_after=2025-10-23 00:00:00+00:00
[2025-10-23T11:54:49.305+0000] {processor.py:183} INFO - Processing /home/khaled/dbt-env/lib/python3.12/site-packages/airflow/example_dags/example_setup_teardown_taskflow.py took 0.073 seconds
[2025-10-23T11:55:45.820+0000] {processor.py:161} INFO - Started process (PID=9743) to work on /home/khaled/dbt-env/lib/python3.12/site-packages/airflow/example_dags/example_setup_teardown_taskflow.py
[2025-10-23T11:55:45.836+0000] {processor.py:830} INFO - Processing file /home/khaled/dbt-env/lib/python3.12/site-packages/airflow/example_dags/example_setup_teardown_taskflow.py for tasks to queue
[2025-10-23T11:55:45.843+0000] {logging_mixin.py:188} INFO - [2025-10-23T11:55:45.842+0000] {dagbag.py:545} INFO - Filling up the DagBag from /home/khaled/dbt-env/lib/python3.12/site-packages/airflow/example_dags/example_setup_teardown_taskflow.py
[2025-10-23T11:55:45.852+0000] {processor.py:840} INFO - DAG(s) 'example_setup_teardown_taskflow' retrieved from /home/khaled/dbt-env/lib/python3.12/site-packages/airflow/example_dags/example_setup_teardown_taskflow.py
[2025-10-23T11:55:45.884+0000] {logging_mixin.py:188} INFO - [2025-10-23T11:55:45.883+0000] {dag.py:3089} INFO - Sync 1 DAGs
[2025-10-23T11:55:45.951+0000] {logging_mixin.py:188} INFO - [2025-10-23T11:55:45.951+0000] {dag.py:3947} INFO - Setting next_dagrun for example_setup_teardown_taskflow to 2025-10-22 00:00:00+00:00, run_after=2025-10-23 00:00:00+00:00
[2025-10-23T11:55:46.122+0000] {processor.py:183} INFO - Processing /home/khaled/dbt-env/lib/python3.12/site-packages/airflow/example_dags/example_setup_teardown_taskflow.py took 0.316 seconds
[2025-10-23T11:57:19.088+0000] {processor.py:161} INFO - Started process (PID=9983) to work on /home/khaled/dbt-env/lib/python3.12/site-packages/airflow/example_dags/example_setup_teardown_taskflow.py
[2025-10-23T11:57:19.090+0000] {processor.py:830} INFO - Processing file /home/khaled/dbt-env/lib/python3.12/site-packages/airflow/example_dags/example_setup_teardown_taskflow.py for tasks to queue
[2025-10-23T11:57:19.091+0000] {logging_mixin.py:188} INFO - [2025-10-23T11:57:19.091+0000] {dagbag.py:545} INFO - Filling up the DagBag from /home/khaled/dbt-env/lib/python3.12/site-packages/airflow/example_dags/example_setup_teardown_taskflow.py
[2025-10-23T11:57:19.099+0000] {processor.py:840} INFO - DAG(s) 'example_setup_teardown_taskflow' retrieved from /home/khaled/dbt-env/lib/python3.12/site-packages/airflow/example_dags/example_setup_teardown_taskflow.py
[2025-10-23T11:57:19.111+0000] {logging_mixin.py:188} INFO - [2025-10-23T11:57:19.111+0000] {dag.py:3089} INFO - Sync 1 DAGs
[2025-10-23T11:57:19.126+0000] {logging_mixin.py:188} INFO - [2025-10-23T11:57:19.126+0000] {dag.py:3947} INFO - Setting next_dagrun for example_setup_teardown_taskflow to 2025-10-22 00:00:00+00:00, run_after=2025-10-23 00:00:00+00:00
[2025-10-23T11:57:19.146+0000] {processor.py:183} INFO - Processing /home/khaled/dbt-env/lib/python3.12/site-packages/airflow/example_dags/example_setup_teardown_taskflow.py took 0.062 seconds
[2025-10-23T11:58:13.371+0000] {processor.py:161} INFO - Started process (PID=10049) to work on /home/khaled/dbt-env/lib/python3.12/site-packages/airflow/example_dags/example_setup_teardown_taskflow.py
[2025-10-23T11:58:13.374+0000] {processor.py:830} INFO - Processing file /home/khaled/dbt-env/lib/python3.12/site-packages/airflow/example_dags/example_setup_teardown_taskflow.py for tasks to queue
[2025-10-23T11:58:13.377+0000] {logging_mixin.py:188} INFO - [2025-10-23T11:58:13.376+0000] {dagbag.py:545} INFO - Filling up the DagBag from /home/khaled/dbt-env/lib/python3.12/site-packages/airflow/example_dags/example_setup_teardown_taskflow.py
[2025-10-23T11:58:13.390+0000] {processor.py:840} INFO - DAG(s) 'example_setup_teardown_taskflow' retrieved from /home/khaled/dbt-env/lib/python3.12/site-packages/airflow/example_dags/example_setup_teardown_taskflow.py
[2025-10-23T11:58:13.428+0000] {logging_mixin.py:188} INFO - [2025-10-23T11:58:13.428+0000] {dag.py:3089} INFO - Sync 1 DAGs
[2025-10-23T11:58:13.462+0000] {logging_mixin.py:188} INFO - [2025-10-23T11:58:13.462+0000] {dag.py:3947} INFO - Setting next_dagrun for example_setup_teardown_taskflow to 2025-10-22 00:00:00+00:00, run_after=2025-10-23 00:00:00+00:00
[2025-10-23T11:58:13.488+0000] {processor.py:183} INFO - Processing /home/khaled/dbt-env/lib/python3.12/site-packages/airflow/example_dags/example_setup_teardown_taskflow.py took 0.124 seconds
[2025-10-23T11:59:10.799+0000] {processor.py:161} INFO - Started process (PID=10169) to work on /home/khaled/dbt-env/lib/python3.12/site-packages/airflow/example_dags/example_setup_teardown_taskflow.py
[2025-10-23T11:59:10.810+0000] {processor.py:830} INFO - Processing file /home/khaled/dbt-env/lib/python3.12/site-packages/airflow/example_dags/example_setup_teardown_taskflow.py for tasks to queue
[2025-10-23T11:59:10.836+0000] {logging_mixin.py:188} INFO - [2025-10-23T11:59:10.831+0000] {dagbag.py:545} INFO - Filling up the DagBag from /home/khaled/dbt-env/lib/python3.12/site-packages/airflow/example_dags/example_setup_teardown_taskflow.py
[2025-10-23T11:59:10.961+0000] {processor.py:840} INFO - DAG(s) 'example_setup_teardown_taskflow' retrieved from /home/khaled/dbt-env/lib/python3.12/site-packages/airflow/example_dags/example_setup_teardown_taskflow.py
[2025-10-23T11:59:11.119+0000] {logging_mixin.py:188} INFO - [2025-10-23T11:59:11.118+0000] {dag.py:3089} INFO - Sync 1 DAGs
[2025-10-23T11:59:11.408+0000] {logging_mixin.py:188} INFO - [2025-10-23T11:59:11.404+0000] {dag.py:3947} INFO - Setting next_dagrun for example_setup_teardown_taskflow to 2025-10-22 00:00:00+00:00, run_after=2025-10-23 00:00:00+00:00
[2025-10-23T11:59:11.785+0000] {processor.py:183} INFO - Processing /home/khaled/dbt-env/lib/python3.12/site-packages/airflow/example_dags/example_setup_teardown_taskflow.py took 1.016 seconds
[2025-10-23T12:00:19.127+0000] {processor.py:161} INFO - Started process (PID=10216) to work on /home/khaled/dbt-env/lib/python3.12/site-packages/airflow/example_dags/example_setup_teardown_taskflow.py
[2025-10-23T12:00:19.133+0000] {processor.py:830} INFO - Processing file /home/khaled/dbt-env/lib/python3.12/site-packages/airflow/example_dags/example_setup_teardown_taskflow.py for tasks to queue
[2025-10-23T12:00:19.135+0000] {logging_mixin.py:188} INFO - [2025-10-23T12:00:19.134+0000] {dagbag.py:545} INFO - Filling up the DagBag from /home/khaled/dbt-env/lib/python3.12/site-packages/airflow/example_dags/example_setup_teardown_taskflow.py
[2025-10-23T12:00:19.142+0000] {processor.py:840} INFO - DAG(s) 'example_setup_teardown_taskflow' retrieved from /home/khaled/dbt-env/lib/python3.12/site-packages/airflow/example_dags/example_setup_teardown_taskflow.py
[2025-10-23T12:00:19.174+0000] {logging_mixin.py:188} INFO - [2025-10-23T12:00:19.173+0000] {dag.py:3089} INFO - Sync 1 DAGs
[2025-10-23T12:00:19.204+0000] {logging_mixin.py:188} INFO - [2025-10-23T12:00:19.203+0000] {dag.py:3947} INFO - Setting next_dagrun for example_setup_teardown_taskflow to 2025-10-22 00:00:00+00:00, run_after=2025-10-23 00:00:00+00:00
[2025-10-23T12:00:19.225+0000] {processor.py:183} INFO - Processing /home/khaled/dbt-env/lib/python3.12/site-packages/airflow/example_dags/example_setup_teardown_taskflow.py took 0.103 seconds
[2025-10-23T12:01:10.112+0000] {processor.py:161} INFO - Started process (PID=10352) to work on /home/khaled/dbt-env/lib/python3.12/site-packages/airflow/example_dags/example_setup_teardown_taskflow.py
[2025-10-23T12:01:10.113+0000] {processor.py:830} INFO - Processing file /home/khaled/dbt-env/lib/python3.12/site-packages/airflow/example_dags/example_setup_teardown_taskflow.py for tasks to queue
[2025-10-23T12:01:10.116+0000] {logging_mixin.py:188} INFO - [2025-10-23T12:01:10.115+0000] {dagbag.py:545} INFO - Filling up the DagBag from /home/khaled/dbt-env/lib/python3.12/site-packages/airflow/example_dags/example_setup_teardown_taskflow.py
[2025-10-23T12:01:10.143+0000] {processor.py:840} INFO - DAG(s) 'example_setup_teardown_taskflow' retrieved from /home/khaled/dbt-env/lib/python3.12/site-packages/airflow/example_dags/example_setup_teardown_taskflow.py
[2025-10-23T12:01:10.186+0000] {logging_mixin.py:188} INFO - [2025-10-23T12:01:10.186+0000] {dag.py:3089} INFO - Sync 1 DAGs
[2025-10-23T12:01:10.238+0000] {logging_mixin.py:188} INFO - [2025-10-23T12:01:10.237+0000] {dag.py:3947} INFO - Setting next_dagrun for example_setup_teardown_taskflow to 2025-10-22 00:00:00+00:00, run_after=2025-10-23 00:00:00+00:00
[2025-10-23T12:01:10.265+0000] {processor.py:183} INFO - Processing /home/khaled/dbt-env/lib/python3.12/site-packages/airflow/example_dags/example_setup_teardown_taskflow.py took 0.165 seconds
[2025-10-23T12:02:41.366+0000] {processor.py:161} INFO - Started process (PID=10641) to work on /home/khaled/dbt-env/lib/python3.12/site-packages/airflow/example_dags/example_setup_teardown_taskflow.py
[2025-10-23T12:02:41.377+0000] {processor.py:830} INFO - Processing file /home/khaled/dbt-env/lib/python3.12/site-packages/airflow/example_dags/example_setup_teardown_taskflow.py for tasks to queue
[2025-10-23T12:02:41.382+0000] {logging_mixin.py:188} INFO - [2025-10-23T12:02:41.381+0000] {dagbag.py:545} INFO - Filling up the DagBag from /home/khaled/dbt-env/lib/python3.12/site-packages/airflow/example_dags/example_setup_teardown_taskflow.py
[2025-10-23T12:02:41.413+0000] {processor.py:840} INFO - DAG(s) 'example_setup_teardown_taskflow' retrieved from /home/khaled/dbt-env/lib/python3.12/site-packages/airflow/example_dags/example_setup_teardown_taskflow.py
[2025-10-23T12:02:41.449+0000] {logging_mixin.py:188} INFO - [2025-10-23T12:02:41.449+0000] {dag.py:3089} INFO - Sync 1 DAGs
[2025-10-23T12:02:41.490+0000] {logging_mixin.py:188} INFO - [2025-10-23T12:02:41.489+0000] {dag.py:3947} INFO - Setting next_dagrun for example_setup_teardown_taskflow to 2025-10-22 00:00:00+00:00, run_after=2025-10-23 00:00:00+00:00
[2025-10-23T12:02:41.515+0000] {processor.py:183} INFO - Processing /home/khaled/dbt-env/lib/python3.12/site-packages/airflow/example_dags/example_setup_teardown_taskflow.py took 0.183 seconds
[2025-10-23T12:03:48.009+0000] {processor.py:161} INFO - Started process (PID=10744) to work on /home/khaled/dbt-env/lib/python3.12/site-packages/airflow/example_dags/example_setup_teardown_taskflow.py
[2025-10-23T12:03:48.019+0000] {processor.py:830} INFO - Processing file /home/khaled/dbt-env/lib/python3.12/site-packages/airflow/example_dags/example_setup_teardown_taskflow.py for tasks to queue
[2025-10-23T12:03:48.021+0000] {logging_mixin.py:188} INFO - [2025-10-23T12:03:48.020+0000] {dagbag.py:545} INFO - Filling up the DagBag from /home/khaled/dbt-env/lib/python3.12/site-packages/airflow/example_dags/example_setup_teardown_taskflow.py
[2025-10-23T12:03:48.030+0000] {processor.py:840} INFO - DAG(s) 'example_setup_teardown_taskflow' retrieved from /home/khaled/dbt-env/lib/python3.12/site-packages/airflow/example_dags/example_setup_teardown_taskflow.py
[2025-10-23T12:03:48.041+0000] {logging_mixin.py:188} INFO - [2025-10-23T12:03:48.041+0000] {dag.py:3089} INFO - Sync 1 DAGs
[2025-10-23T12:03:48.061+0000] {logging_mixin.py:188} INFO - [2025-10-23T12:03:48.061+0000] {dag.py:3947} INFO - Setting next_dagrun for example_setup_teardown_taskflow to 2025-10-22 00:00:00+00:00, run_after=2025-10-23 00:00:00+00:00
[2025-10-23T12:03:48.080+0000] {processor.py:183} INFO - Processing /home/khaled/dbt-env/lib/python3.12/site-packages/airflow/example_dags/example_setup_teardown_taskflow.py took 0.075 seconds
[2025-10-23T12:04:58.978+0000] {processor.py:161} INFO - Started process (PID=11087) to work on /home/khaled/dbt-env/lib/python3.12/site-packages/airflow/example_dags/example_setup_teardown_taskflow.py
[2025-10-23T12:04:58.980+0000] {processor.py:830} INFO - Processing file /home/khaled/dbt-env/lib/python3.12/site-packages/airflow/example_dags/example_setup_teardown_taskflow.py for tasks to queue
[2025-10-23T12:04:58.981+0000] {logging_mixin.py:188} INFO - [2025-10-23T12:04:58.981+0000] {dagbag.py:545} INFO - Filling up the DagBag from /home/khaled/dbt-env/lib/python3.12/site-packages/airflow/example_dags/example_setup_teardown_taskflow.py
[2025-10-23T12:04:58.989+0000] {processor.py:840} INFO - DAG(s) 'example_setup_teardown_taskflow' retrieved from /home/khaled/dbt-env/lib/python3.12/site-packages/airflow/example_dags/example_setup_teardown_taskflow.py
[2025-10-23T12:04:59.004+0000] {logging_mixin.py:188} INFO - [2025-10-23T12:04:59.003+0000] {dag.py:3089} INFO - Sync 1 DAGs
[2025-10-23T12:04:59.020+0000] {logging_mixin.py:188} INFO - [2025-10-23T12:04:59.020+0000] {dag.py:3947} INFO - Setting next_dagrun for example_setup_teardown_taskflow to 2025-10-22 00:00:00+00:00, run_after=2025-10-23 00:00:00+00:00
[2025-10-23T12:04:59.043+0000] {processor.py:183} INFO - Processing /home/khaled/dbt-env/lib/python3.12/site-packages/airflow/example_dags/example_setup_teardown_taskflow.py took 0.070 seconds
[2025-10-23T12:05:44.556+0000] {processor.py:161} INFO - Started process (PID=11224) to work on /home/khaled/dbt-env/lib/python3.12/site-packages/airflow/example_dags/example_setup_teardown_taskflow.py
[2025-10-23T12:05:44.557+0000] {processor.py:830} INFO - Processing file /home/khaled/dbt-env/lib/python3.12/site-packages/airflow/example_dags/example_setup_teardown_taskflow.py for tasks to queue
[2025-10-23T12:05:44.559+0000] {logging_mixin.py:188} INFO - [2025-10-23T12:05:44.558+0000] {dagbag.py:545} INFO - Filling up the DagBag from /home/khaled/dbt-env/lib/python3.12/site-packages/airflow/example_dags/example_setup_teardown_taskflow.py
[2025-10-23T12:05:44.566+0000] {processor.py:840} INFO - DAG(s) 'example_setup_teardown_taskflow' retrieved from /home/khaled/dbt-env/lib/python3.12/site-packages/airflow/example_dags/example_setup_teardown_taskflow.py
[2025-10-23T12:05:44.579+0000] {logging_mixin.py:188} INFO - [2025-10-23T12:05:44.579+0000] {dag.py:3089} INFO - Sync 1 DAGs
[2025-10-23T12:05:44.594+0000] {logging_mixin.py:188} INFO - [2025-10-23T12:05:44.594+0000] {dag.py:3947} INFO - Setting next_dagrun for example_setup_teardown_taskflow to 2025-10-22 00:00:00+00:00, run_after=2025-10-23 00:00:00+00:00
[2025-10-23T12:05:44.614+0000] {processor.py:183} INFO - Processing /home/khaled/dbt-env/lib/python3.12/site-packages/airflow/example_dags/example_setup_teardown_taskflow.py took 0.064 seconds
[2025-10-23T12:06:31.160+0000] {processor.py:161} INFO - Started process (PID=11289) to work on /home/khaled/dbt-env/lib/python3.12/site-packages/airflow/example_dags/example_setup_teardown_taskflow.py
[2025-10-23T12:06:31.162+0000] {processor.py:830} INFO - Processing file /home/khaled/dbt-env/lib/python3.12/site-packages/airflow/example_dags/example_setup_teardown_taskflow.py for tasks to queue
[2025-10-23T12:06:31.163+0000] {logging_mixin.py:188} INFO - [2025-10-23T12:06:31.163+0000] {dagbag.py:545} INFO - Filling up the DagBag from /home/khaled/dbt-env/lib/python3.12/site-packages/airflow/example_dags/example_setup_teardown_taskflow.py
[2025-10-23T12:06:31.170+0000] {processor.py:840} INFO - DAG(s) 'example_setup_teardown_taskflow' retrieved from /home/khaled/dbt-env/lib/python3.12/site-packages/airflow/example_dags/example_setup_teardown_taskflow.py
[2025-10-23T12:06:31.183+0000] {logging_mixin.py:188} INFO - [2025-10-23T12:06:31.182+0000] {dag.py:3089} INFO - Sync 1 DAGs
[2025-10-23T12:06:31.196+0000] {logging_mixin.py:188} INFO - [2025-10-23T12:06:31.196+0000] {dag.py:3947} INFO - Setting next_dagrun for example_setup_teardown_taskflow to 2025-10-22 00:00:00+00:00, run_after=2025-10-23 00:00:00+00:00
[2025-10-23T12:06:31.229+0000] {processor.py:183} INFO - Processing /home/khaled/dbt-env/lib/python3.12/site-packages/airflow/example_dags/example_setup_teardown_taskflow.py took 0.073 seconds
[2025-10-23T12:07:13.699+0000] {processor.py:161} INFO - Started process (PID=11341) to work on /home/khaled/dbt-env/lib/python3.12/site-packages/airflow/example_dags/example_setup_teardown_taskflow.py
[2025-10-23T12:07:13.701+0000] {processor.py:830} INFO - Processing file /home/khaled/dbt-env/lib/python3.12/site-packages/airflow/example_dags/example_setup_teardown_taskflow.py for tasks to queue
[2025-10-23T12:07:13.702+0000] {logging_mixin.py:188} INFO - [2025-10-23T12:07:13.702+0000] {dagbag.py:545} INFO - Filling up the DagBag from /home/khaled/dbt-env/lib/python3.12/site-packages/airflow/example_dags/example_setup_teardown_taskflow.py
[2025-10-23T12:07:13.709+0000] {processor.py:840} INFO - DAG(s) 'example_setup_teardown_taskflow' retrieved from /home/khaled/dbt-env/lib/python3.12/site-packages/airflow/example_dags/example_setup_teardown_taskflow.py
[2025-10-23T12:07:13.723+0000] {logging_mixin.py:188} INFO - [2025-10-23T12:07:13.722+0000] {dag.py:3089} INFO - Sync 1 DAGs
[2025-10-23T12:07:13.737+0000] {logging_mixin.py:188} INFO - [2025-10-23T12:07:13.737+0000] {dag.py:3947} INFO - Setting next_dagrun for example_setup_teardown_taskflow to 2025-10-22 00:00:00+00:00, run_after=2025-10-23 00:00:00+00:00
[2025-10-23T12:07:13.867+0000] {processor.py:183} INFO - Processing /home/khaled/dbt-env/lib/python3.12/site-packages/airflow/example_dags/example_setup_teardown_taskflow.py took 0.173 seconds
[2025-10-23T12:08:01.152+0000] {processor.py:161} INFO - Started process (PID=11406) to work on /home/khaled/dbt-env/lib/python3.12/site-packages/airflow/example_dags/example_setup_teardown_taskflow.py
[2025-10-23T12:08:01.155+0000] {processor.py:830} INFO - Processing file /home/khaled/dbt-env/lib/python3.12/site-packages/airflow/example_dags/example_setup_teardown_taskflow.py for tasks to queue
[2025-10-23T12:08:01.157+0000] {logging_mixin.py:188} INFO - [2025-10-23T12:08:01.157+0000] {dagbag.py:545} INFO - Filling up the DagBag from /home/khaled/dbt-env/lib/python3.12/site-packages/airflow/example_dags/example_setup_teardown_taskflow.py
[2025-10-23T12:08:01.180+0000] {processor.py:840} INFO - DAG(s) 'example_setup_teardown_taskflow' retrieved from /home/khaled/dbt-env/lib/python3.12/site-packages/airflow/example_dags/example_setup_teardown_taskflow.py
[2025-10-23T12:08:01.224+0000] {logging_mixin.py:188} INFO - [2025-10-23T12:08:01.223+0000] {dag.py:3089} INFO - Sync 1 DAGs
[2025-10-23T12:08:01.279+0000] {logging_mixin.py:188} INFO - [2025-10-23T12:08:01.279+0000] {dag.py:3947} INFO - Setting next_dagrun for example_setup_teardown_taskflow to 2025-10-22 00:00:00+00:00, run_after=2025-10-23 00:00:00+00:00
[2025-10-23T12:08:01.370+0000] {processor.py:183} INFO - Processing /home/khaled/dbt-env/lib/python3.12/site-packages/airflow/example_dags/example_setup_teardown_taskflow.py took 0.232 seconds
[2025-10-23T12:08:50.575+0000] {processor.py:161} INFO - Started process (PID=11517) to work on /home/khaled/dbt-env/lib/python3.12/site-packages/airflow/example_dags/example_setup_teardown_taskflow.py
[2025-10-23T12:08:50.576+0000] {processor.py:830} INFO - Processing file /home/khaled/dbt-env/lib/python3.12/site-packages/airflow/example_dags/example_setup_teardown_taskflow.py for tasks to queue
[2025-10-23T12:08:50.578+0000] {logging_mixin.py:188} INFO - [2025-10-23T12:08:50.577+0000] {dagbag.py:545} INFO - Filling up the DagBag from /home/khaled/dbt-env/lib/python3.12/site-packages/airflow/example_dags/example_setup_teardown_taskflow.py
[2025-10-23T12:08:50.586+0000] {processor.py:840} INFO - DAG(s) 'example_setup_teardown_taskflow' retrieved from /home/khaled/dbt-env/lib/python3.12/site-packages/airflow/example_dags/example_setup_teardown_taskflow.py
[2025-10-23T12:08:50.715+0000] {logging_mixin.py:188} INFO - [2025-10-23T12:08:50.715+0000] {dag.py:3089} INFO - Sync 1 DAGs
[2025-10-23T12:08:50.730+0000] {logging_mixin.py:188} INFO - [2025-10-23T12:08:50.730+0000] {dag.py:3947} INFO - Setting next_dagrun for example_setup_teardown_taskflow to 2025-10-22 00:00:00+00:00, run_after=2025-10-23 00:00:00+00:00
[2025-10-23T12:08:50.760+0000] {processor.py:183} INFO - Processing /home/khaled/dbt-env/lib/python3.12/site-packages/airflow/example_dags/example_setup_teardown_taskflow.py took 0.189 seconds
[2025-10-23T12:09:39.874+0000] {processor.py:161} INFO - Started process (PID=11625) to work on /home/khaled/dbt-env/lib/python3.12/site-packages/airflow/example_dags/example_setup_teardown_taskflow.py
[2025-10-23T12:09:39.875+0000] {processor.py:830} INFO - Processing file /home/khaled/dbt-env/lib/python3.12/site-packages/airflow/example_dags/example_setup_teardown_taskflow.py for tasks to queue
[2025-10-23T12:09:39.877+0000] {logging_mixin.py:188} INFO - [2025-10-23T12:09:39.876+0000] {dagbag.py:545} INFO - Filling up the DagBag from /home/khaled/dbt-env/lib/python3.12/site-packages/airflow/example_dags/example_setup_teardown_taskflow.py
[2025-10-23T12:09:39.884+0000] {processor.py:840} INFO - DAG(s) 'example_setup_teardown_taskflow' retrieved from /home/khaled/dbt-env/lib/python3.12/site-packages/airflow/example_dags/example_setup_teardown_taskflow.py
[2025-10-23T12:09:39.898+0000] {logging_mixin.py:188} INFO - [2025-10-23T12:09:39.898+0000] {dag.py:3089} INFO - Sync 1 DAGs
[2025-10-23T12:09:39.913+0000] {logging_mixin.py:188} INFO - [2025-10-23T12:09:39.912+0000] {dag.py:3947} INFO - Setting next_dagrun for example_setup_teardown_taskflow to 2025-10-22 00:00:00+00:00, run_after=2025-10-23 00:00:00+00:00
[2025-10-23T12:09:39.944+0000] {processor.py:183} INFO - Processing /home/khaled/dbt-env/lib/python3.12/site-packages/airflow/example_dags/example_setup_teardown_taskflow.py took 0.077 seconds
[2025-10-23T12:10:26.027+0000] {processor.py:161} INFO - Started process (PID=11681) to work on /home/khaled/dbt-env/lib/python3.12/site-packages/airflow/example_dags/example_setup_teardown_taskflow.py
[2025-10-23T12:10:26.028+0000] {processor.py:830} INFO - Processing file /home/khaled/dbt-env/lib/python3.12/site-packages/airflow/example_dags/example_setup_teardown_taskflow.py for tasks to queue
[2025-10-23T12:10:26.030+0000] {logging_mixin.py:188} INFO - [2025-10-23T12:10:26.030+0000] {dagbag.py:545} INFO - Filling up the DagBag from /home/khaled/dbt-env/lib/python3.12/site-packages/airflow/example_dags/example_setup_teardown_taskflow.py
[2025-10-23T12:10:26.039+0000] {processor.py:840} INFO - DAG(s) 'example_setup_teardown_taskflow' retrieved from /home/khaled/dbt-env/lib/python3.12/site-packages/airflow/example_dags/example_setup_teardown_taskflow.py
[2025-10-23T12:10:26.055+0000] {logging_mixin.py:188} INFO - [2025-10-23T12:10:26.055+0000] {dag.py:3089} INFO - Sync 1 DAGs
[2025-10-23T12:10:26.071+0000] {logging_mixin.py:188} INFO - [2025-10-23T12:10:26.071+0000] {dag.py:3947} INFO - Setting next_dagrun for example_setup_teardown_taskflow to 2025-10-22 00:00:00+00:00, run_after=2025-10-23 00:00:00+00:00
[2025-10-23T12:10:26.104+0000] {processor.py:183} INFO - Processing /home/khaled/dbt-env/lib/python3.12/site-packages/airflow/example_dags/example_setup_teardown_taskflow.py took 0.082 seconds
