[2025-10-23T11:39:33.812+0000] {processor.py:161} INFO - Started process (PID=5960) to work on /home/khaled/dbt-env/lib/python3.12/site-packages/airflow/example_dags/example_branch_python_dop_operator_3.py
[2025-10-23T11:39:33.813+0000] {processor.py:830} INFO - Processing file /home/khaled/dbt-env/lib/python3.12/site-packages/airflow/example_dags/example_branch_python_dop_operator_3.py for tasks to queue
[2025-10-23T11:39:33.815+0000] {logging_mixin.py:188} INFO - [2025-10-23T11:39:33.814+0000] {dagbag.py:545} INFO - Filling up the DagBag from /home/khaled/dbt-env/lib/python3.12/site-packages/airflow/example_dags/example_branch_python_dop_operator_3.py
[2025-10-23T11:39:33.822+0000] {processor.py:840} INFO - DAG(s) 'example_branch_dop_operator_v3' retrieved from /home/khaled/dbt-env/lib/python3.12/site-packages/airflow/example_dags/example_branch_python_dop_operator_3.py
[2025-10-23T11:39:33.836+0000] {logging_mixin.py:188} INFO - [2025-10-23T11:39:33.836+0000] {dag.py:3089} INFO - Sync 1 DAGs
[2025-10-23T11:39:33.852+0000] {logging_mixin.py:188} INFO - [2025-10-23T11:39:33.852+0000] {dag.py:3947} INFO - Setting next_dagrun for example_branch_dop_operator_v3 to 2025-10-23 11:38:00+00:00, run_after=2025-10-23 11:39:00+00:00
[2025-10-23T11:39:33.885+0000] {processor.py:183} INFO - Processing /home/khaled/dbt-env/lib/python3.12/site-packages/airflow/example_dags/example_branch_python_dop_operator_3.py took 0.078 seconds
[2025-10-23T11:55:08.538+0000] {processor.py:161} INFO - Started process (PID=9569) to work on /home/khaled/dbt-env/lib/python3.12/site-packages/airflow/example_dags/example_branch_python_dop_operator_3.py
[2025-10-23T11:55:08.550+0000] {processor.py:830} INFO - Processing file /home/khaled/dbt-env/lib/python3.12/site-packages/airflow/example_dags/example_branch_python_dop_operator_3.py for tasks to queue
[2025-10-23T11:55:08.553+0000] {logging_mixin.py:188} INFO - [2025-10-23T11:55:08.552+0000] {dagbag.py:545} INFO - Filling up the DagBag from /home/khaled/dbt-env/lib/python3.12/site-packages/airflow/example_dags/example_branch_python_dop_operator_3.py
[2025-10-23T11:55:08.559+0000] {processor.py:840} INFO - DAG(s) 'example_branch_dop_operator_v3' retrieved from /home/khaled/dbt-env/lib/python3.12/site-packages/airflow/example_dags/example_branch_python_dop_operator_3.py
[2025-10-23T11:55:08.571+0000] {logging_mixin.py:188} INFO - [2025-10-23T11:55:08.571+0000] {dag.py:3089} INFO - Sync 1 DAGs
[2025-10-23T11:55:08.587+0000] {logging_mixin.py:188} INFO - [2025-10-23T11:55:08.587+0000] {dag.py:3947} INFO - Setting next_dagrun for example_branch_dop_operator_v3 to 2025-10-23 11:54:00+00:00, run_after=2025-10-23 11:55:00+00:00
[2025-10-23T11:55:08.613+0000] {processor.py:183} INFO - Processing /home/khaled/dbt-env/lib/python3.12/site-packages/airflow/example_dags/example_branch_python_dop_operator_3.py took 0.079 seconds
[2025-10-23T11:56:21.880+0000] {processor.py:161} INFO - Started process (PID=9938) to work on /home/khaled/dbt-env/lib/python3.12/site-packages/airflow/example_dags/example_branch_python_dop_operator_3.py
[2025-10-23T11:56:21.885+0000] {processor.py:830} INFO - Processing file /home/khaled/dbt-env/lib/python3.12/site-packages/airflow/example_dags/example_branch_python_dop_operator_3.py for tasks to queue
[2025-10-23T11:56:21.890+0000] {logging_mixin.py:188} INFO - [2025-10-23T11:56:21.889+0000] {dagbag.py:545} INFO - Filling up the DagBag from /home/khaled/dbt-env/lib/python3.12/site-packages/airflow/example_dags/example_branch_python_dop_operator_3.py
[2025-10-23T11:56:21.902+0000] {processor.py:840} INFO - DAG(s) 'example_branch_dop_operator_v3' retrieved from /home/khaled/dbt-env/lib/python3.12/site-packages/airflow/example_dags/example_branch_python_dop_operator_3.py
[2025-10-23T11:56:21.935+0000] {logging_mixin.py:188} INFO - [2025-10-23T11:56:21.930+0000] {dag.py:3089} INFO - Sync 1 DAGs
[2025-10-23T11:56:21.968+0000] {logging_mixin.py:188} INFO - [2025-10-23T11:56:21.968+0000] {dag.py:3947} INFO - Setting next_dagrun for example_branch_dop_operator_v3 to 2025-10-23 11:55:00+00:00, run_after=2025-10-23 11:56:00+00:00
[2025-10-23T11:56:22.057+0000] {processor.py:183} INFO - Processing /home/khaled/dbt-env/lib/python3.12/site-packages/airflow/example_dags/example_branch_python_dop_operator_3.py took 0.186 seconds
[2025-10-23T11:57:56.893+0000] {processor.py:161} INFO - Started process (PID=10029) to work on /home/khaled/dbt-env/lib/python3.12/site-packages/airflow/example_dags/example_branch_python_dop_operator_3.py
[2025-10-23T11:57:56.907+0000] {processor.py:830} INFO - Processing file /home/khaled/dbt-env/lib/python3.12/site-packages/airflow/example_dags/example_branch_python_dop_operator_3.py for tasks to queue
[2025-10-23T11:57:56.909+0000] {logging_mixin.py:188} INFO - [2025-10-23T11:57:56.909+0000] {dagbag.py:545} INFO - Filling up the DagBag from /home/khaled/dbt-env/lib/python3.12/site-packages/airflow/example_dags/example_branch_python_dop_operator_3.py
[2025-10-23T11:57:56.921+0000] {processor.py:840} INFO - DAG(s) 'example_branch_dop_operator_v3' retrieved from /home/khaled/dbt-env/lib/python3.12/site-packages/airflow/example_dags/example_branch_python_dop_operator_3.py
[2025-10-23T11:57:56.946+0000] {logging_mixin.py:188} INFO - [2025-10-23T11:57:56.945+0000] {dag.py:3089} INFO - Sync 1 DAGs
[2025-10-23T11:57:56.964+0000] {logging_mixin.py:188} INFO - [2025-10-23T11:57:56.964+0000] {dag.py:3947} INFO - Setting next_dagrun for example_branch_dop_operator_v3 to 2025-10-23 11:56:00+00:00, run_after=2025-10-23 11:57:00+00:00
[2025-10-23T11:57:56.983+0000] {processor.py:183} INFO - Processing /home/khaled/dbt-env/lib/python3.12/site-packages/airflow/example_dags/example_branch_python_dop_operator_3.py took 0.100 seconds
[2025-10-23T11:59:32.880+0000] {processor.py:161} INFO - Started process (PID=10182) to work on /home/khaled/dbt-env/lib/python3.12/site-packages/airflow/example_dags/example_branch_python_dop_operator_3.py
[2025-10-23T11:59:32.894+0000] {processor.py:830} INFO - Processing file /home/khaled/dbt-env/lib/python3.12/site-packages/airflow/example_dags/example_branch_python_dop_operator_3.py for tasks to queue
[2025-10-23T11:59:32.959+0000] {logging_mixin.py:188} INFO - [2025-10-23T11:59:32.940+0000] {dagbag.py:545} INFO - Filling up the DagBag from /home/khaled/dbt-env/lib/python3.12/site-packages/airflow/example_dags/example_branch_python_dop_operator_3.py
[2025-10-23T11:59:33.354+0000] {processor.py:840} INFO - DAG(s) 'example_branch_dop_operator_v3' retrieved from /home/khaled/dbt-env/lib/python3.12/site-packages/airflow/example_dags/example_branch_python_dop_operator_3.py
[2025-10-23T11:59:33.466+0000] {logging_mixin.py:188} INFO - [2025-10-23T11:59:33.465+0000] {dag.py:3089} INFO - Sync 1 DAGs
[2025-10-23T11:59:33.682+0000] {logging_mixin.py:188} INFO - [2025-10-23T11:59:33.681+0000] {dag.py:3947} INFO - Setting next_dagrun for example_branch_dop_operator_v3 to 2025-10-23 11:58:00+00:00, run_after=2025-10-23 11:59:00+00:00
[2025-10-23T11:59:33.922+0000] {processor.py:183} INFO - Processing /home/khaled/dbt-env/lib/python3.12/site-packages/airflow/example_dags/example_branch_python_dop_operator_3.py took 1.113 seconds
[2025-10-23T12:00:54.411+0000] {processor.py:161} INFO - Started process (PID=10259) to work on /home/khaled/dbt-env/lib/python3.12/site-packages/airflow/example_dags/example_branch_python_dop_operator_3.py
[2025-10-23T12:00:54.423+0000] {processor.py:830} INFO - Processing file /home/khaled/dbt-env/lib/python3.12/site-packages/airflow/example_dags/example_branch_python_dop_operator_3.py for tasks to queue
[2025-10-23T12:00:54.425+0000] {logging_mixin.py:188} INFO - [2025-10-23T12:00:54.425+0000] {dagbag.py:545} INFO - Filling up the DagBag from /home/khaled/dbt-env/lib/python3.12/site-packages/airflow/example_dags/example_branch_python_dop_operator_3.py
[2025-10-23T12:00:54.434+0000] {processor.py:840} INFO - DAG(s) 'example_branch_dop_operator_v3' retrieved from /home/khaled/dbt-env/lib/python3.12/site-packages/airflow/example_dags/example_branch_python_dop_operator_3.py
[2025-10-23T12:00:54.451+0000] {logging_mixin.py:188} INFO - [2025-10-23T12:00:54.451+0000] {dag.py:3089} INFO - Sync 1 DAGs
[2025-10-23T12:00:54.472+0000] {logging_mixin.py:188} INFO - [2025-10-23T12:00:54.471+0000] {dag.py:3947} INFO - Setting next_dagrun for example_branch_dop_operator_v3 to 2025-10-23 11:59:00+00:00, run_after=2025-10-23 12:00:00+00:00
[2025-10-23T12:00:54.511+0000] {processor.py:183} INFO - Processing /home/khaled/dbt-env/lib/python3.12/site-packages/airflow/example_dags/example_branch_python_dop_operator_3.py took 0.107 seconds
[2025-10-23T12:02:58.030+0000] {processor.py:161} INFO - Started process (PID=10660) to work on /home/khaled/dbt-env/lib/python3.12/site-packages/airflow/example_dags/example_branch_python_dop_operator_3.py
[2025-10-23T12:02:58.040+0000] {processor.py:830} INFO - Processing file /home/khaled/dbt-env/lib/python3.12/site-packages/airflow/example_dags/example_branch_python_dop_operator_3.py for tasks to queue
[2025-10-23T12:02:58.041+0000] {logging_mixin.py:188} INFO - [2025-10-23T12:02:58.041+0000] {dagbag.py:545} INFO - Filling up the DagBag from /home/khaled/dbt-env/lib/python3.12/site-packages/airflow/example_dags/example_branch_python_dop_operator_3.py
[2025-10-23T12:02:58.048+0000] {processor.py:840} INFO - DAG(s) 'example_branch_dop_operator_v3' retrieved from /home/khaled/dbt-env/lib/python3.12/site-packages/airflow/example_dags/example_branch_python_dop_operator_3.py
[2025-10-23T12:02:58.060+0000] {logging_mixin.py:188} INFO - [2025-10-23T12:02:58.060+0000] {dag.py:3089} INFO - Sync 1 DAGs
[2025-10-23T12:02:58.076+0000] {logging_mixin.py:188} INFO - [2025-10-23T12:02:58.076+0000] {dag.py:3947} INFO - Setting next_dagrun for example_branch_dop_operator_v3 to 2025-10-23 12:01:00+00:00, run_after=2025-10-23 12:02:00+00:00
[2025-10-23T12:02:58.184+0000] {processor.py:183} INFO - Processing /home/khaled/dbt-env/lib/python3.12/site-packages/airflow/example_dags/example_branch_python_dop_operator_3.py took 0.159 seconds
[2025-10-23T12:04:10.769+0000] {processor.py:161} INFO - Started process (PID=10762) to work on /home/khaled/dbt-env/lib/python3.12/site-packages/airflow/example_dags/example_branch_python_dop_operator_3.py
[2025-10-23T12:04:10.779+0000] {processor.py:830} INFO - Processing file /home/khaled/dbt-env/lib/python3.12/site-packages/airflow/example_dags/example_branch_python_dop_operator_3.py for tasks to queue
[2025-10-23T12:04:10.780+0000] {logging_mixin.py:188} INFO - [2025-10-23T12:04:10.780+0000] {dagbag.py:545} INFO - Filling up the DagBag from /home/khaled/dbt-env/lib/python3.12/site-packages/airflow/example_dags/example_branch_python_dop_operator_3.py
[2025-10-23T12:04:10.787+0000] {processor.py:840} INFO - DAG(s) 'example_branch_dop_operator_v3' retrieved from /home/khaled/dbt-env/lib/python3.12/site-packages/airflow/example_dags/example_branch_python_dop_operator_3.py
[2025-10-23T12:04:10.799+0000] {logging_mixin.py:188} INFO - [2025-10-23T12:04:10.798+0000] {dag.py:3089} INFO - Sync 1 DAGs
[2025-10-23T12:04:10.814+0000] {logging_mixin.py:188} INFO - [2025-10-23T12:04:10.814+0000] {dag.py:3947} INFO - Setting next_dagrun for example_branch_dop_operator_v3 to 2025-10-23 12:03:00+00:00, run_after=2025-10-23 12:04:00+00:00
[2025-10-23T12:04:10.832+0000] {processor.py:183} INFO - Processing /home/khaled/dbt-env/lib/python3.12/site-packages/airflow/example_dags/example_branch_python_dop_operator_3.py took 0.068 seconds
[2025-10-23T12:05:11.260+0000] {processor.py:161} INFO - Started process (PID=11164) to work on /home/khaled/dbt-env/lib/python3.12/site-packages/airflow/example_dags/example_branch_python_dop_operator_3.py
[2025-10-23T12:05:11.272+0000] {processor.py:830} INFO - Processing file /home/khaled/dbt-env/lib/python3.12/site-packages/airflow/example_dags/example_branch_python_dop_operator_3.py for tasks to queue
[2025-10-23T12:05:11.274+0000] {logging_mixin.py:188} INFO - [2025-10-23T12:05:11.273+0000] {dagbag.py:545} INFO - Filling up the DagBag from /home/khaled/dbt-env/lib/python3.12/site-packages/airflow/example_dags/example_branch_python_dop_operator_3.py
[2025-10-23T12:05:11.284+0000] {processor.py:840} INFO - DAG(s) 'example_branch_dop_operator_v3' retrieved from /home/khaled/dbt-env/lib/python3.12/site-packages/airflow/example_dags/example_branch_python_dop_operator_3.py
[2025-10-23T12:05:11.295+0000] {logging_mixin.py:188} INFO - [2025-10-23T12:05:11.295+0000] {dag.py:3089} INFO - Sync 1 DAGs
[2025-10-23T12:05:11.310+0000] {logging_mixin.py:188} INFO - [2025-10-23T12:05:11.310+0000] {dag.py:3947} INFO - Setting next_dagrun for example_branch_dop_operator_v3 to 2025-10-23 12:04:00+00:00, run_after=2025-10-23 12:05:00+00:00
[2025-10-23T12:05:11.330+0000] {processor.py:183} INFO - Processing /home/khaled/dbt-env/lib/python3.12/site-packages/airflow/example_dags/example_branch_python_dop_operator_3.py took 0.076 seconds
[2025-10-23T12:06:17.214+0000] {processor.py:161} INFO - Started process (PID=11266) to work on /home/khaled/dbt-env/lib/python3.12/site-packages/airflow/example_dags/example_branch_python_dop_operator_3.py
[2025-10-23T12:06:17.227+0000] {processor.py:830} INFO - Processing file /home/khaled/dbt-env/lib/python3.12/site-packages/airflow/example_dags/example_branch_python_dop_operator_3.py for tasks to queue
[2025-10-23T12:06:17.231+0000] {logging_mixin.py:188} INFO - [2025-10-23T12:06:17.230+0000] {dagbag.py:545} INFO - Filling up the DagBag from /home/khaled/dbt-env/lib/python3.12/site-packages/airflow/example_dags/example_branch_python_dop_operator_3.py
[2025-10-23T12:06:17.255+0000] {processor.py:840} INFO - DAG(s) 'example_branch_dop_operator_v3' retrieved from /home/khaled/dbt-env/lib/python3.12/site-packages/airflow/example_dags/example_branch_python_dop_operator_3.py
[2025-10-23T12:06:17.290+0000] {logging_mixin.py:188} INFO - [2025-10-23T12:06:17.290+0000] {dag.py:3089} INFO - Sync 1 DAGs
[2025-10-23T12:06:17.308+0000] {logging_mixin.py:188} INFO - [2025-10-23T12:06:17.308+0000] {dag.py:3947} INFO - Setting next_dagrun for example_branch_dop_operator_v3 to 2025-10-23 12:05:00+00:00, run_after=2025-10-23 12:06:00+00:00
[2025-10-23T12:06:17.339+0000] {processor.py:183} INFO - Processing /home/khaled/dbt-env/lib/python3.12/site-packages/airflow/example_dags/example_branch_python_dop_operator_3.py took 0.131 seconds
[2025-10-23T12:07:23.231+0000] {processor.py:161} INFO - Started process (PID=11359) to work on /home/khaled/dbt-env/lib/python3.12/site-packages/airflow/example_dags/example_branch_python_dop_operator_3.py
[2025-10-23T12:07:23.232+0000] {processor.py:830} INFO - Processing file /home/khaled/dbt-env/lib/python3.12/site-packages/airflow/example_dags/example_branch_python_dop_operator_3.py for tasks to queue
[2025-10-23T12:07:23.234+0000] {logging_mixin.py:188} INFO - [2025-10-23T12:07:23.234+0000] {dagbag.py:545} INFO - Filling up the DagBag from /home/khaled/dbt-env/lib/python3.12/site-packages/airflow/example_dags/example_branch_python_dop_operator_3.py
[2025-10-23T12:07:23.243+0000] {processor.py:840} INFO - DAG(s) 'example_branch_dop_operator_v3' retrieved from /home/khaled/dbt-env/lib/python3.12/site-packages/airflow/example_dags/example_branch_python_dop_operator_3.py
[2025-10-23T12:07:23.261+0000] {logging_mixin.py:188} INFO - [2025-10-23T12:07:23.260+0000] {dag.py:3089} INFO - Sync 1 DAGs
[2025-10-23T12:07:23.277+0000] {logging_mixin.py:188} INFO - [2025-10-23T12:07:23.277+0000] {dag.py:3947} INFO - Setting next_dagrun for example_branch_dop_operator_v3 to 2025-10-23 12:06:00+00:00, run_after=2025-10-23 12:07:00+00:00
[2025-10-23T12:07:23.400+0000] {processor.py:183} INFO - Processing /home/khaled/dbt-env/lib/python3.12/site-packages/airflow/example_dags/example_branch_python_dop_operator_3.py took 0.175 seconds
[2025-10-23T12:08:14.158+0000] {processor.py:161} INFO - Started process (PID=11419) to work on /home/khaled/dbt-env/lib/python3.12/site-packages/airflow/example_dags/example_branch_python_dop_operator_3.py
[2025-10-23T12:08:14.160+0000] {processor.py:830} INFO - Processing file /home/khaled/dbt-env/lib/python3.12/site-packages/airflow/example_dags/example_branch_python_dop_operator_3.py for tasks to queue
[2025-10-23T12:08:14.162+0000] {logging_mixin.py:188} INFO - [2025-10-23T12:08:14.161+0000] {dagbag.py:545} INFO - Filling up the DagBag from /home/khaled/dbt-env/lib/python3.12/site-packages/airflow/example_dags/example_branch_python_dop_operator_3.py
[2025-10-23T12:08:14.168+0000] {processor.py:840} INFO - DAG(s) 'example_branch_dop_operator_v3' retrieved from /home/khaled/dbt-env/lib/python3.12/site-packages/airflow/example_dags/example_branch_python_dop_operator_3.py
[2025-10-23T12:08:14.179+0000] {logging_mixin.py:188} INFO - [2025-10-23T12:08:14.179+0000] {dag.py:3089} INFO - Sync 1 DAGs
[2025-10-23T12:08:14.194+0000] {logging_mixin.py:188} INFO - [2025-10-23T12:08:14.194+0000] {dag.py:3947} INFO - Setting next_dagrun for example_branch_dop_operator_v3 to 2025-10-23 12:07:00+00:00, run_after=2025-10-23 12:08:00+00:00
[2025-10-23T12:08:14.227+0000] {processor.py:183} INFO - Processing /home/khaled/dbt-env/lib/python3.12/site-packages/airflow/example_dags/example_branch_python_dop_operator_3.py took 0.075 seconds
[2025-10-23T12:09:28.770+0000] {processor.py:161} INFO - Started process (PID=11613) to work on /home/khaled/dbt-env/lib/python3.12/site-packages/airflow/example_dags/example_branch_python_dop_operator_3.py
[2025-10-23T12:09:28.781+0000] {processor.py:830} INFO - Processing file /home/khaled/dbt-env/lib/python3.12/site-packages/airflow/example_dags/example_branch_python_dop_operator_3.py for tasks to queue
[2025-10-23T12:09:28.782+0000] {logging_mixin.py:188} INFO - [2025-10-23T12:09:28.782+0000] {dagbag.py:545} INFO - Filling up the DagBag from /home/khaled/dbt-env/lib/python3.12/site-packages/airflow/example_dags/example_branch_python_dop_operator_3.py
[2025-10-23T12:09:28.789+0000] {processor.py:840} INFO - DAG(s) 'example_branch_dop_operator_v3' retrieved from /home/khaled/dbt-env/lib/python3.12/site-packages/airflow/example_dags/example_branch_python_dop_operator_3.py
[2025-10-23T12:09:28.800+0000] {logging_mixin.py:188} INFO - [2025-10-23T12:09:28.800+0000] {dag.py:3089} INFO - Sync 1 DAGs
[2025-10-23T12:09:28.816+0000] {logging_mixin.py:188} INFO - [2025-10-23T12:09:28.816+0000] {dag.py:3947} INFO - Setting next_dagrun for example_branch_dop_operator_v3 to 2025-10-23 12:08:00+00:00, run_after=2025-10-23 12:09:00+00:00
[2025-10-23T12:09:28.838+0000] {processor.py:183} INFO - Processing /home/khaled/dbt-env/lib/python3.12/site-packages/airflow/example_dags/example_branch_python_dop_operator_3.py took 0.072 seconds
[2025-10-23T12:10:36.330+0000] {processor.py:161} INFO - Started process (PID=11692) to work on /home/khaled/dbt-env/lib/python3.12/site-packages/airflow/example_dags/example_branch_python_dop_operator_3.py
[2025-10-23T12:10:36.331+0000] {processor.py:830} INFO - Processing file /home/khaled/dbt-env/lib/python3.12/site-packages/airflow/example_dags/example_branch_python_dop_operator_3.py for tasks to queue
[2025-10-23T12:10:36.333+0000] {logging_mixin.py:188} INFO - [2025-10-23T12:10:36.332+0000] {dagbag.py:545} INFO - Filling up the DagBag from /home/khaled/dbt-env/lib/python3.12/site-packages/airflow/example_dags/example_branch_python_dop_operator_3.py
[2025-10-23T12:10:36.340+0000] {processor.py:840} INFO - DAG(s) 'example_branch_dop_operator_v3' retrieved from /home/khaled/dbt-env/lib/python3.12/site-packages/airflow/example_dags/example_branch_python_dop_operator_3.py
[2025-10-23T12:10:36.353+0000] {logging_mixin.py:188} INFO - [2025-10-23T12:10:36.353+0000] {dag.py:3089} INFO - Sync 1 DAGs
[2025-10-23T12:10:36.369+0000] {logging_mixin.py:188} INFO - [2025-10-23T12:10:36.369+0000] {dag.py:3947} INFO - Setting next_dagrun for example_branch_dop_operator_v3 to 2025-10-23 12:09:00+00:00, run_after=2025-10-23 12:10:00+00:00
[2025-10-23T12:10:36.397+0000] {processor.py:183} INFO - Processing /home/khaled/dbt-env/lib/python3.12/site-packages/airflow/example_dags/example_branch_python_dop_operator_3.py took 0.072 seconds
