[2025-10-23T11:39:23.435+0000] {processor.py:161} INFO - Started process (PID=5950) to work on /home/khaled/dbt-env/lib/python3.12/site-packages/airflow/example_dags/example_latest_only_with_trigger.py
[2025-10-23T11:39:23.436+0000] {processor.py:830} INFO - Processing file /home/khaled/dbt-env/lib/python3.12/site-packages/airflow/example_dags/example_latest_only_with_trigger.py for tasks to queue
[2025-10-23T11:39:23.439+0000] {logging_mixin.py:188} INFO - [2025-10-23T11:39:23.438+0000] {dagbag.py:545} INFO - Filling up the DagBag from /home/khaled/dbt-env/lib/python3.12/site-packages/airflow/example_dags/example_latest_only_with_trigger.py
[2025-10-23T11:39:23.444+0000] {processor.py:840} INFO - DAG(s) 'latest_only_with_trigger' retrieved from /home/khaled/dbt-env/lib/python3.12/site-packages/airflow/example_dags/example_latest_only_with_trigger.py
[2025-10-23T11:39:23.458+0000] {logging_mixin.py:188} INFO - [2025-10-23T11:39:23.458+0000] {dag.py:3089} INFO - Sync 1 DAGs
[2025-10-23T11:39:23.471+0000] {logging_mixin.py:188} INFO - [2025-10-23T11:39:23.470+0000] {dag.py:3947} INFO - Setting next_dagrun for latest_only_with_trigger to 2025-10-23 04:00:00+00:00, run_after=2025-10-23 08:00:00+00:00
[2025-10-23T11:39:23.503+0000] {processor.py:183} INFO - Processing /home/khaled/dbt-env/lib/python3.12/site-packages/airflow/example_dags/example_latest_only_with_trigger.py took 0.073 seconds
[2025-10-23T11:55:00.406+0000] {processor.py:161} INFO - Started process (PID=9554) to work on /home/khaled/dbt-env/lib/python3.12/site-packages/airflow/example_dags/example_latest_only_with_trigger.py
[2025-10-23T11:55:00.417+0000] {processor.py:830} INFO - Processing file /home/khaled/dbt-env/lib/python3.12/site-packages/airflow/example_dags/example_latest_only_with_trigger.py for tasks to queue
[2025-10-23T11:55:00.419+0000] {logging_mixin.py:188} INFO - [2025-10-23T11:55:00.418+0000] {dagbag.py:545} INFO - Filling up the DagBag from /home/khaled/dbt-env/lib/python3.12/site-packages/airflow/example_dags/example_latest_only_with_trigger.py
[2025-10-23T11:55:00.424+0000] {processor.py:840} INFO - DAG(s) 'latest_only_with_trigger' retrieved from /home/khaled/dbt-env/lib/python3.12/site-packages/airflow/example_dags/example_latest_only_with_trigger.py
[2025-10-23T11:55:00.439+0000] {logging_mixin.py:188} INFO - [2025-10-23T11:55:00.439+0000] {dag.py:3089} INFO - Sync 1 DAGs
[2025-10-23T11:55:00.452+0000] {logging_mixin.py:188} INFO - [2025-10-23T11:55:00.452+0000] {dag.py:3947} INFO - Setting next_dagrun for latest_only_with_trigger to 2025-10-23 04:00:00+00:00, run_after=2025-10-23 08:00:00+00:00
[2025-10-23T11:55:00.473+0000] {processor.py:183} INFO - Processing /home/khaled/dbt-env/lib/python3.12/site-packages/airflow/example_dags/example_latest_only_with_trigger.py took 0.071 seconds
[2025-10-23T11:55:59.400+0000] {processor.py:161} INFO - Started process (PID=9805) to work on /home/khaled/dbt-env/lib/python3.12/site-packages/airflow/example_dags/example_latest_only_with_trigger.py
[2025-10-23T11:55:59.412+0000] {processor.py:830} INFO - Processing file /home/khaled/dbt-env/lib/python3.12/site-packages/airflow/example_dags/example_latest_only_with_trigger.py for tasks to queue
[2025-10-23T11:55:59.420+0000] {logging_mixin.py:188} INFO - [2025-10-23T11:55:59.419+0000] {dagbag.py:545} INFO - Filling up the DagBag from /home/khaled/dbt-env/lib/python3.12/site-packages/airflow/example_dags/example_latest_only_with_trigger.py
[2025-10-23T11:55:59.431+0000] {processor.py:840} INFO - DAG(s) 'latest_only_with_trigger' retrieved from /home/khaled/dbt-env/lib/python3.12/site-packages/airflow/example_dags/example_latest_only_with_trigger.py
[2025-10-23T11:55:59.455+0000] {logging_mixin.py:188} INFO - [2025-10-23T11:55:59.455+0000] {dag.py:3089} INFO - Sync 1 DAGs
[2025-10-23T11:55:59.478+0000] {logging_mixin.py:188} INFO - [2025-10-23T11:55:59.478+0000] {dag.py:3947} INFO - Setting next_dagrun for latest_only_with_trigger to 2025-10-23 04:00:00+00:00, run_after=2025-10-23 08:00:00+00:00
[2025-10-23T11:55:59.506+0000] {processor.py:183} INFO - Processing /home/khaled/dbt-env/lib/python3.12/site-packages/airflow/example_dags/example_latest_only_with_trigger.py took 0.122 seconds
[2025-10-23T11:57:30.569+0000] {processor.py:161} INFO - Started process (PID=10002) to work on /home/khaled/dbt-env/lib/python3.12/site-packages/airflow/example_dags/example_latest_only_with_trigger.py
[2025-10-23T11:57:30.573+0000] {processor.py:830} INFO - Processing file /home/khaled/dbt-env/lib/python3.12/site-packages/airflow/example_dags/example_latest_only_with_trigger.py for tasks to queue
[2025-10-23T11:57:30.574+0000] {logging_mixin.py:188} INFO - [2025-10-23T11:57:30.574+0000] {dagbag.py:545} INFO - Filling up the DagBag from /home/khaled/dbt-env/lib/python3.12/site-packages/airflow/example_dags/example_latest_only_with_trigger.py
[2025-10-23T11:57:30.580+0000] {processor.py:840} INFO - DAG(s) 'latest_only_with_trigger' retrieved from /home/khaled/dbt-env/lib/python3.12/site-packages/airflow/example_dags/example_latest_only_with_trigger.py
[2025-10-23T11:57:30.602+0000] {logging_mixin.py:188} INFO - [2025-10-23T11:57:30.601+0000] {dag.py:3089} INFO - Sync 1 DAGs
[2025-10-23T11:57:30.625+0000] {logging_mixin.py:188} INFO - [2025-10-23T11:57:30.625+0000] {dag.py:3947} INFO - Setting next_dagrun for latest_only_with_trigger to 2025-10-23 04:00:00+00:00, run_after=2025-10-23 08:00:00+00:00
[2025-10-23T11:57:30.695+0000] {processor.py:183} INFO - Processing /home/khaled/dbt-env/lib/python3.12/site-packages/airflow/example_dags/example_latest_only_with_trigger.py took 0.131 seconds
[2025-10-23T11:58:24.409+0000] {processor.py:161} INFO - Started process (PID=10066) to work on /home/khaled/dbt-env/lib/python3.12/site-packages/airflow/example_dags/example_latest_only_with_trigger.py
[2025-10-23T11:58:24.421+0000] {processor.py:830} INFO - Processing file /home/khaled/dbt-env/lib/python3.12/site-packages/airflow/example_dags/example_latest_only_with_trigger.py for tasks to queue
[2025-10-23T11:58:24.422+0000] {logging_mixin.py:188} INFO - [2025-10-23T11:58:24.422+0000] {dagbag.py:545} INFO - Filling up the DagBag from /home/khaled/dbt-env/lib/python3.12/site-packages/airflow/example_dags/example_latest_only_with_trigger.py
[2025-10-23T11:58:24.428+0000] {processor.py:840} INFO - DAG(s) 'latest_only_with_trigger' retrieved from /home/khaled/dbt-env/lib/python3.12/site-packages/airflow/example_dags/example_latest_only_with_trigger.py
[2025-10-23T11:58:24.442+0000] {logging_mixin.py:188} INFO - [2025-10-23T11:58:24.442+0000] {dag.py:3089} INFO - Sync 1 DAGs
[2025-10-23T11:58:24.464+0000] {logging_mixin.py:188} INFO - [2025-10-23T11:58:24.464+0000] {dag.py:3947} INFO - Setting next_dagrun for latest_only_with_trigger to 2025-10-23 04:00:00+00:00, run_after=2025-10-23 08:00:00+00:00
[2025-10-23T11:58:24.486+0000] {processor.py:183} INFO - Processing /home/khaled/dbt-env/lib/python3.12/site-packages/airflow/example_dags/example_latest_only_with_trigger.py took 0.082 seconds
[2025-10-23T12:00:24.781+0000] {processor.py:161} INFO - Started process (PID=10227) to work on /home/khaled/dbt-env/lib/python3.12/site-packages/airflow/example_dags/example_latest_only_with_trigger.py
[2025-10-23T12:00:24.793+0000] {processor.py:830} INFO - Processing file /home/khaled/dbt-env/lib/python3.12/site-packages/airflow/example_dags/example_latest_only_with_trigger.py for tasks to queue
[2025-10-23T12:00:24.794+0000] {logging_mixin.py:188} INFO - [2025-10-23T12:00:24.794+0000] {dagbag.py:545} INFO - Filling up the DagBag from /home/khaled/dbt-env/lib/python3.12/site-packages/airflow/example_dags/example_latest_only_with_trigger.py
[2025-10-23T12:00:24.798+0000] {processor.py:840} INFO - DAG(s) 'latest_only_with_trigger' retrieved from /home/khaled/dbt-env/lib/python3.12/site-packages/airflow/example_dags/example_latest_only_with_trigger.py
[2025-10-23T12:00:24.811+0000] {logging_mixin.py:188} INFO - [2025-10-23T12:00:24.811+0000] {dag.py:3089} INFO - Sync 1 DAGs
[2025-10-23T12:00:24.828+0000] {logging_mixin.py:188} INFO - [2025-10-23T12:00:24.827+0000] {dag.py:3947} INFO - Setting next_dagrun for latest_only_with_trigger to 2025-10-23 08:00:00+00:00, run_after=2025-10-23 12:00:00+00:00
[2025-10-23T12:00:24.862+0000] {processor.py:183} INFO - Processing /home/khaled/dbt-env/lib/python3.12/site-packages/airflow/example_dags/example_latest_only_with_trigger.py took 0.085 seconds
[2025-10-23T12:01:14.608+0000] {processor.py:161} INFO - Started process (PID=10358) to work on /home/khaled/dbt-env/lib/python3.12/site-packages/airflow/example_dags/example_latest_only_with_trigger.py
[2025-10-23T12:01:14.610+0000] {processor.py:830} INFO - Processing file /home/khaled/dbt-env/lib/python3.12/site-packages/airflow/example_dags/example_latest_only_with_trigger.py for tasks to queue
[2025-10-23T12:01:14.612+0000] {logging_mixin.py:188} INFO - [2025-10-23T12:01:14.611+0000] {dagbag.py:545} INFO - Filling up the DagBag from /home/khaled/dbt-env/lib/python3.12/site-packages/airflow/example_dags/example_latest_only_with_trigger.py
[2025-10-23T12:01:14.616+0000] {processor.py:840} INFO - DAG(s) 'latest_only_with_trigger' retrieved from /home/khaled/dbt-env/lib/python3.12/site-packages/airflow/example_dags/example_latest_only_with_trigger.py
[2025-10-23T12:01:14.630+0000] {logging_mixin.py:188} INFO - [2025-10-23T12:01:14.630+0000] {dag.py:3089} INFO - Sync 1 DAGs
[2025-10-23T12:01:14.645+0000] {logging_mixin.py:188} INFO - [2025-10-23T12:01:14.645+0000] {dag.py:3947} INFO - Setting next_dagrun for latest_only_with_trigger to 2025-10-23 08:00:00+00:00, run_after=2025-10-23 12:00:00+00:00
[2025-10-23T12:01:14.677+0000] {processor.py:183} INFO - Processing /home/khaled/dbt-env/lib/python3.12/site-packages/airflow/example_dags/example_latest_only_with_trigger.py took 0.074 seconds
[2025-10-23T12:02:47.741+0000] {processor.py:161} INFO - Started process (PID=10652) to work on /home/khaled/dbt-env/lib/python3.12/site-packages/airflow/example_dags/example_latest_only_with_trigger.py
[2025-10-23T12:02:47.753+0000] {processor.py:830} INFO - Processing file /home/khaled/dbt-env/lib/python3.12/site-packages/airflow/example_dags/example_latest_only_with_trigger.py for tasks to queue
[2025-10-23T12:02:47.762+0000] {logging_mixin.py:188} INFO - [2025-10-23T12:02:47.761+0000] {dagbag.py:545} INFO - Filling up the DagBag from /home/khaled/dbt-env/lib/python3.12/site-packages/airflow/example_dags/example_latest_only_with_trigger.py
[2025-10-23T12:02:47.780+0000] {processor.py:840} INFO - DAG(s) 'latest_only_with_trigger' retrieved from /home/khaled/dbt-env/lib/python3.12/site-packages/airflow/example_dags/example_latest_only_with_trigger.py
[2025-10-23T12:02:47.840+0000] {logging_mixin.py:188} INFO - [2025-10-23T12:02:47.840+0000] {dag.py:3089} INFO - Sync 1 DAGs
[2025-10-23T12:02:47.883+0000] {logging_mixin.py:188} INFO - [2025-10-23T12:02:47.882+0000] {dag.py:3947} INFO - Setting next_dagrun for latest_only_with_trigger to 2025-10-23 08:00:00+00:00, run_after=2025-10-23 12:00:00+00:00
[2025-10-23T12:02:47.944+0000] {processor.py:183} INFO - Processing /home/khaled/dbt-env/lib/python3.12/site-packages/airflow/example_dags/example_latest_only_with_trigger.py took 0.210 seconds
[2025-10-23T12:03:56.544+0000] {processor.py:161} INFO - Started process (PID=10752) to work on /home/khaled/dbt-env/lib/python3.12/site-packages/airflow/example_dags/example_latest_only_with_trigger.py
[2025-10-23T12:03:56.607+0000] {processor.py:830} INFO - Processing file /home/khaled/dbt-env/lib/python3.12/site-packages/airflow/example_dags/example_latest_only_with_trigger.py for tasks to queue
[2025-10-23T12:03:56.651+0000] {logging_mixin.py:188} INFO - [2025-10-23T12:03:56.650+0000] {dagbag.py:545} INFO - Filling up the DagBag from /home/khaled/dbt-env/lib/python3.12/site-packages/airflow/example_dags/example_latest_only_with_trigger.py
[2025-10-23T12:03:56.867+0000] {processor.py:840} INFO - DAG(s) 'latest_only_with_trigger' retrieved from /home/khaled/dbt-env/lib/python3.12/site-packages/airflow/example_dags/example_latest_only_with_trigger.py
[2025-10-23T12:03:57.277+0000] {logging_mixin.py:188} INFO - [2025-10-23T12:03:57.271+0000] {dag.py:3089} INFO - Sync 1 DAGs
[2025-10-23T12:03:57.954+0000] {logging_mixin.py:188} INFO - [2025-10-23T12:03:57.952+0000] {dag.py:3947} INFO - Setting next_dagrun for latest_only_with_trigger to 2025-10-23 08:00:00+00:00, run_after=2025-10-23 12:00:00+00:00
[2025-10-23T12:03:59.179+0000] {processor.py:183} INFO - Processing /home/khaled/dbt-env/lib/python3.12/site-packages/airflow/example_dags/example_latest_only_with_trigger.py took 2.965 seconds
[2025-10-23T12:05:06.000+0000] {processor.py:161} INFO - Started process (PID=11155) to work on /home/khaled/dbt-env/lib/python3.12/site-packages/airflow/example_dags/example_latest_only_with_trigger.py
[2025-10-23T12:05:06.014+0000] {processor.py:830} INFO - Processing file /home/khaled/dbt-env/lib/python3.12/site-packages/airflow/example_dags/example_latest_only_with_trigger.py for tasks to queue
[2025-10-23T12:05:06.020+0000] {logging_mixin.py:188} INFO - [2025-10-23T12:05:06.018+0000] {dagbag.py:545} INFO - Filling up the DagBag from /home/khaled/dbt-env/lib/python3.12/site-packages/airflow/example_dags/example_latest_only_with_trigger.py
[2025-10-23T12:05:06.032+0000] {processor.py:840} INFO - DAG(s) 'latest_only_with_trigger' retrieved from /home/khaled/dbt-env/lib/python3.12/site-packages/airflow/example_dags/example_latest_only_with_trigger.py
[2025-10-23T12:05:06.046+0000] {logging_mixin.py:188} INFO - [2025-10-23T12:05:06.045+0000] {dag.py:3089} INFO - Sync 1 DAGs
[2025-10-23T12:05:06.061+0000] {logging_mixin.py:188} INFO - [2025-10-23T12:05:06.061+0000] {dag.py:3947} INFO - Setting next_dagrun for latest_only_with_trigger to 2025-10-23 08:00:00+00:00, run_after=2025-10-23 12:00:00+00:00
[2025-10-23T12:05:06.083+0000] {processor.py:183} INFO - Processing /home/khaled/dbt-env/lib/python3.12/site-packages/airflow/example_dags/example_latest_only_with_trigger.py took 0.089 seconds
[2025-10-23T12:05:51.268+0000] {processor.py:161} INFO - Started process (PID=11233) to work on /home/khaled/dbt-env/lib/python3.12/site-packages/airflow/example_dags/example_latest_only_with_trigger.py
[2025-10-23T12:05:51.269+0000] {processor.py:830} INFO - Processing file /home/khaled/dbt-env/lib/python3.12/site-packages/airflow/example_dags/example_latest_only_with_trigger.py for tasks to queue
[2025-10-23T12:05:51.271+0000] {logging_mixin.py:188} INFO - [2025-10-23T12:05:51.271+0000] {dagbag.py:545} INFO - Filling up the DagBag from /home/khaled/dbt-env/lib/python3.12/site-packages/airflow/example_dags/example_latest_only_with_trigger.py
[2025-10-23T12:05:51.276+0000] {processor.py:840} INFO - DAG(s) 'latest_only_with_trigger' retrieved from /home/khaled/dbt-env/lib/python3.12/site-packages/airflow/example_dags/example_latest_only_with_trigger.py
[2025-10-23T12:05:51.289+0000] {logging_mixin.py:188} INFO - [2025-10-23T12:05:51.288+0000] {dag.py:3089} INFO - Sync 1 DAGs
[2025-10-23T12:05:51.303+0000] {logging_mixin.py:188} INFO - [2025-10-23T12:05:51.303+0000] {dag.py:3947} INFO - Setting next_dagrun for latest_only_with_trigger to 2025-10-23 08:00:00+00:00, run_after=2025-10-23 12:00:00+00:00
[2025-10-23T12:05:51.436+0000] {processor.py:183} INFO - Processing /home/khaled/dbt-env/lib/python3.12/site-packages/airflow/example_dags/example_latest_only_with_trigger.py took 0.172 seconds
[2025-10-23T12:06:40.761+0000] {processor.py:161} INFO - Started process (PID=11300) to work on /home/khaled/dbt-env/lib/python3.12/site-packages/airflow/example_dags/example_latest_only_with_trigger.py
[2025-10-23T12:06:40.762+0000] {processor.py:830} INFO - Processing file /home/khaled/dbt-env/lib/python3.12/site-packages/airflow/example_dags/example_latest_only_with_trigger.py for tasks to queue
[2025-10-23T12:06:40.764+0000] {logging_mixin.py:188} INFO - [2025-10-23T12:06:40.763+0000] {dagbag.py:545} INFO - Filling up the DagBag from /home/khaled/dbt-env/lib/python3.12/site-packages/airflow/example_dags/example_latest_only_with_trigger.py
[2025-10-23T12:06:40.768+0000] {processor.py:840} INFO - DAG(s) 'latest_only_with_trigger' retrieved from /home/khaled/dbt-env/lib/python3.12/site-packages/airflow/example_dags/example_latest_only_with_trigger.py
[2025-10-23T12:06:40.780+0000] {logging_mixin.py:188} INFO - [2025-10-23T12:06:40.780+0000] {dag.py:3089} INFO - Sync 1 DAGs
[2025-10-23T12:06:40.794+0000] {logging_mixin.py:188} INFO - [2025-10-23T12:06:40.793+0000] {dag.py:3947} INFO - Setting next_dagrun for latest_only_with_trigger to 2025-10-23 08:00:00+00:00, run_after=2025-10-23 12:00:00+00:00
[2025-10-23T12:06:40.813+0000] {processor.py:183} INFO - Processing /home/khaled/dbt-env/lib/python3.12/site-packages/airflow/example_dags/example_latest_only_with_trigger.py took 0.057 seconds
[2025-10-23T12:07:50.451+0000] {processor.py:161} INFO - Started process (PID=11388) to work on /home/khaled/dbt-env/lib/python3.12/site-packages/airflow/example_dags/example_latest_only_with_trigger.py
[2025-10-23T12:07:50.453+0000] {processor.py:830} INFO - Processing file /home/khaled/dbt-env/lib/python3.12/site-packages/airflow/example_dags/example_latest_only_with_trigger.py for tasks to queue
[2025-10-23T12:07:50.454+0000] {logging_mixin.py:188} INFO - [2025-10-23T12:07:50.454+0000] {dagbag.py:545} INFO - Filling up the DagBag from /home/khaled/dbt-env/lib/python3.12/site-packages/airflow/example_dags/example_latest_only_with_trigger.py
[2025-10-23T12:07:50.459+0000] {processor.py:840} INFO - DAG(s) 'latest_only_with_trigger' retrieved from /home/khaled/dbt-env/lib/python3.12/site-packages/airflow/example_dags/example_latest_only_with_trigger.py
[2025-10-23T12:07:50.471+0000] {logging_mixin.py:188} INFO - [2025-10-23T12:07:50.470+0000] {dag.py:3089} INFO - Sync 1 DAGs
[2025-10-23T12:07:50.485+0000] {logging_mixin.py:188} INFO - [2025-10-23T12:07:50.485+0000] {dag.py:3947} INFO - Setting next_dagrun for latest_only_with_trigger to 2025-10-23 08:00:00+00:00, run_after=2025-10-23 12:00:00+00:00
[2025-10-23T12:07:50.504+0000] {processor.py:183} INFO - Processing /home/khaled/dbt-env/lib/python3.12/site-packages/airflow/example_dags/example_latest_only_with_trigger.py took 0.057 seconds
[2025-10-23T12:08:58.402+0000] {processor.py:161} INFO - Started process (PID=11525) to work on /home/khaled/dbt-env/lib/python3.12/site-packages/airflow/example_dags/example_latest_only_with_trigger.py
[2025-10-23T12:08:58.403+0000] {processor.py:830} INFO - Processing file /home/khaled/dbt-env/lib/python3.12/site-packages/airflow/example_dags/example_latest_only_with_trigger.py for tasks to queue
[2025-10-23T12:08:58.405+0000] {logging_mixin.py:188} INFO - [2025-10-23T12:08:58.404+0000] {dagbag.py:545} INFO - Filling up the DagBag from /home/khaled/dbt-env/lib/python3.12/site-packages/airflow/example_dags/example_latest_only_with_trigger.py
[2025-10-23T12:08:58.409+0000] {processor.py:840} INFO - DAG(s) 'latest_only_with_trigger' retrieved from /home/khaled/dbt-env/lib/python3.12/site-packages/airflow/example_dags/example_latest_only_with_trigger.py
[2025-10-23T12:08:58.510+0000] {logging_mixin.py:188} INFO - [2025-10-23T12:08:58.509+0000] {dag.py:3089} INFO - Sync 1 DAGs
[2025-10-23T12:08:58.522+0000] {logging_mixin.py:188} INFO - [2025-10-23T12:08:58.521+0000] {dag.py:3947} INFO - Setting next_dagrun for latest_only_with_trigger to 2025-10-23 08:00:00+00:00, run_after=2025-10-23 12:00:00+00:00
[2025-10-23T12:08:58.554+0000] {processor.py:183} INFO - Processing /home/khaled/dbt-env/lib/python3.12/site-packages/airflow/example_dags/example_latest_only_with_trigger.py took 0.157 seconds
[2025-10-23T12:09:46.292+0000] {processor.py:161} INFO - Started process (PID=11633) to work on /home/khaled/dbt-env/lib/python3.12/site-packages/airflow/example_dags/example_latest_only_with_trigger.py
[2025-10-23T12:09:46.294+0000] {processor.py:830} INFO - Processing file /home/khaled/dbt-env/lib/python3.12/site-packages/airflow/example_dags/example_latest_only_with_trigger.py for tasks to queue
[2025-10-23T12:09:46.295+0000] {logging_mixin.py:188} INFO - [2025-10-23T12:09:46.295+0000] {dagbag.py:545} INFO - Filling up the DagBag from /home/khaled/dbt-env/lib/python3.12/site-packages/airflow/example_dags/example_latest_only_with_trigger.py
[2025-10-23T12:09:46.300+0000] {processor.py:840} INFO - DAG(s) 'latest_only_with_trigger' retrieved from /home/khaled/dbt-env/lib/python3.12/site-packages/airflow/example_dags/example_latest_only_with_trigger.py
[2025-10-23T12:09:46.313+0000] {logging_mixin.py:188} INFO - [2025-10-23T12:09:46.312+0000] {dag.py:3089} INFO - Sync 1 DAGs
[2025-10-23T12:09:46.328+0000] {logging_mixin.py:188} INFO - [2025-10-23T12:09:46.327+0000] {dag.py:3947} INFO - Setting next_dagrun for latest_only_with_trigger to 2025-10-23 08:00:00+00:00, run_after=2025-10-23 12:00:00+00:00
[2025-10-23T12:09:46.348+0000] {processor.py:183} INFO - Processing /home/khaled/dbt-env/lib/python3.12/site-packages/airflow/example_dags/example_latest_only_with_trigger.py took 0.060 seconds
[2025-10-23T12:10:33.459+0000] {processor.py:161} INFO - Started process (PID=11689) to work on /home/khaled/dbt-env/lib/python3.12/site-packages/airflow/example_dags/example_latest_only_with_trigger.py
[2025-10-23T12:10:33.460+0000] {processor.py:830} INFO - Processing file /home/khaled/dbt-env/lib/python3.12/site-packages/airflow/example_dags/example_latest_only_with_trigger.py for tasks to queue
[2025-10-23T12:10:33.462+0000] {logging_mixin.py:188} INFO - [2025-10-23T12:10:33.461+0000] {dagbag.py:545} INFO - Filling up the DagBag from /home/khaled/dbt-env/lib/python3.12/site-packages/airflow/example_dags/example_latest_only_with_trigger.py
[2025-10-23T12:10:33.467+0000] {processor.py:840} INFO - DAG(s) 'latest_only_with_trigger' retrieved from /home/khaled/dbt-env/lib/python3.12/site-packages/airflow/example_dags/example_latest_only_with_trigger.py
[2025-10-23T12:10:33.479+0000] {logging_mixin.py:188} INFO - [2025-10-23T12:10:33.479+0000] {dag.py:3089} INFO - Sync 1 DAGs
[2025-10-23T12:10:33.493+0000] {logging_mixin.py:188} INFO - [2025-10-23T12:10:33.493+0000] {dag.py:3947} INFO - Setting next_dagrun for latest_only_with_trigger to 2025-10-23 08:00:00+00:00, run_after=2025-10-23 12:00:00+00:00
[2025-10-23T12:10:33.515+0000] {processor.py:183} INFO - Processing /home/khaled/dbt-env/lib/python3.12/site-packages/airflow/example_dags/example_latest_only_with_trigger.py took 0.060 seconds
