[2025-10-23T11:39:36.118+0000] {processor.py:161} INFO - Started process (PID=5964) to work on /home/khaled/dbt-env/lib/python3.12/site-packages/airflow/example_dags/example_branch_operator.py
[2025-10-23T11:39:36.119+0000] {processor.py:830} INFO - Processing file /home/khaled/dbt-env/lib/python3.12/site-packages/airflow/example_dags/example_branch_operator.py for tasks to queue
[2025-10-23T11:39:36.120+0000] {logging_mixin.py:188} INFO - [2025-10-23T11:39:36.120+0000] {dagbag.py:545} INFO - Filling up the DagBag from /home/khaled/dbt-env/lib/python3.12/site-packages/airflow/example_dags/example_branch_operator.py
[2025-10-23T11:39:36.122+0000] {processor.py:842} WARNING - No viable dags retrieved from /home/khaled/dbt-env/lib/python3.12/site-packages/airflow/example_dags/example_branch_operator.py
[2025-10-23T11:39:36.130+0000] {processor.py:183} INFO - Processing /home/khaled/dbt-env/lib/python3.12/site-packages/airflow/example_dags/example_branch_operator.py took 0.016 seconds
[2025-10-23T11:55:10.851+0000] {processor.py:161} INFO - Started process (PID=9572) to work on /home/khaled/dbt-env/lib/python3.12/site-packages/airflow/example_dags/example_branch_operator.py
[2025-10-23T11:55:10.862+0000] {processor.py:830} INFO - Processing file /home/khaled/dbt-env/lib/python3.12/site-packages/airflow/example_dags/example_branch_operator.py for tasks to queue
[2025-10-23T11:55:10.864+0000] {logging_mixin.py:188} INFO - [2025-10-23T11:55:10.864+0000] {dagbag.py:545} INFO - Filling up the DagBag from /home/khaled/dbt-env/lib/python3.12/site-packages/airflow/example_dags/example_branch_operator.py
[2025-10-23T11:55:10.866+0000] {processor.py:842} WARNING - No viable dags retrieved from /home/khaled/dbt-env/lib/python3.12/site-packages/airflow/example_dags/example_branch_operator.py
[2025-10-23T11:55:10.874+0000] {processor.py:183} INFO - Processing /home/khaled/dbt-env/lib/python3.12/site-packages/airflow/example_dags/example_branch_operator.py took 0.027 seconds
[2025-10-23T11:56:24.768+0000] {processor.py:161} INFO - Started process (PID=9944) to work on /home/khaled/dbt-env/lib/python3.12/site-packages/airflow/example_dags/example_branch_operator.py
[2025-10-23T11:56:24.786+0000] {processor.py:830} INFO - Processing file /home/khaled/dbt-env/lib/python3.12/site-packages/airflow/example_dags/example_branch_operator.py for tasks to queue
[2025-10-23T11:56:24.834+0000] {logging_mixin.py:188} INFO - [2025-10-23T11:56:24.833+0000] {dagbag.py:545} INFO - Filling up the DagBag from /home/khaled/dbt-env/lib/python3.12/site-packages/airflow/example_dags/example_branch_operator.py
[2025-10-23T11:56:24.880+0000] {processor.py:842} WARNING - No viable dags retrieved from /home/khaled/dbt-env/lib/python3.12/site-packages/airflow/example_dags/example_branch_operator.py
[2025-10-23T11:56:25.000+0000] {processor.py:183} INFO - Processing /home/khaled/dbt-env/lib/python3.12/site-packages/airflow/example_dags/example_branch_operator.py took 0.334 seconds
[2025-10-23T11:57:58.510+0000] {processor.py:161} INFO - Started process (PID=10031) to work on /home/khaled/dbt-env/lib/python3.12/site-packages/airflow/example_dags/example_branch_operator.py
[2025-10-23T11:57:58.521+0000] {processor.py:830} INFO - Processing file /home/khaled/dbt-env/lib/python3.12/site-packages/airflow/example_dags/example_branch_operator.py for tasks to queue
[2025-10-23T11:57:58.523+0000] {logging_mixin.py:188} INFO - [2025-10-23T11:57:58.523+0000] {dagbag.py:545} INFO - Filling up the DagBag from /home/khaled/dbt-env/lib/python3.12/site-packages/airflow/example_dags/example_branch_operator.py
[2025-10-23T11:57:58.525+0000] {processor.py:842} WARNING - No viable dags retrieved from /home/khaled/dbt-env/lib/python3.12/site-packages/airflow/example_dags/example_branch_operator.py
[2025-10-23T11:57:58.534+0000] {processor.py:183} INFO - Processing /home/khaled/dbt-env/lib/python3.12/site-packages/airflow/example_dags/example_branch_operator.py took 0.029 seconds
[2025-10-23T11:59:36.238+0000] {processor.py:161} INFO - Started process (PID=10184) to work on /home/khaled/dbt-env/lib/python3.12/site-packages/airflow/example_dags/example_branch_operator.py
[2025-10-23T11:59:36.262+0000] {processor.py:830} INFO - Processing file /home/khaled/dbt-env/lib/python3.12/site-packages/airflow/example_dags/example_branch_operator.py for tasks to queue
[2025-10-23T11:59:36.329+0000] {logging_mixin.py:188} INFO - [2025-10-23T11:59:36.299+0000] {dagbag.py:545} INFO - Filling up the DagBag from /home/khaled/dbt-env/lib/python3.12/site-packages/airflow/example_dags/example_branch_operator.py
[2025-10-23T11:59:36.413+0000] {processor.py:842} WARNING - No viable dags retrieved from /home/khaled/dbt-env/lib/python3.12/site-packages/airflow/example_dags/example_branch_operator.py
[2025-10-23T11:59:36.523+0000] {processor.py:183} INFO - Processing /home/khaled/dbt-env/lib/python3.12/site-packages/airflow/example_dags/example_branch_operator.py took 0.343 seconds
[2025-10-23T12:00:56.141+0000] {processor.py:161} INFO - Started process (PID=10261) to work on /home/khaled/dbt-env/lib/python3.12/site-packages/airflow/example_dags/example_branch_operator.py
[2025-10-23T12:00:56.155+0000] {processor.py:830} INFO - Processing file /home/khaled/dbt-env/lib/python3.12/site-packages/airflow/example_dags/example_branch_operator.py for tasks to queue
[2025-10-23T12:00:56.157+0000] {logging_mixin.py:188} INFO - [2025-10-23T12:00:56.157+0000] {dagbag.py:545} INFO - Filling up the DagBag from /home/khaled/dbt-env/lib/python3.12/site-packages/airflow/example_dags/example_branch_operator.py
[2025-10-23T12:00:56.159+0000] {processor.py:842} WARNING - No viable dags retrieved from /home/khaled/dbt-env/lib/python3.12/site-packages/airflow/example_dags/example_branch_operator.py
[2025-10-23T12:00:56.189+0000] {processor.py:183} INFO - Processing /home/khaled/dbt-env/lib/python3.12/site-packages/airflow/example_dags/example_branch_operator.py took 0.057 seconds
[2025-10-23T12:03:00.369+0000] {processor.py:161} INFO - Started process (PID=10663) to work on /home/khaled/dbt-env/lib/python3.12/site-packages/airflow/example_dags/example_branch_operator.py
[2025-10-23T12:03:00.382+0000] {processor.py:830} INFO - Processing file /home/khaled/dbt-env/lib/python3.12/site-packages/airflow/example_dags/example_branch_operator.py for tasks to queue
[2025-10-23T12:03:00.391+0000] {logging_mixin.py:188} INFO - [2025-10-23T12:03:00.390+0000] {dagbag.py:545} INFO - Filling up the DagBag from /home/khaled/dbt-env/lib/python3.12/site-packages/airflow/example_dags/example_branch_operator.py
[2025-10-23T12:03:00.411+0000] {processor.py:842} WARNING - No viable dags retrieved from /home/khaled/dbt-env/lib/python3.12/site-packages/airflow/example_dags/example_branch_operator.py
[2025-10-23T12:03:00.504+0000] {processor.py:183} INFO - Processing /home/khaled/dbt-env/lib/python3.12/site-packages/airflow/example_dags/example_branch_operator.py took 0.149 seconds
[2025-10-23T12:04:13.036+0000] {processor.py:161} INFO - Started process (PID=10764) to work on /home/khaled/dbt-env/lib/python3.12/site-packages/airflow/example_dags/example_branch_operator.py
[2025-10-23T12:04:13.046+0000] {processor.py:830} INFO - Processing file /home/khaled/dbt-env/lib/python3.12/site-packages/airflow/example_dags/example_branch_operator.py for tasks to queue
[2025-10-23T12:04:13.049+0000] {logging_mixin.py:188} INFO - [2025-10-23T12:04:13.048+0000] {dagbag.py:545} INFO - Filling up the DagBag from /home/khaled/dbt-env/lib/python3.12/site-packages/airflow/example_dags/example_branch_operator.py
[2025-10-23T12:04:13.052+0000] {processor.py:842} WARNING - No viable dags retrieved from /home/khaled/dbt-env/lib/python3.12/site-packages/airflow/example_dags/example_branch_operator.py
[2025-10-23T12:04:13.060+0000] {processor.py:183} INFO - Processing /home/khaled/dbt-env/lib/python3.12/site-packages/airflow/example_dags/example_branch_operator.py took 0.029 seconds
[2025-10-23T12:05:12.997+0000] {processor.py:161} INFO - Started process (PID=11168) to work on /home/khaled/dbt-env/lib/python3.12/site-packages/airflow/example_dags/example_branch_operator.py
[2025-10-23T12:05:13.009+0000] {processor.py:830} INFO - Processing file /home/khaled/dbt-env/lib/python3.12/site-packages/airflow/example_dags/example_branch_operator.py for tasks to queue
[2025-10-23T12:05:13.010+0000] {logging_mixin.py:188} INFO - [2025-10-23T12:05:13.010+0000] {dagbag.py:545} INFO - Filling up the DagBag from /home/khaled/dbt-env/lib/python3.12/site-packages/airflow/example_dags/example_branch_operator.py
[2025-10-23T12:05:13.013+0000] {processor.py:842} WARNING - No viable dags retrieved from /home/khaled/dbt-env/lib/python3.12/site-packages/airflow/example_dags/example_branch_operator.py
[2025-10-23T12:05:13.021+0000] {processor.py:183} INFO - Processing /home/khaled/dbt-env/lib/python3.12/site-packages/airflow/example_dags/example_branch_operator.py took 0.028 seconds
[2025-10-23T12:06:19.650+0000] {processor.py:161} INFO - Started process (PID=11270) to work on /home/khaled/dbt-env/lib/python3.12/site-packages/airflow/example_dags/example_branch_operator.py
[2025-10-23T12:06:19.655+0000] {processor.py:830} INFO - Processing file /home/khaled/dbt-env/lib/python3.12/site-packages/airflow/example_dags/example_branch_operator.py for tasks to queue
[2025-10-23T12:06:19.657+0000] {logging_mixin.py:188} INFO - [2025-10-23T12:06:19.657+0000] {dagbag.py:545} INFO - Filling up the DagBag from /home/khaled/dbt-env/lib/python3.12/site-packages/airflow/example_dags/example_branch_operator.py
[2025-10-23T12:06:19.665+0000] {processor.py:842} WARNING - No viable dags retrieved from /home/khaled/dbt-env/lib/python3.12/site-packages/airflow/example_dags/example_branch_operator.py
[2025-10-23T12:06:19.694+0000] {processor.py:183} INFO - Processing /home/khaled/dbt-env/lib/python3.12/site-packages/airflow/example_dags/example_branch_operator.py took 0.066 seconds
[2025-10-23T12:07:24.650+0000] {processor.py:161} INFO - Started process (PID=11361) to work on /home/khaled/dbt-env/lib/python3.12/site-packages/airflow/example_dags/example_branch_operator.py
[2025-10-23T12:07:24.652+0000] {processor.py:830} INFO - Processing file /home/khaled/dbt-env/lib/python3.12/site-packages/airflow/example_dags/example_branch_operator.py for tasks to queue
[2025-10-23T12:07:24.654+0000] {logging_mixin.py:188} INFO - [2025-10-23T12:07:24.654+0000] {dagbag.py:545} INFO - Filling up the DagBag from /home/khaled/dbt-env/lib/python3.12/site-packages/airflow/example_dags/example_branch_operator.py
[2025-10-23T12:07:24.656+0000] {processor.py:842} WARNING - No viable dags retrieved from /home/khaled/dbt-env/lib/python3.12/site-packages/airflow/example_dags/example_branch_operator.py
[2025-10-23T12:07:24.673+0000] {processor.py:183} INFO - Processing /home/khaled/dbt-env/lib/python3.12/site-packages/airflow/example_dags/example_branch_operator.py took 0.029 seconds
[2025-10-23T12:08:38.242+0000] {processor.py:161} INFO - Started process (PID=11450) to work on /home/khaled/dbt-env/lib/python3.12/site-packages/airflow/example_dags/example_branch_operator.py
[2025-10-23T12:08:38.243+0000] {processor.py:830} INFO - Processing file /home/khaled/dbt-env/lib/python3.12/site-packages/airflow/example_dags/example_branch_operator.py for tasks to queue
[2025-10-23T12:08:38.245+0000] {logging_mixin.py:188} INFO - [2025-10-23T12:08:38.244+0000] {dagbag.py:545} INFO - Filling up the DagBag from /home/khaled/dbt-env/lib/python3.12/site-packages/airflow/example_dags/example_branch_operator.py
[2025-10-23T12:08:38.247+0000] {processor.py:842} WARNING - No viable dags retrieved from /home/khaled/dbt-env/lib/python3.12/site-packages/airflow/example_dags/example_branch_operator.py
[2025-10-23T12:08:38.255+0000] {processor.py:183} INFO - Processing /home/khaled/dbt-env/lib/python3.12/site-packages/airflow/example_dags/example_branch_operator.py took 0.017 seconds
[2025-10-23T12:09:52.312+0000] {processor.py:161} INFO - Started process (PID=11639) to work on /home/khaled/dbt-env/lib/python3.12/site-packages/airflow/example_dags/example_branch_operator.py
[2025-10-23T12:09:52.314+0000] {processor.py:830} INFO - Processing file /home/khaled/dbt-env/lib/python3.12/site-packages/airflow/example_dags/example_branch_operator.py for tasks to queue
[2025-10-23T12:09:52.316+0000] {logging_mixin.py:188} INFO - [2025-10-23T12:09:52.316+0000] {dagbag.py:545} INFO - Filling up the DagBag from /home/khaled/dbt-env/lib/python3.12/site-packages/airflow/example_dags/example_branch_operator.py
[2025-10-23T12:09:52.318+0000] {processor.py:842} WARNING - No viable dags retrieved from /home/khaled/dbt-env/lib/python3.12/site-packages/airflow/example_dags/example_branch_operator.py
[2025-10-23T12:09:52.326+0000] {processor.py:183} INFO - Processing /home/khaled/dbt-env/lib/python3.12/site-packages/airflow/example_dags/example_branch_operator.py took 0.018 seconds
[2025-10-23T12:11:23.360+0000] {processor.py:161} INFO - Started process (PID=11727) to work on /home/khaled/dbt-env/lib/python3.12/site-packages/airflow/example_dags/example_branch_operator.py
[2025-10-23T12:11:23.377+0000] {processor.py:830} INFO - Processing file /home/khaled/dbt-env/lib/python3.12/site-packages/airflow/example_dags/example_branch_operator.py for tasks to queue
[2025-10-23T12:11:23.399+0000] {logging_mixin.py:188} INFO - [2025-10-23T12:11:23.394+0000] {dagbag.py:545} INFO - Filling up the DagBag from /home/khaled/dbt-env/lib/python3.12/site-packages/airflow/example_dags/example_branch_operator.py
[2025-10-23T12:11:23.422+0000] {processor.py:842} WARNING - No viable dags retrieved from /home/khaled/dbt-env/lib/python3.12/site-packages/airflow/example_dags/example_branch_operator.py
[2025-10-23T12:11:23.646+0000] {processor.py:183} INFO - Processing /home/khaled/dbt-env/lib/python3.12/site-packages/airflow/example_dags/example_branch_operator.py took 0.611 seconds
