[2025-10-23T11:39:21.055+0000] {processor.py:161} INFO - Started process (PID=5948) to work on /home/khaled/dbt-env/lib/python3.12/site-packages/airflow/example_dags/example_nested_branch_dag.py
[2025-10-23T11:39:21.056+0000] {processor.py:830} INFO - Processing file /home/khaled/dbt-env/lib/python3.12/site-packages/airflow/example_dags/example_nested_branch_dag.py for tasks to queue
[2025-10-23T11:39:21.058+0000] {logging_mixin.py:188} INFO - [2025-10-23T11:39:21.057+0000] {dagbag.py:545} INFO - Filling up the DagBag from /home/khaled/dbt-env/lib/python3.12/site-packages/airflow/example_dags/example_nested_branch_dag.py
[2025-10-23T11:39:21.067+0000] {processor.py:840} INFO - DAG(s) 'example_nested_branch_dag' retrieved from /home/khaled/dbt-env/lib/python3.12/site-packages/airflow/example_dags/example_nested_branch_dag.py
[2025-10-23T11:39:21.089+0000] {logging_mixin.py:188} INFO - [2025-10-23T11:39:21.088+0000] {dag.py:3089} INFO - Sync 1 DAGs
[2025-10-23T11:39:21.109+0000] {logging_mixin.py:188} INFO - [2025-10-23T11:39:21.108+0000] {dag.py:3947} INFO - Setting next_dagrun for example_nested_branch_dag to 2025-10-22 00:00:00+00:00, run_after=2025-10-23 00:00:00+00:00
[2025-10-23T11:39:21.166+0000] {processor.py:183} INFO - Processing /home/khaled/dbt-env/lib/python3.12/site-packages/airflow/example_dags/example_nested_branch_dag.py took 0.116 seconds
[2025-10-23T11:54:58.107+0000] {processor.py:161} INFO - Started process (PID=9551) to work on /home/khaled/dbt-env/lib/python3.12/site-packages/airflow/example_dags/example_nested_branch_dag.py
[2025-10-23T11:54:58.118+0000] {processor.py:830} INFO - Processing file /home/khaled/dbt-env/lib/python3.12/site-packages/airflow/example_dags/example_nested_branch_dag.py for tasks to queue
[2025-10-23T11:54:58.120+0000] {logging_mixin.py:188} INFO - [2025-10-23T11:54:58.119+0000] {dagbag.py:545} INFO - Filling up the DagBag from /home/khaled/dbt-env/lib/python3.12/site-packages/airflow/example_dags/example_nested_branch_dag.py
[2025-10-23T11:54:58.127+0000] {processor.py:840} INFO - DAG(s) 'example_nested_branch_dag' retrieved from /home/khaled/dbt-env/lib/python3.12/site-packages/airflow/example_dags/example_nested_branch_dag.py
[2025-10-23T11:54:58.141+0000] {logging_mixin.py:188} INFO - [2025-10-23T11:54:58.141+0000] {dag.py:3089} INFO - Sync 1 DAGs
[2025-10-23T11:54:58.156+0000] {logging_mixin.py:188} INFO - [2025-10-23T11:54:58.156+0000] {dag.py:3947} INFO - Setting next_dagrun for example_nested_branch_dag to 2025-10-22 00:00:00+00:00, run_after=2025-10-23 00:00:00+00:00
[2025-10-23T11:54:58.176+0000] {processor.py:183} INFO - Processing /home/khaled/dbt-env/lib/python3.12/site-packages/airflow/example_dags/example_nested_branch_dag.py took 0.073 seconds
[2025-10-23T11:55:57.324+0000] {processor.py:161} INFO - Started process (PID=9803) to work on /home/khaled/dbt-env/lib/python3.12/site-packages/airflow/example_dags/example_nested_branch_dag.py
[2025-10-23T11:55:57.336+0000] {processor.py:830} INFO - Processing file /home/khaled/dbt-env/lib/python3.12/site-packages/airflow/example_dags/example_nested_branch_dag.py for tasks to queue
[2025-10-23T11:55:57.338+0000] {logging_mixin.py:188} INFO - [2025-10-23T11:55:57.337+0000] {dagbag.py:545} INFO - Filling up the DagBag from /home/khaled/dbt-env/lib/python3.12/site-packages/airflow/example_dags/example_nested_branch_dag.py
[2025-10-23T11:55:57.346+0000] {processor.py:840} INFO - DAG(s) 'example_nested_branch_dag' retrieved from /home/khaled/dbt-env/lib/python3.12/site-packages/airflow/example_dags/example_nested_branch_dag.py
[2025-10-23T11:55:57.358+0000] {logging_mixin.py:188} INFO - [2025-10-23T11:55:57.358+0000] {dag.py:3089} INFO - Sync 1 DAGs
[2025-10-23T11:55:57.388+0000] {logging_mixin.py:188} INFO - [2025-10-23T11:55:57.387+0000] {dag.py:3947} INFO - Setting next_dagrun for example_nested_branch_dag to 2025-10-22 00:00:00+00:00, run_after=2025-10-23 00:00:00+00:00
[2025-10-23T11:55:57.412+0000] {processor.py:183} INFO - Processing /home/khaled/dbt-env/lib/python3.12/site-packages/airflow/example_dags/example_nested_branch_dag.py took 0.092 seconds
[2025-10-23T11:57:28.258+0000] {processor.py:161} INFO - Started process (PID=9996) to work on /home/khaled/dbt-env/lib/python3.12/site-packages/airflow/example_dags/example_nested_branch_dag.py
[2025-10-23T11:57:28.269+0000] {processor.py:830} INFO - Processing file /home/khaled/dbt-env/lib/python3.12/site-packages/airflow/example_dags/example_nested_branch_dag.py for tasks to queue
[2025-10-23T11:57:28.270+0000] {logging_mixin.py:188} INFO - [2025-10-23T11:57:28.270+0000] {dagbag.py:545} INFO - Filling up the DagBag from /home/khaled/dbt-env/lib/python3.12/site-packages/airflow/example_dags/example_nested_branch_dag.py
[2025-10-23T11:57:28.278+0000] {processor.py:840} INFO - DAG(s) 'example_nested_branch_dag' retrieved from /home/khaled/dbt-env/lib/python3.12/site-packages/airflow/example_dags/example_nested_branch_dag.py
[2025-10-23T11:57:28.291+0000] {logging_mixin.py:188} INFO - [2025-10-23T11:57:28.291+0000] {dag.py:3089} INFO - Sync 1 DAGs
[2025-10-23T11:57:28.306+0000] {logging_mixin.py:188} INFO - [2025-10-23T11:57:28.306+0000] {dag.py:3947} INFO - Setting next_dagrun for example_nested_branch_dag to 2025-10-22 00:00:00+00:00, run_after=2025-10-23 00:00:00+00:00
[2025-10-23T11:57:28.327+0000] {processor.py:183} INFO - Processing /home/khaled/dbt-env/lib/python3.12/site-packages/airflow/example_dags/example_nested_branch_dag.py took 0.074 seconds
[2025-10-23T11:58:22.641+0000] {processor.py:161} INFO - Started process (PID=10063) to work on /home/khaled/dbt-env/lib/python3.12/site-packages/airflow/example_dags/example_nested_branch_dag.py
[2025-10-23T11:58:22.653+0000] {processor.py:830} INFO - Processing file /home/khaled/dbt-env/lib/python3.12/site-packages/airflow/example_dags/example_nested_branch_dag.py for tasks to queue
[2025-10-23T11:58:22.655+0000] {logging_mixin.py:188} INFO - [2025-10-23T11:58:22.654+0000] {dagbag.py:545} INFO - Filling up the DagBag from /home/khaled/dbt-env/lib/python3.12/site-packages/airflow/example_dags/example_nested_branch_dag.py
[2025-10-23T11:58:22.664+0000] {processor.py:840} INFO - DAG(s) 'example_nested_branch_dag' retrieved from /home/khaled/dbt-env/lib/python3.12/site-packages/airflow/example_dags/example_nested_branch_dag.py
[2025-10-23T11:58:22.682+0000] {logging_mixin.py:188} INFO - [2025-10-23T11:58:22.681+0000] {dag.py:3089} INFO - Sync 1 DAGs
[2025-10-23T11:58:22.707+0000] {logging_mixin.py:188} INFO - [2025-10-23T11:58:22.707+0000] {dag.py:3947} INFO - Setting next_dagrun for example_nested_branch_dag to 2025-10-22 00:00:00+00:00, run_after=2025-10-23 00:00:00+00:00
[2025-10-23T11:58:22.740+0000] {processor.py:183} INFO - Processing /home/khaled/dbt-env/lib/python3.12/site-packages/airflow/example_dags/example_nested_branch_dag.py took 0.104 seconds
[2025-10-23T12:00:22.520+0000] {processor.py:161} INFO - Started process (PID=10222) to work on /home/khaled/dbt-env/lib/python3.12/site-packages/airflow/example_dags/example_nested_branch_dag.py
[2025-10-23T12:00:22.530+0000] {processor.py:830} INFO - Processing file /home/khaled/dbt-env/lib/python3.12/site-packages/airflow/example_dags/example_nested_branch_dag.py for tasks to queue
[2025-10-23T12:00:22.532+0000] {logging_mixin.py:188} INFO - [2025-10-23T12:00:22.531+0000] {dagbag.py:545} INFO - Filling up the DagBag from /home/khaled/dbt-env/lib/python3.12/site-packages/airflow/example_dags/example_nested_branch_dag.py
[2025-10-23T12:00:22.539+0000] {processor.py:840} INFO - DAG(s) 'example_nested_branch_dag' retrieved from /home/khaled/dbt-env/lib/python3.12/site-packages/airflow/example_dags/example_nested_branch_dag.py
[2025-10-23T12:00:22.551+0000] {logging_mixin.py:188} INFO - [2025-10-23T12:00:22.551+0000] {dag.py:3089} INFO - Sync 1 DAGs
[2025-10-23T12:00:22.565+0000] {logging_mixin.py:188} INFO - [2025-10-23T12:00:22.565+0000] {dag.py:3947} INFO - Setting next_dagrun for example_nested_branch_dag to 2025-10-22 00:00:00+00:00, run_after=2025-10-23 00:00:00+00:00
[2025-10-23T12:00:22.585+0000] {processor.py:183} INFO - Processing /home/khaled/dbt-env/lib/python3.12/site-packages/airflow/example_dags/example_nested_branch_dag.py took 0.070 seconds
[2025-10-23T12:01:12.964+0000] {processor.py:161} INFO - Started process (PID=10356) to work on /home/khaled/dbt-env/lib/python3.12/site-packages/airflow/example_dags/example_nested_branch_dag.py
[2025-10-23T12:01:12.965+0000] {processor.py:830} INFO - Processing file /home/khaled/dbt-env/lib/python3.12/site-packages/airflow/example_dags/example_nested_branch_dag.py for tasks to queue
[2025-10-23T12:01:12.967+0000] {logging_mixin.py:188} INFO - [2025-10-23T12:01:12.967+0000] {dagbag.py:545} INFO - Filling up the DagBag from /home/khaled/dbt-env/lib/python3.12/site-packages/airflow/example_dags/example_nested_branch_dag.py
[2025-10-23T12:01:12.975+0000] {processor.py:840} INFO - DAG(s) 'example_nested_branch_dag' retrieved from /home/khaled/dbt-env/lib/python3.12/site-packages/airflow/example_dags/example_nested_branch_dag.py
[2025-10-23T12:01:12.990+0000] {logging_mixin.py:188} INFO - [2025-10-23T12:01:12.989+0000] {dag.py:3089} INFO - Sync 1 DAGs
[2025-10-23T12:01:13.005+0000] {logging_mixin.py:188} INFO - [2025-10-23T12:01:13.005+0000] {dag.py:3947} INFO - Setting next_dagrun for example_nested_branch_dag to 2025-10-22 00:00:00+00:00, run_after=2025-10-23 00:00:00+00:00
[2025-10-23T12:01:13.042+0000] {processor.py:183} INFO - Processing /home/khaled/dbt-env/lib/python3.12/site-packages/airflow/example_dags/example_nested_branch_dag.py took 0.083 seconds
[2025-10-23T12:02:45.403+0000] {processor.py:161} INFO - Started process (PID=10650) to work on /home/khaled/dbt-env/lib/python3.12/site-packages/airflow/example_dags/example_nested_branch_dag.py
[2025-10-23T12:02:45.405+0000] {processor.py:830} INFO - Processing file /home/khaled/dbt-env/lib/python3.12/site-packages/airflow/example_dags/example_nested_branch_dag.py for tasks to queue
[2025-10-23T12:02:45.408+0000] {logging_mixin.py:188} INFO - [2025-10-23T12:02:45.407+0000] {dagbag.py:545} INFO - Filling up the DagBag from /home/khaled/dbt-env/lib/python3.12/site-packages/airflow/example_dags/example_nested_branch_dag.py
[2025-10-23T12:02:45.416+0000] {processor.py:840} INFO - DAG(s) 'example_nested_branch_dag' retrieved from /home/khaled/dbt-env/lib/python3.12/site-packages/airflow/example_dags/example_nested_branch_dag.py
[2025-10-23T12:02:45.429+0000] {logging_mixin.py:188} INFO - [2025-10-23T12:02:45.429+0000] {dag.py:3089} INFO - Sync 1 DAGs
[2025-10-23T12:02:45.443+0000] {logging_mixin.py:188} INFO - [2025-10-23T12:02:45.443+0000] {dag.py:3947} INFO - Setting next_dagrun for example_nested_branch_dag to 2025-10-22 00:00:00+00:00, run_after=2025-10-23 00:00:00+00:00
[2025-10-23T12:02:45.465+0000] {processor.py:183} INFO - Processing /home/khaled/dbt-env/lib/python3.12/site-packages/airflow/example_dags/example_nested_branch_dag.py took 0.066 seconds
[2025-10-23T12:03:52.245+0000] {processor.py:161} INFO - Started process (PID=10749) to work on /home/khaled/dbt-env/lib/python3.12/site-packages/airflow/example_dags/example_nested_branch_dag.py
[2025-10-23T12:03:52.252+0000] {processor.py:830} INFO - Processing file /home/khaled/dbt-env/lib/python3.12/site-packages/airflow/example_dags/example_nested_branch_dag.py for tasks to queue
[2025-10-23T12:03:52.259+0000] {logging_mixin.py:188} INFO - [2025-10-23T12:03:52.258+0000] {dagbag.py:545} INFO - Filling up the DagBag from /home/khaled/dbt-env/lib/python3.12/site-packages/airflow/example_dags/example_nested_branch_dag.py
[2025-10-23T12:03:52.279+0000] {processor.py:840} INFO - DAG(s) 'example_nested_branch_dag' retrieved from /home/khaled/dbt-env/lib/python3.12/site-packages/airflow/example_dags/example_nested_branch_dag.py
[2025-10-23T12:03:52.328+0000] {logging_mixin.py:188} INFO - [2025-10-23T12:03:52.327+0000] {dag.py:3089} INFO - Sync 1 DAGs
[2025-10-23T12:03:52.758+0000] {logging_mixin.py:188} INFO - [2025-10-23T12:03:52.757+0000] {dag.py:3947} INFO - Setting next_dagrun for example_nested_branch_dag to 2025-10-22 00:00:00+00:00, run_after=2025-10-23 00:00:00+00:00
[2025-10-23T12:03:53.326+0000] {processor.py:183} INFO - Processing /home/khaled/dbt-env/lib/python3.12/site-packages/airflow/example_dags/example_nested_branch_dag.py took 1.137 seconds
[2025-10-23T12:05:04.262+0000] {processor.py:161} INFO - Started process (PID=11100) to work on /home/khaled/dbt-env/lib/python3.12/site-packages/airflow/example_dags/example_nested_branch_dag.py
[2025-10-23T12:05:04.273+0000] {processor.py:830} INFO - Processing file /home/khaled/dbt-env/lib/python3.12/site-packages/airflow/example_dags/example_nested_branch_dag.py for tasks to queue
[2025-10-23T12:05:04.275+0000] {logging_mixin.py:188} INFO - [2025-10-23T12:05:04.275+0000] {dagbag.py:545} INFO - Filling up the DagBag from /home/khaled/dbt-env/lib/python3.12/site-packages/airflow/example_dags/example_nested_branch_dag.py
[2025-10-23T12:05:04.283+0000] {processor.py:840} INFO - DAG(s) 'example_nested_branch_dag' retrieved from /home/khaled/dbt-env/lib/python3.12/site-packages/airflow/example_dags/example_nested_branch_dag.py
[2025-10-23T12:05:04.295+0000] {logging_mixin.py:188} INFO - [2025-10-23T12:05:04.295+0000] {dag.py:3089} INFO - Sync 1 DAGs
[2025-10-23T12:05:04.314+0000] {logging_mixin.py:188} INFO - [2025-10-23T12:05:04.314+0000] {dag.py:3947} INFO - Setting next_dagrun for example_nested_branch_dag to 2025-10-22 00:00:00+00:00, run_after=2025-10-23 00:00:00+00:00
[2025-10-23T12:05:04.333+0000] {processor.py:183} INFO - Processing /home/khaled/dbt-env/lib/python3.12/site-packages/airflow/example_dags/example_nested_branch_dag.py took 0.076 seconds
[2025-10-23T12:05:49.647+0000] {processor.py:161} INFO - Started process (PID=11229) to work on /home/khaled/dbt-env/lib/python3.12/site-packages/airflow/example_dags/example_nested_branch_dag.py
[2025-10-23T12:05:49.652+0000] {processor.py:830} INFO - Processing file /home/khaled/dbt-env/lib/python3.12/site-packages/airflow/example_dags/example_nested_branch_dag.py for tasks to queue
[2025-10-23T12:05:49.654+0000] {logging_mixin.py:188} INFO - [2025-10-23T12:05:49.653+0000] {dagbag.py:545} INFO - Filling up the DagBag from /home/khaled/dbt-env/lib/python3.12/site-packages/airflow/example_dags/example_nested_branch_dag.py
[2025-10-23T12:05:49.666+0000] {processor.py:840} INFO - DAG(s) 'example_nested_branch_dag' retrieved from /home/khaled/dbt-env/lib/python3.12/site-packages/airflow/example_dags/example_nested_branch_dag.py
[2025-10-23T12:05:49.686+0000] {logging_mixin.py:188} INFO - [2025-10-23T12:05:49.685+0000] {dag.py:3089} INFO - Sync 1 DAGs
[2025-10-23T12:05:49.711+0000] {logging_mixin.py:188} INFO - [2025-10-23T12:05:49.711+0000] {dag.py:3947} INFO - Setting next_dagrun for example_nested_branch_dag to 2025-10-22 00:00:00+00:00, run_after=2025-10-23 00:00:00+00:00
[2025-10-23T12:05:49.842+0000] {processor.py:183} INFO - Processing /home/khaled/dbt-env/lib/python3.12/site-packages/airflow/example_dags/example_nested_branch_dag.py took 0.200 seconds
[2025-10-23T12:06:39.183+0000] {processor.py:161} INFO - Started process (PID=11298) to work on /home/khaled/dbt-env/lib/python3.12/site-packages/airflow/example_dags/example_nested_branch_dag.py
[2025-10-23T12:06:39.185+0000] {processor.py:830} INFO - Processing file /home/khaled/dbt-env/lib/python3.12/site-packages/airflow/example_dags/example_nested_branch_dag.py for tasks to queue
[2025-10-23T12:06:39.186+0000] {logging_mixin.py:188} INFO - [2025-10-23T12:06:39.186+0000] {dagbag.py:545} INFO - Filling up the DagBag from /home/khaled/dbt-env/lib/python3.12/site-packages/airflow/example_dags/example_nested_branch_dag.py
[2025-10-23T12:06:39.195+0000] {processor.py:840} INFO - DAG(s) 'example_nested_branch_dag' retrieved from /home/khaled/dbt-env/lib/python3.12/site-packages/airflow/example_dags/example_nested_branch_dag.py
[2025-10-23T12:06:39.208+0000] {logging_mixin.py:188} INFO - [2025-10-23T12:06:39.207+0000] {dag.py:3089} INFO - Sync 1 DAGs
[2025-10-23T12:06:39.224+0000] {logging_mixin.py:188} INFO - [2025-10-23T12:06:39.224+0000] {dag.py:3947} INFO - Setting next_dagrun for example_nested_branch_dag to 2025-10-22 00:00:00+00:00, run_after=2025-10-23 00:00:00+00:00
[2025-10-23T12:06:39.246+0000] {processor.py:183} INFO - Processing /home/khaled/dbt-env/lib/python3.12/site-packages/airflow/example_dags/example_nested_branch_dag.py took 0.068 seconds
[2025-10-23T12:07:47.995+0000] {processor.py:161} INFO - Started process (PID=11385) to work on /home/khaled/dbt-env/lib/python3.12/site-packages/airflow/example_dags/example_nested_branch_dag.py
[2025-10-23T12:07:48.017+0000] {processor.py:830} INFO - Processing file /home/khaled/dbt-env/lib/python3.12/site-packages/airflow/example_dags/example_nested_branch_dag.py for tasks to queue
[2025-10-23T12:07:48.023+0000] {logging_mixin.py:188} INFO - [2025-10-23T12:07:48.023+0000] {dagbag.py:545} INFO - Filling up the DagBag from /home/khaled/dbt-env/lib/python3.12/site-packages/airflow/example_dags/example_nested_branch_dag.py
[2025-10-23T12:07:48.041+0000] {processor.py:840} INFO - DAG(s) 'example_nested_branch_dag' retrieved from /home/khaled/dbt-env/lib/python3.12/site-packages/airflow/example_dags/example_nested_branch_dag.py
[2025-10-23T12:07:48.092+0000] {logging_mixin.py:188} INFO - [2025-10-23T12:07:48.091+0000] {dag.py:3089} INFO - Sync 1 DAGs
[2025-10-23T12:07:48.122+0000] {logging_mixin.py:188} INFO - [2025-10-23T12:07:48.122+0000] {dag.py:3947} INFO - Setting next_dagrun for example_nested_branch_dag to 2025-10-22 00:00:00+00:00, run_after=2025-10-23 00:00:00+00:00
[2025-10-23T12:07:48.192+0000] {processor.py:183} INFO - Processing /home/khaled/dbt-env/lib/python3.12/site-packages/airflow/example_dags/example_nested_branch_dag.py took 0.214 seconds
[2025-10-23T12:08:37.693+0000] {processor.py:161} INFO - Started process (PID=11449) to work on /home/khaled/dbt-env/lib/python3.12/site-packages/airflow/example_dags/example_nested_branch_dag.py
[2025-10-23T12:08:37.694+0000] {processor.py:830} INFO - Processing file /home/khaled/dbt-env/lib/python3.12/site-packages/airflow/example_dags/example_nested_branch_dag.py for tasks to queue
[2025-10-23T12:08:37.696+0000] {logging_mixin.py:188} INFO - [2025-10-23T12:08:37.696+0000] {dagbag.py:545} INFO - Filling up the DagBag from /home/khaled/dbt-env/lib/python3.12/site-packages/airflow/example_dags/example_nested_branch_dag.py
[2025-10-23T12:08:37.703+0000] {processor.py:840} INFO - DAG(s) 'example_nested_branch_dag' retrieved from /home/khaled/dbt-env/lib/python3.12/site-packages/airflow/example_dags/example_nested_branch_dag.py
[2025-10-23T12:08:37.715+0000] {logging_mixin.py:188} INFO - [2025-10-23T12:08:37.715+0000] {dag.py:3089} INFO - Sync 1 DAGs
[2025-10-23T12:08:37.821+0000] {logging_mixin.py:188} INFO - [2025-10-23T12:08:37.820+0000] {dag.py:3947} INFO - Setting next_dagrun for example_nested_branch_dag to 2025-10-22 00:00:00+00:00, run_after=2025-10-23 00:00:00+00:00
[2025-10-23T12:08:37.851+0000] {processor.py:183} INFO - Processing /home/khaled/dbt-env/lib/python3.12/site-packages/airflow/example_dags/example_nested_branch_dag.py took 0.163 seconds
[2025-10-23T12:09:26.497+0000] {processor.py:161} INFO - Started process (PID=11611) to work on /home/khaled/dbt-env/lib/python3.12/site-packages/airflow/example_dags/example_nested_branch_dag.py
[2025-10-23T12:09:26.499+0000] {processor.py:830} INFO - Processing file /home/khaled/dbt-env/lib/python3.12/site-packages/airflow/example_dags/example_nested_branch_dag.py for tasks to queue
[2025-10-23T12:09:26.500+0000] {logging_mixin.py:188} INFO - [2025-10-23T12:09:26.500+0000] {dagbag.py:545} INFO - Filling up the DagBag from /home/khaled/dbt-env/lib/python3.12/site-packages/airflow/example_dags/example_nested_branch_dag.py
[2025-10-23T12:09:26.509+0000] {processor.py:840} INFO - DAG(s) 'example_nested_branch_dag' retrieved from /home/khaled/dbt-env/lib/python3.12/site-packages/airflow/example_dags/example_nested_branch_dag.py
[2025-10-23T12:09:26.521+0000] {logging_mixin.py:188} INFO - [2025-10-23T12:09:26.521+0000] {dag.py:3089} INFO - Sync 1 DAGs
[2025-10-23T12:09:26.535+0000] {logging_mixin.py:188} INFO - [2025-10-23T12:09:26.535+0000] {dag.py:3947} INFO - Setting next_dagrun for example_nested_branch_dag to 2025-10-22 00:00:00+00:00, run_after=2025-10-23 00:00:00+00:00
[2025-10-23T12:09:26.571+0000] {processor.py:183} INFO - Processing /home/khaled/dbt-env/lib/python3.12/site-packages/airflow/example_dags/example_nested_branch_dag.py took 0.078 seconds
[2025-10-23T12:10:31.182+0000] {processor.py:161} INFO - Started process (PID=11687) to work on /home/khaled/dbt-env/lib/python3.12/site-packages/airflow/example_dags/example_nested_branch_dag.py
[2025-10-23T12:10:31.193+0000] {processor.py:830} INFO - Processing file /home/khaled/dbt-env/lib/python3.12/site-packages/airflow/example_dags/example_nested_branch_dag.py for tasks to queue
[2025-10-23T12:10:31.195+0000] {logging_mixin.py:188} INFO - [2025-10-23T12:10:31.194+0000] {dagbag.py:545} INFO - Filling up the DagBag from /home/khaled/dbt-env/lib/python3.12/site-packages/airflow/example_dags/example_nested_branch_dag.py
[2025-10-23T12:10:31.202+0000] {processor.py:840} INFO - DAG(s) 'example_nested_branch_dag' retrieved from /home/khaled/dbt-env/lib/python3.12/site-packages/airflow/example_dags/example_nested_branch_dag.py
[2025-10-23T12:10:31.215+0000] {logging_mixin.py:188} INFO - [2025-10-23T12:10:31.215+0000] {dag.py:3089} INFO - Sync 1 DAGs
[2025-10-23T12:10:31.229+0000] {logging_mixin.py:188} INFO - [2025-10-23T12:10:31.229+0000] {dag.py:3947} INFO - Setting next_dagrun for example_nested_branch_dag to 2025-10-22 00:00:00+00:00, run_after=2025-10-23 00:00:00+00:00
[2025-10-23T12:10:31.250+0000] {processor.py:183} INFO - Processing /home/khaled/dbt-env/lib/python3.12/site-packages/airflow/example_dags/example_nested_branch_dag.py took 0.072 seconds
