[2025-10-23T11:39:27.447+0000] {processor.py:161} INFO - Started process (PID=5954) to work on /home/khaled/dbt-env/lib/python3.12/site-packages/airflow/example_dags/example_dynamic_task_mapping_with_no_taskflow_operators.py
[2025-10-23T11:39:27.448+0000] {processor.py:830} INFO - Processing file /home/khaled/dbt-env/lib/python3.12/site-packages/airflow/example_dags/example_dynamic_task_mapping_with_no_taskflow_operators.py for tasks to queue
[2025-10-23T11:39:27.450+0000] {logging_mixin.py:188} INFO - [2025-10-23T11:39:27.450+0000] {dagbag.py:545} INFO - Filling up the DagBag from /home/khaled/dbt-env/lib/python3.12/site-packages/airflow/example_dags/example_dynamic_task_mapping_with_no_taskflow_operators.py
[2025-10-23T11:39:27.457+0000] {processor.py:840} INFO - DAG(s) 'example_dynamic_task_mapping_with_no_taskflow_operators' retrieved from /home/khaled/dbt-env/lib/python3.12/site-packages/airflow/example_dags/example_dynamic_task_mapping_with_no_taskflow_operators.py
[2025-10-23T11:39:27.473+0000] {logging_mixin.py:188} INFO - [2025-10-23T11:39:27.472+0000] {dag.py:3089} INFO - Sync 1 DAGs
[2025-10-23T11:39:27.493+0000] {logging_mixin.py:188} INFO - [2025-10-23T11:39:27.493+0000] {dag.py:3947} INFO - Setting next_dagrun for example_dynamic_task_mapping_with_no_taskflow_operators to 2025-10-22 00:00:00+00:00, run_after=2025-10-23 00:00:00+00:00
[2025-10-23T11:39:27.545+0000] {processor.py:183} INFO - Processing /home/khaled/dbt-env/lib/python3.12/site-packages/airflow/example_dags/example_dynamic_task_mapping_with_no_taskflow_operators.py took 0.112 seconds
[2025-10-23T11:55:03.253+0000] {processor.py:161} INFO - Started process (PID=9561) to work on /home/khaled/dbt-env/lib/python3.12/site-packages/airflow/example_dags/example_dynamic_task_mapping_with_no_taskflow_operators.py
[2025-10-23T11:55:03.264+0000] {processor.py:830} INFO - Processing file /home/khaled/dbt-env/lib/python3.12/site-packages/airflow/example_dags/example_dynamic_task_mapping_with_no_taskflow_operators.py for tasks to queue
[2025-10-23T11:55:03.265+0000] {logging_mixin.py:188} INFO - [2025-10-23T11:55:03.265+0000] {dagbag.py:545} INFO - Filling up the DagBag from /home/khaled/dbt-env/lib/python3.12/site-packages/airflow/example_dags/example_dynamic_task_mapping_with_no_taskflow_operators.py
[2025-10-23T11:55:03.271+0000] {processor.py:840} INFO - DAG(s) 'example_dynamic_task_mapping_with_no_taskflow_operators' retrieved from /home/khaled/dbt-env/lib/python3.12/site-packages/airflow/example_dags/example_dynamic_task_mapping_with_no_taskflow_operators.py
[2025-10-23T11:55:03.283+0000] {logging_mixin.py:188} INFO - [2025-10-23T11:55:03.282+0000] {dag.py:3089} INFO - Sync 1 DAGs
[2025-10-23T11:55:03.297+0000] {logging_mixin.py:188} INFO - [2025-10-23T11:55:03.296+0000] {dag.py:3947} INFO - Setting next_dagrun for example_dynamic_task_mapping_with_no_taskflow_operators to 2025-10-22 00:00:00+00:00, run_after=2025-10-23 00:00:00+00:00
[2025-10-23T11:55:03.314+0000] {processor.py:183} INFO - Processing /home/khaled/dbt-env/lib/python3.12/site-packages/airflow/example_dags/example_dynamic_task_mapping_with_no_taskflow_operators.py took 0.067 seconds
[2025-10-23T11:56:03.423+0000] {processor.py:161} INFO - Started process (PID=9845) to work on /home/khaled/dbt-env/lib/python3.12/site-packages/airflow/example_dags/example_dynamic_task_mapping_with_no_taskflow_operators.py
[2025-10-23T11:56:03.425+0000] {processor.py:830} INFO - Processing file /home/khaled/dbt-env/lib/python3.12/site-packages/airflow/example_dags/example_dynamic_task_mapping_with_no_taskflow_operators.py for tasks to queue
[2025-10-23T11:56:03.427+0000] {logging_mixin.py:188} INFO - [2025-10-23T11:56:03.426+0000] {dagbag.py:545} INFO - Filling up the DagBag from /home/khaled/dbt-env/lib/python3.12/site-packages/airflow/example_dags/example_dynamic_task_mapping_with_no_taskflow_operators.py
[2025-10-23T11:56:03.453+0000] {processor.py:840} INFO - DAG(s) 'example_dynamic_task_mapping_with_no_taskflow_operators' retrieved from /home/khaled/dbt-env/lib/python3.12/site-packages/airflow/example_dags/example_dynamic_task_mapping_with_no_taskflow_operators.py
[2025-10-23T11:56:03.468+0000] {logging_mixin.py:188} INFO - [2025-10-23T11:56:03.467+0000] {dag.py:3089} INFO - Sync 1 DAGs
[2025-10-23T11:56:03.490+0000] {logging_mixin.py:188} INFO - [2025-10-23T11:56:03.489+0000] {dag.py:3947} INFO - Setting next_dagrun for example_dynamic_task_mapping_with_no_taskflow_operators to 2025-10-22 00:00:00+00:00, run_after=2025-10-23 00:00:00+00:00
[2025-10-23T11:56:03.513+0000] {processor.py:183} INFO - Processing /home/khaled/dbt-env/lib/python3.12/site-packages/airflow/example_dags/example_dynamic_task_mapping_with_no_taskflow_operators.py took 0.094 seconds
[2025-10-23T11:57:34.723+0000] {processor.py:161} INFO - Started process (PID=10006) to work on /home/khaled/dbt-env/lib/python3.12/site-packages/airflow/example_dags/example_dynamic_task_mapping_with_no_taskflow_operators.py
[2025-10-23T11:57:34.732+0000] {processor.py:830} INFO - Processing file /home/khaled/dbt-env/lib/python3.12/site-packages/airflow/example_dags/example_dynamic_task_mapping_with_no_taskflow_operators.py for tasks to queue
[2025-10-23T11:57:34.734+0000] {logging_mixin.py:188} INFO - [2025-10-23T11:57:34.734+0000] {dagbag.py:545} INFO - Filling up the DagBag from /home/khaled/dbt-env/lib/python3.12/site-packages/airflow/example_dags/example_dynamic_task_mapping_with_no_taskflow_operators.py
[2025-10-23T11:57:34.744+0000] {processor.py:840} INFO - DAG(s) 'example_dynamic_task_mapping_with_no_taskflow_operators' retrieved from /home/khaled/dbt-env/lib/python3.12/site-packages/airflow/example_dags/example_dynamic_task_mapping_with_no_taskflow_operators.py
[2025-10-23T11:57:34.763+0000] {logging_mixin.py:188} INFO - [2025-10-23T11:57:34.763+0000] {dag.py:3089} INFO - Sync 1 DAGs
[2025-10-23T11:57:34.779+0000] {logging_mixin.py:188} INFO - [2025-10-23T11:57:34.779+0000] {dag.py:3947} INFO - Setting next_dagrun for example_dynamic_task_mapping_with_no_taskflow_operators to 2025-10-22 00:00:00+00:00, run_after=2025-10-23 00:00:00+00:00
[2025-10-23T11:57:34.798+0000] {processor.py:183} INFO - Processing /home/khaled/dbt-env/lib/python3.12/site-packages/airflow/example_dags/example_dynamic_task_mapping_with_no_taskflow_operators.py took 0.083 seconds
[2025-10-23T11:58:40.547+0000] {processor.py:161} INFO - Started process (PID=10112) to work on /home/khaled/dbt-env/lib/python3.12/site-packages/airflow/example_dags/example_dynamic_task_mapping_with_no_taskflow_operators.py
[2025-10-23T11:58:40.558+0000] {processor.py:830} INFO - Processing file /home/khaled/dbt-env/lib/python3.12/site-packages/airflow/example_dags/example_dynamic_task_mapping_with_no_taskflow_operators.py for tasks to queue
[2025-10-23T11:58:40.560+0000] {logging_mixin.py:188} INFO - [2025-10-23T11:58:40.559+0000] {dagbag.py:545} INFO - Filling up the DagBag from /home/khaled/dbt-env/lib/python3.12/site-packages/airflow/example_dags/example_dynamic_task_mapping_with_no_taskflow_operators.py
[2025-10-23T11:58:40.566+0000] {processor.py:840} INFO - DAG(s) 'example_dynamic_task_mapping_with_no_taskflow_operators' retrieved from /home/khaled/dbt-env/lib/python3.12/site-packages/airflow/example_dags/example_dynamic_task_mapping_with_no_taskflow_operators.py
[2025-10-23T11:58:40.578+0000] {logging_mixin.py:188} INFO - [2025-10-23T11:58:40.578+0000] {dag.py:3089} INFO - Sync 1 DAGs
[2025-10-23T11:58:40.593+0000] {logging_mixin.py:188} INFO - [2025-10-23T11:58:40.593+0000] {dag.py:3947} INFO - Setting next_dagrun for example_dynamic_task_mapping_with_no_taskflow_operators to 2025-10-22 00:00:00+00:00, run_after=2025-10-23 00:00:00+00:00
[2025-10-23T11:58:40.620+0000] {processor.py:183} INFO - Processing /home/khaled/dbt-env/lib/python3.12/site-packages/airflow/example_dags/example_dynamic_task_mapping_with_no_taskflow_operators.py took 0.077 seconds
[2025-10-23T12:00:28.113+0000] {processor.py:161} INFO - Started process (PID=10231) to work on /home/khaled/dbt-env/lib/python3.12/site-packages/airflow/example_dags/example_dynamic_task_mapping_with_no_taskflow_operators.py
[2025-10-23T12:00:28.115+0000] {processor.py:830} INFO - Processing file /home/khaled/dbt-env/lib/python3.12/site-packages/airflow/example_dags/example_dynamic_task_mapping_with_no_taskflow_operators.py for tasks to queue
[2025-10-23T12:00:28.117+0000] {logging_mixin.py:188} INFO - [2025-10-23T12:00:28.117+0000] {dagbag.py:545} INFO - Filling up the DagBag from /home/khaled/dbt-env/lib/python3.12/site-packages/airflow/example_dags/example_dynamic_task_mapping_with_no_taskflow_operators.py
[2025-10-23T12:00:28.122+0000] {processor.py:840} INFO - DAG(s) 'example_dynamic_task_mapping_with_no_taskflow_operators' retrieved from /home/khaled/dbt-env/lib/python3.12/site-packages/airflow/example_dags/example_dynamic_task_mapping_with_no_taskflow_operators.py
[2025-10-23T12:00:28.133+0000] {logging_mixin.py:188} INFO - [2025-10-23T12:00:28.133+0000] {dag.py:3089} INFO - Sync 1 DAGs
[2025-10-23T12:00:28.147+0000] {logging_mixin.py:188} INFO - [2025-10-23T12:00:28.147+0000] {dag.py:3947} INFO - Setting next_dagrun for example_dynamic_task_mapping_with_no_taskflow_operators to 2025-10-22 00:00:00+00:00, run_after=2025-10-23 00:00:00+00:00
[2025-10-23T12:00:28.179+0000] {processor.py:183} INFO - Processing /home/khaled/dbt-env/lib/python3.12/site-packages/airflow/example_dags/example_dynamic_task_mapping_with_no_taskflow_operators.py took 0.069 seconds
[2025-10-23T12:01:19.095+0000] {processor.py:161} INFO - Started process (PID=10384) to work on /home/khaled/dbt-env/lib/python3.12/site-packages/airflow/example_dags/example_dynamic_task_mapping_with_no_taskflow_operators.py
[2025-10-23T12:01:19.096+0000] {processor.py:830} INFO - Processing file /home/khaled/dbt-env/lib/python3.12/site-packages/airflow/example_dags/example_dynamic_task_mapping_with_no_taskflow_operators.py for tasks to queue
[2025-10-23T12:01:19.098+0000] {logging_mixin.py:188} INFO - [2025-10-23T12:01:19.098+0000] {dagbag.py:545} INFO - Filling up the DagBag from /home/khaled/dbt-env/lib/python3.12/site-packages/airflow/example_dags/example_dynamic_task_mapping_with_no_taskflow_operators.py
[2025-10-23T12:01:19.103+0000] {processor.py:840} INFO - DAG(s) 'example_dynamic_task_mapping_with_no_taskflow_operators' retrieved from /home/khaled/dbt-env/lib/python3.12/site-packages/airflow/example_dags/example_dynamic_task_mapping_with_no_taskflow_operators.py
[2025-10-23T12:01:19.114+0000] {logging_mixin.py:188} INFO - [2025-10-23T12:01:19.114+0000] {dag.py:3089} INFO - Sync 1 DAGs
[2025-10-23T12:01:19.128+0000] {logging_mixin.py:188} INFO - [2025-10-23T12:01:19.128+0000] {dag.py:3947} INFO - Setting next_dagrun for example_dynamic_task_mapping_with_no_taskflow_operators to 2025-10-22 00:00:00+00:00, run_after=2025-10-23 00:00:00+00:00
[2025-10-23T12:01:19.160+0000] {processor.py:183} INFO - Processing /home/khaled/dbt-env/lib/python3.12/site-packages/airflow/example_dags/example_dynamic_task_mapping_with_no_taskflow_operators.py took 0.070 seconds
[2025-10-23T12:02:55.543+0000] {processor.py:161} INFO - Started process (PID=10656) to work on /home/khaled/dbt-env/lib/python3.12/site-packages/airflow/example_dags/example_dynamic_task_mapping_with_no_taskflow_operators.py
[2025-10-23T12:02:55.554+0000] {processor.py:830} INFO - Processing file /home/khaled/dbt-env/lib/python3.12/site-packages/airflow/example_dags/example_dynamic_task_mapping_with_no_taskflow_operators.py for tasks to queue
[2025-10-23T12:02:55.558+0000] {logging_mixin.py:188} INFO - [2025-10-23T12:02:55.557+0000] {dagbag.py:545} INFO - Filling up the DagBag from /home/khaled/dbt-env/lib/python3.12/site-packages/airflow/example_dags/example_dynamic_task_mapping_with_no_taskflow_operators.py
[2025-10-23T12:02:55.566+0000] {processor.py:840} INFO - DAG(s) 'example_dynamic_task_mapping_with_no_taskflow_operators' retrieved from /home/khaled/dbt-env/lib/python3.12/site-packages/airflow/example_dags/example_dynamic_task_mapping_with_no_taskflow_operators.py
[2025-10-23T12:02:55.580+0000] {logging_mixin.py:188} INFO - [2025-10-23T12:02:55.579+0000] {dag.py:3089} INFO - Sync 1 DAGs
[2025-10-23T12:02:55.596+0000] {logging_mixin.py:188} INFO - [2025-10-23T12:02:55.595+0000] {dag.py:3947} INFO - Setting next_dagrun for example_dynamic_task_mapping_with_no_taskflow_operators to 2025-10-22 00:00:00+00:00, run_after=2025-10-23 00:00:00+00:00
[2025-10-23T12:02:55.723+0000] {processor.py:183} INFO - Processing /home/khaled/dbt-env/lib/python3.12/site-packages/airflow/example_dags/example_dynamic_task_mapping_with_no_taskflow_operators.py took 0.186 seconds
[2025-10-23T12:04:09.167+0000] {processor.py:161} INFO - Started process (PID=10760) to work on /home/khaled/dbt-env/lib/python3.12/site-packages/airflow/example_dags/example_dynamic_task_mapping_with_no_taskflow_operators.py
[2025-10-23T12:04:09.169+0000] {processor.py:830} INFO - Processing file /home/khaled/dbt-env/lib/python3.12/site-packages/airflow/example_dags/example_dynamic_task_mapping_with_no_taskflow_operators.py for tasks to queue
[2025-10-23T12:04:09.171+0000] {logging_mixin.py:188} INFO - [2025-10-23T12:04:09.170+0000] {dagbag.py:545} INFO - Filling up the DagBag from /home/khaled/dbt-env/lib/python3.12/site-packages/airflow/example_dags/example_dynamic_task_mapping_with_no_taskflow_operators.py
[2025-10-23T12:04:09.177+0000] {processor.py:840} INFO - DAG(s) 'example_dynamic_task_mapping_with_no_taskflow_operators' retrieved from /home/khaled/dbt-env/lib/python3.12/site-packages/airflow/example_dags/example_dynamic_task_mapping_with_no_taskflow_operators.py
[2025-10-23T12:04:09.191+0000] {logging_mixin.py:188} INFO - [2025-10-23T12:04:09.190+0000] {dag.py:3089} INFO - Sync 1 DAGs
[2025-10-23T12:04:09.211+0000] {logging_mixin.py:188} INFO - [2025-10-23T12:04:09.211+0000] {dag.py:3947} INFO - Setting next_dagrun for example_dynamic_task_mapping_with_no_taskflow_operators to 2025-10-22 00:00:00+00:00, run_after=2025-10-23 00:00:00+00:00
[2025-10-23T12:04:09.229+0000] {processor.py:183} INFO - Processing /home/khaled/dbt-env/lib/python3.12/site-packages/airflow/example_dags/example_dynamic_task_mapping_with_no_taskflow_operators.py took 0.067 seconds
[2025-10-23T12:05:09.837+0000] {processor.py:161} INFO - Started process (PID=11162) to work on /home/khaled/dbt-env/lib/python3.12/site-packages/airflow/example_dags/example_dynamic_task_mapping_with_no_taskflow_operators.py
[2025-10-23T12:05:09.851+0000] {processor.py:830} INFO - Processing file /home/khaled/dbt-env/lib/python3.12/site-packages/airflow/example_dags/example_dynamic_task_mapping_with_no_taskflow_operators.py for tasks to queue
[2025-10-23T12:05:09.852+0000] {logging_mixin.py:188} INFO - [2025-10-23T12:05:09.852+0000] {dagbag.py:545} INFO - Filling up the DagBag from /home/khaled/dbt-env/lib/python3.12/site-packages/airflow/example_dags/example_dynamic_task_mapping_with_no_taskflow_operators.py
[2025-10-23T12:05:09.858+0000] {processor.py:840} INFO - DAG(s) 'example_dynamic_task_mapping_with_no_taskflow_operators' retrieved from /home/khaled/dbt-env/lib/python3.12/site-packages/airflow/example_dags/example_dynamic_task_mapping_with_no_taskflow_operators.py
[2025-10-23T12:05:09.870+0000] {logging_mixin.py:188} INFO - [2025-10-23T12:05:09.869+0000] {dag.py:3089} INFO - Sync 1 DAGs
[2025-10-23T12:05:09.887+0000] {logging_mixin.py:188} INFO - [2025-10-23T12:05:09.887+0000] {dag.py:3947} INFO - Setting next_dagrun for example_dynamic_task_mapping_with_no_taskflow_operators to 2025-10-22 00:00:00+00:00, run_after=2025-10-23 00:00:00+00:00
[2025-10-23T12:05:09.906+0000] {processor.py:183} INFO - Processing /home/khaled/dbt-env/lib/python3.12/site-packages/airflow/example_dags/example_dynamic_task_mapping_with_no_taskflow_operators.py took 0.079 seconds
[2025-10-23T12:06:15.095+0000] {processor.py:161} INFO - Started process (PID=11263) to work on /home/khaled/dbt-env/lib/python3.12/site-packages/airflow/example_dags/example_dynamic_task_mapping_with_no_taskflow_operators.py
[2025-10-23T12:06:15.105+0000] {processor.py:830} INFO - Processing file /home/khaled/dbt-env/lib/python3.12/site-packages/airflow/example_dags/example_dynamic_task_mapping_with_no_taskflow_operators.py for tasks to queue
[2025-10-23T12:06:15.107+0000] {logging_mixin.py:188} INFO - [2025-10-23T12:06:15.106+0000] {dagbag.py:545} INFO - Filling up the DagBag from /home/khaled/dbt-env/lib/python3.12/site-packages/airflow/example_dags/example_dynamic_task_mapping_with_no_taskflow_operators.py
[2025-10-23T12:06:15.112+0000] {processor.py:840} INFO - DAG(s) 'example_dynamic_task_mapping_with_no_taskflow_operators' retrieved from /home/khaled/dbt-env/lib/python3.12/site-packages/airflow/example_dags/example_dynamic_task_mapping_with_no_taskflow_operators.py
[2025-10-23T12:06:15.123+0000] {logging_mixin.py:188} INFO - [2025-10-23T12:06:15.123+0000] {dag.py:3089} INFO - Sync 1 DAGs
[2025-10-23T12:06:15.137+0000] {logging_mixin.py:188} INFO - [2025-10-23T12:06:15.137+0000] {dag.py:3947} INFO - Setting next_dagrun for example_dynamic_task_mapping_with_no_taskflow_operators to 2025-10-22 00:00:00+00:00, run_after=2025-10-23 00:00:00+00:00
[2025-10-23T12:06:15.157+0000] {processor.py:183} INFO - Processing /home/khaled/dbt-env/lib/python3.12/site-packages/airflow/example_dags/example_dynamic_task_mapping_with_no_taskflow_operators.py took 0.068 seconds
[2025-10-23T12:07:20.638+0000] {processor.py:161} INFO - Started process (PID=11352) to work on /home/khaled/dbt-env/lib/python3.12/site-packages/airflow/example_dags/example_dynamic_task_mapping_with_no_taskflow_operators.py
[2025-10-23T12:07:20.650+0000] {processor.py:830} INFO - Processing file /home/khaled/dbt-env/lib/python3.12/site-packages/airflow/example_dags/example_dynamic_task_mapping_with_no_taskflow_operators.py for tasks to queue
[2025-10-23T12:07:20.653+0000] {logging_mixin.py:188} INFO - [2025-10-23T12:07:20.652+0000] {dagbag.py:545} INFO - Filling up the DagBag from /home/khaled/dbt-env/lib/python3.12/site-packages/airflow/example_dags/example_dynamic_task_mapping_with_no_taskflow_operators.py
[2025-10-23T12:07:20.658+0000] {processor.py:840} INFO - DAG(s) 'example_dynamic_task_mapping_with_no_taskflow_operators' retrieved from /home/khaled/dbt-env/lib/python3.12/site-packages/airflow/example_dags/example_dynamic_task_mapping_with_no_taskflow_operators.py
[2025-10-23T12:07:20.671+0000] {logging_mixin.py:188} INFO - [2025-10-23T12:07:20.670+0000] {dag.py:3089} INFO - Sync 1 DAGs
[2025-10-23T12:07:20.776+0000] {logging_mixin.py:188} INFO - [2025-10-23T12:07:20.776+0000] {dag.py:3947} INFO - Setting next_dagrun for example_dynamic_task_mapping_with_no_taskflow_operators to 2025-10-22 00:00:00+00:00, run_after=2025-10-23 00:00:00+00:00
[2025-10-23T12:07:20.797+0000] {processor.py:183} INFO - Processing /home/khaled/dbt-env/lib/python3.12/site-packages/airflow/example_dags/example_dynamic_task_mapping_with_no_taskflow_operators.py took 0.163 seconds
[2025-10-23T12:08:09.913+0000] {processor.py:161} INFO - Started process (PID=11415) to work on /home/khaled/dbt-env/lib/python3.12/site-packages/airflow/example_dags/example_dynamic_task_mapping_with_no_taskflow_operators.py
[2025-10-23T12:08:09.915+0000] {processor.py:830} INFO - Processing file /home/khaled/dbt-env/lib/python3.12/site-packages/airflow/example_dags/example_dynamic_task_mapping_with_no_taskflow_operators.py for tasks to queue
[2025-10-23T12:08:09.916+0000] {logging_mixin.py:188} INFO - [2025-10-23T12:08:09.916+0000] {dagbag.py:545} INFO - Filling up the DagBag from /home/khaled/dbt-env/lib/python3.12/site-packages/airflow/example_dags/example_dynamic_task_mapping_with_no_taskflow_operators.py
[2025-10-23T12:08:09.921+0000] {processor.py:840} INFO - DAG(s) 'example_dynamic_task_mapping_with_no_taskflow_operators' retrieved from /home/khaled/dbt-env/lib/python3.12/site-packages/airflow/example_dags/example_dynamic_task_mapping_with_no_taskflow_operators.py
[2025-10-23T12:08:09.932+0000] {logging_mixin.py:188} INFO - [2025-10-23T12:08:09.932+0000] {dag.py:3089} INFO - Sync 1 DAGs
[2025-10-23T12:08:09.946+0000] {logging_mixin.py:188} INFO - [2025-10-23T12:08:09.946+0000] {dag.py:3947} INFO - Setting next_dagrun for example_dynamic_task_mapping_with_no_taskflow_operators to 2025-10-22 00:00:00+00:00, run_after=2025-10-23 00:00:00+00:00
[2025-10-23T12:08:09.976+0000] {processor.py:183} INFO - Processing /home/khaled/dbt-env/lib/python3.12/site-packages/airflow/example_dags/example_dynamic_task_mapping_with_no_taskflow_operators.py took 0.067 seconds
[2025-10-23T12:09:03.277+0000] {processor.py:161} INFO - Started process (PID=11529) to work on /home/khaled/dbt-env/lib/python3.12/site-packages/airflow/example_dags/example_dynamic_task_mapping_with_no_taskflow_operators.py
[2025-10-23T12:09:03.278+0000] {processor.py:830} INFO - Processing file /home/khaled/dbt-env/lib/python3.12/site-packages/airflow/example_dags/example_dynamic_task_mapping_with_no_taskflow_operators.py for tasks to queue
[2025-10-23T12:09:03.280+0000] {logging_mixin.py:188} INFO - [2025-10-23T12:09:03.279+0000] {dagbag.py:545} INFO - Filling up the DagBag from /home/khaled/dbt-env/lib/python3.12/site-packages/airflow/example_dags/example_dynamic_task_mapping_with_no_taskflow_operators.py
[2025-10-23T12:09:03.374+0000] {processor.py:840} INFO - DAG(s) 'example_dynamic_task_mapping_with_no_taskflow_operators' retrieved from /home/khaled/dbt-env/lib/python3.12/site-packages/airflow/example_dags/example_dynamic_task_mapping_with_no_taskflow_operators.py
[2025-10-23T12:09:03.382+0000] {logging_mixin.py:188} INFO - [2025-10-23T12:09:03.382+0000] {dag.py:3089} INFO - Sync 1 DAGs
[2025-10-23T12:09:03.393+0000] {logging_mixin.py:188} INFO - [2025-10-23T12:09:03.393+0000] {dag.py:3947} INFO - Setting next_dagrun for example_dynamic_task_mapping_with_no_taskflow_operators to 2025-10-22 00:00:00+00:00, run_after=2025-10-23 00:00:00+00:00
[2025-10-23T12:09:03.424+0000] {processor.py:183} INFO - Processing /home/khaled/dbt-env/lib/python3.12/site-packages/airflow/example_dags/example_dynamic_task_mapping_with_no_taskflow_operators.py took 0.152 seconds
[2025-10-23T12:09:50.031+0000] {processor.py:161} INFO - Started process (PID=11637) to work on /home/khaled/dbt-env/lib/python3.12/site-packages/airflow/example_dags/example_dynamic_task_mapping_with_no_taskflow_operators.py
[2025-10-23T12:09:50.032+0000] {processor.py:830} INFO - Processing file /home/khaled/dbt-env/lib/python3.12/site-packages/airflow/example_dags/example_dynamic_task_mapping_with_no_taskflow_operators.py for tasks to queue
[2025-10-23T12:09:50.034+0000] {logging_mixin.py:188} INFO - [2025-10-23T12:09:50.033+0000] {dagbag.py:545} INFO - Filling up the DagBag from /home/khaled/dbt-env/lib/python3.12/site-packages/airflow/example_dags/example_dynamic_task_mapping_with_no_taskflow_operators.py
[2025-10-23T12:09:50.039+0000] {processor.py:840} INFO - DAG(s) 'example_dynamic_task_mapping_with_no_taskflow_operators' retrieved from /home/khaled/dbt-env/lib/python3.12/site-packages/airflow/example_dags/example_dynamic_task_mapping_with_no_taskflow_operators.py
[2025-10-23T12:09:50.052+0000] {logging_mixin.py:188} INFO - [2025-10-23T12:09:50.051+0000] {dag.py:3089} INFO - Sync 1 DAGs
[2025-10-23T12:09:50.068+0000] {logging_mixin.py:188} INFO - [2025-10-23T12:09:50.068+0000] {dag.py:3947} INFO - Setting next_dagrun for example_dynamic_task_mapping_with_no_taskflow_operators to 2025-10-22 00:00:00+00:00, run_after=2025-10-23 00:00:00+00:00
[2025-10-23T12:09:50.099+0000] {processor.py:183} INFO - Processing /home/khaled/dbt-env/lib/python3.12/site-packages/airflow/example_dags/example_dynamic_task_mapping_with_no_taskflow_operators.py took 0.072 seconds
[2025-10-23T12:11:18.075+0000] {processor.py:161} INFO - Started process (PID=11720) to work on /home/khaled/dbt-env/lib/python3.12/site-packages/airflow/example_dags/example_dynamic_task_mapping_with_no_taskflow_operators.py
[2025-10-23T12:11:18.091+0000] {processor.py:830} INFO - Processing file /home/khaled/dbt-env/lib/python3.12/site-packages/airflow/example_dags/example_dynamic_task_mapping_with_no_taskflow_operators.py for tasks to queue
[2025-10-23T12:11:18.101+0000] {logging_mixin.py:188} INFO - [2025-10-23T12:11:18.100+0000] {dagbag.py:545} INFO - Filling up the DagBag from /home/khaled/dbt-env/lib/python3.12/site-packages/airflow/example_dags/example_dynamic_task_mapping_with_no_taskflow_operators.py
[2025-10-23T12:11:18.164+0000] {processor.py:840} INFO - DAG(s) 'example_dynamic_task_mapping_with_no_taskflow_operators' retrieved from /home/khaled/dbt-env/lib/python3.12/site-packages/airflow/example_dags/example_dynamic_task_mapping_with_no_taskflow_operators.py
[2025-10-23T12:11:18.652+0000] {logging_mixin.py:188} INFO - [2025-10-23T12:11:18.651+0000] {dag.py:3089} INFO - Sync 1 DAGs
[2025-10-23T12:11:19.026+0000] {logging_mixin.py:188} INFO - [2025-10-23T12:11:19.025+0000] {dag.py:3947} INFO - Setting next_dagrun for example_dynamic_task_mapping_with_no_taskflow_operators to 2025-10-22 00:00:00+00:00, run_after=2025-10-23 00:00:00+00:00
[2025-10-23T12:11:19.289+0000] {processor.py:183} INFO - Processing /home/khaled/dbt-env/lib/python3.12/site-packages/airflow/example_dags/example_dynamic_task_mapping_with_no_taskflow_operators.py took 1.260 seconds
