[2025-10-23T11:39:40.118+0000] {processor.py:161} INFO - Started process (PID=5968) to work on /home/khaled/dbt-env/lib/python3.12/site-packages/airflow/example_dags/example_bash_operator.py
[2025-10-23T11:39:40.119+0000] {processor.py:830} INFO - Processing file /home/khaled/dbt-env/lib/python3.12/site-packages/airflow/example_dags/example_bash_operator.py for tasks to queue
[2025-10-23T11:39:40.121+0000] {logging_mixin.py:188} INFO - [2025-10-23T11:39:40.121+0000] {dagbag.py:545} INFO - Filling up the DagBag from /home/khaled/dbt-env/lib/python3.12/site-packages/airflow/example_dags/example_bash_operator.py
[2025-10-23T11:39:40.132+0000] {processor.py:840} INFO - DAG(s) 'example_bash_operator' retrieved from /home/khaled/dbt-env/lib/python3.12/site-packages/airflow/example_dags/example_bash_operator.py
[2025-10-23T11:39:40.162+0000] {logging_mixin.py:188} INFO - [2025-10-23T11:39:40.162+0000] {dag.py:3089} INFO - Sync 1 DAGs
[2025-10-23T11:39:40.174+0000] {logging_mixin.py:188} INFO - [2025-10-23T11:39:40.173+0000] {dag.py:3947} INFO - Setting next_dagrun for example_bash_operator to 2025-10-22 00:00:00+00:00, run_after=2025-10-23 00:00:00+00:00
[2025-10-23T11:39:40.195+0000] {processor.py:183} INFO - Processing /home/khaled/dbt-env/lib/python3.12/site-packages/airflow/example_dags/example_bash_operator.py took 0.084 seconds
[2025-10-23T11:55:14.838+0000] {processor.py:161} INFO - Started process (PID=9584) to work on /home/khaled/dbt-env/lib/python3.12/site-packages/airflow/example_dags/example_bash_operator.py
[2025-10-23T11:55:14.850+0000] {processor.py:830} INFO - Processing file /home/khaled/dbt-env/lib/python3.12/site-packages/airflow/example_dags/example_bash_operator.py for tasks to queue
[2025-10-23T11:55:14.853+0000] {logging_mixin.py:188} INFO - [2025-10-23T11:55:14.853+0000] {dagbag.py:545} INFO - Filling up the DagBag from /home/khaled/dbt-env/lib/python3.12/site-packages/airflow/example_dags/example_bash_operator.py
[2025-10-23T11:55:14.861+0000] {processor.py:840} INFO - DAG(s) 'example_bash_operator' retrieved from /home/khaled/dbt-env/lib/python3.12/site-packages/airflow/example_dags/example_bash_operator.py
[2025-10-23T11:55:14.877+0000] {logging_mixin.py:188} INFO - [2025-10-23T11:55:14.876+0000] {dag.py:3089} INFO - Sync 1 DAGs
[2025-10-23T11:55:14.891+0000] {logging_mixin.py:188} INFO - [2025-10-23T11:55:14.890+0000] {dag.py:3947} INFO - Setting next_dagrun for example_bash_operator to 2025-10-22 00:00:00+00:00, run_after=2025-10-23 00:00:00+00:00
[2025-10-23T11:55:14.910+0000] {processor.py:183} INFO - Processing /home/khaled/dbt-env/lib/python3.12/site-packages/airflow/example_dags/example_bash_operator.py took 0.076 seconds
[2025-10-23T11:57:35.875+0000] {processor.py:161} INFO - Started process (PID=10007) to work on /home/khaled/dbt-env/lib/python3.12/site-packages/airflow/example_dags/example_bash_operator.py
[2025-10-23T11:57:35.889+0000] {processor.py:830} INFO - Processing file /home/khaled/dbt-env/lib/python3.12/site-packages/airflow/example_dags/example_bash_operator.py for tasks to queue
[2025-10-23T11:57:35.891+0000] {logging_mixin.py:188} INFO - [2025-10-23T11:57:35.891+0000] {dagbag.py:545} INFO - Filling up the DagBag from /home/khaled/dbt-env/lib/python3.12/site-packages/airflow/example_dags/example_bash_operator.py
[2025-10-23T11:57:35.907+0000] {processor.py:840} INFO - DAG(s) 'example_bash_operator' retrieved from /home/khaled/dbt-env/lib/python3.12/site-packages/airflow/example_dags/example_bash_operator.py
[2025-10-23T11:57:35.929+0000] {logging_mixin.py:188} INFO - [2025-10-23T11:57:35.929+0000] {dag.py:3089} INFO - Sync 1 DAGs
[2025-10-23T11:57:35.960+0000] {logging_mixin.py:188} INFO - [2025-10-23T11:57:35.960+0000] {dag.py:3947} INFO - Setting next_dagrun for example_bash_operator to 2025-10-22 00:00:00+00:00, run_after=2025-10-23 00:00:00+00:00
[2025-10-23T11:57:35.993+0000] {processor.py:183} INFO - Processing /home/khaled/dbt-env/lib/python3.12/site-packages/airflow/example_dags/example_bash_operator.py took 0.125 seconds
[2025-10-23T11:58:48.974+0000] {processor.py:161} INFO - Started process (PID=10149) to work on /home/khaled/dbt-env/lib/python3.12/site-packages/airflow/example_dags/example_bash_operator.py
[2025-10-23T11:58:48.985+0000] {processor.py:830} INFO - Processing file /home/khaled/dbt-env/lib/python3.12/site-packages/airflow/example_dags/example_bash_operator.py for tasks to queue
[2025-10-23T11:58:48.987+0000] {logging_mixin.py:188} INFO - [2025-10-23T11:58:48.986+0000] {dagbag.py:545} INFO - Filling up the DagBag from /home/khaled/dbt-env/lib/python3.12/site-packages/airflow/example_dags/example_bash_operator.py
[2025-10-23T11:58:48.995+0000] {processor.py:840} INFO - DAG(s) 'example_bash_operator' retrieved from /home/khaled/dbt-env/lib/python3.12/site-packages/airflow/example_dags/example_bash_operator.py
[2025-10-23T11:58:49.009+0000] {logging_mixin.py:188} INFO - [2025-10-23T11:58:49.009+0000] {dag.py:3089} INFO - Sync 1 DAGs
[2025-10-23T11:58:49.024+0000] {logging_mixin.py:188} INFO - [2025-10-23T11:58:49.024+0000] {dag.py:3947} INFO - Setting next_dagrun for example_bash_operator to 2025-10-22 00:00:00+00:00, run_after=2025-10-23 00:00:00+00:00
[2025-10-23T11:58:49.045+0000] {processor.py:183} INFO - Processing /home/khaled/dbt-env/lib/python3.12/site-packages/airflow/example_dags/example_bash_operator.py took 0.075 seconds
[2025-10-23T12:00:34.256+0000] {processor.py:161} INFO - Started process (PID=10237) to work on /home/khaled/dbt-env/lib/python3.12/site-packages/airflow/example_dags/example_bash_operator.py
[2025-10-23T12:00:34.258+0000] {processor.py:830} INFO - Processing file /home/khaled/dbt-env/lib/python3.12/site-packages/airflow/example_dags/example_bash_operator.py for tasks to queue
[2025-10-23T12:00:34.259+0000] {logging_mixin.py:188} INFO - [2025-10-23T12:00:34.259+0000] {dagbag.py:545} INFO - Filling up the DagBag from /home/khaled/dbt-env/lib/python3.12/site-packages/airflow/example_dags/example_bash_operator.py
[2025-10-23T12:00:34.267+0000] {processor.py:840} INFO - DAG(s) 'example_bash_operator' retrieved from /home/khaled/dbt-env/lib/python3.12/site-packages/airflow/example_dags/example_bash_operator.py
[2025-10-23T12:00:34.282+0000] {logging_mixin.py:188} INFO - [2025-10-23T12:00:34.282+0000] {dag.py:3089} INFO - Sync 1 DAGs
[2025-10-23T12:00:34.296+0000] {logging_mixin.py:188} INFO - [2025-10-23T12:00:34.296+0000] {dag.py:3947} INFO - Setting next_dagrun for example_bash_operator to 2025-10-22 00:00:00+00:00, run_after=2025-10-23 00:00:00+00:00
[2025-10-23T12:00:34.316+0000] {processor.py:183} INFO - Processing /home/khaled/dbt-env/lib/python3.12/site-packages/airflow/example_dags/example_bash_operator.py took 0.067 seconds
[2025-10-23T12:02:11.272+0000] {processor.py:161} INFO - Started process (PID=10615) to work on /home/khaled/dbt-env/lib/python3.12/site-packages/airflow/example_dags/example_bash_operator.py
[2025-10-23T12:02:11.283+0000] {processor.py:830} INFO - Processing file /home/khaled/dbt-env/lib/python3.12/site-packages/airflow/example_dags/example_bash_operator.py for tasks to queue
[2025-10-23T12:02:11.285+0000] {logging_mixin.py:188} INFO - [2025-10-23T12:02:11.284+0000] {dagbag.py:545} INFO - Filling up the DagBag from /home/khaled/dbt-env/lib/python3.12/site-packages/airflow/example_dags/example_bash_operator.py
[2025-10-23T12:02:11.294+0000] {processor.py:840} INFO - DAG(s) 'example_bash_operator' retrieved from /home/khaled/dbt-env/lib/python3.12/site-packages/airflow/example_dags/example_bash_operator.py
[2025-10-23T12:02:11.308+0000] {logging_mixin.py:188} INFO - [2025-10-23T12:02:11.308+0000] {dag.py:3089} INFO - Sync 1 DAGs
[2025-10-23T12:02:11.322+0000] {logging_mixin.py:188} INFO - [2025-10-23T12:02:11.322+0000] {dag.py:3947} INFO - Setting next_dagrun for example_bash_operator to 2025-10-22 00:00:00+00:00, run_after=2025-10-23 00:00:00+00:00
[2025-10-23T12:02:11.342+0000] {processor.py:183} INFO - Processing /home/khaled/dbt-env/lib/python3.12/site-packages/airflow/example_dags/example_bash_operator.py took 0.077 seconds
[2025-10-23T12:03:41.988+0000] {processor.py:161} INFO - Started process (PID=10737) to work on /home/khaled/dbt-env/lib/python3.12/site-packages/airflow/example_dags/example_bash_operator.py
[2025-10-23T12:03:42.000+0000] {processor.py:830} INFO - Processing file /home/khaled/dbt-env/lib/python3.12/site-packages/airflow/example_dags/example_bash_operator.py for tasks to queue
[2025-10-23T12:03:42.002+0000] {logging_mixin.py:188} INFO - [2025-10-23T12:03:42.001+0000] {dagbag.py:545} INFO - Filling up the DagBag from /home/khaled/dbt-env/lib/python3.12/site-packages/airflow/example_dags/example_bash_operator.py
[2025-10-23T12:03:42.010+0000] {processor.py:840} INFO - DAG(s) 'example_bash_operator' retrieved from /home/khaled/dbt-env/lib/python3.12/site-packages/airflow/example_dags/example_bash_operator.py
[2025-10-23T12:03:42.026+0000] {logging_mixin.py:188} INFO - [2025-10-23T12:03:42.026+0000] {dag.py:3089} INFO - Sync 1 DAGs
[2025-10-23T12:03:42.041+0000] {logging_mixin.py:188} INFO - [2025-10-23T12:03:42.040+0000] {dag.py:3947} INFO - Setting next_dagrun for example_bash_operator to 2025-10-22 00:00:00+00:00, run_after=2025-10-23 00:00:00+00:00
[2025-10-23T12:03:42.060+0000] {processor.py:183} INFO - Processing /home/khaled/dbt-env/lib/python3.12/site-packages/airflow/example_dags/example_bash_operator.py took 0.076 seconds
[2025-10-23T12:04:49.345+0000] {processor.py:161} INFO - Started process (PID=10844) to work on /home/khaled/dbt-env/lib/python3.12/site-packages/airflow/example_dags/example_bash_operator.py
[2025-10-23T12:04:49.348+0000] {processor.py:830} INFO - Processing file /home/khaled/dbt-env/lib/python3.12/site-packages/airflow/example_dags/example_bash_operator.py for tasks to queue
[2025-10-23T12:04:49.349+0000] {logging_mixin.py:188} INFO - [2025-10-23T12:04:49.349+0000] {dagbag.py:545} INFO - Filling up the DagBag from /home/khaled/dbt-env/lib/python3.12/site-packages/airflow/example_dags/example_bash_operator.py
[2025-10-23T12:04:49.358+0000] {processor.py:840} INFO - DAG(s) 'example_bash_operator' retrieved from /home/khaled/dbt-env/lib/python3.12/site-packages/airflow/example_dags/example_bash_operator.py
[2025-10-23T12:04:49.375+0000] {logging_mixin.py:188} INFO - [2025-10-23T12:04:49.374+0000] {dag.py:3089} INFO - Sync 1 DAGs
[2025-10-23T12:04:49.391+0000] {logging_mixin.py:188} INFO - [2025-10-23T12:04:49.391+0000] {dag.py:3947} INFO - Setting next_dagrun for example_bash_operator to 2025-10-22 00:00:00+00:00, run_after=2025-10-23 00:00:00+00:00
[2025-10-23T12:04:49.412+0000] {processor.py:183} INFO - Processing /home/khaled/dbt-env/lib/python3.12/site-packages/airflow/example_dags/example_bash_operator.py took 0.071 seconds
[2025-10-23T12:05:57.772+0000] {processor.py:161} INFO - Started process (PID=11241) to work on /home/khaled/dbt-env/lib/python3.12/site-packages/airflow/example_dags/example_bash_operator.py
[2025-10-23T12:05:57.775+0000] {processor.py:830} INFO - Processing file /home/khaled/dbt-env/lib/python3.12/site-packages/airflow/example_dags/example_bash_operator.py for tasks to queue
[2025-10-23T12:05:57.777+0000] {logging_mixin.py:188} INFO - [2025-10-23T12:05:57.777+0000] {dagbag.py:545} INFO - Filling up the DagBag from /home/khaled/dbt-env/lib/python3.12/site-packages/airflow/example_dags/example_bash_operator.py
[2025-10-23T12:05:57.790+0000] {processor.py:840} INFO - DAG(s) 'example_bash_operator' retrieved from /home/khaled/dbt-env/lib/python3.12/site-packages/airflow/example_dags/example_bash_operator.py
[2025-10-23T12:05:57.817+0000] {logging_mixin.py:188} INFO - [2025-10-23T12:05:57.817+0000] {dag.py:3089} INFO - Sync 1 DAGs
[2025-10-23T12:05:57.948+0000] {logging_mixin.py:188} INFO - [2025-10-23T12:05:57.948+0000] {dag.py:3947} INFO - Setting next_dagrun for example_bash_operator to 2025-10-22 00:00:00+00:00, run_after=2025-10-23 00:00:00+00:00
[2025-10-23T12:05:57.975+0000] {processor.py:183} INFO - Processing /home/khaled/dbt-env/lib/python3.12/site-packages/airflow/example_dags/example_bash_operator.py took 0.208 seconds
[2025-10-23T12:07:03.568+0000] {processor.py:161} INFO - Started process (PID=11330) to work on /home/khaled/dbt-env/lib/python3.12/site-packages/airflow/example_dags/example_bash_operator.py
[2025-10-23T12:07:03.569+0000] {processor.py:830} INFO - Processing file /home/khaled/dbt-env/lib/python3.12/site-packages/airflow/example_dags/example_bash_operator.py for tasks to queue
[2025-10-23T12:07:03.571+0000] {logging_mixin.py:188} INFO - [2025-10-23T12:07:03.571+0000] {dagbag.py:545} INFO - Filling up the DagBag from /home/khaled/dbt-env/lib/python3.12/site-packages/airflow/example_dags/example_bash_operator.py
[2025-10-23T12:07:03.580+0000] {processor.py:840} INFO - DAG(s) 'example_bash_operator' retrieved from /home/khaled/dbt-env/lib/python3.12/site-packages/airflow/example_dags/example_bash_operator.py
[2025-10-23T12:07:03.595+0000] {logging_mixin.py:188} INFO - [2025-10-23T12:07:03.595+0000] {dag.py:3089} INFO - Sync 1 DAGs
[2025-10-23T12:07:03.609+0000] {logging_mixin.py:188} INFO - [2025-10-23T12:07:03.609+0000] {dag.py:3947} INFO - Setting next_dagrun for example_bash_operator to 2025-10-22 00:00:00+00:00, run_after=2025-10-23 00:00:00+00:00
[2025-10-23T12:07:03.642+0000] {processor.py:183} INFO - Processing /home/khaled/dbt-env/lib/python3.12/site-packages/airflow/example_dags/example_bash_operator.py took 0.078 seconds
[2025-10-23T12:08:15.983+0000] {processor.py:161} INFO - Started process (PID=11421) to work on /home/khaled/dbt-env/lib/python3.12/site-packages/airflow/example_dags/example_bash_operator.py
[2025-10-23T12:08:15.984+0000] {processor.py:830} INFO - Processing file /home/khaled/dbt-env/lib/python3.12/site-packages/airflow/example_dags/example_bash_operator.py for tasks to queue
[2025-10-23T12:08:15.986+0000] {logging_mixin.py:188} INFO - [2025-10-23T12:08:15.986+0000] {dagbag.py:545} INFO - Filling up the DagBag from /home/khaled/dbt-env/lib/python3.12/site-packages/airflow/example_dags/example_bash_operator.py
[2025-10-23T12:08:15.995+0000] {processor.py:840} INFO - DAG(s) 'example_bash_operator' retrieved from /home/khaled/dbt-env/lib/python3.12/site-packages/airflow/example_dags/example_bash_operator.py
[2025-10-23T12:08:16.012+0000] {logging_mixin.py:188} INFO - [2025-10-23T12:08:16.011+0000] {dag.py:3089} INFO - Sync 1 DAGs
[2025-10-23T12:08:16.028+0000] {logging_mixin.py:188} INFO - [2025-10-23T12:08:16.027+0000] {dag.py:3947} INFO - Setting next_dagrun for example_bash_operator to 2025-10-22 00:00:00+00:00, run_after=2025-10-23 00:00:00+00:00
[2025-10-23T12:08:16.149+0000] {processor.py:183} INFO - Processing /home/khaled/dbt-env/lib/python3.12/site-packages/airflow/example_dags/example_bash_operator.py took 0.170 seconds
[2025-10-23T12:09:30.713+0000] {processor.py:161} INFO - Started process (PID=11615) to work on /home/khaled/dbt-env/lib/python3.12/site-packages/airflow/example_dags/example_bash_operator.py
[2025-10-23T12:09:30.715+0000] {processor.py:830} INFO - Processing file /home/khaled/dbt-env/lib/python3.12/site-packages/airflow/example_dags/example_bash_operator.py for tasks to queue
[2025-10-23T12:09:30.716+0000] {logging_mixin.py:188} INFO - [2025-10-23T12:09:30.716+0000] {dagbag.py:545} INFO - Filling up the DagBag from /home/khaled/dbt-env/lib/python3.12/site-packages/airflow/example_dags/example_bash_operator.py
[2025-10-23T12:09:30.725+0000] {processor.py:840} INFO - DAG(s) 'example_bash_operator' retrieved from /home/khaled/dbt-env/lib/python3.12/site-packages/airflow/example_dags/example_bash_operator.py
[2025-10-23T12:09:30.740+0000] {logging_mixin.py:188} INFO - [2025-10-23T12:09:30.739+0000] {dag.py:3089} INFO - Sync 1 DAGs
[2025-10-23T12:09:30.756+0000] {logging_mixin.py:188} INFO - [2025-10-23T12:09:30.756+0000] {dag.py:3947} INFO - Setting next_dagrun for example_bash_operator to 2025-10-22 00:00:00+00:00, run_after=2025-10-23 00:00:00+00:00
[2025-10-23T12:09:30.789+0000] {processor.py:183} INFO - Processing /home/khaled/dbt-env/lib/python3.12/site-packages/airflow/example_dags/example_bash_operator.py took 0.081 seconds
[2025-10-23T12:10:38.118+0000] {processor.py:161} INFO - Started process (PID=11694) to work on /home/khaled/dbt-env/lib/python3.12/site-packages/airflow/example_dags/example_bash_operator.py
[2025-10-23T12:10:38.119+0000] {processor.py:830} INFO - Processing file /home/khaled/dbt-env/lib/python3.12/site-packages/airflow/example_dags/example_bash_operator.py for tasks to queue
[2025-10-23T12:10:38.121+0000] {logging_mixin.py:188} INFO - [2025-10-23T12:10:38.120+0000] {dagbag.py:545} INFO - Filling up the DagBag from /home/khaled/dbt-env/lib/python3.12/site-packages/airflow/example_dags/example_bash_operator.py
[2025-10-23T12:10:38.129+0000] {processor.py:840} INFO - DAG(s) 'example_bash_operator' retrieved from /home/khaled/dbt-env/lib/python3.12/site-packages/airflow/example_dags/example_bash_operator.py
[2025-10-23T12:10:38.144+0000] {logging_mixin.py:188} INFO - [2025-10-23T12:10:38.143+0000] {dag.py:3089} INFO - Sync 1 DAGs
[2025-10-23T12:10:38.158+0000] {logging_mixin.py:188} INFO - [2025-10-23T12:10:38.158+0000] {dag.py:3947} INFO - Setting next_dagrun for example_bash_operator to 2025-10-22 00:00:00+00:00, run_after=2025-10-23 00:00:00+00:00
[2025-10-23T12:10:38.179+0000] {processor.py:183} INFO - Processing /home/khaled/dbt-env/lib/python3.12/site-packages/airflow/example_dags/example_bash_operator.py took 0.066 seconds
