[2025-10-23T11:39:09.206+0000] {processor.py:161} INFO - Started process (PID=5929) to work on /home/khaled/dbt-env/lib/python3.12/site-packages/airflow/example_dags/example_short_circuit_operator.py
[2025-10-23T11:39:09.207+0000] {processor.py:830} INFO - Processing file /home/khaled/dbt-env/lib/python3.12/site-packages/airflow/example_dags/example_short_circuit_operator.py for tasks to queue
[2025-10-23T11:39:09.209+0000] {logging_mixin.py:188} INFO - [2025-10-23T11:39:09.209+0000] {dagbag.py:545} INFO - Filling up the DagBag from /home/khaled/dbt-env/lib/python3.12/site-packages/airflow/example_dags/example_short_circuit_operator.py
[2025-10-23T11:39:09.214+0000] {processor.py:840} INFO - DAG(s) 'example_short_circuit_operator' retrieved from /home/khaled/dbt-env/lib/python3.12/site-packages/airflow/example_dags/example_short_circuit_operator.py
[2025-10-23T11:39:09.239+0000] {logging_mixin.py:188} INFO - [2025-10-23T11:39:09.239+0000] {dag.py:3089} INFO - Sync 1 DAGs
[2025-10-23T11:39:09.275+0000] {logging_mixin.py:188} INFO - [2025-10-23T11:39:09.274+0000] {dag.py:3947} INFO - Setting next_dagrun for example_short_circuit_operator to 2025-10-22 00:00:00+00:00, run_after=2025-10-23 00:00:00+00:00
[2025-10-23T11:39:09.347+0000] {processor.py:183} INFO - Processing /home/khaled/dbt-env/lib/python3.12/site-packages/airflow/example_dags/example_short_circuit_operator.py took 0.147 seconds
[2025-10-23T11:54:46.937+0000] {processor.py:161} INFO - Started process (PID=9490) to work on /home/khaled/dbt-env/lib/python3.12/site-packages/airflow/example_dags/example_short_circuit_operator.py
[2025-10-23T11:54:46.947+0000] {processor.py:830} INFO - Processing file /home/khaled/dbt-env/lib/python3.12/site-packages/airflow/example_dags/example_short_circuit_operator.py for tasks to queue
[2025-10-23T11:54:46.949+0000] {logging_mixin.py:188} INFO - [2025-10-23T11:54:46.948+0000] {dagbag.py:545} INFO - Filling up the DagBag from /home/khaled/dbt-env/lib/python3.12/site-packages/airflow/example_dags/example_short_circuit_operator.py
[2025-10-23T11:54:46.954+0000] {processor.py:840} INFO - DAG(s) 'example_short_circuit_operator' retrieved from /home/khaled/dbt-env/lib/python3.12/site-packages/airflow/example_dags/example_short_circuit_operator.py
[2025-10-23T11:54:46.968+0000] {logging_mixin.py:188} INFO - [2025-10-23T11:54:46.968+0000] {dag.py:3089} INFO - Sync 1 DAGs
[2025-10-23T11:54:46.984+0000] {logging_mixin.py:188} INFO - [2025-10-23T11:54:46.984+0000] {dag.py:3947} INFO - Setting next_dagrun for example_short_circuit_operator to 2025-10-22 00:00:00+00:00, run_after=2025-10-23 00:00:00+00:00
[2025-10-23T11:54:47.004+0000] {processor.py:183} INFO - Processing /home/khaled/dbt-env/lib/python3.12/site-packages/airflow/example_dags/example_short_circuit_operator.py took 0.071 seconds
[2025-10-23T11:55:42.675+0000] {processor.py:161} INFO - Started process (PID=9734) to work on /home/khaled/dbt-env/lib/python3.12/site-packages/airflow/example_dags/example_short_circuit_operator.py
[2025-10-23T11:55:42.694+0000] {processor.py:830} INFO - Processing file /home/khaled/dbt-env/lib/python3.12/site-packages/airflow/example_dags/example_short_circuit_operator.py for tasks to queue
[2025-10-23T11:55:42.704+0000] {logging_mixin.py:188} INFO - [2025-10-23T11:55:42.700+0000] {dagbag.py:545} INFO - Filling up the DagBag from /home/khaled/dbt-env/lib/python3.12/site-packages/airflow/example_dags/example_short_circuit_operator.py
[2025-10-23T11:55:42.743+0000] {processor.py:840} INFO - DAG(s) 'example_short_circuit_operator' retrieved from /home/khaled/dbt-env/lib/python3.12/site-packages/airflow/example_dags/example_short_circuit_operator.py
[2025-10-23T11:55:42.792+0000] {logging_mixin.py:188} INFO - [2025-10-23T11:55:42.790+0000] {dag.py:3089} INFO - Sync 1 DAGs
[2025-10-23T11:55:42.851+0000] {logging_mixin.py:188} INFO - [2025-10-23T11:55:42.851+0000] {dag.py:3947} INFO - Setting next_dagrun for example_short_circuit_operator to 2025-10-22 00:00:00+00:00, run_after=2025-10-23 00:00:00+00:00
[2025-10-23T11:55:43.044+0000] {processor.py:183} INFO - Processing /home/khaled/dbt-env/lib/python3.12/site-packages/airflow/example_dags/example_short_circuit_operator.py took 0.426 seconds
[2025-10-23T11:57:17.780+0000] {processor.py:161} INFO - Started process (PID=9981) to work on /home/khaled/dbt-env/lib/python3.12/site-packages/airflow/example_dags/example_short_circuit_operator.py
[2025-10-23T11:57:17.783+0000] {processor.py:830} INFO - Processing file /home/khaled/dbt-env/lib/python3.12/site-packages/airflow/example_dags/example_short_circuit_operator.py for tasks to queue
[2025-10-23T11:57:17.784+0000] {logging_mixin.py:188} INFO - [2025-10-23T11:57:17.784+0000] {dagbag.py:545} INFO - Filling up the DagBag from /home/khaled/dbt-env/lib/python3.12/site-packages/airflow/example_dags/example_short_circuit_operator.py
[2025-10-23T11:57:17.792+0000] {processor.py:840} INFO - DAG(s) 'example_short_circuit_operator' retrieved from /home/khaled/dbt-env/lib/python3.12/site-packages/airflow/example_dags/example_short_circuit_operator.py
[2025-10-23T11:57:17.805+0000] {logging_mixin.py:188} INFO - [2025-10-23T11:57:17.805+0000] {dag.py:3089} INFO - Sync 1 DAGs
[2025-10-23T11:57:17.819+0000] {logging_mixin.py:188} INFO - [2025-10-23T11:57:17.818+0000] {dag.py:3947} INFO - Setting next_dagrun for example_short_circuit_operator to 2025-10-22 00:00:00+00:00, run_after=2025-10-23 00:00:00+00:00
[2025-10-23T11:57:17.836+0000] {processor.py:183} INFO - Processing /home/khaled/dbt-env/lib/python3.12/site-packages/airflow/example_dags/example_short_circuit_operator.py took 0.061 seconds
[2025-10-23T11:58:11.078+0000] {processor.py:161} INFO - Started process (PID=10047) to work on /home/khaled/dbt-env/lib/python3.12/site-packages/airflow/example_dags/example_short_circuit_operator.py
[2025-10-23T11:58:11.090+0000] {processor.py:830} INFO - Processing file /home/khaled/dbt-env/lib/python3.12/site-packages/airflow/example_dags/example_short_circuit_operator.py for tasks to queue
[2025-10-23T11:58:11.091+0000] {logging_mixin.py:188} INFO - [2025-10-23T11:58:11.091+0000] {dagbag.py:545} INFO - Filling up the DagBag from /home/khaled/dbt-env/lib/python3.12/site-packages/airflow/example_dags/example_short_circuit_operator.py
[2025-10-23T11:58:11.097+0000] {processor.py:840} INFO - DAG(s) 'example_short_circuit_operator' retrieved from /home/khaled/dbt-env/lib/python3.12/site-packages/airflow/example_dags/example_short_circuit_operator.py
[2025-10-23T11:58:11.110+0000] {logging_mixin.py:188} INFO - [2025-10-23T11:58:11.110+0000] {dag.py:3089} INFO - Sync 1 DAGs
[2025-10-23T11:58:11.124+0000] {logging_mixin.py:188} INFO - [2025-10-23T11:58:11.124+0000] {dag.py:3947} INFO - Setting next_dagrun for example_short_circuit_operator to 2025-10-22 00:00:00+00:00, run_after=2025-10-23 00:00:00+00:00
[2025-10-23T11:58:11.142+0000] {processor.py:183} INFO - Processing /home/khaled/dbt-env/lib/python3.12/site-packages/airflow/example_dags/example_short_circuit_operator.py took 0.067 seconds
[2025-10-23T11:59:04.288+0000] {processor.py:161} INFO - Started process (PID=10166) to work on /home/khaled/dbt-env/lib/python3.12/site-packages/airflow/example_dags/example_short_circuit_operator.py
[2025-10-23T11:59:04.290+0000] {processor.py:830} INFO - Processing file /home/khaled/dbt-env/lib/python3.12/site-packages/airflow/example_dags/example_short_circuit_operator.py for tasks to queue
[2025-10-23T11:59:04.292+0000] {logging_mixin.py:188} INFO - [2025-10-23T11:59:04.291+0000] {dagbag.py:545} INFO - Filling up the DagBag from /home/khaled/dbt-env/lib/python3.12/site-packages/airflow/example_dags/example_short_circuit_operator.py
[2025-10-23T11:59:04.302+0000] {processor.py:840} INFO - DAG(s) 'example_short_circuit_operator' retrieved from /home/khaled/dbt-env/lib/python3.12/site-packages/airflow/example_dags/example_short_circuit_operator.py
[2025-10-23T11:59:04.320+0000] {logging_mixin.py:188} INFO - [2025-10-23T11:59:04.320+0000] {dag.py:3089} INFO - Sync 1 DAGs
[2025-10-23T11:59:04.341+0000] {logging_mixin.py:188} INFO - [2025-10-23T11:59:04.340+0000] {dag.py:3947} INFO - Setting next_dagrun for example_short_circuit_operator to 2025-10-22 00:00:00+00:00, run_after=2025-10-23 00:00:00+00:00
[2025-10-23T11:59:04.368+0000] {processor.py:183} INFO - Processing /home/khaled/dbt-env/lib/python3.12/site-packages/airflow/example_dags/example_short_circuit_operator.py took 0.086 seconds
[2025-10-23T12:00:16.837+0000] {processor.py:161} INFO - Started process (PID=10214) to work on /home/khaled/dbt-env/lib/python3.12/site-packages/airflow/example_dags/example_short_circuit_operator.py
[2025-10-23T12:00:16.838+0000] {processor.py:830} INFO - Processing file /home/khaled/dbt-env/lib/python3.12/site-packages/airflow/example_dags/example_short_circuit_operator.py for tasks to queue
[2025-10-23T12:00:16.840+0000] {logging_mixin.py:188} INFO - [2025-10-23T12:00:16.840+0000] {dagbag.py:545} INFO - Filling up the DagBag from /home/khaled/dbt-env/lib/python3.12/site-packages/airflow/example_dags/example_short_circuit_operator.py
[2025-10-23T12:00:16.847+0000] {processor.py:840} INFO - DAG(s) 'example_short_circuit_operator' retrieved from /home/khaled/dbt-env/lib/python3.12/site-packages/airflow/example_dags/example_short_circuit_operator.py
[2025-10-23T12:00:16.865+0000] {logging_mixin.py:188} INFO - [2025-10-23T12:00:16.865+0000] {dag.py:3089} INFO - Sync 1 DAGs
[2025-10-23T12:00:16.883+0000] {logging_mixin.py:188} INFO - [2025-10-23T12:00:16.883+0000] {dag.py:3947} INFO - Setting next_dagrun for example_short_circuit_operator to 2025-10-22 00:00:00+00:00, run_after=2025-10-23 00:00:00+00:00
[2025-10-23T12:00:16.922+0000] {processor.py:183} INFO - Processing /home/khaled/dbt-env/lib/python3.12/site-packages/airflow/example_dags/example_short_circuit_operator.py took 0.089 seconds
[2025-10-23T12:01:07.719+0000] {processor.py:161} INFO - Started process (PID=10350) to work on /home/khaled/dbt-env/lib/python3.12/site-packages/airflow/example_dags/example_short_circuit_operator.py
[2025-10-23T12:01:07.728+0000] {processor.py:830} INFO - Processing file /home/khaled/dbt-env/lib/python3.12/site-packages/airflow/example_dags/example_short_circuit_operator.py for tasks to queue
[2025-10-23T12:01:07.737+0000] {logging_mixin.py:188} INFO - [2025-10-23T12:01:07.736+0000] {dagbag.py:545} INFO - Filling up the DagBag from /home/khaled/dbt-env/lib/python3.12/site-packages/airflow/example_dags/example_short_circuit_operator.py
[2025-10-23T12:01:07.769+0000] {processor.py:840} INFO - DAG(s) 'example_short_circuit_operator' retrieved from /home/khaled/dbt-env/lib/python3.12/site-packages/airflow/example_dags/example_short_circuit_operator.py
[2025-10-23T12:01:07.823+0000] {logging_mixin.py:188} INFO - [2025-10-23T12:01:07.823+0000] {dag.py:3089} INFO - Sync 1 DAGs
[2025-10-23T12:01:07.846+0000] {logging_mixin.py:188} INFO - [2025-10-23T12:01:07.846+0000] {dag.py:3947} INFO - Setting next_dagrun for example_short_circuit_operator to 2025-10-22 00:00:00+00:00, run_after=2025-10-23 00:00:00+00:00
[2025-10-23T12:01:07.876+0000] {processor.py:183} INFO - Processing /home/khaled/dbt-env/lib/python3.12/site-packages/airflow/example_dags/example_short_circuit_operator.py took 0.166 seconds
[2025-10-23T12:02:38.917+0000] {processor.py:161} INFO - Started process (PID=10638) to work on /home/khaled/dbt-env/lib/python3.12/site-packages/airflow/example_dags/example_short_circuit_operator.py
[2025-10-23T12:02:38.927+0000] {processor.py:830} INFO - Processing file /home/khaled/dbt-env/lib/python3.12/site-packages/airflow/example_dags/example_short_circuit_operator.py for tasks to queue
[2025-10-23T12:02:38.929+0000] {logging_mixin.py:188} INFO - [2025-10-23T12:02:38.928+0000] {dagbag.py:545} INFO - Filling up the DagBag from /home/khaled/dbt-env/lib/python3.12/site-packages/airflow/example_dags/example_short_circuit_operator.py
[2025-10-23T12:02:38.935+0000] {processor.py:840} INFO - DAG(s) 'example_short_circuit_operator' retrieved from /home/khaled/dbt-env/lib/python3.12/site-packages/airflow/example_dags/example_short_circuit_operator.py
[2025-10-23T12:02:38.948+0000] {logging_mixin.py:188} INFO - [2025-10-23T12:02:38.947+0000] {dag.py:3089} INFO - Sync 1 DAGs
[2025-10-23T12:02:38.965+0000] {logging_mixin.py:188} INFO - [2025-10-23T12:02:38.965+0000] {dag.py:3947} INFO - Setting next_dagrun for example_short_circuit_operator to 2025-10-22 00:00:00+00:00, run_after=2025-10-23 00:00:00+00:00
[2025-10-23T12:02:38.992+0000] {processor.py:183} INFO - Processing /home/khaled/dbt-env/lib/python3.12/site-packages/airflow/example_dags/example_short_circuit_operator.py took 0.080 seconds
[2025-10-23T12:03:34.486+0000] {processor.py:161} INFO - Started process (PID=10699) to work on /home/khaled/dbt-env/lib/python3.12/site-packages/airflow/example_dags/example_short_circuit_operator.py
[2025-10-23T12:03:34.488+0000] {processor.py:830} INFO - Processing file /home/khaled/dbt-env/lib/python3.12/site-packages/airflow/example_dags/example_short_circuit_operator.py for tasks to queue
[2025-10-23T12:03:34.489+0000] {logging_mixin.py:188} INFO - [2025-10-23T12:03:34.489+0000] {dagbag.py:545} INFO - Filling up the DagBag from /home/khaled/dbt-env/lib/python3.12/site-packages/airflow/example_dags/example_short_circuit_operator.py
[2025-10-23T12:03:34.494+0000] {processor.py:840} INFO - DAG(s) 'example_short_circuit_operator' retrieved from /home/khaled/dbt-env/lib/python3.12/site-packages/airflow/example_dags/example_short_circuit_operator.py
[2025-10-23T12:03:34.507+0000] {logging_mixin.py:188} INFO - [2025-10-23T12:03:34.507+0000] {dag.py:3089} INFO - Sync 1 DAGs
[2025-10-23T12:03:34.521+0000] {logging_mixin.py:188} INFO - [2025-10-23T12:03:34.521+0000] {dag.py:3947} INFO - Setting next_dagrun for example_short_circuit_operator to 2025-10-22 00:00:00+00:00, run_after=2025-10-23 00:00:00+00:00
[2025-10-23T12:03:34.553+0000] {processor.py:183} INFO - Processing /home/khaled/dbt-env/lib/python3.12/site-packages/airflow/example_dags/example_short_circuit_operator.py took 0.072 seconds
[2025-10-23T12:04:38.838+0000] {processor.py:161} INFO - Started process (PID=10834) to work on /home/khaled/dbt-env/lib/python3.12/site-packages/airflow/example_dags/example_short_circuit_operator.py
[2025-10-23T12:04:38.850+0000] {processor.py:830} INFO - Processing file /home/khaled/dbt-env/lib/python3.12/site-packages/airflow/example_dags/example_short_circuit_operator.py for tasks to queue
[2025-10-23T12:04:38.852+0000] {logging_mixin.py:188} INFO - [2025-10-23T12:04:38.852+0000] {dagbag.py:545} INFO - Filling up the DagBag from /home/khaled/dbt-env/lib/python3.12/site-packages/airflow/example_dags/example_short_circuit_operator.py
[2025-10-23T12:04:38.858+0000] {processor.py:840} INFO - DAG(s) 'example_short_circuit_operator' retrieved from /home/khaled/dbt-env/lib/python3.12/site-packages/airflow/example_dags/example_short_circuit_operator.py
[2025-10-23T12:04:38.871+0000] {logging_mixin.py:188} INFO - [2025-10-23T12:04:38.871+0000] {dag.py:3089} INFO - Sync 1 DAGs
[2025-10-23T12:04:38.885+0000] {logging_mixin.py:188} INFO - [2025-10-23T12:04:38.884+0000] {dag.py:3947} INFO - Setting next_dagrun for example_short_circuit_operator to 2025-10-22 00:00:00+00:00, run_after=2025-10-23 00:00:00+00:00
[2025-10-23T12:04:38.991+0000] {processor.py:183} INFO - Processing /home/khaled/dbt-env/lib/python3.12/site-packages/airflow/example_dags/example_short_circuit_operator.py took 0.158 seconds
[2025-10-23T12:05:31.827+0000] {processor.py:161} INFO - Started process (PID=11201) to work on /home/khaled/dbt-env/lib/python3.12/site-packages/airflow/example_dags/example_short_circuit_operator.py
[2025-10-23T12:05:31.828+0000] {processor.py:830} INFO - Processing file /home/khaled/dbt-env/lib/python3.12/site-packages/airflow/example_dags/example_short_circuit_operator.py for tasks to queue
[2025-10-23T12:05:31.830+0000] {logging_mixin.py:188} INFO - [2025-10-23T12:05:31.829+0000] {dagbag.py:545} INFO - Filling up the DagBag from /home/khaled/dbt-env/lib/python3.12/site-packages/airflow/example_dags/example_short_circuit_operator.py
[2025-10-23T12:05:31.838+0000] {processor.py:840} INFO - DAG(s) 'example_short_circuit_operator' retrieved from /home/khaled/dbt-env/lib/python3.12/site-packages/airflow/example_dags/example_short_circuit_operator.py
[2025-10-23T12:05:31.855+0000] {logging_mixin.py:188} INFO - [2025-10-23T12:05:31.854+0000] {dag.py:3089} INFO - Sync 1 DAGs
[2025-10-23T12:05:31.869+0000] {logging_mixin.py:188} INFO - [2025-10-23T12:05:31.869+0000] {dag.py:3947} INFO - Setting next_dagrun for example_short_circuit_operator to 2025-10-22 00:00:00+00:00, run_after=2025-10-23 00:00:00+00:00
[2025-10-23T12:05:31.903+0000] {processor.py:183} INFO - Processing /home/khaled/dbt-env/lib/python3.12/site-packages/airflow/example_dags/example_short_circuit_operator.py took 0.080 seconds
[2025-10-23T12:06:28.895+0000] {processor.py:161} INFO - Started process (PID=11287) to work on /home/khaled/dbt-env/lib/python3.12/site-packages/airflow/example_dags/example_short_circuit_operator.py
[2025-10-23T12:06:28.896+0000] {processor.py:830} INFO - Processing file /home/khaled/dbt-env/lib/python3.12/site-packages/airflow/example_dags/example_short_circuit_operator.py for tasks to queue
[2025-10-23T12:06:28.898+0000] {logging_mixin.py:188} INFO - [2025-10-23T12:06:28.898+0000] {dagbag.py:545} INFO - Filling up the DagBag from /home/khaled/dbt-env/lib/python3.12/site-packages/airflow/example_dags/example_short_circuit_operator.py
[2025-10-23T12:06:28.904+0000] {processor.py:840} INFO - DAG(s) 'example_short_circuit_operator' retrieved from /home/khaled/dbt-env/lib/python3.12/site-packages/airflow/example_dags/example_short_circuit_operator.py
[2025-10-23T12:06:28.917+0000] {logging_mixin.py:188} INFO - [2025-10-23T12:06:28.917+0000] {dag.py:3089} INFO - Sync 1 DAGs
[2025-10-23T12:06:28.932+0000] {logging_mixin.py:188} INFO - [2025-10-23T12:06:28.931+0000] {dag.py:3947} INFO - Setting next_dagrun for example_short_circuit_operator to 2025-10-22 00:00:00+00:00, run_after=2025-10-23 00:00:00+00:00
[2025-10-23T12:06:28.950+0000] {processor.py:183} INFO - Processing /home/khaled/dbt-env/lib/python3.12/site-packages/airflow/example_dags/example_short_circuit_operator.py took 0.061 seconds
[2025-10-23T12:07:12.162+0000] {processor.py:161} INFO - Started process (PID=11339) to work on /home/khaled/dbt-env/lib/python3.12/site-packages/airflow/example_dags/example_short_circuit_operator.py
[2025-10-23T12:07:12.163+0000] {processor.py:830} INFO - Processing file /home/khaled/dbt-env/lib/python3.12/site-packages/airflow/example_dags/example_short_circuit_operator.py for tasks to queue
[2025-10-23T12:07:12.165+0000] {logging_mixin.py:188} INFO - [2025-10-23T12:07:12.165+0000] {dagbag.py:545} INFO - Filling up the DagBag from /home/khaled/dbt-env/lib/python3.12/site-packages/airflow/example_dags/example_short_circuit_operator.py
[2025-10-23T12:07:12.171+0000] {processor.py:840} INFO - DAG(s) 'example_short_circuit_operator' retrieved from /home/khaled/dbt-env/lib/python3.12/site-packages/airflow/example_dags/example_short_circuit_operator.py
[2025-10-23T12:07:12.184+0000] {logging_mixin.py:188} INFO - [2025-10-23T12:07:12.184+0000] {dag.py:3089} INFO - Sync 1 DAGs
[2025-10-23T12:07:12.198+0000] {logging_mixin.py:188} INFO - [2025-10-23T12:07:12.197+0000] {dag.py:3947} INFO - Setting next_dagrun for example_short_circuit_operator to 2025-10-22 00:00:00+00:00, run_after=2025-10-23 00:00:00+00:00
[2025-10-23T12:07:12.305+0000] {processor.py:183} INFO - Processing /home/khaled/dbt-env/lib/python3.12/site-packages/airflow/example_dags/example_short_circuit_operator.py took 0.150 seconds
[2025-10-23T12:07:59.399+0000] {processor.py:161} INFO - Started process (PID=11404) to work on /home/khaled/dbt-env/lib/python3.12/site-packages/airflow/example_dags/example_short_circuit_operator.py
[2025-10-23T12:07:59.401+0000] {processor.py:830} INFO - Processing file /home/khaled/dbt-env/lib/python3.12/site-packages/airflow/example_dags/example_short_circuit_operator.py for tasks to queue
[2025-10-23T12:07:59.403+0000] {logging_mixin.py:188} INFO - [2025-10-23T12:07:59.402+0000] {dagbag.py:545} INFO - Filling up the DagBag from /home/khaled/dbt-env/lib/python3.12/site-packages/airflow/example_dags/example_short_circuit_operator.py
[2025-10-23T12:07:59.408+0000] {processor.py:840} INFO - DAG(s) 'example_short_circuit_operator' retrieved from /home/khaled/dbt-env/lib/python3.12/site-packages/airflow/example_dags/example_short_circuit_operator.py
[2025-10-23T12:07:59.422+0000] {logging_mixin.py:188} INFO - [2025-10-23T12:07:59.422+0000] {dag.py:3089} INFO - Sync 1 DAGs
[2025-10-23T12:07:59.437+0000] {logging_mixin.py:188} INFO - [2025-10-23T12:07:59.437+0000] {dag.py:3947} INFO - Setting next_dagrun for example_short_circuit_operator to 2025-10-22 00:00:00+00:00, run_after=2025-10-23 00:00:00+00:00
[2025-10-23T12:07:59.471+0000] {processor.py:183} INFO - Processing /home/khaled/dbt-env/lib/python3.12/site-packages/airflow/example_dags/example_short_circuit_operator.py took 0.077 seconds
[2025-10-23T12:08:48.097+0000] {processor.py:161} INFO - Started process (PID=11515) to work on /home/khaled/dbt-env/lib/python3.12/site-packages/airflow/example_dags/example_short_circuit_operator.py
[2025-10-23T12:08:48.098+0000] {processor.py:830} INFO - Processing file /home/khaled/dbt-env/lib/python3.12/site-packages/airflow/example_dags/example_short_circuit_operator.py for tasks to queue
[2025-10-23T12:08:48.099+0000] {logging_mixin.py:188} INFO - [2025-10-23T12:08:48.099+0000] {dagbag.py:545} INFO - Filling up the DagBag from /home/khaled/dbt-env/lib/python3.12/site-packages/airflow/example_dags/example_short_circuit_operator.py
[2025-10-23T12:08:48.106+0000] {processor.py:840} INFO - DAG(s) 'example_short_circuit_operator' retrieved from /home/khaled/dbt-env/lib/python3.12/site-packages/airflow/example_dags/example_short_circuit_operator.py
[2025-10-23T12:08:48.226+0000] {logging_mixin.py:188} INFO - [2025-10-23T12:08:48.226+0000] {dag.py:3089} INFO - Sync 1 DAGs
[2025-10-23T12:08:48.238+0000] {logging_mixin.py:188} INFO - [2025-10-23T12:08:48.238+0000] {dag.py:3947} INFO - Setting next_dagrun for example_short_circuit_operator to 2025-10-22 00:00:00+00:00, run_after=2025-10-23 00:00:00+00:00
[2025-10-23T12:08:48.271+0000] {processor.py:183} INFO - Processing /home/khaled/dbt-env/lib/python3.12/site-packages/airflow/example_dags/example_short_circuit_operator.py took 0.178 seconds
[2025-10-23T12:09:38.451+0000] {processor.py:161} INFO - Started process (PID=11623) to work on /home/khaled/dbt-env/lib/python3.12/site-packages/airflow/example_dags/example_short_circuit_operator.py
[2025-10-23T12:09:38.453+0000] {processor.py:830} INFO - Processing file /home/khaled/dbt-env/lib/python3.12/site-packages/airflow/example_dags/example_short_circuit_operator.py for tasks to queue
[2025-10-23T12:09:38.454+0000] {logging_mixin.py:188} INFO - [2025-10-23T12:09:38.454+0000] {dagbag.py:545} INFO - Filling up the DagBag from /home/khaled/dbt-env/lib/python3.12/site-packages/airflow/example_dags/example_short_circuit_operator.py
[2025-10-23T12:09:38.460+0000] {processor.py:840} INFO - DAG(s) 'example_short_circuit_operator' retrieved from /home/khaled/dbt-env/lib/python3.12/site-packages/airflow/example_dags/example_short_circuit_operator.py
[2025-10-23T12:09:38.473+0000] {logging_mixin.py:188} INFO - [2025-10-23T12:09:38.473+0000] {dag.py:3089} INFO - Sync 1 DAGs
[2025-10-23T12:09:38.489+0000] {logging_mixin.py:188} INFO - [2025-10-23T12:09:38.489+0000] {dag.py:3947} INFO - Setting next_dagrun for example_short_circuit_operator to 2025-10-22 00:00:00+00:00, run_after=2025-10-23 00:00:00+00:00
[2025-10-23T12:09:38.524+0000] {processor.py:183} INFO - Processing /home/khaled/dbt-env/lib/python3.12/site-packages/airflow/example_dags/example_short_circuit_operator.py took 0.077 seconds
[2025-10-23T12:10:24.303+0000] {processor.py:161} INFO - Started process (PID=11679) to work on /home/khaled/dbt-env/lib/python3.12/site-packages/airflow/example_dags/example_short_circuit_operator.py
[2025-10-23T12:10:24.304+0000] {processor.py:830} INFO - Processing file /home/khaled/dbt-env/lib/python3.12/site-packages/airflow/example_dags/example_short_circuit_operator.py for tasks to queue
[2025-10-23T12:10:24.306+0000] {logging_mixin.py:188} INFO - [2025-10-23T12:10:24.306+0000] {dagbag.py:545} INFO - Filling up the DagBag from /home/khaled/dbt-env/lib/python3.12/site-packages/airflow/example_dags/example_short_circuit_operator.py
[2025-10-23T12:10:24.312+0000] {processor.py:840} INFO - DAG(s) 'example_short_circuit_operator' retrieved from /home/khaled/dbt-env/lib/python3.12/site-packages/airflow/example_dags/example_short_circuit_operator.py
[2025-10-23T12:10:24.325+0000] {logging_mixin.py:188} INFO - [2025-10-23T12:10:24.325+0000] {dag.py:3089} INFO - Sync 1 DAGs
[2025-10-23T12:10:24.339+0000] {logging_mixin.py:188} INFO - [2025-10-23T12:10:24.339+0000] {dag.py:3947} INFO - Setting next_dagrun for example_short_circuit_operator to 2025-10-22 00:00:00+00:00, run_after=2025-10-23 00:00:00+00:00
[2025-10-23T12:10:24.370+0000] {processor.py:183} INFO - Processing /home/khaled/dbt-env/lib/python3.12/site-packages/airflow/example_dags/example_short_circuit_operator.py took 0.071 seconds
