[2025-10-23T11:39:29.867+0000] {processor.py:161} INFO - Started process (PID=5956) to work on /home/khaled/dbt-env/lib/python3.12/site-packages/airflow/example_dags/example_display_name.py
[2025-10-23T11:39:29.868+0000] {processor.py:830} INFO - Processing file /home/khaled/dbt-env/lib/python3.12/site-packages/airflow/example_dags/example_display_name.py for tasks to queue
[2025-10-23T11:39:29.869+0000] {logging_mixin.py:188} INFO - [2025-10-23T11:39:29.869+0000] {dagbag.py:545} INFO - Filling up the DagBag from /home/khaled/dbt-env/lib/python3.12/site-packages/airflow/example_dags/example_display_name.py
[2025-10-23T11:39:29.874+0000] {processor.py:840} INFO - DAG(s) 'example_display_name' retrieved from /home/khaled/dbt-env/lib/python3.12/site-packages/airflow/example_dags/example_display_name.py
[2025-10-23T11:39:29.888+0000] {logging_mixin.py:188} INFO - [2025-10-23T11:39:29.888+0000] {dag.py:3089} INFO - Sync 1 DAGs
[2025-10-23T11:39:29.897+0000] {logging_mixin.py:188} INFO - [2025-10-23T11:39:29.897+0000] {dag.py:3947} INFO - Setting next_dagrun for example_display_name to None, run_after=None
[2025-10-23T11:39:29.929+0000] {processor.py:183} INFO - Processing /home/khaled/dbt-env/lib/python3.12/site-packages/airflow/example_dags/example_display_name.py took 0.066 seconds
[2025-10-23T11:55:05.552+0000] {processor.py:161} INFO - Started process (PID=9564) to work on /home/khaled/dbt-env/lib/python3.12/site-packages/airflow/example_dags/example_display_name.py
[2025-10-23T11:55:05.563+0000] {processor.py:830} INFO - Processing file /home/khaled/dbt-env/lib/python3.12/site-packages/airflow/example_dags/example_display_name.py for tasks to queue
[2025-10-23T11:55:05.566+0000] {logging_mixin.py:188} INFO - [2025-10-23T11:55:05.565+0000] {dagbag.py:545} INFO - Filling up the DagBag from /home/khaled/dbt-env/lib/python3.12/site-packages/airflow/example_dags/example_display_name.py
[2025-10-23T11:55:05.570+0000] {processor.py:840} INFO - DAG(s) 'example_display_name' retrieved from /home/khaled/dbt-env/lib/python3.12/site-packages/airflow/example_dags/example_display_name.py
[2025-10-23T11:55:05.582+0000] {logging_mixin.py:188} INFO - [2025-10-23T11:55:05.582+0000] {dag.py:3089} INFO - Sync 1 DAGs
[2025-10-23T11:55:05.591+0000] {logging_mixin.py:188} INFO - [2025-10-23T11:55:05.591+0000] {dag.py:3947} INFO - Setting next_dagrun for example_display_name to None, run_after=None
[2025-10-23T11:55:05.612+0000] {processor.py:183} INFO - Processing /home/khaled/dbt-env/lib/python3.12/site-packages/airflow/example_dags/example_display_name.py took 0.066 seconds
[2025-10-23T11:56:06.023+0000] {processor.py:161} INFO - Started process (PID=9929) to work on /home/khaled/dbt-env/lib/python3.12/site-packages/airflow/example_dags/example_display_name.py
[2025-10-23T11:56:06.025+0000] {processor.py:830} INFO - Processing file /home/khaled/dbt-env/lib/python3.12/site-packages/airflow/example_dags/example_display_name.py for tasks to queue
[2025-10-23T11:56:06.028+0000] {logging_mixin.py:188} INFO - [2025-10-23T11:56:06.027+0000] {dagbag.py:545} INFO - Filling up the DagBag from /home/khaled/dbt-env/lib/python3.12/site-packages/airflow/example_dags/example_display_name.py
[2025-10-23T11:56:06.047+0000] {processor.py:840} INFO - DAG(s) 'example_display_name' retrieved from /home/khaled/dbt-env/lib/python3.12/site-packages/airflow/example_dags/example_display_name.py
[2025-10-23T11:56:06.090+0000] {logging_mixin.py:188} INFO - [2025-10-23T11:56:06.090+0000] {dag.py:3089} INFO - Sync 1 DAGs
[2025-10-23T11:56:06.117+0000] {logging_mixin.py:188} INFO - [2025-10-23T11:56:06.117+0000] {dag.py:3947} INFO - Setting next_dagrun for example_display_name to None, run_after=None
[2025-10-23T11:56:06.167+0000] {processor.py:183} INFO - Processing /home/khaled/dbt-env/lib/python3.12/site-packages/airflow/example_dags/example_display_name.py took 0.161 seconds
[2025-10-23T11:57:51.509+0000] {processor.py:161} INFO - Started process (PID=10025) to work on /home/khaled/dbt-env/lib/python3.12/site-packages/airflow/example_dags/example_display_name.py
[2025-10-23T11:57:51.522+0000] {processor.py:830} INFO - Processing file /home/khaled/dbt-env/lib/python3.12/site-packages/airflow/example_dags/example_display_name.py for tasks to queue
[2025-10-23T11:57:51.523+0000] {logging_mixin.py:188} INFO - [2025-10-23T11:57:51.523+0000] {dagbag.py:545} INFO - Filling up the DagBag from /home/khaled/dbt-env/lib/python3.12/site-packages/airflow/example_dags/example_display_name.py
[2025-10-23T11:57:51.529+0000] {processor.py:840} INFO - DAG(s) 'example_display_name' retrieved from /home/khaled/dbt-env/lib/python3.12/site-packages/airflow/example_dags/example_display_name.py
[2025-10-23T11:57:51.545+0000] {logging_mixin.py:188} INFO - [2025-10-23T11:57:51.545+0000] {dag.py:3089} INFO - Sync 1 DAGs
[2025-10-23T11:57:51.560+0000] {logging_mixin.py:188} INFO - [2025-10-23T11:57:51.560+0000] {dag.py:3947} INFO - Setting next_dagrun for example_display_name to None, run_after=None
[2025-10-23T11:57:51.591+0000] {processor.py:183} INFO - Processing /home/khaled/dbt-env/lib/python3.12/site-packages/airflow/example_dags/example_display_name.py took 0.089 seconds
[2025-10-23T11:58:43.991+0000] {processor.py:161} INFO - Started process (PID=10118) to work on /home/khaled/dbt-env/lib/python3.12/site-packages/airflow/example_dags/example_display_name.py
[2025-10-23T11:58:43.994+0000] {processor.py:830} INFO - Processing file /home/khaled/dbt-env/lib/python3.12/site-packages/airflow/example_dags/example_display_name.py for tasks to queue
[2025-10-23T11:58:43.995+0000] {logging_mixin.py:188} INFO - [2025-10-23T11:58:43.995+0000] {dagbag.py:545} INFO - Filling up the DagBag from /home/khaled/dbt-env/lib/python3.12/site-packages/airflow/example_dags/example_display_name.py
[2025-10-23T11:58:44.000+0000] {processor.py:840} INFO - DAG(s) 'example_display_name' retrieved from /home/khaled/dbt-env/lib/python3.12/site-packages/airflow/example_dags/example_display_name.py
[2025-10-23T11:58:44.011+0000] {logging_mixin.py:188} INFO - [2025-10-23T11:58:44.011+0000] {dag.py:3089} INFO - Sync 1 DAGs
[2025-10-23T11:58:44.020+0000] {logging_mixin.py:188} INFO - [2025-10-23T11:58:44.020+0000] {dag.py:3947} INFO - Setting next_dagrun for example_display_name to None, run_after=None
[2025-10-23T11:58:44.041+0000] {processor.py:183} INFO - Processing /home/khaled/dbt-env/lib/python3.12/site-packages/airflow/example_dags/example_display_name.py took 0.054 seconds
[2025-10-23T12:00:30.218+0000] {processor.py:161} INFO - Started process (PID=10233) to work on /home/khaled/dbt-env/lib/python3.12/site-packages/airflow/example_dags/example_display_name.py
[2025-10-23T12:00:30.219+0000] {processor.py:830} INFO - Processing file /home/khaled/dbt-env/lib/python3.12/site-packages/airflow/example_dags/example_display_name.py for tasks to queue
[2025-10-23T12:00:30.220+0000] {logging_mixin.py:188} INFO - [2025-10-23T12:00:30.220+0000] {dagbag.py:545} INFO - Filling up the DagBag from /home/khaled/dbt-env/lib/python3.12/site-packages/airflow/example_dags/example_display_name.py
[2025-10-23T12:00:30.225+0000] {processor.py:840} INFO - DAG(s) 'example_display_name' retrieved from /home/khaled/dbt-env/lib/python3.12/site-packages/airflow/example_dags/example_display_name.py
[2025-10-23T12:00:30.238+0000] {logging_mixin.py:188} INFO - [2025-10-23T12:00:30.238+0000] {dag.py:3089} INFO - Sync 1 DAGs
[2025-10-23T12:00:30.247+0000] {logging_mixin.py:188} INFO - [2025-10-23T12:00:30.247+0000] {dag.py:3947} INFO - Setting next_dagrun for example_display_name to None, run_after=None
[2025-10-23T12:00:30.267+0000] {processor.py:183} INFO - Processing /home/khaled/dbt-env/lib/python3.12/site-packages/airflow/example_dags/example_display_name.py took 0.053 seconds
[2025-10-23T12:02:04.445+0000] {processor.py:161} INFO - Started process (PID=10605) to work on /home/khaled/dbt-env/lib/python3.12/site-packages/airflow/example_dags/example_display_name.py
[2025-10-23T12:02:04.448+0000] {processor.py:830} INFO - Processing file /home/khaled/dbt-env/lib/python3.12/site-packages/airflow/example_dags/example_display_name.py for tasks to queue
[2025-10-23T12:02:04.450+0000] {logging_mixin.py:188} INFO - [2025-10-23T12:02:04.449+0000] {dagbag.py:545} INFO - Filling up the DagBag from /home/khaled/dbt-env/lib/python3.12/site-packages/airflow/example_dags/example_display_name.py
[2025-10-23T12:02:04.456+0000] {processor.py:840} INFO - DAG(s) 'example_display_name' retrieved from /home/khaled/dbt-env/lib/python3.12/site-packages/airflow/example_dags/example_display_name.py
[2025-10-23T12:02:04.469+0000] {logging_mixin.py:188} INFO - [2025-10-23T12:02:04.469+0000] {dag.py:3089} INFO - Sync 1 DAGs
[2025-10-23T12:02:04.479+0000] {logging_mixin.py:188} INFO - [2025-10-23T12:02:04.479+0000] {dag.py:3947} INFO - Setting next_dagrun for example_display_name to None, run_after=None
[2025-10-23T12:02:04.501+0000] {processor.py:183} INFO - Processing /home/khaled/dbt-env/lib/python3.12/site-packages/airflow/example_dags/example_display_name.py took 0.061 seconds
[2025-10-23T12:03:39.276+0000] {processor.py:161} INFO - Started process (PID=10709) to work on /home/khaled/dbt-env/lib/python3.12/site-packages/airflow/example_dags/example_display_name.py
[2025-10-23T12:03:39.287+0000] {processor.py:830} INFO - Processing file /home/khaled/dbt-env/lib/python3.12/site-packages/airflow/example_dags/example_display_name.py for tasks to queue
[2025-10-23T12:03:39.289+0000] {logging_mixin.py:188} INFO - [2025-10-23T12:03:39.289+0000] {dagbag.py:545} INFO - Filling up the DagBag from /home/khaled/dbt-env/lib/python3.12/site-packages/airflow/example_dags/example_display_name.py
[2025-10-23T12:03:39.295+0000] {processor.py:840} INFO - DAG(s) 'example_display_name' retrieved from /home/khaled/dbt-env/lib/python3.12/site-packages/airflow/example_dags/example_display_name.py
[2025-10-23T12:03:39.308+0000] {logging_mixin.py:188} INFO - [2025-10-23T12:03:39.308+0000] {dag.py:3089} INFO - Sync 1 DAGs
[2025-10-23T12:03:39.317+0000] {logging_mixin.py:188} INFO - [2025-10-23T12:03:39.317+0000] {dag.py:3947} INFO - Setting next_dagrun for example_display_name to None, run_after=None
[2025-10-23T12:03:39.335+0000] {processor.py:183} INFO - Processing /home/khaled/dbt-env/lib/python3.12/site-packages/airflow/example_dags/example_display_name.py took 0.068 seconds
[2025-10-23T12:04:45.349+0000] {processor.py:161} INFO - Started process (PID=10840) to work on /home/khaled/dbt-env/lib/python3.12/site-packages/airflow/example_dags/example_display_name.py
[2025-10-23T12:04:45.360+0000] {processor.py:830} INFO - Processing file /home/khaled/dbt-env/lib/python3.12/site-packages/airflow/example_dags/example_display_name.py for tasks to queue
[2025-10-23T12:04:45.363+0000] {logging_mixin.py:188} INFO - [2025-10-23T12:04:45.362+0000] {dagbag.py:545} INFO - Filling up the DagBag from /home/khaled/dbt-env/lib/python3.12/site-packages/airflow/example_dags/example_display_name.py
[2025-10-23T12:04:45.369+0000] {processor.py:840} INFO - DAG(s) 'example_display_name' retrieved from /home/khaled/dbt-env/lib/python3.12/site-packages/airflow/example_dags/example_display_name.py
[2025-10-23T12:04:45.383+0000] {logging_mixin.py:188} INFO - [2025-10-23T12:04:45.382+0000] {dag.py:3089} INFO - Sync 1 DAGs
[2025-10-23T12:04:45.392+0000] {logging_mixin.py:188} INFO - [2025-10-23T12:04:45.392+0000] {dag.py:3947} INFO - Setting next_dagrun for example_display_name to None, run_after=None
[2025-10-23T12:04:45.523+0000] {processor.py:183} INFO - Processing /home/khaled/dbt-env/lib/python3.12/site-packages/airflow/example_dags/example_display_name.py took 0.179 seconds
[2025-10-23T12:05:36.975+0000] {processor.py:161} INFO - Started process (PID=11214) to work on /home/khaled/dbt-env/lib/python3.12/site-packages/airflow/example_dags/example_display_name.py
[2025-10-23T12:05:36.985+0000] {processor.py:830} INFO - Processing file /home/khaled/dbt-env/lib/python3.12/site-packages/airflow/example_dags/example_display_name.py for tasks to queue
[2025-10-23T12:05:36.987+0000] {logging_mixin.py:188} INFO - [2025-10-23T12:05:36.987+0000] {dagbag.py:545} INFO - Filling up the DagBag from /home/khaled/dbt-env/lib/python3.12/site-packages/airflow/example_dags/example_display_name.py
[2025-10-23T12:05:36.997+0000] {processor.py:840} INFO - DAG(s) 'example_display_name' retrieved from /home/khaled/dbt-env/lib/python3.12/site-packages/airflow/example_dags/example_display_name.py
[2025-10-23T12:05:37.011+0000] {logging_mixin.py:188} INFO - [2025-10-23T12:05:37.011+0000] {dag.py:3089} INFO - Sync 1 DAGs
[2025-10-23T12:05:37.028+0000] {logging_mixin.py:188} INFO - [2025-10-23T12:05:37.028+0000] {dag.py:3947} INFO - Setting next_dagrun for example_display_name to None, run_after=None
[2025-10-23T12:05:37.076+0000] {processor.py:183} INFO - Processing /home/khaled/dbt-env/lib/python3.12/site-packages/airflow/example_dags/example_display_name.py took 0.108 seconds
[2025-10-23T12:06:43.028+0000] {processor.py:161} INFO - Started process (PID=11302) to work on /home/khaled/dbt-env/lib/python3.12/site-packages/airflow/example_dags/example_display_name.py
[2025-10-23T12:06:43.038+0000] {processor.py:830} INFO - Processing file /home/khaled/dbt-env/lib/python3.12/site-packages/airflow/example_dags/example_display_name.py for tasks to queue
[2025-10-23T12:06:43.039+0000] {logging_mixin.py:188} INFO - [2025-10-23T12:06:43.039+0000] {dagbag.py:545} INFO - Filling up the DagBag from /home/khaled/dbt-env/lib/python3.12/site-packages/airflow/example_dags/example_display_name.py
[2025-10-23T12:06:43.045+0000] {processor.py:840} INFO - DAG(s) 'example_display_name' retrieved from /home/khaled/dbt-env/lib/python3.12/site-packages/airflow/example_dags/example_display_name.py
[2025-10-23T12:06:43.056+0000] {logging_mixin.py:188} INFO - [2025-10-23T12:06:43.056+0000] {dag.py:3089} INFO - Sync 1 DAGs
[2025-10-23T12:06:43.065+0000] {logging_mixin.py:188} INFO - [2025-10-23T12:06:43.064+0000] {dag.py:3947} INFO - Setting next_dagrun for example_display_name to None, run_after=None
[2025-10-23T12:06:43.084+0000] {processor.py:183} INFO - Processing /home/khaled/dbt-env/lib/python3.12/site-packages/airflow/example_dags/example_display_name.py took 0.061 seconds
[2025-10-23T12:07:51.970+0000] {processor.py:161} INFO - Started process (PID=11390) to work on /home/khaled/dbt-env/lib/python3.12/site-packages/airflow/example_dags/example_display_name.py
[2025-10-23T12:07:51.973+0000] {processor.py:830} INFO - Processing file /home/khaled/dbt-env/lib/python3.12/site-packages/airflow/example_dags/example_display_name.py for tasks to queue
[2025-10-23T12:07:51.976+0000] {logging_mixin.py:188} INFO - [2025-10-23T12:07:51.976+0000] {dagbag.py:545} INFO - Filling up the DagBag from /home/khaled/dbt-env/lib/python3.12/site-packages/airflow/example_dags/example_display_name.py
[2025-10-23T12:07:51.989+0000] {processor.py:840} INFO - DAG(s) 'example_display_name' retrieved from /home/khaled/dbt-env/lib/python3.12/site-packages/airflow/example_dags/example_display_name.py
[2025-10-23T12:07:52.005+0000] {logging_mixin.py:188} INFO - [2025-10-23T12:07:52.005+0000] {dag.py:3089} INFO - Sync 1 DAGs
[2025-10-23T12:07:52.017+0000] {logging_mixin.py:188} INFO - [2025-10-23T12:07:52.016+0000] {dag.py:3947} INFO - Setting next_dagrun for example_display_name to None, run_after=None
[2025-10-23T12:07:52.039+0000] {processor.py:183} INFO - Processing /home/khaled/dbt-env/lib/python3.12/site-packages/airflow/example_dags/example_display_name.py took 0.081 seconds
[2025-10-23T12:09:04.931+0000] {processor.py:161} INFO - Started process (PID=11531) to work on /home/khaled/dbt-env/lib/python3.12/site-packages/airflow/example_dags/example_display_name.py
[2025-10-23T12:09:04.933+0000] {processor.py:830} INFO - Processing file /home/khaled/dbt-env/lib/python3.12/site-packages/airflow/example_dags/example_display_name.py for tasks to queue
[2025-10-23T12:09:04.934+0000] {logging_mixin.py:188} INFO - [2025-10-23T12:09:04.934+0000] {dagbag.py:545} INFO - Filling up the DagBag from /home/khaled/dbt-env/lib/python3.12/site-packages/airflow/example_dags/example_display_name.py
[2025-10-23T12:09:05.035+0000] {processor.py:840} INFO - DAG(s) 'example_display_name' retrieved from /home/khaled/dbt-env/lib/python3.12/site-packages/airflow/example_dags/example_display_name.py
[2025-10-23T12:09:05.042+0000] {logging_mixin.py:188} INFO - [2025-10-23T12:09:05.042+0000] {dag.py:3089} INFO - Sync 1 DAGs
[2025-10-23T12:09:05.048+0000] {logging_mixin.py:188} INFO - [2025-10-23T12:09:05.048+0000] {dag.py:3947} INFO - Setting next_dagrun for example_display_name to None, run_after=None
[2025-10-23T12:09:05.079+0000] {processor.py:183} INFO - Processing /home/khaled/dbt-env/lib/python3.12/site-packages/airflow/example_dags/example_display_name.py took 0.151 seconds
[2025-10-23T12:10:15.318+0000] {processor.py:161} INFO - Started process (PID=11666) to work on /home/khaled/dbt-env/lib/python3.12/site-packages/airflow/example_dags/example_display_name.py
[2025-10-23T12:10:15.329+0000] {processor.py:830} INFO - Processing file /home/khaled/dbt-env/lib/python3.12/site-packages/airflow/example_dags/example_display_name.py for tasks to queue
[2025-10-23T12:10:15.330+0000] {logging_mixin.py:188} INFO - [2025-10-23T12:10:15.330+0000] {dagbag.py:545} INFO - Filling up the DagBag from /home/khaled/dbt-env/lib/python3.12/site-packages/airflow/example_dags/example_display_name.py
[2025-10-23T12:10:15.334+0000] {processor.py:840} INFO - DAG(s) 'example_display_name' retrieved from /home/khaled/dbt-env/lib/python3.12/site-packages/airflow/example_dags/example_display_name.py
[2025-10-23T12:10:15.347+0000] {logging_mixin.py:188} INFO - [2025-10-23T12:10:15.347+0000] {dag.py:3089} INFO - Sync 1 DAGs
[2025-10-23T12:10:15.357+0000] {logging_mixin.py:188} INFO - [2025-10-23T12:10:15.356+0000] {dag.py:3947} INFO - Setting next_dagrun for example_display_name to None, run_after=None
[2025-10-23T12:10:15.376+0000] {processor.py:183} INFO - Processing /home/khaled/dbt-env/lib/python3.12/site-packages/airflow/example_dags/example_display_name.py took 0.062 seconds
