[2025-10-23T11:39:28.722+0000] {processor.py:161} INFO - Started process (PID=5955) to work on /home/khaled/dbt-env/lib/python3.12/site-packages/airflow/example_dags/example_dynamic_task_mapping.py
[2025-10-23T11:39:28.723+0000] {processor.py:830} INFO - Processing file /home/khaled/dbt-env/lib/python3.12/site-packages/airflow/example_dags/example_dynamic_task_mapping.py for tasks to queue
[2025-10-23T11:39:28.725+0000] {logging_mixin.py:188} INFO - [2025-10-23T11:39:28.724+0000] {dagbag.py:545} INFO - Filling up the DagBag from /home/khaled/dbt-env/lib/python3.12/site-packages/airflow/example_dags/example_dynamic_task_mapping.py
[2025-10-23T11:39:28.730+0000] {processor.py:840} INFO - DAG(s) 'example_dynamic_task_mapping' retrieved from /home/khaled/dbt-env/lib/python3.12/site-packages/airflow/example_dags/example_dynamic_task_mapping.py
[2025-10-23T11:39:28.742+0000] {logging_mixin.py:188} INFO - [2025-10-23T11:39:28.742+0000] {dag.py:3089} INFO - Sync 1 DAGs
[2025-10-23T11:39:28.757+0000] {logging_mixin.py:188} INFO - [2025-10-23T11:39:28.757+0000] {dag.py:3947} INFO - Setting next_dagrun for example_dynamic_task_mapping to 2022-03-04 00:00:00+00:00, run_after=2022-03-05 00:00:00+00:00
[2025-10-23T11:39:28.789+0000] {processor.py:183} INFO - Processing /home/khaled/dbt-env/lib/python3.12/site-packages/airflow/example_dags/example_dynamic_task_mapping.py took 0.071 seconds
[2025-10-23T11:55:04.398+0000] {processor.py:161} INFO - Started process (PID=9562) to work on /home/khaled/dbt-env/lib/python3.12/site-packages/airflow/example_dags/example_dynamic_task_mapping.py
[2025-10-23T11:55:04.400+0000] {processor.py:830} INFO - Processing file /home/khaled/dbt-env/lib/python3.12/site-packages/airflow/example_dags/example_dynamic_task_mapping.py for tasks to queue
[2025-10-23T11:55:04.404+0000] {logging_mixin.py:188} INFO - [2025-10-23T11:55:04.402+0000] {dagbag.py:545} INFO - Filling up the DagBag from /home/khaled/dbt-env/lib/python3.12/site-packages/airflow/example_dags/example_dynamic_task_mapping.py
[2025-10-23T11:55:04.411+0000] {processor.py:840} INFO - DAG(s) 'example_dynamic_task_mapping' retrieved from /home/khaled/dbt-env/lib/python3.12/site-packages/airflow/example_dags/example_dynamic_task_mapping.py
[2025-10-23T11:55:04.423+0000] {logging_mixin.py:188} INFO - [2025-10-23T11:55:04.422+0000] {dag.py:3089} INFO - Sync 1 DAGs
[2025-10-23T11:55:04.437+0000] {logging_mixin.py:188} INFO - [2025-10-23T11:55:04.436+0000] {dag.py:3947} INFO - Setting next_dagrun for example_dynamic_task_mapping to 2022-03-04 00:00:00+00:00, run_after=2022-03-05 00:00:00+00:00
[2025-10-23T11:55:04.457+0000] {processor.py:183} INFO - Processing /home/khaled/dbt-env/lib/python3.12/site-packages/airflow/example_dags/example_dynamic_task_mapping.py took 0.063 seconds
[2025-10-23T11:56:04.716+0000] {processor.py:161} INFO - Started process (PID=9898) to work on /home/khaled/dbt-env/lib/python3.12/site-packages/airflow/example_dags/example_dynamic_task_mapping.py
[2025-10-23T11:56:04.728+0000] {processor.py:830} INFO - Processing file /home/khaled/dbt-env/lib/python3.12/site-packages/airflow/example_dags/example_dynamic_task_mapping.py for tasks to queue
[2025-10-23T11:56:04.738+0000] {logging_mixin.py:188} INFO - [2025-10-23T11:56:04.736+0000] {dagbag.py:545} INFO - Filling up the DagBag from /home/khaled/dbt-env/lib/python3.12/site-packages/airflow/example_dags/example_dynamic_task_mapping.py
[2025-10-23T11:56:04.749+0000] {processor.py:840} INFO - DAG(s) 'example_dynamic_task_mapping' retrieved from /home/khaled/dbt-env/lib/python3.12/site-packages/airflow/example_dags/example_dynamic_task_mapping.py
[2025-10-23T11:56:04.786+0000] {logging_mixin.py:188} INFO - [2025-10-23T11:56:04.786+0000] {dag.py:3089} INFO - Sync 1 DAGs
[2025-10-23T11:56:04.826+0000] {logging_mixin.py:188} INFO - [2025-10-23T11:56:04.824+0000] {dag.py:3947} INFO - Setting next_dagrun for example_dynamic_task_mapping to 2022-03-04 00:00:00+00:00, run_after=2022-03-05 00:00:00+00:00
[2025-10-23T11:56:04.881+0000] {processor.py:183} INFO - Processing /home/khaled/dbt-env/lib/python3.12/site-packages/airflow/example_dags/example_dynamic_task_mapping.py took 0.260 seconds
[2025-10-23T11:57:50.260+0000] {processor.py:161} INFO - Started process (PID=10024) to work on /home/khaled/dbt-env/lib/python3.12/site-packages/airflow/example_dags/example_dynamic_task_mapping.py
[2025-10-23T11:57:50.271+0000] {processor.py:830} INFO - Processing file /home/khaled/dbt-env/lib/python3.12/site-packages/airflow/example_dags/example_dynamic_task_mapping.py for tasks to queue
[2025-10-23T11:57:50.273+0000] {logging_mixin.py:188} INFO - [2025-10-23T11:57:50.272+0000] {dagbag.py:545} INFO - Filling up the DagBag from /home/khaled/dbt-env/lib/python3.12/site-packages/airflow/example_dags/example_dynamic_task_mapping.py
[2025-10-23T11:57:50.297+0000] {processor.py:840} INFO - DAG(s) 'example_dynamic_task_mapping' retrieved from /home/khaled/dbt-env/lib/python3.12/site-packages/airflow/example_dags/example_dynamic_task_mapping.py
[2025-10-23T11:57:50.314+0000] {logging_mixin.py:188} INFO - [2025-10-23T11:57:50.313+0000] {dag.py:3089} INFO - Sync 1 DAGs
[2025-10-23T11:57:50.335+0000] {logging_mixin.py:188} INFO - [2025-10-23T11:57:50.334+0000] {dag.py:3947} INFO - Setting next_dagrun for example_dynamic_task_mapping to 2022-03-04 00:00:00+00:00, run_after=2022-03-05 00:00:00+00:00
[2025-10-23T11:57:50.367+0000] {processor.py:183} INFO - Processing /home/khaled/dbt-env/lib/python3.12/site-packages/airflow/example_dags/example_dynamic_task_mapping.py took 0.120 seconds
[2025-10-23T11:58:42.852+0000] {processor.py:161} INFO - Started process (PID=10116) to work on /home/khaled/dbt-env/lib/python3.12/site-packages/airflow/example_dags/example_dynamic_task_mapping.py
[2025-10-23T11:58:42.853+0000] {processor.py:830} INFO - Processing file /home/khaled/dbt-env/lib/python3.12/site-packages/airflow/example_dags/example_dynamic_task_mapping.py for tasks to queue
[2025-10-23T11:58:42.855+0000] {logging_mixin.py:188} INFO - [2025-10-23T11:58:42.855+0000] {dagbag.py:545} INFO - Filling up the DagBag from /home/khaled/dbt-env/lib/python3.12/site-packages/airflow/example_dags/example_dynamic_task_mapping.py
[2025-10-23T11:58:42.861+0000] {processor.py:840} INFO - DAG(s) 'example_dynamic_task_mapping' retrieved from /home/khaled/dbt-env/lib/python3.12/site-packages/airflow/example_dags/example_dynamic_task_mapping.py
[2025-10-23T11:58:42.875+0000] {logging_mixin.py:188} INFO - [2025-10-23T11:58:42.875+0000] {dag.py:3089} INFO - Sync 1 DAGs
[2025-10-23T11:58:42.891+0000] {logging_mixin.py:188} INFO - [2025-10-23T11:58:42.890+0000] {dag.py:3947} INFO - Setting next_dagrun for example_dynamic_task_mapping to 2022-03-04 00:00:00+00:00, run_after=2022-03-05 00:00:00+00:00
[2025-10-23T11:58:42.910+0000] {processor.py:183} INFO - Processing /home/khaled/dbt-env/lib/python3.12/site-packages/airflow/example_dags/example_dynamic_task_mapping.py took 0.068 seconds
[2025-10-23T12:00:29.077+0000] {processor.py:161} INFO - Started process (PID=10232) to work on /home/khaled/dbt-env/lib/python3.12/site-packages/airflow/example_dags/example_dynamic_task_mapping.py
[2025-10-23T12:00:29.078+0000] {processor.py:830} INFO - Processing file /home/khaled/dbt-env/lib/python3.12/site-packages/airflow/example_dags/example_dynamic_task_mapping.py for tasks to queue
[2025-10-23T12:00:29.079+0000] {logging_mixin.py:188} INFO - [2025-10-23T12:00:29.079+0000] {dagbag.py:545} INFO - Filling up the DagBag from /home/khaled/dbt-env/lib/python3.12/site-packages/airflow/example_dags/example_dynamic_task_mapping.py
[2025-10-23T12:00:29.084+0000] {processor.py:840} INFO - DAG(s) 'example_dynamic_task_mapping' retrieved from /home/khaled/dbt-env/lib/python3.12/site-packages/airflow/example_dags/example_dynamic_task_mapping.py
[2025-10-23T12:00:29.096+0000] {logging_mixin.py:188} INFO - [2025-10-23T12:00:29.095+0000] {dag.py:3089} INFO - Sync 1 DAGs
[2025-10-23T12:00:29.111+0000] {logging_mixin.py:188} INFO - [2025-10-23T12:00:29.111+0000] {dag.py:3947} INFO - Setting next_dagrun for example_dynamic_task_mapping to 2022-03-04 00:00:00+00:00, run_after=2022-03-05 00:00:00+00:00
[2025-10-23T12:00:29.146+0000] {processor.py:183} INFO - Processing /home/khaled/dbt-env/lib/python3.12/site-packages/airflow/example_dags/example_dynamic_task_mapping.py took 0.074 seconds
[2025-10-23T12:01:20.231+0000] {processor.py:161} INFO - Started process (PID=10385) to work on /home/khaled/dbt-env/lib/python3.12/site-packages/airflow/example_dags/example_dynamic_task_mapping.py
[2025-10-23T12:01:20.233+0000] {processor.py:830} INFO - Processing file /home/khaled/dbt-env/lib/python3.12/site-packages/airflow/example_dags/example_dynamic_task_mapping.py for tasks to queue
[2025-10-23T12:01:20.234+0000] {logging_mixin.py:188} INFO - [2025-10-23T12:01:20.234+0000] {dagbag.py:545} INFO - Filling up the DagBag from /home/khaled/dbt-env/lib/python3.12/site-packages/airflow/example_dags/example_dynamic_task_mapping.py
[2025-10-23T12:01:20.239+0000] {processor.py:840} INFO - DAG(s) 'example_dynamic_task_mapping' retrieved from /home/khaled/dbt-env/lib/python3.12/site-packages/airflow/example_dags/example_dynamic_task_mapping.py
[2025-10-23T12:01:20.252+0000] {logging_mixin.py:188} INFO - [2025-10-23T12:01:20.252+0000] {dag.py:3089} INFO - Sync 1 DAGs
[2025-10-23T12:01:20.269+0000] {logging_mixin.py:188} INFO - [2025-10-23T12:01:20.268+0000] {dag.py:3947} INFO - Setting next_dagrun for example_dynamic_task_mapping to 2022-03-04 00:00:00+00:00, run_after=2022-03-05 00:00:00+00:00
[2025-10-23T12:01:20.324+0000] {processor.py:183} INFO - Processing /home/khaled/dbt-env/lib/python3.12/site-packages/airflow/example_dags/example_dynamic_task_mapping.py took 0.097 seconds
[2025-10-23T12:02:56.811+0000] {processor.py:161} INFO - Started process (PID=10658) to work on /home/khaled/dbt-env/lib/python3.12/site-packages/airflow/example_dags/example_dynamic_task_mapping.py
[2025-10-23T12:02:56.823+0000] {processor.py:830} INFO - Processing file /home/khaled/dbt-env/lib/python3.12/site-packages/airflow/example_dags/example_dynamic_task_mapping.py for tasks to queue
[2025-10-23T12:02:56.825+0000] {logging_mixin.py:188} INFO - [2025-10-23T12:02:56.824+0000] {dagbag.py:545} INFO - Filling up the DagBag from /home/khaled/dbt-env/lib/python3.12/site-packages/airflow/example_dags/example_dynamic_task_mapping.py
[2025-10-23T12:02:56.831+0000] {processor.py:840} INFO - DAG(s) 'example_dynamic_task_mapping' retrieved from /home/khaled/dbt-env/lib/python3.12/site-packages/airflow/example_dags/example_dynamic_task_mapping.py
[2025-10-23T12:02:56.843+0000] {logging_mixin.py:188} INFO - [2025-10-23T12:02:56.843+0000] {dag.py:3089} INFO - Sync 1 DAGs
[2025-10-23T12:02:56.858+0000] {logging_mixin.py:188} INFO - [2025-10-23T12:02:56.858+0000] {dag.py:3947} INFO - Setting next_dagrun for example_dynamic_task_mapping to 2022-03-04 00:00:00+00:00, run_after=2022-03-05 00:00:00+00:00
[2025-10-23T12:02:56.967+0000] {processor.py:183} INFO - Processing /home/khaled/dbt-env/lib/python3.12/site-packages/airflow/example_dags/example_dynamic_task_mapping.py took 0.169 seconds
[2025-10-23T12:04:10.301+0000] {processor.py:161} INFO - Started process (PID=10761) to work on /home/khaled/dbt-env/lib/python3.12/site-packages/airflow/example_dags/example_dynamic_task_mapping.py
[2025-10-23T12:04:10.312+0000] {processor.py:830} INFO - Processing file /home/khaled/dbt-env/lib/python3.12/site-packages/airflow/example_dags/example_dynamic_task_mapping.py for tasks to queue
[2025-10-23T12:04:10.314+0000] {logging_mixin.py:188} INFO - [2025-10-23T12:04:10.313+0000] {dagbag.py:545} INFO - Filling up the DagBag from /home/khaled/dbt-env/lib/python3.12/site-packages/airflow/example_dags/example_dynamic_task_mapping.py
[2025-10-23T12:04:10.320+0000] {processor.py:840} INFO - DAG(s) 'example_dynamic_task_mapping' retrieved from /home/khaled/dbt-env/lib/python3.12/site-packages/airflow/example_dags/example_dynamic_task_mapping.py
[2025-10-23T12:04:10.332+0000] {logging_mixin.py:188} INFO - [2025-10-23T12:04:10.332+0000] {dag.py:3089} INFO - Sync 1 DAGs
[2025-10-23T12:04:10.352+0000] {logging_mixin.py:188} INFO - [2025-10-23T12:04:10.352+0000] {dag.py:3947} INFO - Setting next_dagrun for example_dynamic_task_mapping to 2022-03-04 00:00:00+00:00, run_after=2022-03-05 00:00:00+00:00
[2025-10-23T12:04:10.369+0000] {processor.py:183} INFO - Processing /home/khaled/dbt-env/lib/python3.12/site-packages/airflow/example_dags/example_dynamic_task_mapping.py took 0.074 seconds
[2025-10-23T12:05:09.987+0000] {processor.py:161} INFO - Started process (PID=11163) to work on /home/khaled/dbt-env/lib/python3.12/site-packages/airflow/example_dags/example_dynamic_task_mapping.py
[2025-10-23T12:05:09.993+0000] {processor.py:830} INFO - Processing file /home/khaled/dbt-env/lib/python3.12/site-packages/airflow/example_dags/example_dynamic_task_mapping.py for tasks to queue
[2025-10-23T12:05:09.995+0000] {logging_mixin.py:188} INFO - [2025-10-23T12:05:09.995+0000] {dagbag.py:545} INFO - Filling up the DagBag from /home/khaled/dbt-env/lib/python3.12/site-packages/airflow/example_dags/example_dynamic_task_mapping.py
[2025-10-23T12:05:10.001+0000] {processor.py:840} INFO - DAG(s) 'example_dynamic_task_mapping' retrieved from /home/khaled/dbt-env/lib/python3.12/site-packages/airflow/example_dags/example_dynamic_task_mapping.py
[2025-10-23T12:05:10.015+0000] {logging_mixin.py:188} INFO - [2025-10-23T12:05:10.015+0000] {dag.py:3089} INFO - Sync 1 DAGs
[2025-10-23T12:05:10.037+0000] {logging_mixin.py:188} INFO - [2025-10-23T12:05:10.037+0000] {dag.py:3947} INFO - Setting next_dagrun for example_dynamic_task_mapping to 2022-03-04 00:00:00+00:00, run_after=2022-03-05 00:00:00+00:00
[2025-10-23T12:05:10.083+0000] {processor.py:183} INFO - Processing /home/khaled/dbt-env/lib/python3.12/site-packages/airflow/example_dags/example_dynamic_task_mapping.py took 0.101 seconds
[2025-10-23T12:06:16.227+0000] {processor.py:161} INFO - Started process (PID=11264) to work on /home/khaled/dbt-env/lib/python3.12/site-packages/airflow/example_dags/example_dynamic_task_mapping.py
[2025-10-23T12:06:16.230+0000] {processor.py:830} INFO - Processing file /home/khaled/dbt-env/lib/python3.12/site-packages/airflow/example_dags/example_dynamic_task_mapping.py for tasks to queue
[2025-10-23T12:06:16.232+0000] {logging_mixin.py:188} INFO - [2025-10-23T12:06:16.232+0000] {dagbag.py:545} INFO - Filling up the DagBag from /home/khaled/dbt-env/lib/python3.12/site-packages/airflow/example_dags/example_dynamic_task_mapping.py
[2025-10-23T12:06:16.237+0000] {processor.py:840} INFO - DAG(s) 'example_dynamic_task_mapping' retrieved from /home/khaled/dbt-env/lib/python3.12/site-packages/airflow/example_dags/example_dynamic_task_mapping.py
[2025-10-23T12:06:16.247+0000] {logging_mixin.py:188} INFO - [2025-10-23T12:06:16.246+0000] {dag.py:3089} INFO - Sync 1 DAGs
[2025-10-23T12:06:16.262+0000] {logging_mixin.py:188} INFO - [2025-10-23T12:06:16.262+0000] {dag.py:3947} INFO - Setting next_dagrun for example_dynamic_task_mapping to 2022-03-04 00:00:00+00:00, run_after=2022-03-05 00:00:00+00:00
[2025-10-23T12:06:16.282+0000] {processor.py:183} INFO - Processing /home/khaled/dbt-env/lib/python3.12/site-packages/airflow/example_dags/example_dynamic_task_mapping.py took 0.059 seconds
[2025-10-23T12:07:21.879+0000] {processor.py:161} INFO - Started process (PID=11355) to work on /home/khaled/dbt-env/lib/python3.12/site-packages/airflow/example_dags/example_dynamic_task_mapping.py
[2025-10-23T12:07:21.881+0000] {processor.py:830} INFO - Processing file /home/khaled/dbt-env/lib/python3.12/site-packages/airflow/example_dags/example_dynamic_task_mapping.py for tasks to queue
[2025-10-23T12:07:21.882+0000] {logging_mixin.py:188} INFO - [2025-10-23T12:07:21.882+0000] {dagbag.py:545} INFO - Filling up the DagBag from /home/khaled/dbt-env/lib/python3.12/site-packages/airflow/example_dags/example_dynamic_task_mapping.py
[2025-10-23T12:07:21.888+0000] {processor.py:840} INFO - DAG(s) 'example_dynamic_task_mapping' retrieved from /home/khaled/dbt-env/lib/python3.12/site-packages/airflow/example_dags/example_dynamic_task_mapping.py
[2025-10-23T12:07:21.900+0000] {logging_mixin.py:188} INFO - [2025-10-23T12:07:21.900+0000] {dag.py:3089} INFO - Sync 1 DAGs
[2025-10-23T12:07:22.056+0000] {logging_mixin.py:188} INFO - [2025-10-23T12:07:22.056+0000] {dag.py:3947} INFO - Setting next_dagrun for example_dynamic_task_mapping to 2022-03-04 00:00:00+00:00, run_after=2022-03-05 00:00:00+00:00
[2025-10-23T12:07:22.097+0000] {processor.py:183} INFO - Processing /home/khaled/dbt-env/lib/python3.12/site-packages/airflow/example_dags/example_dynamic_task_mapping.py took 0.222 seconds
[2025-10-23T12:08:10.540+0000] {processor.py:161} INFO - Started process (PID=11416) to work on /home/khaled/dbt-env/lib/python3.12/site-packages/airflow/example_dags/example_dynamic_task_mapping.py
[2025-10-23T12:08:10.541+0000] {processor.py:830} INFO - Processing file /home/khaled/dbt-env/lib/python3.12/site-packages/airflow/example_dags/example_dynamic_task_mapping.py for tasks to queue
[2025-10-23T12:08:10.543+0000] {logging_mixin.py:188} INFO - [2025-10-23T12:08:10.543+0000] {dagbag.py:545} INFO - Filling up the DagBag from /home/khaled/dbt-env/lib/python3.12/site-packages/airflow/example_dags/example_dynamic_task_mapping.py
[2025-10-23T12:08:10.549+0000] {processor.py:840} INFO - DAG(s) 'example_dynamic_task_mapping' retrieved from /home/khaled/dbt-env/lib/python3.12/site-packages/airflow/example_dags/example_dynamic_task_mapping.py
[2025-10-23T12:08:10.562+0000] {logging_mixin.py:188} INFO - [2025-10-23T12:08:10.562+0000] {dag.py:3089} INFO - Sync 1 DAGs
[2025-10-23T12:08:10.576+0000] {logging_mixin.py:188} INFO - [2025-10-23T12:08:10.575+0000] {dag.py:3947} INFO - Setting next_dagrun for example_dynamic_task_mapping to 2022-03-04 00:00:00+00:00, run_after=2022-03-05 00:00:00+00:00
[2025-10-23T12:08:10.594+0000] {processor.py:183} INFO - Processing /home/khaled/dbt-env/lib/python3.12/site-packages/airflow/example_dags/example_dynamic_task_mapping.py took 0.059 seconds
[2025-10-23T12:09:03.670+0000] {processor.py:161} INFO - Started process (PID=11530) to work on /home/khaled/dbt-env/lib/python3.12/site-packages/airflow/example_dags/example_dynamic_task_mapping.py
[2025-10-23T12:09:03.672+0000] {processor.py:830} INFO - Processing file /home/khaled/dbt-env/lib/python3.12/site-packages/airflow/example_dags/example_dynamic_task_mapping.py for tasks to queue
[2025-10-23T12:09:03.673+0000] {logging_mixin.py:188} INFO - [2025-10-23T12:09:03.673+0000] {dagbag.py:545} INFO - Filling up the DagBag from /home/khaled/dbt-env/lib/python3.12/site-packages/airflow/example_dags/example_dynamic_task_mapping.py
[2025-10-23T12:09:03.771+0000] {processor.py:840} INFO - DAG(s) 'example_dynamic_task_mapping' retrieved from /home/khaled/dbt-env/lib/python3.12/site-packages/airflow/example_dags/example_dynamic_task_mapping.py
[2025-10-23T12:09:03.778+0000] {logging_mixin.py:188} INFO - [2025-10-23T12:09:03.778+0000] {dag.py:3089} INFO - Sync 1 DAGs
[2025-10-23T12:09:03.791+0000] {logging_mixin.py:188} INFO - [2025-10-23T12:09:03.791+0000] {dag.py:3947} INFO - Setting next_dagrun for example_dynamic_task_mapping to 2022-03-04 00:00:00+00:00, run_after=2022-03-05 00:00:00+00:00
[2025-10-23T12:09:03.823+0000] {processor.py:183} INFO - Processing /home/khaled/dbt-env/lib/python3.12/site-packages/airflow/example_dags/example_dynamic_task_mapping.py took 0.157 seconds
[2025-10-23T12:09:51.177+0000] {processor.py:161} INFO - Started process (PID=11638) to work on /home/khaled/dbt-env/lib/python3.12/site-packages/airflow/example_dags/example_dynamic_task_mapping.py
[2025-10-23T12:09:51.178+0000] {processor.py:830} INFO - Processing file /home/khaled/dbt-env/lib/python3.12/site-packages/airflow/example_dags/example_dynamic_task_mapping.py for tasks to queue
[2025-10-23T12:09:51.180+0000] {logging_mixin.py:188} INFO - [2025-10-23T12:09:51.180+0000] {dagbag.py:545} INFO - Filling up the DagBag from /home/khaled/dbt-env/lib/python3.12/site-packages/airflow/example_dags/example_dynamic_task_mapping.py
[2025-10-23T12:09:51.187+0000] {processor.py:840} INFO - DAG(s) 'example_dynamic_task_mapping' retrieved from /home/khaled/dbt-env/lib/python3.12/site-packages/airflow/example_dags/example_dynamic_task_mapping.py
[2025-10-23T12:09:51.199+0000] {logging_mixin.py:188} INFO - [2025-10-23T12:09:51.199+0000] {dag.py:3089} INFO - Sync 1 DAGs
[2025-10-23T12:09:51.215+0000] {logging_mixin.py:188} INFO - [2025-10-23T12:09:51.215+0000] {dag.py:3947} INFO - Setting next_dagrun for example_dynamic_task_mapping to 2022-03-04 00:00:00+00:00, run_after=2022-03-05 00:00:00+00:00
[2025-10-23T12:09:51.247+0000] {processor.py:183} INFO - Processing /home/khaled/dbt-env/lib/python3.12/site-packages/airflow/example_dags/example_dynamic_task_mapping.py took 0.075 seconds
[2025-10-23T12:11:20.237+0000] {processor.py:161} INFO - Started process (PID=11722) to work on /home/khaled/dbt-env/lib/python3.12/site-packages/airflow/example_dags/example_dynamic_task_mapping.py
[2025-10-23T12:11:20.242+0000] {processor.py:830} INFO - Processing file /home/khaled/dbt-env/lib/python3.12/site-packages/airflow/example_dags/example_dynamic_task_mapping.py for tasks to queue
[2025-10-23T12:11:20.252+0000] {logging_mixin.py:188} INFO - [2025-10-23T12:11:20.249+0000] {dagbag.py:545} INFO - Filling up the DagBag from /home/khaled/dbt-env/lib/python3.12/site-packages/airflow/example_dags/example_dynamic_task_mapping.py
[2025-10-23T12:11:20.342+0000] {processor.py:840} INFO - DAG(s) 'example_dynamic_task_mapping' retrieved from /home/khaled/dbt-env/lib/python3.12/site-packages/airflow/example_dags/example_dynamic_task_mapping.py
[2025-10-23T12:11:20.649+0000] {logging_mixin.py:188} INFO - [2025-10-23T12:11:20.648+0000] {dag.py:3089} INFO - Sync 1 DAGs
[2025-10-23T12:11:21.143+0000] {logging_mixin.py:188} INFO - [2025-10-23T12:11:21.143+0000] {dag.py:3947} INFO - Setting next_dagrun for example_dynamic_task_mapping to 2022-03-04 00:00:00+00:00, run_after=2022-03-05 00:00:00+00:00
[2025-10-23T12:11:21.348+0000] {processor.py:183} INFO - Processing /home/khaled/dbt-env/lib/python3.12/site-packages/airflow/example_dags/example_dynamic_task_mapping.py took 1.127 seconds
