[2025-10-23T11:39:06.195+0000] {processor.py:161} INFO - Started process (PID=5884) to work on /home/khaled/dbt-env/lib/python3.12/site-packages/airflow/example_dags/example_subdag_operator.py
[2025-10-23T11:39:06.196+0000] {processor.py:830} INFO - Processing file /home/khaled/dbt-env/lib/python3.12/site-packages/airflow/example_dags/example_subdag_operator.py for tasks to queue
[2025-10-23T11:39:06.198+0000] {logging_mixin.py:188} INFO - [2025-10-23T11:39:06.197+0000] {dagbag.py:545} INFO - Filling up the DagBag from /home/khaled/dbt-env/lib/python3.12/site-packages/airflow/example_dags/example_subdag_operator.py
[2025-10-23T11:39:06.225+0000] {processor.py:840} INFO - DAG(s) 'example_subdag_operator.section-1', 'example_subdag_operator.section-2', 'example_subdag_operator' retrieved from /home/khaled/dbt-env/lib/python3.12/site-packages/airflow/example_dags/example_subdag_operator.py
[2025-10-23T11:39:06.245+0000] {logging_mixin.py:188} INFO - [2025-10-23T11:39:06.245+0000] {dag.py:3089} INFO - Sync 3 DAGs
[2025-10-23T11:39:06.269+0000] {logging_mixin.py:188} INFO - [2025-10-23T11:39:06.268+0000] {dag.py:3947} INFO - Setting next_dagrun for example_subdag_operator to 2022-01-01 00:00:00+00:00, run_after=2022-01-01 00:00:00+00:00
[2025-10-23T11:39:06.274+0000] {logging_mixin.py:188} INFO - [2025-10-23T11:39:06.274+0000] {dag.py:3947} INFO - Setting next_dagrun for example_subdag_operator.section-1 to None, run_after=None
[2025-10-23T11:39:06.275+0000] {logging_mixin.py:188} INFO - [2025-10-23T11:39:06.275+0000] {dag.py:3947} INFO - Setting next_dagrun for example_subdag_operator.section-2 to None, run_after=None
[2025-10-23T11:39:06.281+0000] {logging_mixin.py:188} INFO - [2025-10-23T11:39:06.281+0000] {dag.py:3089} INFO - Sync 2 DAGs
[2025-10-23T11:39:06.285+0000] {logging_mixin.py:188} INFO - [2025-10-23T11:39:06.285+0000] {dag.py:3947} INFO - Setting next_dagrun for example_subdag_operator.section-1 to None, run_after=None
[2025-10-23T11:39:06.285+0000] {logging_mixin.py:188} INFO - [2025-10-23T11:39:06.285+0000] {dag.py:3947} INFO - Setting next_dagrun for example_subdag_operator.section-2 to None, run_after=None
[2025-10-23T11:39:06.311+0000] {processor.py:183} INFO - Processing /home/khaled/dbt-env/lib/python3.12/site-packages/airflow/example_dags/example_subdag_operator.py took 0.120 seconds
[2025-10-23T11:54:17.583+0000] {processor.py:161} INFO - Started process (PID=9247) to work on /home/khaled/dbt-env/lib/python3.12/site-packages/airflow/example_dags/example_subdag_operator.py
[2025-10-23T11:54:17.589+0000] {processor.py:830} INFO - Processing file /home/khaled/dbt-env/lib/python3.12/site-packages/airflow/example_dags/example_subdag_operator.py for tasks to queue
[2025-10-23T11:54:17.598+0000] {logging_mixin.py:188} INFO - [2025-10-23T11:54:17.597+0000] {dagbag.py:545} INFO - Filling up the DagBag from /home/khaled/dbt-env/lib/python3.12/site-packages/airflow/example_dags/example_subdag_operator.py
[2025-10-23T11:54:17.667+0000] {processor.py:840} INFO - DAG(s) 'example_subdag_operator.section-1', 'example_subdag_operator.section-2', 'example_subdag_operator' retrieved from /home/khaled/dbt-env/lib/python3.12/site-packages/airflow/example_dags/example_subdag_operator.py
[2025-10-23T11:54:17.698+0000] {logging_mixin.py:188} INFO - [2025-10-23T11:54:17.698+0000] {dag.py:3089} INFO - Sync 3 DAGs
[2025-10-23T11:54:17.752+0000] {logging_mixin.py:188} INFO - [2025-10-23T11:54:17.752+0000] {dag.py:3947} INFO - Setting next_dagrun for example_subdag_operator to 2022-01-01 00:00:00+00:00, run_after=2022-01-01 00:00:00+00:00
[2025-10-23T11:54:17.756+0000] {logging_mixin.py:188} INFO - [2025-10-23T11:54:17.755+0000] {dag.py:3947} INFO - Setting next_dagrun for example_subdag_operator.section-1 to None, run_after=None
[2025-10-23T11:54:17.760+0000] {logging_mixin.py:188} INFO - [2025-10-23T11:54:17.757+0000] {dag.py:3947} INFO - Setting next_dagrun for example_subdag_operator.section-2 to None, run_after=None
[2025-10-23T11:54:17.771+0000] {logging_mixin.py:188} INFO - [2025-10-23T11:54:17.768+0000] {dag.py:3089} INFO - Sync 2 DAGs
[2025-10-23T11:54:17.782+0000] {logging_mixin.py:188} INFO - [2025-10-23T11:54:17.777+0000] {dag.py:3947} INFO - Setting next_dagrun for example_subdag_operator.section-1 to None, run_after=None
[2025-10-23T11:54:17.785+0000] {logging_mixin.py:188} INFO - [2025-10-23T11:54:17.785+0000] {dag.py:3947} INFO - Setting next_dagrun for example_subdag_operator.section-2 to None, run_after=None
[2025-10-23T11:54:17.814+0000] {processor.py:183} INFO - Processing /home/khaled/dbt-env/lib/python3.12/site-packages/airflow/example_dags/example_subdag_operator.py took 0.247 seconds
[2025-10-23T11:55:37.719+0000] {processor.py:161} INFO - Started process (PID=9713) to work on /home/khaled/dbt-env/lib/python3.12/site-packages/airflow/example_dags/example_subdag_operator.py
[2025-10-23T11:55:37.742+0000] {processor.py:830} INFO - Processing file /home/khaled/dbt-env/lib/python3.12/site-packages/airflow/example_dags/example_subdag_operator.py for tasks to queue
[2025-10-23T11:55:37.747+0000] {logging_mixin.py:188} INFO - [2025-10-23T11:55:37.745+0000] {dagbag.py:545} INFO - Filling up the DagBag from /home/khaled/dbt-env/lib/python3.12/site-packages/airflow/example_dags/example_subdag_operator.py
[2025-10-23T11:55:37.781+0000] {processor.py:840} INFO - DAG(s) 'example_subdag_operator.section-1', 'example_subdag_operator.section-2', 'example_subdag_operator' retrieved from /home/khaled/dbt-env/lib/python3.12/site-packages/airflow/example_dags/example_subdag_operator.py
[2025-10-23T11:55:37.793+0000] {logging_mixin.py:188} INFO - [2025-10-23T11:55:37.793+0000] {dag.py:3089} INFO - Sync 3 DAGs
[2025-10-23T11:55:37.829+0000] {logging_mixin.py:188} INFO - [2025-10-23T11:55:37.829+0000] {dag.py:3947} INFO - Setting next_dagrun for example_subdag_operator to 2022-01-01 00:00:00+00:00, run_after=2022-01-01 00:00:00+00:00
[2025-10-23T11:55:37.856+0000] {logging_mixin.py:188} INFO - [2025-10-23T11:55:37.856+0000] {dag.py:3947} INFO - Setting next_dagrun for example_subdag_operator.section-1 to None, run_after=None
[2025-10-23T11:55:37.864+0000] {logging_mixin.py:188} INFO - [2025-10-23T11:55:37.862+0000] {dag.py:3947} INFO - Setting next_dagrun for example_subdag_operator.section-2 to None, run_after=None
[2025-10-23T11:55:37.915+0000] {logging_mixin.py:188} INFO - [2025-10-23T11:55:37.915+0000] {dag.py:3089} INFO - Sync 2 DAGs
[2025-10-23T11:55:37.926+0000] {logging_mixin.py:188} INFO - [2025-10-23T11:55:37.925+0000] {dag.py:3947} INFO - Setting next_dagrun for example_subdag_operator.section-1 to None, run_after=None
[2025-10-23T11:55:37.926+0000] {logging_mixin.py:188} INFO - [2025-10-23T11:55:37.926+0000] {dag.py:3947} INFO - Setting next_dagrun for example_subdag_operator.section-2 to None, run_after=None
[2025-10-23T11:55:37.998+0000] {processor.py:183} INFO - Processing /home/khaled/dbt-env/lib/python3.12/site-packages/airflow/example_dags/example_subdag_operator.py took 0.298 seconds
[2025-10-23T11:57:15.111+0000] {processor.py:161} INFO - Started process (PID=9977) to work on /home/khaled/dbt-env/lib/python3.12/site-packages/airflow/example_dags/example_subdag_operator.py
[2025-10-23T11:57:15.121+0000] {processor.py:830} INFO - Processing file /home/khaled/dbt-env/lib/python3.12/site-packages/airflow/example_dags/example_subdag_operator.py for tasks to queue
[2025-10-23T11:57:15.123+0000] {logging_mixin.py:188} INFO - [2025-10-23T11:57:15.123+0000] {dagbag.py:545} INFO - Filling up the DagBag from /home/khaled/dbt-env/lib/python3.12/site-packages/airflow/example_dags/example_subdag_operator.py
[2025-10-23T11:57:15.138+0000] {processor.py:840} INFO - DAG(s) 'example_subdag_operator.section-1', 'example_subdag_operator.section-2', 'example_subdag_operator' retrieved from /home/khaled/dbt-env/lib/python3.12/site-packages/airflow/example_dags/example_subdag_operator.py
[2025-10-23T11:57:15.149+0000] {logging_mixin.py:188} INFO - [2025-10-23T11:57:15.148+0000] {dag.py:3089} INFO - Sync 3 DAGs
[2025-10-23T11:57:15.162+0000] {logging_mixin.py:188} INFO - [2025-10-23T11:57:15.162+0000] {dag.py:3947} INFO - Setting next_dagrun for example_subdag_operator to 2022-01-01 00:00:00+00:00, run_after=2022-01-01 00:00:00+00:00
[2025-10-23T11:57:15.165+0000] {logging_mixin.py:188} INFO - [2025-10-23T11:57:15.164+0000] {dag.py:3947} INFO - Setting next_dagrun for example_subdag_operator.section-1 to None, run_after=None
[2025-10-23T11:57:15.165+0000] {logging_mixin.py:188} INFO - [2025-10-23T11:57:15.165+0000] {dag.py:3947} INFO - Setting next_dagrun for example_subdag_operator.section-2 to None, run_after=None
[2025-10-23T11:57:15.170+0000] {logging_mixin.py:188} INFO - [2025-10-23T11:57:15.169+0000] {dag.py:3089} INFO - Sync 2 DAGs
[2025-10-23T11:57:15.172+0000] {logging_mixin.py:188} INFO - [2025-10-23T11:57:15.172+0000] {dag.py:3947} INFO - Setting next_dagrun for example_subdag_operator.section-1 to None, run_after=None
[2025-10-23T11:57:15.173+0000] {logging_mixin.py:188} INFO - [2025-10-23T11:57:15.172+0000] {dag.py:3947} INFO - Setting next_dagrun for example_subdag_operator.section-2 to None, run_after=None
[2025-10-23T11:57:15.186+0000] {processor.py:183} INFO - Processing /home/khaled/dbt-env/lib/python3.12/site-packages/airflow/example_dags/example_subdag_operator.py took 0.079 seconds
[2025-10-23T11:58:08.016+0000] {processor.py:161} INFO - Started process (PID=10044) to work on /home/khaled/dbt-env/lib/python3.12/site-packages/airflow/example_dags/example_subdag_operator.py
[2025-10-23T11:58:08.028+0000] {processor.py:830} INFO - Processing file /home/khaled/dbt-env/lib/python3.12/site-packages/airflow/example_dags/example_subdag_operator.py for tasks to queue
[2025-10-23T11:58:08.030+0000] {logging_mixin.py:188} INFO - [2025-10-23T11:58:08.030+0000] {dagbag.py:545} INFO - Filling up the DagBag from /home/khaled/dbt-env/lib/python3.12/site-packages/airflow/example_dags/example_subdag_operator.py
[2025-10-23T11:58:08.065+0000] {processor.py:840} INFO - DAG(s) 'example_subdag_operator.section-1', 'example_subdag_operator.section-2', 'example_subdag_operator' retrieved from /home/khaled/dbt-env/lib/python3.12/site-packages/airflow/example_dags/example_subdag_operator.py
[2025-10-23T11:58:08.087+0000] {logging_mixin.py:188} INFO - [2025-10-23T11:58:08.087+0000] {dag.py:3089} INFO - Sync 3 DAGs
[2025-10-23T11:58:08.114+0000] {logging_mixin.py:188} INFO - [2025-10-23T11:58:08.113+0000] {dag.py:3947} INFO - Setting next_dagrun for example_subdag_operator to 2022-01-01 00:00:00+00:00, run_after=2022-01-01 00:00:00+00:00
[2025-10-23T11:58:08.118+0000] {logging_mixin.py:188} INFO - [2025-10-23T11:58:08.118+0000] {dag.py:3947} INFO - Setting next_dagrun for example_subdag_operator.section-1 to None, run_after=None
[2025-10-23T11:58:08.120+0000] {logging_mixin.py:188} INFO - [2025-10-23T11:58:08.119+0000] {dag.py:3947} INFO - Setting next_dagrun for example_subdag_operator.section-2 to None, run_after=None
[2025-10-23T11:58:08.132+0000] {logging_mixin.py:188} INFO - [2025-10-23T11:58:08.132+0000] {dag.py:3089} INFO - Sync 2 DAGs
[2025-10-23T11:58:08.139+0000] {logging_mixin.py:188} INFO - [2025-10-23T11:58:08.138+0000] {dag.py:3947} INFO - Setting next_dagrun for example_subdag_operator.section-1 to None, run_after=None
[2025-10-23T11:58:08.139+0000] {logging_mixin.py:188} INFO - [2025-10-23T11:58:08.139+0000] {dag.py:3947} INFO - Setting next_dagrun for example_subdag_operator.section-2 to None, run_after=None
[2025-10-23T11:58:08.164+0000] {processor.py:183} INFO - Processing /home/khaled/dbt-env/lib/python3.12/site-packages/airflow/example_dags/example_subdag_operator.py took 0.171 seconds
[2025-10-23T11:58:58.561+0000] {processor.py:161} INFO - Started process (PID=10157) to work on /home/khaled/dbt-env/lib/python3.12/site-packages/airflow/example_dags/example_subdag_operator.py
[2025-10-23T11:58:58.564+0000] {processor.py:830} INFO - Processing file /home/khaled/dbt-env/lib/python3.12/site-packages/airflow/example_dags/example_subdag_operator.py for tasks to queue
[2025-10-23T11:58:58.573+0000] {logging_mixin.py:188} INFO - [2025-10-23T11:58:58.572+0000] {dagbag.py:545} INFO - Filling up the DagBag from /home/khaled/dbt-env/lib/python3.12/site-packages/airflow/example_dags/example_subdag_operator.py
[2025-10-23T11:58:58.667+0000] {processor.py:840} INFO - DAG(s) 'example_subdag_operator.section-1', 'example_subdag_operator.section-2', 'example_subdag_operator' retrieved from /home/khaled/dbt-env/lib/python3.12/site-packages/airflow/example_dags/example_subdag_operator.py
[2025-10-23T11:58:58.732+0000] {logging_mixin.py:188} INFO - [2025-10-23T11:58:58.731+0000] {dag.py:3089} INFO - Sync 3 DAGs
[2025-10-23T11:58:58.830+0000] {logging_mixin.py:188} INFO - [2025-10-23T11:58:58.827+0000] {dag.py:3947} INFO - Setting next_dagrun for example_subdag_operator to 2022-01-01 00:00:00+00:00, run_after=2022-01-01 00:00:00+00:00
[2025-10-23T11:58:58.880+0000] {logging_mixin.py:188} INFO - [2025-10-23T11:58:58.879+0000] {dag.py:3947} INFO - Setting next_dagrun for example_subdag_operator.section-1 to None, run_after=None
[2025-10-23T11:58:58.895+0000] {logging_mixin.py:188} INFO - [2025-10-23T11:58:58.891+0000] {dag.py:3947} INFO - Setting next_dagrun for example_subdag_operator.section-2 to None, run_after=None
[2025-10-23T11:58:58.935+0000] {logging_mixin.py:188} INFO - [2025-10-23T11:58:58.934+0000] {dag.py:3089} INFO - Sync 2 DAGs
[2025-10-23T11:58:58.951+0000] {logging_mixin.py:188} INFO - [2025-10-23T11:58:58.949+0000] {dag.py:3947} INFO - Setting next_dagrun for example_subdag_operator.section-1 to None, run_after=None
[2025-10-23T11:58:58.955+0000] {logging_mixin.py:188} INFO - [2025-10-23T11:58:58.953+0000] {dag.py:3947} INFO - Setting next_dagrun for example_subdag_operator.section-2 to None, run_after=None
[2025-10-23T11:58:59.063+0000] {processor.py:183} INFO - Processing /home/khaled/dbt-env/lib/python3.12/site-packages/airflow/example_dags/example_subdag_operator.py took 0.532 seconds
[2025-10-23T12:00:13.936+0000] {processor.py:161} INFO - Started process (PID=10208) to work on /home/khaled/dbt-env/lib/python3.12/site-packages/airflow/example_dags/example_subdag_operator.py
[2025-10-23T12:00:13.937+0000] {processor.py:830} INFO - Processing file /home/khaled/dbt-env/lib/python3.12/site-packages/airflow/example_dags/example_subdag_operator.py for tasks to queue
[2025-10-23T12:00:13.939+0000] {logging_mixin.py:188} INFO - [2025-10-23T12:00:13.938+0000] {dagbag.py:545} INFO - Filling up the DagBag from /home/khaled/dbt-env/lib/python3.12/site-packages/airflow/example_dags/example_subdag_operator.py
[2025-10-23T12:00:13.953+0000] {processor.py:840} INFO - DAG(s) 'example_subdag_operator.section-1', 'example_subdag_operator.section-2', 'example_subdag_operator' retrieved from /home/khaled/dbt-env/lib/python3.12/site-packages/airflow/example_dags/example_subdag_operator.py
[2025-10-23T12:00:13.963+0000] {logging_mixin.py:188} INFO - [2025-10-23T12:00:13.963+0000] {dag.py:3089} INFO - Sync 3 DAGs
[2025-10-23T12:00:13.977+0000] {logging_mixin.py:188} INFO - [2025-10-23T12:00:13.977+0000] {dag.py:3947} INFO - Setting next_dagrun for example_subdag_operator to 2022-01-01 00:00:00+00:00, run_after=2022-01-01 00:00:00+00:00
[2025-10-23T12:00:13.980+0000] {logging_mixin.py:188} INFO - [2025-10-23T12:00:13.979+0000] {dag.py:3947} INFO - Setting next_dagrun for example_subdag_operator.section-1 to None, run_after=None
[2025-10-23T12:00:13.980+0000] {logging_mixin.py:188} INFO - [2025-10-23T12:00:13.980+0000] {dag.py:3947} INFO - Setting next_dagrun for example_subdag_operator.section-2 to None, run_after=None
[2025-10-23T12:00:13.985+0000] {logging_mixin.py:188} INFO - [2025-10-23T12:00:13.985+0000] {dag.py:3089} INFO - Sync 2 DAGs
[2025-10-23T12:00:13.987+0000] {logging_mixin.py:188} INFO - [2025-10-23T12:00:13.987+0000] {dag.py:3947} INFO - Setting next_dagrun for example_subdag_operator.section-1 to None, run_after=None
[2025-10-23T12:00:13.988+0000] {logging_mixin.py:188} INFO - [2025-10-23T12:00:13.987+0000] {dag.py:3947} INFO - Setting next_dagrun for example_subdag_operator.section-2 to None, run_after=None
[2025-10-23T12:00:14.014+0000] {processor.py:183} INFO - Processing /home/khaled/dbt-env/lib/python3.12/site-packages/airflow/example_dags/example_subdag_operator.py took 0.083 seconds
[2025-10-23T12:01:04.837+0000] {processor.py:161} INFO - Started process (PID=10347) to work on /home/khaled/dbt-env/lib/python3.12/site-packages/airflow/example_dags/example_subdag_operator.py
[2025-10-23T12:01:04.838+0000] {processor.py:830} INFO - Processing file /home/khaled/dbt-env/lib/python3.12/site-packages/airflow/example_dags/example_subdag_operator.py for tasks to queue
[2025-10-23T12:01:04.840+0000] {logging_mixin.py:188} INFO - [2025-10-23T12:01:04.839+0000] {dagbag.py:545} INFO - Filling up the DagBag from /home/khaled/dbt-env/lib/python3.12/site-packages/airflow/example_dags/example_subdag_operator.py
[2025-10-23T12:01:04.855+0000] {processor.py:840} INFO - DAG(s) 'example_subdag_operator.section-1', 'example_subdag_operator.section-2', 'example_subdag_operator' retrieved from /home/khaled/dbt-env/lib/python3.12/site-packages/airflow/example_dags/example_subdag_operator.py
[2025-10-23T12:01:04.865+0000] {logging_mixin.py:188} INFO - [2025-10-23T12:01:04.865+0000] {dag.py:3089} INFO - Sync 3 DAGs
[2025-10-23T12:01:04.879+0000] {logging_mixin.py:188} INFO - [2025-10-23T12:01:04.879+0000] {dag.py:3947} INFO - Setting next_dagrun for example_subdag_operator to 2022-01-01 00:00:00+00:00, run_after=2022-01-01 00:00:00+00:00
[2025-10-23T12:01:04.881+0000] {logging_mixin.py:188} INFO - [2025-10-23T12:01:04.881+0000] {dag.py:3947} INFO - Setting next_dagrun for example_subdag_operator.section-1 to None, run_after=None
[2025-10-23T12:01:04.882+0000] {logging_mixin.py:188} INFO - [2025-10-23T12:01:04.882+0000] {dag.py:3947} INFO - Setting next_dagrun for example_subdag_operator.section-2 to None, run_after=None
[2025-10-23T12:01:04.887+0000] {logging_mixin.py:188} INFO - [2025-10-23T12:01:04.887+0000] {dag.py:3089} INFO - Sync 2 DAGs
[2025-10-23T12:01:04.890+0000] {logging_mixin.py:188} INFO - [2025-10-23T12:01:04.890+0000] {dag.py:3947} INFO - Setting next_dagrun for example_subdag_operator.section-1 to None, run_after=None
[2025-10-23T12:01:04.890+0000] {logging_mixin.py:188} INFO - [2025-10-23T12:01:04.890+0000] {dag.py:3947} INFO - Setting next_dagrun for example_subdag_operator.section-2 to None, run_after=None
[2025-10-23T12:01:04.920+0000] {processor.py:183} INFO - Processing /home/khaled/dbt-env/lib/python3.12/site-packages/airflow/example_dags/example_subdag_operator.py took 0.088 seconds
[2025-10-23T12:02:35.270+0000] {processor.py:161} INFO - Started process (PID=10635) to work on /home/khaled/dbt-env/lib/python3.12/site-packages/airflow/example_dags/example_subdag_operator.py
[2025-10-23T12:02:35.281+0000] {processor.py:830} INFO - Processing file /home/khaled/dbt-env/lib/python3.12/site-packages/airflow/example_dags/example_subdag_operator.py for tasks to queue
[2025-10-23T12:02:35.282+0000] {logging_mixin.py:188} INFO - [2025-10-23T12:02:35.282+0000] {dagbag.py:545} INFO - Filling up the DagBag from /home/khaled/dbt-env/lib/python3.12/site-packages/airflow/example_dags/example_subdag_operator.py
[2025-10-23T12:02:35.298+0000] {processor.py:840} INFO - DAG(s) 'example_subdag_operator.section-1', 'example_subdag_operator.section-2', 'example_subdag_operator' retrieved from /home/khaled/dbt-env/lib/python3.12/site-packages/airflow/example_dags/example_subdag_operator.py
[2025-10-23T12:02:35.309+0000] {logging_mixin.py:188} INFO - [2025-10-23T12:02:35.309+0000] {dag.py:3089} INFO - Sync 3 DAGs
[2025-10-23T12:02:35.322+0000] {logging_mixin.py:188} INFO - [2025-10-23T12:02:35.322+0000] {dag.py:3947} INFO - Setting next_dagrun for example_subdag_operator to 2022-01-01 00:00:00+00:00, run_after=2022-01-01 00:00:00+00:00
[2025-10-23T12:02:35.325+0000] {logging_mixin.py:188} INFO - [2025-10-23T12:02:35.325+0000] {dag.py:3947} INFO - Setting next_dagrun for example_subdag_operator.section-1 to None, run_after=None
[2025-10-23T12:02:35.326+0000] {logging_mixin.py:188} INFO - [2025-10-23T12:02:35.326+0000] {dag.py:3947} INFO - Setting next_dagrun for example_subdag_operator.section-2 to None, run_after=None
[2025-10-23T12:02:35.331+0000] {logging_mixin.py:188} INFO - [2025-10-23T12:02:35.331+0000] {dag.py:3089} INFO - Sync 2 DAGs
[2025-10-23T12:02:35.334+0000] {logging_mixin.py:188} INFO - [2025-10-23T12:02:35.333+0000] {dag.py:3947} INFO - Setting next_dagrun for example_subdag_operator.section-1 to None, run_after=None
[2025-10-23T12:02:35.334+0000] {logging_mixin.py:188} INFO - [2025-10-23T12:02:35.334+0000] {dag.py:3947} INFO - Setting next_dagrun for example_subdag_operator.section-2 to None, run_after=None
[2025-10-23T12:02:35.348+0000] {processor.py:183} INFO - Processing /home/khaled/dbt-env/lib/python3.12/site-packages/airflow/example_dags/example_subdag_operator.py took 0.082 seconds
[2025-10-23T12:03:31.078+0000] {processor.py:161} INFO - Started process (PID=10694) to work on /home/khaled/dbt-env/lib/python3.12/site-packages/airflow/example_dags/example_subdag_operator.py
[2025-10-23T12:03:31.079+0000] {processor.py:830} INFO - Processing file /home/khaled/dbt-env/lib/python3.12/site-packages/airflow/example_dags/example_subdag_operator.py for tasks to queue
[2025-10-23T12:03:31.081+0000] {logging_mixin.py:188} INFO - [2025-10-23T12:03:31.080+0000] {dagbag.py:545} INFO - Filling up the DagBag from /home/khaled/dbt-env/lib/python3.12/site-packages/airflow/example_dags/example_subdag_operator.py
[2025-10-23T12:03:31.095+0000] {processor.py:840} INFO - DAG(s) 'example_subdag_operator.section-1', 'example_subdag_operator.section-2', 'example_subdag_operator' retrieved from /home/khaled/dbt-env/lib/python3.12/site-packages/airflow/example_dags/example_subdag_operator.py
[2025-10-23T12:03:31.105+0000] {logging_mixin.py:188} INFO - [2025-10-23T12:03:31.105+0000] {dag.py:3089} INFO - Sync 3 DAGs
[2025-10-23T12:03:31.119+0000] {logging_mixin.py:188} INFO - [2025-10-23T12:03:31.119+0000] {dag.py:3947} INFO - Setting next_dagrun for example_subdag_operator to 2022-01-01 00:00:00+00:00, run_after=2022-01-01 00:00:00+00:00
[2025-10-23T12:03:31.122+0000] {logging_mixin.py:188} INFO - [2025-10-23T12:03:31.122+0000] {dag.py:3947} INFO - Setting next_dagrun for example_subdag_operator.section-1 to None, run_after=None
[2025-10-23T12:03:31.122+0000] {logging_mixin.py:188} INFO - [2025-10-23T12:03:31.122+0000] {dag.py:3947} INFO - Setting next_dagrun for example_subdag_operator.section-2 to None, run_after=None
[2025-10-23T12:03:31.126+0000] {logging_mixin.py:188} INFO - [2025-10-23T12:03:31.126+0000] {dag.py:3089} INFO - Sync 2 DAGs
[2025-10-23T12:03:31.129+0000] {logging_mixin.py:188} INFO - [2025-10-23T12:03:31.129+0000] {dag.py:3947} INFO - Setting next_dagrun for example_subdag_operator.section-1 to None, run_after=None
[2025-10-23T12:03:31.129+0000] {logging_mixin.py:188} INFO - [2025-10-23T12:03:31.129+0000] {dag.py:3947} INFO - Setting next_dagrun for example_subdag_operator.section-2 to None, run_after=None
[2025-10-23T12:03:31.144+0000] {processor.py:183} INFO - Processing /home/khaled/dbt-env/lib/python3.12/site-packages/airflow/example_dags/example_subdag_operator.py took 0.070 seconds
[2025-10-23T12:04:36.088+0000] {processor.py:161} INFO - Started process (PID=10831) to work on /home/khaled/dbt-env/lib/python3.12/site-packages/airflow/example_dags/example_subdag_operator.py
[2025-10-23T12:04:36.099+0000] {processor.py:830} INFO - Processing file /home/khaled/dbt-env/lib/python3.12/site-packages/airflow/example_dags/example_subdag_operator.py for tasks to queue
[2025-10-23T12:04:36.101+0000] {logging_mixin.py:188} INFO - [2025-10-23T12:04:36.101+0000] {dagbag.py:545} INFO - Filling up the DagBag from /home/khaled/dbt-env/lib/python3.12/site-packages/airflow/example_dags/example_subdag_operator.py
[2025-10-23T12:04:36.116+0000] {processor.py:840} INFO - DAG(s) 'example_subdag_operator.section-1', 'example_subdag_operator.section-2', 'example_subdag_operator' retrieved from /home/khaled/dbt-env/lib/python3.12/site-packages/airflow/example_dags/example_subdag_operator.py
[2025-10-23T12:04:36.126+0000] {logging_mixin.py:188} INFO - [2025-10-23T12:04:36.126+0000] {dag.py:3089} INFO - Sync 3 DAGs
[2025-10-23T12:04:36.140+0000] {logging_mixin.py:188} INFO - [2025-10-23T12:04:36.140+0000] {dag.py:3947} INFO - Setting next_dagrun for example_subdag_operator to 2022-01-01 00:00:00+00:00, run_after=2022-01-01 00:00:00+00:00
[2025-10-23T12:04:36.236+0000] {logging_mixin.py:188} INFO - [2025-10-23T12:04:36.236+0000] {dag.py:3947} INFO - Setting next_dagrun for example_subdag_operator.section-1 to None, run_after=None
[2025-10-23T12:04:36.237+0000] {logging_mixin.py:188} INFO - [2025-10-23T12:04:36.237+0000] {dag.py:3947} INFO - Setting next_dagrun for example_subdag_operator.section-2 to None, run_after=None
[2025-10-23T12:04:36.241+0000] {logging_mixin.py:188} INFO - [2025-10-23T12:04:36.241+0000] {dag.py:3089} INFO - Sync 2 DAGs
[2025-10-23T12:04:36.243+0000] {logging_mixin.py:188} INFO - [2025-10-23T12:04:36.243+0000] {dag.py:3947} INFO - Setting next_dagrun for example_subdag_operator.section-1 to None, run_after=None
[2025-10-23T12:04:36.244+0000] {logging_mixin.py:188} INFO - [2025-10-23T12:04:36.244+0000] {dag.py:3947} INFO - Setting next_dagrun for example_subdag_operator.section-2 to None, run_after=None
[2025-10-23T12:04:36.257+0000] {processor.py:183} INFO - Processing /home/khaled/dbt-env/lib/python3.12/site-packages/airflow/example_dags/example_subdag_operator.py took 0.174 seconds
[2025-10-23T12:05:28.954+0000] {processor.py:161} INFO - Started process (PID=11198) to work on /home/khaled/dbt-env/lib/python3.12/site-packages/airflow/example_dags/example_subdag_operator.py
[2025-10-23T12:05:28.965+0000] {processor.py:830} INFO - Processing file /home/khaled/dbt-env/lib/python3.12/site-packages/airflow/example_dags/example_subdag_operator.py for tasks to queue
[2025-10-23T12:05:28.969+0000] {logging_mixin.py:188} INFO - [2025-10-23T12:05:28.969+0000] {dagbag.py:545} INFO - Filling up the DagBag from /home/khaled/dbt-env/lib/python3.12/site-packages/airflow/example_dags/example_subdag_operator.py
[2025-10-23T12:05:28.992+0000] {processor.py:840} INFO - DAG(s) 'example_subdag_operator.section-1', 'example_subdag_operator.section-2', 'example_subdag_operator' retrieved from /home/khaled/dbt-env/lib/python3.12/site-packages/airflow/example_dags/example_subdag_operator.py
[2025-10-23T12:05:29.009+0000] {logging_mixin.py:188} INFO - [2025-10-23T12:05:29.009+0000] {dag.py:3089} INFO - Sync 3 DAGs
[2025-10-23T12:05:29.037+0000] {logging_mixin.py:188} INFO - [2025-10-23T12:05:29.036+0000] {dag.py:3947} INFO - Setting next_dagrun for example_subdag_operator to 2022-01-01 00:00:00+00:00, run_after=2022-01-01 00:00:00+00:00
[2025-10-23T12:05:29.041+0000] {logging_mixin.py:188} INFO - [2025-10-23T12:05:29.041+0000] {dag.py:3947} INFO - Setting next_dagrun for example_subdag_operator.section-1 to None, run_after=None
[2025-10-23T12:05:29.042+0000] {logging_mixin.py:188} INFO - [2025-10-23T12:05:29.041+0000] {dag.py:3947} INFO - Setting next_dagrun for example_subdag_operator.section-2 to None, run_after=None
[2025-10-23T12:05:29.047+0000] {logging_mixin.py:188} INFO - [2025-10-23T12:05:29.047+0000] {dag.py:3089} INFO - Sync 2 DAGs
[2025-10-23T12:05:29.052+0000] {logging_mixin.py:188} INFO - [2025-10-23T12:05:29.051+0000] {dag.py:3947} INFO - Setting next_dagrun for example_subdag_operator.section-1 to None, run_after=None
[2025-10-23T12:05:29.054+0000] {logging_mixin.py:188} INFO - [2025-10-23T12:05:29.054+0000] {dag.py:3947} INFO - Setting next_dagrun for example_subdag_operator.section-2 to None, run_after=None
[2025-10-23T12:05:29.081+0000] {processor.py:183} INFO - Processing /home/khaled/dbt-env/lib/python3.12/site-packages/airflow/example_dags/example_subdag_operator.py took 0.132 seconds
[2025-10-23T12:06:12.069+0000] {processor.py:161} INFO - Started process (PID=11258) to work on /home/khaled/dbt-env/lib/python3.12/site-packages/airflow/example_dags/example_subdag_operator.py
[2025-10-23T12:06:12.070+0000] {processor.py:830} INFO - Processing file /home/khaled/dbt-env/lib/python3.12/site-packages/airflow/example_dags/example_subdag_operator.py for tasks to queue
[2025-10-23T12:06:12.073+0000] {logging_mixin.py:188} INFO - [2025-10-23T12:06:12.073+0000] {dagbag.py:545} INFO - Filling up the DagBag from /home/khaled/dbt-env/lib/python3.12/site-packages/airflow/example_dags/example_subdag_operator.py
[2025-10-23T12:06:12.098+0000] {processor.py:840} INFO - DAG(s) 'example_subdag_operator.section-1', 'example_subdag_operator.section-2', 'example_subdag_operator' retrieved from /home/khaled/dbt-env/lib/python3.12/site-packages/airflow/example_dags/example_subdag_operator.py
[2025-10-23T12:06:12.109+0000] {logging_mixin.py:188} INFO - [2025-10-23T12:06:12.109+0000] {dag.py:3089} INFO - Sync 3 DAGs
[2025-10-23T12:06:12.124+0000] {logging_mixin.py:188} INFO - [2025-10-23T12:06:12.123+0000] {dag.py:3947} INFO - Setting next_dagrun for example_subdag_operator to 2022-01-01 00:00:00+00:00, run_after=2022-01-01 00:00:00+00:00
[2025-10-23T12:06:12.127+0000] {logging_mixin.py:188} INFO - [2025-10-23T12:06:12.127+0000] {dag.py:3947} INFO - Setting next_dagrun for example_subdag_operator.section-1 to None, run_after=None
[2025-10-23T12:06:12.128+0000] {logging_mixin.py:188} INFO - [2025-10-23T12:06:12.128+0000] {dag.py:3947} INFO - Setting next_dagrun for example_subdag_operator.section-2 to None, run_after=None
[2025-10-23T12:06:12.132+0000] {logging_mixin.py:188} INFO - [2025-10-23T12:06:12.132+0000] {dag.py:3089} INFO - Sync 2 DAGs
[2025-10-23T12:06:12.135+0000] {logging_mixin.py:188} INFO - [2025-10-23T12:06:12.135+0000] {dag.py:3947} INFO - Setting next_dagrun for example_subdag_operator.section-1 to None, run_after=None
[2025-10-23T12:06:12.135+0000] {logging_mixin.py:188} INFO - [2025-10-23T12:06:12.135+0000] {dag.py:3947} INFO - Setting next_dagrun for example_subdag_operator.section-2 to None, run_after=None
[2025-10-23T12:06:12.148+0000] {processor.py:183} INFO - Processing /home/khaled/dbt-env/lib/python3.12/site-packages/airflow/example_dags/example_subdag_operator.py took 0.087 seconds
[2025-10-23T12:06:55.683+0000] {processor.py:161} INFO - Started process (PID=11319) to work on /home/khaled/dbt-env/lib/python3.12/site-packages/airflow/example_dags/example_subdag_operator.py
[2025-10-23T12:06:55.684+0000] {processor.py:830} INFO - Processing file /home/khaled/dbt-env/lib/python3.12/site-packages/airflow/example_dags/example_subdag_operator.py for tasks to queue
[2025-10-23T12:06:55.686+0000] {logging_mixin.py:188} INFO - [2025-10-23T12:06:55.686+0000] {dagbag.py:545} INFO - Filling up the DagBag from /home/khaled/dbt-env/lib/python3.12/site-packages/airflow/example_dags/example_subdag_operator.py
[2025-10-23T12:06:55.702+0000] {processor.py:840} INFO - DAG(s) 'example_subdag_operator.section-1', 'example_subdag_operator.section-2', 'example_subdag_operator' retrieved from /home/khaled/dbt-env/lib/python3.12/site-packages/airflow/example_dags/example_subdag_operator.py
[2025-10-23T12:06:55.713+0000] {logging_mixin.py:188} INFO - [2025-10-23T12:06:55.713+0000] {dag.py:3089} INFO - Sync 3 DAGs
[2025-10-23T12:06:55.729+0000] {logging_mixin.py:188} INFO - [2025-10-23T12:06:55.729+0000] {dag.py:3947} INFO - Setting next_dagrun for example_subdag_operator to 2022-01-01 00:00:00+00:00, run_after=2022-01-01 00:00:00+00:00
[2025-10-23T12:06:55.733+0000] {logging_mixin.py:188} INFO - [2025-10-23T12:06:55.733+0000] {dag.py:3947} INFO - Setting next_dagrun for example_subdag_operator.section-1 to None, run_after=None
[2025-10-23T12:06:55.734+0000] {logging_mixin.py:188} INFO - [2025-10-23T12:06:55.734+0000] {dag.py:3947} INFO - Setting next_dagrun for example_subdag_operator.section-2 to None, run_after=None
[2025-10-23T12:06:55.740+0000] {logging_mixin.py:188} INFO - [2025-10-23T12:06:55.740+0000] {dag.py:3089} INFO - Sync 2 DAGs
[2025-10-23T12:06:55.747+0000] {logging_mixin.py:188} INFO - [2025-10-23T12:06:55.747+0000] {dag.py:3947} INFO - Setting next_dagrun for example_subdag_operator.section-1 to None, run_after=None
[2025-10-23T12:06:55.748+0000] {logging_mixin.py:188} INFO - [2025-10-23T12:06:55.747+0000] {dag.py:3947} INFO - Setting next_dagrun for example_subdag_operator.section-2 to None, run_after=None
[2025-10-23T12:06:55.779+0000] {processor.py:183} INFO - Processing /home/khaled/dbt-env/lib/python3.12/site-packages/airflow/example_dags/example_subdag_operator.py took 0.100 seconds
[2025-10-23T12:07:41.696+0000] {processor.py:161} INFO - Started process (PID=11379) to work on /home/khaled/dbt-env/lib/python3.12/site-packages/airflow/example_dags/example_subdag_operator.py
[2025-10-23T12:07:41.709+0000] {processor.py:830} INFO - Processing file /home/khaled/dbt-env/lib/python3.12/site-packages/airflow/example_dags/example_subdag_operator.py for tasks to queue
[2025-10-23T12:07:41.713+0000] {logging_mixin.py:188} INFO - [2025-10-23T12:07:41.712+0000] {dagbag.py:545} INFO - Filling up the DagBag from /home/khaled/dbt-env/lib/python3.12/site-packages/airflow/example_dags/example_subdag_operator.py
[2025-10-23T12:07:41.733+0000] {processor.py:840} INFO - DAG(s) 'example_subdag_operator.section-1', 'example_subdag_operator.section-2', 'example_subdag_operator' retrieved from /home/khaled/dbt-env/lib/python3.12/site-packages/airflow/example_dags/example_subdag_operator.py
[2025-10-23T12:07:41.749+0000] {logging_mixin.py:188} INFO - [2025-10-23T12:07:41.749+0000] {dag.py:3089} INFO - Sync 3 DAGs
[2025-10-23T12:07:41.856+0000] {logging_mixin.py:188} INFO - [2025-10-23T12:07:41.856+0000] {dag.py:3947} INFO - Setting next_dagrun for example_subdag_operator to 2022-01-01 00:00:00+00:00, run_after=2022-01-01 00:00:00+00:00
[2025-10-23T12:07:41.858+0000] {logging_mixin.py:188} INFO - [2025-10-23T12:07:41.858+0000] {dag.py:3947} INFO - Setting next_dagrun for example_subdag_operator.section-1 to None, run_after=None
[2025-10-23T12:07:41.859+0000] {logging_mixin.py:188} INFO - [2025-10-23T12:07:41.859+0000] {dag.py:3947} INFO - Setting next_dagrun for example_subdag_operator.section-2 to None, run_after=None
[2025-10-23T12:07:41.863+0000] {logging_mixin.py:188} INFO - [2025-10-23T12:07:41.863+0000] {dag.py:3089} INFO - Sync 2 DAGs
[2025-10-23T12:07:41.866+0000] {logging_mixin.py:188} INFO - [2025-10-23T12:07:41.866+0000] {dag.py:3947} INFO - Setting next_dagrun for example_subdag_operator.section-1 to None, run_after=None
[2025-10-23T12:07:41.866+0000] {logging_mixin.py:188} INFO - [2025-10-23T12:07:41.866+0000] {dag.py:3947} INFO - Setting next_dagrun for example_subdag_operator.section-2 to None, run_after=None
[2025-10-23T12:07:41.881+0000] {processor.py:183} INFO - Processing /home/khaled/dbt-env/lib/python3.12/site-packages/airflow/example_dags/example_subdag_operator.py took 0.193 seconds
[2025-10-23T12:08:32.171+0000] {processor.py:161} INFO - Started process (PID=11442) to work on /home/khaled/dbt-env/lib/python3.12/site-packages/airflow/example_dags/example_subdag_operator.py
[2025-10-23T12:08:32.172+0000] {processor.py:830} INFO - Processing file /home/khaled/dbt-env/lib/python3.12/site-packages/airflow/example_dags/example_subdag_operator.py for tasks to queue
[2025-10-23T12:08:32.175+0000] {logging_mixin.py:188} INFO - [2025-10-23T12:08:32.174+0000] {dagbag.py:545} INFO - Filling up the DagBag from /home/khaled/dbt-env/lib/python3.12/site-packages/airflow/example_dags/example_subdag_operator.py
[2025-10-23T12:08:32.190+0000] {processor.py:840} INFO - DAG(s) 'example_subdag_operator.section-1', 'example_subdag_operator.section-2', 'example_subdag_operator' retrieved from /home/khaled/dbt-env/lib/python3.12/site-packages/airflow/example_dags/example_subdag_operator.py
[2025-10-23T12:08:32.200+0000] {logging_mixin.py:188} INFO - [2025-10-23T12:08:32.200+0000] {dag.py:3089} INFO - Sync 3 DAGs
[2025-10-23T12:08:32.217+0000] {logging_mixin.py:188} INFO - [2025-10-23T12:08:32.217+0000] {dag.py:3947} INFO - Setting next_dagrun for example_subdag_operator to 2022-01-01 00:00:00+00:00, run_after=2022-01-01 00:00:00+00:00
[2025-10-23T12:08:32.220+0000] {logging_mixin.py:188} INFO - [2025-10-23T12:08:32.220+0000] {dag.py:3947} INFO - Setting next_dagrun for example_subdag_operator.section-1 to None, run_after=None
[2025-10-23T12:08:32.221+0000] {logging_mixin.py:188} INFO - [2025-10-23T12:08:32.221+0000] {dag.py:3947} INFO - Setting next_dagrun for example_subdag_operator.section-2 to None, run_after=None
[2025-10-23T12:08:32.315+0000] {logging_mixin.py:188} INFO - [2025-10-23T12:08:32.315+0000] {dag.py:3089} INFO - Sync 2 DAGs
[2025-10-23T12:08:32.318+0000] {logging_mixin.py:188} INFO - [2025-10-23T12:08:32.318+0000] {dag.py:3947} INFO - Setting next_dagrun for example_subdag_operator.section-1 to None, run_after=None
[2025-10-23T12:08:32.318+0000] {logging_mixin.py:188} INFO - [2025-10-23T12:08:32.318+0000] {dag.py:3947} INFO - Setting next_dagrun for example_subdag_operator.section-2 to None, run_after=None
[2025-10-23T12:08:32.344+0000] {processor.py:183} INFO - Processing /home/khaled/dbt-env/lib/python3.12/site-packages/airflow/example_dags/example_subdag_operator.py took 0.179 seconds
[2025-10-23T12:09:21.527+0000] {processor.py:161} INFO - Started process (PID=11602) to work on /home/khaled/dbt-env/lib/python3.12/site-packages/airflow/example_dags/example_subdag_operator.py
[2025-10-23T12:09:21.528+0000] {processor.py:830} INFO - Processing file /home/khaled/dbt-env/lib/python3.12/site-packages/airflow/example_dags/example_subdag_operator.py for tasks to queue
[2025-10-23T12:09:21.530+0000] {logging_mixin.py:188} INFO - [2025-10-23T12:09:21.529+0000] {dagbag.py:545} INFO - Filling up the DagBag from /home/khaled/dbt-env/lib/python3.12/site-packages/airflow/example_dags/example_subdag_operator.py
[2025-10-23T12:09:21.544+0000] {processor.py:840} INFO - DAG(s) 'example_subdag_operator.section-1', 'example_subdag_operator.section-2', 'example_subdag_operator' retrieved from /home/khaled/dbt-env/lib/python3.12/site-packages/airflow/example_dags/example_subdag_operator.py
[2025-10-23T12:09:21.557+0000] {logging_mixin.py:188} INFO - [2025-10-23T12:09:21.557+0000] {dag.py:3089} INFO - Sync 3 DAGs
[2025-10-23T12:09:21.571+0000] {logging_mixin.py:188} INFO - [2025-10-23T12:09:21.571+0000] {dag.py:3947} INFO - Setting next_dagrun for example_subdag_operator to 2022-01-01 00:00:00+00:00, run_after=2022-01-01 00:00:00+00:00
[2025-10-23T12:09:21.575+0000] {logging_mixin.py:188} INFO - [2025-10-23T12:09:21.575+0000] {dag.py:3947} INFO - Setting next_dagrun for example_subdag_operator.section-1 to None, run_after=None
[2025-10-23T12:09:21.576+0000] {logging_mixin.py:188} INFO - [2025-10-23T12:09:21.576+0000] {dag.py:3947} INFO - Setting next_dagrun for example_subdag_operator.section-2 to None, run_after=None
[2025-10-23T12:09:21.581+0000] {logging_mixin.py:188} INFO - [2025-10-23T12:09:21.581+0000] {dag.py:3089} INFO - Sync 2 DAGs
[2025-10-23T12:09:21.584+0000] {logging_mixin.py:188} INFO - [2025-10-23T12:09:21.584+0000] {dag.py:3947} INFO - Setting next_dagrun for example_subdag_operator.section-1 to None, run_after=None
[2025-10-23T12:09:21.585+0000] {logging_mixin.py:188} INFO - [2025-10-23T12:09:21.584+0000] {dag.py:3947} INFO - Setting next_dagrun for example_subdag_operator.section-2 to None, run_after=None
[2025-10-23T12:09:21.611+0000] {processor.py:183} INFO - Processing /home/khaled/dbt-env/lib/python3.12/site-packages/airflow/example_dags/example_subdag_operator.py took 0.090 seconds
[2025-10-23T12:10:09.852+0000] {processor.py:161} INFO - Started process (PID=11660) to work on /home/khaled/dbt-env/lib/python3.12/site-packages/airflow/example_dags/example_subdag_operator.py
[2025-10-23T12:10:09.853+0000] {processor.py:830} INFO - Processing file /home/khaled/dbt-env/lib/python3.12/site-packages/airflow/example_dags/example_subdag_operator.py for tasks to queue
[2025-10-23T12:10:09.855+0000] {logging_mixin.py:188} INFO - [2025-10-23T12:10:09.855+0000] {dagbag.py:545} INFO - Filling up the DagBag from /home/khaled/dbt-env/lib/python3.12/site-packages/airflow/example_dags/example_subdag_operator.py
[2025-10-23T12:10:09.870+0000] {processor.py:840} INFO - DAG(s) 'example_subdag_operator.section-1', 'example_subdag_operator.section-2', 'example_subdag_operator' retrieved from /home/khaled/dbt-env/lib/python3.12/site-packages/airflow/example_dags/example_subdag_operator.py
[2025-10-23T12:10:09.882+0000] {logging_mixin.py:188} INFO - [2025-10-23T12:10:09.881+0000] {dag.py:3089} INFO - Sync 3 DAGs
[2025-10-23T12:10:09.896+0000] {logging_mixin.py:188} INFO - [2025-10-23T12:10:09.896+0000] {dag.py:3947} INFO - Setting next_dagrun for example_subdag_operator to 2022-01-01 00:00:00+00:00, run_after=2022-01-01 00:00:00+00:00
[2025-10-23T12:10:09.899+0000] {logging_mixin.py:188} INFO - [2025-10-23T12:10:09.899+0000] {dag.py:3947} INFO - Setting next_dagrun for example_subdag_operator.section-1 to None, run_after=None
[2025-10-23T12:10:09.900+0000] {logging_mixin.py:188} INFO - [2025-10-23T12:10:09.900+0000] {dag.py:3947} INFO - Setting next_dagrun for example_subdag_operator.section-2 to None, run_after=None
[2025-10-23T12:10:09.904+0000] {logging_mixin.py:188} INFO - [2025-10-23T12:10:09.904+0000] {dag.py:3089} INFO - Sync 2 DAGs
[2025-10-23T12:10:09.907+0000] {logging_mixin.py:188} INFO - [2025-10-23T12:10:09.907+0000] {dag.py:3947} INFO - Setting next_dagrun for example_subdag_operator.section-1 to None, run_after=None
[2025-10-23T12:10:09.907+0000] {logging_mixin.py:188} INFO - [2025-10-23T12:10:09.907+0000] {dag.py:3947} INFO - Setting next_dagrun for example_subdag_operator.section-2 to None, run_after=None
[2025-10-23T12:10:09.934+0000] {processor.py:183} INFO - Processing /home/khaled/dbt-env/lib/python3.12/site-packages/airflow/example_dags/example_subdag_operator.py took 0.087 seconds
[2025-10-23T12:11:07.351+0000] {processor.py:161} INFO - Started process (PID=11714) to work on /home/khaled/dbt-env/lib/python3.12/site-packages/airflow/example_dags/example_subdag_operator.py
[2025-10-23T12:11:07.363+0000] {processor.py:830} INFO - Processing file /home/khaled/dbt-env/lib/python3.12/site-packages/airflow/example_dags/example_subdag_operator.py for tasks to queue
[2025-10-23T12:11:07.389+0000] {logging_mixin.py:188} INFO - [2025-10-23T12:11:07.385+0000] {dagbag.py:545} INFO - Filling up the DagBag from /home/khaled/dbt-env/lib/python3.12/site-packages/airflow/example_dags/example_subdag_operator.py
[2025-10-23T12:11:07.643+0000] {processor.py:840} INFO - DAG(s) 'example_subdag_operator.section-1', 'example_subdag_operator.section-2', 'example_subdag_operator' retrieved from /home/khaled/dbt-env/lib/python3.12/site-packages/airflow/example_dags/example_subdag_operator.py
[2025-10-23T12:11:07.727+0000] {logging_mixin.py:188} INFO - [2025-10-23T12:11:07.726+0000] {dag.py:3089} INFO - Sync 3 DAGs
[2025-10-23T12:11:07.857+0000] {logging_mixin.py:188} INFO - [2025-10-23T12:11:07.856+0000] {dag.py:3947} INFO - Setting next_dagrun for example_subdag_operator to 2022-01-01 00:00:00+00:00, run_after=2022-01-01 00:00:00+00:00
[2025-10-23T12:11:07.874+0000] {logging_mixin.py:188} INFO - [2025-10-23T12:11:07.872+0000] {dag.py:3947} INFO - Setting next_dagrun for example_subdag_operator.section-1 to None, run_after=None
[2025-10-23T12:11:07.886+0000] {logging_mixin.py:188} INFO - [2025-10-23T12:11:07.886+0000] {dag.py:3947} INFO - Setting next_dagrun for example_subdag_operator.section-2 to None, run_after=None
[2025-10-23T12:11:08.023+0000] {logging_mixin.py:188} INFO - [2025-10-23T12:11:08.013+0000] {dag.py:3089} INFO - Sync 2 DAGs
[2025-10-23T12:11:08.111+0000] {logging_mixin.py:188} INFO - [2025-10-23T12:11:08.088+0000] {dag.py:3947} INFO - Setting next_dagrun for example_subdag_operator.section-1 to None, run_after=None
[2025-10-23T12:11:08.118+0000] {logging_mixin.py:188} INFO - [2025-10-23T12:11:08.118+0000] {dag.py:3947} INFO - Setting next_dagrun for example_subdag_operator.section-2 to None, run_after=None
[2025-10-23T12:11:09.112+0000] {processor.py:183} INFO - Processing /home/khaled/dbt-env/lib/python3.12/site-packages/airflow/example_dags/example_subdag_operator.py took 1.816 seconds
