[2025-10-23T11:39:41.260+0000] {processor.py:161} INFO - Started process (PID=5969) to work on /home/khaled/dbt-env/lib/python3.12/site-packages/airflow/example_dags/example_bash_decorator.py
[2025-10-23T11:39:41.261+0000] {processor.py:830} INFO - Processing file /home/khaled/dbt-env/lib/python3.12/site-packages/airflow/example_dags/example_bash_decorator.py for tasks to queue
[2025-10-23T11:39:41.265+0000] {logging_mixin.py:188} INFO - [2025-10-23T11:39:41.265+0000] {dagbag.py:545} INFO - Filling up the DagBag from /home/khaled/dbt-env/lib/python3.12/site-packages/airflow/example_dags/example_bash_decorator.py
[2025-10-23T11:39:41.278+0000] {processor.py:840} INFO - DAG(s) 'example_bash_decorator' retrieved from /home/khaled/dbt-env/lib/python3.12/site-packages/airflow/example_dags/example_bash_decorator.py
[2025-10-23T11:39:41.353+0000] {logging_mixin.py:188} INFO - [2025-10-23T11:39:41.353+0000] {dag.py:3089} INFO - Sync 1 DAGs
[2025-10-23T11:39:41.361+0000] {logging_mixin.py:188} INFO - [2025-10-23T11:39:41.361+0000] {dag.py:3947} INFO - Setting next_dagrun for example_bash_decorator to None, run_after=None
[2025-10-23T11:39:41.384+0000] {processor.py:183} INFO - Processing /home/khaled/dbt-env/lib/python3.12/site-packages/airflow/example_dags/example_bash_decorator.py took 0.130 seconds
[2025-10-23T11:55:15.920+0000] {processor.py:161} INFO - Started process (PID=9588) to work on /home/khaled/dbt-env/lib/python3.12/site-packages/airflow/example_dags/example_bash_decorator.py
[2025-10-23T11:55:15.931+0000] {processor.py:830} INFO - Processing file /home/khaled/dbt-env/lib/python3.12/site-packages/airflow/example_dags/example_bash_decorator.py for tasks to queue
[2025-10-23T11:55:15.934+0000] {logging_mixin.py:188} INFO - [2025-10-23T11:55:15.933+0000] {dagbag.py:545} INFO - Filling up the DagBag from /home/khaled/dbt-env/lib/python3.12/site-packages/airflow/example_dags/example_bash_decorator.py
[2025-10-23T11:55:15.945+0000] {processor.py:840} INFO - DAG(s) 'example_bash_decorator' retrieved from /home/khaled/dbt-env/lib/python3.12/site-packages/airflow/example_dags/example_bash_decorator.py
[2025-10-23T11:55:16.045+0000] {logging_mixin.py:188} INFO - [2025-10-23T11:55:16.045+0000] {dag.py:3089} INFO - Sync 1 DAGs
[2025-10-23T11:55:16.053+0000] {logging_mixin.py:188} INFO - [2025-10-23T11:55:16.053+0000] {dag.py:3947} INFO - Setting next_dagrun for example_bash_decorator to None, run_after=None
[2025-10-23T11:55:16.107+0000] {processor.py:183} INFO - Processing /home/khaled/dbt-env/lib/python3.12/site-packages/airflow/example_dags/example_bash_decorator.py took 0.191 seconds
[2025-10-23T11:57:37.128+0000] {processor.py:161} INFO - Started process (PID=10008) to work on /home/khaled/dbt-env/lib/python3.12/site-packages/airflow/example_dags/example_bash_decorator.py
[2025-10-23T11:57:37.139+0000] {processor.py:830} INFO - Processing file /home/khaled/dbt-env/lib/python3.12/site-packages/airflow/example_dags/example_bash_decorator.py for tasks to queue
[2025-10-23T11:57:37.140+0000] {logging_mixin.py:188} INFO - [2025-10-23T11:57:37.140+0000] {dagbag.py:545} INFO - Filling up the DagBag from /home/khaled/dbt-env/lib/python3.12/site-packages/airflow/example_dags/example_bash_decorator.py
[2025-10-23T11:57:37.151+0000] {processor.py:840} INFO - DAG(s) 'example_bash_decorator' retrieved from /home/khaled/dbt-env/lib/python3.12/site-packages/airflow/example_dags/example_bash_decorator.py
[2025-10-23T11:57:37.166+0000] {logging_mixin.py:188} INFO - [2025-10-23T11:57:37.166+0000] {dag.py:3089} INFO - Sync 1 DAGs
[2025-10-23T11:57:37.177+0000] {logging_mixin.py:188} INFO - [2025-10-23T11:57:37.176+0000] {dag.py:3947} INFO - Setting next_dagrun for example_bash_decorator to None, run_after=None
[2025-10-23T11:57:37.211+0000] {processor.py:183} INFO - Processing /home/khaled/dbt-env/lib/python3.12/site-packages/airflow/example_dags/example_bash_decorator.py took 0.088 seconds
[2025-10-23T11:58:49.228+0000] {processor.py:161} INFO - Started process (PID=10150) to work on /home/khaled/dbt-env/lib/python3.12/site-packages/airflow/example_dags/example_bash_decorator.py
[2025-10-23T11:58:49.231+0000] {processor.py:830} INFO - Processing file /home/khaled/dbt-env/lib/python3.12/site-packages/airflow/example_dags/example_bash_decorator.py for tasks to queue
[2025-10-23T11:58:49.234+0000] {logging_mixin.py:188} INFO - [2025-10-23T11:58:49.233+0000] {dagbag.py:545} INFO - Filling up the DagBag from /home/khaled/dbt-env/lib/python3.12/site-packages/airflow/example_dags/example_bash_decorator.py
[2025-10-23T11:58:49.244+0000] {processor.py:840} INFO - DAG(s) 'example_bash_decorator' retrieved from /home/khaled/dbt-env/lib/python3.12/site-packages/airflow/example_dags/example_bash_decorator.py
[2025-10-23T11:58:49.257+0000] {logging_mixin.py:188} INFO - [2025-10-23T11:58:49.257+0000] {dag.py:3089} INFO - Sync 1 DAGs
[2025-10-23T11:58:49.265+0000] {logging_mixin.py:188} INFO - [2025-10-23T11:58:49.265+0000] {dag.py:3947} INFO - Setting next_dagrun for example_bash_decorator to None, run_after=None
[2025-10-23T11:58:49.286+0000] {processor.py:183} INFO - Processing /home/khaled/dbt-env/lib/python3.12/site-packages/airflow/example_dags/example_bash_decorator.py took 0.063 seconds
[2025-10-23T12:00:35.387+0000] {processor.py:161} INFO - Started process (PID=10238) to work on /home/khaled/dbt-env/lib/python3.12/site-packages/airflow/example_dags/example_bash_decorator.py
[2025-10-23T12:00:35.389+0000] {processor.py:830} INFO - Processing file /home/khaled/dbt-env/lib/python3.12/site-packages/airflow/example_dags/example_bash_decorator.py for tasks to queue
[2025-10-23T12:00:35.390+0000] {logging_mixin.py:188} INFO - [2025-10-23T12:00:35.390+0000] {dagbag.py:545} INFO - Filling up the DagBag from /home/khaled/dbt-env/lib/python3.12/site-packages/airflow/example_dags/example_bash_decorator.py
[2025-10-23T12:00:35.401+0000] {processor.py:840} INFO - DAG(s) 'example_bash_decorator' retrieved from /home/khaled/dbt-env/lib/python3.12/site-packages/airflow/example_dags/example_bash_decorator.py
[2025-10-23T12:00:35.414+0000] {logging_mixin.py:188} INFO - [2025-10-23T12:00:35.414+0000] {dag.py:3089} INFO - Sync 1 DAGs
[2025-10-23T12:00:35.423+0000] {logging_mixin.py:188} INFO - [2025-10-23T12:00:35.422+0000] {dag.py:3947} INFO - Setting next_dagrun for example_bash_decorator to None, run_after=None
[2025-10-23T12:00:35.456+0000] {processor.py:183} INFO - Processing /home/khaled/dbt-env/lib/python3.12/site-packages/airflow/example_dags/example_bash_decorator.py took 0.075 seconds
[2025-10-23T12:02:12.425+0000] {processor.py:161} INFO - Started process (PID=10616) to work on /home/khaled/dbt-env/lib/python3.12/site-packages/airflow/example_dags/example_bash_decorator.py
[2025-10-23T12:02:12.427+0000] {processor.py:830} INFO - Processing file /home/khaled/dbt-env/lib/python3.12/site-packages/airflow/example_dags/example_bash_decorator.py for tasks to queue
[2025-10-23T12:02:12.432+0000] {logging_mixin.py:188} INFO - [2025-10-23T12:02:12.429+0000] {dagbag.py:545} INFO - Filling up the DagBag from /home/khaled/dbt-env/lib/python3.12/site-packages/airflow/example_dags/example_bash_decorator.py
[2025-10-23T12:02:12.485+0000] {processor.py:840} INFO - DAG(s) 'example_bash_decorator' retrieved from /home/khaled/dbt-env/lib/python3.12/site-packages/airflow/example_dags/example_bash_decorator.py
[2025-10-23T12:02:12.511+0000] {logging_mixin.py:188} INFO - [2025-10-23T12:02:12.510+0000] {dag.py:3089} INFO - Sync 1 DAGs
[2025-10-23T12:02:12.532+0000] {logging_mixin.py:188} INFO - [2025-10-23T12:02:12.531+0000] {dag.py:3947} INFO - Setting next_dagrun for example_bash_decorator to None, run_after=None
[2025-10-23T12:02:12.595+0000] {processor.py:183} INFO - Processing /home/khaled/dbt-env/lib/python3.12/site-packages/airflow/example_dags/example_bash_decorator.py took 0.183 seconds
[2025-10-23T12:03:43.132+0000] {processor.py:161} INFO - Started process (PID=10739) to work on /home/khaled/dbt-env/lib/python3.12/site-packages/airflow/example_dags/example_bash_decorator.py
[2025-10-23T12:03:43.135+0000] {processor.py:830} INFO - Processing file /home/khaled/dbt-env/lib/python3.12/site-packages/airflow/example_dags/example_bash_decorator.py for tasks to queue
[2025-10-23T12:03:43.137+0000] {logging_mixin.py:188} INFO - [2025-10-23T12:03:43.137+0000] {dagbag.py:545} INFO - Filling up the DagBag from /home/khaled/dbt-env/lib/python3.12/site-packages/airflow/example_dags/example_bash_decorator.py
[2025-10-23T12:03:43.146+0000] {processor.py:840} INFO - DAG(s) 'example_bash_decorator' retrieved from /home/khaled/dbt-env/lib/python3.12/site-packages/airflow/example_dags/example_bash_decorator.py
[2025-10-23T12:03:43.164+0000] {logging_mixin.py:188} INFO - [2025-10-23T12:03:43.164+0000] {dag.py:3089} INFO - Sync 1 DAGs
[2025-10-23T12:03:43.174+0000] {logging_mixin.py:188} INFO - [2025-10-23T12:03:43.174+0000] {dag.py:3947} INFO - Setting next_dagrun for example_bash_decorator to None, run_after=None
[2025-10-23T12:03:43.253+0000] {processor.py:183} INFO - Processing /home/khaled/dbt-env/lib/python3.12/site-packages/airflow/example_dags/example_bash_decorator.py took 0.125 seconds
[2025-10-23T12:04:50.503+0000] {processor.py:161} INFO - Started process (PID=10845) to work on /home/khaled/dbt-env/lib/python3.12/site-packages/airflow/example_dags/example_bash_decorator.py
[2025-10-23T12:04:50.515+0000] {processor.py:830} INFO - Processing file /home/khaled/dbt-env/lib/python3.12/site-packages/airflow/example_dags/example_bash_decorator.py for tasks to queue
[2025-10-23T12:04:50.516+0000] {logging_mixin.py:188} INFO - [2025-10-23T12:04:50.516+0000] {dagbag.py:545} INFO - Filling up the DagBag from /home/khaled/dbt-env/lib/python3.12/site-packages/airflow/example_dags/example_bash_decorator.py
[2025-10-23T12:04:50.527+0000] {processor.py:840} INFO - DAG(s) 'example_bash_decorator' retrieved from /home/khaled/dbt-env/lib/python3.12/site-packages/airflow/example_dags/example_bash_decorator.py
[2025-10-23T12:04:50.545+0000] {logging_mixin.py:188} INFO - [2025-10-23T12:04:50.544+0000] {dag.py:3089} INFO - Sync 1 DAGs
[2025-10-23T12:04:50.557+0000] {logging_mixin.py:188} INFO - [2025-10-23T12:04:50.557+0000] {dag.py:3947} INFO - Setting next_dagrun for example_bash_decorator to None, run_after=None
[2025-10-23T12:04:50.579+0000] {processor.py:183} INFO - Processing /home/khaled/dbt-env/lib/python3.12/site-packages/airflow/example_dags/example_bash_decorator.py took 0.080 seconds
[2025-10-23T12:05:59.128+0000] {processor.py:161} INFO - Started process (PID=11242) to work on /home/khaled/dbt-env/lib/python3.12/site-packages/airflow/example_dags/example_bash_decorator.py
[2025-10-23T12:05:59.141+0000] {processor.py:830} INFO - Processing file /home/khaled/dbt-env/lib/python3.12/site-packages/airflow/example_dags/example_bash_decorator.py for tasks to queue
[2025-10-23T12:05:59.143+0000] {logging_mixin.py:188} INFO - [2025-10-23T12:05:59.142+0000] {dagbag.py:545} INFO - Filling up the DagBag from /home/khaled/dbt-env/lib/python3.12/site-packages/airflow/example_dags/example_bash_decorator.py
[2025-10-23T12:05:59.155+0000] {processor.py:840} INFO - DAG(s) 'example_bash_decorator' retrieved from /home/khaled/dbt-env/lib/python3.12/site-packages/airflow/example_dags/example_bash_decorator.py
[2025-10-23T12:05:59.178+0000] {logging_mixin.py:188} INFO - [2025-10-23T12:05:59.178+0000] {dag.py:3089} INFO - Sync 1 DAGs
[2025-10-23T12:05:59.288+0000] {logging_mixin.py:188} INFO - [2025-10-23T12:05:59.288+0000] {dag.py:3947} INFO - Setting next_dagrun for example_bash_decorator to None, run_after=None
[2025-10-23T12:05:59.308+0000] {processor.py:183} INFO - Processing /home/khaled/dbt-env/lib/python3.12/site-packages/airflow/example_dags/example_bash_decorator.py took 0.184 seconds
[2025-10-23T12:07:03.974+0000] {processor.py:161} INFO - Started process (PID=11331) to work on /home/khaled/dbt-env/lib/python3.12/site-packages/airflow/example_dags/example_bash_decorator.py
[2025-10-23T12:07:03.976+0000] {processor.py:830} INFO - Processing file /home/khaled/dbt-env/lib/python3.12/site-packages/airflow/example_dags/example_bash_decorator.py for tasks to queue
[2025-10-23T12:07:03.977+0000] {logging_mixin.py:188} INFO - [2025-10-23T12:07:03.977+0000] {dagbag.py:545} INFO - Filling up the DagBag from /home/khaled/dbt-env/lib/python3.12/site-packages/airflow/example_dags/example_bash_decorator.py
[2025-10-23T12:07:03.987+0000] {processor.py:840} INFO - DAG(s) 'example_bash_decorator' retrieved from /home/khaled/dbt-env/lib/python3.12/site-packages/airflow/example_dags/example_bash_decorator.py
[2025-10-23T12:07:04.000+0000] {logging_mixin.py:188} INFO - [2025-10-23T12:07:03.999+0000] {dag.py:3089} INFO - Sync 1 DAGs
[2025-10-23T12:07:04.008+0000] {logging_mixin.py:188} INFO - [2025-10-23T12:07:04.008+0000] {dag.py:3947} INFO - Setting next_dagrun for example_bash_decorator to None, run_after=None
[2025-10-23T12:07:04.041+0000] {processor.py:183} INFO - Processing /home/khaled/dbt-env/lib/python3.12/site-packages/airflow/example_dags/example_bash_decorator.py took 0.072 seconds
[2025-10-23T12:08:16.997+0000] {processor.py:161} INFO - Started process (PID=11422) to work on /home/khaled/dbt-env/lib/python3.12/site-packages/airflow/example_dags/example_bash_decorator.py
[2025-10-23T12:08:16.998+0000] {processor.py:830} INFO - Processing file /home/khaled/dbt-env/lib/python3.12/site-packages/airflow/example_dags/example_bash_decorator.py for tasks to queue
[2025-10-23T12:08:16.999+0000] {logging_mixin.py:188} INFO - [2025-10-23T12:08:16.999+0000] {dagbag.py:545} INFO - Filling up the DagBag from /home/khaled/dbt-env/lib/python3.12/site-packages/airflow/example_dags/example_bash_decorator.py
[2025-10-23T12:08:17.009+0000] {processor.py:840} INFO - DAG(s) 'example_bash_decorator' retrieved from /home/khaled/dbt-env/lib/python3.12/site-packages/airflow/example_dags/example_bash_decorator.py
[2025-10-23T12:08:17.022+0000] {logging_mixin.py:188} INFO - [2025-10-23T12:08:17.021+0000] {dag.py:3089} INFO - Sync 1 DAGs
[2025-10-23T12:08:17.033+0000] {logging_mixin.py:188} INFO - [2025-10-23T12:08:17.033+0000] {dag.py:3947} INFO - Setting next_dagrun for example_bash_decorator to None, run_after=None
[2025-10-23T12:08:17.065+0000] {processor.py:183} INFO - Processing /home/khaled/dbt-env/lib/python3.12/site-packages/airflow/example_dags/example_bash_decorator.py took 0.073 seconds
[2025-10-23T12:09:31.846+0000] {processor.py:161} INFO - Started process (PID=11616) to work on /home/khaled/dbt-env/lib/python3.12/site-packages/airflow/example_dags/example_bash_decorator.py
[2025-10-23T12:09:31.848+0000] {processor.py:830} INFO - Processing file /home/khaled/dbt-env/lib/python3.12/site-packages/airflow/example_dags/example_bash_decorator.py for tasks to queue
[2025-10-23T12:09:31.850+0000] {logging_mixin.py:188} INFO - [2025-10-23T12:09:31.850+0000] {dagbag.py:545} INFO - Filling up the DagBag from /home/khaled/dbt-env/lib/python3.12/site-packages/airflow/example_dags/example_bash_decorator.py
[2025-10-23T12:09:31.860+0000] {processor.py:840} INFO - DAG(s) 'example_bash_decorator' retrieved from /home/khaled/dbt-env/lib/python3.12/site-packages/airflow/example_dags/example_bash_decorator.py
[2025-10-23T12:09:31.874+0000] {logging_mixin.py:188} INFO - [2025-10-23T12:09:31.874+0000] {dag.py:3089} INFO - Sync 1 DAGs
[2025-10-23T12:09:31.884+0000] {logging_mixin.py:188} INFO - [2025-10-23T12:09:31.884+0000] {dag.py:3947} INFO - Setting next_dagrun for example_bash_decorator to None, run_after=None
[2025-10-23T12:09:31.919+0000] {processor.py:183} INFO - Processing /home/khaled/dbt-env/lib/python3.12/site-packages/airflow/example_dags/example_bash_decorator.py took 0.077 seconds
[2025-10-23T12:10:39.284+0000] {processor.py:161} INFO - Started process (PID=11695) to work on /home/khaled/dbt-env/lib/python3.12/site-packages/airflow/example_dags/example_bash_decorator.py
[2025-10-23T12:10:39.287+0000] {processor.py:830} INFO - Processing file /home/khaled/dbt-env/lib/python3.12/site-packages/airflow/example_dags/example_bash_decorator.py for tasks to queue
[2025-10-23T12:10:39.295+0000] {logging_mixin.py:188} INFO - [2025-10-23T12:10:39.293+0000] {dagbag.py:545} INFO - Filling up the DagBag from /home/khaled/dbt-env/lib/python3.12/site-packages/airflow/example_dags/example_bash_decorator.py
[2025-10-23T12:10:39.320+0000] {processor.py:840} INFO - DAG(s) 'example_bash_decorator' retrieved from /home/khaled/dbt-env/lib/python3.12/site-packages/airflow/example_dags/example_bash_decorator.py
[2025-10-23T12:10:39.338+0000] {logging_mixin.py:188} INFO - [2025-10-23T12:10:39.337+0000] {dag.py:3089} INFO - Sync 1 DAGs
[2025-10-23T12:10:39.348+0000] {logging_mixin.py:188} INFO - [2025-10-23T12:10:39.347+0000] {dag.py:3947} INFO - Setting next_dagrun for example_bash_decorator to None, run_after=None
[2025-10-23T12:10:39.367+0000] {processor.py:183} INFO - Processing /home/khaled/dbt-env/lib/python3.12/site-packages/airflow/example_dags/example_bash_decorator.py took 0.100 seconds
