[2025-10-23T11:39:36.775+0000] {processor.py:161} INFO - Started process (PID=5965) to work on /home/khaled/dbt-env/lib/python3.12/site-packages/airflow/example_dags/example_branch_labels.py
[2025-10-23T11:39:36.776+0000] {processor.py:830} INFO - Processing file /home/khaled/dbt-env/lib/python3.12/site-packages/airflow/example_dags/example_branch_labels.py for tasks to queue
[2025-10-23T11:39:36.777+0000] {logging_mixin.py:188} INFO - [2025-10-23T11:39:36.777+0000] {dagbag.py:545} INFO - Filling up the DagBag from /home/khaled/dbt-env/lib/python3.12/site-packages/airflow/example_dags/example_branch_labels.py
[2025-10-23T11:39:36.783+0000] {processor.py:840} INFO - DAG(s) 'example_branch_labels' retrieved from /home/khaled/dbt-env/lib/python3.12/site-packages/airflow/example_dags/example_branch_labels.py
[2025-10-23T11:39:36.807+0000] {logging_mixin.py:188} INFO - [2025-10-23T11:39:36.807+0000] {dag.py:3089} INFO - Sync 1 DAGs
[2025-10-23T11:39:36.823+0000] {logging_mixin.py:188} INFO - [2025-10-23T11:39:36.823+0000] {dag.py:3947} INFO - Setting next_dagrun for example_branch_labels to 2025-10-22 00:00:00+00:00, run_after=2025-10-23 00:00:00+00:00
[2025-10-23T11:39:36.844+0000] {processor.py:183} INFO - Processing /home/khaled/dbt-env/lib/python3.12/site-packages/airflow/example_dags/example_branch_labels.py took 0.073 seconds
[2025-10-23T11:55:11.373+0000] {processor.py:161} INFO - Started process (PID=9575) to work on /home/khaled/dbt-env/lib/python3.12/site-packages/airflow/example_dags/example_branch_labels.py
[2025-10-23T11:55:11.384+0000] {processor.py:830} INFO - Processing file /home/khaled/dbt-env/lib/python3.12/site-packages/airflow/example_dags/example_branch_labels.py for tasks to queue
[2025-10-23T11:55:11.385+0000] {logging_mixin.py:188} INFO - [2025-10-23T11:55:11.385+0000] {dagbag.py:545} INFO - Filling up the DagBag from /home/khaled/dbt-env/lib/python3.12/site-packages/airflow/example_dags/example_branch_labels.py
[2025-10-23T11:55:11.391+0000] {processor.py:840} INFO - DAG(s) 'example_branch_labels' retrieved from /home/khaled/dbt-env/lib/python3.12/site-packages/airflow/example_dags/example_branch_labels.py
[2025-10-23T11:55:11.406+0000] {logging_mixin.py:188} INFO - [2025-10-23T11:55:11.406+0000] {dag.py:3089} INFO - Sync 1 DAGs
[2025-10-23T11:55:11.421+0000] {logging_mixin.py:188} INFO - [2025-10-23T11:55:11.421+0000] {dag.py:3947} INFO - Setting next_dagrun for example_branch_labels to 2025-10-22 00:00:00+00:00, run_after=2025-10-23 00:00:00+00:00
[2025-10-23T11:55:11.440+0000] {processor.py:183} INFO - Processing /home/khaled/dbt-env/lib/python3.12/site-packages/airflow/example_dags/example_branch_labels.py took 0.071 seconds
[2025-10-23T11:56:27.749+0000] {processor.py:161} INFO - Started process (PID=9946) to work on /home/khaled/dbt-env/lib/python3.12/site-packages/airflow/example_dags/example_branch_labels.py
[2025-10-23T11:56:27.790+0000] {processor.py:830} INFO - Processing file /home/khaled/dbt-env/lib/python3.12/site-packages/airflow/example_dags/example_branch_labels.py for tasks to queue
[2025-10-23T11:56:27.888+0000] {logging_mixin.py:188} INFO - [2025-10-23T11:56:27.887+0000] {dagbag.py:545} INFO - Filling up the DagBag from /home/khaled/dbt-env/lib/python3.12/site-packages/airflow/example_dags/example_branch_labels.py
[2025-10-23T11:56:28.242+0000] {processor.py:840} INFO - DAG(s) 'example_branch_labels' retrieved from /home/khaled/dbt-env/lib/python3.12/site-packages/airflow/example_dags/example_branch_labels.py
[2025-10-23T11:56:29.101+0000] {logging_mixin.py:188} INFO - [2025-10-23T11:56:29.101+0000] {dag.py:3089} INFO - Sync 1 DAGs
[2025-10-23T11:56:29.522+0000] {logging_mixin.py:188} INFO - [2025-10-23T11:56:29.513+0000] {dag.py:3947} INFO - Setting next_dagrun for example_branch_labels to 2025-10-22 00:00:00+00:00, run_after=2025-10-23 00:00:00+00:00
[2025-10-23T11:56:30.249+0000] {processor.py:183} INFO - Processing /home/khaled/dbt-env/lib/python3.12/site-packages/airflow/example_dags/example_branch_labels.py took 2.746 seconds
[2025-10-23T11:57:59.596+0000] {processor.py:161} INFO - Started process (PID=10033) to work on /home/khaled/dbt-env/lib/python3.12/site-packages/airflow/example_dags/example_branch_labels.py
[2025-10-23T11:57:59.608+0000] {processor.py:830} INFO - Processing file /home/khaled/dbt-env/lib/python3.12/site-packages/airflow/example_dags/example_branch_labels.py for tasks to queue
[2025-10-23T11:57:59.609+0000] {logging_mixin.py:188} INFO - [2025-10-23T11:57:59.609+0000] {dagbag.py:545} INFO - Filling up the DagBag from /home/khaled/dbt-env/lib/python3.12/site-packages/airflow/example_dags/example_branch_labels.py
[2025-10-23T11:57:59.616+0000] {processor.py:840} INFO - DAG(s) 'example_branch_labels' retrieved from /home/khaled/dbt-env/lib/python3.12/site-packages/airflow/example_dags/example_branch_labels.py
[2025-10-23T11:57:59.635+0000] {logging_mixin.py:188} INFO - [2025-10-23T11:57:59.635+0000] {dag.py:3089} INFO - Sync 1 DAGs
[2025-10-23T11:57:59.651+0000] {logging_mixin.py:188} INFO - [2025-10-23T11:57:59.651+0000] {dag.py:3947} INFO - Setting next_dagrun for example_branch_labels to 2025-10-22 00:00:00+00:00, run_after=2025-10-23 00:00:00+00:00
[2025-10-23T11:57:59.670+0000] {processor.py:183} INFO - Processing /home/khaled/dbt-env/lib/python3.12/site-packages/airflow/example_dags/example_branch_labels.py took 0.078 seconds
[2025-10-23T11:59:38.136+0000] {processor.py:161} INFO - Started process (PID=10186) to work on /home/khaled/dbt-env/lib/python3.12/site-packages/airflow/example_dags/example_branch_labels.py
[2025-10-23T11:59:38.159+0000] {processor.py:830} INFO - Processing file /home/khaled/dbt-env/lib/python3.12/site-packages/airflow/example_dags/example_branch_labels.py for tasks to queue
[2025-10-23T11:59:38.180+0000] {logging_mixin.py:188} INFO - [2025-10-23T11:59:38.176+0000] {dagbag.py:545} INFO - Filling up the DagBag from /home/khaled/dbt-env/lib/python3.12/site-packages/airflow/example_dags/example_branch_labels.py
[2025-10-23T11:59:38.265+0000] {processor.py:840} INFO - DAG(s) 'example_branch_labels' retrieved from /home/khaled/dbt-env/lib/python3.12/site-packages/airflow/example_dags/example_branch_labels.py
[2025-10-23T11:59:38.496+0000] {logging_mixin.py:188} INFO - [2025-10-23T11:59:38.494+0000] {dag.py:3089} INFO - Sync 1 DAGs
[2025-10-23T11:59:38.850+0000] {logging_mixin.py:188} INFO - [2025-10-23T11:59:38.845+0000] {dag.py:3947} INFO - Setting next_dagrun for example_branch_labels to 2025-10-22 00:00:00+00:00, run_after=2025-10-23 00:00:00+00:00
[2025-10-23T11:59:40.176+0000] {processor.py:183} INFO - Processing /home/khaled/dbt-env/lib/python3.12/site-packages/airflow/example_dags/example_branch_labels.py took 2.106 seconds
[2025-10-23T12:00:57.308+0000] {processor.py:161} INFO - Started process (PID=10266) to work on /home/khaled/dbt-env/lib/python3.12/site-packages/airflow/example_dags/example_branch_labels.py
[2025-10-23T12:00:57.320+0000] {processor.py:830} INFO - Processing file /home/khaled/dbt-env/lib/python3.12/site-packages/airflow/example_dags/example_branch_labels.py for tasks to queue
[2025-10-23T12:00:57.322+0000] {logging_mixin.py:188} INFO - [2025-10-23T12:00:57.322+0000] {dagbag.py:545} INFO - Filling up the DagBag from /home/khaled/dbt-env/lib/python3.12/site-packages/airflow/example_dags/example_branch_labels.py
[2025-10-23T12:00:57.328+0000] {processor.py:840} INFO - DAG(s) 'example_branch_labels' retrieved from /home/khaled/dbt-env/lib/python3.12/site-packages/airflow/example_dags/example_branch_labels.py
[2025-10-23T12:00:57.340+0000] {logging_mixin.py:188} INFO - [2025-10-23T12:00:57.340+0000] {dag.py:3089} INFO - Sync 1 DAGs
[2025-10-23T12:00:57.356+0000] {logging_mixin.py:188} INFO - [2025-10-23T12:00:57.356+0000] {dag.py:3947} INFO - Setting next_dagrun for example_branch_labels to 2025-10-22 00:00:00+00:00, run_after=2025-10-23 00:00:00+00:00
[2025-10-23T12:00:57.377+0000] {processor.py:183} INFO - Processing /home/khaled/dbt-env/lib/python3.12/site-packages/airflow/example_dags/example_branch_labels.py took 0.072 seconds
[2025-10-23T12:03:01.958+0000] {processor.py:161} INFO - Started process (PID=10664) to work on /home/khaled/dbt-env/lib/python3.12/site-packages/airflow/example_dags/example_branch_labels.py
[2025-10-23T12:03:01.970+0000] {processor.py:830} INFO - Processing file /home/khaled/dbt-env/lib/python3.12/site-packages/airflow/example_dags/example_branch_labels.py for tasks to queue
[2025-10-23T12:03:01.983+0000] {logging_mixin.py:188} INFO - [2025-10-23T12:03:01.974+0000] {dagbag.py:545} INFO - Filling up the DagBag from /home/khaled/dbt-env/lib/python3.12/site-packages/airflow/example_dags/example_branch_labels.py
[2025-10-23T12:03:02.069+0000] {processor.py:840} INFO - DAG(s) 'example_branch_labels' retrieved from /home/khaled/dbt-env/lib/python3.12/site-packages/airflow/example_dags/example_branch_labels.py
[2025-10-23T12:03:02.272+0000] {logging_mixin.py:188} INFO - [2025-10-23T12:03:02.271+0000] {dag.py:3089} INFO - Sync 1 DAGs
[2025-10-23T12:03:02.495+0000] {logging_mixin.py:188} INFO - [2025-10-23T12:03:02.493+0000] {dag.py:3947} INFO - Setting next_dagrun for example_branch_labels to 2025-10-22 00:00:00+00:00, run_after=2025-10-23 00:00:00+00:00
[2025-10-23T12:03:02.751+0000] {processor.py:183} INFO - Processing /home/khaled/dbt-env/lib/python3.12/site-packages/airflow/example_dags/example_branch_labels.py took 0.807 seconds
[2025-10-23T12:04:14.192+0000] {processor.py:161} INFO - Started process (PID=10765) to work on /home/khaled/dbt-env/lib/python3.12/site-packages/airflow/example_dags/example_branch_labels.py
[2025-10-23T12:04:14.203+0000] {processor.py:830} INFO - Processing file /home/khaled/dbt-env/lib/python3.12/site-packages/airflow/example_dags/example_branch_labels.py for tasks to queue
[2025-10-23T12:04:14.205+0000] {logging_mixin.py:188} INFO - [2025-10-23T12:04:14.205+0000] {dagbag.py:545} INFO - Filling up the DagBag from /home/khaled/dbt-env/lib/python3.12/site-packages/airflow/example_dags/example_branch_labels.py
[2025-10-23T12:04:14.211+0000] {processor.py:840} INFO - DAG(s) 'example_branch_labels' retrieved from /home/khaled/dbt-env/lib/python3.12/site-packages/airflow/example_dags/example_branch_labels.py
[2025-10-23T12:04:14.225+0000] {logging_mixin.py:188} INFO - [2025-10-23T12:04:14.225+0000] {dag.py:3089} INFO - Sync 1 DAGs
[2025-10-23T12:04:14.239+0000] {logging_mixin.py:188} INFO - [2025-10-23T12:04:14.238+0000] {dag.py:3947} INFO - Setting next_dagrun for example_branch_labels to 2025-10-22 00:00:00+00:00, run_after=2025-10-23 00:00:00+00:00
[2025-10-23T12:04:14.257+0000] {processor.py:183} INFO - Processing /home/khaled/dbt-env/lib/python3.12/site-packages/airflow/example_dags/example_branch_labels.py took 0.071 seconds
[2025-10-23T12:05:14.141+0000] {processor.py:161} INFO - Started process (PID=11170) to work on /home/khaled/dbt-env/lib/python3.12/site-packages/airflow/example_dags/example_branch_labels.py
[2025-10-23T12:05:14.151+0000] {processor.py:830} INFO - Processing file /home/khaled/dbt-env/lib/python3.12/site-packages/airflow/example_dags/example_branch_labels.py for tasks to queue
[2025-10-23T12:05:14.154+0000] {logging_mixin.py:188} INFO - [2025-10-23T12:05:14.153+0000] {dagbag.py:545} INFO - Filling up the DagBag from /home/khaled/dbt-env/lib/python3.12/site-packages/airflow/example_dags/example_branch_labels.py
[2025-10-23T12:05:14.160+0000] {processor.py:840} INFO - DAG(s) 'example_branch_labels' retrieved from /home/khaled/dbt-env/lib/python3.12/site-packages/airflow/example_dags/example_branch_labels.py
[2025-10-23T12:05:14.172+0000] {logging_mixin.py:188} INFO - [2025-10-23T12:05:14.172+0000] {dag.py:3089} INFO - Sync 1 DAGs
[2025-10-23T12:05:14.187+0000] {logging_mixin.py:188} INFO - [2025-10-23T12:05:14.186+0000] {dag.py:3947} INFO - Setting next_dagrun for example_branch_labels to 2025-10-22 00:00:00+00:00, run_after=2025-10-23 00:00:00+00:00
[2025-10-23T12:05:14.208+0000] {processor.py:183} INFO - Processing /home/khaled/dbt-env/lib/python3.12/site-packages/airflow/example_dags/example_branch_labels.py took 0.072 seconds
[2025-10-23T12:06:20.779+0000] {processor.py:161} INFO - Started process (PID=11271) to work on /home/khaled/dbt-env/lib/python3.12/site-packages/airflow/example_dags/example_branch_labels.py
[2025-10-23T12:06:20.791+0000] {processor.py:830} INFO - Processing file /home/khaled/dbt-env/lib/python3.12/site-packages/airflow/example_dags/example_branch_labels.py for tasks to queue
[2025-10-23T12:06:20.793+0000] {logging_mixin.py:188} INFO - [2025-10-23T12:06:20.793+0000] {dagbag.py:545} INFO - Filling up the DagBag from /home/khaled/dbt-env/lib/python3.12/site-packages/airflow/example_dags/example_branch_labels.py
[2025-10-23T12:06:20.801+0000] {processor.py:840} INFO - DAG(s) 'example_branch_labels' retrieved from /home/khaled/dbt-env/lib/python3.12/site-packages/airflow/example_dags/example_branch_labels.py
[2025-10-23T12:06:20.817+0000] {logging_mixin.py:188} INFO - [2025-10-23T12:06:20.817+0000] {dag.py:3089} INFO - Sync 1 DAGs
[2025-10-23T12:06:20.840+0000] {logging_mixin.py:188} INFO - [2025-10-23T12:06:20.840+0000] {dag.py:3947} INFO - Setting next_dagrun for example_branch_labels to 2025-10-22 00:00:00+00:00, run_after=2025-10-23 00:00:00+00:00
[2025-10-23T12:06:20.874+0000] {processor.py:183} INFO - Processing /home/khaled/dbt-env/lib/python3.12/site-packages/airflow/example_dags/example_branch_labels.py took 0.100 seconds
[2025-10-23T12:07:25.026+0000] {processor.py:161} INFO - Started process (PID=11362) to work on /home/khaled/dbt-env/lib/python3.12/site-packages/airflow/example_dags/example_branch_labels.py
[2025-10-23T12:07:25.036+0000] {processor.py:830} INFO - Processing file /home/khaled/dbt-env/lib/python3.12/site-packages/airflow/example_dags/example_branch_labels.py for tasks to queue
[2025-10-23T12:07:25.038+0000] {logging_mixin.py:188} INFO - [2025-10-23T12:07:25.037+0000] {dagbag.py:545} INFO - Filling up the DagBag from /home/khaled/dbt-env/lib/python3.12/site-packages/airflow/example_dags/example_branch_labels.py
[2025-10-23T12:07:25.044+0000] {processor.py:840} INFO - DAG(s) 'example_branch_labels' retrieved from /home/khaled/dbt-env/lib/python3.12/site-packages/airflow/example_dags/example_branch_labels.py
[2025-10-23T12:07:25.056+0000] {logging_mixin.py:188} INFO - [2025-10-23T12:07:25.056+0000] {dag.py:3089} INFO - Sync 1 DAGs
[2025-10-23T12:07:25.167+0000] {logging_mixin.py:188} INFO - [2025-10-23T12:07:25.167+0000] {dag.py:3947} INFO - Setting next_dagrun for example_branch_labels to 2025-10-22 00:00:00+00:00, run_after=2025-10-23 00:00:00+00:00
[2025-10-23T12:07:25.188+0000] {processor.py:183} INFO - Processing /home/khaled/dbt-env/lib/python3.12/site-packages/airflow/example_dags/example_branch_labels.py took 0.168 seconds
[2025-10-23T12:08:39.404+0000] {processor.py:161} INFO - Started process (PID=11455) to work on /home/khaled/dbt-env/lib/python3.12/site-packages/airflow/example_dags/example_branch_labels.py
[2025-10-23T12:08:39.407+0000] {processor.py:830} INFO - Processing file /home/khaled/dbt-env/lib/python3.12/site-packages/airflow/example_dags/example_branch_labels.py for tasks to queue
[2025-10-23T12:08:39.410+0000] {logging_mixin.py:188} INFO - [2025-10-23T12:08:39.409+0000] {dagbag.py:545} INFO - Filling up the DagBag from /home/khaled/dbt-env/lib/python3.12/site-packages/airflow/example_dags/example_branch_labels.py
[2025-10-23T12:08:39.416+0000] {processor.py:840} INFO - DAG(s) 'example_branch_labels' retrieved from /home/khaled/dbt-env/lib/python3.12/site-packages/airflow/example_dags/example_branch_labels.py
[2025-10-23T12:08:39.441+0000] {logging_mixin.py:188} INFO - [2025-10-23T12:08:39.441+0000] {dag.py:3089} INFO - Sync 1 DAGs
[2025-10-23T12:08:39.530+0000] {logging_mixin.py:188} INFO - [2025-10-23T12:08:39.530+0000] {dag.py:3947} INFO - Setting next_dagrun for example_branch_labels to 2025-10-22 00:00:00+00:00, run_after=2025-10-23 00:00:00+00:00
[2025-10-23T12:08:39.567+0000] {processor.py:183} INFO - Processing /home/khaled/dbt-env/lib/python3.12/site-packages/airflow/example_dags/example_branch_labels.py took 0.168 seconds
[2025-10-23T12:09:53.458+0000] {processor.py:161} INFO - Started process (PID=11640) to work on /home/khaled/dbt-env/lib/python3.12/site-packages/airflow/example_dags/example_branch_labels.py
[2025-10-23T12:09:53.459+0000] {processor.py:830} INFO - Processing file /home/khaled/dbt-env/lib/python3.12/site-packages/airflow/example_dags/example_branch_labels.py for tasks to queue
[2025-10-23T12:09:53.461+0000] {logging_mixin.py:188} INFO - [2025-10-23T12:09:53.460+0000] {dagbag.py:545} INFO - Filling up the DagBag from /home/khaled/dbt-env/lib/python3.12/site-packages/airflow/example_dags/example_branch_labels.py
[2025-10-23T12:09:53.467+0000] {processor.py:840} INFO - DAG(s) 'example_branch_labels' retrieved from /home/khaled/dbt-env/lib/python3.12/site-packages/airflow/example_dags/example_branch_labels.py
[2025-10-23T12:09:53.479+0000] {logging_mixin.py:188} INFO - [2025-10-23T12:09:53.479+0000] {dag.py:3089} INFO - Sync 1 DAGs
[2025-10-23T12:09:53.494+0000] {logging_mixin.py:188} INFO - [2025-10-23T12:09:53.493+0000] {dag.py:3947} INFO - Setting next_dagrun for example_branch_labels to 2025-10-22 00:00:00+00:00, run_after=2025-10-23 00:00:00+00:00
[2025-10-23T12:09:53.526+0000] {processor.py:183} INFO - Processing /home/khaled/dbt-env/lib/python3.12/site-packages/airflow/example_dags/example_branch_labels.py took 0.074 seconds
[2025-10-23T12:11:25.177+0000] {processor.py:161} INFO - Started process (PID=11728) to work on /home/khaled/dbt-env/lib/python3.12/site-packages/airflow/example_dags/example_branch_labels.py
[2025-10-23T12:11:25.189+0000] {processor.py:830} INFO - Processing file /home/khaled/dbt-env/lib/python3.12/site-packages/airflow/example_dags/example_branch_labels.py for tasks to queue
[2025-10-23T12:11:25.205+0000] {logging_mixin.py:188} INFO - [2025-10-23T12:11:25.202+0000] {dagbag.py:545} INFO - Filling up the DagBag from /home/khaled/dbt-env/lib/python3.12/site-packages/airflow/example_dags/example_branch_labels.py
[2025-10-23T12:11:25.294+0000] {processor.py:840} INFO - DAG(s) 'example_branch_labels' retrieved from /home/khaled/dbt-env/lib/python3.12/site-packages/airflow/example_dags/example_branch_labels.py
[2025-10-23T12:11:25.620+0000] {logging_mixin.py:188} INFO - [2025-10-23T12:11:25.617+0000] {dag.py:3089} INFO - Sync 1 DAGs
[2025-10-23T12:11:26.269+0000] {logging_mixin.py:188} INFO - [2025-10-23T12:11:26.267+0000] {dag.py:3947} INFO - Setting next_dagrun for example_branch_labels to 2025-10-22 00:00:00+00:00, run_after=2025-10-23 00:00:00+00:00
[2025-10-23T12:11:26.563+0000] {processor.py:183} INFO - Processing /home/khaled/dbt-env/lib/python3.12/site-packages/airflow/example_dags/example_branch_labels.py took 1.434 seconds
