[2025-10-23T11:39:22.273+0000] {processor.py:161} INFO - Started process (PID=5949) to work on /home/khaled/dbt-env/lib/python3.12/site-packages/airflow/example_dags/example_local_kubernetes_executor.py
[2025-10-23T11:39:22.274+0000] {processor.py:830} INFO - Processing file /home/khaled/dbt-env/lib/python3.12/site-packages/airflow/example_dags/example_local_kubernetes_executor.py for tasks to queue
[2025-10-23T11:39:22.276+0000] {logging_mixin.py:188} INFO - [2025-10-23T11:39:22.275+0000] {dagbag.py:545} INFO - Filling up the DagBag from /home/khaled/dbt-env/lib/python3.12/site-packages/airflow/example_dags/example_local_kubernetes_executor.py
[2025-10-23T11:39:22.278+0000] {logging_mixin.py:188} INFO - [2025-10-23T11:39:22.278+0000] {example_local_kubernetes_executor.py:40} WARNING - Could not import DAGs in example_local_kubernetes_executor.py
Traceback (most recent call last):
  File "/home/khaled/dbt-env/lib/python3.12/site-packages/airflow/example_dags/example_local_kubernetes_executor.py", line 38, in <module>
    from kubernetes.client import models as k8s
ModuleNotFoundError: No module named 'kubernetes'
[2025-10-23T11:39:22.279+0000] {logging_mixin.py:188} INFO - [2025-10-23T11:39:22.279+0000] {example_local_kubernetes_executor.py:41} WARNING - Install Kubernetes dependencies with: pip install apache-airflow[cncf.kubernetes]
[2025-10-23T11:39:22.279+0000] {processor.py:842} WARNING - No viable dags retrieved from /home/khaled/dbt-env/lib/python3.12/site-packages/airflow/example_dags/example_local_kubernetes_executor.py
[2025-10-23T11:39:22.286+0000] {processor.py:183} INFO - Processing /home/khaled/dbt-env/lib/python3.12/site-packages/airflow/example_dags/example_local_kubernetes_executor.py took 0.017 seconds
[2025-10-23T11:54:59.253+0000] {processor.py:161} INFO - Started process (PID=9552) to work on /home/khaled/dbt-env/lib/python3.12/site-packages/airflow/example_dags/example_local_kubernetes_executor.py
[2025-10-23T11:54:59.264+0000] {processor.py:830} INFO - Processing file /home/khaled/dbt-env/lib/python3.12/site-packages/airflow/example_dags/example_local_kubernetes_executor.py for tasks to queue
[2025-10-23T11:54:59.266+0000] {logging_mixin.py:188} INFO - [2025-10-23T11:54:59.265+0000] {dagbag.py:545} INFO - Filling up the DagBag from /home/khaled/dbt-env/lib/python3.12/site-packages/airflow/example_dags/example_local_kubernetes_executor.py
[2025-10-23T11:54:59.268+0000] {logging_mixin.py:188} INFO - [2025-10-23T11:54:59.268+0000] {example_local_kubernetes_executor.py:40} WARNING - Could not import DAGs in example_local_kubernetes_executor.py
Traceback (most recent call last):
  File "/home/khaled/dbt-env/lib/python3.12/site-packages/airflow/example_dags/example_local_kubernetes_executor.py", line 38, in <module>
    from kubernetes.client import models as k8s
ModuleNotFoundError: No module named 'kubernetes'
[2025-10-23T11:54:59.269+0000] {logging_mixin.py:188} INFO - [2025-10-23T11:54:59.269+0000] {example_local_kubernetes_executor.py:41} WARNING - Install Kubernetes dependencies with: pip install apache-airflow[cncf.kubernetes]
[2025-10-23T11:54:59.269+0000] {processor.py:842} WARNING - No viable dags retrieved from /home/khaled/dbt-env/lib/python3.12/site-packages/airflow/example_dags/example_local_kubernetes_executor.py
[2025-10-23T11:54:59.277+0000] {processor.py:183} INFO - Processing /home/khaled/dbt-env/lib/python3.12/site-packages/airflow/example_dags/example_local_kubernetes_executor.py took 0.028 seconds
[2025-10-23T11:55:58.507+0000] {processor.py:161} INFO - Started process (PID=9804) to work on /home/khaled/dbt-env/lib/python3.12/site-packages/airflow/example_dags/example_local_kubernetes_executor.py
[2025-10-23T11:55:58.521+0000] {processor.py:830} INFO - Processing file /home/khaled/dbt-env/lib/python3.12/site-packages/airflow/example_dags/example_local_kubernetes_executor.py for tasks to queue
[2025-10-23T11:55:58.524+0000] {logging_mixin.py:188} INFO - [2025-10-23T11:55:58.524+0000] {dagbag.py:545} INFO - Filling up the DagBag from /home/khaled/dbt-env/lib/python3.12/site-packages/airflow/example_dags/example_local_kubernetes_executor.py
[2025-10-23T11:55:58.532+0000] {logging_mixin.py:188} INFO - [2025-10-23T11:55:58.531+0000] {example_local_kubernetes_executor.py:40} WARNING - Could not import DAGs in example_local_kubernetes_executor.py
Traceback (most recent call last):
  File "/home/khaled/dbt-env/lib/python3.12/site-packages/airflow/example_dags/example_local_kubernetes_executor.py", line 38, in <module>
    from kubernetes.client import models as k8s
ModuleNotFoundError: No module named 'kubernetes'
[2025-10-23T11:55:58.532+0000] {logging_mixin.py:188} INFO - [2025-10-23T11:55:58.532+0000] {example_local_kubernetes_executor.py:41} WARNING - Install Kubernetes dependencies with: pip install apache-airflow[cncf.kubernetes]
[2025-10-23T11:55:58.533+0000] {processor.py:842} WARNING - No viable dags retrieved from /home/khaled/dbt-env/lib/python3.12/site-packages/airflow/example_dags/example_local_kubernetes_executor.py
[2025-10-23T11:55:58.556+0000] {processor.py:183} INFO - Processing /home/khaled/dbt-env/lib/python3.12/site-packages/airflow/example_dags/example_local_kubernetes_executor.py took 0.068 seconds
[2025-10-23T11:57:29.416+0000] {processor.py:161} INFO - Started process (PID=9997) to work on /home/khaled/dbt-env/lib/python3.12/site-packages/airflow/example_dags/example_local_kubernetes_executor.py
[2025-10-23T11:57:29.427+0000] {processor.py:830} INFO - Processing file /home/khaled/dbt-env/lib/python3.12/site-packages/airflow/example_dags/example_local_kubernetes_executor.py for tasks to queue
[2025-10-23T11:57:29.428+0000] {logging_mixin.py:188} INFO - [2025-10-23T11:57:29.428+0000] {dagbag.py:545} INFO - Filling up the DagBag from /home/khaled/dbt-env/lib/python3.12/site-packages/airflow/example_dags/example_local_kubernetes_executor.py
[2025-10-23T11:57:29.431+0000] {logging_mixin.py:188} INFO - [2025-10-23T11:57:29.431+0000] {example_local_kubernetes_executor.py:40} WARNING - Could not import DAGs in example_local_kubernetes_executor.py
Traceback (most recent call last):
  File "/home/khaled/dbt-env/lib/python3.12/site-packages/airflow/example_dags/example_local_kubernetes_executor.py", line 38, in <module>
    from kubernetes.client import models as k8s
ModuleNotFoundError: No module named 'kubernetes'
[2025-10-23T11:57:29.432+0000] {logging_mixin.py:188} INFO - [2025-10-23T11:57:29.432+0000] {example_local_kubernetes_executor.py:41} WARNING - Install Kubernetes dependencies with: pip install apache-airflow[cncf.kubernetes]
[2025-10-23T11:57:29.432+0000] {processor.py:842} WARNING - No viable dags retrieved from /home/khaled/dbt-env/lib/python3.12/site-packages/airflow/example_dags/example_local_kubernetes_executor.py
[2025-10-23T11:57:29.441+0000] {processor.py:183} INFO - Processing /home/khaled/dbt-env/lib/python3.12/site-packages/airflow/example_dags/example_local_kubernetes_executor.py took 0.030 seconds
[2025-10-23T11:58:23.247+0000] {processor.py:161} INFO - Started process (PID=10065) to work on /home/khaled/dbt-env/lib/python3.12/site-packages/airflow/example_dags/example_local_kubernetes_executor.py
[2025-10-23T11:58:23.257+0000] {processor.py:830} INFO - Processing file /home/khaled/dbt-env/lib/python3.12/site-packages/airflow/example_dags/example_local_kubernetes_executor.py for tasks to queue
[2025-10-23T11:58:23.259+0000] {logging_mixin.py:188} INFO - [2025-10-23T11:58:23.258+0000] {dagbag.py:545} INFO - Filling up the DagBag from /home/khaled/dbt-env/lib/python3.12/site-packages/airflow/example_dags/example_local_kubernetes_executor.py
[2025-10-23T11:58:23.261+0000] {logging_mixin.py:188} INFO - [2025-10-23T11:58:23.261+0000] {example_local_kubernetes_executor.py:40} WARNING - Could not import DAGs in example_local_kubernetes_executor.py
Traceback (most recent call last):
  File "/home/khaled/dbt-env/lib/python3.12/site-packages/airflow/example_dags/example_local_kubernetes_executor.py", line 38, in <module>
    from kubernetes.client import models as k8s
ModuleNotFoundError: No module named 'kubernetes'
[2025-10-23T11:58:23.262+0000] {logging_mixin.py:188} INFO - [2025-10-23T11:58:23.262+0000] {example_local_kubernetes_executor.py:41} WARNING - Install Kubernetes dependencies with: pip install apache-airflow[cncf.kubernetes]
[2025-10-23T11:58:23.262+0000] {processor.py:842} WARNING - No viable dags retrieved from /home/khaled/dbt-env/lib/python3.12/site-packages/airflow/example_dags/example_local_kubernetes_executor.py
[2025-10-23T11:58:23.270+0000] {processor.py:183} INFO - Processing /home/khaled/dbt-env/lib/python3.12/site-packages/airflow/example_dags/example_local_kubernetes_executor.py took 0.027 seconds
[2025-10-23T12:00:23.650+0000] {processor.py:161} INFO - Started process (PID=10225) to work on /home/khaled/dbt-env/lib/python3.12/site-packages/airflow/example_dags/example_local_kubernetes_executor.py
[2025-10-23T12:00:23.662+0000] {processor.py:830} INFO - Processing file /home/khaled/dbt-env/lib/python3.12/site-packages/airflow/example_dags/example_local_kubernetes_executor.py for tasks to queue
[2025-10-23T12:00:23.663+0000] {logging_mixin.py:188} INFO - [2025-10-23T12:00:23.663+0000] {dagbag.py:545} INFO - Filling up the DagBag from /home/khaled/dbt-env/lib/python3.12/site-packages/airflow/example_dags/example_local_kubernetes_executor.py
[2025-10-23T12:00:23.666+0000] {logging_mixin.py:188} INFO - [2025-10-23T12:00:23.665+0000] {example_local_kubernetes_executor.py:40} WARNING - Could not import DAGs in example_local_kubernetes_executor.py
Traceback (most recent call last):
  File "/home/khaled/dbt-env/lib/python3.12/site-packages/airflow/example_dags/example_local_kubernetes_executor.py", line 38, in <module>
    from kubernetes.client import models as k8s
ModuleNotFoundError: No module named 'kubernetes'
[2025-10-23T12:00:23.666+0000] {logging_mixin.py:188} INFO - [2025-10-23T12:00:23.666+0000] {example_local_kubernetes_executor.py:41} WARNING - Install Kubernetes dependencies with: pip install apache-airflow[cncf.kubernetes]
[2025-10-23T12:00:23.666+0000] {processor.py:842} WARNING - No viable dags retrieved from /home/khaled/dbt-env/lib/python3.12/site-packages/airflow/example_dags/example_local_kubernetes_executor.py
[2025-10-23T12:00:23.673+0000] {processor.py:183} INFO - Processing /home/khaled/dbt-env/lib/python3.12/site-packages/airflow/example_dags/example_local_kubernetes_executor.py took 0.027 seconds
[2025-10-23T12:01:14.128+0000] {processor.py:161} INFO - Started process (PID=10357) to work on /home/khaled/dbt-env/lib/python3.12/site-packages/airflow/example_dags/example_local_kubernetes_executor.py
[2025-10-23T12:01:14.132+0000] {processor.py:830} INFO - Processing file /home/khaled/dbt-env/lib/python3.12/site-packages/airflow/example_dags/example_local_kubernetes_executor.py for tasks to queue
[2025-10-23T12:01:14.135+0000] {logging_mixin.py:188} INFO - [2025-10-23T12:01:14.133+0000] {dagbag.py:545} INFO - Filling up the DagBag from /home/khaled/dbt-env/lib/python3.12/site-packages/airflow/example_dags/example_local_kubernetes_executor.py
[2025-10-23T12:01:14.138+0000] {logging_mixin.py:188} INFO - [2025-10-23T12:01:14.137+0000] {example_local_kubernetes_executor.py:40} WARNING - Could not import DAGs in example_local_kubernetes_executor.py
Traceback (most recent call last):
  File "/home/khaled/dbt-env/lib/python3.12/site-packages/airflow/example_dags/example_local_kubernetes_executor.py", line 38, in <module>
    from kubernetes.client import models as k8s
ModuleNotFoundError: No module named 'kubernetes'
[2025-10-23T12:01:14.138+0000] {logging_mixin.py:188} INFO - [2025-10-23T12:01:14.138+0000] {example_local_kubernetes_executor.py:41} WARNING - Install Kubernetes dependencies with: pip install apache-airflow[cncf.kubernetes]
[2025-10-23T12:01:14.139+0000] {processor.py:842} WARNING - No viable dags retrieved from /home/khaled/dbt-env/lib/python3.12/site-packages/airflow/example_dags/example_local_kubernetes_executor.py
[2025-10-23T12:01:14.149+0000] {processor.py:183} INFO - Processing /home/khaled/dbt-env/lib/python3.12/site-packages/airflow/example_dags/example_local_kubernetes_executor.py took 0.028 seconds
[2025-10-23T12:02:46.575+0000] {processor.py:161} INFO - Started process (PID=10651) to work on /home/khaled/dbt-env/lib/python3.12/site-packages/airflow/example_dags/example_local_kubernetes_executor.py
[2025-10-23T12:02:46.591+0000] {processor.py:830} INFO - Processing file /home/khaled/dbt-env/lib/python3.12/site-packages/airflow/example_dags/example_local_kubernetes_executor.py for tasks to queue
[2025-10-23T12:02:46.601+0000] {logging_mixin.py:188} INFO - [2025-10-23T12:02:46.600+0000] {dagbag.py:545} INFO - Filling up the DagBag from /home/khaled/dbt-env/lib/python3.12/site-packages/airflow/example_dags/example_local_kubernetes_executor.py
[2025-10-23T12:02:46.607+0000] {logging_mixin.py:188} INFO - [2025-10-23T12:02:46.606+0000] {example_local_kubernetes_executor.py:40} WARNING - Could not import DAGs in example_local_kubernetes_executor.py
Traceback (most recent call last):
  File "/home/khaled/dbt-env/lib/python3.12/site-packages/airflow/example_dags/example_local_kubernetes_executor.py", line 38, in <module>
    from kubernetes.client import models as k8s
ModuleNotFoundError: No module named 'kubernetes'
[2025-10-23T12:02:46.612+0000] {logging_mixin.py:188} INFO - [2025-10-23T12:02:46.612+0000] {example_local_kubernetes_executor.py:41} WARNING - Install Kubernetes dependencies with: pip install apache-airflow[cncf.kubernetes]
[2025-10-23T12:02:46.612+0000] {processor.py:842} WARNING - No viable dags retrieved from /home/khaled/dbt-env/lib/python3.12/site-packages/airflow/example_dags/example_local_kubernetes_executor.py
[2025-10-23T12:02:46.643+0000] {processor.py:183} INFO - Processing /home/khaled/dbt-env/lib/python3.12/site-packages/airflow/example_dags/example_local_kubernetes_executor.py took 0.088 seconds
[2025-10-23T12:03:54.560+0000] {processor.py:161} INFO - Started process (PID=10751) to work on /home/khaled/dbt-env/lib/python3.12/site-packages/airflow/example_dags/example_local_kubernetes_executor.py
[2025-10-23T12:03:54.586+0000] {processor.py:830} INFO - Processing file /home/khaled/dbt-env/lib/python3.12/site-packages/airflow/example_dags/example_local_kubernetes_executor.py for tasks to queue
[2025-10-23T12:03:54.622+0000] {logging_mixin.py:188} INFO - [2025-10-23T12:03:54.620+0000] {dagbag.py:545} INFO - Filling up the DagBag from /home/khaled/dbt-env/lib/python3.12/site-packages/airflow/example_dags/example_local_kubernetes_executor.py
[2025-10-23T12:03:54.729+0000] {logging_mixin.py:188} INFO - [2025-10-23T12:03:54.701+0000] {example_local_kubernetes_executor.py:40} WARNING - Could not import DAGs in example_local_kubernetes_executor.py
Traceback (most recent call last):
  File "/home/khaled/dbt-env/lib/python3.12/site-packages/airflow/example_dags/example_local_kubernetes_executor.py", line 38, in <module>
    from kubernetes.client import models as k8s
ModuleNotFoundError: No module named 'kubernetes'
[2025-10-23T12:03:54.738+0000] {logging_mixin.py:188} INFO - [2025-10-23T12:03:54.737+0000] {example_local_kubernetes_executor.py:41} WARNING - Install Kubernetes dependencies with: pip install apache-airflow[cncf.kubernetes]
[2025-10-23T12:03:54.750+0000] {processor.py:842} WARNING - No viable dags retrieved from /home/khaled/dbt-env/lib/python3.12/site-packages/airflow/example_dags/example_local_kubernetes_executor.py
[2025-10-23T12:03:54.911+0000] {processor.py:183} INFO - Processing /home/khaled/dbt-env/lib/python3.12/site-packages/airflow/example_dags/example_local_kubernetes_executor.py took 0.364 seconds
[2025-10-23T12:05:04.839+0000] {processor.py:161} INFO - Started process (PID=11117) to work on /home/khaled/dbt-env/lib/python3.12/site-packages/airflow/example_dags/example_local_kubernetes_executor.py
[2025-10-23T12:05:04.842+0000] {processor.py:830} INFO - Processing file /home/khaled/dbt-env/lib/python3.12/site-packages/airflow/example_dags/example_local_kubernetes_executor.py for tasks to queue
[2025-10-23T12:05:04.844+0000] {logging_mixin.py:188} INFO - [2025-10-23T12:05:04.843+0000] {dagbag.py:545} INFO - Filling up the DagBag from /home/khaled/dbt-env/lib/python3.12/site-packages/airflow/example_dags/example_local_kubernetes_executor.py
[2025-10-23T12:05:04.849+0000] {logging_mixin.py:188} INFO - [2025-10-23T12:05:04.847+0000] {example_local_kubernetes_executor.py:40} WARNING - Could not import DAGs in example_local_kubernetes_executor.py
Traceback (most recent call last):
  File "/home/khaled/dbt-env/lib/python3.12/site-packages/airflow/example_dags/example_local_kubernetes_executor.py", line 38, in <module>
    from kubernetes.client import models as k8s
ModuleNotFoundError: No module named 'kubernetes'
[2025-10-23T12:05:04.849+0000] {logging_mixin.py:188} INFO - [2025-10-23T12:05:04.849+0000] {example_local_kubernetes_executor.py:41} WARNING - Install Kubernetes dependencies with: pip install apache-airflow[cncf.kubernetes]
[2025-10-23T12:05:04.850+0000] {processor.py:842} WARNING - No viable dags retrieved from /home/khaled/dbt-env/lib/python3.12/site-packages/airflow/example_dags/example_local_kubernetes_executor.py
[2025-10-23T12:05:04.860+0000] {processor.py:183} INFO - Processing /home/khaled/dbt-env/lib/python3.12/site-packages/airflow/example_dags/example_local_kubernetes_executor.py took 0.026 seconds
[2025-10-23T12:05:50.887+0000] {processor.py:161} INFO - Started process (PID=11232) to work on /home/khaled/dbt-env/lib/python3.12/site-packages/airflow/example_dags/example_local_kubernetes_executor.py
[2025-10-23T12:05:50.889+0000] {processor.py:830} INFO - Processing file /home/khaled/dbt-env/lib/python3.12/site-packages/airflow/example_dags/example_local_kubernetes_executor.py for tasks to queue
[2025-10-23T12:05:50.891+0000] {logging_mixin.py:188} INFO - [2025-10-23T12:05:50.891+0000] {dagbag.py:545} INFO - Filling up the DagBag from /home/khaled/dbt-env/lib/python3.12/site-packages/airflow/example_dags/example_local_kubernetes_executor.py
[2025-10-23T12:05:50.894+0000] {logging_mixin.py:188} INFO - [2025-10-23T12:05:50.893+0000] {example_local_kubernetes_executor.py:40} WARNING - Could not import DAGs in example_local_kubernetes_executor.py
Traceback (most recent call last):
  File "/home/khaled/dbt-env/lib/python3.12/site-packages/airflow/example_dags/example_local_kubernetes_executor.py", line 38, in <module>
    from kubernetes.client import models as k8s
ModuleNotFoundError: No module named 'kubernetes'
[2025-10-23T12:05:50.894+0000] {logging_mixin.py:188} INFO - [2025-10-23T12:05:50.894+0000] {example_local_kubernetes_executor.py:41} WARNING - Install Kubernetes dependencies with: pip install apache-airflow[cncf.kubernetes]
[2025-10-23T12:05:50.894+0000] {processor.py:842} WARNING - No viable dags retrieved from /home/khaled/dbt-env/lib/python3.12/site-packages/airflow/example_dags/example_local_kubernetes_executor.py
[2025-10-23T12:05:50.902+0000] {processor.py:183} INFO - Processing /home/khaled/dbt-env/lib/python3.12/site-packages/airflow/example_dags/example_local_kubernetes_executor.py took 0.020 seconds
[2025-10-23T12:06:39.628+0000] {processor.py:161} INFO - Started process (PID=11299) to work on /home/khaled/dbt-env/lib/python3.12/site-packages/airflow/example_dags/example_local_kubernetes_executor.py
[2025-10-23T12:06:39.639+0000] {processor.py:830} INFO - Processing file /home/khaled/dbt-env/lib/python3.12/site-packages/airflow/example_dags/example_local_kubernetes_executor.py for tasks to queue
[2025-10-23T12:06:39.640+0000] {logging_mixin.py:188} INFO - [2025-10-23T12:06:39.640+0000] {dagbag.py:545} INFO - Filling up the DagBag from /home/khaled/dbt-env/lib/python3.12/site-packages/airflow/example_dags/example_local_kubernetes_executor.py
[2025-10-23T12:06:39.643+0000] {logging_mixin.py:188} INFO - [2025-10-23T12:06:39.643+0000] {example_local_kubernetes_executor.py:40} WARNING - Could not import DAGs in example_local_kubernetes_executor.py
Traceback (most recent call last):
  File "/home/khaled/dbt-env/lib/python3.12/site-packages/airflow/example_dags/example_local_kubernetes_executor.py", line 38, in <module>
    from kubernetes.client import models as k8s
ModuleNotFoundError: No module named 'kubernetes'
[2025-10-23T12:06:39.643+0000] {logging_mixin.py:188} INFO - [2025-10-23T12:06:39.643+0000] {example_local_kubernetes_executor.py:41} WARNING - Install Kubernetes dependencies with: pip install apache-airflow[cncf.kubernetes]
[2025-10-23T12:06:39.644+0000] {processor.py:842} WARNING - No viable dags retrieved from /home/khaled/dbt-env/lib/python3.12/site-packages/airflow/example_dags/example_local_kubernetes_executor.py
[2025-10-23T12:06:39.651+0000] {processor.py:183} INFO - Processing /home/khaled/dbt-env/lib/python3.12/site-packages/airflow/example_dags/example_local_kubernetes_executor.py took 0.029 seconds
[2025-10-23T12:07:49.324+0000] {processor.py:161} INFO - Started process (PID=11386) to work on /home/khaled/dbt-env/lib/python3.12/site-packages/airflow/example_dags/example_local_kubernetes_executor.py
[2025-10-23T12:07:49.325+0000] {processor.py:830} INFO - Processing file /home/khaled/dbt-env/lib/python3.12/site-packages/airflow/example_dags/example_local_kubernetes_executor.py for tasks to queue
[2025-10-23T12:07:49.327+0000] {logging_mixin.py:188} INFO - [2025-10-23T12:07:49.326+0000] {dagbag.py:545} INFO - Filling up the DagBag from /home/khaled/dbt-env/lib/python3.12/site-packages/airflow/example_dags/example_local_kubernetes_executor.py
[2025-10-23T12:07:49.330+0000] {logging_mixin.py:188} INFO - [2025-10-23T12:07:49.329+0000] {example_local_kubernetes_executor.py:40} WARNING - Could not import DAGs in example_local_kubernetes_executor.py
Traceback (most recent call last):
  File "/home/khaled/dbt-env/lib/python3.12/site-packages/airflow/example_dags/example_local_kubernetes_executor.py", line 38, in <module>
    from kubernetes.client import models as k8s
ModuleNotFoundError: No module named 'kubernetes'
[2025-10-23T12:07:49.330+0000] {logging_mixin.py:188} INFO - [2025-10-23T12:07:49.330+0000] {example_local_kubernetes_executor.py:41} WARNING - Install Kubernetes dependencies with: pip install apache-airflow[cncf.kubernetes]
[2025-10-23T12:07:49.330+0000] {processor.py:842} WARNING - No viable dags retrieved from /home/khaled/dbt-env/lib/python3.12/site-packages/airflow/example_dags/example_local_kubernetes_executor.py
[2025-10-23T12:07:49.339+0000] {processor.py:183} INFO - Processing /home/khaled/dbt-env/lib/python3.12/site-packages/airflow/example_dags/example_local_kubernetes_executor.py took 0.025 seconds
[2025-10-23T12:08:57.373+0000] {processor.py:161} INFO - Started process (PID=11524) to work on /home/khaled/dbt-env/lib/python3.12/site-packages/airflow/example_dags/example_local_kubernetes_executor.py
[2025-10-23T12:08:57.374+0000] {processor.py:830} INFO - Processing file /home/khaled/dbt-env/lib/python3.12/site-packages/airflow/example_dags/example_local_kubernetes_executor.py for tasks to queue
[2025-10-23T12:08:57.376+0000] {logging_mixin.py:188} INFO - [2025-10-23T12:08:57.375+0000] {dagbag.py:545} INFO - Filling up the DagBag from /home/khaled/dbt-env/lib/python3.12/site-packages/airflow/example_dags/example_local_kubernetes_executor.py
[2025-10-23T12:08:57.378+0000] {logging_mixin.py:188} INFO - [2025-10-23T12:08:57.378+0000] {example_local_kubernetes_executor.py:40} WARNING - Could not import DAGs in example_local_kubernetes_executor.py
Traceback (most recent call last):
  File "/home/khaled/dbt-env/lib/python3.12/site-packages/airflow/example_dags/example_local_kubernetes_executor.py", line 38, in <module>
    from kubernetes.client import models as k8s
ModuleNotFoundError: No module named 'kubernetes'
[2025-10-23T12:08:57.379+0000] {logging_mixin.py:188} INFO - [2025-10-23T12:08:57.379+0000] {example_local_kubernetes_executor.py:41} WARNING - Install Kubernetes dependencies with: pip install apache-airflow[cncf.kubernetes]
[2025-10-23T12:08:57.379+0000] {processor.py:842} WARNING - No viable dags retrieved from /home/khaled/dbt-env/lib/python3.12/site-packages/airflow/example_dags/example_local_kubernetes_executor.py
[2025-10-23T12:08:57.387+0000] {processor.py:183} INFO - Processing /home/khaled/dbt-env/lib/python3.12/site-packages/airflow/example_dags/example_local_kubernetes_executor.py took 0.020 seconds
[2025-10-23T12:09:46.035+0000] {processor.py:161} INFO - Started process (PID=11632) to work on /home/khaled/dbt-env/lib/python3.12/site-packages/airflow/example_dags/example_local_kubernetes_executor.py
[2025-10-23T12:09:46.037+0000] {processor.py:830} INFO - Processing file /home/khaled/dbt-env/lib/python3.12/site-packages/airflow/example_dags/example_local_kubernetes_executor.py for tasks to queue
[2025-10-23T12:09:46.038+0000] {logging_mixin.py:188} INFO - [2025-10-23T12:09:46.038+0000] {dagbag.py:545} INFO - Filling up the DagBag from /home/khaled/dbt-env/lib/python3.12/site-packages/airflow/example_dags/example_local_kubernetes_executor.py
[2025-10-23T12:09:46.041+0000] {logging_mixin.py:188} INFO - [2025-10-23T12:09:46.040+0000] {example_local_kubernetes_executor.py:40} WARNING - Could not import DAGs in example_local_kubernetes_executor.py
Traceback (most recent call last):
  File "/home/khaled/dbt-env/lib/python3.12/site-packages/airflow/example_dags/example_local_kubernetes_executor.py", line 38, in <module>
    from kubernetes.client import models as k8s
ModuleNotFoundError: No module named 'kubernetes'
[2025-10-23T12:09:46.041+0000] {logging_mixin.py:188} INFO - [2025-10-23T12:09:46.041+0000] {example_local_kubernetes_executor.py:41} WARNING - Install Kubernetes dependencies with: pip install apache-airflow[cncf.kubernetes]
[2025-10-23T12:09:46.041+0000] {processor.py:842} WARNING - No viable dags retrieved from /home/khaled/dbt-env/lib/python3.12/site-packages/airflow/example_dags/example_local_kubernetes_executor.py
[2025-10-23T12:09:46.049+0000] {processor.py:183} INFO - Processing /home/khaled/dbt-env/lib/python3.12/site-packages/airflow/example_dags/example_local_kubernetes_executor.py took 0.019 seconds
[2025-10-23T12:10:32.329+0000] {processor.py:161} INFO - Started process (PID=11688) to work on /home/khaled/dbt-env/lib/python3.12/site-packages/airflow/example_dags/example_local_kubernetes_executor.py
[2025-10-23T12:10:32.331+0000] {processor.py:830} INFO - Processing file /home/khaled/dbt-env/lib/python3.12/site-packages/airflow/example_dags/example_local_kubernetes_executor.py for tasks to queue
[2025-10-23T12:10:32.332+0000] {logging_mixin.py:188} INFO - [2025-10-23T12:10:32.332+0000] {dagbag.py:545} INFO - Filling up the DagBag from /home/khaled/dbt-env/lib/python3.12/site-packages/airflow/example_dags/example_local_kubernetes_executor.py
[2025-10-23T12:10:32.335+0000] {logging_mixin.py:188} INFO - [2025-10-23T12:10:32.335+0000] {example_local_kubernetes_executor.py:40} WARNING - Could not import DAGs in example_local_kubernetes_executor.py
Traceback (most recent call last):
  File "/home/khaled/dbt-env/lib/python3.12/site-packages/airflow/example_dags/example_local_kubernetes_executor.py", line 38, in <module>
    from kubernetes.client import models as k8s
ModuleNotFoundError: No module named 'kubernetes'
[2025-10-23T12:10:32.336+0000] {logging_mixin.py:188} INFO - [2025-10-23T12:10:32.336+0000] {example_local_kubernetes_executor.py:41} WARNING - Install Kubernetes dependencies with: pip install apache-airflow[cncf.kubernetes]
[2025-10-23T12:10:32.336+0000] {processor.py:842} WARNING - No viable dags retrieved from /home/khaled/dbt-env/lib/python3.12/site-packages/airflow/example_dags/example_local_kubernetes_executor.py
[2025-10-23T12:10:32.346+0000] {processor.py:183} INFO - Processing /home/khaled/dbt-env/lib/python3.12/site-packages/airflow/example_dags/example_local_kubernetes_executor.py took 0.023 seconds
