[2025-10-23T11:39:10.563+0000] {processor.py:161} INFO - Started process (PID=5932) to work on /home/khaled/dbt-env/lib/python3.12/site-packages/airflow/example_dags/example_short_circuit_decorator.py
[2025-10-23T11:39:10.566+0000] {processor.py:830} INFO - Processing file /home/khaled/dbt-env/lib/python3.12/site-packages/airflow/example_dags/example_short_circuit_decorator.py for tasks to queue
[2025-10-23T11:39:10.570+0000] {logging_mixin.py:188} INFO - [2025-10-23T11:39:10.570+0000] {dagbag.py:545} INFO - Filling up the DagBag from /home/khaled/dbt-env/lib/python3.12/site-packages/airflow/example_dags/example_short_circuit_decorator.py
[2025-10-23T11:39:10.605+0000] {processor.py:840} INFO - DAG(s) 'example_short_circuit_decorator' retrieved from /home/khaled/dbt-env/lib/python3.12/site-packages/airflow/example_dags/example_short_circuit_decorator.py
[2025-10-23T11:39:10.641+0000] {logging_mixin.py:188} INFO - [2025-10-23T11:39:10.640+0000] {dag.py:3089} INFO - Sync 1 DAGs
[2025-10-23T11:39:10.679+0000] {logging_mixin.py:188} INFO - [2025-10-23T11:39:10.679+0000] {dag.py:3947} INFO - Setting next_dagrun for example_short_circuit_decorator to 2025-10-22 00:00:00+00:00, run_after=2025-10-23 00:00:00+00:00
[2025-10-23T11:39:10.731+0000] {processor.py:183} INFO - Processing /home/khaled/dbt-env/lib/python3.12/site-packages/airflow/example_dags/example_short_circuit_decorator.py took 0.202 seconds
[2025-10-23T11:54:48.083+0000] {processor.py:161} INFO - Started process (PID=9505) to work on /home/khaled/dbt-env/lib/python3.12/site-packages/airflow/example_dags/example_short_circuit_decorator.py
[2025-10-23T11:54:48.095+0000] {processor.py:830} INFO - Processing file /home/khaled/dbt-env/lib/python3.12/site-packages/airflow/example_dags/example_short_circuit_decorator.py for tasks to queue
[2025-10-23T11:54:48.096+0000] {logging_mixin.py:188} INFO - [2025-10-23T11:54:48.096+0000] {dagbag.py:545} INFO - Filling up the DagBag from /home/khaled/dbt-env/lib/python3.12/site-packages/airflow/example_dags/example_short_circuit_decorator.py
[2025-10-23T11:54:48.103+0000] {processor.py:840} INFO - DAG(s) 'example_short_circuit_decorator' retrieved from /home/khaled/dbt-env/lib/python3.12/site-packages/airflow/example_dags/example_short_circuit_decorator.py
[2025-10-23T11:54:48.120+0000] {logging_mixin.py:188} INFO - [2025-10-23T11:54:48.119+0000] {dag.py:3089} INFO - Sync 1 DAGs
[2025-10-23T11:54:48.134+0000] {logging_mixin.py:188} INFO - [2025-10-23T11:54:48.134+0000] {dag.py:3947} INFO - Setting next_dagrun for example_short_circuit_decorator to 2025-10-22 00:00:00+00:00, run_after=2025-10-23 00:00:00+00:00
[2025-10-23T11:54:48.153+0000] {processor.py:183} INFO - Processing /home/khaled/dbt-env/lib/python3.12/site-packages/airflow/example_dags/example_short_circuit_decorator.py took 0.074 seconds
[2025-10-23T11:55:44.417+0000] {processor.py:161} INFO - Started process (PID=9740) to work on /home/khaled/dbt-env/lib/python3.12/site-packages/airflow/example_dags/example_short_circuit_decorator.py
[2025-10-23T11:55:44.440+0000] {processor.py:830} INFO - Processing file /home/khaled/dbt-env/lib/python3.12/site-packages/airflow/example_dags/example_short_circuit_decorator.py for tasks to queue
[2025-10-23T11:55:44.442+0000] {logging_mixin.py:188} INFO - [2025-10-23T11:55:44.442+0000] {dagbag.py:545} INFO - Filling up the DagBag from /home/khaled/dbt-env/lib/python3.12/site-packages/airflow/example_dags/example_short_circuit_decorator.py
[2025-10-23T11:55:44.474+0000] {processor.py:840} INFO - DAG(s) 'example_short_circuit_decorator' retrieved from /home/khaled/dbt-env/lib/python3.12/site-packages/airflow/example_dags/example_short_circuit_decorator.py
[2025-10-23T11:55:44.520+0000] {logging_mixin.py:188} INFO - [2025-10-23T11:55:44.520+0000] {dag.py:3089} INFO - Sync 1 DAGs
[2025-10-23T11:55:44.555+0000] {logging_mixin.py:188} INFO - [2025-10-23T11:55:44.554+0000] {dag.py:3947} INFO - Setting next_dagrun for example_short_circuit_decorator to 2025-10-22 00:00:00+00:00, run_after=2025-10-23 00:00:00+00:00
[2025-10-23T11:55:44.645+0000] {processor.py:183} INFO - Processing /home/khaled/dbt-env/lib/python3.12/site-packages/airflow/example_dags/example_short_circuit_decorator.py took 0.256 seconds
[2025-10-23T11:57:17.939+0000] {processor.py:161} INFO - Started process (PID=9982) to work on /home/khaled/dbt-env/lib/python3.12/site-packages/airflow/example_dags/example_short_circuit_decorator.py
[2025-10-23T11:57:17.941+0000] {processor.py:830} INFO - Processing file /home/khaled/dbt-env/lib/python3.12/site-packages/airflow/example_dags/example_short_circuit_decorator.py for tasks to queue
[2025-10-23T11:57:17.943+0000] {logging_mixin.py:188} INFO - [2025-10-23T11:57:17.942+0000] {dagbag.py:545} INFO - Filling up the DagBag from /home/khaled/dbt-env/lib/python3.12/site-packages/airflow/example_dags/example_short_circuit_decorator.py
[2025-10-23T11:57:17.949+0000] {processor.py:840} INFO - DAG(s) 'example_short_circuit_decorator' retrieved from /home/khaled/dbt-env/lib/python3.12/site-packages/airflow/example_dags/example_short_circuit_decorator.py
[2025-10-23T11:57:17.962+0000] {logging_mixin.py:188} INFO - [2025-10-23T11:57:17.962+0000] {dag.py:3089} INFO - Sync 1 DAGs
[2025-10-23T11:57:17.978+0000] {logging_mixin.py:188} INFO - [2025-10-23T11:57:17.977+0000] {dag.py:3947} INFO - Setting next_dagrun for example_short_circuit_decorator to 2025-10-22 00:00:00+00:00, run_after=2025-10-23 00:00:00+00:00
[2025-10-23T11:57:17.997+0000] {processor.py:183} INFO - Processing /home/khaled/dbt-env/lib/python3.12/site-packages/airflow/example_dags/example_short_circuit_decorator.py took 0.061 seconds
[2025-10-23T11:58:12.224+0000] {processor.py:161} INFO - Started process (PID=10048) to work on /home/khaled/dbt-env/lib/python3.12/site-packages/airflow/example_dags/example_short_circuit_decorator.py
[2025-10-23T11:58:12.236+0000] {processor.py:830} INFO - Processing file /home/khaled/dbt-env/lib/python3.12/site-packages/airflow/example_dags/example_short_circuit_decorator.py for tasks to queue
[2025-10-23T11:58:12.238+0000] {logging_mixin.py:188} INFO - [2025-10-23T11:58:12.237+0000] {dagbag.py:545} INFO - Filling up the DagBag from /home/khaled/dbt-env/lib/python3.12/site-packages/airflow/example_dags/example_short_circuit_decorator.py
[2025-10-23T11:58:12.245+0000] {processor.py:840} INFO - DAG(s) 'example_short_circuit_decorator' retrieved from /home/khaled/dbt-env/lib/python3.12/site-packages/airflow/example_dags/example_short_circuit_decorator.py
[2025-10-23T11:58:12.259+0000] {logging_mixin.py:188} INFO - [2025-10-23T11:58:12.258+0000] {dag.py:3089} INFO - Sync 1 DAGs
[2025-10-23T11:58:12.273+0000] {logging_mixin.py:188} INFO - [2025-10-23T11:58:12.273+0000] {dag.py:3947} INFO - Setting next_dagrun for example_short_circuit_decorator to 2025-10-22 00:00:00+00:00, run_after=2025-10-23 00:00:00+00:00
[2025-10-23T11:58:12.293+0000] {processor.py:183} INFO - Processing /home/khaled/dbt-env/lib/python3.12/site-packages/airflow/example_dags/example_short_circuit_decorator.py took 0.073 seconds
[2025-10-23T11:59:06.260+0000] {processor.py:161} INFO - Started process (PID=10167) to work on /home/khaled/dbt-env/lib/python3.12/site-packages/airflow/example_dags/example_short_circuit_decorator.py
[2025-10-23T11:59:06.355+0000] {processor.py:830} INFO - Processing file /home/khaled/dbt-env/lib/python3.12/site-packages/airflow/example_dags/example_short_circuit_decorator.py for tasks to queue
[2025-10-23T11:59:06.438+0000] {logging_mixin.py:188} INFO - [2025-10-23T11:59:06.424+0000] {dagbag.py:545} INFO - Filling up the DagBag from /home/khaled/dbt-env/lib/python3.12/site-packages/airflow/example_dags/example_short_circuit_decorator.py
[2025-10-23T11:59:07.005+0000] {processor.py:840} INFO - DAG(s) 'example_short_circuit_decorator' retrieved from /home/khaled/dbt-env/lib/python3.12/site-packages/airflow/example_dags/example_short_circuit_decorator.py
[2025-10-23T11:59:07.158+0000] {logging_mixin.py:188} INFO - [2025-10-23T11:59:07.155+0000] {dag.py:3089} INFO - Sync 1 DAGs
[2025-10-23T11:59:07.436+0000] {logging_mixin.py:188} INFO - [2025-10-23T11:59:07.428+0000] {dag.py:3947} INFO - Setting next_dagrun for example_short_circuit_decorator to 2025-10-22 00:00:00+00:00, run_after=2025-10-23 00:00:00+00:00
[2025-10-23T11:59:09.035+0000] {processor.py:183} INFO - Processing /home/khaled/dbt-env/lib/python3.12/site-packages/airflow/example_dags/example_short_circuit_decorator.py took 2.989 seconds
[2025-10-23T12:00:17.976+0000] {processor.py:161} INFO - Started process (PID=10215) to work on /home/khaled/dbt-env/lib/python3.12/site-packages/airflow/example_dags/example_short_circuit_decorator.py
[2025-10-23T12:00:17.978+0000] {processor.py:830} INFO - Processing file /home/khaled/dbt-env/lib/python3.12/site-packages/airflow/example_dags/example_short_circuit_decorator.py for tasks to queue
[2025-10-23T12:00:17.979+0000] {logging_mixin.py:188} INFO - [2025-10-23T12:00:17.979+0000] {dagbag.py:545} INFO - Filling up the DagBag from /home/khaled/dbt-env/lib/python3.12/site-packages/airflow/example_dags/example_short_circuit_decorator.py
[2025-10-23T12:00:17.987+0000] {processor.py:840} INFO - DAG(s) 'example_short_circuit_decorator' retrieved from /home/khaled/dbt-env/lib/python3.12/site-packages/airflow/example_dags/example_short_circuit_decorator.py
[2025-10-23T12:00:18.002+0000] {logging_mixin.py:188} INFO - [2025-10-23T12:00:18.002+0000] {dag.py:3089} INFO - Sync 1 DAGs
[2025-10-23T12:00:18.023+0000] {logging_mixin.py:188} INFO - [2025-10-23T12:00:18.023+0000] {dag.py:3947} INFO - Setting next_dagrun for example_short_circuit_decorator to 2025-10-22 00:00:00+00:00, run_after=2025-10-23 00:00:00+00:00
[2025-10-23T12:00:18.055+0000] {processor.py:183} INFO - Processing /home/khaled/dbt-env/lib/python3.12/site-packages/airflow/example_dags/example_short_circuit_decorator.py took 0.085 seconds
[2025-10-23T12:01:08.954+0000] {processor.py:161} INFO - Started process (PID=10351) to work on /home/khaled/dbt-env/lib/python3.12/site-packages/airflow/example_dags/example_short_circuit_decorator.py
[2025-10-23T12:01:08.956+0000] {processor.py:830} INFO - Processing file /home/khaled/dbt-env/lib/python3.12/site-packages/airflow/example_dags/example_short_circuit_decorator.py for tasks to queue
[2025-10-23T12:01:08.958+0000] {logging_mixin.py:188} INFO - [2025-10-23T12:01:08.957+0000] {dagbag.py:545} INFO - Filling up the DagBag from /home/khaled/dbt-env/lib/python3.12/site-packages/airflow/example_dags/example_short_circuit_decorator.py
[2025-10-23T12:01:08.965+0000] {processor.py:840} INFO - DAG(s) 'example_short_circuit_decorator' retrieved from /home/khaled/dbt-env/lib/python3.12/site-packages/airflow/example_dags/example_short_circuit_decorator.py
[2025-10-23T12:01:08.979+0000] {logging_mixin.py:188} INFO - [2025-10-23T12:01:08.979+0000] {dag.py:3089} INFO - Sync 1 DAGs
[2025-10-23T12:01:08.995+0000] {logging_mixin.py:188} INFO - [2025-10-23T12:01:08.995+0000] {dag.py:3947} INFO - Setting next_dagrun for example_short_circuit_decorator to 2025-10-22 00:00:00+00:00, run_after=2025-10-23 00:00:00+00:00
[2025-10-23T12:01:09.028+0000] {processor.py:183} INFO - Processing /home/khaled/dbt-env/lib/python3.12/site-packages/airflow/example_dags/example_short_circuit_decorator.py took 0.080 seconds
[2025-10-23T12:02:40.075+0000] {processor.py:161} INFO - Started process (PID=10639) to work on /home/khaled/dbt-env/lib/python3.12/site-packages/airflow/example_dags/example_short_circuit_decorator.py
[2025-10-23T12:02:40.086+0000] {processor.py:830} INFO - Processing file /home/khaled/dbt-env/lib/python3.12/site-packages/airflow/example_dags/example_short_circuit_decorator.py for tasks to queue
[2025-10-23T12:02:40.088+0000] {logging_mixin.py:188} INFO - [2025-10-23T12:02:40.088+0000] {dagbag.py:545} INFO - Filling up the DagBag from /home/khaled/dbt-env/lib/python3.12/site-packages/airflow/example_dags/example_short_circuit_decorator.py
[2025-10-23T12:02:40.119+0000] {processor.py:840} INFO - DAG(s) 'example_short_circuit_decorator' retrieved from /home/khaled/dbt-env/lib/python3.12/site-packages/airflow/example_dags/example_short_circuit_decorator.py
[2025-10-23T12:02:40.171+0000] {logging_mixin.py:188} INFO - [2025-10-23T12:02:40.169+0000] {dag.py:3089} INFO - Sync 1 DAGs
[2025-10-23T12:02:40.224+0000] {logging_mixin.py:188} INFO - [2025-10-23T12:02:40.223+0000] {dag.py:3947} INFO - Setting next_dagrun for example_short_circuit_decorator to 2025-10-22 00:00:00+00:00, run_after=2025-10-23 00:00:00+00:00
[2025-10-23T12:02:40.245+0000] {processor.py:183} INFO - Processing /home/khaled/dbt-env/lib/python3.12/site-packages/airflow/example_dags/example_short_circuit_decorator.py took 0.180 seconds
[2025-10-23T12:03:35.082+0000] {processor.py:161} INFO - Started process (PID=10700) to work on /home/khaled/dbt-env/lib/python3.12/site-packages/airflow/example_dags/example_short_circuit_decorator.py
[2025-10-23T12:03:35.083+0000] {processor.py:830} INFO - Processing file /home/khaled/dbt-env/lib/python3.12/site-packages/airflow/example_dags/example_short_circuit_decorator.py for tasks to queue
[2025-10-23T12:03:35.085+0000] {logging_mixin.py:188} INFO - [2025-10-23T12:03:35.084+0000] {dagbag.py:545} INFO - Filling up the DagBag from /home/khaled/dbt-env/lib/python3.12/site-packages/airflow/example_dags/example_short_circuit_decorator.py
[2025-10-23T12:03:35.092+0000] {processor.py:840} INFO - DAG(s) 'example_short_circuit_decorator' retrieved from /home/khaled/dbt-env/lib/python3.12/site-packages/airflow/example_dags/example_short_circuit_decorator.py
[2025-10-23T12:03:35.105+0000] {logging_mixin.py:188} INFO - [2025-10-23T12:03:35.104+0000] {dag.py:3089} INFO - Sync 1 DAGs
[2025-10-23T12:03:35.118+0000] {logging_mixin.py:188} INFO - [2025-10-23T12:03:35.118+0000] {dag.py:3947} INFO - Setting next_dagrun for example_short_circuit_decorator to 2025-10-22 00:00:00+00:00, run_after=2025-10-23 00:00:00+00:00
[2025-10-23T12:03:35.138+0000] {processor.py:183} INFO - Processing /home/khaled/dbt-env/lib/python3.12/site-packages/airflow/example_dags/example_short_circuit_decorator.py took 0.060 seconds
[2025-10-23T12:04:40.098+0000] {processor.py:161} INFO - Started process (PID=10835) to work on /home/khaled/dbt-env/lib/python3.12/site-packages/airflow/example_dags/example_short_circuit_decorator.py
[2025-10-23T12:04:40.099+0000] {processor.py:830} INFO - Processing file /home/khaled/dbt-env/lib/python3.12/site-packages/airflow/example_dags/example_short_circuit_decorator.py for tasks to queue
[2025-10-23T12:04:40.101+0000] {logging_mixin.py:188} INFO - [2025-10-23T12:04:40.100+0000] {dagbag.py:545} INFO - Filling up the DagBag from /home/khaled/dbt-env/lib/python3.12/site-packages/airflow/example_dags/example_short_circuit_decorator.py
[2025-10-23T12:04:40.107+0000] {processor.py:840} INFO - DAG(s) 'example_short_circuit_decorator' retrieved from /home/khaled/dbt-env/lib/python3.12/site-packages/airflow/example_dags/example_short_circuit_decorator.py
[2025-10-23T12:04:40.120+0000] {logging_mixin.py:188} INFO - [2025-10-23T12:04:40.120+0000] {dag.py:3089} INFO - Sync 1 DAGs
[2025-10-23T12:04:40.230+0000] {logging_mixin.py:188} INFO - [2025-10-23T12:04:40.230+0000] {dag.py:3947} INFO - Setting next_dagrun for example_short_circuit_decorator to 2025-10-22 00:00:00+00:00, run_after=2025-10-23 00:00:00+00:00
[2025-10-23T12:04:40.279+0000] {processor.py:183} INFO - Processing /home/khaled/dbt-env/lib/python3.12/site-packages/airflow/example_dags/example_short_circuit_decorator.py took 0.186 seconds
[2025-10-23T12:05:32.129+0000] {processor.py:161} INFO - Started process (PID=11202) to work on /home/khaled/dbt-env/lib/python3.12/site-packages/airflow/example_dags/example_short_circuit_decorator.py
[2025-10-23T12:05:32.130+0000] {processor.py:830} INFO - Processing file /home/khaled/dbt-env/lib/python3.12/site-packages/airflow/example_dags/example_short_circuit_decorator.py for tasks to queue
[2025-10-23T12:05:32.132+0000] {logging_mixin.py:188} INFO - [2025-10-23T12:05:32.131+0000] {dagbag.py:545} INFO - Filling up the DagBag from /home/khaled/dbt-env/lib/python3.12/site-packages/airflow/example_dags/example_short_circuit_decorator.py
[2025-10-23T12:05:32.139+0000] {processor.py:840} INFO - DAG(s) 'example_short_circuit_decorator' retrieved from /home/khaled/dbt-env/lib/python3.12/site-packages/airflow/example_dags/example_short_circuit_decorator.py
[2025-10-23T12:05:32.153+0000] {logging_mixin.py:188} INFO - [2025-10-23T12:05:32.153+0000] {dag.py:3089} INFO - Sync 1 DAGs
[2025-10-23T12:05:32.167+0000] {logging_mixin.py:188} INFO - [2025-10-23T12:05:32.167+0000] {dag.py:3947} INFO - Setting next_dagrun for example_short_circuit_decorator to 2025-10-22 00:00:00+00:00, run_after=2025-10-23 00:00:00+00:00
[2025-10-23T12:05:32.197+0000] {processor.py:183} INFO - Processing /home/khaled/dbt-env/lib/python3.12/site-packages/airflow/example_dags/example_short_circuit_decorator.py took 0.073 seconds
[2025-10-23T12:06:30.028+0000] {processor.py:161} INFO - Started process (PID=11288) to work on /home/khaled/dbt-env/lib/python3.12/site-packages/airflow/example_dags/example_short_circuit_decorator.py
[2025-10-23T12:06:30.039+0000] {processor.py:830} INFO - Processing file /home/khaled/dbt-env/lib/python3.12/site-packages/airflow/example_dags/example_short_circuit_decorator.py for tasks to queue
[2025-10-23T12:06:30.041+0000] {logging_mixin.py:188} INFO - [2025-10-23T12:06:30.040+0000] {dagbag.py:545} INFO - Filling up the DagBag from /home/khaled/dbt-env/lib/python3.12/site-packages/airflow/example_dags/example_short_circuit_decorator.py
[2025-10-23T12:06:30.048+0000] {processor.py:840} INFO - DAG(s) 'example_short_circuit_decorator' retrieved from /home/khaled/dbt-env/lib/python3.12/site-packages/airflow/example_dags/example_short_circuit_decorator.py
[2025-10-23T12:06:30.061+0000] {logging_mixin.py:188} INFO - [2025-10-23T12:06:30.061+0000] {dag.py:3089} INFO - Sync 1 DAGs
[2025-10-23T12:06:30.076+0000] {logging_mixin.py:188} INFO - [2025-10-23T12:06:30.076+0000] {dag.py:3947} INFO - Setting next_dagrun for example_short_circuit_decorator to 2025-10-22 00:00:00+00:00, run_after=2025-10-23 00:00:00+00:00
[2025-10-23T12:06:30.095+0000] {processor.py:183} INFO - Processing /home/khaled/dbt-env/lib/python3.12/site-packages/airflow/example_dags/example_short_circuit_decorator.py took 0.071 seconds
[2025-10-23T12:07:13.394+0000] {processor.py:161} INFO - Started process (PID=11340) to work on /home/khaled/dbt-env/lib/python3.12/site-packages/airflow/example_dags/example_short_circuit_decorator.py
[2025-10-23T12:07:13.395+0000] {processor.py:830} INFO - Processing file /home/khaled/dbt-env/lib/python3.12/site-packages/airflow/example_dags/example_short_circuit_decorator.py for tasks to queue
[2025-10-23T12:07:13.397+0000] {logging_mixin.py:188} INFO - [2025-10-23T12:07:13.397+0000] {dagbag.py:545} INFO - Filling up the DagBag from /home/khaled/dbt-env/lib/python3.12/site-packages/airflow/example_dags/example_short_circuit_decorator.py
[2025-10-23T12:07:13.404+0000] {processor.py:840} INFO - DAG(s) 'example_short_circuit_decorator' retrieved from /home/khaled/dbt-env/lib/python3.12/site-packages/airflow/example_dags/example_short_circuit_decorator.py
[2025-10-23T12:07:13.418+0000] {logging_mixin.py:188} INFO - [2025-10-23T12:07:13.417+0000] {dag.py:3089} INFO - Sync 1 DAGs
[2025-10-23T12:07:13.433+0000] {logging_mixin.py:188} INFO - [2025-10-23T12:07:13.432+0000] {dag.py:3947} INFO - Setting next_dagrun for example_short_circuit_decorator to 2025-10-22 00:00:00+00:00, run_after=2025-10-23 00:00:00+00:00
[2025-10-23T12:07:13.557+0000] {processor.py:183} INFO - Processing /home/khaled/dbt-env/lib/python3.12/site-packages/airflow/example_dags/example_short_circuit_decorator.py took 0.168 seconds
[2025-10-23T12:08:00.547+0000] {processor.py:161} INFO - Started process (PID=11405) to work on /home/khaled/dbt-env/lib/python3.12/site-packages/airflow/example_dags/example_short_circuit_decorator.py
[2025-10-23T12:08:00.549+0000] {processor.py:830} INFO - Processing file /home/khaled/dbt-env/lib/python3.12/site-packages/airflow/example_dags/example_short_circuit_decorator.py for tasks to queue
[2025-10-23T12:08:00.551+0000] {logging_mixin.py:188} INFO - [2025-10-23T12:08:00.550+0000] {dagbag.py:545} INFO - Filling up the DagBag from /home/khaled/dbt-env/lib/python3.12/site-packages/airflow/example_dags/example_short_circuit_decorator.py
[2025-10-23T12:08:00.561+0000] {processor.py:840} INFO - DAG(s) 'example_short_circuit_decorator' retrieved from /home/khaled/dbt-env/lib/python3.12/site-packages/airflow/example_dags/example_short_circuit_decorator.py
[2025-10-23T12:08:00.577+0000] {logging_mixin.py:188} INFO - [2025-10-23T12:08:00.577+0000] {dag.py:3089} INFO - Sync 1 DAGs
[2025-10-23T12:08:00.596+0000] {logging_mixin.py:188} INFO - [2025-10-23T12:08:00.596+0000] {dag.py:3947} INFO - Setting next_dagrun for example_short_circuit_decorator to 2025-10-22 00:00:00+00:00, run_after=2025-10-23 00:00:00+00:00
[2025-10-23T12:08:00.630+0000] {processor.py:183} INFO - Processing /home/khaled/dbt-env/lib/python3.12/site-packages/airflow/example_dags/example_short_circuit_decorator.py took 0.087 seconds
[2025-10-23T12:08:49.343+0000] {processor.py:161} INFO - Started process (PID=11516) to work on /home/khaled/dbt-env/lib/python3.12/site-packages/airflow/example_dags/example_short_circuit_decorator.py
[2025-10-23T12:08:49.344+0000] {processor.py:830} INFO - Processing file /home/khaled/dbt-env/lib/python3.12/site-packages/airflow/example_dags/example_short_circuit_decorator.py for tasks to queue
[2025-10-23T12:08:49.346+0000] {logging_mixin.py:188} INFO - [2025-10-23T12:08:49.345+0000] {dagbag.py:545} INFO - Filling up the DagBag from /home/khaled/dbt-env/lib/python3.12/site-packages/airflow/example_dags/example_short_circuit_decorator.py
[2025-10-23T12:08:49.353+0000] {processor.py:840} INFO - DAG(s) 'example_short_circuit_decorator' retrieved from /home/khaled/dbt-env/lib/python3.12/site-packages/airflow/example_dags/example_short_circuit_decorator.py
[2025-10-23T12:08:49.475+0000] {logging_mixin.py:188} INFO - [2025-10-23T12:08:49.475+0000] {dag.py:3089} INFO - Sync 1 DAGs
[2025-10-23T12:08:49.488+0000] {logging_mixin.py:188} INFO - [2025-10-23T12:08:49.488+0000] {dag.py:3947} INFO - Setting next_dagrun for example_short_circuit_decorator to 2025-10-22 00:00:00+00:00, run_after=2025-10-23 00:00:00+00:00
[2025-10-23T12:08:49.520+0000] {processor.py:183} INFO - Processing /home/khaled/dbt-env/lib/python3.12/site-packages/airflow/example_dags/example_short_circuit_decorator.py took 0.182 seconds
[2025-10-23T12:09:39.593+0000] {processor.py:161} INFO - Started process (PID=11624) to work on /home/khaled/dbt-env/lib/python3.12/site-packages/airflow/example_dags/example_short_circuit_decorator.py
[2025-10-23T12:09:39.595+0000] {processor.py:830} INFO - Processing file /home/khaled/dbt-env/lib/python3.12/site-packages/airflow/example_dags/example_short_circuit_decorator.py for tasks to queue
[2025-10-23T12:09:39.599+0000] {logging_mixin.py:188} INFO - [2025-10-23T12:09:39.598+0000] {dagbag.py:545} INFO - Filling up the DagBag from /home/khaled/dbt-env/lib/python3.12/site-packages/airflow/example_dags/example_short_circuit_decorator.py
[2025-10-23T12:09:39.607+0000] {processor.py:840} INFO - DAG(s) 'example_short_circuit_decorator' retrieved from /home/khaled/dbt-env/lib/python3.12/site-packages/airflow/example_dags/example_short_circuit_decorator.py
[2025-10-23T12:09:39.622+0000] {logging_mixin.py:188} INFO - [2025-10-23T12:09:39.622+0000] {dag.py:3089} INFO - Sync 1 DAGs
[2025-10-23T12:09:39.638+0000] {logging_mixin.py:188} INFO - [2025-10-23T12:09:39.638+0000] {dag.py:3947} INFO - Setting next_dagrun for example_short_circuit_decorator to 2025-10-22 00:00:00+00:00, run_after=2025-10-23 00:00:00+00:00
[2025-10-23T12:09:39.670+0000] {processor.py:183} INFO - Processing /home/khaled/dbt-env/lib/python3.12/site-packages/airflow/example_dags/example_short_circuit_decorator.py took 0.087 seconds
[2025-10-23T12:10:25.434+0000] {processor.py:161} INFO - Started process (PID=11680) to work on /home/khaled/dbt-env/lib/python3.12/site-packages/airflow/example_dags/example_short_circuit_decorator.py
[2025-10-23T12:10:25.435+0000] {processor.py:830} INFO - Processing file /home/khaled/dbt-env/lib/python3.12/site-packages/airflow/example_dags/example_short_circuit_decorator.py for tasks to queue
[2025-10-23T12:10:25.437+0000] {logging_mixin.py:188} INFO - [2025-10-23T12:10:25.437+0000] {dagbag.py:545} INFO - Filling up the DagBag from /home/khaled/dbt-env/lib/python3.12/site-packages/airflow/example_dags/example_short_circuit_decorator.py
[2025-10-23T12:10:25.444+0000] {processor.py:840} INFO - DAG(s) 'example_short_circuit_decorator' retrieved from /home/khaled/dbt-env/lib/python3.12/site-packages/airflow/example_dags/example_short_circuit_decorator.py
[2025-10-23T12:10:25.459+0000] {logging_mixin.py:188} INFO - [2025-10-23T12:10:25.459+0000] {dag.py:3089} INFO - Sync 1 DAGs
[2025-10-23T12:10:25.474+0000] {logging_mixin.py:188} INFO - [2025-10-23T12:10:25.474+0000] {dag.py:3947} INFO - Setting next_dagrun for example_short_circuit_decorator to 2025-10-22 00:00:00+00:00, run_after=2025-10-23 00:00:00+00:00
[2025-10-23T12:10:25.509+0000] {processor.py:183} INFO - Processing /home/khaled/dbt-env/lib/python3.12/site-packages/airflow/example_dags/example_short_circuit_decorator.py took 0.079 seconds
