[2025-10-23T11:39:13.137+0000] {processor.py:161} INFO - Started process (PID=5935) to work on /home/khaled/dbt-env/lib/python3.12/site-packages/airflow/example_dags/example_setup_teardown.py
[2025-10-23T11:39:13.138+0000] {processor.py:830} INFO - Processing file /home/khaled/dbt-env/lib/python3.12/site-packages/airflow/example_dags/example_setup_teardown.py for tasks to queue
[2025-10-23T11:39:13.140+0000] {logging_mixin.py:188} INFO - [2025-10-23T11:39:13.139+0000] {dagbag.py:545} INFO - Filling up the DagBag from /home/khaled/dbt-env/lib/python3.12/site-packages/airflow/example_dags/example_setup_teardown.py
[2025-10-23T11:39:13.145+0000] {processor.py:840} INFO - DAG(s) 'example_setup_teardown' retrieved from /home/khaled/dbt-env/lib/python3.12/site-packages/airflow/example_dags/example_setup_teardown.py
[2025-10-23T11:39:13.160+0000] {logging_mixin.py:188} INFO - [2025-10-23T11:39:13.160+0000] {dag.py:3089} INFO - Sync 1 DAGs
[2025-10-23T11:39:13.175+0000] {logging_mixin.py:188} INFO - [2025-10-23T11:39:13.175+0000] {dag.py:3947} INFO - Setting next_dagrun for example_setup_teardown to 2025-10-22 00:00:00+00:00, run_after=2025-10-23 00:00:00+00:00
[2025-10-23T11:39:13.209+0000] {processor.py:183} INFO - Processing /home/khaled/dbt-env/lib/python3.12/site-packages/airflow/example_dags/example_setup_teardown.py took 0.079 seconds
[2025-10-23T11:54:50.379+0000] {processor.py:161} INFO - Started process (PID=9510) to work on /home/khaled/dbt-env/lib/python3.12/site-packages/airflow/example_dags/example_setup_teardown.py
[2025-10-23T11:54:50.391+0000] {processor.py:830} INFO - Processing file /home/khaled/dbt-env/lib/python3.12/site-packages/airflow/example_dags/example_setup_teardown.py for tasks to queue
[2025-10-23T11:54:50.392+0000] {logging_mixin.py:188} INFO - [2025-10-23T11:54:50.392+0000] {dagbag.py:545} INFO - Filling up the DagBag from /home/khaled/dbt-env/lib/python3.12/site-packages/airflow/example_dags/example_setup_teardown.py
[2025-10-23T11:54:50.398+0000] {processor.py:840} INFO - DAG(s) 'example_setup_teardown' retrieved from /home/khaled/dbt-env/lib/python3.12/site-packages/airflow/example_dags/example_setup_teardown.py
[2025-10-23T11:54:50.414+0000] {logging_mixin.py:188} INFO - [2025-10-23T11:54:50.414+0000] {dag.py:3089} INFO - Sync 1 DAGs
[2025-10-23T11:54:50.429+0000] {logging_mixin.py:188} INFO - [2025-10-23T11:54:50.429+0000] {dag.py:3947} INFO - Setting next_dagrun for example_setup_teardown to 2025-10-22 00:00:00+00:00, run_after=2025-10-23 00:00:00+00:00
[2025-10-23T11:54:50.451+0000] {processor.py:183} INFO - Processing /home/khaled/dbt-env/lib/python3.12/site-packages/airflow/example_dags/example_setup_teardown.py took 0.076 seconds
[2025-10-23T11:55:46.803+0000] {processor.py:161} INFO - Started process (PID=9745) to work on /home/khaled/dbt-env/lib/python3.12/site-packages/airflow/example_dags/example_setup_teardown.py
[2025-10-23T11:55:46.810+0000] {processor.py:830} INFO - Processing file /home/khaled/dbt-env/lib/python3.12/site-packages/airflow/example_dags/example_setup_teardown.py for tasks to queue
[2025-10-23T11:55:46.823+0000] {logging_mixin.py:188} INFO - [2025-10-23T11:55:46.818+0000] {dagbag.py:545} INFO - Filling up the DagBag from /home/khaled/dbt-env/lib/python3.12/site-packages/airflow/example_dags/example_setup_teardown.py
[2025-10-23T11:55:46.867+0000] {processor.py:840} INFO - DAG(s) 'example_setup_teardown' retrieved from /home/khaled/dbt-env/lib/python3.12/site-packages/airflow/example_dags/example_setup_teardown.py
[2025-10-23T11:55:46.911+0000] {logging_mixin.py:188} INFO - [2025-10-23T11:55:46.911+0000] {dag.py:3089} INFO - Sync 1 DAGs
[2025-10-23T11:55:46.967+0000] {logging_mixin.py:188} INFO - [2025-10-23T11:55:46.966+0000] {dag.py:3947} INFO - Setting next_dagrun for example_setup_teardown to 2025-10-22 00:00:00+00:00, run_after=2025-10-23 00:00:00+00:00
[2025-10-23T11:55:47.058+0000] {processor.py:183} INFO - Processing /home/khaled/dbt-env/lib/python3.12/site-packages/airflow/example_dags/example_setup_teardown.py took 0.273 seconds
[2025-10-23T11:57:20.236+0000] {processor.py:161} INFO - Started process (PID=9984) to work on /home/khaled/dbt-env/lib/python3.12/site-packages/airflow/example_dags/example_setup_teardown.py
[2025-10-23T11:57:20.247+0000] {processor.py:830} INFO - Processing file /home/khaled/dbt-env/lib/python3.12/site-packages/airflow/example_dags/example_setup_teardown.py for tasks to queue
[2025-10-23T11:57:20.248+0000] {logging_mixin.py:188} INFO - [2025-10-23T11:57:20.248+0000] {dagbag.py:545} INFO - Filling up the DagBag from /home/khaled/dbt-env/lib/python3.12/site-packages/airflow/example_dags/example_setup_teardown.py
[2025-10-23T11:57:20.253+0000] {processor.py:840} INFO - DAG(s) 'example_setup_teardown' retrieved from /home/khaled/dbt-env/lib/python3.12/site-packages/airflow/example_dags/example_setup_teardown.py
[2025-10-23T11:57:20.265+0000] {logging_mixin.py:188} INFO - [2025-10-23T11:57:20.265+0000] {dag.py:3089} INFO - Sync 1 DAGs
[2025-10-23T11:57:20.277+0000] {logging_mixin.py:188} INFO - [2025-10-23T11:57:20.277+0000] {dag.py:3947} INFO - Setting next_dagrun for example_setup_teardown to 2025-10-22 00:00:00+00:00, run_after=2025-10-23 00:00:00+00:00
[2025-10-23T11:57:20.297+0000] {processor.py:183} INFO - Processing /home/khaled/dbt-env/lib/python3.12/site-packages/airflow/example_dags/example_setup_teardown.py took 0.067 seconds
[2025-10-23T11:58:14.645+0000] {processor.py:161} INFO - Started process (PID=10050) to work on /home/khaled/dbt-env/lib/python3.12/site-packages/airflow/example_dags/example_setup_teardown.py
[2025-10-23T11:58:14.646+0000] {processor.py:830} INFO - Processing file /home/khaled/dbt-env/lib/python3.12/site-packages/airflow/example_dags/example_setup_teardown.py for tasks to queue
[2025-10-23T11:58:14.648+0000] {logging_mixin.py:188} INFO - [2025-10-23T11:58:14.648+0000] {dagbag.py:545} INFO - Filling up the DagBag from /home/khaled/dbt-env/lib/python3.12/site-packages/airflow/example_dags/example_setup_teardown.py
[2025-10-23T11:58:14.655+0000] {processor.py:840} INFO - DAG(s) 'example_setup_teardown' retrieved from /home/khaled/dbt-env/lib/python3.12/site-packages/airflow/example_dags/example_setup_teardown.py
[2025-10-23T11:58:14.674+0000] {logging_mixin.py:188} INFO - [2025-10-23T11:58:14.673+0000] {dag.py:3089} INFO - Sync 1 DAGs
[2025-10-23T11:58:14.697+0000] {logging_mixin.py:188} INFO - [2025-10-23T11:58:14.696+0000] {dag.py:3947} INFO - Setting next_dagrun for example_setup_teardown to 2025-10-22 00:00:00+00:00, run_after=2025-10-23 00:00:00+00:00
[2025-10-23T11:58:14.734+0000] {processor.py:183} INFO - Processing /home/khaled/dbt-env/lib/python3.12/site-packages/airflow/example_dags/example_setup_teardown.py took 0.094 seconds
[2025-10-23T11:59:13.320+0000] {processor.py:161} INFO - Started process (PID=10170) to work on /home/khaled/dbt-env/lib/python3.12/site-packages/airflow/example_dags/example_setup_teardown.py
[2025-10-23T11:59:13.330+0000] {processor.py:830} INFO - Processing file /home/khaled/dbt-env/lib/python3.12/site-packages/airflow/example_dags/example_setup_teardown.py for tasks to queue
[2025-10-23T11:59:13.362+0000] {logging_mixin.py:188} INFO - [2025-10-23T11:59:13.361+0000] {dagbag.py:545} INFO - Filling up the DagBag from /home/khaled/dbt-env/lib/python3.12/site-packages/airflow/example_dags/example_setup_teardown.py
[2025-10-23T11:59:13.482+0000] {processor.py:840} INFO - DAG(s) 'example_setup_teardown' retrieved from /home/khaled/dbt-env/lib/python3.12/site-packages/airflow/example_dags/example_setup_teardown.py
[2025-10-23T11:59:13.665+0000] {logging_mixin.py:188} INFO - [2025-10-23T11:59:13.664+0000] {dag.py:3089} INFO - Sync 1 DAGs
[2025-10-23T11:59:13.843+0000] {logging_mixin.py:188} INFO - [2025-10-23T11:59:13.840+0000] {dag.py:3947} INFO - Setting next_dagrun for example_setup_teardown to 2025-10-22 00:00:00+00:00, run_after=2025-10-23 00:00:00+00:00
[2025-10-23T11:59:14.097+0000] {processor.py:183} INFO - Processing /home/khaled/dbt-env/lib/python3.12/site-packages/airflow/example_dags/example_setup_teardown.py took 0.826 seconds
[2025-10-23T12:00:20.238+0000] {processor.py:161} INFO - Started process (PID=10217) to work on /home/khaled/dbt-env/lib/python3.12/site-packages/airflow/example_dags/example_setup_teardown.py
[2025-10-23T12:00:20.239+0000] {processor.py:830} INFO - Processing file /home/khaled/dbt-env/lib/python3.12/site-packages/airflow/example_dags/example_setup_teardown.py for tasks to queue
[2025-10-23T12:00:20.241+0000] {logging_mixin.py:188} INFO - [2025-10-23T12:00:20.240+0000] {dagbag.py:545} INFO - Filling up the DagBag from /home/khaled/dbt-env/lib/python3.12/site-packages/airflow/example_dags/example_setup_teardown.py
[2025-10-23T12:00:20.246+0000] {processor.py:840} INFO - DAG(s) 'example_setup_teardown' retrieved from /home/khaled/dbt-env/lib/python3.12/site-packages/airflow/example_dags/example_setup_teardown.py
[2025-10-23T12:00:20.258+0000] {logging_mixin.py:188} INFO - [2025-10-23T12:00:20.258+0000] {dag.py:3089} INFO - Sync 1 DAGs
[2025-10-23T12:00:20.271+0000] {logging_mixin.py:188} INFO - [2025-10-23T12:00:20.271+0000] {dag.py:3947} INFO - Setting next_dagrun for example_setup_teardown to 2025-10-22 00:00:00+00:00, run_after=2025-10-23 00:00:00+00:00
[2025-10-23T12:00:20.290+0000] {processor.py:183} INFO - Processing /home/khaled/dbt-env/lib/python3.12/site-packages/airflow/example_dags/example_setup_teardown.py took 0.059 seconds
[2025-10-23T12:01:11.342+0000] {processor.py:161} INFO - Started process (PID=10354) to work on /home/khaled/dbt-env/lib/python3.12/site-packages/airflow/example_dags/example_setup_teardown.py
[2025-10-23T12:01:11.343+0000] {processor.py:830} INFO - Processing file /home/khaled/dbt-env/lib/python3.12/site-packages/airflow/example_dags/example_setup_teardown.py for tasks to queue
[2025-10-23T12:01:11.345+0000] {logging_mixin.py:188} INFO - [2025-10-23T12:01:11.345+0000] {dagbag.py:545} INFO - Filling up the DagBag from /home/khaled/dbt-env/lib/python3.12/site-packages/airflow/example_dags/example_setup_teardown.py
[2025-10-23T12:01:11.357+0000] {processor.py:840} INFO - DAG(s) 'example_setup_teardown' retrieved from /home/khaled/dbt-env/lib/python3.12/site-packages/airflow/example_dags/example_setup_teardown.py
[2025-10-23T12:01:11.372+0000] {logging_mixin.py:188} INFO - [2025-10-23T12:01:11.372+0000] {dag.py:3089} INFO - Sync 1 DAGs
[2025-10-23T12:01:11.389+0000] {logging_mixin.py:188} INFO - [2025-10-23T12:01:11.389+0000] {dag.py:3947} INFO - Setting next_dagrun for example_setup_teardown to 2025-10-22 00:00:00+00:00, run_after=2025-10-23 00:00:00+00:00
[2025-10-23T12:01:11.423+0000] {processor.py:183} INFO - Processing /home/khaled/dbt-env/lib/python3.12/site-packages/airflow/example_dags/example_setup_teardown.py took 0.085 seconds
[2025-10-23T12:02:42.569+0000] {processor.py:161} INFO - Started process (PID=10642) to work on /home/khaled/dbt-env/lib/python3.12/site-packages/airflow/example_dags/example_setup_teardown.py
[2025-10-23T12:02:42.580+0000] {processor.py:830} INFO - Processing file /home/khaled/dbt-env/lib/python3.12/site-packages/airflow/example_dags/example_setup_teardown.py for tasks to queue
[2025-10-23T12:02:42.582+0000] {logging_mixin.py:188} INFO - [2025-10-23T12:02:42.582+0000] {dagbag.py:545} INFO - Filling up the DagBag from /home/khaled/dbt-env/lib/python3.12/site-packages/airflow/example_dags/example_setup_teardown.py
[2025-10-23T12:02:42.587+0000] {processor.py:840} INFO - DAG(s) 'example_setup_teardown' retrieved from /home/khaled/dbt-env/lib/python3.12/site-packages/airflow/example_dags/example_setup_teardown.py
[2025-10-23T12:02:42.598+0000] {logging_mixin.py:188} INFO - [2025-10-23T12:02:42.598+0000] {dag.py:3089} INFO - Sync 1 DAGs
[2025-10-23T12:02:42.610+0000] {logging_mixin.py:188} INFO - [2025-10-23T12:02:42.610+0000] {dag.py:3947} INFO - Setting next_dagrun for example_setup_teardown to 2025-10-22 00:00:00+00:00, run_after=2025-10-23 00:00:00+00:00
[2025-10-23T12:02:42.630+0000] {processor.py:183} INFO - Processing /home/khaled/dbt-env/lib/python3.12/site-packages/airflow/example_dags/example_setup_teardown.py took 0.065 seconds
[2025-10-23T12:03:49.141+0000] {processor.py:161} INFO - Started process (PID=10745) to work on /home/khaled/dbt-env/lib/python3.12/site-packages/airflow/example_dags/example_setup_teardown.py
[2025-10-23T12:03:49.151+0000] {processor.py:830} INFO - Processing file /home/khaled/dbt-env/lib/python3.12/site-packages/airflow/example_dags/example_setup_teardown.py for tasks to queue
[2025-10-23T12:03:49.153+0000] {logging_mixin.py:188} INFO - [2025-10-23T12:03:49.153+0000] {dagbag.py:545} INFO - Filling up the DagBag from /home/khaled/dbt-env/lib/python3.12/site-packages/airflow/example_dags/example_setup_teardown.py
[2025-10-23T12:03:49.159+0000] {processor.py:840} INFO - DAG(s) 'example_setup_teardown' retrieved from /home/khaled/dbt-env/lib/python3.12/site-packages/airflow/example_dags/example_setup_teardown.py
[2025-10-23T12:03:49.172+0000] {logging_mixin.py:188} INFO - [2025-10-23T12:03:49.172+0000] {dag.py:3089} INFO - Sync 1 DAGs
[2025-10-23T12:03:49.188+0000] {logging_mixin.py:188} INFO - [2025-10-23T12:03:49.188+0000] {dag.py:3947} INFO - Setting next_dagrun for example_setup_teardown to 2025-10-22 00:00:00+00:00, run_after=2025-10-23 00:00:00+00:00
[2025-10-23T12:03:49.207+0000] {processor.py:183} INFO - Processing /home/khaled/dbt-env/lib/python3.12/site-packages/airflow/example_dags/example_setup_teardown.py took 0.072 seconds
[2025-10-23T12:04:59.661+0000] {processor.py:161} INFO - Started process (PID=11088) to work on /home/khaled/dbt-env/lib/python3.12/site-packages/airflow/example_dags/example_setup_teardown.py
[2025-10-23T12:04:59.671+0000] {processor.py:830} INFO - Processing file /home/khaled/dbt-env/lib/python3.12/site-packages/airflow/example_dags/example_setup_teardown.py for tasks to queue
[2025-10-23T12:04:59.673+0000] {logging_mixin.py:188} INFO - [2025-10-23T12:04:59.673+0000] {dagbag.py:545} INFO - Filling up the DagBag from /home/khaled/dbt-env/lib/python3.12/site-packages/airflow/example_dags/example_setup_teardown.py
[2025-10-23T12:04:59.680+0000] {processor.py:840} INFO - DAG(s) 'example_setup_teardown' retrieved from /home/khaled/dbt-env/lib/python3.12/site-packages/airflow/example_dags/example_setup_teardown.py
[2025-10-23T12:04:59.696+0000] {logging_mixin.py:188} INFO - [2025-10-23T12:04:59.695+0000] {dag.py:3089} INFO - Sync 1 DAGs
[2025-10-23T12:04:59.713+0000] {logging_mixin.py:188} INFO - [2025-10-23T12:04:59.712+0000] {dag.py:3947} INFO - Setting next_dagrun for example_setup_teardown to 2025-10-22 00:00:00+00:00, run_after=2025-10-23 00:00:00+00:00
[2025-10-23T12:04:59.732+0000] {processor.py:183} INFO - Processing /home/khaled/dbt-env/lib/python3.12/site-packages/airflow/example_dags/example_setup_teardown.py took 0.077 seconds
[2025-10-23T12:05:45.685+0000] {processor.py:161} INFO - Started process (PID=11225) to work on /home/khaled/dbt-env/lib/python3.12/site-packages/airflow/example_dags/example_setup_teardown.py
[2025-10-23T12:05:45.695+0000] {processor.py:830} INFO - Processing file /home/khaled/dbt-env/lib/python3.12/site-packages/airflow/example_dags/example_setup_teardown.py for tasks to queue
[2025-10-23T12:05:45.697+0000] {logging_mixin.py:188} INFO - [2025-10-23T12:05:45.696+0000] {dagbag.py:545} INFO - Filling up the DagBag from /home/khaled/dbt-env/lib/python3.12/site-packages/airflow/example_dags/example_setup_teardown.py
[2025-10-23T12:05:45.702+0000] {processor.py:840} INFO - DAG(s) 'example_setup_teardown' retrieved from /home/khaled/dbt-env/lib/python3.12/site-packages/airflow/example_dags/example_setup_teardown.py
[2025-10-23T12:05:45.715+0000] {logging_mixin.py:188} INFO - [2025-10-23T12:05:45.714+0000] {dag.py:3089} INFO - Sync 1 DAGs
[2025-10-23T12:05:45.729+0000] {logging_mixin.py:188} INFO - [2025-10-23T12:05:45.729+0000] {dag.py:3947} INFO - Setting next_dagrun for example_setup_teardown to 2025-10-22 00:00:00+00:00, run_after=2025-10-23 00:00:00+00:00
[2025-10-23T12:05:45.750+0000] {processor.py:183} INFO - Processing /home/khaled/dbt-env/lib/python3.12/site-packages/airflow/example_dags/example_setup_teardown.py took 0.070 seconds
[2025-10-23T12:06:32.289+0000] {processor.py:161} INFO - Started process (PID=11290) to work on /home/khaled/dbt-env/lib/python3.12/site-packages/airflow/example_dags/example_setup_teardown.py
[2025-10-23T12:06:32.291+0000] {processor.py:830} INFO - Processing file /home/khaled/dbt-env/lib/python3.12/site-packages/airflow/example_dags/example_setup_teardown.py for tasks to queue
[2025-10-23T12:06:32.292+0000] {logging_mixin.py:188} INFO - [2025-10-23T12:06:32.292+0000] {dagbag.py:545} INFO - Filling up the DagBag from /home/khaled/dbt-env/lib/python3.12/site-packages/airflow/example_dags/example_setup_teardown.py
[2025-10-23T12:06:32.298+0000] {processor.py:840} INFO - DAG(s) 'example_setup_teardown' retrieved from /home/khaled/dbt-env/lib/python3.12/site-packages/airflow/example_dags/example_setup_teardown.py
[2025-10-23T12:06:32.310+0000] {logging_mixin.py:188} INFO - [2025-10-23T12:06:32.310+0000] {dag.py:3089} INFO - Sync 1 DAGs
[2025-10-23T12:06:32.325+0000] {logging_mixin.py:188} INFO - [2025-10-23T12:06:32.324+0000] {dag.py:3947} INFO - Setting next_dagrun for example_setup_teardown to 2025-10-22 00:00:00+00:00, run_after=2025-10-23 00:00:00+00:00
[2025-10-23T12:06:32.355+0000] {processor.py:183} INFO - Processing /home/khaled/dbt-env/lib/python3.12/site-packages/airflow/example_dags/example_setup_teardown.py took 0.070 seconds
[2025-10-23T12:07:14.269+0000] {processor.py:161} INFO - Started process (PID=11342) to work on /home/khaled/dbt-env/lib/python3.12/site-packages/airflow/example_dags/example_setup_teardown.py
[2025-10-23T12:07:14.270+0000] {processor.py:830} INFO - Processing file /home/khaled/dbt-env/lib/python3.12/site-packages/airflow/example_dags/example_setup_teardown.py for tasks to queue
[2025-10-23T12:07:14.272+0000] {logging_mixin.py:188} INFO - [2025-10-23T12:07:14.271+0000] {dagbag.py:545} INFO - Filling up the DagBag from /home/khaled/dbt-env/lib/python3.12/site-packages/airflow/example_dags/example_setup_teardown.py
[2025-10-23T12:07:14.278+0000] {processor.py:840} INFO - DAG(s) 'example_setup_teardown' retrieved from /home/khaled/dbt-env/lib/python3.12/site-packages/airflow/example_dags/example_setup_teardown.py
[2025-10-23T12:07:14.295+0000] {logging_mixin.py:188} INFO - [2025-10-23T12:07:14.295+0000] {dag.py:3089} INFO - Sync 1 DAGs
[2025-10-23T12:07:14.313+0000] {logging_mixin.py:188} INFO - [2025-10-23T12:07:14.313+0000] {dag.py:3947} INFO - Setting next_dagrun for example_setup_teardown to 2025-10-22 00:00:00+00:00, run_after=2025-10-23 00:00:00+00:00
[2025-10-23T12:07:14.460+0000] {processor.py:183} INFO - Processing /home/khaled/dbt-env/lib/python3.12/site-packages/airflow/example_dags/example_setup_teardown.py took 0.195 seconds
[2025-10-23T12:08:02.493+0000] {processor.py:161} INFO - Started process (PID=11407) to work on /home/khaled/dbt-env/lib/python3.12/site-packages/airflow/example_dags/example_setup_teardown.py
[2025-10-23T12:08:02.496+0000] {processor.py:830} INFO - Processing file /home/khaled/dbt-env/lib/python3.12/site-packages/airflow/example_dags/example_setup_teardown.py for tasks to queue
[2025-10-23T12:08:02.498+0000] {logging_mixin.py:188} INFO - [2025-10-23T12:08:02.497+0000] {dagbag.py:545} INFO - Filling up the DagBag from /home/khaled/dbt-env/lib/python3.12/site-packages/airflow/example_dags/example_setup_teardown.py
[2025-10-23T12:08:02.504+0000] {processor.py:840} INFO - DAG(s) 'example_setup_teardown' retrieved from /home/khaled/dbt-env/lib/python3.12/site-packages/airflow/example_dags/example_setup_teardown.py
[2025-10-23T12:08:02.518+0000] {logging_mixin.py:188} INFO - [2025-10-23T12:08:02.517+0000] {dag.py:3089} INFO - Sync 1 DAGs
[2025-10-23T12:08:02.538+0000] {logging_mixin.py:188} INFO - [2025-10-23T12:08:02.537+0000] {dag.py:3947} INFO - Setting next_dagrun for example_setup_teardown to 2025-10-22 00:00:00+00:00, run_after=2025-10-23 00:00:00+00:00
[2025-10-23T12:08:02.560+0000] {processor.py:183} INFO - Processing /home/khaled/dbt-env/lib/python3.12/site-packages/airflow/example_dags/example_setup_teardown.py took 0.070 seconds
[2025-10-23T12:08:51.813+0000] {processor.py:161} INFO - Started process (PID=11518) to work on /home/khaled/dbt-env/lib/python3.12/site-packages/airflow/example_dags/example_setup_teardown.py
[2025-10-23T12:08:51.814+0000] {processor.py:830} INFO - Processing file /home/khaled/dbt-env/lib/python3.12/site-packages/airflow/example_dags/example_setup_teardown.py for tasks to queue
[2025-10-23T12:08:51.815+0000] {logging_mixin.py:188} INFO - [2025-10-23T12:08:51.815+0000] {dagbag.py:545} INFO - Filling up the DagBag from /home/khaled/dbt-env/lib/python3.12/site-packages/airflow/example_dags/example_setup_teardown.py
[2025-10-23T12:08:51.822+0000] {processor.py:840} INFO - DAG(s) 'example_setup_teardown' retrieved from /home/khaled/dbt-env/lib/python3.12/site-packages/airflow/example_dags/example_setup_teardown.py
[2025-10-23T12:08:51.967+0000] {logging_mixin.py:188} INFO - [2025-10-23T12:08:51.966+0000] {dag.py:3089} INFO - Sync 1 DAGs
[2025-10-23T12:08:51.985+0000] {logging_mixin.py:188} INFO - [2025-10-23T12:08:51.985+0000] {dag.py:3947} INFO - Setting next_dagrun for example_setup_teardown to 2025-10-22 00:00:00+00:00, run_after=2025-10-23 00:00:00+00:00
[2025-10-23T12:08:52.017+0000] {processor.py:183} INFO - Processing /home/khaled/dbt-env/lib/python3.12/site-packages/airflow/example_dags/example_setup_teardown.py took 0.209 seconds
[2025-10-23T12:09:41.020+0000] {processor.py:161} INFO - Started process (PID=11627) to work on /home/khaled/dbt-env/lib/python3.12/site-packages/airflow/example_dags/example_setup_teardown.py
[2025-10-23T12:09:41.021+0000] {processor.py:830} INFO - Processing file /home/khaled/dbt-env/lib/python3.12/site-packages/airflow/example_dags/example_setup_teardown.py for tasks to queue
[2025-10-23T12:09:41.023+0000] {logging_mixin.py:188} INFO - [2025-10-23T12:09:41.022+0000] {dagbag.py:545} INFO - Filling up the DagBag from /home/khaled/dbt-env/lib/python3.12/site-packages/airflow/example_dags/example_setup_teardown.py
[2025-10-23T12:09:41.029+0000] {processor.py:840} INFO - DAG(s) 'example_setup_teardown' retrieved from /home/khaled/dbt-env/lib/python3.12/site-packages/airflow/example_dags/example_setup_teardown.py
[2025-10-23T12:09:41.041+0000] {logging_mixin.py:188} INFO - [2025-10-23T12:09:41.041+0000] {dag.py:3089} INFO - Sync 1 DAGs
[2025-10-23T12:09:41.057+0000] {logging_mixin.py:188} INFO - [2025-10-23T12:09:41.057+0000] {dag.py:3947} INFO - Setting next_dagrun for example_setup_teardown to 2025-10-22 00:00:00+00:00, run_after=2025-10-23 00:00:00+00:00
[2025-10-23T12:09:41.077+0000] {processor.py:183} INFO - Processing /home/khaled/dbt-env/lib/python3.12/site-packages/airflow/example_dags/example_setup_teardown.py took 0.061 seconds
[2025-10-23T12:10:26.834+0000] {processor.py:161} INFO - Started process (PID=11682) to work on /home/khaled/dbt-env/lib/python3.12/site-packages/airflow/example_dags/example_setup_teardown.py
[2025-10-23T12:10:26.835+0000] {processor.py:830} INFO - Processing file /home/khaled/dbt-env/lib/python3.12/site-packages/airflow/example_dags/example_setup_teardown.py for tasks to queue
[2025-10-23T12:10:26.837+0000] {logging_mixin.py:188} INFO - [2025-10-23T12:10:26.837+0000] {dagbag.py:545} INFO - Filling up the DagBag from /home/khaled/dbt-env/lib/python3.12/site-packages/airflow/example_dags/example_setup_teardown.py
[2025-10-23T12:10:26.843+0000] {processor.py:840} INFO - DAG(s) 'example_setup_teardown' retrieved from /home/khaled/dbt-env/lib/python3.12/site-packages/airflow/example_dags/example_setup_teardown.py
[2025-10-23T12:10:26.856+0000] {logging_mixin.py:188} INFO - [2025-10-23T12:10:26.856+0000] {dag.py:3089} INFO - Sync 1 DAGs
[2025-10-23T12:10:26.874+0000] {logging_mixin.py:188} INFO - [2025-10-23T12:10:26.874+0000] {dag.py:3947} INFO - Setting next_dagrun for example_setup_teardown to 2025-10-22 00:00:00+00:00, run_after=2025-10-23 00:00:00+00:00
[2025-10-23T12:10:26.915+0000] {processor.py:183} INFO - Processing /home/khaled/dbt-env/lib/python3.12/site-packages/airflow/example_dags/example_setup_teardown.py took 0.086 seconds
