[2025-10-23T11:39:37.813+0000] {processor.py:161} INFO - Started process (PID=5966) to work on /home/khaled/dbt-env/lib/python3.12/site-packages/airflow/example_dags/example_branch_day_of_week_operator.py
[2025-10-23T11:39:37.814+0000] {processor.py:830} INFO - Processing file /home/khaled/dbt-env/lib/python3.12/site-packages/airflow/example_dags/example_branch_day_of_week_operator.py for tasks to queue
[2025-10-23T11:39:37.815+0000] {logging_mixin.py:188} INFO - [2025-10-23T11:39:37.815+0000] {dagbag.py:545} INFO - Filling up the DagBag from /home/khaled/dbt-env/lib/python3.12/site-packages/airflow/example_dags/example_branch_day_of_week_operator.py
[2025-10-23T11:39:37.821+0000] {processor.py:840} INFO - DAG(s) 'example_weekday_branch_operator' retrieved from /home/khaled/dbt-env/lib/python3.12/site-packages/airflow/example_dags/example_branch_day_of_week_operator.py
[2025-10-23T11:39:37.834+0000] {logging_mixin.py:188} INFO - [2025-10-23T11:39:37.833+0000] {dag.py:3089} INFO - Sync 1 DAGs
[2025-10-23T11:39:37.847+0000] {logging_mixin.py:188} INFO - [2025-10-23T11:39:37.847+0000] {dag.py:3947} INFO - Setting next_dagrun for example_weekday_branch_operator to 2025-10-22 00:00:00+00:00, run_after=2025-10-23 00:00:00+00:00
[2025-10-23T11:39:37.869+0000] {processor.py:183} INFO - Processing /home/khaled/dbt-env/lib/python3.12/site-packages/airflow/example_dags/example_branch_day_of_week_operator.py took 0.060 seconds
[2025-10-23T11:55:12.546+0000] {processor.py:161} INFO - Started process (PID=9579) to work on /home/khaled/dbt-env/lib/python3.12/site-packages/airflow/example_dags/example_branch_day_of_week_operator.py
[2025-10-23T11:55:12.557+0000] {processor.py:830} INFO - Processing file /home/khaled/dbt-env/lib/python3.12/site-packages/airflow/example_dags/example_branch_day_of_week_operator.py for tasks to queue
[2025-10-23T11:55:12.559+0000] {logging_mixin.py:188} INFO - [2025-10-23T11:55:12.559+0000] {dagbag.py:545} INFO - Filling up the DagBag from /home/khaled/dbt-env/lib/python3.12/site-packages/airflow/example_dags/example_branch_day_of_week_operator.py
[2025-10-23T11:55:12.564+0000] {processor.py:840} INFO - DAG(s) 'example_weekday_branch_operator' retrieved from /home/khaled/dbt-env/lib/python3.12/site-packages/airflow/example_dags/example_branch_day_of_week_operator.py
[2025-10-23T11:55:12.576+0000] {logging_mixin.py:188} INFO - [2025-10-23T11:55:12.576+0000] {dag.py:3089} INFO - Sync 1 DAGs
[2025-10-23T11:55:12.591+0000] {logging_mixin.py:188} INFO - [2025-10-23T11:55:12.590+0000] {dag.py:3947} INFO - Setting next_dagrun for example_weekday_branch_operator to 2025-10-22 00:00:00+00:00, run_after=2025-10-23 00:00:00+00:00
[2025-10-23T11:55:12.609+0000] {processor.py:183} INFO - Processing /home/khaled/dbt-env/lib/python3.12/site-packages/airflow/example_dags/example_branch_day_of_week_operator.py took 0.069 seconds
[2025-10-23T11:56:32.152+0000] {processor.py:161} INFO - Started process (PID=9948) to work on /home/khaled/dbt-env/lib/python3.12/site-packages/airflow/example_dags/example_branch_day_of_week_operator.py
[2025-10-23T11:56:32.165+0000] {processor.py:830} INFO - Processing file /home/khaled/dbt-env/lib/python3.12/site-packages/airflow/example_dags/example_branch_day_of_week_operator.py for tasks to queue
[2025-10-23T11:56:32.167+0000] {logging_mixin.py:188} INFO - [2025-10-23T11:56:32.167+0000] {dagbag.py:545} INFO - Filling up the DagBag from /home/khaled/dbt-env/lib/python3.12/site-packages/airflow/example_dags/example_branch_day_of_week_operator.py
[2025-10-23T11:56:32.173+0000] {processor.py:840} INFO - DAG(s) 'example_weekday_branch_operator' retrieved from /home/khaled/dbt-env/lib/python3.12/site-packages/airflow/example_dags/example_branch_day_of_week_operator.py
[2025-10-23T11:56:32.187+0000] {logging_mixin.py:188} INFO - [2025-10-23T11:56:32.187+0000] {dag.py:3089} INFO - Sync 1 DAGs
[2025-10-23T11:56:32.202+0000] {logging_mixin.py:188} INFO - [2025-10-23T11:56:32.201+0000] {dag.py:3947} INFO - Setting next_dagrun for example_weekday_branch_operator to 2025-10-22 00:00:00+00:00, run_after=2025-10-23 00:00:00+00:00
[2025-10-23T11:56:32.221+0000] {processor.py:183} INFO - Processing /home/khaled/dbt-env/lib/python3.12/site-packages/airflow/example_dags/example_branch_day_of_week_operator.py took 0.078 seconds
[2025-10-23T11:58:00.754+0000] {processor.py:161} INFO - Started process (PID=10034) to work on /home/khaled/dbt-env/lib/python3.12/site-packages/airflow/example_dags/example_branch_day_of_week_operator.py
[2025-10-23T11:58:00.767+0000] {processor.py:830} INFO - Processing file /home/khaled/dbt-env/lib/python3.12/site-packages/airflow/example_dags/example_branch_day_of_week_operator.py for tasks to queue
[2025-10-23T11:58:00.770+0000] {logging_mixin.py:188} INFO - [2025-10-23T11:58:00.768+0000] {dagbag.py:545} INFO - Filling up the DagBag from /home/khaled/dbt-env/lib/python3.12/site-packages/airflow/example_dags/example_branch_day_of_week_operator.py
[2025-10-23T11:58:00.780+0000] {processor.py:840} INFO - DAG(s) 'example_weekday_branch_operator' retrieved from /home/khaled/dbt-env/lib/python3.12/site-packages/airflow/example_dags/example_branch_day_of_week_operator.py
[2025-10-23T11:58:00.801+0000] {logging_mixin.py:188} INFO - [2025-10-23T11:58:00.801+0000] {dag.py:3089} INFO - Sync 1 DAGs
[2025-10-23T11:58:00.817+0000] {logging_mixin.py:188} INFO - [2025-10-23T11:58:00.816+0000] {dag.py:3947} INFO - Setting next_dagrun for example_weekday_branch_operator to 2025-10-22 00:00:00+00:00, run_after=2025-10-23 00:00:00+00:00
[2025-10-23T11:58:00.839+0000] {processor.py:183} INFO - Processing /home/khaled/dbt-env/lib/python3.12/site-packages/airflow/example_dags/example_branch_day_of_week_operator.py took 0.093 seconds
[2025-10-23T11:59:42.209+0000] {processor.py:161} INFO - Started process (PID=10187) to work on /home/khaled/dbt-env/lib/python3.12/site-packages/airflow/example_dags/example_branch_day_of_week_operator.py
[2025-10-23T11:59:42.236+0000] {processor.py:830} INFO - Processing file /home/khaled/dbt-env/lib/python3.12/site-packages/airflow/example_dags/example_branch_day_of_week_operator.py for tasks to queue
[2025-10-23T11:59:42.264+0000] {logging_mixin.py:188} INFO - [2025-10-23T11:59:42.258+0000] {dagbag.py:545} INFO - Filling up the DagBag from /home/khaled/dbt-env/lib/python3.12/site-packages/airflow/example_dags/example_branch_day_of_week_operator.py
[2025-10-23T11:59:42.330+0000] {processor.py:840} INFO - DAG(s) 'example_weekday_branch_operator' retrieved from /home/khaled/dbt-env/lib/python3.12/site-packages/airflow/example_dags/example_branch_day_of_week_operator.py
[2025-10-23T11:59:42.645+0000] {logging_mixin.py:188} INFO - [2025-10-23T11:59:42.644+0000] {dag.py:3089} INFO - Sync 1 DAGs
[2025-10-23T11:59:42.930+0000] {logging_mixin.py:188} INFO - [2025-10-23T11:59:42.928+0000] {dag.py:3947} INFO - Setting next_dagrun for example_weekday_branch_operator to 2025-10-22 00:00:00+00:00, run_after=2025-10-23 00:00:00+00:00
[2025-10-23T11:59:43.166+0000] {processor.py:183} INFO - Processing /home/khaled/dbt-env/lib/python3.12/site-packages/airflow/example_dags/example_branch_day_of_week_operator.py took 0.979 seconds
[2025-10-23T12:00:57.511+0000] {processor.py:161} INFO - Started process (PID=10267) to work on /home/khaled/dbt-env/lib/python3.12/site-packages/airflow/example_dags/example_branch_day_of_week_operator.py
[2025-10-23T12:00:57.514+0000] {processor.py:830} INFO - Processing file /home/khaled/dbt-env/lib/python3.12/site-packages/airflow/example_dags/example_branch_day_of_week_operator.py for tasks to queue
[2025-10-23T12:00:57.516+0000] {logging_mixin.py:188} INFO - [2025-10-23T12:00:57.516+0000] {dagbag.py:545} INFO - Filling up the DagBag from /home/khaled/dbt-env/lib/python3.12/site-packages/airflow/example_dags/example_branch_day_of_week_operator.py
[2025-10-23T12:00:57.529+0000] {processor.py:840} INFO - DAG(s) 'example_weekday_branch_operator' retrieved from /home/khaled/dbt-env/lib/python3.12/site-packages/airflow/example_dags/example_branch_day_of_week_operator.py
[2025-10-23T12:00:57.577+0000] {logging_mixin.py:188} INFO - [2025-10-23T12:00:57.574+0000] {dag.py:3089} INFO - Sync 1 DAGs
[2025-10-23T12:00:57.625+0000] {logging_mixin.py:188} INFO - [2025-10-23T12:00:57.625+0000] {dag.py:3947} INFO - Setting next_dagrun for example_weekday_branch_operator to 2025-10-22 00:00:00+00:00, run_after=2025-10-23 00:00:00+00:00
[2025-10-23T12:00:57.679+0000] {processor.py:183} INFO - Processing /home/khaled/dbt-env/lib/python3.12/site-packages/airflow/example_dags/example_branch_day_of_week_operator.py took 0.181 seconds
[2025-10-23T12:03:04.223+0000] {processor.py:161} INFO - Started process (PID=10665) to work on /home/khaled/dbt-env/lib/python3.12/site-packages/airflow/example_dags/example_branch_day_of_week_operator.py
[2025-10-23T12:03:04.245+0000] {processor.py:830} INFO - Processing file /home/khaled/dbt-env/lib/python3.12/site-packages/airflow/example_dags/example_branch_day_of_week_operator.py for tasks to queue
[2025-10-23T12:03:04.286+0000] {logging_mixin.py:188} INFO - [2025-10-23T12:03:04.277+0000] {dagbag.py:545} INFO - Filling up the DagBag from /home/khaled/dbt-env/lib/python3.12/site-packages/airflow/example_dags/example_branch_day_of_week_operator.py
[2025-10-23T12:03:04.364+0000] {processor.py:840} INFO - DAG(s) 'example_weekday_branch_operator' retrieved from /home/khaled/dbt-env/lib/python3.12/site-packages/airflow/example_dags/example_branch_day_of_week_operator.py
[2025-10-23T12:03:04.523+0000] {logging_mixin.py:188} INFO - [2025-10-23T12:03:04.520+0000] {dag.py:3089} INFO - Sync 1 DAGs
[2025-10-23T12:03:04.757+0000] {logging_mixin.py:188} INFO - [2025-10-23T12:03:04.751+0000] {dag.py:3947} INFO - Setting next_dagrun for example_weekday_branch_operator to 2025-10-22 00:00:00+00:00, run_after=2025-10-23 00:00:00+00:00
[2025-10-23T12:03:04.896+0000] {processor.py:183} INFO - Processing /home/khaled/dbt-env/lib/python3.12/site-packages/airflow/example_dags/example_branch_day_of_week_operator.py took 0.726 seconds
[2025-10-23T12:04:15.323+0000] {processor.py:161} INFO - Started process (PID=10766) to work on /home/khaled/dbt-env/lib/python3.12/site-packages/airflow/example_dags/example_branch_day_of_week_operator.py
[2025-10-23T12:04:15.334+0000] {processor.py:830} INFO - Processing file /home/khaled/dbt-env/lib/python3.12/site-packages/airflow/example_dags/example_branch_day_of_week_operator.py for tasks to queue
[2025-10-23T12:04:15.336+0000] {logging_mixin.py:188} INFO - [2025-10-23T12:04:15.336+0000] {dagbag.py:545} INFO - Filling up the DagBag from /home/khaled/dbt-env/lib/python3.12/site-packages/airflow/example_dags/example_branch_day_of_week_operator.py
[2025-10-23T12:04:15.342+0000] {processor.py:840} INFO - DAG(s) 'example_weekday_branch_operator' retrieved from /home/khaled/dbt-env/lib/python3.12/site-packages/airflow/example_dags/example_branch_day_of_week_operator.py
[2025-10-23T12:04:15.354+0000] {logging_mixin.py:188} INFO - [2025-10-23T12:04:15.354+0000] {dag.py:3089} INFO - Sync 1 DAGs
[2025-10-23T12:04:15.368+0000] {logging_mixin.py:188} INFO - [2025-10-23T12:04:15.368+0000] {dag.py:3947} INFO - Setting next_dagrun for example_weekday_branch_operator to 2025-10-22 00:00:00+00:00, run_after=2025-10-23 00:00:00+00:00
[2025-10-23T12:04:15.390+0000] {processor.py:183} INFO - Processing /home/khaled/dbt-env/lib/python3.12/site-packages/airflow/example_dags/example_branch_day_of_week_operator.py took 0.072 seconds
[2025-10-23T12:05:15.249+0000] {processor.py:161} INFO - Started process (PID=11171) to work on /home/khaled/dbt-env/lib/python3.12/site-packages/airflow/example_dags/example_branch_day_of_week_operator.py
[2025-10-23T12:05:15.260+0000] {processor.py:830} INFO - Processing file /home/khaled/dbt-env/lib/python3.12/site-packages/airflow/example_dags/example_branch_day_of_week_operator.py for tasks to queue
[2025-10-23T12:05:15.261+0000] {logging_mixin.py:188} INFO - [2025-10-23T12:05:15.261+0000] {dagbag.py:545} INFO - Filling up the DagBag from /home/khaled/dbt-env/lib/python3.12/site-packages/airflow/example_dags/example_branch_day_of_week_operator.py
[2025-10-23T12:05:15.267+0000] {processor.py:840} INFO - DAG(s) 'example_weekday_branch_operator' retrieved from /home/khaled/dbt-env/lib/python3.12/site-packages/airflow/example_dags/example_branch_day_of_week_operator.py
[2025-10-23T12:05:15.280+0000] {logging_mixin.py:188} INFO - [2025-10-23T12:05:15.280+0000] {dag.py:3089} INFO - Sync 1 DAGs
[2025-10-23T12:05:15.294+0000] {logging_mixin.py:188} INFO - [2025-10-23T12:05:15.294+0000] {dag.py:3947} INFO - Setting next_dagrun for example_weekday_branch_operator to 2025-10-22 00:00:00+00:00, run_after=2025-10-23 00:00:00+00:00
[2025-10-23T12:05:15.320+0000] {processor.py:183} INFO - Processing /home/khaled/dbt-env/lib/python3.12/site-packages/airflow/example_dags/example_branch_day_of_week_operator.py took 0.075 seconds
[2025-10-23T12:06:22.012+0000] {processor.py:161} INFO - Started process (PID=11275) to work on /home/khaled/dbt-env/lib/python3.12/site-packages/airflow/example_dags/example_branch_day_of_week_operator.py
[2025-10-23T12:06:22.013+0000] {processor.py:830} INFO - Processing file /home/khaled/dbt-env/lib/python3.12/site-packages/airflow/example_dags/example_branch_day_of_week_operator.py for tasks to queue
[2025-10-23T12:06:22.015+0000] {logging_mixin.py:188} INFO - [2025-10-23T12:06:22.015+0000] {dagbag.py:545} INFO - Filling up the DagBag from /home/khaled/dbt-env/lib/python3.12/site-packages/airflow/example_dags/example_branch_day_of_week_operator.py
[2025-10-23T12:06:22.023+0000] {processor.py:840} INFO - DAG(s) 'example_weekday_branch_operator' retrieved from /home/khaled/dbt-env/lib/python3.12/site-packages/airflow/example_dags/example_branch_day_of_week_operator.py
[2025-10-23T12:06:22.040+0000] {logging_mixin.py:188} INFO - [2025-10-23T12:06:22.040+0000] {dag.py:3089} INFO - Sync 1 DAGs
[2025-10-23T12:06:22.056+0000] {logging_mixin.py:188} INFO - [2025-10-23T12:06:22.056+0000] {dag.py:3947} INFO - Setting next_dagrun for example_weekday_branch_operator to 2025-10-22 00:00:00+00:00, run_after=2025-10-23 00:00:00+00:00
[2025-10-23T12:06:22.078+0000] {processor.py:183} INFO - Processing /home/khaled/dbt-env/lib/python3.12/site-packages/airflow/example_dags/example_branch_day_of_week_operator.py took 0.072 seconds
[2025-10-23T12:07:26.268+0000] {processor.py:161} INFO - Started process (PID=11363) to work on /home/khaled/dbt-env/lib/python3.12/site-packages/airflow/example_dags/example_branch_day_of_week_operator.py
[2025-10-23T12:07:26.270+0000] {processor.py:830} INFO - Processing file /home/khaled/dbt-env/lib/python3.12/site-packages/airflow/example_dags/example_branch_day_of_week_operator.py for tasks to queue
[2025-10-23T12:07:26.271+0000] {logging_mixin.py:188} INFO - [2025-10-23T12:07:26.271+0000] {dagbag.py:545} INFO - Filling up the DagBag from /home/khaled/dbt-env/lib/python3.12/site-packages/airflow/example_dags/example_branch_day_of_week_operator.py
[2025-10-23T12:07:26.277+0000] {processor.py:840} INFO - DAG(s) 'example_weekday_branch_operator' retrieved from /home/khaled/dbt-env/lib/python3.12/site-packages/airflow/example_dags/example_branch_day_of_week_operator.py
[2025-10-23T12:07:26.291+0000] {logging_mixin.py:188} INFO - [2025-10-23T12:07:26.290+0000] {dag.py:3089} INFO - Sync 1 DAGs
[2025-10-23T12:07:26.393+0000] {logging_mixin.py:188} INFO - [2025-10-23T12:07:26.393+0000] {dag.py:3947} INFO - Setting next_dagrun for example_weekday_branch_operator to 2025-10-22 00:00:00+00:00, run_after=2025-10-23 00:00:00+00:00
[2025-10-23T12:07:26.429+0000] {processor.py:183} INFO - Processing /home/khaled/dbt-env/lib/python3.12/site-packages/airflow/example_dags/example_branch_day_of_week_operator.py took 0.165 seconds
[2025-10-23T12:08:40.670+0000] {processor.py:161} INFO - Started process (PID=11479) to work on /home/khaled/dbt-env/lib/python3.12/site-packages/airflow/example_dags/example_branch_day_of_week_operator.py
[2025-10-23T12:08:40.672+0000] {processor.py:830} INFO - Processing file /home/khaled/dbt-env/lib/python3.12/site-packages/airflow/example_dags/example_branch_day_of_week_operator.py for tasks to queue
[2025-10-23T12:08:40.673+0000] {logging_mixin.py:188} INFO - [2025-10-23T12:08:40.673+0000] {dagbag.py:545} INFO - Filling up the DagBag from /home/khaled/dbt-env/lib/python3.12/site-packages/airflow/example_dags/example_branch_day_of_week_operator.py
[2025-10-23T12:08:40.680+0000] {processor.py:840} INFO - DAG(s) 'example_weekday_branch_operator' retrieved from /home/khaled/dbt-env/lib/python3.12/site-packages/airflow/example_dags/example_branch_day_of_week_operator.py
[2025-10-23T12:08:40.694+0000] {logging_mixin.py:188} INFO - [2025-10-23T12:08:40.693+0000] {dag.py:3089} INFO - Sync 1 DAGs
[2025-10-23T12:08:40.795+0000] {logging_mixin.py:188} INFO - [2025-10-23T12:08:40.795+0000] {dag.py:3947} INFO - Setting next_dagrun for example_weekday_branch_operator to 2025-10-22 00:00:00+00:00, run_after=2025-10-23 00:00:00+00:00
[2025-10-23T12:08:40.825+0000] {processor.py:183} INFO - Processing /home/khaled/dbt-env/lib/python3.12/site-packages/airflow/example_dags/example_branch_day_of_week_operator.py took 0.159 seconds
[2025-10-23T12:09:54.587+0000] {processor.py:161} INFO - Started process (PID=11641) to work on /home/khaled/dbt-env/lib/python3.12/site-packages/airflow/example_dags/example_branch_day_of_week_operator.py
[2025-10-23T12:09:54.598+0000] {processor.py:830} INFO - Processing file /home/khaled/dbt-env/lib/python3.12/site-packages/airflow/example_dags/example_branch_day_of_week_operator.py for tasks to queue
[2025-10-23T12:09:54.600+0000] {logging_mixin.py:188} INFO - [2025-10-23T12:09:54.600+0000] {dagbag.py:545} INFO - Filling up the DagBag from /home/khaled/dbt-env/lib/python3.12/site-packages/airflow/example_dags/example_branch_day_of_week_operator.py
[2025-10-23T12:09:54.607+0000] {processor.py:840} INFO - DAG(s) 'example_weekday_branch_operator' retrieved from /home/khaled/dbt-env/lib/python3.12/site-packages/airflow/example_dags/example_branch_day_of_week_operator.py
[2025-10-23T12:09:54.623+0000] {logging_mixin.py:188} INFO - [2025-10-23T12:09:54.623+0000] {dag.py:3089} INFO - Sync 1 DAGs
[2025-10-23T12:09:54.640+0000] {logging_mixin.py:188} INFO - [2025-10-23T12:09:54.639+0000] {dag.py:3947} INFO - Setting next_dagrun for example_weekday_branch_operator to 2025-10-22 00:00:00+00:00, run_after=2025-10-23 00:00:00+00:00
[2025-10-23T12:09:54.660+0000] {processor.py:183} INFO - Processing /home/khaled/dbt-env/lib/python3.12/site-packages/airflow/example_dags/example_branch_day_of_week_operator.py took 0.079 seconds
[2025-10-23T12:11:29.194+0000] {processor.py:161} INFO - Started process (PID=11730) to work on /home/khaled/dbt-env/lib/python3.12/site-packages/airflow/example_dags/example_branch_day_of_week_operator.py
[2025-10-23T12:11:29.307+0000] {processor.py:830} INFO - Processing file /home/khaled/dbt-env/lib/python3.12/site-packages/airflow/example_dags/example_branch_day_of_week_operator.py for tasks to queue
[2025-10-23T12:11:29.355+0000] {logging_mixin.py:188} INFO - [2025-10-23T12:11:29.351+0000] {dagbag.py:545} INFO - Filling up the DagBag from /home/khaled/dbt-env/lib/python3.12/site-packages/airflow/example_dags/example_branch_day_of_week_operator.py
[2025-10-23T12:11:29.560+0000] {processor.py:840} INFO - DAG(s) 'example_weekday_branch_operator' retrieved from /home/khaled/dbt-env/lib/python3.12/site-packages/airflow/example_dags/example_branch_day_of_week_operator.py
[2025-10-23T12:11:29.756+0000] {logging_mixin.py:188} INFO - [2025-10-23T12:11:29.755+0000] {dag.py:3089} INFO - Sync 1 DAGs
[2025-10-23T12:11:30.373+0000] {logging_mixin.py:188} INFO - [2025-10-23T12:11:30.359+0000] {dag.py:3947} INFO - Setting next_dagrun for example_weekday_branch_operator to 2025-10-22 00:00:00+00:00, run_after=2025-10-23 00:00:00+00:00
[2025-10-23T12:11:31.038+0000] {processor.py:183} INFO - Processing /home/khaled/dbt-env/lib/python3.12/site-packages/airflow/example_dags/example_branch_day_of_week_operator.py took 1.929 seconds
