[2025-10-23T11:39:14.283+0000] {processor.py:161} INFO - Started process (PID=5936) to work on /home/khaled/dbt-env/lib/python3.12/site-packages/airflow/example_dags/example_sensors.py
[2025-10-23T11:39:14.285+0000] {processor.py:830} INFO - Processing file /home/khaled/dbt-env/lib/python3.12/site-packages/airflow/example_dags/example_sensors.py for tasks to queue
[2025-10-23T11:39:14.289+0000] {logging_mixin.py:188} INFO - [2025-10-23T11:39:14.288+0000] {dagbag.py:545} INFO - Filling up the DagBag from /home/khaled/dbt-env/lib/python3.12/site-packages/airflow/example_dags/example_sensors.py
[2025-10-23T11:39:14.301+0000] {processor.py:840} INFO - DAG(s) 'example_sensors' retrieved from /home/khaled/dbt-env/lib/python3.12/site-packages/airflow/example_dags/example_sensors.py
[2025-10-23T11:39:14.333+0000] {logging_mixin.py:188} INFO - [2025-10-23T11:39:14.333+0000] {dag.py:3089} INFO - Sync 1 DAGs
[2025-10-23T11:39:14.351+0000] {logging_mixin.py:188} INFO - [2025-10-23T11:39:14.351+0000] {dag.py:3947} INFO - Setting next_dagrun for example_sensors to None, run_after=None
[2025-10-23T11:39:14.390+0000] {processor.py:183} INFO - Processing /home/khaled/dbt-env/lib/python3.12/site-packages/airflow/example_dags/example_sensors.py took 0.111 seconds
[2025-10-23T11:54:50.760+0000] {processor.py:161} INFO - Started process (PID=9511) to work on /home/khaled/dbt-env/lib/python3.12/site-packages/airflow/example_dags/example_sensors.py
[2025-10-23T11:54:50.772+0000] {processor.py:830} INFO - Processing file /home/khaled/dbt-env/lib/python3.12/site-packages/airflow/example_dags/example_sensors.py for tasks to queue
[2025-10-23T11:54:50.774+0000] {logging_mixin.py:188} INFO - [2025-10-23T11:54:50.773+0000] {dagbag.py:545} INFO - Filling up the DagBag from /home/khaled/dbt-env/lib/python3.12/site-packages/airflow/example_dags/example_sensors.py
[2025-10-23T11:54:50.781+0000] {processor.py:840} INFO - DAG(s) 'example_sensors' retrieved from /home/khaled/dbt-env/lib/python3.12/site-packages/airflow/example_dags/example_sensors.py
[2025-10-23T11:54:50.801+0000] {logging_mixin.py:188} INFO - [2025-10-23T11:54:50.801+0000] {dag.py:3089} INFO - Sync 1 DAGs
[2025-10-23T11:54:50.812+0000] {logging_mixin.py:188} INFO - [2025-10-23T11:54:50.811+0000] {dag.py:3947} INFO - Setting next_dagrun for example_sensors to None, run_after=None
[2025-10-23T11:54:50.833+0000] {processor.py:183} INFO - Processing /home/khaled/dbt-env/lib/python3.12/site-packages/airflow/example_dags/example_sensors.py took 0.077 seconds
[2025-10-23T11:55:48.372+0000] {processor.py:161} INFO - Started process (PID=9748) to work on /home/khaled/dbt-env/lib/python3.12/site-packages/airflow/example_dags/example_sensors.py
[2025-10-23T11:55:48.391+0000] {processor.py:830} INFO - Processing file /home/khaled/dbt-env/lib/python3.12/site-packages/airflow/example_dags/example_sensors.py for tasks to queue
[2025-10-23T11:55:48.408+0000] {logging_mixin.py:188} INFO - [2025-10-23T11:55:48.404+0000] {dagbag.py:545} INFO - Filling up the DagBag from /home/khaled/dbt-env/lib/python3.12/site-packages/airflow/example_dags/example_sensors.py
[2025-10-23T11:55:48.447+0000] {processor.py:840} INFO - DAG(s) 'example_sensors' retrieved from /home/khaled/dbt-env/lib/python3.12/site-packages/airflow/example_dags/example_sensors.py
[2025-10-23T11:55:48.511+0000] {logging_mixin.py:188} INFO - [2025-10-23T11:55:48.508+0000] {dag.py:3089} INFO - Sync 1 DAGs
[2025-10-23T11:55:48.553+0000] {logging_mixin.py:188} INFO - [2025-10-23T11:55:48.553+0000] {dag.py:3947} INFO - Setting next_dagrun for example_sensors to None, run_after=None
[2025-10-23T11:55:48.668+0000] {processor.py:183} INFO - Processing /home/khaled/dbt-env/lib/python3.12/site-packages/airflow/example_dags/example_sensors.py took 0.316 seconds
[2025-10-23T11:57:21.387+0000] {processor.py:161} INFO - Started process (PID=9987) to work on /home/khaled/dbt-env/lib/python3.12/site-packages/airflow/example_dags/example_sensors.py
[2025-10-23T11:57:21.390+0000] {processor.py:830} INFO - Processing file /home/khaled/dbt-env/lib/python3.12/site-packages/airflow/example_dags/example_sensors.py for tasks to queue
[2025-10-23T11:57:21.392+0000] {logging_mixin.py:188} INFO - [2025-10-23T11:57:21.391+0000] {dagbag.py:545} INFO - Filling up the DagBag from /home/khaled/dbt-env/lib/python3.12/site-packages/airflow/example_dags/example_sensors.py
[2025-10-23T11:57:21.398+0000] {processor.py:840} INFO - DAG(s) 'example_sensors' retrieved from /home/khaled/dbt-env/lib/python3.12/site-packages/airflow/example_dags/example_sensors.py
[2025-10-23T11:57:21.413+0000] {logging_mixin.py:188} INFO - [2025-10-23T11:57:21.412+0000] {dag.py:3089} INFO - Sync 1 DAGs
[2025-10-23T11:57:21.421+0000] {logging_mixin.py:188} INFO - [2025-10-23T11:57:21.421+0000] {dag.py:3947} INFO - Setting next_dagrun for example_sensors to None, run_after=None
[2025-10-23T11:57:21.441+0000] {processor.py:183} INFO - Processing /home/khaled/dbt-env/lib/python3.12/site-packages/airflow/example_dags/example_sensors.py took 0.063 seconds
[2025-10-23T11:58:15.087+0000] {processor.py:161} INFO - Started process (PID=10051) to work on /home/khaled/dbt-env/lib/python3.12/site-packages/airflow/example_dags/example_sensors.py
[2025-10-23T11:58:15.088+0000] {processor.py:830} INFO - Processing file /home/khaled/dbt-env/lib/python3.12/site-packages/airflow/example_dags/example_sensors.py for tasks to queue
[2025-10-23T11:58:15.090+0000] {logging_mixin.py:188} INFO - [2025-10-23T11:58:15.089+0000] {dagbag.py:545} INFO - Filling up the DagBag from /home/khaled/dbt-env/lib/python3.12/site-packages/airflow/example_dags/example_sensors.py
[2025-10-23T11:58:15.097+0000] {processor.py:840} INFO - DAG(s) 'example_sensors' retrieved from /home/khaled/dbt-env/lib/python3.12/site-packages/airflow/example_dags/example_sensors.py
[2025-10-23T11:58:15.112+0000] {logging_mixin.py:188} INFO - [2025-10-23T11:58:15.112+0000] {dag.py:3089} INFO - Sync 1 DAGs
[2025-10-23T11:58:15.121+0000] {logging_mixin.py:188} INFO - [2025-10-23T11:58:15.121+0000] {dag.py:3947} INFO - Setting next_dagrun for example_sensors to None, run_after=None
[2025-10-23T11:58:15.148+0000] {processor.py:183} INFO - Processing /home/khaled/dbt-env/lib/python3.12/site-packages/airflow/example_dags/example_sensors.py took 0.065 seconds
[2025-10-23T11:59:15.229+0000] {processor.py:161} INFO - Started process (PID=10171) to work on /home/khaled/dbt-env/lib/python3.12/site-packages/airflow/example_dags/example_sensors.py
[2025-10-23T11:59:15.242+0000] {processor.py:830} INFO - Processing file /home/khaled/dbt-env/lib/python3.12/site-packages/airflow/example_dags/example_sensors.py for tasks to queue
[2025-10-23T11:59:15.256+0000] {logging_mixin.py:188} INFO - [2025-10-23T11:59:15.254+0000] {dagbag.py:545} INFO - Filling up the DagBag from /home/khaled/dbt-env/lib/python3.12/site-packages/airflow/example_dags/example_sensors.py
[2025-10-23T11:59:15.367+0000] {processor.py:840} INFO - DAG(s) 'example_sensors' retrieved from /home/khaled/dbt-env/lib/python3.12/site-packages/airflow/example_dags/example_sensors.py
[2025-10-23T11:59:16.619+0000] {logging_mixin.py:188} INFO - [2025-10-23T11:59:16.615+0000] {dag.py:3089} INFO - Sync 1 DAGs
[2025-10-23T11:59:16.767+0000] {logging_mixin.py:188} INFO - [2025-10-23T11:59:16.762+0000] {dag.py:3947} INFO - Setting next_dagrun for example_sensors to None, run_after=None
[2025-10-23T11:59:17.108+0000] {processor.py:183} INFO - Processing /home/khaled/dbt-env/lib/python3.12/site-packages/airflow/example_dags/example_sensors.py took 1.904 seconds
[2025-10-23T12:00:48.488+0000] {processor.py:161} INFO - Started process (PID=10253) to work on /home/khaled/dbt-env/lib/python3.12/site-packages/airflow/example_dags/example_sensors.py
[2025-10-23T12:00:48.489+0000] {processor.py:830} INFO - Processing file /home/khaled/dbt-env/lib/python3.12/site-packages/airflow/example_dags/example_sensors.py for tasks to queue
[2025-10-23T12:00:48.491+0000] {logging_mixin.py:188} INFO - [2025-10-23T12:00:48.491+0000] {dagbag.py:545} INFO - Filling up the DagBag from /home/khaled/dbt-env/lib/python3.12/site-packages/airflow/example_dags/example_sensors.py
[2025-10-23T12:00:48.497+0000] {processor.py:840} INFO - DAG(s) 'example_sensors' retrieved from /home/khaled/dbt-env/lib/python3.12/site-packages/airflow/example_dags/example_sensors.py
[2025-10-23T12:00:48.512+0000] {logging_mixin.py:188} INFO - [2025-10-23T12:00:48.512+0000] {dag.py:3089} INFO - Sync 1 DAGs
[2025-10-23T12:00:48.521+0000] {logging_mixin.py:188} INFO - [2025-10-23T12:00:48.521+0000] {dag.py:3947} INFO - Setting next_dagrun for example_sensors to None, run_after=None
[2025-10-23T12:00:48.553+0000] {processor.py:183} INFO - Processing /home/khaled/dbt-env/lib/python3.12/site-packages/airflow/example_dags/example_sensors.py took 0.070 seconds
[2025-10-23T12:01:59.573+0000] {processor.py:161} INFO - Started process (PID=10593) to work on /home/khaled/dbt-env/lib/python3.12/site-packages/airflow/example_dags/example_sensors.py
[2025-10-23T12:01:59.584+0000] {processor.py:830} INFO - Processing file /home/khaled/dbt-env/lib/python3.12/site-packages/airflow/example_dags/example_sensors.py for tasks to queue
[2025-10-23T12:01:59.586+0000] {logging_mixin.py:188} INFO - [2025-10-23T12:01:59.585+0000] {dagbag.py:545} INFO - Filling up the DagBag from /home/khaled/dbt-env/lib/python3.12/site-packages/airflow/example_dags/example_sensors.py
[2025-10-23T12:01:59.593+0000] {processor.py:840} INFO - DAG(s) 'example_sensors' retrieved from /home/khaled/dbt-env/lib/python3.12/site-packages/airflow/example_dags/example_sensors.py
[2025-10-23T12:01:59.609+0000] {logging_mixin.py:188} INFO - [2025-10-23T12:01:59.609+0000] {dag.py:3089} INFO - Sync 1 DAGs
[2025-10-23T12:01:59.617+0000] {logging_mixin.py:188} INFO - [2025-10-23T12:01:59.617+0000] {dag.py:3947} INFO - Setting next_dagrun for example_sensors to None, run_after=None
[2025-10-23T12:01:59.637+0000] {processor.py:183} INFO - Processing /home/khaled/dbt-env/lib/python3.12/site-packages/airflow/example_dags/example_sensors.py took 0.068 seconds
[2025-10-23T12:03:35.267+0000] {processor.py:161} INFO - Started process (PID=10701) to work on /home/khaled/dbt-env/lib/python3.12/site-packages/airflow/example_dags/example_sensors.py
[2025-10-23T12:03:35.269+0000] {processor.py:830} INFO - Processing file /home/khaled/dbt-env/lib/python3.12/site-packages/airflow/example_dags/example_sensors.py for tasks to queue
[2025-10-23T12:03:35.270+0000] {logging_mixin.py:188} INFO - [2025-10-23T12:03:35.270+0000] {dagbag.py:545} INFO - Filling up the DagBag from /home/khaled/dbt-env/lib/python3.12/site-packages/airflow/example_dags/example_sensors.py
[2025-10-23T12:03:35.276+0000] {processor.py:840} INFO - DAG(s) 'example_sensors' retrieved from /home/khaled/dbt-env/lib/python3.12/site-packages/airflow/example_dags/example_sensors.py
[2025-10-23T12:03:35.292+0000] {logging_mixin.py:188} INFO - [2025-10-23T12:03:35.291+0000] {dag.py:3089} INFO - Sync 1 DAGs
[2025-10-23T12:03:35.301+0000] {logging_mixin.py:188} INFO - [2025-10-23T12:03:35.301+0000] {dag.py:3947} INFO - Setting next_dagrun for example_sensors to None, run_after=None
[2025-10-23T12:03:35.319+0000] {processor.py:183} INFO - Processing /home/khaled/dbt-env/lib/python3.12/site-packages/airflow/example_dags/example_sensors.py took 0.056 seconds
[2025-10-23T12:04:41.350+0000] {processor.py:161} INFO - Started process (PID=10836) to work on /home/khaled/dbt-env/lib/python3.12/site-packages/airflow/example_dags/example_sensors.py
[2025-10-23T12:04:41.356+0000] {processor.py:830} INFO - Processing file /home/khaled/dbt-env/lib/python3.12/site-packages/airflow/example_dags/example_sensors.py for tasks to queue
[2025-10-23T12:04:41.360+0000] {logging_mixin.py:188} INFO - [2025-10-23T12:04:41.358+0000] {dagbag.py:545} INFO - Filling up the DagBag from /home/khaled/dbt-env/lib/python3.12/site-packages/airflow/example_dags/example_sensors.py
[2025-10-23T12:04:41.370+0000] {processor.py:840} INFO - DAG(s) 'example_sensors' retrieved from /home/khaled/dbt-env/lib/python3.12/site-packages/airflow/example_dags/example_sensors.py
[2025-10-23T12:04:41.386+0000] {logging_mixin.py:188} INFO - [2025-10-23T12:04:41.385+0000] {dag.py:3089} INFO - Sync 1 DAGs
[2025-10-23T12:04:41.397+0000] {logging_mixin.py:188} INFO - [2025-10-23T12:04:41.397+0000] {dag.py:3947} INFO - Setting next_dagrun for example_sensors to None, run_after=None
[2025-10-23T12:04:41.526+0000] {processor.py:183} INFO - Processing /home/khaled/dbt-env/lib/python3.12/site-packages/airflow/example_dags/example_sensors.py took 0.181 seconds
[2025-10-23T12:05:33.270+0000] {processor.py:161} INFO - Started process (PID=11203) to work on /home/khaled/dbt-env/lib/python3.12/site-packages/airflow/example_dags/example_sensors.py
[2025-10-23T12:05:33.271+0000] {processor.py:830} INFO - Processing file /home/khaled/dbt-env/lib/python3.12/site-packages/airflow/example_dags/example_sensors.py for tasks to queue
[2025-10-23T12:05:33.272+0000] {logging_mixin.py:188} INFO - [2025-10-23T12:05:33.272+0000] {dagbag.py:545} INFO - Filling up the DagBag from /home/khaled/dbt-env/lib/python3.12/site-packages/airflow/example_dags/example_sensors.py
[2025-10-23T12:05:33.279+0000] {processor.py:840} INFO - DAG(s) 'example_sensors' retrieved from /home/khaled/dbt-env/lib/python3.12/site-packages/airflow/example_dags/example_sensors.py
[2025-10-23T12:05:33.294+0000] {logging_mixin.py:188} INFO - [2025-10-23T12:05:33.294+0000] {dag.py:3089} INFO - Sync 1 DAGs
[2025-10-23T12:05:33.303+0000] {logging_mixin.py:188} INFO - [2025-10-23T12:05:33.303+0000] {dag.py:3947} INFO - Setting next_dagrun for example_sensors to None, run_after=None
[2025-10-23T12:05:33.335+0000] {processor.py:183} INFO - Processing /home/khaled/dbt-env/lib/python3.12/site-packages/airflow/example_dags/example_sensors.py took 0.070 seconds
[2025-10-23T12:06:32.893+0000] {processor.py:161} INFO - Started process (PID=11291) to work on /home/khaled/dbt-env/lib/python3.12/site-packages/airflow/example_dags/example_sensors.py
[2025-10-23T12:06:32.894+0000] {processor.py:830} INFO - Processing file /home/khaled/dbt-env/lib/python3.12/site-packages/airflow/example_dags/example_sensors.py for tasks to queue
[2025-10-23T12:06:32.896+0000] {logging_mixin.py:188} INFO - [2025-10-23T12:06:32.895+0000] {dagbag.py:545} INFO - Filling up the DagBag from /home/khaled/dbt-env/lib/python3.12/site-packages/airflow/example_dags/example_sensors.py
[2025-10-23T12:06:32.902+0000] {processor.py:840} INFO - DAG(s) 'example_sensors' retrieved from /home/khaled/dbt-env/lib/python3.12/site-packages/airflow/example_dags/example_sensors.py
[2025-10-23T12:06:32.916+0000] {logging_mixin.py:188} INFO - [2025-10-23T12:06:32.916+0000] {dag.py:3089} INFO - Sync 1 DAGs
[2025-10-23T12:06:32.925+0000] {logging_mixin.py:188} INFO - [2025-10-23T12:06:32.925+0000] {dag.py:3947} INFO - Setting next_dagrun for example_sensors to None, run_after=None
[2025-10-23T12:06:32.956+0000] {processor.py:183} INFO - Processing /home/khaled/dbt-env/lib/python3.12/site-packages/airflow/example_dags/example_sensors.py took 0.067 seconds
[2025-10-23T12:07:15.534+0000] {processor.py:161} INFO - Started process (PID=11345) to work on /home/khaled/dbt-env/lib/python3.12/site-packages/airflow/example_dags/example_sensors.py
[2025-10-23T12:07:15.535+0000] {processor.py:830} INFO - Processing file /home/khaled/dbt-env/lib/python3.12/site-packages/airflow/example_dags/example_sensors.py for tasks to queue
[2025-10-23T12:07:15.537+0000] {logging_mixin.py:188} INFO - [2025-10-23T12:07:15.537+0000] {dagbag.py:545} INFO - Filling up the DagBag from /home/khaled/dbt-env/lib/python3.12/site-packages/airflow/example_dags/example_sensors.py
[2025-10-23T12:07:15.543+0000] {processor.py:840} INFO - DAG(s) 'example_sensors' retrieved from /home/khaled/dbt-env/lib/python3.12/site-packages/airflow/example_dags/example_sensors.py
[2025-10-23T12:07:15.559+0000] {logging_mixin.py:188} INFO - [2025-10-23T12:07:15.558+0000] {dag.py:3089} INFO - Sync 1 DAGs
[2025-10-23T12:07:15.568+0000] {logging_mixin.py:188} INFO - [2025-10-23T12:07:15.567+0000] {dag.py:3947} INFO - Setting next_dagrun for example_sensors to None, run_after=None
[2025-10-23T12:07:15.696+0000] {processor.py:183} INFO - Processing /home/khaled/dbt-env/lib/python3.12/site-packages/airflow/example_dags/example_sensors.py took 0.169 seconds
[2025-10-23T12:08:03.629+0000] {processor.py:161} INFO - Started process (PID=11409) to work on /home/khaled/dbt-env/lib/python3.12/site-packages/airflow/example_dags/example_sensors.py
[2025-10-23T12:08:03.631+0000] {processor.py:830} INFO - Processing file /home/khaled/dbt-env/lib/python3.12/site-packages/airflow/example_dags/example_sensors.py for tasks to queue
[2025-10-23T12:08:03.632+0000] {logging_mixin.py:188} INFO - [2025-10-23T12:08:03.632+0000] {dagbag.py:545} INFO - Filling up the DagBag from /home/khaled/dbt-env/lib/python3.12/site-packages/airflow/example_dags/example_sensors.py
[2025-10-23T12:08:03.641+0000] {processor.py:840} INFO - DAG(s) 'example_sensors' retrieved from /home/khaled/dbt-env/lib/python3.12/site-packages/airflow/example_dags/example_sensors.py
[2025-10-23T12:08:03.655+0000] {logging_mixin.py:188} INFO - [2025-10-23T12:08:03.654+0000] {dag.py:3089} INFO - Sync 1 DAGs
[2025-10-23T12:08:03.665+0000] {logging_mixin.py:188} INFO - [2025-10-23T12:08:03.665+0000] {dag.py:3947} INFO - Setting next_dagrun for example_sensors to None, run_after=None
[2025-10-23T12:08:03.694+0000] {processor.py:183} INFO - Processing /home/khaled/dbt-env/lib/python3.12/site-packages/airflow/example_dags/example_sensors.py took 0.069 seconds
[2025-10-23T12:08:53.152+0000] {processor.py:161} INFO - Started process (PID=11519) to work on /home/khaled/dbt-env/lib/python3.12/site-packages/airflow/example_dags/example_sensors.py
[2025-10-23T12:08:53.153+0000] {processor.py:830} INFO - Processing file /home/khaled/dbt-env/lib/python3.12/site-packages/airflow/example_dags/example_sensors.py for tasks to queue
[2025-10-23T12:08:53.154+0000] {logging_mixin.py:188} INFO - [2025-10-23T12:08:53.154+0000] {dagbag.py:545} INFO - Filling up the DagBag from /home/khaled/dbt-env/lib/python3.12/site-packages/airflow/example_dags/example_sensors.py
[2025-10-23T12:08:53.161+0000] {processor.py:840} INFO - DAG(s) 'example_sensors' retrieved from /home/khaled/dbt-env/lib/python3.12/site-packages/airflow/example_dags/example_sensors.py
[2025-10-23T12:08:53.264+0000] {logging_mixin.py:188} INFO - [2025-10-23T12:08:53.264+0000] {dag.py:3089} INFO - Sync 1 DAGs
[2025-10-23T12:08:53.270+0000] {logging_mixin.py:188} INFO - [2025-10-23T12:08:53.270+0000] {dag.py:3947} INFO - Setting next_dagrun for example_sensors to None, run_after=None
[2025-10-23T12:08:53.301+0000] {processor.py:183} INFO - Processing /home/khaled/dbt-env/lib/python3.12/site-packages/airflow/example_dags/example_sensors.py took 0.154 seconds
[2025-10-23T12:09:41.636+0000] {processor.py:161} INFO - Started process (PID=11628) to work on /home/khaled/dbt-env/lib/python3.12/site-packages/airflow/example_dags/example_sensors.py
[2025-10-23T12:09:41.637+0000] {processor.py:830} INFO - Processing file /home/khaled/dbt-env/lib/python3.12/site-packages/airflow/example_dags/example_sensors.py for tasks to queue
[2025-10-23T12:09:41.638+0000] {logging_mixin.py:188} INFO - [2025-10-23T12:09:41.638+0000] {dagbag.py:545} INFO - Filling up the DagBag from /home/khaled/dbt-env/lib/python3.12/site-packages/airflow/example_dags/example_sensors.py
[2025-10-23T12:09:41.647+0000] {processor.py:840} INFO - DAG(s) 'example_sensors' retrieved from /home/khaled/dbt-env/lib/python3.12/site-packages/airflow/example_dags/example_sensors.py
[2025-10-23T12:09:41.669+0000] {logging_mixin.py:188} INFO - [2025-10-23T12:09:41.669+0000] {dag.py:3089} INFO - Sync 1 DAGs
[2025-10-23T12:09:41.686+0000] {logging_mixin.py:188} INFO - [2025-10-23T12:09:41.685+0000] {dag.py:3947} INFO - Setting next_dagrun for example_sensors to None, run_after=None
[2025-10-23T12:09:41.714+0000] {processor.py:183} INFO - Processing /home/khaled/dbt-env/lib/python3.12/site-packages/airflow/example_dags/example_sensors.py took 0.083 seconds
[2025-10-23T12:10:27.059+0000] {processor.py:161} INFO - Started process (PID=11683) to work on /home/khaled/dbt-env/lib/python3.12/site-packages/airflow/example_dags/example_sensors.py
[2025-10-23T12:10:27.061+0000] {processor.py:830} INFO - Processing file /home/khaled/dbt-env/lib/python3.12/site-packages/airflow/example_dags/example_sensors.py for tasks to queue
[2025-10-23T12:10:27.062+0000] {logging_mixin.py:188} INFO - [2025-10-23T12:10:27.062+0000] {dagbag.py:545} INFO - Filling up the DagBag from /home/khaled/dbt-env/lib/python3.12/site-packages/airflow/example_dags/example_sensors.py
[2025-10-23T12:10:27.070+0000] {processor.py:840} INFO - DAG(s) 'example_sensors' retrieved from /home/khaled/dbt-env/lib/python3.12/site-packages/airflow/example_dags/example_sensors.py
[2025-10-23T12:10:27.085+0000] {logging_mixin.py:188} INFO - [2025-10-23T12:10:27.085+0000] {dag.py:3089} INFO - Sync 1 DAGs
[2025-10-23T12:10:27.093+0000] {logging_mixin.py:188} INFO - [2025-10-23T12:10:27.093+0000] {dag.py:3947} INFO - Setting next_dagrun for example_sensors to None, run_after=None
[2025-10-23T12:10:27.115+0000] {processor.py:183} INFO - Processing /home/khaled/dbt-env/lib/python3.12/site-packages/airflow/example_dags/example_sensors.py took 0.061 seconds
