[2025-10-23T11:39:26.620+0000] {processor.py:161} INFO - Started process (PID=5953) to work on /home/khaled/dbt-env/lib/python3.12/site-packages/airflow/example_dags/example_external_task_marker_dag.py
[2025-10-23T11:39:26.620+0000] {processor.py:830} INFO - Processing file /home/khaled/dbt-env/lib/python3.12/site-packages/airflow/example_dags/example_external_task_marker_dag.py for tasks to queue
[2025-10-23T11:39:26.623+0000] {logging_mixin.py:188} INFO - [2025-10-23T11:39:26.622+0000] {dagbag.py:545} INFO - Filling up the DagBag from /home/khaled/dbt-env/lib/python3.12/site-packages/airflow/example_dags/example_external_task_marker_dag.py
[2025-10-23T11:39:26.631+0000] {processor.py:840} INFO - DAG(s) 'example_external_task_marker_child', 'example_external_task_marker_parent' retrieved from /home/khaled/dbt-env/lib/python3.12/site-packages/airflow/example_dags/example_external_task_marker_dag.py
[2025-10-23T11:39:26.652+0000] {logging_mixin.py:188} INFO - [2025-10-23T11:39:26.652+0000] {dag.py:3089} INFO - Sync 2 DAGs
[2025-10-23T11:39:26.665+0000] {logging_mixin.py:188} INFO - [2025-10-23T11:39:26.664+0000] {dag.py:3947} INFO - Setting next_dagrun for example_external_task_marker_child to None, run_after=None
[2025-10-23T11:39:26.668+0000] {logging_mixin.py:188} INFO - [2025-10-23T11:39:26.668+0000] {dag.py:3947} INFO - Setting next_dagrun for example_external_task_marker_parent to None, run_after=None
[2025-10-23T11:39:26.706+0000] {processor.py:183} INFO - Processing /home/khaled/dbt-env/lib/python3.12/site-packages/airflow/example_dags/example_external_task_marker_dag.py took 0.093 seconds
[2025-10-23T11:55:02.097+0000] {processor.py:161} INFO - Started process (PID=9560) to work on /home/khaled/dbt-env/lib/python3.12/site-packages/airflow/example_dags/example_external_task_marker_dag.py
[2025-10-23T11:55:02.108+0000] {processor.py:830} INFO - Processing file /home/khaled/dbt-env/lib/python3.12/site-packages/airflow/example_dags/example_external_task_marker_dag.py for tasks to queue
[2025-10-23T11:55:02.109+0000] {logging_mixin.py:188} INFO - [2025-10-23T11:55:02.109+0000] {dagbag.py:545} INFO - Filling up the DagBag from /home/khaled/dbt-env/lib/python3.12/site-packages/airflow/example_dags/example_external_task_marker_dag.py
[2025-10-23T11:55:02.114+0000] {processor.py:840} INFO - DAG(s) 'example_external_task_marker_child', 'example_external_task_marker_parent' retrieved from /home/khaled/dbt-env/lib/python3.12/site-packages/airflow/example_dags/example_external_task_marker_dag.py
[2025-10-23T11:55:02.128+0000] {logging_mixin.py:188} INFO - [2025-10-23T11:55:02.128+0000] {dag.py:3089} INFO - Sync 2 DAGs
[2025-10-23T11:55:02.137+0000] {logging_mixin.py:188} INFO - [2025-10-23T11:55:02.137+0000] {dag.py:3947} INFO - Setting next_dagrun for example_external_task_marker_child to None, run_after=None
[2025-10-23T11:55:02.139+0000] {logging_mixin.py:188} INFO - [2025-10-23T11:55:02.139+0000] {dag.py:3947} INFO - Setting next_dagrun for example_external_task_marker_parent to None, run_after=None
[2025-10-23T11:55:02.159+0000] {processor.py:183} INFO - Processing /home/khaled/dbt-env/lib/python3.12/site-packages/airflow/example_dags/example_external_task_marker_dag.py took 0.066 seconds
[2025-10-23T11:56:02.277+0000] {processor.py:161} INFO - Started process (PID=9843) to work on /home/khaled/dbt-env/lib/python3.12/site-packages/airflow/example_dags/example_external_task_marker_dag.py
[2025-10-23T11:56:02.279+0000] {processor.py:830} INFO - Processing file /home/khaled/dbt-env/lib/python3.12/site-packages/airflow/example_dags/example_external_task_marker_dag.py for tasks to queue
[2025-10-23T11:56:02.281+0000] {logging_mixin.py:188} INFO - [2025-10-23T11:56:02.281+0000] {dagbag.py:545} INFO - Filling up the DagBag from /home/khaled/dbt-env/lib/python3.12/site-packages/airflow/example_dags/example_external_task_marker_dag.py
[2025-10-23T11:56:02.286+0000] {processor.py:840} INFO - DAG(s) 'example_external_task_marker_child', 'example_external_task_marker_parent' retrieved from /home/khaled/dbt-env/lib/python3.12/site-packages/airflow/example_dags/example_external_task_marker_dag.py
[2025-10-23T11:56:02.299+0000] {logging_mixin.py:188} INFO - [2025-10-23T11:56:02.298+0000] {dag.py:3089} INFO - Sync 2 DAGs
[2025-10-23T11:56:02.307+0000] {logging_mixin.py:188} INFO - [2025-10-23T11:56:02.307+0000] {dag.py:3947} INFO - Setting next_dagrun for example_external_task_marker_child to None, run_after=None
[2025-10-23T11:56:02.310+0000] {logging_mixin.py:188} INFO - [2025-10-23T11:56:02.310+0000] {dag.py:3947} INFO - Setting next_dagrun for example_external_task_marker_parent to None, run_after=None
[2025-10-23T11:56:02.327+0000] {processor.py:183} INFO - Processing /home/khaled/dbt-env/lib/python3.12/site-packages/airflow/example_dags/example_external_task_marker_dag.py took 0.054 seconds
[2025-10-23T11:57:33.450+0000] {processor.py:161} INFO - Started process (PID=10005) to work on /home/khaled/dbt-env/lib/python3.12/site-packages/airflow/example_dags/example_external_task_marker_dag.py
[2025-10-23T11:57:33.466+0000] {processor.py:830} INFO - Processing file /home/khaled/dbt-env/lib/python3.12/site-packages/airflow/example_dags/example_external_task_marker_dag.py for tasks to queue
[2025-10-23T11:57:33.469+0000] {logging_mixin.py:188} INFO - [2025-10-23T11:57:33.468+0000] {dagbag.py:545} INFO - Filling up the DagBag from /home/khaled/dbt-env/lib/python3.12/site-packages/airflow/example_dags/example_external_task_marker_dag.py
[2025-10-23T11:57:33.492+0000] {processor.py:840} INFO - DAG(s) 'example_external_task_marker_child', 'example_external_task_marker_parent' retrieved from /home/khaled/dbt-env/lib/python3.12/site-packages/airflow/example_dags/example_external_task_marker_dag.py
[2025-10-23T11:57:33.550+0000] {logging_mixin.py:188} INFO - [2025-10-23T11:57:33.550+0000] {dag.py:3089} INFO - Sync 2 DAGs
[2025-10-23T11:57:33.562+0000] {logging_mixin.py:188} INFO - [2025-10-23T11:57:33.562+0000] {dag.py:3947} INFO - Setting next_dagrun for example_external_task_marker_child to None, run_after=None
[2025-10-23T11:57:33.565+0000] {logging_mixin.py:188} INFO - [2025-10-23T11:57:33.565+0000] {dag.py:3947} INFO - Setting next_dagrun for example_external_task_marker_parent to None, run_after=None
[2025-10-23T11:57:33.588+0000] {processor.py:183} INFO - Processing /home/khaled/dbt-env/lib/python3.12/site-packages/airflow/example_dags/example_external_task_marker_dag.py took 0.145 seconds
[2025-10-23T11:58:39.274+0000] {processor.py:161} INFO - Started process (PID=10098) to work on /home/khaled/dbt-env/lib/python3.12/site-packages/airflow/example_dags/example_external_task_marker_dag.py
[2025-10-23T11:58:39.288+0000] {processor.py:830} INFO - Processing file /home/khaled/dbt-env/lib/python3.12/site-packages/airflow/example_dags/example_external_task_marker_dag.py for tasks to queue
[2025-10-23T11:58:39.293+0000] {logging_mixin.py:188} INFO - [2025-10-23T11:58:39.293+0000] {dagbag.py:545} INFO - Filling up the DagBag from /home/khaled/dbt-env/lib/python3.12/site-packages/airflow/example_dags/example_external_task_marker_dag.py
[2025-10-23T11:58:39.309+0000] {processor.py:840} INFO - DAG(s) 'example_external_task_marker_child', 'example_external_task_marker_parent' retrieved from /home/khaled/dbt-env/lib/python3.12/site-packages/airflow/example_dags/example_external_task_marker_dag.py
[2025-10-23T11:58:39.336+0000] {logging_mixin.py:188} INFO - [2025-10-23T11:58:39.333+0000] {dag.py:3089} INFO - Sync 2 DAGs
[2025-10-23T11:58:39.366+0000] {logging_mixin.py:188} INFO - [2025-10-23T11:58:39.366+0000] {dag.py:3947} INFO - Setting next_dagrun for example_external_task_marker_child to None, run_after=None
[2025-10-23T11:58:39.370+0000] {logging_mixin.py:188} INFO - [2025-10-23T11:58:39.370+0000] {dag.py:3947} INFO - Setting next_dagrun for example_external_task_marker_parent to None, run_after=None
[2025-10-23T11:58:39.423+0000] {processor.py:183} INFO - Processing /home/khaled/dbt-env/lib/python3.12/site-packages/airflow/example_dags/example_external_task_marker_dag.py took 0.156 seconds
[2025-10-23T12:00:26.971+0000] {processor.py:161} INFO - Started process (PID=10230) to work on /home/khaled/dbt-env/lib/python3.12/site-packages/airflow/example_dags/example_external_task_marker_dag.py
[2025-10-23T12:00:26.973+0000] {processor.py:830} INFO - Processing file /home/khaled/dbt-env/lib/python3.12/site-packages/airflow/example_dags/example_external_task_marker_dag.py for tasks to queue
[2025-10-23T12:00:26.975+0000] {logging_mixin.py:188} INFO - [2025-10-23T12:00:26.975+0000] {dagbag.py:545} INFO - Filling up the DagBag from /home/khaled/dbt-env/lib/python3.12/site-packages/airflow/example_dags/example_external_task_marker_dag.py
[2025-10-23T12:00:26.980+0000] {processor.py:840} INFO - DAG(s) 'example_external_task_marker_parent', 'example_external_task_marker_child' retrieved from /home/khaled/dbt-env/lib/python3.12/site-packages/airflow/example_dags/example_external_task_marker_dag.py
[2025-10-23T12:00:26.994+0000] {logging_mixin.py:188} INFO - [2025-10-23T12:00:26.994+0000] {dag.py:3089} INFO - Sync 2 DAGs
[2025-10-23T12:00:27.003+0000] {logging_mixin.py:188} INFO - [2025-10-23T12:00:27.003+0000] {dag.py:3947} INFO - Setting next_dagrun for example_external_task_marker_child to None, run_after=None
[2025-10-23T12:00:27.005+0000] {logging_mixin.py:188} INFO - [2025-10-23T12:00:27.005+0000] {dag.py:3947} INFO - Setting next_dagrun for example_external_task_marker_parent to None, run_after=None
[2025-10-23T12:00:27.022+0000] {processor.py:183} INFO - Processing /home/khaled/dbt-env/lib/python3.12/site-packages/airflow/example_dags/example_external_task_marker_dag.py took 0.056 seconds
[2025-10-23T12:01:17.958+0000] {processor.py:161} INFO - Started process (PID=10383) to work on /home/khaled/dbt-env/lib/python3.12/site-packages/airflow/example_dags/example_external_task_marker_dag.py
[2025-10-23T12:01:17.960+0000] {processor.py:830} INFO - Processing file /home/khaled/dbt-env/lib/python3.12/site-packages/airflow/example_dags/example_external_task_marker_dag.py for tasks to queue
[2025-10-23T12:01:17.961+0000] {logging_mixin.py:188} INFO - [2025-10-23T12:01:17.961+0000] {dagbag.py:545} INFO - Filling up the DagBag from /home/khaled/dbt-env/lib/python3.12/site-packages/airflow/example_dags/example_external_task_marker_dag.py
[2025-10-23T12:01:17.966+0000] {processor.py:840} INFO - DAG(s) 'example_external_task_marker_parent', 'example_external_task_marker_child' retrieved from /home/khaled/dbt-env/lib/python3.12/site-packages/airflow/example_dags/example_external_task_marker_dag.py
[2025-10-23T12:01:17.978+0000] {logging_mixin.py:188} INFO - [2025-10-23T12:01:17.978+0000] {dag.py:3089} INFO - Sync 2 DAGs
[2025-10-23T12:01:17.987+0000] {logging_mixin.py:188} INFO - [2025-10-23T12:01:17.986+0000] {dag.py:3947} INFO - Setting next_dagrun for example_external_task_marker_child to None, run_after=None
[2025-10-23T12:01:17.989+0000] {logging_mixin.py:188} INFO - [2025-10-23T12:01:17.989+0000] {dag.py:3947} INFO - Setting next_dagrun for example_external_task_marker_parent to None, run_after=None
[2025-10-23T12:01:18.021+0000] {processor.py:183} INFO - Processing /home/khaled/dbt-env/lib/python3.12/site-packages/airflow/example_dags/example_external_task_marker_dag.py took 0.066 seconds
[2025-10-23T12:02:53.567+0000] {processor.py:161} INFO - Started process (PID=10655) to work on /home/khaled/dbt-env/lib/python3.12/site-packages/airflow/example_dags/example_external_task_marker_dag.py
[2025-10-23T12:02:53.590+0000] {processor.py:830} INFO - Processing file /home/khaled/dbt-env/lib/python3.12/site-packages/airflow/example_dags/example_external_task_marker_dag.py for tasks to queue
[2025-10-23T12:02:53.673+0000] {logging_mixin.py:188} INFO - [2025-10-23T12:02:53.672+0000] {dagbag.py:545} INFO - Filling up the DagBag from /home/khaled/dbt-env/lib/python3.12/site-packages/airflow/example_dags/example_external_task_marker_dag.py
[2025-10-23T12:02:53.900+0000] {processor.py:840} INFO - DAG(s) 'example_external_task_marker_child', 'example_external_task_marker_parent' retrieved from /home/khaled/dbt-env/lib/python3.12/site-packages/airflow/example_dags/example_external_task_marker_dag.py
[2025-10-23T12:02:54.232+0000] {logging_mixin.py:188} INFO - [2025-10-23T12:02:54.231+0000] {dag.py:3089} INFO - Sync 2 DAGs
[2025-10-23T12:02:54.480+0000] {logging_mixin.py:188} INFO - [2025-10-23T12:02:54.478+0000] {dag.py:3947} INFO - Setting next_dagrun for example_external_task_marker_child to None, run_after=None
[2025-10-23T12:02:54.560+0000] {logging_mixin.py:188} INFO - [2025-10-23T12:02:54.549+0000] {dag.py:3947} INFO - Setting next_dagrun for example_external_task_marker_parent to None, run_after=None
[2025-10-23T12:02:55.164+0000] {processor.py:183} INFO - Processing /home/khaled/dbt-env/lib/python3.12/site-packages/airflow/example_dags/example_external_task_marker_dag.py took 1.701 seconds
[2025-10-23T12:04:06.346+0000] {processor.py:161} INFO - Started process (PID=10759) to work on /home/khaled/dbt-env/lib/python3.12/site-packages/airflow/example_dags/example_external_task_marker_dag.py
[2025-10-23T12:04:06.363+0000] {processor.py:830} INFO - Processing file /home/khaled/dbt-env/lib/python3.12/site-packages/airflow/example_dags/example_external_task_marker_dag.py for tasks to queue
[2025-10-23T12:04:06.595+0000] {logging_mixin.py:188} INFO - [2025-10-23T12:04:06.455+0000] {dagbag.py:545} INFO - Filling up the DagBag from /home/khaled/dbt-env/lib/python3.12/site-packages/airflow/example_dags/example_external_task_marker_dag.py
[2025-10-23T12:04:06.968+0000] {processor.py:840} INFO - DAG(s) 'example_external_task_marker_child', 'example_external_task_marker_parent' retrieved from /home/khaled/dbt-env/lib/python3.12/site-packages/airflow/example_dags/example_external_task_marker_dag.py
[2025-10-23T12:04:07.770+0000] {logging_mixin.py:188} INFO - [2025-10-23T12:04:07.739+0000] {dag.py:3089} INFO - Sync 2 DAGs
[2025-10-23T12:04:07.944+0000] {logging_mixin.py:188} INFO - [2025-10-23T12:04:07.942+0000] {dag.py:3947} INFO - Setting next_dagrun for example_external_task_marker_child to None, run_after=None
[2025-10-23T12:04:07.968+0000] {logging_mixin.py:188} INFO - [2025-10-23T12:04:07.966+0000] {dag.py:3947} INFO - Setting next_dagrun for example_external_task_marker_parent to None, run_after=None
[2025-10-23T12:04:08.001+0000] {processor.py:183} INFO - Processing /home/khaled/dbt-env/lib/python3.12/site-packages/airflow/example_dags/example_external_task_marker_dag.py took 2.058 seconds
[2025-10-23T12:05:08.690+0000] {processor.py:161} INFO - Started process (PID=11160) to work on /home/khaled/dbt-env/lib/python3.12/site-packages/airflow/example_dags/example_external_task_marker_dag.py
[2025-10-23T12:05:08.691+0000] {processor.py:830} INFO - Processing file /home/khaled/dbt-env/lib/python3.12/site-packages/airflow/example_dags/example_external_task_marker_dag.py for tasks to queue
[2025-10-23T12:05:08.693+0000] {logging_mixin.py:188} INFO - [2025-10-23T12:05:08.692+0000] {dagbag.py:545} INFO - Filling up the DagBag from /home/khaled/dbt-env/lib/python3.12/site-packages/airflow/example_dags/example_external_task_marker_dag.py
[2025-10-23T12:05:08.699+0000] {processor.py:840} INFO - DAG(s) 'example_external_task_marker_child', 'example_external_task_marker_parent' retrieved from /home/khaled/dbt-env/lib/python3.12/site-packages/airflow/example_dags/example_external_task_marker_dag.py
[2025-10-23T12:05:08.712+0000] {logging_mixin.py:188} INFO - [2025-10-23T12:05:08.712+0000] {dag.py:3089} INFO - Sync 2 DAGs
[2025-10-23T12:05:08.722+0000] {logging_mixin.py:188} INFO - [2025-10-23T12:05:08.722+0000] {dag.py:3947} INFO - Setting next_dagrun for example_external_task_marker_child to None, run_after=None
[2025-10-23T12:05:08.725+0000] {logging_mixin.py:188} INFO - [2025-10-23T12:05:08.724+0000] {dag.py:3947} INFO - Setting next_dagrun for example_external_task_marker_parent to None, run_after=None
[2025-10-23T12:05:08.742+0000] {processor.py:183} INFO - Processing /home/khaled/dbt-env/lib/python3.12/site-packages/airflow/example_dags/example_external_task_marker_dag.py took 0.057 seconds
[2025-10-23T12:05:54.102+0000] {processor.py:161} INFO - Started process (PID=11236) to work on /home/khaled/dbt-env/lib/python3.12/site-packages/airflow/example_dags/example_external_task_marker_dag.py
[2025-10-23T12:05:54.104+0000] {processor.py:830} INFO - Processing file /home/khaled/dbt-env/lib/python3.12/site-packages/airflow/example_dags/example_external_task_marker_dag.py for tasks to queue
[2025-10-23T12:05:54.106+0000] {logging_mixin.py:188} INFO - [2025-10-23T12:05:54.105+0000] {dagbag.py:545} INFO - Filling up the DagBag from /home/khaled/dbt-env/lib/python3.12/site-packages/airflow/example_dags/example_external_task_marker_dag.py
[2025-10-23T12:05:54.111+0000] {processor.py:840} INFO - DAG(s) 'example_external_task_marker_child', 'example_external_task_marker_parent' retrieved from /home/khaled/dbt-env/lib/python3.12/site-packages/airflow/example_dags/example_external_task_marker_dag.py
[2025-10-23T12:05:54.127+0000] {logging_mixin.py:188} INFO - [2025-10-23T12:05:54.126+0000] {dag.py:3089} INFO - Sync 2 DAGs
[2025-10-23T12:05:54.222+0000] {logging_mixin.py:188} INFO - [2025-10-23T12:05:54.222+0000] {dag.py:3947} INFO - Setting next_dagrun for example_external_task_marker_child to None, run_after=None
[2025-10-23T12:05:54.225+0000] {logging_mixin.py:188} INFO - [2025-10-23T12:05:54.225+0000] {dag.py:3947} INFO - Setting next_dagrun for example_external_task_marker_parent to None, run_after=None
[2025-10-23T12:05:54.256+0000] {processor.py:183} INFO - Processing /home/khaled/dbt-env/lib/python3.12/site-packages/airflow/example_dags/example_external_task_marker_dag.py took 0.158 seconds
[2025-10-23T12:06:59.995+0000] {processor.py:161} INFO - Started process (PID=11326) to work on /home/khaled/dbt-env/lib/python3.12/site-packages/airflow/example_dags/example_external_task_marker_dag.py
[2025-10-23T12:07:00.005+0000] {processor.py:830} INFO - Processing file /home/khaled/dbt-env/lib/python3.12/site-packages/airflow/example_dags/example_external_task_marker_dag.py for tasks to queue
[2025-10-23T12:07:00.009+0000] {logging_mixin.py:188} INFO - [2025-10-23T12:07:00.008+0000] {dagbag.py:545} INFO - Filling up the DagBag from /home/khaled/dbt-env/lib/python3.12/site-packages/airflow/example_dags/example_external_task_marker_dag.py
[2025-10-23T12:07:00.015+0000] {processor.py:840} INFO - DAG(s) 'example_external_task_marker_child', 'example_external_task_marker_parent' retrieved from /home/khaled/dbt-env/lib/python3.12/site-packages/airflow/example_dags/example_external_task_marker_dag.py
[2025-10-23T12:07:00.032+0000] {logging_mixin.py:188} INFO - [2025-10-23T12:07:00.031+0000] {dag.py:3089} INFO - Sync 2 DAGs
[2025-10-23T12:07:00.041+0000] {logging_mixin.py:188} INFO - [2025-10-23T12:07:00.041+0000] {dag.py:3947} INFO - Setting next_dagrun for example_external_task_marker_child to None, run_after=None
[2025-10-23T12:07:00.044+0000] {logging_mixin.py:188} INFO - [2025-10-23T12:07:00.044+0000] {dag.py:3947} INFO - Setting next_dagrun for example_external_task_marker_parent to None, run_after=None
[2025-10-23T12:07:00.061+0000] {processor.py:183} INFO - Processing /home/khaled/dbt-env/lib/python3.12/site-packages/airflow/example_dags/example_external_task_marker_dag.py took 0.087 seconds
[2025-10-23T12:08:08.780+0000] {processor.py:161} INFO - Started process (PID=11414) to work on /home/khaled/dbt-env/lib/python3.12/site-packages/airflow/example_dags/example_external_task_marker_dag.py
[2025-10-23T12:08:08.781+0000] {processor.py:830} INFO - Processing file /home/khaled/dbt-env/lib/python3.12/site-packages/airflow/example_dags/example_external_task_marker_dag.py for tasks to queue
[2025-10-23T12:08:08.783+0000] {logging_mixin.py:188} INFO - [2025-10-23T12:08:08.783+0000] {dagbag.py:545} INFO - Filling up the DagBag from /home/khaled/dbt-env/lib/python3.12/site-packages/airflow/example_dags/example_external_task_marker_dag.py
[2025-10-23T12:08:08.787+0000] {processor.py:840} INFO - DAG(s) 'example_external_task_marker_child', 'example_external_task_marker_parent' retrieved from /home/khaled/dbt-env/lib/python3.12/site-packages/airflow/example_dags/example_external_task_marker_dag.py
[2025-10-23T12:08:08.801+0000] {logging_mixin.py:188} INFO - [2025-10-23T12:08:08.801+0000] {dag.py:3089} INFO - Sync 2 DAGs
[2025-10-23T12:08:08.810+0000] {logging_mixin.py:188} INFO - [2025-10-23T12:08:08.810+0000] {dag.py:3947} INFO - Setting next_dagrun for example_external_task_marker_child to None, run_after=None
[2025-10-23T12:08:08.812+0000] {logging_mixin.py:188} INFO - [2025-10-23T12:08:08.812+0000] {dag.py:3947} INFO - Setting next_dagrun for example_external_task_marker_parent to None, run_after=None
[2025-10-23T12:08:08.844+0000] {processor.py:183} INFO - Processing /home/khaled/dbt-env/lib/python3.12/site-packages/airflow/example_dags/example_external_task_marker_dag.py took 0.068 seconds
[2025-10-23T12:09:02.036+0000] {processor.py:161} INFO - Started process (PID=11528) to work on /home/khaled/dbt-env/lib/python3.12/site-packages/airflow/example_dags/example_external_task_marker_dag.py
[2025-10-23T12:09:02.048+0000] {processor.py:830} INFO - Processing file /home/khaled/dbt-env/lib/python3.12/site-packages/airflow/example_dags/example_external_task_marker_dag.py for tasks to queue
[2025-10-23T12:09:02.049+0000] {logging_mixin.py:188} INFO - [2025-10-23T12:09:02.049+0000] {dagbag.py:545} INFO - Filling up the DagBag from /home/khaled/dbt-env/lib/python3.12/site-packages/airflow/example_dags/example_external_task_marker_dag.py
[2025-10-23T12:09:02.152+0000] {processor.py:840} INFO - DAG(s) 'example_external_task_marker_parent', 'example_external_task_marker_child' retrieved from /home/khaled/dbt-env/lib/python3.12/site-packages/airflow/example_dags/example_external_task_marker_dag.py
[2025-10-23T12:09:02.163+0000] {logging_mixin.py:188} INFO - [2025-10-23T12:09:02.163+0000] {dag.py:3089} INFO - Sync 2 DAGs
[2025-10-23T12:09:02.170+0000] {logging_mixin.py:188} INFO - [2025-10-23T12:09:02.170+0000] {dag.py:3947} INFO - Setting next_dagrun for example_external_task_marker_child to None, run_after=None
[2025-10-23T12:09:02.172+0000] {logging_mixin.py:188} INFO - [2025-10-23T12:09:02.172+0000] {dag.py:3947} INFO - Setting next_dagrun for example_external_task_marker_parent to None, run_after=None
[2025-10-23T12:09:02.190+0000] {processor.py:183} INFO - Processing /home/khaled/dbt-env/lib/python3.12/site-packages/airflow/example_dags/example_external_task_marker_dag.py took 0.159 seconds
[2025-10-23T12:09:49.714+0000] {processor.py:161} INFO - Started process (PID=11636) to work on /home/khaled/dbt-env/lib/python3.12/site-packages/airflow/example_dags/example_external_task_marker_dag.py
[2025-10-23T12:09:49.716+0000] {processor.py:830} INFO - Processing file /home/khaled/dbt-env/lib/python3.12/site-packages/airflow/example_dags/example_external_task_marker_dag.py for tasks to queue
[2025-10-23T12:09:49.718+0000] {logging_mixin.py:188} INFO - [2025-10-23T12:09:49.717+0000] {dagbag.py:545} INFO - Filling up the DagBag from /home/khaled/dbt-env/lib/python3.12/site-packages/airflow/example_dags/example_external_task_marker_dag.py
[2025-10-23T12:09:49.724+0000] {processor.py:840} INFO - DAG(s) 'example_external_task_marker_child', 'example_external_task_marker_parent' retrieved from /home/khaled/dbt-env/lib/python3.12/site-packages/airflow/example_dags/example_external_task_marker_dag.py
[2025-10-23T12:09:49.741+0000] {logging_mixin.py:188} INFO - [2025-10-23T12:09:49.741+0000] {dag.py:3089} INFO - Sync 2 DAGs
[2025-10-23T12:09:49.751+0000] {logging_mixin.py:188} INFO - [2025-10-23T12:09:49.751+0000] {dag.py:3947} INFO - Setting next_dagrun for example_external_task_marker_child to None, run_after=None
[2025-10-23T12:09:49.754+0000] {logging_mixin.py:188} INFO - [2025-10-23T12:09:49.754+0000] {dag.py:3947} INFO - Setting next_dagrun for example_external_task_marker_parent to None, run_after=None
[2025-10-23T12:09:49.797+0000] {processor.py:183} INFO - Processing /home/khaled/dbt-env/lib/python3.12/site-packages/airflow/example_dags/example_external_task_marker_dag.py took 0.087 seconds
[2025-10-23T12:11:15.141+0000] {processor.py:161} INFO - Started process (PID=11718) to work on /home/khaled/dbt-env/lib/python3.12/site-packages/airflow/example_dags/example_external_task_marker_dag.py
[2025-10-23T12:11:15.151+0000] {processor.py:830} INFO - Processing file /home/khaled/dbt-env/lib/python3.12/site-packages/airflow/example_dags/example_external_task_marker_dag.py for tasks to queue
[2025-10-23T12:11:15.171+0000] {logging_mixin.py:188} INFO - [2025-10-23T12:11:15.168+0000] {dagbag.py:545} INFO - Filling up the DagBag from /home/khaled/dbt-env/lib/python3.12/site-packages/airflow/example_dags/example_external_task_marker_dag.py
[2025-10-23T12:11:15.275+0000] {processor.py:840} INFO - DAG(s) 'example_external_task_marker_parent', 'example_external_task_marker_child' retrieved from /home/khaled/dbt-env/lib/python3.12/site-packages/airflow/example_dags/example_external_task_marker_dag.py
[2025-10-23T12:11:15.691+0000] {logging_mixin.py:188} INFO - [2025-10-23T12:11:15.690+0000] {dag.py:3089} INFO - Sync 2 DAGs
[2025-10-23T12:11:16.034+0000] {logging_mixin.py:188} INFO - [2025-10-23T12:11:16.033+0000] {dag.py:3947} INFO - Setting next_dagrun for example_external_task_marker_child to None, run_after=None
[2025-10-23T12:11:16.062+0000] {logging_mixin.py:188} INFO - [2025-10-23T12:11:16.061+0000] {dag.py:3947} INFO - Setting next_dagrun for example_external_task_marker_parent to None, run_after=None
[2025-10-23T12:11:16.196+0000] {processor.py:183} INFO - Processing /home/khaled/dbt-env/lib/python3.12/site-packages/airflow/example_dags/example_external_task_marker_dag.py took 1.117 seconds
