[2025-10-23T11:38:54.516+0000] {processor.py:161} INFO - Started process (PID=5802) to work on /home/khaled/dbt-env/lib/python3.12/site-packages/airflow/example_dags/tutorial_taskflow_api_virtualenv.py
[2025-10-23T11:38:54.517+0000] {processor.py:830} INFO - Processing file /home/khaled/dbt-env/lib/python3.12/site-packages/airflow/example_dags/tutorial_taskflow_api_virtualenv.py for tasks to queue
[2025-10-23T11:38:54.519+0000] {logging_mixin.py:188} INFO - [2025-10-23T11:38:54.518+0000] {dagbag.py:545} INFO - Filling up the DagBag from /home/khaled/dbt-env/lib/python3.12/site-packages/airflow/example_dags/tutorial_taskflow_api_virtualenv.py
[2025-10-23T11:38:54.521+0000] {logging_mixin.py:188} INFO - [2025-10-23T11:38:54.520+0000] {tutorial_taskflow_api_virtualenv.py:29} WARNING - The tutorial_taskflow_api_virtualenv example DAG requires virtualenv, please install it.
[2025-10-23T11:38:54.521+0000] {processor.py:842} WARNING - No viable dags retrieved from /home/khaled/dbt-env/lib/python3.12/site-packages/airflow/example_dags/tutorial_taskflow_api_virtualenv.py
[2025-10-23T11:38:54.528+0000] {processor.py:183} INFO - Processing /home/khaled/dbt-env/lib/python3.12/site-packages/airflow/example_dags/tutorial_taskflow_api_virtualenv.py took 0.016 seconds
[2025-10-23T11:53:46.598+0000] {processor.py:161} INFO - Started process (PID=9104) to work on /home/khaled/dbt-env/lib/python3.12/site-packages/airflow/example_dags/tutorial_taskflow_api_virtualenv.py
[2025-10-23T11:53:46.600+0000] {processor.py:830} INFO - Processing file /home/khaled/dbt-env/lib/python3.12/site-packages/airflow/example_dags/tutorial_taskflow_api_virtualenv.py for tasks to queue
[2025-10-23T11:53:46.602+0000] {logging_mixin.py:188} INFO - [2025-10-23T11:53:46.602+0000] {dagbag.py:545} INFO - Filling up the DagBag from /home/khaled/dbt-env/lib/python3.12/site-packages/airflow/example_dags/tutorial_taskflow_api_virtualenv.py
[2025-10-23T11:53:46.605+0000] {logging_mixin.py:188} INFO - [2025-10-23T11:53:46.605+0000] {tutorial_taskflow_api_virtualenv.py:29} WARNING - The tutorial_taskflow_api_virtualenv example DAG requires virtualenv, please install it.
[2025-10-23T11:53:46.606+0000] {processor.py:842} WARNING - No viable dags retrieved from /home/khaled/dbt-env/lib/python3.12/site-packages/airflow/example_dags/tutorial_taskflow_api_virtualenv.py
[2025-10-23T11:53:46.642+0000] {processor.py:183} INFO - Processing /home/khaled/dbt-env/lib/python3.12/site-packages/airflow/example_dags/tutorial_taskflow_api_virtualenv.py took 0.054 seconds
[2025-10-23T11:55:24.086+0000] {processor.py:161} INFO - Started process (PID=9622) to work on /home/khaled/dbt-env/lib/python3.12/site-packages/airflow/example_dags/tutorial_taskflow_api_virtualenv.py
[2025-10-23T11:55:24.097+0000] {processor.py:830} INFO - Processing file /home/khaled/dbt-env/lib/python3.12/site-packages/airflow/example_dags/tutorial_taskflow_api_virtualenv.py for tasks to queue
[2025-10-23T11:55:24.099+0000] {logging_mixin.py:188} INFO - [2025-10-23T11:55:24.099+0000] {dagbag.py:545} INFO - Filling up the DagBag from /home/khaled/dbt-env/lib/python3.12/site-packages/airflow/example_dags/tutorial_taskflow_api_virtualenv.py
[2025-10-23T11:55:24.102+0000] {logging_mixin.py:188} INFO - [2025-10-23T11:55:24.101+0000] {tutorial_taskflow_api_virtualenv.py:29} WARNING - The tutorial_taskflow_api_virtualenv example DAG requires virtualenv, please install it.
[2025-10-23T11:55:24.102+0000] {processor.py:842} WARNING - No viable dags retrieved from /home/khaled/dbt-env/lib/python3.12/site-packages/airflow/example_dags/tutorial_taskflow_api_virtualenv.py
[2025-10-23T11:55:24.109+0000] {processor.py:183} INFO - Processing /home/khaled/dbt-env/lib/python3.12/site-packages/airflow/example_dags/tutorial_taskflow_api_virtualenv.py took 0.028 seconds
[2025-10-23T11:56:52.143+0000] {processor.py:161} INFO - Started process (PID=9957) to work on /home/khaled/dbt-env/lib/python3.12/site-packages/airflow/example_dags/tutorial_taskflow_api_virtualenv.py
[2025-10-23T11:56:52.157+0000] {processor.py:830} INFO - Processing file /home/khaled/dbt-env/lib/python3.12/site-packages/airflow/example_dags/tutorial_taskflow_api_virtualenv.py for tasks to queue
[2025-10-23T11:56:52.161+0000] {logging_mixin.py:188} INFO - [2025-10-23T11:56:52.160+0000] {dagbag.py:545} INFO - Filling up the DagBag from /home/khaled/dbt-env/lib/python3.12/site-packages/airflow/example_dags/tutorial_taskflow_api_virtualenv.py
[2025-10-23T11:56:52.165+0000] {logging_mixin.py:188} INFO - [2025-10-23T11:56:52.164+0000] {tutorial_taskflow_api_virtualenv.py:29} WARNING - The tutorial_taskflow_api_virtualenv example DAG requires virtualenv, please install it.
[2025-10-23T11:56:52.167+0000] {processor.py:842} WARNING - No viable dags retrieved from /home/khaled/dbt-env/lib/python3.12/site-packages/airflow/example_dags/tutorial_taskflow_api_virtualenv.py
[2025-10-23T11:56:52.203+0000] {processor.py:183} INFO - Processing /home/khaled/dbt-env/lib/python3.12/site-packages/airflow/example_dags/tutorial_taskflow_api_virtualenv.py took 0.068 seconds
[2025-10-23T11:57:43.387+0000] {processor.py:161} INFO - Started process (PID=10017) to work on /home/khaled/dbt-env/lib/python3.12/site-packages/airflow/example_dags/tutorial_taskflow_api_virtualenv.py
[2025-10-23T11:57:43.389+0000] {processor.py:830} INFO - Processing file /home/khaled/dbt-env/lib/python3.12/site-packages/airflow/example_dags/tutorial_taskflow_api_virtualenv.py for tasks to queue
[2025-10-23T11:57:43.395+0000] {logging_mixin.py:188} INFO - [2025-10-23T11:57:43.394+0000] {dagbag.py:545} INFO - Filling up the DagBag from /home/khaled/dbt-env/lib/python3.12/site-packages/airflow/example_dags/tutorial_taskflow_api_virtualenv.py
[2025-10-23T11:57:43.401+0000] {logging_mixin.py:188} INFO - [2025-10-23T11:57:43.401+0000] {tutorial_taskflow_api_virtualenv.py:29} WARNING - The tutorial_taskflow_api_virtualenv example DAG requires virtualenv, please install it.
[2025-10-23T11:57:43.402+0000] {processor.py:842} WARNING - No viable dags retrieved from /home/khaled/dbt-env/lib/python3.12/site-packages/airflow/example_dags/tutorial_taskflow_api_virtualenv.py
[2025-10-23T11:57:43.425+0000] {processor.py:183} INFO - Processing /home/khaled/dbt-env/lib/python3.12/site-packages/airflow/example_dags/tutorial_taskflow_api_virtualenv.py took 0.046 seconds
[2025-10-23T11:58:31.837+0000] {processor.py:161} INFO - Started process (PID=10075) to work on /home/khaled/dbt-env/lib/python3.12/site-packages/airflow/example_dags/tutorial_taskflow_api_virtualenv.py
[2025-10-23T11:58:31.840+0000] {processor.py:830} INFO - Processing file /home/khaled/dbt-env/lib/python3.12/site-packages/airflow/example_dags/tutorial_taskflow_api_virtualenv.py for tasks to queue
[2025-10-23T11:58:31.842+0000] {logging_mixin.py:188} INFO - [2025-10-23T11:58:31.841+0000] {dagbag.py:545} INFO - Filling up the DagBag from /home/khaled/dbt-env/lib/python3.12/site-packages/airflow/example_dags/tutorial_taskflow_api_virtualenv.py
[2025-10-23T11:58:31.843+0000] {logging_mixin.py:188} INFO - [2025-10-23T11:58:31.843+0000] {tutorial_taskflow_api_virtualenv.py:29} WARNING - The tutorial_taskflow_api_virtualenv example DAG requires virtualenv, please install it.
[2025-10-23T11:58:31.844+0000] {processor.py:842} WARNING - No viable dags retrieved from /home/khaled/dbt-env/lib/python3.12/site-packages/airflow/example_dags/tutorial_taskflow_api_virtualenv.py
[2025-10-23T11:58:31.851+0000] {processor.py:183} INFO - Processing /home/khaled/dbt-env/lib/python3.12/site-packages/airflow/example_dags/tutorial_taskflow_api_virtualenv.py took 0.019 seconds
[2025-10-23T11:59:55.278+0000] {processor.py:161} INFO - Started process (PID=10195) to work on /home/khaled/dbt-env/lib/python3.12/site-packages/airflow/example_dags/tutorial_taskflow_api_virtualenv.py
[2025-10-23T11:59:55.289+0000] {processor.py:830} INFO - Processing file /home/khaled/dbt-env/lib/python3.12/site-packages/airflow/example_dags/tutorial_taskflow_api_virtualenv.py for tasks to queue
[2025-10-23T11:59:55.341+0000] {logging_mixin.py:188} INFO - [2025-10-23T11:59:55.340+0000] {dagbag.py:545} INFO - Filling up the DagBag from /home/khaled/dbt-env/lib/python3.12/site-packages/airflow/example_dags/tutorial_taskflow_api_virtualenv.py
[2025-10-23T11:59:55.372+0000] {logging_mixin.py:188} INFO - [2025-10-23T11:59:55.370+0000] {tutorial_taskflow_api_virtualenv.py:29} WARNING - The tutorial_taskflow_api_virtualenv example DAG requires virtualenv, please install it.
[2025-10-23T11:59:55.375+0000] {processor.py:842} WARNING - No viable dags retrieved from /home/khaled/dbt-env/lib/python3.12/site-packages/airflow/example_dags/tutorial_taskflow_api_virtualenv.py
[2025-10-23T11:59:55.460+0000] {processor.py:183} INFO - Processing /home/khaled/dbt-env/lib/python3.12/site-packages/airflow/example_dags/tutorial_taskflow_api_virtualenv.py took 0.237 seconds
[2025-10-23T12:00:41.972+0000] {processor.py:161} INFO - Started process (PID=10246) to work on /home/khaled/dbt-env/lib/python3.12/site-packages/airflow/example_dags/tutorial_taskflow_api_virtualenv.py
[2025-10-23T12:00:41.974+0000] {processor.py:830} INFO - Processing file /home/khaled/dbt-env/lib/python3.12/site-packages/airflow/example_dags/tutorial_taskflow_api_virtualenv.py for tasks to queue
[2025-10-23T12:00:41.976+0000] {logging_mixin.py:188} INFO - [2025-10-23T12:00:41.975+0000] {dagbag.py:545} INFO - Filling up the DagBag from /home/khaled/dbt-env/lib/python3.12/site-packages/airflow/example_dags/tutorial_taskflow_api_virtualenv.py
[2025-10-23T12:00:41.978+0000] {logging_mixin.py:188} INFO - [2025-10-23T12:00:41.978+0000] {tutorial_taskflow_api_virtualenv.py:29} WARNING - The tutorial_taskflow_api_virtualenv example DAG requires virtualenv, please install it.
[2025-10-23T12:00:41.978+0000] {processor.py:842} WARNING - No viable dags retrieved from /home/khaled/dbt-env/lib/python3.12/site-packages/airflow/example_dags/tutorial_taskflow_api_virtualenv.py
[2025-10-23T12:00:41.987+0000] {processor.py:183} INFO - Processing /home/khaled/dbt-env/lib/python3.12/site-packages/airflow/example_dags/tutorial_taskflow_api_virtualenv.py took 0.019 seconds
[2025-10-23T12:01:34.234+0000] {processor.py:161} INFO - Started process (PID=10432) to work on /home/khaled/dbt-env/lib/python3.12/site-packages/airflow/example_dags/tutorial_taskflow_api_virtualenv.py
[2025-10-23T12:01:34.261+0000] {processor.py:830} INFO - Processing file /home/khaled/dbt-env/lib/python3.12/site-packages/airflow/example_dags/tutorial_taskflow_api_virtualenv.py for tasks to queue
[2025-10-23T12:01:34.280+0000] {logging_mixin.py:188} INFO - [2025-10-23T12:01:34.279+0000] {dagbag.py:545} INFO - Filling up the DagBag from /home/khaled/dbt-env/lib/python3.12/site-packages/airflow/example_dags/tutorial_taskflow_api_virtualenv.py
[2025-10-23T12:01:34.343+0000] {logging_mixin.py:188} INFO - [2025-10-23T12:01:34.342+0000] {tutorial_taskflow_api_virtualenv.py:29} WARNING - The tutorial_taskflow_api_virtualenv example DAG requires virtualenv, please install it.
[2025-10-23T12:01:34.346+0000] {processor.py:842} WARNING - No viable dags retrieved from /home/khaled/dbt-env/lib/python3.12/site-packages/airflow/example_dags/tutorial_taskflow_api_virtualenv.py
[2025-10-23T12:01:34.598+0000] {processor.py:183} INFO - Processing /home/khaled/dbt-env/lib/python3.12/site-packages/airflow/example_dags/tutorial_taskflow_api_virtualenv.py took 0.439 seconds
[2025-10-23T12:02:26.279+0000] {processor.py:161} INFO - Started process (PID=10627) to work on /home/khaled/dbt-env/lib/python3.12/site-packages/airflow/example_dags/tutorial_taskflow_api_virtualenv.py
[2025-10-23T12:02:26.281+0000] {processor.py:830} INFO - Processing file /home/khaled/dbt-env/lib/python3.12/site-packages/airflow/example_dags/tutorial_taskflow_api_virtualenv.py for tasks to queue
[2025-10-23T12:02:26.282+0000] {logging_mixin.py:188} INFO - [2025-10-23T12:02:26.282+0000] {dagbag.py:545} INFO - Filling up the DagBag from /home/khaled/dbt-env/lib/python3.12/site-packages/airflow/example_dags/tutorial_taskflow_api_virtualenv.py
[2025-10-23T12:02:26.284+0000] {logging_mixin.py:188} INFO - [2025-10-23T12:02:26.284+0000] {tutorial_taskflow_api_virtualenv.py:29} WARNING - The tutorial_taskflow_api_virtualenv example DAG requires virtualenv, please install it.
[2025-10-23T12:02:26.284+0000] {processor.py:842} WARNING - No viable dags retrieved from /home/khaled/dbt-env/lib/python3.12/site-packages/airflow/example_dags/tutorial_taskflow_api_virtualenv.py
[2025-10-23T12:02:26.292+0000] {processor.py:183} INFO - Processing /home/khaled/dbt-env/lib/python3.12/site-packages/airflow/example_dags/tutorial_taskflow_api_virtualenv.py took 0.018 seconds
[2025-10-23T12:03:18.925+0000] {processor.py:161} INFO - Started process (PID=10674) to work on /home/khaled/dbt-env/lib/python3.12/site-packages/airflow/example_dags/tutorial_taskflow_api_virtualenv.py
[2025-10-23T12:03:18.927+0000] {processor.py:830} INFO - Processing file /home/khaled/dbt-env/lib/python3.12/site-packages/airflow/example_dags/tutorial_taskflow_api_virtualenv.py for tasks to queue
[2025-10-23T12:03:18.928+0000] {logging_mixin.py:188} INFO - [2025-10-23T12:03:18.928+0000] {dagbag.py:545} INFO - Filling up the DagBag from /home/khaled/dbt-env/lib/python3.12/site-packages/airflow/example_dags/tutorial_taskflow_api_virtualenv.py
[2025-10-23T12:03:18.930+0000] {logging_mixin.py:188} INFO - [2025-10-23T12:03:18.930+0000] {tutorial_taskflow_api_virtualenv.py:29} WARNING - The tutorial_taskflow_api_virtualenv example DAG requires virtualenv, please install it.
[2025-10-23T12:03:18.931+0000] {processor.py:842} WARNING - No viable dags retrieved from /home/khaled/dbt-env/lib/python3.12/site-packages/airflow/example_dags/tutorial_taskflow_api_virtualenv.py
[2025-10-23T12:03:18.939+0000] {processor.py:183} INFO - Processing /home/khaled/dbt-env/lib/python3.12/site-packages/airflow/example_dags/tutorial_taskflow_api_virtualenv.py took 0.018 seconds
[2025-10-23T12:04:23.165+0000] {processor.py:161} INFO - Started process (PID=10815) to work on /home/khaled/dbt-env/lib/python3.12/site-packages/airflow/example_dags/tutorial_taskflow_api_virtualenv.py
[2025-10-23T12:04:23.167+0000] {processor.py:830} INFO - Processing file /home/khaled/dbt-env/lib/python3.12/site-packages/airflow/example_dags/tutorial_taskflow_api_virtualenv.py for tasks to queue
[2025-10-23T12:04:23.169+0000] {logging_mixin.py:188} INFO - [2025-10-23T12:04:23.169+0000] {dagbag.py:545} INFO - Filling up the DagBag from /home/khaled/dbt-env/lib/python3.12/site-packages/airflow/example_dags/tutorial_taskflow_api_virtualenv.py
[2025-10-23T12:04:23.171+0000] {logging_mixin.py:188} INFO - [2025-10-23T12:04:23.171+0000] {tutorial_taskflow_api_virtualenv.py:29} WARNING - The tutorial_taskflow_api_virtualenv example DAG requires virtualenv, please install it.
[2025-10-23T12:04:23.171+0000] {processor.py:842} WARNING - No viable dags retrieved from /home/khaled/dbt-env/lib/python3.12/site-packages/airflow/example_dags/tutorial_taskflow_api_virtualenv.py
[2025-10-23T12:04:23.180+0000] {processor.py:183} INFO - Processing /home/khaled/dbt-env/lib/python3.12/site-packages/airflow/example_dags/tutorial_taskflow_api_virtualenv.py took 0.019 seconds
[2025-10-23T12:05:17.538+0000] {processor.py:161} INFO - Started process (PID=11175) to work on /home/khaled/dbt-env/lib/python3.12/site-packages/airflow/example_dags/tutorial_taskflow_api_virtualenv.py
[2025-10-23T12:05:17.549+0000] {processor.py:830} INFO - Processing file /home/khaled/dbt-env/lib/python3.12/site-packages/airflow/example_dags/tutorial_taskflow_api_virtualenv.py for tasks to queue
[2025-10-23T12:05:17.551+0000] {logging_mixin.py:188} INFO - [2025-10-23T12:05:17.550+0000] {dagbag.py:545} INFO - Filling up the DagBag from /home/khaled/dbt-env/lib/python3.12/site-packages/airflow/example_dags/tutorial_taskflow_api_virtualenv.py
[2025-10-23T12:05:17.553+0000] {logging_mixin.py:188} INFO - [2025-10-23T12:05:17.553+0000] {tutorial_taskflow_api_virtualenv.py:29} WARNING - The tutorial_taskflow_api_virtualenv example DAG requires virtualenv, please install it.
[2025-10-23T12:05:17.553+0000] {processor.py:842} WARNING - No viable dags retrieved from /home/khaled/dbt-env/lib/python3.12/site-packages/airflow/example_dags/tutorial_taskflow_api_virtualenv.py
[2025-10-23T12:05:17.561+0000] {processor.py:183} INFO - Processing /home/khaled/dbt-env/lib/python3.12/site-packages/airflow/example_dags/tutorial_taskflow_api_virtualenv.py took 0.027 seconds
[2025-10-23T12:06:01.507+0000] {processor.py:161} INFO - Started process (PID=11244) to work on /home/khaled/dbt-env/lib/python3.12/site-packages/airflow/example_dags/tutorial_taskflow_api_virtualenv.py
[2025-10-23T12:06:01.510+0000] {processor.py:830} INFO - Processing file /home/khaled/dbt-env/lib/python3.12/site-packages/airflow/example_dags/tutorial_taskflow_api_virtualenv.py for tasks to queue
[2025-10-23T12:06:01.513+0000] {logging_mixin.py:188} INFO - [2025-10-23T12:06:01.512+0000] {dagbag.py:545} INFO - Filling up the DagBag from /home/khaled/dbt-env/lib/python3.12/site-packages/airflow/example_dags/tutorial_taskflow_api_virtualenv.py
[2025-10-23T12:06:01.518+0000] {logging_mixin.py:188} INFO - [2025-10-23T12:06:01.517+0000] {tutorial_taskflow_api_virtualenv.py:29} WARNING - The tutorial_taskflow_api_virtualenv example DAG requires virtualenv, please install it.
[2025-10-23T12:06:01.518+0000] {processor.py:842} WARNING - No viable dags retrieved from /home/khaled/dbt-env/lib/python3.12/site-packages/airflow/example_dags/tutorial_taskflow_api_virtualenv.py
[2025-10-23T12:06:01.530+0000] {processor.py:183} INFO - Processing /home/khaled/dbt-env/lib/python3.12/site-packages/airflow/example_dags/tutorial_taskflow_api_virtualenv.py took 0.033 seconds
[2025-10-23T12:06:44.540+0000] {processor.py:161} INFO - Started process (PID=11304) to work on /home/khaled/dbt-env/lib/python3.12/site-packages/airflow/example_dags/tutorial_taskflow_api_virtualenv.py
[2025-10-23T12:06:44.541+0000] {processor.py:830} INFO - Processing file /home/khaled/dbt-env/lib/python3.12/site-packages/airflow/example_dags/tutorial_taskflow_api_virtualenv.py for tasks to queue
[2025-10-23T12:06:44.542+0000] {logging_mixin.py:188} INFO - [2025-10-23T12:06:44.542+0000] {dagbag.py:545} INFO - Filling up the DagBag from /home/khaled/dbt-env/lib/python3.12/site-packages/airflow/example_dags/tutorial_taskflow_api_virtualenv.py
[2025-10-23T12:06:44.545+0000] {logging_mixin.py:188} INFO - [2025-10-23T12:06:44.544+0000] {tutorial_taskflow_api_virtualenv.py:29} WARNING - The tutorial_taskflow_api_virtualenv example DAG requires virtualenv, please install it.
[2025-10-23T12:06:44.545+0000] {processor.py:842} WARNING - No viable dags retrieved from /home/khaled/dbt-env/lib/python3.12/site-packages/airflow/example_dags/tutorial_taskflow_api_virtualenv.py
[2025-10-23T12:06:44.552+0000] {processor.py:183} INFO - Processing /home/khaled/dbt-env/lib/python3.12/site-packages/airflow/example_dags/tutorial_taskflow_api_virtualenv.py took 0.017 seconds
[2025-10-23T12:07:28.786+0000] {processor.py:161} INFO - Started process (PID=11365) to work on /home/khaled/dbt-env/lib/python3.12/site-packages/airflow/example_dags/tutorial_taskflow_api_virtualenv.py
[2025-10-23T12:07:28.787+0000] {processor.py:830} INFO - Processing file /home/khaled/dbt-env/lib/python3.12/site-packages/airflow/example_dags/tutorial_taskflow_api_virtualenv.py for tasks to queue
[2025-10-23T12:07:28.789+0000] {logging_mixin.py:188} INFO - [2025-10-23T12:07:28.788+0000] {dagbag.py:545} INFO - Filling up the DagBag from /home/khaled/dbt-env/lib/python3.12/site-packages/airflow/example_dags/tutorial_taskflow_api_virtualenv.py
[2025-10-23T12:07:28.791+0000] {logging_mixin.py:188} INFO - [2025-10-23T12:07:28.790+0000] {tutorial_taskflow_api_virtualenv.py:29} WARNING - The tutorial_taskflow_api_virtualenv example DAG requires virtualenv, please install it.
[2025-10-23T12:07:28.791+0000] {processor.py:842} WARNING - No viable dags retrieved from /home/khaled/dbt-env/lib/python3.12/site-packages/airflow/example_dags/tutorial_taskflow_api_virtualenv.py
[2025-10-23T12:07:28.798+0000] {processor.py:183} INFO - Processing /home/khaled/dbt-env/lib/python3.12/site-packages/airflow/example_dags/tutorial_taskflow_api_virtualenv.py took 0.018 seconds
[2025-10-23T12:08:20.631+0000] {processor.py:161} INFO - Started process (PID=11427) to work on /home/khaled/dbt-env/lib/python3.12/site-packages/airflow/example_dags/tutorial_taskflow_api_virtualenv.py
[2025-10-23T12:08:20.632+0000] {processor.py:830} INFO - Processing file /home/khaled/dbt-env/lib/python3.12/site-packages/airflow/example_dags/tutorial_taskflow_api_virtualenv.py for tasks to queue
[2025-10-23T12:08:20.633+0000] {logging_mixin.py:188} INFO - [2025-10-23T12:08:20.633+0000] {dagbag.py:545} INFO - Filling up the DagBag from /home/khaled/dbt-env/lib/python3.12/site-packages/airflow/example_dags/tutorial_taskflow_api_virtualenv.py
[2025-10-23T12:08:20.635+0000] {logging_mixin.py:188} INFO - [2025-10-23T12:08:20.635+0000] {tutorial_taskflow_api_virtualenv.py:29} WARNING - The tutorial_taskflow_api_virtualenv example DAG requires virtualenv, please install it.
[2025-10-23T12:08:20.636+0000] {processor.py:842} WARNING - No viable dags retrieved from /home/khaled/dbt-env/lib/python3.12/site-packages/airflow/example_dags/tutorial_taskflow_api_virtualenv.py
[2025-10-23T12:08:20.643+0000] {processor.py:183} INFO - Processing /home/khaled/dbt-env/lib/python3.12/site-packages/airflow/example_dags/tutorial_taskflow_api_virtualenv.py took 0.017 seconds
[2025-10-23T12:09:08.932+0000] {processor.py:161} INFO - Started process (PID=11535) to work on /home/khaled/dbt-env/lib/python3.12/site-packages/airflow/example_dags/tutorial_taskflow_api_virtualenv.py
[2025-10-23T12:09:08.934+0000] {processor.py:830} INFO - Processing file /home/khaled/dbt-env/lib/python3.12/site-packages/airflow/example_dags/tutorial_taskflow_api_virtualenv.py for tasks to queue
[2025-10-23T12:09:08.936+0000] {logging_mixin.py:188} INFO - [2025-10-23T12:09:08.936+0000] {dagbag.py:545} INFO - Filling up the DagBag from /home/khaled/dbt-env/lib/python3.12/site-packages/airflow/example_dags/tutorial_taskflow_api_virtualenv.py
[2025-10-23T12:09:08.938+0000] {logging_mixin.py:188} INFO - [2025-10-23T12:09:08.938+0000] {tutorial_taskflow_api_virtualenv.py:29} WARNING - The tutorial_taskflow_api_virtualenv example DAG requires virtualenv, please install it.
[2025-10-23T12:09:08.939+0000] {processor.py:842} WARNING - No viable dags retrieved from /home/khaled/dbt-env/lib/python3.12/site-packages/airflow/example_dags/tutorial_taskflow_api_virtualenv.py
[2025-10-23T12:09:08.946+0000] {processor.py:183} INFO - Processing /home/khaled/dbt-env/lib/python3.12/site-packages/airflow/example_dags/tutorial_taskflow_api_virtualenv.py took 0.018 seconds
[2025-10-23T12:09:56.790+0000] {processor.py:161} INFO - Started process (PID=11644) to work on /home/khaled/dbt-env/lib/python3.12/site-packages/airflow/example_dags/tutorial_taskflow_api_virtualenv.py
[2025-10-23T12:09:56.791+0000] {processor.py:830} INFO - Processing file /home/khaled/dbt-env/lib/python3.12/site-packages/airflow/example_dags/tutorial_taskflow_api_virtualenv.py for tasks to queue
[2025-10-23T12:09:56.792+0000] {logging_mixin.py:188} INFO - [2025-10-23T12:09:56.792+0000] {dagbag.py:545} INFO - Filling up the DagBag from /home/khaled/dbt-env/lib/python3.12/site-packages/airflow/example_dags/tutorial_taskflow_api_virtualenv.py
[2025-10-23T12:09:56.794+0000] {logging_mixin.py:188} INFO - [2025-10-23T12:09:56.794+0000] {tutorial_taskflow_api_virtualenv.py:29} WARNING - The tutorial_taskflow_api_virtualenv example DAG requires virtualenv, please install it.
[2025-10-23T12:09:56.795+0000] {processor.py:842} WARNING - No viable dags retrieved from /home/khaled/dbt-env/lib/python3.12/site-packages/airflow/example_dags/tutorial_taskflow_api_virtualenv.py
[2025-10-23T12:09:56.804+0000] {processor.py:183} INFO - Processing /home/khaled/dbt-env/lib/python3.12/site-packages/airflow/example_dags/tutorial_taskflow_api_virtualenv.py took 0.019 seconds
[2025-10-23T12:10:41.484+0000] {processor.py:161} INFO - Started process (PID=11698) to work on /home/khaled/dbt-env/lib/python3.12/site-packages/airflow/example_dags/tutorial_taskflow_api_virtualenv.py
[2025-10-23T12:10:41.485+0000] {processor.py:830} INFO - Processing file /home/khaled/dbt-env/lib/python3.12/site-packages/airflow/example_dags/tutorial_taskflow_api_virtualenv.py for tasks to queue
[2025-10-23T12:10:41.487+0000] {logging_mixin.py:188} INFO - [2025-10-23T12:10:41.486+0000] {dagbag.py:545} INFO - Filling up the DagBag from /home/khaled/dbt-env/lib/python3.12/site-packages/airflow/example_dags/tutorial_taskflow_api_virtualenv.py
[2025-10-23T12:10:41.489+0000] {logging_mixin.py:188} INFO - [2025-10-23T12:10:41.489+0000] {tutorial_taskflow_api_virtualenv.py:29} WARNING - The tutorial_taskflow_api_virtualenv example DAG requires virtualenv, please install it.
[2025-10-23T12:10:41.489+0000] {processor.py:842} WARNING - No viable dags retrieved from /home/khaled/dbt-env/lib/python3.12/site-packages/airflow/example_dags/tutorial_taskflow_api_virtualenv.py
[2025-10-23T12:10:41.498+0000] {processor.py:183} INFO - Processing /home/khaled/dbt-env/lib/python3.12/site-packages/airflow/example_dags/tutorial_taskflow_api_virtualenv.py took 0.021 seconds
[2025-10-23T12:11:50.621+0000] {processor.py:161} INFO - Started process (PID=11739) to work on /home/khaled/dbt-env/lib/python3.12/site-packages/airflow/example_dags/tutorial_taskflow_api_virtualenv.py
[2025-10-23T12:11:50.678+0000] {processor.py:830} INFO - Processing file /home/khaled/dbt-env/lib/python3.12/site-packages/airflow/example_dags/tutorial_taskflow_api_virtualenv.py for tasks to queue
[2025-10-23T12:11:50.733+0000] {logging_mixin.py:188} INFO - [2025-10-23T12:11:50.728+0000] {dagbag.py:545} INFO - Filling up the DagBag from /home/khaled/dbt-env/lib/python3.12/site-packages/airflow/example_dags/tutorial_taskflow_api_virtualenv.py
[2025-10-23T12:11:50.749+0000] {logging_mixin.py:188} INFO - [2025-10-23T12:11:50.748+0000] {tutorial_taskflow_api_virtualenv.py:29} WARNING - The tutorial_taskflow_api_virtualenv example DAG requires virtualenv, please install it.
[2025-10-23T12:11:50.756+0000] {processor.py:842} WARNING - No viable dags retrieved from /home/khaled/dbt-env/lib/python3.12/site-packages/airflow/example_dags/tutorial_taskflow_api_virtualenv.py
[2025-10-23T12:11:51.059+0000] {processor.py:183} INFO - Processing /home/khaled/dbt-env/lib/python3.12/site-packages/airflow/example_dags/tutorial_taskflow_api_virtualenv.py took 0.519 seconds
