[2025-10-24T14:20:36.958+0000] {processor.py:161} INFO - Started process (PID=6992) to work on /home/khaled/dbt-env/lib/python3.12/site-packages/airflow/example_dags/subdags/subdag.py
[2025-10-24T14:20:36.959+0000] {processor.py:830} INFO - Processing file /home/khaled/dbt-env/lib/python3.12/site-packages/airflow/example_dags/subdags/subdag.py for tasks to queue
[2025-10-24T14:20:36.963+0000] {logging_mixin.py:188} INFO - [2025-10-24T14:20:36.962+0000] {dagbag.py:545} INFO - Filling up the DagBag from /home/khaled/dbt-env/lib/python3.12/site-packages/airflow/example_dags/subdags/subdag.py
[2025-10-24T14:20:36.968+0000] {processor.py:842} WARNING - No viable dags retrieved from /home/khaled/dbt-env/lib/python3.12/site-packages/airflow/example_dags/subdags/subdag.py
[2025-10-24T14:20:36.978+0000] {processor.py:183} INFO - Processing /home/khaled/dbt-env/lib/python3.12/site-packages/airflow/example_dags/subdags/subdag.py took 0.037 seconds
[2025-10-24T14:21:33.607+0000] {processor.py:161} INFO - Started process (PID=7183) to work on /home/khaled/dbt-env/lib/python3.12/site-packages/airflow/example_dags/subdags/subdag.py
[2025-10-24T14:21:33.617+0000] {processor.py:830} INFO - Processing file /home/khaled/dbt-env/lib/python3.12/site-packages/airflow/example_dags/subdags/subdag.py for tasks to queue
[2025-10-24T14:21:33.619+0000] {logging_mixin.py:188} INFO - [2025-10-24T14:21:33.618+0000] {dagbag.py:545} INFO - Filling up the DagBag from /home/khaled/dbt-env/lib/python3.12/site-packages/airflow/example_dags/subdags/subdag.py
[2025-10-24T14:21:33.620+0000] {processor.py:842} WARNING - No viable dags retrieved from /home/khaled/dbt-env/lib/python3.12/site-packages/airflow/example_dags/subdags/subdag.py
[2025-10-24T14:21:33.628+0000] {processor.py:183} INFO - Processing /home/khaled/dbt-env/lib/python3.12/site-packages/airflow/example_dags/subdags/subdag.py took 0.025 seconds
[2025-10-24T14:22:25.500+0000] {processor.py:161} INFO - Started process (PID=7295) to work on /home/khaled/dbt-env/lib/python3.12/site-packages/airflow/example_dags/subdags/subdag.py
[2025-10-24T14:22:25.502+0000] {processor.py:830} INFO - Processing file /home/khaled/dbt-env/lib/python3.12/site-packages/airflow/example_dags/subdags/subdag.py for tasks to queue
[2025-10-24T14:22:25.503+0000] {logging_mixin.py:188} INFO - [2025-10-24T14:22:25.503+0000] {dagbag.py:545} INFO - Filling up the DagBag from /home/khaled/dbt-env/lib/python3.12/site-packages/airflow/example_dags/subdags/subdag.py
[2025-10-24T14:22:25.505+0000] {processor.py:842} WARNING - No viable dags retrieved from /home/khaled/dbt-env/lib/python3.12/site-packages/airflow/example_dags/subdags/subdag.py
[2025-10-24T14:22:25.516+0000] {processor.py:183} INFO - Processing /home/khaled/dbt-env/lib/python3.12/site-packages/airflow/example_dags/subdags/subdag.py took 0.020 seconds
[2025-10-24T14:23:13.314+0000] {processor.py:161} INFO - Started process (PID=7356) to work on /home/khaled/dbt-env/lib/python3.12/site-packages/airflow/example_dags/subdags/subdag.py
[2025-10-24T14:23:13.315+0000] {processor.py:830} INFO - Processing file /home/khaled/dbt-env/lib/python3.12/site-packages/airflow/example_dags/subdags/subdag.py for tasks to queue
[2025-10-24T14:23:13.316+0000] {logging_mixin.py:188} INFO - [2025-10-24T14:23:13.316+0000] {dagbag.py:545} INFO - Filling up the DagBag from /home/khaled/dbt-env/lib/python3.12/site-packages/airflow/example_dags/subdags/subdag.py
[2025-10-24T14:23:13.318+0000] {processor.py:842} WARNING - No viable dags retrieved from /home/khaled/dbt-env/lib/python3.12/site-packages/airflow/example_dags/subdags/subdag.py
[2025-10-24T14:23:13.326+0000] {processor.py:183} INFO - Processing /home/khaled/dbt-env/lib/python3.12/site-packages/airflow/example_dags/subdags/subdag.py took 0.016 seconds
[2025-10-24T14:24:05.391+0000] {processor.py:161} INFO - Started process (PID=7412) to work on /home/khaled/dbt-env/lib/python3.12/site-packages/airflow/example_dags/subdags/subdag.py
[2025-10-24T14:24:05.393+0000] {processor.py:830} INFO - Processing file /home/khaled/dbt-env/lib/python3.12/site-packages/airflow/example_dags/subdags/subdag.py for tasks to queue
[2025-10-24T14:24:05.394+0000] {logging_mixin.py:188} INFO - [2025-10-24T14:24:05.394+0000] {dagbag.py:545} INFO - Filling up the DagBag from /home/khaled/dbt-env/lib/python3.12/site-packages/airflow/example_dags/subdags/subdag.py
[2025-10-24T14:24:05.395+0000] {processor.py:842} WARNING - No viable dags retrieved from /home/khaled/dbt-env/lib/python3.12/site-packages/airflow/example_dags/subdags/subdag.py
[2025-10-24T14:24:05.403+0000] {processor.py:183} INFO - Processing /home/khaled/dbt-env/lib/python3.12/site-packages/airflow/example_dags/subdags/subdag.py took 0.016 seconds
[2025-10-24T14:25:02.461+0000] {processor.py:161} INFO - Started process (PID=7475) to work on /home/khaled/dbt-env/lib/python3.12/site-packages/airflow/example_dags/subdags/subdag.py
[2025-10-24T14:25:02.472+0000] {processor.py:830} INFO - Processing file /home/khaled/dbt-env/lib/python3.12/site-packages/airflow/example_dags/subdags/subdag.py for tasks to queue
[2025-10-24T14:25:02.473+0000] {logging_mixin.py:188} INFO - [2025-10-24T14:25:02.473+0000] {dagbag.py:545} INFO - Filling up the DagBag from /home/khaled/dbt-env/lib/python3.12/site-packages/airflow/example_dags/subdags/subdag.py
[2025-10-24T14:25:02.474+0000] {processor.py:842} WARNING - No viable dags retrieved from /home/khaled/dbt-env/lib/python3.12/site-packages/airflow/example_dags/subdags/subdag.py
[2025-10-24T14:25:02.481+0000] {processor.py:183} INFO - Processing /home/khaled/dbt-env/lib/python3.12/site-packages/airflow/example_dags/subdags/subdag.py took 0.025 seconds
[2025-10-24T14:25:59.544+0000] {processor.py:161} INFO - Started process (PID=7652) to work on /home/khaled/dbt-env/lib/python3.12/site-packages/airflow/example_dags/subdags/subdag.py
[2025-10-24T14:25:59.546+0000] {processor.py:830} INFO - Processing file /home/khaled/dbt-env/lib/python3.12/site-packages/airflow/example_dags/subdags/subdag.py for tasks to queue
[2025-10-24T14:25:59.547+0000] {logging_mixin.py:188} INFO - [2025-10-24T14:25:59.547+0000] {dagbag.py:545} INFO - Filling up the DagBag from /home/khaled/dbt-env/lib/python3.12/site-packages/airflow/example_dags/subdags/subdag.py
[2025-10-24T14:25:59.549+0000] {processor.py:842} WARNING - No viable dags retrieved from /home/khaled/dbt-env/lib/python3.12/site-packages/airflow/example_dags/subdags/subdag.py
[2025-10-24T14:25:59.556+0000] {processor.py:183} INFO - Processing /home/khaled/dbt-env/lib/python3.12/site-packages/airflow/example_dags/subdags/subdag.py took 0.016 seconds
[2025-10-24T14:26:56.727+0000] {processor.py:161} INFO - Started process (PID=7809) to work on /home/khaled/dbt-env/lib/python3.12/site-packages/airflow/example_dags/subdags/subdag.py
[2025-10-24T14:26:56.741+0000] {processor.py:830} INFO - Processing file /home/khaled/dbt-env/lib/python3.12/site-packages/airflow/example_dags/subdags/subdag.py for tasks to queue
[2025-10-24T14:26:56.749+0000] {logging_mixin.py:188} INFO - [2025-10-24T14:26:56.748+0000] {dagbag.py:545} INFO - Filling up the DagBag from /home/khaled/dbt-env/lib/python3.12/site-packages/airflow/example_dags/subdags/subdag.py
[2025-10-24T14:26:56.771+0000] {processor.py:842} WARNING - No viable dags retrieved from /home/khaled/dbt-env/lib/python3.12/site-packages/airflow/example_dags/subdags/subdag.py
[2025-10-24T14:26:56.842+0000] {processor.py:183} INFO - Processing /home/khaled/dbt-env/lib/python3.12/site-packages/airflow/example_dags/subdags/subdag.py took 0.177 seconds
[2025-10-24T14:27:52.796+0000] {processor.py:161} INFO - Started process (PID=7918) to work on /home/khaled/dbt-env/lib/python3.12/site-packages/airflow/example_dags/subdags/subdag.py
[2025-10-24T14:27:52.807+0000] {processor.py:830} INFO - Processing file /home/khaled/dbt-env/lib/python3.12/site-packages/airflow/example_dags/subdags/subdag.py for tasks to queue
[2025-10-24T14:27:52.809+0000] {logging_mixin.py:188} INFO - [2025-10-24T14:27:52.809+0000] {dagbag.py:545} INFO - Filling up the DagBag from /home/khaled/dbt-env/lib/python3.12/site-packages/airflow/example_dags/subdags/subdag.py
[2025-10-24T14:27:52.811+0000] {processor.py:842} WARNING - No viable dags retrieved from /home/khaled/dbt-env/lib/python3.12/site-packages/airflow/example_dags/subdags/subdag.py
[2025-10-24T14:27:52.825+0000] {processor.py:183} INFO - Processing /home/khaled/dbt-env/lib/python3.12/site-packages/airflow/example_dags/subdags/subdag.py took 0.037 seconds
[2025-10-24T14:28:55.172+0000] {processor.py:161} INFO - Started process (PID=8245) to work on /home/khaled/dbt-env/lib/python3.12/site-packages/airflow/example_dags/subdags/subdag.py
[2025-10-24T14:28:55.187+0000] {processor.py:830} INFO - Processing file /home/khaled/dbt-env/lib/python3.12/site-packages/airflow/example_dags/subdags/subdag.py for tasks to queue
[2025-10-24T14:28:55.198+0000] {logging_mixin.py:188} INFO - [2025-10-24T14:28:55.194+0000] {dagbag.py:545} INFO - Filling up the DagBag from /home/khaled/dbt-env/lib/python3.12/site-packages/airflow/example_dags/subdags/subdag.py
[2025-10-24T14:28:55.203+0000] {processor.py:842} WARNING - No viable dags retrieved from /home/khaled/dbt-env/lib/python3.12/site-packages/airflow/example_dags/subdags/subdag.py
[2025-10-24T14:28:55.236+0000] {processor.py:183} INFO - Processing /home/khaled/dbt-env/lib/python3.12/site-packages/airflow/example_dags/subdags/subdag.py took 0.073 seconds
[2025-10-24T14:29:53.844+0000] {processor.py:161} INFO - Started process (PID=8448) to work on /home/khaled/dbt-env/lib/python3.12/site-packages/airflow/example_dags/subdags/subdag.py
[2025-10-24T14:29:53.856+0000] {processor.py:830} INFO - Processing file /home/khaled/dbt-env/lib/python3.12/site-packages/airflow/example_dags/subdags/subdag.py for tasks to queue
[2025-10-24T14:29:53.858+0000] {logging_mixin.py:188} INFO - [2025-10-24T14:29:53.857+0000] {dagbag.py:545} INFO - Filling up the DagBag from /home/khaled/dbt-env/lib/python3.12/site-packages/airflow/example_dags/subdags/subdag.py
[2025-10-24T14:29:53.859+0000] {processor.py:842} WARNING - No viable dags retrieved from /home/khaled/dbt-env/lib/python3.12/site-packages/airflow/example_dags/subdags/subdag.py
[2025-10-24T14:29:53.871+0000] {processor.py:183} INFO - Processing /home/khaled/dbt-env/lib/python3.12/site-packages/airflow/example_dags/subdags/subdag.py took 0.042 seconds
[2025-10-24T14:30:50.058+0000] {processor.py:161} INFO - Started process (PID=8616) to work on /home/khaled/dbt-env/lib/python3.12/site-packages/airflow/example_dags/subdags/subdag.py
[2025-10-24T14:30:50.059+0000] {processor.py:830} INFO - Processing file /home/khaled/dbt-env/lib/python3.12/site-packages/airflow/example_dags/subdags/subdag.py for tasks to queue
[2025-10-24T14:30:50.061+0000] {logging_mixin.py:188} INFO - [2025-10-24T14:30:50.060+0000] {dagbag.py:545} INFO - Filling up the DagBag from /home/khaled/dbt-env/lib/python3.12/site-packages/airflow/example_dags/subdags/subdag.py
[2025-10-24T14:30:50.062+0000] {processor.py:842} WARNING - No viable dags retrieved from /home/khaled/dbt-env/lib/python3.12/site-packages/airflow/example_dags/subdags/subdag.py
[2025-10-24T14:30:50.069+0000] {processor.py:183} INFO - Processing /home/khaled/dbt-env/lib/python3.12/site-packages/airflow/example_dags/subdags/subdag.py took 0.016 seconds
[2025-10-24T14:31:53.854+0000] {processor.py:161} INFO - Started process (PID=8680) to work on /home/khaled/dbt-env/lib/python3.12/site-packages/airflow/example_dags/subdags/subdag.py
[2025-10-24T14:31:53.855+0000] {processor.py:830} INFO - Processing file /home/khaled/dbt-env/lib/python3.12/site-packages/airflow/example_dags/subdags/subdag.py for tasks to queue
[2025-10-24T14:31:53.857+0000] {logging_mixin.py:188} INFO - [2025-10-24T14:31:53.856+0000] {dagbag.py:545} INFO - Filling up the DagBag from /home/khaled/dbt-env/lib/python3.12/site-packages/airflow/example_dags/subdags/subdag.py
[2025-10-24T14:31:53.858+0000] {processor.py:842} WARNING - No viable dags retrieved from /home/khaled/dbt-env/lib/python3.12/site-packages/airflow/example_dags/subdags/subdag.py
[2025-10-24T14:31:53.865+0000] {processor.py:183} INFO - Processing /home/khaled/dbt-env/lib/python3.12/site-packages/airflow/example_dags/subdags/subdag.py took 0.016 seconds
[2025-10-24T14:32:27.969+0000] {processor.py:161} INFO - Started process (PID=8716) to work on /home/khaled/dbt-env/lib/python3.12/site-packages/airflow/example_dags/subdags/subdag.py
[2025-10-24T14:32:27.970+0000] {processor.py:830} INFO - Processing file /home/khaled/dbt-env/lib/python3.12/site-packages/airflow/example_dags/subdags/subdag.py for tasks to queue
[2025-10-24T14:32:27.972+0000] {logging_mixin.py:188} INFO - [2025-10-24T14:32:27.972+0000] {dagbag.py:545} INFO - Filling up the DagBag from /home/khaled/dbt-env/lib/python3.12/site-packages/airflow/example_dags/subdags/subdag.py
[2025-10-24T14:32:27.973+0000] {processor.py:842} WARNING - No viable dags retrieved from /home/khaled/dbt-env/lib/python3.12/site-packages/airflow/example_dags/subdags/subdag.py
[2025-10-24T14:32:27.981+0000] {processor.py:183} INFO - Processing /home/khaled/dbt-env/lib/python3.12/site-packages/airflow/example_dags/subdags/subdag.py took 0.016 seconds
[2025-10-24T14:33:02.005+0000] {processor.py:161} INFO - Started process (PID=8747) to work on /home/khaled/dbt-env/lib/python3.12/site-packages/airflow/example_dags/subdags/subdag.py
[2025-10-24T14:33:02.006+0000] {processor.py:830} INFO - Processing file /home/khaled/dbt-env/lib/python3.12/site-packages/airflow/example_dags/subdags/subdag.py for tasks to queue
[2025-10-24T14:33:02.007+0000] {logging_mixin.py:188} INFO - [2025-10-24T14:33:02.007+0000] {dagbag.py:545} INFO - Filling up the DagBag from /home/khaled/dbt-env/lib/python3.12/site-packages/airflow/example_dags/subdags/subdag.py
[2025-10-24T14:33:02.008+0000] {processor.py:842} WARNING - No viable dags retrieved from /home/khaled/dbt-env/lib/python3.12/site-packages/airflow/example_dags/subdags/subdag.py
[2025-10-24T14:33:02.015+0000] {processor.py:183} INFO - Processing /home/khaled/dbt-env/lib/python3.12/site-packages/airflow/example_dags/subdags/subdag.py took 0.015 seconds
[2025-10-24T14:33:40.735+0000] {processor.py:161} INFO - Started process (PID=8780) to work on /home/khaled/dbt-env/lib/python3.12/site-packages/airflow/example_dags/subdags/subdag.py
[2025-10-24T14:33:40.736+0000] {processor.py:830} INFO - Processing file /home/khaled/dbt-env/lib/python3.12/site-packages/airflow/example_dags/subdags/subdag.py for tasks to queue
[2025-10-24T14:33:40.737+0000] {logging_mixin.py:188} INFO - [2025-10-24T14:33:40.737+0000] {dagbag.py:545} INFO - Filling up the DagBag from /home/khaled/dbt-env/lib/python3.12/site-packages/airflow/example_dags/subdags/subdag.py
[2025-10-24T14:33:40.739+0000] {processor.py:842} WARNING - No viable dags retrieved from /home/khaled/dbt-env/lib/python3.12/site-packages/airflow/example_dags/subdags/subdag.py
[2025-10-24T14:33:40.748+0000] {processor.py:183} INFO - Processing /home/khaled/dbt-env/lib/python3.12/site-packages/airflow/example_dags/subdags/subdag.py took 0.018 seconds
[2025-10-24T14:34:19.408+0000] {processor.py:161} INFO - Started process (PID=8820) to work on /home/khaled/dbt-env/lib/python3.12/site-packages/airflow/example_dags/subdags/subdag.py
[2025-10-24T14:34:19.410+0000] {processor.py:830} INFO - Processing file /home/khaled/dbt-env/lib/python3.12/site-packages/airflow/example_dags/subdags/subdag.py for tasks to queue
[2025-10-24T14:34:19.412+0000] {logging_mixin.py:188} INFO - [2025-10-24T14:34:19.411+0000] {dagbag.py:545} INFO - Filling up the DagBag from /home/khaled/dbt-env/lib/python3.12/site-packages/airflow/example_dags/subdags/subdag.py
[2025-10-24T14:34:19.413+0000] {processor.py:842} WARNING - No viable dags retrieved from /home/khaled/dbt-env/lib/python3.12/site-packages/airflow/example_dags/subdags/subdag.py
[2025-10-24T14:34:19.421+0000] {processor.py:183} INFO - Processing /home/khaled/dbt-env/lib/python3.12/site-packages/airflow/example_dags/subdags/subdag.py took 0.017 seconds
[2025-10-24T14:34:53.206+0000] {processor.py:161} INFO - Started process (PID=8856) to work on /home/khaled/dbt-env/lib/python3.12/site-packages/airflow/example_dags/subdags/subdag.py
[2025-10-24T14:34:53.207+0000] {processor.py:830} INFO - Processing file /home/khaled/dbt-env/lib/python3.12/site-packages/airflow/example_dags/subdags/subdag.py for tasks to queue
[2025-10-24T14:34:53.209+0000] {logging_mixin.py:188} INFO - [2025-10-24T14:34:53.208+0000] {dagbag.py:545} INFO - Filling up the DagBag from /home/khaled/dbt-env/lib/python3.12/site-packages/airflow/example_dags/subdags/subdag.py
[2025-10-24T14:34:53.211+0000] {processor.py:842} WARNING - No viable dags retrieved from /home/khaled/dbt-env/lib/python3.12/site-packages/airflow/example_dags/subdags/subdag.py
[2025-10-24T14:34:53.219+0000] {processor.py:183} INFO - Processing /home/khaled/dbt-env/lib/python3.12/site-packages/airflow/example_dags/subdags/subdag.py took 0.016 seconds
[2025-10-24T14:35:51.670+0000] {processor.py:161} INFO - Started process (PID=8962) to work on /home/khaled/dbt-env/lib/python3.12/site-packages/airflow/example_dags/subdags/subdag.py
[2025-10-24T14:35:51.671+0000] {processor.py:830} INFO - Processing file /home/khaled/dbt-env/lib/python3.12/site-packages/airflow/example_dags/subdags/subdag.py for tasks to queue
[2025-10-24T14:35:51.672+0000] {logging_mixin.py:188} INFO - [2025-10-24T14:35:51.672+0000] {dagbag.py:545} INFO - Filling up the DagBag from /home/khaled/dbt-env/lib/python3.12/site-packages/airflow/example_dags/subdags/subdag.py
[2025-10-24T14:35:51.673+0000] {processor.py:842} WARNING - No viable dags retrieved from /home/khaled/dbt-env/lib/python3.12/site-packages/airflow/example_dags/subdags/subdag.py
[2025-10-24T14:35:51.681+0000] {processor.py:183} INFO - Processing /home/khaled/dbt-env/lib/python3.12/site-packages/airflow/example_dags/subdags/subdag.py took 0.017 seconds
[2025-10-24T14:36:46.029+0000] {processor.py:161} INFO - Started process (PID=9019) to work on /home/khaled/dbt-env/lib/python3.12/site-packages/airflow/example_dags/subdags/subdag.py
[2025-10-24T14:36:46.030+0000] {processor.py:830} INFO - Processing file /home/khaled/dbt-env/lib/python3.12/site-packages/airflow/example_dags/subdags/subdag.py for tasks to queue
[2025-10-24T14:36:46.031+0000] {logging_mixin.py:188} INFO - [2025-10-24T14:36:46.031+0000] {dagbag.py:545} INFO - Filling up the DagBag from /home/khaled/dbt-env/lib/python3.12/site-packages/airflow/example_dags/subdags/subdag.py
[2025-10-24T14:36:46.033+0000] {processor.py:842} WARNING - No viable dags retrieved from /home/khaled/dbt-env/lib/python3.12/site-packages/airflow/example_dags/subdags/subdag.py
[2025-10-24T14:36:46.042+0000] {processor.py:183} INFO - Processing /home/khaled/dbt-env/lib/python3.12/site-packages/airflow/example_dags/subdags/subdag.py took 0.019 seconds
[2025-10-24T14:37:52.637+0000] {processor.py:161} INFO - Started process (PID=9086) to work on /home/khaled/dbt-env/lib/python3.12/site-packages/airflow/example_dags/subdags/subdag.py
[2025-10-24T14:37:52.639+0000] {processor.py:830} INFO - Processing file /home/khaled/dbt-env/lib/python3.12/site-packages/airflow/example_dags/subdags/subdag.py for tasks to queue
[2025-10-24T14:37:52.640+0000] {logging_mixin.py:188} INFO - [2025-10-24T14:37:52.640+0000] {dagbag.py:545} INFO - Filling up the DagBag from /home/khaled/dbt-env/lib/python3.12/site-packages/airflow/example_dags/subdags/subdag.py
[2025-10-24T14:37:52.641+0000] {processor.py:842} WARNING - No viable dags retrieved from /home/khaled/dbt-env/lib/python3.12/site-packages/airflow/example_dags/subdags/subdag.py
[2025-10-24T14:37:52.648+0000] {processor.py:183} INFO - Processing /home/khaled/dbt-env/lib/python3.12/site-packages/airflow/example_dags/subdags/subdag.py took 0.015 seconds
[2025-10-24T14:38:45.506+0000] {processor.py:161} INFO - Started process (PID=9145) to work on /home/khaled/dbt-env/lib/python3.12/site-packages/airflow/example_dags/subdags/subdag.py
[2025-10-24T14:38:45.507+0000] {processor.py:830} INFO - Processing file /home/khaled/dbt-env/lib/python3.12/site-packages/airflow/example_dags/subdags/subdag.py for tasks to queue
[2025-10-24T14:38:45.508+0000] {logging_mixin.py:188} INFO - [2025-10-24T14:38:45.508+0000] {dagbag.py:545} INFO - Filling up the DagBag from /home/khaled/dbt-env/lib/python3.12/site-packages/airflow/example_dags/subdags/subdag.py
[2025-10-24T14:38:45.510+0000] {processor.py:842} WARNING - No viable dags retrieved from /home/khaled/dbt-env/lib/python3.12/site-packages/airflow/example_dags/subdags/subdag.py
[2025-10-24T14:38:45.517+0000] {processor.py:183} INFO - Processing /home/khaled/dbt-env/lib/python3.12/site-packages/airflow/example_dags/subdags/subdag.py took 0.016 seconds
[2025-10-24T14:39:39.238+0000] {processor.py:161} INFO - Started process (PID=9203) to work on /home/khaled/dbt-env/lib/python3.12/site-packages/airflow/example_dags/subdags/subdag.py
[2025-10-24T14:39:39.240+0000] {processor.py:830} INFO - Processing file /home/khaled/dbt-env/lib/python3.12/site-packages/airflow/example_dags/subdags/subdag.py for tasks to queue
[2025-10-24T14:39:39.241+0000] {logging_mixin.py:188} INFO - [2025-10-24T14:39:39.241+0000] {dagbag.py:545} INFO - Filling up the DagBag from /home/khaled/dbt-env/lib/python3.12/site-packages/airflow/example_dags/subdags/subdag.py
[2025-10-24T14:39:39.243+0000] {processor.py:842} WARNING - No viable dags retrieved from /home/khaled/dbt-env/lib/python3.12/site-packages/airflow/example_dags/subdags/subdag.py
[2025-10-24T14:39:39.251+0000] {processor.py:183} INFO - Processing /home/khaled/dbt-env/lib/python3.12/site-packages/airflow/example_dags/subdags/subdag.py took 0.019 seconds
[2025-10-24T14:40:36.918+0000] {processor.py:161} INFO - Started process (PID=9301) to work on /home/khaled/dbt-env/lib/python3.12/site-packages/airflow/example_dags/subdags/subdag.py
[2025-10-24T14:40:36.920+0000] {processor.py:830} INFO - Processing file /home/khaled/dbt-env/lib/python3.12/site-packages/airflow/example_dags/subdags/subdag.py for tasks to queue
[2025-10-24T14:40:36.921+0000] {logging_mixin.py:188} INFO - [2025-10-24T14:40:36.920+0000] {dagbag.py:545} INFO - Filling up the DagBag from /home/khaled/dbt-env/lib/python3.12/site-packages/airflow/example_dags/subdags/subdag.py
[2025-10-24T14:40:36.922+0000] {processor.py:842} WARNING - No viable dags retrieved from /home/khaled/dbt-env/lib/python3.12/site-packages/airflow/example_dags/subdags/subdag.py
[2025-10-24T14:40:36.930+0000] {processor.py:183} INFO - Processing /home/khaled/dbt-env/lib/python3.12/site-packages/airflow/example_dags/subdags/subdag.py took 0.017 seconds
[2025-10-24T14:41:31.413+0000] {processor.py:161} INFO - Started process (PID=9360) to work on /home/khaled/dbt-env/lib/python3.12/site-packages/airflow/example_dags/subdags/subdag.py
[2025-10-24T14:41:31.414+0000] {processor.py:830} INFO - Processing file /home/khaled/dbt-env/lib/python3.12/site-packages/airflow/example_dags/subdags/subdag.py for tasks to queue
[2025-10-24T14:41:31.416+0000] {logging_mixin.py:188} INFO - [2025-10-24T14:41:31.415+0000] {dagbag.py:545} INFO - Filling up the DagBag from /home/khaled/dbt-env/lib/python3.12/site-packages/airflow/example_dags/subdags/subdag.py
[2025-10-24T14:41:31.417+0000] {processor.py:842} WARNING - No viable dags retrieved from /home/khaled/dbt-env/lib/python3.12/site-packages/airflow/example_dags/subdags/subdag.py
[2025-10-24T14:41:31.424+0000] {processor.py:183} INFO - Processing /home/khaled/dbt-env/lib/python3.12/site-packages/airflow/example_dags/subdags/subdag.py took 0.016 seconds
[2025-10-24T14:42:37.076+0000] {processor.py:161} INFO - Started process (PID=9430) to work on /home/khaled/dbt-env/lib/python3.12/site-packages/airflow/example_dags/subdags/subdag.py
[2025-10-24T14:42:37.077+0000] {processor.py:830} INFO - Processing file /home/khaled/dbt-env/lib/python3.12/site-packages/airflow/example_dags/subdags/subdag.py for tasks to queue
[2025-10-24T14:42:37.078+0000] {logging_mixin.py:188} INFO - [2025-10-24T14:42:37.078+0000] {dagbag.py:545} INFO - Filling up the DagBag from /home/khaled/dbt-env/lib/python3.12/site-packages/airflow/example_dags/subdags/subdag.py
[2025-10-24T14:42:37.080+0000] {processor.py:842} WARNING - No viable dags retrieved from /home/khaled/dbt-env/lib/python3.12/site-packages/airflow/example_dags/subdags/subdag.py
[2025-10-24T14:42:37.088+0000] {processor.py:183} INFO - Processing /home/khaled/dbt-env/lib/python3.12/site-packages/airflow/example_dags/subdags/subdag.py took 0.018 seconds
[2025-10-24T14:43:11.681+0000] {processor.py:161} INFO - Started process (PID=9466) to work on /home/khaled/dbt-env/lib/python3.12/site-packages/airflow/example_dags/subdags/subdag.py
[2025-10-24T14:43:11.681+0000] {processor.py:830} INFO - Processing file /home/khaled/dbt-env/lib/python3.12/site-packages/airflow/example_dags/subdags/subdag.py for tasks to queue
[2025-10-24T14:43:11.682+0000] {logging_mixin.py:188} INFO - [2025-10-24T14:43:11.682+0000] {dagbag.py:545} INFO - Filling up the DagBag from /home/khaled/dbt-env/lib/python3.12/site-packages/airflow/example_dags/subdags/subdag.py
[2025-10-24T14:43:11.684+0000] {processor.py:842} WARNING - No viable dags retrieved from /home/khaled/dbt-env/lib/python3.12/site-packages/airflow/example_dags/subdags/subdag.py
[2025-10-24T14:43:11.691+0000] {processor.py:183} INFO - Processing /home/khaled/dbt-env/lib/python3.12/site-packages/airflow/example_dags/subdags/subdag.py took 0.015 seconds
[2025-10-24T14:44:08.798+0000] {processor.py:161} INFO - Started process (PID=9528) to work on /home/khaled/dbt-env/lib/python3.12/site-packages/airflow/example_dags/subdags/subdag.py
[2025-10-24T14:44:08.809+0000] {processor.py:830} INFO - Processing file /home/khaled/dbt-env/lib/python3.12/site-packages/airflow/example_dags/subdags/subdag.py for tasks to queue
[2025-10-24T14:44:08.810+0000] {logging_mixin.py:188} INFO - [2025-10-24T14:44:08.810+0000] {dagbag.py:545} INFO - Filling up the DagBag from /home/khaled/dbt-env/lib/python3.12/site-packages/airflow/example_dags/subdags/subdag.py
[2025-10-24T14:44:08.812+0000] {processor.py:842} WARNING - No viable dags retrieved from /home/khaled/dbt-env/lib/python3.12/site-packages/airflow/example_dags/subdags/subdag.py
[2025-10-24T14:44:08.819+0000] {processor.py:183} INFO - Processing /home/khaled/dbt-env/lib/python3.12/site-packages/airflow/example_dags/subdags/subdag.py took 0.027 seconds
[2025-10-24T14:45:07.987+0000] {processor.py:161} INFO - Started process (PID=9594) to work on /home/khaled/dbt-env/lib/python3.12/site-packages/airflow/example_dags/subdags/subdag.py
[2025-10-24T14:45:07.988+0000] {processor.py:830} INFO - Processing file /home/khaled/dbt-env/lib/python3.12/site-packages/airflow/example_dags/subdags/subdag.py for tasks to queue
[2025-10-24T14:45:07.989+0000] {logging_mixin.py:188} INFO - [2025-10-24T14:45:07.989+0000] {dagbag.py:545} INFO - Filling up the DagBag from /home/khaled/dbt-env/lib/python3.12/site-packages/airflow/example_dags/subdags/subdag.py
[2025-10-24T14:45:07.991+0000] {processor.py:842} WARNING - No viable dags retrieved from /home/khaled/dbt-env/lib/python3.12/site-packages/airflow/example_dags/subdags/subdag.py
[2025-10-24T14:45:07.998+0000] {processor.py:183} INFO - Processing /home/khaled/dbt-env/lib/python3.12/site-packages/airflow/example_dags/subdags/subdag.py took 0.015 seconds
[2025-10-24T14:46:11.305+0000] {processor.py:161} INFO - Started process (PID=9683) to work on /home/khaled/dbt-env/lib/python3.12/site-packages/airflow/example_dags/subdags/subdag.py
[2025-10-24T14:46:11.306+0000] {processor.py:830} INFO - Processing file /home/khaled/dbt-env/lib/python3.12/site-packages/airflow/example_dags/subdags/subdag.py for tasks to queue
[2025-10-24T14:46:11.307+0000] {logging_mixin.py:188} INFO - [2025-10-24T14:46:11.307+0000] {dagbag.py:545} INFO - Filling up the DagBag from /home/khaled/dbt-env/lib/python3.12/site-packages/airflow/example_dags/subdags/subdag.py
[2025-10-24T14:46:11.309+0000] {processor.py:842} WARNING - No viable dags retrieved from /home/khaled/dbt-env/lib/python3.12/site-packages/airflow/example_dags/subdags/subdag.py
[2025-10-24T14:46:11.318+0000] {processor.py:183} INFO - Processing /home/khaled/dbt-env/lib/python3.12/site-packages/airflow/example_dags/subdags/subdag.py took 0.020 seconds
[2025-10-24T14:46:44.365+0000] {processor.py:161} INFO - Started process (PID=9715) to work on /home/khaled/dbt-env/lib/python3.12/site-packages/airflow/example_dags/subdags/subdag.py
[2025-10-24T14:46:44.366+0000] {processor.py:830} INFO - Processing file /home/khaled/dbt-env/lib/python3.12/site-packages/airflow/example_dags/subdags/subdag.py for tasks to queue
[2025-10-24T14:46:44.368+0000] {logging_mixin.py:188} INFO - [2025-10-24T14:46:44.367+0000] {dagbag.py:545} INFO - Filling up the DagBag from /home/khaled/dbt-env/lib/python3.12/site-packages/airflow/example_dags/subdags/subdag.py
[2025-10-24T14:46:44.369+0000] {processor.py:842} WARNING - No viable dags retrieved from /home/khaled/dbt-env/lib/python3.12/site-packages/airflow/example_dags/subdags/subdag.py
[2025-10-24T14:46:44.377+0000] {processor.py:183} INFO - Processing /home/khaled/dbt-env/lib/python3.12/site-packages/airflow/example_dags/subdags/subdag.py took 0.016 seconds
[2025-10-24T14:47:49.217+0000] {processor.py:161} INFO - Started process (PID=9778) to work on /home/khaled/dbt-env/lib/python3.12/site-packages/airflow/example_dags/subdags/subdag.py
[2025-10-24T14:47:49.228+0000] {processor.py:830} INFO - Processing file /home/khaled/dbt-env/lib/python3.12/site-packages/airflow/example_dags/subdags/subdag.py for tasks to queue
[2025-10-24T14:47:49.230+0000] {logging_mixin.py:188} INFO - [2025-10-24T14:47:49.229+0000] {dagbag.py:545} INFO - Filling up the DagBag from /home/khaled/dbt-env/lib/python3.12/site-packages/airflow/example_dags/subdags/subdag.py
[2025-10-24T14:47:49.231+0000] {processor.py:842} WARNING - No viable dags retrieved from /home/khaled/dbt-env/lib/python3.12/site-packages/airflow/example_dags/subdags/subdag.py
[2025-10-24T14:47:49.239+0000] {processor.py:183} INFO - Processing /home/khaled/dbt-env/lib/python3.12/site-packages/airflow/example_dags/subdags/subdag.py took 0.027 seconds
[2025-10-24T14:48:26.385+0000] {processor.py:161} INFO - Started process (PID=9816) to work on /home/khaled/dbt-env/lib/python3.12/site-packages/airflow/example_dags/subdags/subdag.py
[2025-10-24T14:48:26.386+0000] {processor.py:830} INFO - Processing file /home/khaled/dbt-env/lib/python3.12/site-packages/airflow/example_dags/subdags/subdag.py for tasks to queue
[2025-10-24T14:48:26.387+0000] {logging_mixin.py:188} INFO - [2025-10-24T14:48:26.387+0000] {dagbag.py:545} INFO - Filling up the DagBag from /home/khaled/dbt-env/lib/python3.12/site-packages/airflow/example_dags/subdags/subdag.py
[2025-10-24T14:48:26.389+0000] {processor.py:842} WARNING - No viable dags retrieved from /home/khaled/dbt-env/lib/python3.12/site-packages/airflow/example_dags/subdags/subdag.py
[2025-10-24T14:48:26.398+0000] {processor.py:183} INFO - Processing /home/khaled/dbt-env/lib/python3.12/site-packages/airflow/example_dags/subdags/subdag.py took 0.018 seconds
[2025-10-24T14:49:28.872+0000] {processor.py:161} INFO - Started process (PID=9882) to work on /home/khaled/dbt-env/lib/python3.12/site-packages/airflow/example_dags/subdags/subdag.py
[2025-10-24T14:49:28.873+0000] {processor.py:830} INFO - Processing file /home/khaled/dbt-env/lib/python3.12/site-packages/airflow/example_dags/subdags/subdag.py for tasks to queue
[2025-10-24T14:49:28.874+0000] {logging_mixin.py:188} INFO - [2025-10-24T14:49:28.874+0000] {dagbag.py:545} INFO - Filling up the DagBag from /home/khaled/dbt-env/lib/python3.12/site-packages/airflow/example_dags/subdags/subdag.py
[2025-10-24T14:49:28.876+0000] {processor.py:842} WARNING - No viable dags retrieved from /home/khaled/dbt-env/lib/python3.12/site-packages/airflow/example_dags/subdags/subdag.py
[2025-10-24T14:49:28.883+0000] {processor.py:183} INFO - Processing /home/khaled/dbt-env/lib/python3.12/site-packages/airflow/example_dags/subdags/subdag.py took 0.014 seconds
[2025-10-24T14:50:02.454+0000] {processor.py:161} INFO - Started process (PID=9915) to work on /home/khaled/dbt-env/lib/python3.12/site-packages/airflow/example_dags/subdags/subdag.py
[2025-10-24T14:50:02.456+0000] {processor.py:830} INFO - Processing file /home/khaled/dbt-env/lib/python3.12/site-packages/airflow/example_dags/subdags/subdag.py for tasks to queue
[2025-10-24T14:50:02.457+0000] {logging_mixin.py:188} INFO - [2025-10-24T14:50:02.457+0000] {dagbag.py:545} INFO - Filling up the DagBag from /home/khaled/dbt-env/lib/python3.12/site-packages/airflow/example_dags/subdags/subdag.py
[2025-10-24T14:50:02.458+0000] {processor.py:842} WARNING - No viable dags retrieved from /home/khaled/dbt-env/lib/python3.12/site-packages/airflow/example_dags/subdags/subdag.py
[2025-10-24T14:50:02.465+0000] {processor.py:183} INFO - Processing /home/khaled/dbt-env/lib/python3.12/site-packages/airflow/example_dags/subdags/subdag.py took 0.014 seconds
[2025-10-24T14:50:55.841+0000] {processor.py:161} INFO - Started process (PID=10007) to work on /home/khaled/dbt-env/lib/python3.12/site-packages/airflow/example_dags/subdags/subdag.py
[2025-10-24T14:50:55.843+0000] {processor.py:830} INFO - Processing file /home/khaled/dbt-env/lib/python3.12/site-packages/airflow/example_dags/subdags/subdag.py for tasks to queue
[2025-10-24T14:50:55.844+0000] {logging_mixin.py:188} INFO - [2025-10-24T14:50:55.844+0000] {dagbag.py:545} INFO - Filling up the DagBag from /home/khaled/dbt-env/lib/python3.12/site-packages/airflow/example_dags/subdags/subdag.py
[2025-10-24T14:50:55.845+0000] {processor.py:842} WARNING - No viable dags retrieved from /home/khaled/dbt-env/lib/python3.12/site-packages/airflow/example_dags/subdags/subdag.py
[2025-10-24T14:50:55.852+0000] {processor.py:183} INFO - Processing /home/khaled/dbt-env/lib/python3.12/site-packages/airflow/example_dags/subdags/subdag.py took 0.016 seconds
[2025-10-24T14:51:51.758+0000] {processor.py:161} INFO - Started process (PID=10065) to work on /home/khaled/dbt-env/lib/python3.12/site-packages/airflow/example_dags/subdags/subdag.py
[2025-10-24T14:51:51.760+0000] {processor.py:830} INFO - Processing file /home/khaled/dbt-env/lib/python3.12/site-packages/airflow/example_dags/subdags/subdag.py for tasks to queue
[2025-10-24T14:51:51.761+0000] {logging_mixin.py:188} INFO - [2025-10-24T14:51:51.761+0000] {dagbag.py:545} INFO - Filling up the DagBag from /home/khaled/dbt-env/lib/python3.12/site-packages/airflow/example_dags/subdags/subdag.py
[2025-10-24T14:51:51.762+0000] {processor.py:842} WARNING - No viable dags retrieved from /home/khaled/dbt-env/lib/python3.12/site-packages/airflow/example_dags/subdags/subdag.py
[2025-10-24T14:51:51.770+0000] {processor.py:183} INFO - Processing /home/khaled/dbt-env/lib/python3.12/site-packages/airflow/example_dags/subdags/subdag.py took 0.016 seconds
[2025-10-24T14:52:45.708+0000] {processor.py:161} INFO - Started process (PID=10124) to work on /home/khaled/dbt-env/lib/python3.12/site-packages/airflow/example_dags/subdags/subdag.py
[2025-10-24T14:52:45.709+0000] {processor.py:830} INFO - Processing file /home/khaled/dbt-env/lib/python3.12/site-packages/airflow/example_dags/subdags/subdag.py for tasks to queue
[2025-10-24T14:52:45.710+0000] {logging_mixin.py:188} INFO - [2025-10-24T14:52:45.710+0000] {dagbag.py:545} INFO - Filling up the DagBag from /home/khaled/dbt-env/lib/python3.12/site-packages/airflow/example_dags/subdags/subdag.py
[2025-10-24T14:52:45.711+0000] {processor.py:842} WARNING - No viable dags retrieved from /home/khaled/dbt-env/lib/python3.12/site-packages/airflow/example_dags/subdags/subdag.py
[2025-10-24T14:52:45.721+0000] {processor.py:183} INFO - Processing /home/khaled/dbt-env/lib/python3.12/site-packages/airflow/example_dags/subdags/subdag.py took 0.016 seconds
[2025-10-24T14:53:36.578+0000] {processor.py:161} INFO - Started process (PID=10181) to work on /home/khaled/dbt-env/lib/python3.12/site-packages/airflow/example_dags/subdags/subdag.py
[2025-10-24T14:53:36.579+0000] {processor.py:830} INFO - Processing file /home/khaled/dbt-env/lib/python3.12/site-packages/airflow/example_dags/subdags/subdag.py for tasks to queue
[2025-10-24T14:53:36.580+0000] {logging_mixin.py:188} INFO - [2025-10-24T14:53:36.580+0000] {dagbag.py:545} INFO - Filling up the DagBag from /home/khaled/dbt-env/lib/python3.12/site-packages/airflow/example_dags/subdags/subdag.py
[2025-10-24T14:53:36.582+0000] {processor.py:842} WARNING - No viable dags retrieved from /home/khaled/dbt-env/lib/python3.12/site-packages/airflow/example_dags/subdags/subdag.py
[2025-10-24T14:53:36.588+0000] {processor.py:183} INFO - Processing /home/khaled/dbt-env/lib/python3.12/site-packages/airflow/example_dags/subdags/subdag.py took 0.016 seconds
[2025-10-24T14:54:31.317+0000] {processor.py:161} INFO - Started process (PID=10240) to work on /home/khaled/dbt-env/lib/python3.12/site-packages/airflow/example_dags/subdags/subdag.py
[2025-10-24T14:54:31.327+0000] {processor.py:830} INFO - Processing file /home/khaled/dbt-env/lib/python3.12/site-packages/airflow/example_dags/subdags/subdag.py for tasks to queue
[2025-10-24T14:54:31.329+0000] {logging_mixin.py:188} INFO - [2025-10-24T14:54:31.328+0000] {dagbag.py:545} INFO - Filling up the DagBag from /home/khaled/dbt-env/lib/python3.12/site-packages/airflow/example_dags/subdags/subdag.py
[2025-10-24T14:54:31.330+0000] {processor.py:842} WARNING - No viable dags retrieved from /home/khaled/dbt-env/lib/python3.12/site-packages/airflow/example_dags/subdags/subdag.py
[2025-10-24T14:54:31.337+0000] {processor.py:183} INFO - Processing /home/khaled/dbt-env/lib/python3.12/site-packages/airflow/example_dags/subdags/subdag.py took 0.024 seconds
[2025-10-24T14:55:35.845+0000] {processor.py:161} INFO - Started process (PID=10310) to work on /home/khaled/dbt-env/lib/python3.12/site-packages/airflow/example_dags/subdags/subdag.py
[2025-10-24T14:55:35.847+0000] {processor.py:830} INFO - Processing file /home/khaled/dbt-env/lib/python3.12/site-packages/airflow/example_dags/subdags/subdag.py for tasks to queue
[2025-10-24T14:55:35.848+0000] {logging_mixin.py:188} INFO - [2025-10-24T14:55:35.848+0000] {dagbag.py:545} INFO - Filling up the DagBag from /home/khaled/dbt-env/lib/python3.12/site-packages/airflow/example_dags/subdags/subdag.py
[2025-10-24T14:55:35.850+0000] {processor.py:842} WARNING - No viable dags retrieved from /home/khaled/dbt-env/lib/python3.12/site-packages/airflow/example_dags/subdags/subdag.py
[2025-10-24T14:55:35.858+0000] {processor.py:183} INFO - Processing /home/khaled/dbt-env/lib/python3.12/site-packages/airflow/example_dags/subdags/subdag.py took 0.017 seconds
[2025-10-24T14:56:30.042+0000] {processor.py:161} INFO - Started process (PID=10398) to work on /home/khaled/dbt-env/lib/python3.12/site-packages/airflow/example_dags/subdags/subdag.py
[2025-10-24T14:56:30.045+0000] {processor.py:830} INFO - Processing file /home/khaled/dbt-env/lib/python3.12/site-packages/airflow/example_dags/subdags/subdag.py for tasks to queue
[2025-10-24T14:56:30.047+0000] {logging_mixin.py:188} INFO - [2025-10-24T14:56:30.046+0000] {dagbag.py:545} INFO - Filling up the DagBag from /home/khaled/dbt-env/lib/python3.12/site-packages/airflow/example_dags/subdags/subdag.py
[2025-10-24T14:56:30.048+0000] {processor.py:842} WARNING - No viable dags retrieved from /home/khaled/dbt-env/lib/python3.12/site-packages/airflow/example_dags/subdags/subdag.py
[2025-10-24T14:56:30.056+0000] {processor.py:183} INFO - Processing /home/khaled/dbt-env/lib/python3.12/site-packages/airflow/example_dags/subdags/subdag.py took 0.020 seconds
[2025-10-24T14:57:24.335+0000] {processor.py:161} INFO - Started process (PID=10462) to work on /home/khaled/dbt-env/lib/python3.12/site-packages/airflow/example_dags/subdags/subdag.py
[2025-10-24T14:57:24.336+0000] {processor.py:830} INFO - Processing file /home/khaled/dbt-env/lib/python3.12/site-packages/airflow/example_dags/subdags/subdag.py for tasks to queue
[2025-10-24T14:57:24.337+0000] {logging_mixin.py:188} INFO - [2025-10-24T14:57:24.337+0000] {dagbag.py:545} INFO - Filling up the DagBag from /home/khaled/dbt-env/lib/python3.12/site-packages/airflow/example_dags/subdags/subdag.py
[2025-10-24T14:57:24.339+0000] {processor.py:842} WARNING - No viable dags retrieved from /home/khaled/dbt-env/lib/python3.12/site-packages/airflow/example_dags/subdags/subdag.py
[2025-10-24T14:57:24.348+0000] {processor.py:183} INFO - Processing /home/khaled/dbt-env/lib/python3.12/site-packages/airflow/example_dags/subdags/subdag.py took 0.018 seconds
[2025-10-24T14:58:21.688+0000] {processor.py:161} INFO - Started process (PID=10521) to work on /home/khaled/dbt-env/lib/python3.12/site-packages/airflow/example_dags/subdags/subdag.py
[2025-10-24T14:58:21.689+0000] {processor.py:830} INFO - Processing file /home/khaled/dbt-env/lib/python3.12/site-packages/airflow/example_dags/subdags/subdag.py for tasks to queue
[2025-10-24T14:58:21.690+0000] {logging_mixin.py:188} INFO - [2025-10-24T14:58:21.690+0000] {dagbag.py:545} INFO - Filling up the DagBag from /home/khaled/dbt-env/lib/python3.12/site-packages/airflow/example_dags/subdags/subdag.py
[2025-10-24T14:58:21.692+0000] {processor.py:842} WARNING - No viable dags retrieved from /home/khaled/dbt-env/lib/python3.12/site-packages/airflow/example_dags/subdags/subdag.py
[2025-10-24T14:58:21.699+0000] {processor.py:183} INFO - Processing /home/khaled/dbt-env/lib/python3.12/site-packages/airflow/example_dags/subdags/subdag.py took 0.016 seconds
[2025-10-24T14:59:15.931+0000] {processor.py:161} INFO - Started process (PID=10579) to work on /home/khaled/dbt-env/lib/python3.12/site-packages/airflow/example_dags/subdags/subdag.py
[2025-10-24T14:59:15.933+0000] {processor.py:830} INFO - Processing file /home/khaled/dbt-env/lib/python3.12/site-packages/airflow/example_dags/subdags/subdag.py for tasks to queue
[2025-10-24T14:59:15.934+0000] {logging_mixin.py:188} INFO - [2025-10-24T14:59:15.934+0000] {dagbag.py:545} INFO - Filling up the DagBag from /home/khaled/dbt-env/lib/python3.12/site-packages/airflow/example_dags/subdags/subdag.py
[2025-10-24T14:59:15.936+0000] {processor.py:842} WARNING - No viable dags retrieved from /home/khaled/dbt-env/lib/python3.12/site-packages/airflow/example_dags/subdags/subdag.py
[2025-10-24T14:59:15.944+0000] {processor.py:183} INFO - Processing /home/khaled/dbt-env/lib/python3.12/site-packages/airflow/example_dags/subdags/subdag.py took 0.018 seconds
[2025-10-24T15:00:23.279+0000] {processor.py:161} INFO - Started process (PID=10722) to work on /home/khaled/dbt-env/lib/python3.12/site-packages/airflow/example_dags/subdags/subdag.py
[2025-10-24T15:00:23.281+0000] {processor.py:830} INFO - Processing file /home/khaled/dbt-env/lib/python3.12/site-packages/airflow/example_dags/subdags/subdag.py for tasks to queue
[2025-10-24T15:00:23.282+0000] {logging_mixin.py:188} INFO - [2025-10-24T15:00:23.281+0000] {dagbag.py:545} INFO - Filling up the DagBag from /home/khaled/dbt-env/lib/python3.12/site-packages/airflow/example_dags/subdags/subdag.py
[2025-10-24T15:00:23.283+0000] {processor.py:842} WARNING - No viable dags retrieved from /home/khaled/dbt-env/lib/python3.12/site-packages/airflow/example_dags/subdags/subdag.py
[2025-10-24T15:00:23.291+0000] {processor.py:183} INFO - Processing /home/khaled/dbt-env/lib/python3.12/site-packages/airflow/example_dags/subdags/subdag.py took 0.015 seconds
[2025-10-24T15:00:58.552+0000] {processor.py:161} INFO - Started process (PID=10793) to work on /home/khaled/dbt-env/lib/python3.12/site-packages/airflow/example_dags/subdags/subdag.py
[2025-10-24T15:00:58.554+0000] {processor.py:830} INFO - Processing file /home/khaled/dbt-env/lib/python3.12/site-packages/airflow/example_dags/subdags/subdag.py for tasks to queue
[2025-10-24T15:00:58.555+0000] {logging_mixin.py:188} INFO - [2025-10-24T15:00:58.555+0000] {dagbag.py:545} INFO - Filling up the DagBag from /home/khaled/dbt-env/lib/python3.12/site-packages/airflow/example_dags/subdags/subdag.py
[2025-10-24T15:00:58.556+0000] {processor.py:842} WARNING - No viable dags retrieved from /home/khaled/dbt-env/lib/python3.12/site-packages/airflow/example_dags/subdags/subdag.py
[2025-10-24T15:00:58.564+0000] {processor.py:183} INFO - Processing /home/khaled/dbt-env/lib/python3.12/site-packages/airflow/example_dags/subdags/subdag.py took 0.018 seconds
[2025-10-24T15:01:30.509+0000] {processor.py:161} INFO - Started process (PID=10828) to work on /home/khaled/dbt-env/lib/python3.12/site-packages/airflow/example_dags/subdags/subdag.py
[2025-10-24T15:01:30.510+0000] {processor.py:830} INFO - Processing file /home/khaled/dbt-env/lib/python3.12/site-packages/airflow/example_dags/subdags/subdag.py for tasks to queue
[2025-10-24T15:01:30.511+0000] {logging_mixin.py:188} INFO - [2025-10-24T15:01:30.511+0000] {dagbag.py:545} INFO - Filling up the DagBag from /home/khaled/dbt-env/lib/python3.12/site-packages/airflow/example_dags/subdags/subdag.py
[2025-10-24T15:01:30.513+0000] {processor.py:842} WARNING - No viable dags retrieved from /home/khaled/dbt-env/lib/python3.12/site-packages/airflow/example_dags/subdags/subdag.py
[2025-10-24T15:01:30.519+0000] {processor.py:183} INFO - Processing /home/khaled/dbt-env/lib/python3.12/site-packages/airflow/example_dags/subdags/subdag.py took 0.016 seconds
[2025-10-24T15:02:36.940+0000] {processor.py:161} INFO - Started process (PID=10891) to work on /home/khaled/dbt-env/lib/python3.12/site-packages/airflow/example_dags/subdags/subdag.py
[2025-10-24T15:02:36.953+0000] {processor.py:830} INFO - Processing file /home/khaled/dbt-env/lib/python3.12/site-packages/airflow/example_dags/subdags/subdag.py for tasks to queue
[2025-10-24T15:02:36.954+0000] {logging_mixin.py:188} INFO - [2025-10-24T15:02:36.954+0000] {dagbag.py:545} INFO - Filling up the DagBag from /home/khaled/dbt-env/lib/python3.12/site-packages/airflow/example_dags/subdags/subdag.py
[2025-10-24T15:02:36.956+0000] {processor.py:842} WARNING - No viable dags retrieved from /home/khaled/dbt-env/lib/python3.12/site-packages/airflow/example_dags/subdags/subdag.py
[2025-10-24T15:02:36.964+0000] {processor.py:183} INFO - Processing /home/khaled/dbt-env/lib/python3.12/site-packages/airflow/example_dags/subdags/subdag.py took 0.028 seconds
[2025-10-24T15:03:12.298+0000] {processor.py:161} INFO - Started process (PID=10928) to work on /home/khaled/dbt-env/lib/python3.12/site-packages/airflow/example_dags/subdags/subdag.py
[2025-10-24T15:03:12.299+0000] {processor.py:830} INFO - Processing file /home/khaled/dbt-env/lib/python3.12/site-packages/airflow/example_dags/subdags/subdag.py for tasks to queue
[2025-10-24T15:03:12.300+0000] {logging_mixin.py:188} INFO - [2025-10-24T15:03:12.300+0000] {dagbag.py:545} INFO - Filling up the DagBag from /home/khaled/dbt-env/lib/python3.12/site-packages/airflow/example_dags/subdags/subdag.py
[2025-10-24T15:03:12.301+0000] {processor.py:842} WARNING - No viable dags retrieved from /home/khaled/dbt-env/lib/python3.12/site-packages/airflow/example_dags/subdags/subdag.py
[2025-10-24T15:03:12.308+0000] {processor.py:183} INFO - Processing /home/khaled/dbt-env/lib/python3.12/site-packages/airflow/example_dags/subdags/subdag.py took 0.015 seconds
[2025-10-24T15:04:11.213+0000] {processor.py:161} INFO - Started process (PID=10990) to work on /home/khaled/dbt-env/lib/python3.12/site-packages/airflow/example_dags/subdags/subdag.py
[2025-10-24T15:04:11.214+0000] {processor.py:830} INFO - Processing file /home/khaled/dbt-env/lib/python3.12/site-packages/airflow/example_dags/subdags/subdag.py for tasks to queue
[2025-10-24T15:04:11.216+0000] {logging_mixin.py:188} INFO - [2025-10-24T15:04:11.215+0000] {dagbag.py:545} INFO - Filling up the DagBag from /home/khaled/dbt-env/lib/python3.12/site-packages/airflow/example_dags/subdags/subdag.py
[2025-10-24T15:04:11.217+0000] {processor.py:842} WARNING - No viable dags retrieved from /home/khaled/dbt-env/lib/python3.12/site-packages/airflow/example_dags/subdags/subdag.py
[2025-10-24T15:04:11.225+0000] {processor.py:183} INFO - Processing /home/khaled/dbt-env/lib/python3.12/site-packages/airflow/example_dags/subdags/subdag.py took 0.018 seconds
[2025-10-24T15:05:07.772+0000] {processor.py:161} INFO - Started process (PID=11059) to work on /home/khaled/dbt-env/lib/python3.12/site-packages/airflow/example_dags/subdags/subdag.py
[2025-10-24T15:05:07.773+0000] {processor.py:830} INFO - Processing file /home/khaled/dbt-env/lib/python3.12/site-packages/airflow/example_dags/subdags/subdag.py for tasks to queue
[2025-10-24T15:05:07.774+0000] {logging_mixin.py:188} INFO - [2025-10-24T15:05:07.774+0000] {dagbag.py:545} INFO - Filling up the DagBag from /home/khaled/dbt-env/lib/python3.12/site-packages/airflow/example_dags/subdags/subdag.py
[2025-10-24T15:05:07.776+0000] {processor.py:842} WARNING - No viable dags retrieved from /home/khaled/dbt-env/lib/python3.12/site-packages/airflow/example_dags/subdags/subdag.py
[2025-10-24T15:05:07.785+0000] {processor.py:183} INFO - Processing /home/khaled/dbt-env/lib/python3.12/site-packages/airflow/example_dags/subdags/subdag.py took 0.018 seconds
[2025-10-24T15:06:12.779+0000] {processor.py:161} INFO - Started process (PID=11152) to work on /home/khaled/dbt-env/lib/python3.12/site-packages/airflow/example_dags/subdags/subdag.py
[2025-10-24T15:06:12.781+0000] {processor.py:830} INFO - Processing file /home/khaled/dbt-env/lib/python3.12/site-packages/airflow/example_dags/subdags/subdag.py for tasks to queue
[2025-10-24T15:06:12.783+0000] {logging_mixin.py:188} INFO - [2025-10-24T15:06:12.783+0000] {dagbag.py:545} INFO - Filling up the DagBag from /home/khaled/dbt-env/lib/python3.12/site-packages/airflow/example_dags/subdags/subdag.py
[2025-10-24T15:06:12.784+0000] {processor.py:842} WARNING - No viable dags retrieved from /home/khaled/dbt-env/lib/python3.12/site-packages/airflow/example_dags/subdags/subdag.py
[2025-10-24T15:06:12.791+0000] {processor.py:183} INFO - Processing /home/khaled/dbt-env/lib/python3.12/site-packages/airflow/example_dags/subdags/subdag.py took 0.018 seconds
[2025-10-24T15:07:05.782+0000] {processor.py:161} INFO - Started process (PID=11214) to work on /home/khaled/dbt-env/lib/python3.12/site-packages/airflow/example_dags/subdags/subdag.py
[2025-10-24T15:07:05.783+0000] {processor.py:830} INFO - Processing file /home/khaled/dbt-env/lib/python3.12/site-packages/airflow/example_dags/subdags/subdag.py for tasks to queue
[2025-10-24T15:07:05.784+0000] {logging_mixin.py:188} INFO - [2025-10-24T15:07:05.784+0000] {dagbag.py:545} INFO - Filling up the DagBag from /home/khaled/dbt-env/lib/python3.12/site-packages/airflow/example_dags/subdags/subdag.py
[2025-10-24T15:07:05.786+0000] {processor.py:842} WARNING - No viable dags retrieved from /home/khaled/dbt-env/lib/python3.12/site-packages/airflow/example_dags/subdags/subdag.py
[2025-10-24T15:07:05.793+0000] {processor.py:183} INFO - Processing /home/khaled/dbt-env/lib/python3.12/site-packages/airflow/example_dags/subdags/subdag.py took 0.016 seconds
[2025-10-24T15:08:01.866+0000] {processor.py:161} INFO - Started process (PID=11269) to work on /home/khaled/dbt-env/lib/python3.12/site-packages/airflow/example_dags/subdags/subdag.py
[2025-10-24T15:08:01.868+0000] {processor.py:830} INFO - Processing file /home/khaled/dbt-env/lib/python3.12/site-packages/airflow/example_dags/subdags/subdag.py for tasks to queue
[2025-10-24T15:08:01.869+0000] {logging_mixin.py:188} INFO - [2025-10-24T15:08:01.869+0000] {dagbag.py:545} INFO - Filling up the DagBag from /home/khaled/dbt-env/lib/python3.12/site-packages/airflow/example_dags/subdags/subdag.py
[2025-10-24T15:08:01.871+0000] {processor.py:842} WARNING - No viable dags retrieved from /home/khaled/dbt-env/lib/python3.12/site-packages/airflow/example_dags/subdags/subdag.py
[2025-10-24T15:08:01.880+0000] {processor.py:183} INFO - Processing /home/khaled/dbt-env/lib/python3.12/site-packages/airflow/example_dags/subdags/subdag.py took 0.018 seconds
[2025-10-24T15:08:52.233+0000] {processor.py:161} INFO - Started process (PID=11327) to work on /home/khaled/dbt-env/lib/python3.12/site-packages/airflow/example_dags/subdags/subdag.py
[2025-10-24T15:08:52.234+0000] {processor.py:830} INFO - Processing file /home/khaled/dbt-env/lib/python3.12/site-packages/airflow/example_dags/subdags/subdag.py for tasks to queue
[2025-10-24T15:08:52.236+0000] {logging_mixin.py:188} INFO - [2025-10-24T15:08:52.235+0000] {dagbag.py:545} INFO - Filling up the DagBag from /home/khaled/dbt-env/lib/python3.12/site-packages/airflow/example_dags/subdags/subdag.py
[2025-10-24T15:08:52.237+0000] {processor.py:842} WARNING - No viable dags retrieved from /home/khaled/dbt-env/lib/python3.12/site-packages/airflow/example_dags/subdags/subdag.py
[2025-10-24T15:08:52.245+0000] {processor.py:183} INFO - Processing /home/khaled/dbt-env/lib/python3.12/site-packages/airflow/example_dags/subdags/subdag.py took 0.016 seconds
[2025-10-24T15:09:51.640+0000] {processor.py:161} INFO - Started process (PID=11386) to work on /home/khaled/dbt-env/lib/python3.12/site-packages/airflow/example_dags/subdags/subdag.py
[2025-10-24T15:09:51.641+0000] {processor.py:830} INFO - Processing file /home/khaled/dbt-env/lib/python3.12/site-packages/airflow/example_dags/subdags/subdag.py for tasks to queue
[2025-10-24T15:09:51.642+0000] {logging_mixin.py:188} INFO - [2025-10-24T15:09:51.642+0000] {dagbag.py:545} INFO - Filling up the DagBag from /home/khaled/dbt-env/lib/python3.12/site-packages/airflow/example_dags/subdags/subdag.py
[2025-10-24T15:09:51.643+0000] {processor.py:842} WARNING - No viable dags retrieved from /home/khaled/dbt-env/lib/python3.12/site-packages/airflow/example_dags/subdags/subdag.py
[2025-10-24T15:09:51.651+0000] {processor.py:183} INFO - Processing /home/khaled/dbt-env/lib/python3.12/site-packages/airflow/example_dags/subdags/subdag.py took 0.016 seconds
[2025-10-24T15:10:52.786+0000] {processor.py:161} INFO - Started process (PID=11483) to work on /home/khaled/dbt-env/lib/python3.12/site-packages/airflow/example_dags/subdags/subdag.py
[2025-10-24T15:10:52.787+0000] {processor.py:830} INFO - Processing file /home/khaled/dbt-env/lib/python3.12/site-packages/airflow/example_dags/subdags/subdag.py for tasks to queue
[2025-10-24T15:10:52.788+0000] {logging_mixin.py:188} INFO - [2025-10-24T15:10:52.788+0000] {dagbag.py:545} INFO - Filling up the DagBag from /home/khaled/dbt-env/lib/python3.12/site-packages/airflow/example_dags/subdags/subdag.py
[2025-10-24T15:10:52.789+0000] {processor.py:842} WARNING - No viable dags retrieved from /home/khaled/dbt-env/lib/python3.12/site-packages/airflow/example_dags/subdags/subdag.py
[2025-10-24T15:10:52.797+0000] {processor.py:183} INFO - Processing /home/khaled/dbt-env/lib/python3.12/site-packages/airflow/example_dags/subdags/subdag.py took 0.016 seconds
[2025-10-24T15:11:24.631+0000] {processor.py:161} INFO - Started process (PID=11516) to work on /home/khaled/dbt-env/lib/python3.12/site-packages/airflow/example_dags/subdags/subdag.py
[2025-10-24T15:11:24.631+0000] {processor.py:830} INFO - Processing file /home/khaled/dbt-env/lib/python3.12/site-packages/airflow/example_dags/subdags/subdag.py for tasks to queue
[2025-10-24T15:11:24.632+0000] {logging_mixin.py:188} INFO - [2025-10-24T15:11:24.632+0000] {dagbag.py:545} INFO - Filling up the DagBag from /home/khaled/dbt-env/lib/python3.12/site-packages/airflow/example_dags/subdags/subdag.py
[2025-10-24T15:11:24.634+0000] {processor.py:842} WARNING - No viable dags retrieved from /home/khaled/dbt-env/lib/python3.12/site-packages/airflow/example_dags/subdags/subdag.py
[2025-10-24T15:11:24.641+0000] {processor.py:183} INFO - Processing /home/khaled/dbt-env/lib/python3.12/site-packages/airflow/example_dags/subdags/subdag.py took 0.014 seconds
[2025-10-24T15:12:01.619+0000] {processor.py:161} INFO - Started process (PID=11550) to work on /home/khaled/dbt-env/lib/python3.12/site-packages/airflow/example_dags/subdags/subdag.py
[2025-10-24T15:12:01.621+0000] {processor.py:830} INFO - Processing file /home/khaled/dbt-env/lib/python3.12/site-packages/airflow/example_dags/subdags/subdag.py for tasks to queue
[2025-10-24T15:12:01.622+0000] {logging_mixin.py:188} INFO - [2025-10-24T15:12:01.622+0000] {dagbag.py:545} INFO - Filling up the DagBag from /home/khaled/dbt-env/lib/python3.12/site-packages/airflow/example_dags/subdags/subdag.py
[2025-10-24T15:12:01.623+0000] {processor.py:842} WARNING - No viable dags retrieved from /home/khaled/dbt-env/lib/python3.12/site-packages/airflow/example_dags/subdags/subdag.py
[2025-10-24T15:12:01.632+0000] {processor.py:183} INFO - Processing /home/khaled/dbt-env/lib/python3.12/site-packages/airflow/example_dags/subdags/subdag.py took 0.018 seconds
[2025-10-24T15:12:59.262+0000] {processor.py:161} INFO - Started process (PID=11611) to work on /home/khaled/dbt-env/lib/python3.12/site-packages/airflow/example_dags/subdags/subdag.py
[2025-10-24T15:12:59.263+0000] {processor.py:830} INFO - Processing file /home/khaled/dbt-env/lib/python3.12/site-packages/airflow/example_dags/subdags/subdag.py for tasks to queue
[2025-10-24T15:12:59.264+0000] {logging_mixin.py:188} INFO - [2025-10-24T15:12:59.264+0000] {dagbag.py:545} INFO - Filling up the DagBag from /home/khaled/dbt-env/lib/python3.12/site-packages/airflow/example_dags/subdags/subdag.py
[2025-10-24T15:12:59.266+0000] {processor.py:842} WARNING - No viable dags retrieved from /home/khaled/dbt-env/lib/python3.12/site-packages/airflow/example_dags/subdags/subdag.py
[2025-10-24T15:12:59.274+0000] {processor.py:183} INFO - Processing /home/khaled/dbt-env/lib/python3.12/site-packages/airflow/example_dags/subdags/subdag.py took 0.018 seconds
[2025-10-24T15:13:31.856+0000] {processor.py:161} INFO - Started process (PID=11644) to work on /home/khaled/dbt-env/lib/python3.12/site-packages/airflow/example_dags/subdags/subdag.py
[2025-10-24T15:13:31.858+0000] {processor.py:830} INFO - Processing file /home/khaled/dbt-env/lib/python3.12/site-packages/airflow/example_dags/subdags/subdag.py for tasks to queue
[2025-10-24T15:13:31.859+0000] {logging_mixin.py:188} INFO - [2025-10-24T15:13:31.859+0000] {dagbag.py:545} INFO - Filling up the DagBag from /home/khaled/dbt-env/lib/python3.12/site-packages/airflow/example_dags/subdags/subdag.py
[2025-10-24T15:13:31.860+0000] {processor.py:842} WARNING - No viable dags retrieved from /home/khaled/dbt-env/lib/python3.12/site-packages/airflow/example_dags/subdags/subdag.py
[2025-10-24T15:13:31.867+0000] {processor.py:183} INFO - Processing /home/khaled/dbt-env/lib/python3.12/site-packages/airflow/example_dags/subdags/subdag.py took 0.015 seconds
[2025-10-24T15:14:07.722+0000] {processor.py:161} INFO - Started process (PID=11678) to work on /home/khaled/dbt-env/lib/python3.12/site-packages/airflow/example_dags/subdags/subdag.py
[2025-10-24T15:14:07.723+0000] {processor.py:830} INFO - Processing file /home/khaled/dbt-env/lib/python3.12/site-packages/airflow/example_dags/subdags/subdag.py for tasks to queue
[2025-10-24T15:14:07.725+0000] {logging_mixin.py:188} INFO - [2025-10-24T15:14:07.724+0000] {dagbag.py:545} INFO - Filling up the DagBag from /home/khaled/dbt-env/lib/python3.12/site-packages/airflow/example_dags/subdags/subdag.py
[2025-10-24T15:14:07.726+0000] {processor.py:842} WARNING - No viable dags retrieved from /home/khaled/dbt-env/lib/python3.12/site-packages/airflow/example_dags/subdags/subdag.py
[2025-10-24T15:14:07.733+0000] {processor.py:183} INFO - Processing /home/khaled/dbt-env/lib/python3.12/site-packages/airflow/example_dags/subdags/subdag.py took 0.016 seconds
[2025-10-24T15:14:40.831+0000] {processor.py:161} INFO - Started process (PID=11711) to work on /home/khaled/dbt-env/lib/python3.12/site-packages/airflow/example_dags/subdags/subdag.py
[2025-10-24T15:14:40.832+0000] {processor.py:830} INFO - Processing file /home/khaled/dbt-env/lib/python3.12/site-packages/airflow/example_dags/subdags/subdag.py for tasks to queue
[2025-10-24T15:14:40.833+0000] {logging_mixin.py:188} INFO - [2025-10-24T15:14:40.833+0000] {dagbag.py:545} INFO - Filling up the DagBag from /home/khaled/dbt-env/lib/python3.12/site-packages/airflow/example_dags/subdags/subdag.py
[2025-10-24T15:14:40.834+0000] {processor.py:842} WARNING - No viable dags retrieved from /home/khaled/dbt-env/lib/python3.12/site-packages/airflow/example_dags/subdags/subdag.py
[2025-10-24T15:14:40.841+0000] {processor.py:183} INFO - Processing /home/khaled/dbt-env/lib/python3.12/site-packages/airflow/example_dags/subdags/subdag.py took 0.015 seconds
[2025-10-24T15:15:41.127+0000] {processor.py:161} INFO - Started process (PID=11804) to work on /home/khaled/dbt-env/lib/python3.12/site-packages/airflow/example_dags/subdags/subdag.py
[2025-10-24T15:15:41.128+0000] {processor.py:830} INFO - Processing file /home/khaled/dbt-env/lib/python3.12/site-packages/airflow/example_dags/subdags/subdag.py for tasks to queue
[2025-10-24T15:15:41.130+0000] {logging_mixin.py:188} INFO - [2025-10-24T15:15:41.129+0000] {dagbag.py:545} INFO - Filling up the DagBag from /home/khaled/dbt-env/lib/python3.12/site-packages/airflow/example_dags/subdags/subdag.py
[2025-10-24T15:15:41.131+0000] {processor.py:842} WARNING - No viable dags retrieved from /home/khaled/dbt-env/lib/python3.12/site-packages/airflow/example_dags/subdags/subdag.py
[2025-10-24T15:15:41.137+0000] {processor.py:183} INFO - Processing /home/khaled/dbt-env/lib/python3.12/site-packages/airflow/example_dags/subdags/subdag.py took 0.014 seconds
[2025-10-24T15:16:17.512+0000] {processor.py:161} INFO - Started process (PID=11839) to work on /home/khaled/dbt-env/lib/python3.12/site-packages/airflow/example_dags/subdags/subdag.py
[2025-10-24T15:16:17.513+0000] {processor.py:830} INFO - Processing file /home/khaled/dbt-env/lib/python3.12/site-packages/airflow/example_dags/subdags/subdag.py for tasks to queue
[2025-10-24T15:16:17.514+0000] {logging_mixin.py:188} INFO - [2025-10-24T15:16:17.514+0000] {dagbag.py:545} INFO - Filling up the DagBag from /home/khaled/dbt-env/lib/python3.12/site-packages/airflow/example_dags/subdags/subdag.py
[2025-10-24T15:16:17.516+0000] {processor.py:842} WARNING - No viable dags retrieved from /home/khaled/dbt-env/lib/python3.12/site-packages/airflow/example_dags/subdags/subdag.py
[2025-10-24T15:16:17.523+0000] {processor.py:183} INFO - Processing /home/khaled/dbt-env/lib/python3.12/site-packages/airflow/example_dags/subdags/subdag.py took 0.015 seconds
[2025-10-24T15:16:53.093+0000] {processor.py:161} INFO - Started process (PID=11874) to work on /home/khaled/dbt-env/lib/python3.12/site-packages/airflow/example_dags/subdags/subdag.py
[2025-10-24T15:16:53.094+0000] {processor.py:830} INFO - Processing file /home/khaled/dbt-env/lib/python3.12/site-packages/airflow/example_dags/subdags/subdag.py for tasks to queue
[2025-10-24T15:16:53.095+0000] {logging_mixin.py:188} INFO - [2025-10-24T15:16:53.095+0000] {dagbag.py:545} INFO - Filling up the DagBag from /home/khaled/dbt-env/lib/python3.12/site-packages/airflow/example_dags/subdags/subdag.py
[2025-10-24T15:16:53.097+0000] {processor.py:842} WARNING - No viable dags retrieved from /home/khaled/dbt-env/lib/python3.12/site-packages/airflow/example_dags/subdags/subdag.py
[2025-10-24T15:16:53.104+0000] {processor.py:183} INFO - Processing /home/khaled/dbt-env/lib/python3.12/site-packages/airflow/example_dags/subdags/subdag.py took 0.016 seconds
[2025-10-24T15:17:49.407+0000] {processor.py:161} INFO - Started process (PID=11938) to work on /home/khaled/dbt-env/lib/python3.12/site-packages/airflow/example_dags/subdags/subdag.py
[2025-10-24T15:17:49.408+0000] {processor.py:830} INFO - Processing file /home/khaled/dbt-env/lib/python3.12/site-packages/airflow/example_dags/subdags/subdag.py for tasks to queue
[2025-10-24T15:17:49.409+0000] {logging_mixin.py:188} INFO - [2025-10-24T15:17:49.409+0000] {dagbag.py:545} INFO - Filling up the DagBag from /home/khaled/dbt-env/lib/python3.12/site-packages/airflow/example_dags/subdags/subdag.py
[2025-10-24T15:17:49.410+0000] {processor.py:842} WARNING - No viable dags retrieved from /home/khaled/dbt-env/lib/python3.12/site-packages/airflow/example_dags/subdags/subdag.py
[2025-10-24T15:17:49.418+0000] {processor.py:183} INFO - Processing /home/khaled/dbt-env/lib/python3.12/site-packages/airflow/example_dags/subdags/subdag.py took 0.018 seconds
[2025-10-24T15:18:38.308+0000] {processor.py:161} INFO - Started process (PID=11994) to work on /home/khaled/dbt-env/lib/python3.12/site-packages/airflow/example_dags/subdags/subdag.py
[2025-10-24T15:18:38.310+0000] {processor.py:830} INFO - Processing file /home/khaled/dbt-env/lib/python3.12/site-packages/airflow/example_dags/subdags/subdag.py for tasks to queue
[2025-10-24T15:18:38.311+0000] {logging_mixin.py:188} INFO - [2025-10-24T15:18:38.311+0000] {dagbag.py:545} INFO - Filling up the DagBag from /home/khaled/dbt-env/lib/python3.12/site-packages/airflow/example_dags/subdags/subdag.py
[2025-10-24T15:18:38.313+0000] {processor.py:842} WARNING - No viable dags retrieved from /home/khaled/dbt-env/lib/python3.12/site-packages/airflow/example_dags/subdags/subdag.py
[2025-10-24T15:18:38.321+0000] {processor.py:183} INFO - Processing /home/khaled/dbt-env/lib/python3.12/site-packages/airflow/example_dags/subdags/subdag.py took 0.017 seconds
[2025-10-24T15:19:36.191+0000] {processor.py:161} INFO - Started process (PID=12056) to work on /home/khaled/dbt-env/lib/python3.12/site-packages/airflow/example_dags/subdags/subdag.py
[2025-10-24T15:19:36.192+0000] {processor.py:830} INFO - Processing file /home/khaled/dbt-env/lib/python3.12/site-packages/airflow/example_dags/subdags/subdag.py for tasks to queue
[2025-10-24T15:19:36.194+0000] {logging_mixin.py:188} INFO - [2025-10-24T15:19:36.193+0000] {dagbag.py:545} INFO - Filling up the DagBag from /home/khaled/dbt-env/lib/python3.12/site-packages/airflow/example_dags/subdags/subdag.py
[2025-10-24T15:19:36.195+0000] {processor.py:842} WARNING - No viable dags retrieved from /home/khaled/dbt-env/lib/python3.12/site-packages/airflow/example_dags/subdags/subdag.py
[2025-10-24T15:19:36.203+0000] {processor.py:183} INFO - Processing /home/khaled/dbt-env/lib/python3.12/site-packages/airflow/example_dags/subdags/subdag.py took 0.016 seconds
[2025-10-24T15:20:29.735+0000] {processor.py:161} INFO - Started process (PID=12118) to work on /home/khaled/dbt-env/lib/python3.12/site-packages/airflow/example_dags/subdags/subdag.py
[2025-10-24T15:20:29.736+0000] {processor.py:830} INFO - Processing file /home/khaled/dbt-env/lib/python3.12/site-packages/airflow/example_dags/subdags/subdag.py for tasks to queue
[2025-10-24T15:20:29.738+0000] {logging_mixin.py:188} INFO - [2025-10-24T15:20:29.737+0000] {dagbag.py:545} INFO - Filling up the DagBag from /home/khaled/dbt-env/lib/python3.12/site-packages/airflow/example_dags/subdags/subdag.py
[2025-10-24T15:20:29.739+0000] {processor.py:842} WARNING - No viable dags retrieved from /home/khaled/dbt-env/lib/python3.12/site-packages/airflow/example_dags/subdags/subdag.py
[2025-10-24T15:20:29.748+0000] {processor.py:183} INFO - Processing /home/khaled/dbt-env/lib/python3.12/site-packages/airflow/example_dags/subdags/subdag.py took 0.017 seconds
[2025-10-24T15:21:34.435+0000] {processor.py:161} INFO - Started process (PID=12211) to work on /home/khaled/dbt-env/lib/python3.12/site-packages/airflow/example_dags/subdags/subdag.py
[2025-10-24T15:21:34.436+0000] {processor.py:830} INFO - Processing file /home/khaled/dbt-env/lib/python3.12/site-packages/airflow/example_dags/subdags/subdag.py for tasks to queue
[2025-10-24T15:21:34.437+0000] {logging_mixin.py:188} INFO - [2025-10-24T15:21:34.437+0000] {dagbag.py:545} INFO - Filling up the DagBag from /home/khaled/dbt-env/lib/python3.12/site-packages/airflow/example_dags/subdags/subdag.py
[2025-10-24T15:21:34.439+0000] {processor.py:842} WARNING - No viable dags retrieved from /home/khaled/dbt-env/lib/python3.12/site-packages/airflow/example_dags/subdags/subdag.py
[2025-10-24T15:21:34.446+0000] {processor.py:183} INFO - Processing /home/khaled/dbt-env/lib/python3.12/site-packages/airflow/example_dags/subdags/subdag.py took 0.015 seconds
[2025-10-24T15:22:08.562+0000] {processor.py:161} INFO - Started process (PID=12247) to work on /home/khaled/dbt-env/lib/python3.12/site-packages/airflow/example_dags/subdags/subdag.py
[2025-10-24T15:22:08.563+0000] {processor.py:830} INFO - Processing file /home/khaled/dbt-env/lib/python3.12/site-packages/airflow/example_dags/subdags/subdag.py for tasks to queue
[2025-10-24T15:22:08.565+0000] {logging_mixin.py:188} INFO - [2025-10-24T15:22:08.564+0000] {dagbag.py:545} INFO - Filling up the DagBag from /home/khaled/dbt-env/lib/python3.12/site-packages/airflow/example_dags/subdags/subdag.py
[2025-10-24T15:22:08.566+0000] {processor.py:842} WARNING - No viable dags retrieved from /home/khaled/dbt-env/lib/python3.12/site-packages/airflow/example_dags/subdags/subdag.py
[2025-10-24T15:22:08.575+0000] {processor.py:183} INFO - Processing /home/khaled/dbt-env/lib/python3.12/site-packages/airflow/example_dags/subdags/subdag.py took 0.019 seconds
[2025-10-24T15:23:07.365+0000] {processor.py:161} INFO - Started process (PID=12308) to work on /home/khaled/dbt-env/lib/python3.12/site-packages/airflow/example_dags/subdags/subdag.py
[2025-10-24T15:23:07.367+0000] {processor.py:830} INFO - Processing file /home/khaled/dbt-env/lib/python3.12/site-packages/airflow/example_dags/subdags/subdag.py for tasks to queue
[2025-10-24T15:23:07.368+0000] {logging_mixin.py:188} INFO - [2025-10-24T15:23:07.367+0000] {dagbag.py:545} INFO - Filling up the DagBag from /home/khaled/dbt-env/lib/python3.12/site-packages/airflow/example_dags/subdags/subdag.py
[2025-10-24T15:23:07.369+0000] {processor.py:842} WARNING - No viable dags retrieved from /home/khaled/dbt-env/lib/python3.12/site-packages/airflow/example_dags/subdags/subdag.py
[2025-10-24T15:23:07.376+0000] {processor.py:183} INFO - Processing /home/khaled/dbt-env/lib/python3.12/site-packages/airflow/example_dags/subdags/subdag.py took 0.015 seconds
[2025-10-24T15:23:44.256+0000] {processor.py:161} INFO - Started process (PID=12339) to work on /home/khaled/dbt-env/lib/python3.12/site-packages/airflow/example_dags/subdags/subdag.py
[2025-10-24T15:23:44.257+0000] {processor.py:830} INFO - Processing file /home/khaled/dbt-env/lib/python3.12/site-packages/airflow/example_dags/subdags/subdag.py for tasks to queue
[2025-10-24T15:23:44.259+0000] {logging_mixin.py:188} INFO - [2025-10-24T15:23:44.258+0000] {dagbag.py:545} INFO - Filling up the DagBag from /home/khaled/dbt-env/lib/python3.12/site-packages/airflow/example_dags/subdags/subdag.py
[2025-10-24T15:23:44.260+0000] {processor.py:842} WARNING - No viable dags retrieved from /home/khaled/dbt-env/lib/python3.12/site-packages/airflow/example_dags/subdags/subdag.py
[2025-10-24T15:23:44.268+0000] {processor.py:183} INFO - Processing /home/khaled/dbt-env/lib/python3.12/site-packages/airflow/example_dags/subdags/subdag.py took 0.016 seconds
[2025-10-24T15:24:17.708+0000] {processor.py:161} INFO - Started process (PID=12378) to work on /home/khaled/dbt-env/lib/python3.12/site-packages/airflow/example_dags/subdags/subdag.py
[2025-10-24T15:24:17.710+0000] {processor.py:830} INFO - Processing file /home/khaled/dbt-env/lib/python3.12/site-packages/airflow/example_dags/subdags/subdag.py for tasks to queue
[2025-10-24T15:24:17.711+0000] {logging_mixin.py:188} INFO - [2025-10-24T15:24:17.711+0000] {dagbag.py:545} INFO - Filling up the DagBag from /home/khaled/dbt-env/lib/python3.12/site-packages/airflow/example_dags/subdags/subdag.py
[2025-10-24T15:24:17.712+0000] {processor.py:842} WARNING - No viable dags retrieved from /home/khaled/dbt-env/lib/python3.12/site-packages/airflow/example_dags/subdags/subdag.py
[2025-10-24T15:24:17.719+0000] {processor.py:183} INFO - Processing /home/khaled/dbt-env/lib/python3.12/site-packages/airflow/example_dags/subdags/subdag.py took 0.015 seconds
[2025-10-24T15:25:13.527+0000] {processor.py:161} INFO - Started process (PID=12440) to work on /home/khaled/dbt-env/lib/python3.12/site-packages/airflow/example_dags/subdags/subdag.py
[2025-10-24T15:25:13.528+0000] {processor.py:830} INFO - Processing file /home/khaled/dbt-env/lib/python3.12/site-packages/airflow/example_dags/subdags/subdag.py for tasks to queue
[2025-10-24T15:25:13.529+0000] {logging_mixin.py:188} INFO - [2025-10-24T15:25:13.529+0000] {dagbag.py:545} INFO - Filling up the DagBag from /home/khaled/dbt-env/lib/python3.12/site-packages/airflow/example_dags/subdags/subdag.py
[2025-10-24T15:25:13.530+0000] {processor.py:842} WARNING - No viable dags retrieved from /home/khaled/dbt-env/lib/python3.12/site-packages/airflow/example_dags/subdags/subdag.py
[2025-10-24T15:25:13.537+0000] {processor.py:183} INFO - Processing /home/khaled/dbt-env/lib/python3.12/site-packages/airflow/example_dags/subdags/subdag.py took 0.015 seconds
[2025-10-24T15:26:22.017+0000] {processor.py:161} INFO - Started process (PID=12534) to work on /home/khaled/dbt-env/lib/python3.12/site-packages/airflow/example_dags/subdags/subdag.py
[2025-10-24T15:26:22.018+0000] {processor.py:830} INFO - Processing file /home/khaled/dbt-env/lib/python3.12/site-packages/airflow/example_dags/subdags/subdag.py for tasks to queue
[2025-10-24T15:26:22.019+0000] {logging_mixin.py:188} INFO - [2025-10-24T15:26:22.019+0000] {dagbag.py:545} INFO - Filling up the DagBag from /home/khaled/dbt-env/lib/python3.12/site-packages/airflow/example_dags/subdags/subdag.py
[2025-10-24T15:26:22.021+0000] {processor.py:842} WARNING - No viable dags retrieved from /home/khaled/dbt-env/lib/python3.12/site-packages/airflow/example_dags/subdags/subdag.py
[2025-10-24T15:26:22.029+0000] {processor.py:183} INFO - Processing /home/khaled/dbt-env/lib/python3.12/site-packages/airflow/example_dags/subdags/subdag.py took 0.016 seconds
[2025-10-24T15:26:58.405+0000] {processor.py:161} INFO - Started process (PID=12571) to work on /home/khaled/dbt-env/lib/python3.12/site-packages/airflow/example_dags/subdags/subdag.py
[2025-10-24T15:26:58.406+0000] {processor.py:830} INFO - Processing file /home/khaled/dbt-env/lib/python3.12/site-packages/airflow/example_dags/subdags/subdag.py for tasks to queue
[2025-10-24T15:26:58.407+0000] {logging_mixin.py:188} INFO - [2025-10-24T15:26:58.407+0000] {dagbag.py:545} INFO - Filling up the DagBag from /home/khaled/dbt-env/lib/python3.12/site-packages/airflow/example_dags/subdags/subdag.py
[2025-10-24T15:26:58.409+0000] {processor.py:842} WARNING - No viable dags retrieved from /home/khaled/dbt-env/lib/python3.12/site-packages/airflow/example_dags/subdags/subdag.py
[2025-10-24T15:26:58.417+0000] {processor.py:183} INFO - Processing /home/khaled/dbt-env/lib/python3.12/site-packages/airflow/example_dags/subdags/subdag.py took 0.018 seconds
[2025-10-24T15:27:34.686+0000] {processor.py:161} INFO - Started process (PID=12606) to work on /home/khaled/dbt-env/lib/python3.12/site-packages/airflow/example_dags/subdags/subdag.py
[2025-10-24T15:27:34.687+0000] {processor.py:830} INFO - Processing file /home/khaled/dbt-env/lib/python3.12/site-packages/airflow/example_dags/subdags/subdag.py for tasks to queue
[2025-10-24T15:27:34.688+0000] {logging_mixin.py:188} INFO - [2025-10-24T15:27:34.688+0000] {dagbag.py:545} INFO - Filling up the DagBag from /home/khaled/dbt-env/lib/python3.12/site-packages/airflow/example_dags/subdags/subdag.py
[2025-10-24T15:27:34.690+0000] {processor.py:842} WARNING - No viable dags retrieved from /home/khaled/dbt-env/lib/python3.12/site-packages/airflow/example_dags/subdags/subdag.py
[2025-10-24T15:27:34.700+0000] {processor.py:183} INFO - Processing /home/khaled/dbt-env/lib/python3.12/site-packages/airflow/example_dags/subdags/subdag.py took 0.018 seconds
[2025-10-24T15:28:11.493+0000] {processor.py:161} INFO - Started process (PID=12644) to work on /home/khaled/dbt-env/lib/python3.12/site-packages/airflow/example_dags/subdags/subdag.py
[2025-10-24T15:28:11.494+0000] {processor.py:830} INFO - Processing file /home/khaled/dbt-env/lib/python3.12/site-packages/airflow/example_dags/subdags/subdag.py for tasks to queue
[2025-10-24T15:28:11.495+0000] {logging_mixin.py:188} INFO - [2025-10-24T15:28:11.495+0000] {dagbag.py:545} INFO - Filling up the DagBag from /home/khaled/dbt-env/lib/python3.12/site-packages/airflow/example_dags/subdags/subdag.py
[2025-10-24T15:28:11.497+0000] {processor.py:842} WARNING - No viable dags retrieved from /home/khaled/dbt-env/lib/python3.12/site-packages/airflow/example_dags/subdags/subdag.py
[2025-10-24T15:28:11.504+0000] {processor.py:183} INFO - Processing /home/khaled/dbt-env/lib/python3.12/site-packages/airflow/example_dags/subdags/subdag.py took 0.017 seconds
[2025-10-24T15:28:42.843+0000] {processor.py:161} INFO - Started process (PID=12677) to work on /home/khaled/dbt-env/lib/python3.12/site-packages/airflow/example_dags/subdags/subdag.py
[2025-10-24T15:28:42.844+0000] {processor.py:830} INFO - Processing file /home/khaled/dbt-env/lib/python3.12/site-packages/airflow/example_dags/subdags/subdag.py for tasks to queue
[2025-10-24T15:28:42.845+0000] {logging_mixin.py:188} INFO - [2025-10-24T15:28:42.845+0000] {dagbag.py:545} INFO - Filling up the DagBag from /home/khaled/dbt-env/lib/python3.12/site-packages/airflow/example_dags/subdags/subdag.py
[2025-10-24T15:28:42.846+0000] {processor.py:842} WARNING - No viable dags retrieved from /home/khaled/dbt-env/lib/python3.12/site-packages/airflow/example_dags/subdags/subdag.py
[2025-10-24T15:28:42.854+0000] {processor.py:183} INFO - Processing /home/khaled/dbt-env/lib/python3.12/site-packages/airflow/example_dags/subdags/subdag.py took 0.015 seconds
[2025-10-24T15:29:43.575+0000] {processor.py:161} INFO - Started process (PID=12740) to work on /home/khaled/dbt-env/lib/python3.12/site-packages/airflow/example_dags/subdags/subdag.py
[2025-10-24T15:29:43.576+0000] {processor.py:830} INFO - Processing file /home/khaled/dbt-env/lib/python3.12/site-packages/airflow/example_dags/subdags/subdag.py for tasks to queue
[2025-10-24T15:29:43.577+0000] {logging_mixin.py:188} INFO - [2025-10-24T15:29:43.577+0000] {dagbag.py:545} INFO - Filling up the DagBag from /home/khaled/dbt-env/lib/python3.12/site-packages/airflow/example_dags/subdags/subdag.py
[2025-10-24T15:29:43.578+0000] {processor.py:842} WARNING - No viable dags retrieved from /home/khaled/dbt-env/lib/python3.12/site-packages/airflow/example_dags/subdags/subdag.py
[2025-10-24T15:29:43.585+0000] {processor.py:183} INFO - Processing /home/khaled/dbt-env/lib/python3.12/site-packages/airflow/example_dags/subdags/subdag.py took 0.015 seconds
[2025-10-24T15:30:17.109+0000] {processor.py:161} INFO - Started process (PID=12776) to work on /home/khaled/dbt-env/lib/python3.12/site-packages/airflow/example_dags/subdags/subdag.py
[2025-10-24T15:30:17.109+0000] {processor.py:830} INFO - Processing file /home/khaled/dbt-env/lib/python3.12/site-packages/airflow/example_dags/subdags/subdag.py for tasks to queue
[2025-10-24T15:30:17.111+0000] {logging_mixin.py:188} INFO - [2025-10-24T15:30:17.110+0000] {dagbag.py:545} INFO - Filling up the DagBag from /home/khaled/dbt-env/lib/python3.12/site-packages/airflow/example_dags/subdags/subdag.py
[2025-10-24T15:30:17.112+0000] {processor.py:842} WARNING - No viable dags retrieved from /home/khaled/dbt-env/lib/python3.12/site-packages/airflow/example_dags/subdags/subdag.py
[2025-10-24T15:30:17.119+0000] {processor.py:183} INFO - Processing /home/khaled/dbt-env/lib/python3.12/site-packages/airflow/example_dags/subdags/subdag.py took 0.015 seconds
[2025-10-24T15:30:58.312+0000] {processor.py:161} INFO - Started process (PID=12841) to work on /home/khaled/dbt-env/lib/python3.12/site-packages/airflow/example_dags/subdags/subdag.py
[2025-10-24T15:30:58.313+0000] {processor.py:830} INFO - Processing file /home/khaled/dbt-env/lib/python3.12/site-packages/airflow/example_dags/subdags/subdag.py for tasks to queue
[2025-10-24T15:30:58.315+0000] {logging_mixin.py:188} INFO - [2025-10-24T15:30:58.314+0000] {dagbag.py:545} INFO - Filling up the DagBag from /home/khaled/dbt-env/lib/python3.12/site-packages/airflow/example_dags/subdags/subdag.py
[2025-10-24T15:30:58.316+0000] {processor.py:842} WARNING - No viable dags retrieved from /home/khaled/dbt-env/lib/python3.12/site-packages/airflow/example_dags/subdags/subdag.py
[2025-10-24T15:30:58.323+0000] {processor.py:183} INFO - Processing /home/khaled/dbt-env/lib/python3.12/site-packages/airflow/example_dags/subdags/subdag.py took 0.016 seconds
[2025-10-24T15:31:36.477+0000] {processor.py:161} INFO - Started process (PID=12877) to work on /home/khaled/dbt-env/lib/python3.12/site-packages/airflow/example_dags/subdags/subdag.py
[2025-10-24T15:31:36.478+0000] {processor.py:830} INFO - Processing file /home/khaled/dbt-env/lib/python3.12/site-packages/airflow/example_dags/subdags/subdag.py for tasks to queue
[2025-10-24T15:31:36.479+0000] {logging_mixin.py:188} INFO - [2025-10-24T15:31:36.479+0000] {dagbag.py:545} INFO - Filling up the DagBag from /home/khaled/dbt-env/lib/python3.12/site-packages/airflow/example_dags/subdags/subdag.py
[2025-10-24T15:31:36.481+0000] {processor.py:842} WARNING - No viable dags retrieved from /home/khaled/dbt-env/lib/python3.12/site-packages/airflow/example_dags/subdags/subdag.py
[2025-10-24T15:31:36.488+0000] {processor.py:183} INFO - Processing /home/khaled/dbt-env/lib/python3.12/site-packages/airflow/example_dags/subdags/subdag.py took 0.016 seconds
[2025-10-24T15:32:10.081+0000] {processor.py:161} INFO - Started process (PID=12912) to work on /home/khaled/dbt-env/lib/python3.12/site-packages/airflow/example_dags/subdags/subdag.py
[2025-10-24T15:32:10.081+0000] {processor.py:830} INFO - Processing file /home/khaled/dbt-env/lib/python3.12/site-packages/airflow/example_dags/subdags/subdag.py for tasks to queue
[2025-10-24T15:32:10.083+0000] {logging_mixin.py:188} INFO - [2025-10-24T15:32:10.082+0000] {dagbag.py:545} INFO - Filling up the DagBag from /home/khaled/dbt-env/lib/python3.12/site-packages/airflow/example_dags/subdags/subdag.py
[2025-10-24T15:32:10.084+0000] {processor.py:842} WARNING - No viable dags retrieved from /home/khaled/dbt-env/lib/python3.12/site-packages/airflow/example_dags/subdags/subdag.py
[2025-10-24T15:32:10.091+0000] {processor.py:183} INFO - Processing /home/khaled/dbt-env/lib/python3.12/site-packages/airflow/example_dags/subdags/subdag.py took 0.014 seconds
[2025-10-24T15:33:03.447+0000] {processor.py:161} INFO - Started process (PID=12972) to work on /home/khaled/dbt-env/lib/python3.12/site-packages/airflow/example_dags/subdags/subdag.py
[2025-10-24T15:33:03.449+0000] {processor.py:830} INFO - Processing file /home/khaled/dbt-env/lib/python3.12/site-packages/airflow/example_dags/subdags/subdag.py for tasks to queue
[2025-10-24T15:33:03.450+0000] {logging_mixin.py:188} INFO - [2025-10-24T15:33:03.450+0000] {dagbag.py:545} INFO - Filling up the DagBag from /home/khaled/dbt-env/lib/python3.12/site-packages/airflow/example_dags/subdags/subdag.py
[2025-10-24T15:33:03.452+0000] {processor.py:842} WARNING - No viable dags retrieved from /home/khaled/dbt-env/lib/python3.12/site-packages/airflow/example_dags/subdags/subdag.py
[2025-10-24T15:33:03.458+0000] {processor.py:183} INFO - Processing /home/khaled/dbt-env/lib/python3.12/site-packages/airflow/example_dags/subdags/subdag.py took 0.017 seconds
[2025-10-24T15:34:02.299+0000] {processor.py:161} INFO - Started process (PID=13038) to work on /home/khaled/dbt-env/lib/python3.12/site-packages/airflow/example_dags/subdags/subdag.py
[2025-10-24T15:34:02.301+0000] {processor.py:830} INFO - Processing file /home/khaled/dbt-env/lib/python3.12/site-packages/airflow/example_dags/subdags/subdag.py for tasks to queue
[2025-10-24T15:34:02.302+0000] {logging_mixin.py:188} INFO - [2025-10-24T15:34:02.302+0000] {dagbag.py:545} INFO - Filling up the DagBag from /home/khaled/dbt-env/lib/python3.12/site-packages/airflow/example_dags/subdags/subdag.py
[2025-10-24T15:34:02.303+0000] {processor.py:842} WARNING - No viable dags retrieved from /home/khaled/dbt-env/lib/python3.12/site-packages/airflow/example_dags/subdags/subdag.py
[2025-10-24T15:34:02.312+0000] {processor.py:183} INFO - Processing /home/khaled/dbt-env/lib/python3.12/site-packages/airflow/example_dags/subdags/subdag.py took 0.018 seconds
[2025-10-24T15:34:58.662+0000] {processor.py:161} INFO - Started process (PID=13098) to work on /home/khaled/dbt-env/lib/python3.12/site-packages/airflow/example_dags/subdags/subdag.py
[2025-10-24T15:34:58.663+0000] {processor.py:830} INFO - Processing file /home/khaled/dbt-env/lib/python3.12/site-packages/airflow/example_dags/subdags/subdag.py for tasks to queue
[2025-10-24T15:34:58.664+0000] {logging_mixin.py:188} INFO - [2025-10-24T15:34:58.664+0000] {dagbag.py:545} INFO - Filling up the DagBag from /home/khaled/dbt-env/lib/python3.12/site-packages/airflow/example_dags/subdags/subdag.py
[2025-10-24T15:34:58.666+0000] {processor.py:842} WARNING - No viable dags retrieved from /home/khaled/dbt-env/lib/python3.12/site-packages/airflow/example_dags/subdags/subdag.py
[2025-10-24T15:34:58.674+0000] {processor.py:183} INFO - Processing /home/khaled/dbt-env/lib/python3.12/site-packages/airflow/example_dags/subdags/subdag.py took 0.016 seconds
[2025-10-24T15:35:35.167+0000] {processor.py:161} INFO - Started process (PID=13134) to work on /home/khaled/dbt-env/lib/python3.12/site-packages/airflow/example_dags/subdags/subdag.py
[2025-10-24T15:35:35.169+0000] {processor.py:830} INFO - Processing file /home/khaled/dbt-env/lib/python3.12/site-packages/airflow/example_dags/subdags/subdag.py for tasks to queue
[2025-10-24T15:35:35.170+0000] {logging_mixin.py:188} INFO - [2025-10-24T15:35:35.170+0000] {dagbag.py:545} INFO - Filling up the DagBag from /home/khaled/dbt-env/lib/python3.12/site-packages/airflow/example_dags/subdags/subdag.py
[2025-10-24T15:35:35.171+0000] {processor.py:842} WARNING - No viable dags retrieved from /home/khaled/dbt-env/lib/python3.12/site-packages/airflow/example_dags/subdags/subdag.py
[2025-10-24T15:35:35.180+0000] {processor.py:183} INFO - Processing /home/khaled/dbt-env/lib/python3.12/site-packages/airflow/example_dags/subdags/subdag.py took 0.018 seconds
[2025-10-24T15:36:16.374+0000] {processor.py:161} INFO - Started process (PID=13199) to work on /home/khaled/dbt-env/lib/python3.12/site-packages/airflow/example_dags/subdags/subdag.py
[2025-10-24T15:36:16.375+0000] {processor.py:830} INFO - Processing file /home/khaled/dbt-env/lib/python3.12/site-packages/airflow/example_dags/subdags/subdag.py for tasks to queue
[2025-10-24T15:36:16.376+0000] {logging_mixin.py:188} INFO - [2025-10-24T15:36:16.376+0000] {dagbag.py:545} INFO - Filling up the DagBag from /home/khaled/dbt-env/lib/python3.12/site-packages/airflow/example_dags/subdags/subdag.py
[2025-10-24T15:36:16.378+0000] {processor.py:842} WARNING - No viable dags retrieved from /home/khaled/dbt-env/lib/python3.12/site-packages/airflow/example_dags/subdags/subdag.py
[2025-10-24T15:36:16.385+0000] {processor.py:183} INFO - Processing /home/khaled/dbt-env/lib/python3.12/site-packages/airflow/example_dags/subdags/subdag.py took 0.017 seconds
[2025-10-24T15:37:14.454+0000] {processor.py:161} INFO - Started process (PID=13259) to work on /home/khaled/dbt-env/lib/python3.12/site-packages/airflow/example_dags/subdags/subdag.py
[2025-10-24T15:37:14.464+0000] {processor.py:830} INFO - Processing file /home/khaled/dbt-env/lib/python3.12/site-packages/airflow/example_dags/subdags/subdag.py for tasks to queue
[2025-10-24T15:37:14.466+0000] {logging_mixin.py:188} INFO - [2025-10-24T15:37:14.465+0000] {dagbag.py:545} INFO - Filling up the DagBag from /home/khaled/dbt-env/lib/python3.12/site-packages/airflow/example_dags/subdags/subdag.py
[2025-10-24T15:37:14.467+0000] {processor.py:842} WARNING - No viable dags retrieved from /home/khaled/dbt-env/lib/python3.12/site-packages/airflow/example_dags/subdags/subdag.py
[2025-10-24T15:37:14.475+0000] {processor.py:183} INFO - Processing /home/khaled/dbt-env/lib/python3.12/site-packages/airflow/example_dags/subdags/subdag.py took 0.024 seconds
[2025-10-24T15:38:13.659+0000] {processor.py:161} INFO - Started process (PID=13316) to work on /home/khaled/dbt-env/lib/python3.12/site-packages/airflow/example_dags/subdags/subdag.py
[2025-10-24T15:38:13.661+0000] {processor.py:830} INFO - Processing file /home/khaled/dbt-env/lib/python3.12/site-packages/airflow/example_dags/subdags/subdag.py for tasks to queue
[2025-10-24T15:38:13.662+0000] {logging_mixin.py:188} INFO - [2025-10-24T15:38:13.662+0000] {dagbag.py:545} INFO - Filling up the DagBag from /home/khaled/dbt-env/lib/python3.12/site-packages/airflow/example_dags/subdags/subdag.py
[2025-10-24T15:38:13.664+0000] {processor.py:842} WARNING - No viable dags retrieved from /home/khaled/dbt-env/lib/python3.12/site-packages/airflow/example_dags/subdags/subdag.py
[2025-10-24T15:38:13.673+0000] {processor.py:183} INFO - Processing /home/khaled/dbt-env/lib/python3.12/site-packages/airflow/example_dags/subdags/subdag.py took 0.018 seconds
[2025-10-24T15:38:48.032+0000] {processor.py:161} INFO - Started process (PID=13350) to work on /home/khaled/dbt-env/lib/python3.12/site-packages/airflow/example_dags/subdags/subdag.py
[2025-10-24T15:38:48.033+0000] {processor.py:830} INFO - Processing file /home/khaled/dbt-env/lib/python3.12/site-packages/airflow/example_dags/subdags/subdag.py for tasks to queue
[2025-10-24T15:38:48.034+0000] {logging_mixin.py:188} INFO - [2025-10-24T15:38:48.034+0000] {dagbag.py:545} INFO - Filling up the DagBag from /home/khaled/dbt-env/lib/python3.12/site-packages/airflow/example_dags/subdags/subdag.py
[2025-10-24T15:38:48.036+0000] {processor.py:842} WARNING - No viable dags retrieved from /home/khaled/dbt-env/lib/python3.12/site-packages/airflow/example_dags/subdags/subdag.py
[2025-10-24T15:38:48.043+0000] {processor.py:183} INFO - Processing /home/khaled/dbt-env/lib/python3.12/site-packages/airflow/example_dags/subdags/subdag.py took 0.016 seconds
[2025-10-24T15:39:47.809+0000] {processor.py:161} INFO - Started process (PID=13411) to work on /home/khaled/dbt-env/lib/python3.12/site-packages/airflow/example_dags/subdags/subdag.py
[2025-10-24T15:39:47.810+0000] {processor.py:830} INFO - Processing file /home/khaled/dbt-env/lib/python3.12/site-packages/airflow/example_dags/subdags/subdag.py for tasks to queue
[2025-10-24T15:39:47.811+0000] {logging_mixin.py:188} INFO - [2025-10-24T15:39:47.811+0000] {dagbag.py:545} INFO - Filling up the DagBag from /home/khaled/dbt-env/lib/python3.12/site-packages/airflow/example_dags/subdags/subdag.py
[2025-10-24T15:39:47.812+0000] {processor.py:842} WARNING - No viable dags retrieved from /home/khaled/dbt-env/lib/python3.12/site-packages/airflow/example_dags/subdags/subdag.py
[2025-10-24T15:39:47.820+0000] {processor.py:183} INFO - Processing /home/khaled/dbt-env/lib/python3.12/site-packages/airflow/example_dags/subdags/subdag.py took 0.016 seconds
[2025-10-24T15:40:21.228+0000] {processor.py:161} INFO - Started process (PID=13448) to work on /home/khaled/dbt-env/lib/python3.12/site-packages/airflow/example_dags/subdags/subdag.py
[2025-10-24T15:40:21.228+0000] {processor.py:830} INFO - Processing file /home/khaled/dbt-env/lib/python3.12/site-packages/airflow/example_dags/subdags/subdag.py for tasks to queue
[2025-10-24T15:40:21.229+0000] {logging_mixin.py:188} INFO - [2025-10-24T15:40:21.229+0000] {dagbag.py:545} INFO - Filling up the DagBag from /home/khaled/dbt-env/lib/python3.12/site-packages/airflow/example_dags/subdags/subdag.py
[2025-10-24T15:40:21.231+0000] {processor.py:842} WARNING - No viable dags retrieved from /home/khaled/dbt-env/lib/python3.12/site-packages/airflow/example_dags/subdags/subdag.py
[2025-10-24T15:40:21.239+0000] {processor.py:183} INFO - Processing /home/khaled/dbt-env/lib/python3.12/site-packages/airflow/example_dags/subdags/subdag.py took 0.016 seconds
[2025-10-24T15:41:25.001+0000] {processor.py:161} INFO - Started process (PID=13548) to work on /home/khaled/dbt-env/lib/python3.12/site-packages/airflow/example_dags/subdags/subdag.py
[2025-10-24T15:41:25.002+0000] {processor.py:830} INFO - Processing file /home/khaled/dbt-env/lib/python3.12/site-packages/airflow/example_dags/subdags/subdag.py for tasks to queue
[2025-10-24T15:41:25.004+0000] {logging_mixin.py:188} INFO - [2025-10-24T15:41:25.003+0000] {dagbag.py:545} INFO - Filling up the DagBag from /home/khaled/dbt-env/lib/python3.12/site-packages/airflow/example_dags/subdags/subdag.py
[2025-10-24T15:41:25.005+0000] {processor.py:842} WARNING - No viable dags retrieved from /home/khaled/dbt-env/lib/python3.12/site-packages/airflow/example_dags/subdags/subdag.py
[2025-10-24T15:41:25.014+0000] {processor.py:183} INFO - Processing /home/khaled/dbt-env/lib/python3.12/site-packages/airflow/example_dags/subdags/subdag.py took 0.018 seconds
[2025-10-24T15:41:57.984+0000] {processor.py:161} INFO - Started process (PID=13580) to work on /home/khaled/dbt-env/lib/python3.12/site-packages/airflow/example_dags/subdags/subdag.py
[2025-10-24T15:41:57.985+0000] {processor.py:830} INFO - Processing file /home/khaled/dbt-env/lib/python3.12/site-packages/airflow/example_dags/subdags/subdag.py for tasks to queue
[2025-10-24T15:41:57.986+0000] {logging_mixin.py:188} INFO - [2025-10-24T15:41:57.986+0000] {dagbag.py:545} INFO - Filling up the DagBag from /home/khaled/dbt-env/lib/python3.12/site-packages/airflow/example_dags/subdags/subdag.py
[2025-10-24T15:41:57.988+0000] {processor.py:842} WARNING - No viable dags retrieved from /home/khaled/dbt-env/lib/python3.12/site-packages/airflow/example_dags/subdags/subdag.py
[2025-10-24T15:41:57.995+0000] {processor.py:183} INFO - Processing /home/khaled/dbt-env/lib/python3.12/site-packages/airflow/example_dags/subdags/subdag.py took 0.015 seconds
[2025-10-24T15:42:31.261+0000] {processor.py:161} INFO - Started process (PID=13615) to work on /home/khaled/dbt-env/lib/python3.12/site-packages/airflow/example_dags/subdags/subdag.py
[2025-10-24T15:42:31.262+0000] {processor.py:830} INFO - Processing file /home/khaled/dbt-env/lib/python3.12/site-packages/airflow/example_dags/subdags/subdag.py for tasks to queue
[2025-10-24T15:42:31.263+0000] {logging_mixin.py:188} INFO - [2025-10-24T15:42:31.263+0000] {dagbag.py:545} INFO - Filling up the DagBag from /home/khaled/dbt-env/lib/python3.12/site-packages/airflow/example_dags/subdags/subdag.py
[2025-10-24T15:42:31.265+0000] {processor.py:842} WARNING - No viable dags retrieved from /home/khaled/dbt-env/lib/python3.12/site-packages/airflow/example_dags/subdags/subdag.py
[2025-10-24T15:42:31.272+0000] {processor.py:183} INFO - Processing /home/khaled/dbt-env/lib/python3.12/site-packages/airflow/example_dags/subdags/subdag.py took 0.015 seconds
[2025-10-24T15:43:04.997+0000] {processor.py:161} INFO - Started process (PID=13649) to work on /home/khaled/dbt-env/lib/python3.12/site-packages/airflow/example_dags/subdags/subdag.py
[2025-10-24T15:43:04.999+0000] {processor.py:830} INFO - Processing file /home/khaled/dbt-env/lib/python3.12/site-packages/airflow/example_dags/subdags/subdag.py for tasks to queue
[2025-10-24T15:43:05.000+0000] {logging_mixin.py:188} INFO - [2025-10-24T15:43:04.999+0000] {dagbag.py:545} INFO - Filling up the DagBag from /home/khaled/dbt-env/lib/python3.12/site-packages/airflow/example_dags/subdags/subdag.py
[2025-10-24T15:43:05.001+0000] {processor.py:842} WARNING - No viable dags retrieved from /home/khaled/dbt-env/lib/python3.12/site-packages/airflow/example_dags/subdags/subdag.py
[2025-10-24T15:43:05.008+0000] {processor.py:183} INFO - Processing /home/khaled/dbt-env/lib/python3.12/site-packages/airflow/example_dags/subdags/subdag.py took 0.016 seconds
[2025-10-24T15:43:38.507+0000] {processor.py:161} INFO - Started process (PID=13681) to work on /home/khaled/dbt-env/lib/python3.12/site-packages/airflow/example_dags/subdags/subdag.py
[2025-10-24T15:43:38.509+0000] {processor.py:830} INFO - Processing file /home/khaled/dbt-env/lib/python3.12/site-packages/airflow/example_dags/subdags/subdag.py for tasks to queue
[2025-10-24T15:43:38.511+0000] {logging_mixin.py:188} INFO - [2025-10-24T15:43:38.510+0000] {dagbag.py:545} INFO - Filling up the DagBag from /home/khaled/dbt-env/lib/python3.12/site-packages/airflow/example_dags/subdags/subdag.py
[2025-10-24T15:43:38.512+0000] {processor.py:842} WARNING - No viable dags retrieved from /home/khaled/dbt-env/lib/python3.12/site-packages/airflow/example_dags/subdags/subdag.py
[2025-10-24T15:43:38.520+0000] {processor.py:183} INFO - Processing /home/khaled/dbt-env/lib/python3.12/site-packages/airflow/example_dags/subdags/subdag.py took 0.017 seconds
[2025-10-24T15:44:10.923+0000] {processor.py:161} INFO - Started process (PID=13716) to work on /home/khaled/dbt-env/lib/python3.12/site-packages/airflow/example_dags/subdags/subdag.py
[2025-10-24T15:44:10.924+0000] {processor.py:830} INFO - Processing file /home/khaled/dbt-env/lib/python3.12/site-packages/airflow/example_dags/subdags/subdag.py for tasks to queue
[2025-10-24T15:44:10.925+0000] {logging_mixin.py:188} INFO - [2025-10-24T15:44:10.925+0000] {dagbag.py:545} INFO - Filling up the DagBag from /home/khaled/dbt-env/lib/python3.12/site-packages/airflow/example_dags/subdags/subdag.py
[2025-10-24T15:44:10.927+0000] {processor.py:842} WARNING - No viable dags retrieved from /home/khaled/dbt-env/lib/python3.12/site-packages/airflow/example_dags/subdags/subdag.py
[2025-10-24T15:44:10.934+0000] {processor.py:183} INFO - Processing /home/khaled/dbt-env/lib/python3.12/site-packages/airflow/example_dags/subdags/subdag.py took 0.014 seconds
