[2025-10-22T12:12:46.781+0000] {processor.py:161} INFO - Started process (PID=8610) to work on /home/khaled/airflow/dags/dbt_snowflake_dag.py
[2025-10-22T12:12:46.782+0000] {processor.py:830} INFO - Processing file /home/khaled/airflow/dags/dbt_snowflake_dag.py for tasks to queue
[2025-10-22T12:12:46.783+0000] {logging_mixin.py:188} INFO - [2025-10-22T12:12:46.783+0000] {dagbag.py:545} INFO - Filling up the DagBag from /home/khaled/airflow/dags/dbt_snowflake_dag.py
[2025-10-22T12:12:46.790+0000] {processor.py:840} INFO - DAG(s) 'dbt_snowflake_pipeline' retrieved from /home/khaled/airflow/dags/dbt_snowflake_dag.py
[2025-10-22T12:12:46.891+0000] {logging_mixin.py:188} INFO - [2025-10-22T12:12:46.891+0000] {dag.py:3089} INFO - Sync 1 DAGs
[2025-10-22T12:12:46.907+0000] {logging_mixin.py:188} INFO - [2025-10-22T12:12:46.907+0000] {dag.py:3947} INFO - Setting next_dagrun for dbt_snowflake_pipeline to 2025-10-21 00:00:00+00:00, run_after=2025-10-22 00:00:00+00:00
[2025-10-22T12:12:46.964+0000] {processor.py:183} INFO - Processing /home/khaled/airflow/dags/dbt_snowflake_dag.py took 0.188 seconds
[2025-10-22T12:14:03.237+0000] {processor.py:161} INFO - Started process (PID=9296) to work on /home/khaled/airflow/dags/dbt_snowflake_dag.py
[2025-10-22T12:14:03.239+0000] {processor.py:830} INFO - Processing file /home/khaled/airflow/dags/dbt_snowflake_dag.py for tasks to queue
[2025-10-22T12:14:03.242+0000] {logging_mixin.py:188} INFO - [2025-10-22T12:14:03.242+0000] {dagbag.py:545} INFO - Filling up the DagBag from /home/khaled/airflow/dags/dbt_snowflake_dag.py
[2025-10-22T12:14:03.252+0000] {processor.py:840} INFO - DAG(s) 'dbt_snowflake_pipeline' retrieved from /home/khaled/airflow/dags/dbt_snowflake_dag.py
[2025-10-22T12:14:03.267+0000] {logging_mixin.py:188} INFO - [2025-10-22T12:14:03.267+0000] {dag.py:3089} INFO - Sync 1 DAGs
[2025-10-22T12:14:03.299+0000] {processor.py:183} INFO - Processing /home/khaled/airflow/dags/dbt_snowflake_dag.py took 0.068 seconds
[2025-10-22T12:15:20.327+0000] {processor.py:161} INFO - Started process (PID=9501) to work on /home/khaled/airflow/dags/dbt_snowflake_dag.py
[2025-10-22T12:15:20.328+0000] {processor.py:830} INFO - Processing file /home/khaled/airflow/dags/dbt_snowflake_dag.py for tasks to queue
[2025-10-22T12:15:20.332+0000] {logging_mixin.py:188} INFO - [2025-10-22T12:15:20.331+0000] {dagbag.py:545} INFO - Filling up the DagBag from /home/khaled/airflow/dags/dbt_snowflake_dag.py
[2025-10-22T12:15:20.338+0000] {processor.py:840} INFO - DAG(s) 'dbt_snowflake_pipeline' retrieved from /home/khaled/airflow/dags/dbt_snowflake_dag.py
[2025-10-22T12:15:20.349+0000] {logging_mixin.py:188} INFO - [2025-10-22T12:15:20.349+0000] {dag.py:3089} INFO - Sync 1 DAGs
[2025-10-22T12:15:20.381+0000] {processor.py:183} INFO - Processing /home/khaled/airflow/dags/dbt_snowflake_dag.py took 0.059 seconds
[2025-10-22T12:16:37.789+0000] {processor.py:161} INFO - Started process (PID=9704) to work on /home/khaled/airflow/dags/dbt_snowflake_dag.py
[2025-10-22T12:16:37.798+0000] {processor.py:830} INFO - Processing file /home/khaled/airflow/dags/dbt_snowflake_dag.py for tasks to queue
[2025-10-22T12:16:37.800+0000] {logging_mixin.py:188} INFO - [2025-10-22T12:16:37.799+0000] {dagbag.py:545} INFO - Filling up the DagBag from /home/khaled/airflow/dags/dbt_snowflake_dag.py
[2025-10-22T12:16:37.809+0000] {processor.py:840} INFO - DAG(s) 'dbt_snowflake_pipeline' retrieved from /home/khaled/airflow/dags/dbt_snowflake_dag.py
[2025-10-22T12:16:37.824+0000] {logging_mixin.py:188} INFO - [2025-10-22T12:16:37.824+0000] {dag.py:3089} INFO - Sync 1 DAGs
[2025-10-22T12:16:37.862+0000] {processor.py:183} INFO - Processing /home/khaled/airflow/dags/dbt_snowflake_dag.py took 0.078 seconds
[2025-10-22T12:18:01.657+0000] {processor.py:161} INFO - Started process (PID=10217) to work on /home/khaled/airflow/dags/dbt_snowflake_dag.py
[2025-10-22T12:18:01.668+0000] {processor.py:830} INFO - Processing file /home/khaled/airflow/dags/dbt_snowflake_dag.py for tasks to queue
[2025-10-22T12:18:01.670+0000] {logging_mixin.py:188} INFO - [2025-10-22T12:18:01.669+0000] {dagbag.py:545} INFO - Filling up the DagBag from /home/khaled/airflow/dags/dbt_snowflake_dag.py
[2025-10-22T12:18:01.676+0000] {processor.py:840} INFO - DAG(s) 'dbt_snowflake_pipeline' retrieved from /home/khaled/airflow/dags/dbt_snowflake_dag.py
[2025-10-22T12:18:01.688+0000] {logging_mixin.py:188} INFO - [2025-10-22T12:18:01.688+0000] {dag.py:3089} INFO - Sync 1 DAGs
[2025-10-22T12:18:01.721+0000] {processor.py:183} INFO - Processing /home/khaled/airflow/dags/dbt_snowflake_dag.py took 0.069 seconds
[2025-10-22T12:23:02.813+0000] {processor.py:161} INFO - Started process (PID=10787) to work on /home/khaled/airflow/dags/dbt_snowflake_dag.py
[2025-10-22T12:23:02.824+0000] {processor.py:830} INFO - Processing file /home/khaled/airflow/dags/dbt_snowflake_dag.py for tasks to queue
[2025-10-22T12:23:02.826+0000] {logging_mixin.py:188} INFO - [2025-10-22T12:23:02.825+0000] {dagbag.py:545} INFO - Filling up the DagBag from /home/khaled/airflow/dags/dbt_snowflake_dag.py
[2025-10-22T12:23:02.832+0000] {processor.py:840} INFO - DAG(s) 'dbt_snowflake_pipeline' retrieved from /home/khaled/airflow/dags/dbt_snowflake_dag.py
[2025-10-22T12:23:02.845+0000] {logging_mixin.py:188} INFO - [2025-10-22T12:23:02.845+0000] {dag.py:3089} INFO - Sync 1 DAGs
[2025-10-22T12:23:02.866+0000] {logging_mixin.py:188} INFO - [2025-10-22T12:23:02.865+0000] {dag.py:3947} INFO - Setting next_dagrun for dbt_snowflake_pipeline to 2025-10-22 00:00:00+00:00, run_after=2025-10-23 00:00:00+00:00
[2025-10-22T12:23:02.887+0000] {processor.py:183} INFO - Processing /home/khaled/airflow/dags/dbt_snowflake_dag.py took 0.079 seconds
[2025-10-22T12:23:59.611+0000] {processor.py:161} INFO - Started process (PID=11221) to work on /home/khaled/airflow/dags/dbt_snowflake_dag.py
[2025-10-22T12:23:59.622+0000] {processor.py:830} INFO - Processing file /home/khaled/airflow/dags/dbt_snowflake_dag.py for tasks to queue
[2025-10-22T12:23:59.624+0000] {logging_mixin.py:188} INFO - [2025-10-22T12:23:59.624+0000] {dagbag.py:545} INFO - Filling up the DagBag from /home/khaled/airflow/dags/dbt_snowflake_dag.py
[2025-10-22T12:23:59.634+0000] {processor.py:840} INFO - DAG(s) 'dbt_snowflake_pipeline' retrieved from /home/khaled/airflow/dags/dbt_snowflake_dag.py
[2025-10-22T12:23:59.649+0000] {logging_mixin.py:188} INFO - [2025-10-22T12:23:59.648+0000] {dag.py:3089} INFO - Sync 1 DAGs
[2025-10-22T12:23:59.674+0000] {logging_mixin.py:188} INFO - [2025-10-22T12:23:59.674+0000] {dag.py:3947} INFO - Setting next_dagrun for dbt_snowflake_pipeline to 2025-10-22 00:00:00+00:00, run_after=2025-10-23 00:00:00+00:00
[2025-10-22T12:23:59.713+0000] {processor.py:183} INFO - Processing /home/khaled/airflow/dags/dbt_snowflake_dag.py took 0.107 seconds
[2025-10-22T12:25:17.813+0000] {processor.py:161} INFO - Started process (PID=11401) to work on /home/khaled/airflow/dags/dbt_snowflake_dag.py
[2025-10-22T12:25:17.816+0000] {processor.py:830} INFO - Processing file /home/khaled/airflow/dags/dbt_snowflake_dag.py for tasks to queue
[2025-10-22T12:25:17.818+0000] {logging_mixin.py:188} INFO - [2025-10-22T12:25:17.817+0000] {dagbag.py:545} INFO - Filling up the DagBag from /home/khaled/airflow/dags/dbt_snowflake_dag.py
[2025-10-22T12:25:17.825+0000] {processor.py:840} INFO - DAG(s) 'dbt_snowflake_pipeline' retrieved from /home/khaled/airflow/dags/dbt_snowflake_dag.py
[2025-10-22T12:25:17.837+0000] {logging_mixin.py:188} INFO - [2025-10-22T12:25:17.837+0000] {dag.py:3089} INFO - Sync 1 DAGs
[2025-10-22T12:25:17.853+0000] {logging_mixin.py:188} INFO - [2025-10-22T12:25:17.853+0000] {dag.py:3947} INFO - Setting next_dagrun for dbt_snowflake_pipeline to 2025-10-22 00:00:00+00:00, run_after=2025-10-23 00:00:00+00:00
[2025-10-22T12:25:17.871+0000] {processor.py:183} INFO - Processing /home/khaled/airflow/dags/dbt_snowflake_dag.py took 0.062 seconds
[2025-10-22T12:26:15.649+0000] {processor.py:161} INFO - Started process (PID=11531) to work on /home/khaled/airflow/dags/dbt_snowflake_dag.py
[2025-10-22T12:26:15.662+0000] {processor.py:830} INFO - Processing file /home/khaled/airflow/dags/dbt_snowflake_dag.py for tasks to queue
[2025-10-22T12:26:15.667+0000] {logging_mixin.py:188} INFO - [2025-10-22T12:26:15.664+0000] {dagbag.py:545} INFO - Filling up the DagBag from /home/khaled/airflow/dags/dbt_snowflake_dag.py
[2025-10-22T12:26:15.691+0000] {processor.py:840} INFO - DAG(s) 'dbt_snowflake_pipeline' retrieved from /home/khaled/airflow/dags/dbt_snowflake_dag.py
[2025-10-22T12:26:15.751+0000] {logging_mixin.py:188} INFO - [2025-10-22T12:26:15.751+0000] {dag.py:3089} INFO - Sync 1 DAGs
[2025-10-22T12:26:15.892+0000] {logging_mixin.py:188} INFO - [2025-10-22T12:26:15.892+0000] {dag.py:3947} INFO - Setting next_dagrun for dbt_snowflake_pipeline to 2025-10-22 00:00:00+00:00, run_after=2025-10-23 00:00:00+00:00
[2025-10-22T12:26:16.078+0000] {processor.py:183} INFO - Processing /home/khaled/airflow/dags/dbt_snowflake_dag.py took 0.456 seconds
[2025-10-22T12:27:58.922+0000] {processor.py:161} INFO - Started process (PID=12091) to work on /home/khaled/airflow/dags/dbt_snowflake_dag.py
[2025-10-22T12:27:58.927+0000] {processor.py:830} INFO - Processing file /home/khaled/airflow/dags/dbt_snowflake_dag.py for tasks to queue
[2025-10-22T12:27:58.931+0000] {logging_mixin.py:188} INFO - [2025-10-22T12:27:58.931+0000] {dagbag.py:545} INFO - Filling up the DagBag from /home/khaled/airflow/dags/dbt_snowflake_dag.py
[2025-10-22T12:27:58.947+0000] {processor.py:840} INFO - DAG(s) 'dbt_snowflake_pipeline' retrieved from /home/khaled/airflow/dags/dbt_snowflake_dag.py
[2025-10-22T12:27:58.975+0000] {logging_mixin.py:188} INFO - [2025-10-22T12:27:58.975+0000] {dag.py:3089} INFO - Sync 1 DAGs
[2025-10-22T12:27:59.019+0000] {logging_mixin.py:188} INFO - [2025-10-22T12:27:59.016+0000] {dag.py:3947} INFO - Setting next_dagrun for dbt_snowflake_pipeline to 2025-10-22 00:00:00+00:00, run_after=2025-10-23 00:00:00+00:00
[2025-10-22T12:27:59.069+0000] {processor.py:183} INFO - Processing /home/khaled/airflow/dags/dbt_snowflake_dag.py took 0.173 seconds
[2025-10-22T12:29:24.508+0000] {processor.py:161} INFO - Started process (PID=12449) to work on /home/khaled/airflow/dags/dbt_snowflake_dag.py
[2025-10-22T12:29:24.521+0000] {processor.py:830} INFO - Processing file /home/khaled/airflow/dags/dbt_snowflake_dag.py for tasks to queue
[2025-10-22T12:29:24.524+0000] {logging_mixin.py:188} INFO - [2025-10-22T12:29:24.523+0000] {dagbag.py:545} INFO - Filling up the DagBag from /home/khaled/airflow/dags/dbt_snowflake_dag.py
[2025-10-22T12:29:24.530+0000] {processor.py:840} INFO - DAG(s) 'dbt_snowflake_pipeline' retrieved from /home/khaled/airflow/dags/dbt_snowflake_dag.py
[2025-10-22T12:29:24.541+0000] {logging_mixin.py:188} INFO - [2025-10-22T12:29:24.541+0000] {dag.py:3089} INFO - Sync 1 DAGs
[2025-10-22T12:29:24.556+0000] {logging_mixin.py:188} INFO - [2025-10-22T12:29:24.556+0000] {dag.py:3947} INFO - Setting next_dagrun for dbt_snowflake_pipeline to 2025-10-22 00:00:00+00:00, run_after=2025-10-23 00:00:00+00:00
[2025-10-22T12:29:24.574+0000] {processor.py:183} INFO - Processing /home/khaled/airflow/dags/dbt_snowflake_dag.py took 0.071 seconds
[2025-10-22T12:30:41.791+0000] {processor.py:161} INFO - Started process (PID=12552) to work on /home/khaled/airflow/dags/dbt_snowflake_dag.py
[2025-10-22T12:30:41.801+0000] {processor.py:830} INFO - Processing file /home/khaled/airflow/dags/dbt_snowflake_dag.py for tasks to queue
[2025-10-22T12:30:41.802+0000] {logging_mixin.py:188} INFO - [2025-10-22T12:30:41.802+0000] {dagbag.py:545} INFO - Filling up the DagBag from /home/khaled/airflow/dags/dbt_snowflake_dag.py
[2025-10-22T12:30:41.809+0000] {processor.py:840} INFO - DAG(s) 'dbt_snowflake_pipeline' retrieved from /home/khaled/airflow/dags/dbt_snowflake_dag.py
[2025-10-22T12:30:41.821+0000] {logging_mixin.py:188} INFO - [2025-10-22T12:30:41.821+0000] {dag.py:3089} INFO - Sync 1 DAGs
[2025-10-22T12:30:41.837+0000] {logging_mixin.py:188} INFO - [2025-10-22T12:30:41.837+0000] {dag.py:3947} INFO - Setting next_dagrun for dbt_snowflake_pipeline to 2025-10-22 00:00:00+00:00, run_after=2025-10-23 00:00:00+00:00
[2025-10-22T12:30:41.856+0000] {processor.py:183} INFO - Processing /home/khaled/airflow/dags/dbt_snowflake_dag.py took 0.070 seconds
[2025-10-22T12:32:19.221+0000] {processor.py:161} INFO - Started process (PID=12793) to work on /home/khaled/airflow/dags/dbt_snowflake_dag.py
[2025-10-22T12:32:19.222+0000] {processor.py:830} INFO - Processing file /home/khaled/airflow/dags/dbt_snowflake_dag.py for tasks to queue
[2025-10-22T12:32:19.225+0000] {logging_mixin.py:188} INFO - [2025-10-22T12:32:19.224+0000] {dagbag.py:545} INFO - Filling up the DagBag from /home/khaled/airflow/dags/dbt_snowflake_dag.py
[2025-10-22T12:32:19.235+0000] {processor.py:840} INFO - DAG(s) 'dbt_snowflake_pipeline' retrieved from /home/khaled/airflow/dags/dbt_snowflake_dag.py
[2025-10-22T12:32:19.252+0000] {logging_mixin.py:188} INFO - [2025-10-22T12:32:19.252+0000] {dag.py:3089} INFO - Sync 1 DAGs
[2025-10-22T12:32:19.289+0000] {logging_mixin.py:188} INFO - [2025-10-22T12:32:19.287+0000] {dag.py:3947} INFO - Setting next_dagrun for dbt_snowflake_pipeline to 2025-10-22 00:00:00+00:00, run_after=2025-10-23 00:00:00+00:00
[2025-10-22T12:32:19.336+0000] {processor.py:183} INFO - Processing /home/khaled/airflow/dags/dbt_snowflake_dag.py took 0.122 seconds
[2025-10-22T12:37:27.521+0000] {processor.py:161} INFO - Started process (PID=13185) to work on /home/khaled/airflow/dags/dbt_snowflake_dag.py
[2025-10-22T12:37:27.523+0000] {processor.py:830} INFO - Processing file /home/khaled/airflow/dags/dbt_snowflake_dag.py for tasks to queue
[2025-10-22T12:37:27.525+0000] {logging_mixin.py:188} INFO - [2025-10-22T12:37:27.525+0000] {dagbag.py:545} INFO - Filling up the DagBag from /home/khaled/airflow/dags/dbt_snowflake_dag.py
[2025-10-22T12:37:27.532+0000] {processor.py:840} INFO - DAG(s) 'dbt_snowflake_pipeline' retrieved from /home/khaled/airflow/dags/dbt_snowflake_dag.py
[2025-10-22T12:37:27.545+0000] {logging_mixin.py:188} INFO - [2025-10-22T12:37:27.545+0000] {dag.py:3089} INFO - Sync 1 DAGs
[2025-10-22T12:37:27.562+0000] {logging_mixin.py:188} INFO - [2025-10-22T12:37:27.562+0000] {dag.py:3947} INFO - Setting next_dagrun for dbt_snowflake_pipeline to 2025-10-22 00:00:00+00:00, run_after=2025-10-23 00:00:00+00:00
[2025-10-22T12:37:27.698+0000] {processor.py:183} INFO - Processing /home/khaled/airflow/dags/dbt_snowflake_dag.py took 0.182 seconds
[2025-10-22T12:38:49.394+0000] {processor.py:161} INFO - Started process (PID=13258) to work on /home/khaled/airflow/dags/dbt_snowflake_dag.py
[2025-10-22T12:38:49.398+0000] {processor.py:830} INFO - Processing file /home/khaled/airflow/dags/dbt_snowflake_dag.py for tasks to queue
[2025-10-22T12:38:49.401+0000] {logging_mixin.py:188} INFO - [2025-10-22T12:38:49.400+0000] {dagbag.py:545} INFO - Filling up the DagBag from /home/khaled/airflow/dags/dbt_snowflake_dag.py
[2025-10-22T12:38:49.410+0000] {processor.py:840} INFO - DAG(s) 'dbt_snowflake_pipeline' retrieved from /home/khaled/airflow/dags/dbt_snowflake_dag.py
[2025-10-22T12:38:49.425+0000] {logging_mixin.py:188} INFO - [2025-10-22T12:38:49.425+0000] {dag.py:3089} INFO - Sync 1 DAGs
[2025-10-22T12:38:49.442+0000] {logging_mixin.py:188} INFO - [2025-10-22T12:38:49.442+0000] {dag.py:3947} INFO - Setting next_dagrun for dbt_snowflake_pipeline to 2025-10-22 00:00:00+00:00, run_after=2025-10-23 00:00:00+00:00
[2025-10-22T12:38:49.476+0000] {processor.py:183} INFO - Processing /home/khaled/airflow/dags/dbt_snowflake_dag.py took 0.089 seconds
[2025-10-22T12:40:06.167+0000] {processor.py:161} INFO - Started process (PID=13324) to work on /home/khaled/airflow/dags/dbt_snowflake_dag.py
[2025-10-22T12:40:06.170+0000] {processor.py:830} INFO - Processing file /home/khaled/airflow/dags/dbt_snowflake_dag.py for tasks to queue
[2025-10-22T12:40:06.173+0000] {logging_mixin.py:188} INFO - [2025-10-22T12:40:06.173+0000] {dagbag.py:545} INFO - Filling up the DagBag from /home/khaled/airflow/dags/dbt_snowflake_dag.py
[2025-10-22T12:40:06.180+0000] {processor.py:840} INFO - DAG(s) 'dbt_snowflake_pipeline' retrieved from /home/khaled/airflow/dags/dbt_snowflake_dag.py
[2025-10-22T12:40:06.194+0000] {logging_mixin.py:188} INFO - [2025-10-22T12:40:06.194+0000] {dag.py:3089} INFO - Sync 1 DAGs
[2025-10-22T12:40:06.214+0000] {logging_mixin.py:188} INFO - [2025-10-22T12:40:06.213+0000] {dag.py:3947} INFO - Setting next_dagrun for dbt_snowflake_pipeline to 2025-10-22 00:00:00+00:00, run_after=2025-10-23 00:00:00+00:00
[2025-10-22T12:40:06.249+0000] {processor.py:183} INFO - Processing /home/khaled/airflow/dags/dbt_snowflake_dag.py took 0.089 seconds
