[2025-10-21T14:28:59.776+0000] {processor.py:161} INFO - Started process (PID=7528) to work on /home/khaled/dbt-env/lib/python3.12/site-packages/airflow/example_dags/example_time_delta_sensor_async.py
[2025-10-21T14:28:59.777+0000] {processor.py:830} INFO - Processing file /home/khaled/dbt-env/lib/python3.12/site-packages/airflow/example_dags/example_time_delta_sensor_async.py for tasks to queue
[2025-10-21T14:28:59.783+0000] {logging_mixin.py:188} INFO - [2025-10-21T14:28:59.781+0000] {dagbag.py:545} INFO - Filling up the DagBag from /home/khaled/dbt-env/lib/python3.12/site-packages/airflow/example_dags/example_time_delta_sensor_async.py
[2025-10-21T14:28:59.812+0000] {processor.py:840} INFO - DAG(s) 'example_time_delta_sensor_async' retrieved from /home/khaled/dbt-env/lib/python3.12/site-packages/airflow/example_dags/example_time_delta_sensor_async.py
[2025-10-21T14:28:59.951+0000] {logging_mixin.py:188} INFO - [2025-10-21T14:28:59.950+0000] {override.py:1858} INFO - Created Permission View: can read on DAG:example_time_delta_sensor_async
[2025-10-21T14:28:59.963+0000] {logging_mixin.py:188} INFO - [2025-10-21T14:28:59.963+0000] {override.py:1858} INFO - Created Permission View: can edit on DAG:example_time_delta_sensor_async
[2025-10-21T14:28:59.972+0000] {logging_mixin.py:188} INFO - [2025-10-21T14:28:59.971+0000] {override.py:1858} INFO - Created Permission View: can delete on DAG:example_time_delta_sensor_async
[2025-10-21T14:28:59.972+0000] {logging_mixin.py:188} INFO - [2025-10-21T14:28:59.972+0000] {dag.py:3089} INFO - Sync 1 DAGs
[2025-10-21T14:28:59.978+0000] {logging_mixin.py:188} INFO - [2025-10-21T14:28:59.978+0000] {dag.py:3111} INFO - Creating ORM DAG for example_time_delta_sensor_async
[2025-10-21T14:28:59.979+0000] {logging_mixin.py:188} INFO - [2025-10-21T14:28:59.979+0000] {dag.py:3947} INFO - Setting next_dagrun for example_time_delta_sensor_async to None, run_after=None
[2025-10-21T14:28:59.998+0000] {processor.py:183} INFO - Processing /home/khaled/dbt-env/lib/python3.12/site-packages/airflow/example_dags/example_time_delta_sensor_async.py took 0.253 seconds
[2025-10-21T14:30:06.600+0000] {processor.py:161} INFO - Started process (PID=7717) to work on /home/khaled/dbt-env/lib/python3.12/site-packages/airflow/example_dags/example_time_delta_sensor_async.py
[2025-10-21T14:30:06.625+0000] {processor.py:830} INFO - Processing file /home/khaled/dbt-env/lib/python3.12/site-packages/airflow/example_dags/example_time_delta_sensor_async.py for tasks to queue
[2025-10-21T14:30:06.639+0000] {logging_mixin.py:188} INFO - [2025-10-21T14:30:06.632+0000] {dagbag.py:545} INFO - Filling up the DagBag from /home/khaled/dbt-env/lib/python3.12/site-packages/airflow/example_dags/example_time_delta_sensor_async.py
[2025-10-21T14:30:06.784+0000] {processor.py:840} INFO - DAG(s) 'example_time_delta_sensor_async' retrieved from /home/khaled/dbt-env/lib/python3.12/site-packages/airflow/example_dags/example_time_delta_sensor_async.py
[2025-10-21T14:30:07.387+0000] {logging_mixin.py:188} INFO - [2025-10-21T14:30:07.383+0000] {dag.py:3089} INFO - Sync 1 DAGs
[2025-10-21T14:30:07.632+0000] {logging_mixin.py:188} INFO - [2025-10-21T14:30:07.618+0000] {dag.py:3947} INFO - Setting next_dagrun for example_time_delta_sensor_async to None, run_after=None
[2025-10-21T14:30:08.780+0000] {processor.py:183} INFO - Processing /home/khaled/dbt-env/lib/python3.12/site-packages/airflow/example_dags/example_time_delta_sensor_async.py took 2.368 seconds
[2025-10-21T14:31:29.288+0000] {processor.py:161} INFO - Started process (PID=7775) to work on /home/khaled/dbt-env/lib/python3.12/site-packages/airflow/example_dags/example_time_delta_sensor_async.py
[2025-10-21T14:31:29.300+0000] {processor.py:830} INFO - Processing file /home/khaled/dbt-env/lib/python3.12/site-packages/airflow/example_dags/example_time_delta_sensor_async.py for tasks to queue
[2025-10-21T14:31:29.302+0000] {logging_mixin.py:188} INFO - [2025-10-21T14:31:29.301+0000] {dagbag.py:545} INFO - Filling up the DagBag from /home/khaled/dbt-env/lib/python3.12/site-packages/airflow/example_dags/example_time_delta_sensor_async.py
[2025-10-21T14:31:29.306+0000] {processor.py:840} INFO - DAG(s) 'example_time_delta_sensor_async' retrieved from /home/khaled/dbt-env/lib/python3.12/site-packages/airflow/example_dags/example_time_delta_sensor_async.py
[2025-10-21T14:31:29.325+0000] {logging_mixin.py:188} INFO - [2025-10-21T14:31:29.325+0000] {dag.py:3089} INFO - Sync 1 DAGs
[2025-10-21T14:31:29.335+0000] {logging_mixin.py:188} INFO - [2025-10-21T14:31:29.335+0000] {dag.py:3947} INFO - Setting next_dagrun for example_time_delta_sensor_async to None, run_after=None
[2025-10-21T14:31:29.363+0000] {processor.py:183} INFO - Processing /home/khaled/dbt-env/lib/python3.12/site-packages/airflow/example_dags/example_time_delta_sensor_async.py took 0.081 seconds
[2025-10-21T14:48:32.699+0000] {processor.py:161} INFO - Started process (PID=12160) to work on /home/khaled/dbt-env/lib/python3.12/site-packages/airflow/example_dags/example_time_delta_sensor_async.py
[2025-10-21T14:48:32.712+0000] {processor.py:830} INFO - Processing file /home/khaled/dbt-env/lib/python3.12/site-packages/airflow/example_dags/example_time_delta_sensor_async.py for tasks to queue
[2025-10-21T14:48:32.713+0000] {logging_mixin.py:188} INFO - [2025-10-21T14:48:32.713+0000] {dagbag.py:545} INFO - Filling up the DagBag from /home/khaled/dbt-env/lib/python3.12/site-packages/airflow/example_dags/example_time_delta_sensor_async.py
[2025-10-21T14:48:32.719+0000] {processor.py:840} INFO - DAG(s) 'example_time_delta_sensor_async' retrieved from /home/khaled/dbt-env/lib/python3.12/site-packages/airflow/example_dags/example_time_delta_sensor_async.py
[2025-10-21T14:48:32.731+0000] {logging_mixin.py:188} INFO - [2025-10-21T14:48:32.731+0000] {dag.py:3089} INFO - Sync 1 DAGs
[2025-10-21T14:48:32.742+0000] {logging_mixin.py:188} INFO - [2025-10-21T14:48:32.742+0000] {dag.py:3947} INFO - Setting next_dagrun for example_time_delta_sensor_async to None, run_after=None
[2025-10-21T14:48:32.763+0000] {processor.py:183} INFO - Processing /home/khaled/dbt-env/lib/python3.12/site-packages/airflow/example_dags/example_time_delta_sensor_async.py took 0.067 seconds
[2025-10-21T14:49:28.486+0000] {processor.py:161} INFO - Started process (PID=12557) to work on /home/khaled/dbt-env/lib/python3.12/site-packages/airflow/example_dags/example_time_delta_sensor_async.py
[2025-10-21T14:49:28.487+0000] {processor.py:830} INFO - Processing file /home/khaled/dbt-env/lib/python3.12/site-packages/airflow/example_dags/example_time_delta_sensor_async.py for tasks to queue
[2025-10-21T14:49:28.489+0000] {logging_mixin.py:188} INFO - [2025-10-21T14:49:28.489+0000] {dagbag.py:545} INFO - Filling up the DagBag from /home/khaled/dbt-env/lib/python3.12/site-packages/airflow/example_dags/example_time_delta_sensor_async.py
[2025-10-21T14:49:28.492+0000] {processor.py:840} INFO - DAG(s) 'example_time_delta_sensor_async' retrieved from /home/khaled/dbt-env/lib/python3.12/site-packages/airflow/example_dags/example_time_delta_sensor_async.py
[2025-10-21T14:49:28.504+0000] {logging_mixin.py:188} INFO - [2025-10-21T14:49:28.504+0000] {dag.py:3089} INFO - Sync 1 DAGs
[2025-10-21T14:49:28.512+0000] {logging_mixin.py:188} INFO - [2025-10-21T14:49:28.512+0000] {dag.py:3947} INFO - Setting next_dagrun for example_time_delta_sensor_async to None, run_after=None
[2025-10-21T14:49:28.542+0000] {processor.py:183} INFO - Processing /home/khaled/dbt-env/lib/python3.12/site-packages/airflow/example_dags/example_time_delta_sensor_async.py took 0.061 seconds
[2025-10-21T14:50:21.283+0000] {processor.py:161} INFO - Started process (PID=12792) to work on /home/khaled/dbt-env/lib/python3.12/site-packages/airflow/example_dags/example_time_delta_sensor_async.py
[2025-10-21T14:50:21.286+0000] {processor.py:830} INFO - Processing file /home/khaled/dbt-env/lib/python3.12/site-packages/airflow/example_dags/example_time_delta_sensor_async.py for tasks to queue
[2025-10-21T14:50:21.288+0000] {logging_mixin.py:188} INFO - [2025-10-21T14:50:21.287+0000] {dagbag.py:545} INFO - Filling up the DagBag from /home/khaled/dbt-env/lib/python3.12/site-packages/airflow/example_dags/example_time_delta_sensor_async.py
[2025-10-21T14:50:21.295+0000] {processor.py:840} INFO - DAG(s) 'example_time_delta_sensor_async' retrieved from /home/khaled/dbt-env/lib/python3.12/site-packages/airflow/example_dags/example_time_delta_sensor_async.py
[2025-10-21T14:50:21.324+0000] {logging_mixin.py:188} INFO - [2025-10-21T14:50:21.324+0000] {dag.py:3089} INFO - Sync 1 DAGs
[2025-10-21T14:50:21.337+0000] {logging_mixin.py:188} INFO - [2025-10-21T14:50:21.337+0000] {dag.py:3947} INFO - Setting next_dagrun for example_time_delta_sensor_async to None, run_after=None
[2025-10-21T14:50:21.381+0000] {processor.py:183} INFO - Processing /home/khaled/dbt-env/lib/python3.12/site-packages/airflow/example_dags/example_time_delta_sensor_async.py took 0.110 seconds
[2025-10-21T14:51:14.637+0000] {processor.py:161} INFO - Started process (PID=13175) to work on /home/khaled/dbt-env/lib/python3.12/site-packages/airflow/example_dags/example_time_delta_sensor_async.py
[2025-10-21T14:51:14.648+0000] {processor.py:830} INFO - Processing file /home/khaled/dbt-env/lib/python3.12/site-packages/airflow/example_dags/example_time_delta_sensor_async.py for tasks to queue
[2025-10-21T14:51:14.650+0000] {logging_mixin.py:188} INFO - [2025-10-21T14:51:14.650+0000] {dagbag.py:545} INFO - Filling up the DagBag from /home/khaled/dbt-env/lib/python3.12/site-packages/airflow/example_dags/example_time_delta_sensor_async.py
[2025-10-21T14:51:14.655+0000] {processor.py:840} INFO - DAG(s) 'example_time_delta_sensor_async' retrieved from /home/khaled/dbt-env/lib/python3.12/site-packages/airflow/example_dags/example_time_delta_sensor_async.py
[2025-10-21T14:51:14.673+0000] {logging_mixin.py:188} INFO - [2025-10-21T14:51:14.672+0000] {dag.py:3089} INFO - Sync 1 DAGs
[2025-10-21T14:51:14.685+0000] {logging_mixin.py:188} INFO - [2025-10-21T14:51:14.684+0000] {dag.py:3947} INFO - Setting next_dagrun for example_time_delta_sensor_async to None, run_after=None
[2025-10-21T14:51:14.739+0000] {processor.py:183} INFO - Processing /home/khaled/dbt-env/lib/python3.12/site-packages/airflow/example_dags/example_time_delta_sensor_async.py took 0.111 seconds
[2025-10-21T14:52:12.568+0000] {processor.py:161} INFO - Started process (PID=13369) to work on /home/khaled/dbt-env/lib/python3.12/site-packages/airflow/example_dags/example_time_delta_sensor_async.py
[2025-10-21T14:52:12.585+0000] {processor.py:830} INFO - Processing file /home/khaled/dbt-env/lib/python3.12/site-packages/airflow/example_dags/example_time_delta_sensor_async.py for tasks to queue
[2025-10-21T14:52:12.613+0000] {logging_mixin.py:188} INFO - [2025-10-21T14:52:12.597+0000] {dagbag.py:545} INFO - Filling up the DagBag from /home/khaled/dbt-env/lib/python3.12/site-packages/airflow/example_dags/example_time_delta_sensor_async.py
[2025-10-21T14:52:12.690+0000] {processor.py:840} INFO - DAG(s) 'example_time_delta_sensor_async' retrieved from /home/khaled/dbt-env/lib/python3.12/site-packages/airflow/example_dags/example_time_delta_sensor_async.py
[2025-10-21T14:52:12.838+0000] {logging_mixin.py:188} INFO - [2025-10-21T14:52:12.837+0000] {dag.py:3089} INFO - Sync 1 DAGs
[2025-10-21T14:52:12.876+0000] {logging_mixin.py:188} INFO - [2025-10-21T14:52:12.876+0000] {dag.py:3947} INFO - Setting next_dagrun for example_time_delta_sensor_async to None, run_after=None
[2025-10-21T14:52:13.044+0000] {processor.py:183} INFO - Processing /home/khaled/dbt-env/lib/python3.12/site-packages/airflow/example_dags/example_time_delta_sensor_async.py took 0.542 seconds
[2025-10-21T14:53:08.275+0000] {processor.py:161} INFO - Started process (PID=13758) to work on /home/khaled/dbt-env/lib/python3.12/site-packages/airflow/example_dags/example_time_delta_sensor_async.py
[2025-10-21T14:53:08.276+0000] {processor.py:830} INFO - Processing file /home/khaled/dbt-env/lib/python3.12/site-packages/airflow/example_dags/example_time_delta_sensor_async.py for tasks to queue
[2025-10-21T14:53:08.278+0000] {logging_mixin.py:188} INFO - [2025-10-21T14:53:08.277+0000] {dagbag.py:545} INFO - Filling up the DagBag from /home/khaled/dbt-env/lib/python3.12/site-packages/airflow/example_dags/example_time_delta_sensor_async.py
[2025-10-21T14:53:08.283+0000] {processor.py:840} INFO - DAG(s) 'example_time_delta_sensor_async' retrieved from /home/khaled/dbt-env/lib/python3.12/site-packages/airflow/example_dags/example_time_delta_sensor_async.py
[2025-10-21T14:53:08.294+0000] {logging_mixin.py:188} INFO - [2025-10-21T14:53:08.294+0000] {dag.py:3089} INFO - Sync 1 DAGs
[2025-10-21T14:53:08.301+0000] {logging_mixin.py:188} INFO - [2025-10-21T14:53:08.301+0000] {dag.py:3947} INFO - Setting next_dagrun for example_time_delta_sensor_async to None, run_after=None
[2025-10-21T14:53:08.321+0000] {processor.py:183} INFO - Processing /home/khaled/dbt-env/lib/python3.12/site-packages/airflow/example_dags/example_time_delta_sensor_async.py took 0.051 seconds
[2025-10-21T14:54:06.768+0000] {processor.py:161} INFO - Started process (PID=14120) to work on /home/khaled/dbt-env/lib/python3.12/site-packages/airflow/example_dags/example_time_delta_sensor_async.py
[2025-10-21T14:54:06.780+0000] {processor.py:830} INFO - Processing file /home/khaled/dbt-env/lib/python3.12/site-packages/airflow/example_dags/example_time_delta_sensor_async.py for tasks to queue
[2025-10-21T14:54:06.782+0000] {logging_mixin.py:188} INFO - [2025-10-21T14:54:06.781+0000] {dagbag.py:545} INFO - Filling up the DagBag from /home/khaled/dbt-env/lib/python3.12/site-packages/airflow/example_dags/example_time_delta_sensor_async.py
[2025-10-21T14:54:06.789+0000] {processor.py:840} INFO - DAG(s) 'example_time_delta_sensor_async' retrieved from /home/khaled/dbt-env/lib/python3.12/site-packages/airflow/example_dags/example_time_delta_sensor_async.py
[2025-10-21T14:54:06.803+0000] {logging_mixin.py:188} INFO - [2025-10-21T14:54:06.803+0000] {dag.py:3089} INFO - Sync 1 DAGs
[2025-10-21T14:54:06.812+0000] {logging_mixin.py:188} INFO - [2025-10-21T14:54:06.811+0000] {dag.py:3947} INFO - Setting next_dagrun for example_time_delta_sensor_async to None, run_after=None
[2025-10-21T14:54:06.832+0000] {processor.py:183} INFO - Processing /home/khaled/dbt-env/lib/python3.12/site-packages/airflow/example_dags/example_time_delta_sensor_async.py took 0.070 seconds
[2025-10-21T14:55:03.164+0000] {processor.py:161} INFO - Started process (PID=14355) to work on /home/khaled/dbt-env/lib/python3.12/site-packages/airflow/example_dags/example_time_delta_sensor_async.py
[2025-10-21T14:55:03.165+0000] {processor.py:830} INFO - Processing file /home/khaled/dbt-env/lib/python3.12/site-packages/airflow/example_dags/example_time_delta_sensor_async.py for tasks to queue
[2025-10-21T14:55:03.166+0000] {logging_mixin.py:188} INFO - [2025-10-21T14:55:03.166+0000] {dagbag.py:545} INFO - Filling up the DagBag from /home/khaled/dbt-env/lib/python3.12/site-packages/airflow/example_dags/example_time_delta_sensor_async.py
[2025-10-21T14:55:03.170+0000] {processor.py:840} INFO - DAG(s) 'example_time_delta_sensor_async' retrieved from /home/khaled/dbt-env/lib/python3.12/site-packages/airflow/example_dags/example_time_delta_sensor_async.py
[2025-10-21T14:55:03.184+0000] {logging_mixin.py:188} INFO - [2025-10-21T14:55:03.183+0000] {dag.py:3089} INFO - Sync 1 DAGs
[2025-10-21T14:55:03.195+0000] {logging_mixin.py:188} INFO - [2025-10-21T14:55:03.194+0000] {dag.py:3947} INFO - Setting next_dagrun for example_time_delta_sensor_async to None, run_after=None
[2025-10-21T14:55:03.227+0000] {processor.py:183} INFO - Processing /home/khaled/dbt-env/lib/python3.12/site-packages/airflow/example_dags/example_time_delta_sensor_async.py took 0.067 seconds
[2025-10-21T14:56:11.308+0000] {processor.py:161} INFO - Started process (PID=14581) to work on /home/khaled/dbt-env/lib/python3.12/site-packages/airflow/example_dags/example_time_delta_sensor_async.py
[2025-10-21T14:56:11.309+0000] {processor.py:830} INFO - Processing file /home/khaled/dbt-env/lib/python3.12/site-packages/airflow/example_dags/example_time_delta_sensor_async.py for tasks to queue
[2025-10-21T14:56:11.311+0000] {logging_mixin.py:188} INFO - [2025-10-21T14:56:11.310+0000] {dagbag.py:545} INFO - Filling up the DagBag from /home/khaled/dbt-env/lib/python3.12/site-packages/airflow/example_dags/example_time_delta_sensor_async.py
[2025-10-21T14:56:11.317+0000] {processor.py:840} INFO - DAG(s) 'example_time_delta_sensor_async' retrieved from /home/khaled/dbt-env/lib/python3.12/site-packages/airflow/example_dags/example_time_delta_sensor_async.py
[2025-10-21T14:56:11.330+0000] {logging_mixin.py:188} INFO - [2025-10-21T14:56:11.330+0000] {dag.py:3089} INFO - Sync 1 DAGs
[2025-10-21T14:56:11.339+0000] {logging_mixin.py:188} INFO - [2025-10-21T14:56:11.338+0000] {dag.py:3947} INFO - Setting next_dagrun for example_time_delta_sensor_async to None, run_after=None
[2025-10-21T14:56:11.377+0000] {processor.py:183} INFO - Processing /home/khaled/dbt-env/lib/python3.12/site-packages/airflow/example_dags/example_time_delta_sensor_async.py took 0.073 seconds
[2025-10-21T14:56:29.125+0000] {processor.py:161} INFO - Started process (PID=14664) to work on /home/khaled/dbt-env/lib/python3.12/site-packages/airflow/example_dags/example_time_delta_sensor_async.py
[2025-10-21T14:56:29.126+0000] {processor.py:830} INFO - Processing file /home/khaled/dbt-env/lib/python3.12/site-packages/airflow/example_dags/example_time_delta_sensor_async.py for tasks to queue
[2025-10-21T14:56:29.129+0000] {logging_mixin.py:188} INFO - [2025-10-21T14:56:29.128+0000] {dagbag.py:545} INFO - Filling up the DagBag from /home/khaled/dbt-env/lib/python3.12/site-packages/airflow/example_dags/example_time_delta_sensor_async.py
[2025-10-21T14:56:29.138+0000] {processor.py:840} INFO - DAG(s) 'example_time_delta_sensor_async' retrieved from /home/khaled/dbt-env/lib/python3.12/site-packages/airflow/example_dags/example_time_delta_sensor_async.py
[2025-10-21T14:56:29.163+0000] {logging_mixin.py:188} INFO - [2025-10-21T14:56:29.163+0000] {dag.py:3089} INFO - Sync 1 DAGs
[2025-10-21T14:56:29.174+0000] {logging_mixin.py:188} INFO - [2025-10-21T14:56:29.174+0000] {dag.py:3947} INFO - Setting next_dagrun for example_time_delta_sensor_async to None, run_after=None
[2025-10-21T14:56:29.231+0000] {processor.py:183} INFO - Processing /home/khaled/dbt-env/lib/python3.12/site-packages/airflow/example_dags/example_time_delta_sensor_async.py took 0.113 seconds
[2025-10-21T14:58:20.277+0000] {processor.py:161} INFO - Started process (PID=14761) to work on /home/khaled/dbt-env/lib/python3.12/site-packages/airflow/example_dags/example_time_delta_sensor_async.py
[2025-10-21T14:58:20.352+0000] {processor.py:830} INFO - Processing file /home/khaled/dbt-env/lib/python3.12/site-packages/airflow/example_dags/example_time_delta_sensor_async.py for tasks to queue
[2025-10-21T14:58:20.510+0000] {logging_mixin.py:188} INFO - [2025-10-21T14:58:20.507+0000] {dagbag.py:545} INFO - Filling up the DagBag from /home/khaled/dbt-env/lib/python3.12/site-packages/airflow/example_dags/example_time_delta_sensor_async.py
[2025-10-21T14:58:20.732+0000] {processor.py:840} INFO - DAG(s) 'example_time_delta_sensor_async' retrieved from /home/khaled/dbt-env/lib/python3.12/site-packages/airflow/example_dags/example_time_delta_sensor_async.py
[2025-10-21T14:58:22.887+0000] {logging_mixin.py:188} INFO - [2025-10-21T14:58:22.887+0000] {dag.py:3089} INFO - Sync 1 DAGs
[2025-10-21T14:58:23.918+0000] {logging_mixin.py:188} INFO - [2025-10-21T14:58:23.913+0000] {dag.py:3947} INFO - Setting next_dagrun for example_time_delta_sensor_async to None, run_after=None
[2025-10-21T14:58:26.032+0000] {processor.py:183} INFO - Processing /home/khaled/dbt-env/lib/python3.12/site-packages/airflow/example_dags/example_time_delta_sensor_async.py took 6.229 seconds
[2025-10-21T14:59:47.240+0000] {processor.py:161} INFO - Started process (PID=14815) to work on /home/khaled/dbt-env/lib/python3.12/site-packages/airflow/example_dags/example_time_delta_sensor_async.py
[2025-10-21T14:59:47.243+0000] {processor.py:830} INFO - Processing file /home/khaled/dbt-env/lib/python3.12/site-packages/airflow/example_dags/example_time_delta_sensor_async.py for tasks to queue
[2025-10-21T14:59:47.244+0000] {logging_mixin.py:188} INFO - [2025-10-21T14:59:47.244+0000] {dagbag.py:545} INFO - Filling up the DagBag from /home/khaled/dbt-env/lib/python3.12/site-packages/airflow/example_dags/example_time_delta_sensor_async.py
[2025-10-21T14:59:47.248+0000] {processor.py:840} INFO - DAG(s) 'example_time_delta_sensor_async' retrieved from /home/khaled/dbt-env/lib/python3.12/site-packages/airflow/example_dags/example_time_delta_sensor_async.py
[2025-10-21T14:59:47.261+0000] {logging_mixin.py:188} INFO - [2025-10-21T14:59:47.261+0000] {dag.py:3089} INFO - Sync 1 DAGs
[2025-10-21T14:59:47.269+0000] {logging_mixin.py:188} INFO - [2025-10-21T14:59:47.269+0000] {dag.py:3947} INFO - Setting next_dagrun for example_time_delta_sensor_async to None, run_after=None
[2025-10-21T14:59:47.291+0000] {processor.py:183} INFO - Processing /home/khaled/dbt-env/lib/python3.12/site-packages/airflow/example_dags/example_time_delta_sensor_async.py took 0.055 seconds
[2025-10-21T15:00:39.342+0000] {processor.py:161} INFO - Started process (PID=14885) to work on /home/khaled/dbt-env/lib/python3.12/site-packages/airflow/example_dags/example_time_delta_sensor_async.py
[2025-10-21T15:00:39.347+0000] {processor.py:830} INFO - Processing file /home/khaled/dbt-env/lib/python3.12/site-packages/airflow/example_dags/example_time_delta_sensor_async.py for tasks to queue
[2025-10-21T15:00:39.355+0000] {logging_mixin.py:188} INFO - [2025-10-21T15:00:39.354+0000] {dagbag.py:545} INFO - Filling up the DagBag from /home/khaled/dbt-env/lib/python3.12/site-packages/airflow/example_dags/example_time_delta_sensor_async.py
[2025-10-21T15:00:39.367+0000] {processor.py:840} INFO - DAG(s) 'example_time_delta_sensor_async' retrieved from /home/khaled/dbt-env/lib/python3.12/site-packages/airflow/example_dags/example_time_delta_sensor_async.py
[2025-10-21T15:00:39.414+0000] {logging_mixin.py:188} INFO - [2025-10-21T15:00:39.414+0000] {dag.py:3089} INFO - Sync 1 DAGs
[2025-10-21T15:00:39.459+0000] {logging_mixin.py:188} INFO - [2025-10-21T15:00:39.459+0000] {dag.py:3947} INFO - Setting next_dagrun for example_time_delta_sensor_async to None, run_after=None
[2025-10-21T15:00:39.531+0000] {processor.py:183} INFO - Processing /home/khaled/dbt-env/lib/python3.12/site-packages/airflow/example_dags/example_time_delta_sensor_async.py took 0.200 seconds
[2025-10-21T15:01:30.189+0000] {processor.py:161} INFO - Started process (PID=15200) to work on /home/khaled/dbt-env/lib/python3.12/site-packages/airflow/example_dags/example_time_delta_sensor_async.py
[2025-10-21T15:01:30.190+0000] {processor.py:830} INFO - Processing file /home/khaled/dbt-env/lib/python3.12/site-packages/airflow/example_dags/example_time_delta_sensor_async.py for tasks to queue
[2025-10-21T15:01:30.192+0000] {logging_mixin.py:188} INFO - [2025-10-21T15:01:30.191+0000] {dagbag.py:545} INFO - Filling up the DagBag from /home/khaled/dbt-env/lib/python3.12/site-packages/airflow/example_dags/example_time_delta_sensor_async.py
[2025-10-21T15:01:30.196+0000] {processor.py:840} INFO - DAG(s) 'example_time_delta_sensor_async' retrieved from /home/khaled/dbt-env/lib/python3.12/site-packages/airflow/example_dags/example_time_delta_sensor_async.py
[2025-10-21T15:01:30.210+0000] {logging_mixin.py:188} INFO - [2025-10-21T15:01:30.209+0000] {dag.py:3089} INFO - Sync 1 DAGs
[2025-10-21T15:01:30.218+0000] {logging_mixin.py:188} INFO - [2025-10-21T15:01:30.218+0000] {dag.py:3947} INFO - Setting next_dagrun for example_time_delta_sensor_async to None, run_after=None
[2025-10-21T15:01:30.252+0000] {processor.py:183} INFO - Processing /home/khaled/dbt-env/lib/python3.12/site-packages/airflow/example_dags/example_time_delta_sensor_async.py took 0.067 seconds
[2025-10-21T15:02:26.040+0000] {processor.py:161} INFO - Started process (PID=15340) to work on /home/khaled/dbt-env/lib/python3.12/site-packages/airflow/example_dags/example_time_delta_sensor_async.py
[2025-10-21T15:02:26.042+0000] {processor.py:830} INFO - Processing file /home/khaled/dbt-env/lib/python3.12/site-packages/airflow/example_dags/example_time_delta_sensor_async.py for tasks to queue
[2025-10-21T15:02:26.045+0000] {logging_mixin.py:188} INFO - [2025-10-21T15:02:26.045+0000] {dagbag.py:545} INFO - Filling up the DagBag from /home/khaled/dbt-env/lib/python3.12/site-packages/airflow/example_dags/example_time_delta_sensor_async.py
[2025-10-21T15:02:26.051+0000] {processor.py:840} INFO - DAG(s) 'example_time_delta_sensor_async' retrieved from /home/khaled/dbt-env/lib/python3.12/site-packages/airflow/example_dags/example_time_delta_sensor_async.py
[2025-10-21T15:02:26.078+0000] {logging_mixin.py:188} INFO - [2025-10-21T15:02:26.077+0000] {dag.py:3089} INFO - Sync 1 DAGs
[2025-10-21T15:02:26.089+0000] {logging_mixin.py:188} INFO - [2025-10-21T15:02:26.088+0000] {dag.py:3947} INFO - Setting next_dagrun for example_time_delta_sensor_async to None, run_after=None
[2025-10-21T15:02:26.113+0000] {processor.py:183} INFO - Processing /home/khaled/dbt-env/lib/python3.12/site-packages/airflow/example_dags/example_time_delta_sensor_async.py took 0.083 seconds
