[2025-10-21T14:29:15.438+0000] {processor.py:161} INFO - Started process (PID=7549) to work on /home/khaled/dbt-env/lib/python3.12/site-packages/airflow/example_dags/example_python_decorator.py
[2025-10-21T14:29:15.440+0000] {processor.py:830} INFO - Processing file /home/khaled/dbt-env/lib/python3.12/site-packages/airflow/example_dags/example_python_decorator.py for tasks to queue
[2025-10-21T14:29:15.450+0000] {logging_mixin.py:188} INFO - [2025-10-21T14:29:15.450+0000] {dagbag.py:545} INFO - Filling up the DagBag from /home/khaled/dbt-env/lib/python3.12/site-packages/airflow/example_dags/example_python_decorator.py
[2025-10-21T14:29:15.463+0000] {logging_mixin.py:188} INFO - [2025-10-21T14:29:15.463+0000] {example_python_decorator.py:80} WARNING - The virtalenv_python example task requires virtualenv, please install it.
[2025-10-21T14:29:15.464+0000] {processor.py:840} INFO - DAG(s) 'example_python_decorator' retrieved from /home/khaled/dbt-env/lib/python3.12/site-packages/airflow/example_dags/example_python_decorator.py
[2025-10-21T14:29:15.601+0000] {logging_mixin.py:188} INFO - [2025-10-21T14:29:15.600+0000] {override.py:1858} INFO - Created Permission View: can read on DAG:example_python_decorator
[2025-10-21T14:29:15.615+0000] {logging_mixin.py:188} INFO - [2025-10-21T14:29:15.614+0000] {override.py:1858} INFO - Created Permission View: can edit on DAG:example_python_decorator
[2025-10-21T14:29:15.628+0000] {logging_mixin.py:188} INFO - [2025-10-21T14:29:15.628+0000] {override.py:1858} INFO - Created Permission View: can delete on DAG:example_python_decorator
[2025-10-21T14:29:15.629+0000] {logging_mixin.py:188} INFO - [2025-10-21T14:29:15.628+0000] {dag.py:3089} INFO - Sync 1 DAGs
[2025-10-21T14:29:15.641+0000] {logging_mixin.py:188} INFO - [2025-10-21T14:29:15.641+0000] {dag.py:3111} INFO - Creating ORM DAG for example_python_decorator
[2025-10-21T14:29:15.642+0000] {logging_mixin.py:188} INFO - [2025-10-21T14:29:15.642+0000] {dag.py:3947} INFO - Setting next_dagrun for example_python_decorator to None, run_after=None
[2025-10-21T14:29:15.662+0000] {processor.py:183} INFO - Processing /home/khaled/dbt-env/lib/python3.12/site-packages/airflow/example_dags/example_python_decorator.py took 0.234 seconds
[2025-10-21T14:30:52.829+0000] {processor.py:161} INFO - Started process (PID=7748) to work on /home/khaled/dbt-env/lib/python3.12/site-packages/airflow/example_dags/example_python_decorator.py
[2025-10-21T14:30:52.833+0000] {processor.py:830} INFO - Processing file /home/khaled/dbt-env/lib/python3.12/site-packages/airflow/example_dags/example_python_decorator.py for tasks to queue
[2025-10-21T14:30:52.844+0000] {logging_mixin.py:188} INFO - [2025-10-21T14:30:52.843+0000] {dagbag.py:545} INFO - Filling up the DagBag from /home/khaled/dbt-env/lib/python3.12/site-packages/airflow/example_dags/example_python_decorator.py
[2025-10-21T14:30:52.884+0000] {logging_mixin.py:188} INFO - [2025-10-21T14:30:52.883+0000] {example_python_decorator.py:80} WARNING - The virtalenv_python example task requires virtualenv, please install it.
[2025-10-21T14:30:52.886+0000] {processor.py:840} INFO - DAG(s) 'example_python_decorator' retrieved from /home/khaled/dbt-env/lib/python3.12/site-packages/airflow/example_dags/example_python_decorator.py
[2025-10-21T14:30:53.058+0000] {logging_mixin.py:188} INFO - [2025-10-21T14:30:53.057+0000] {dag.py:3089} INFO - Sync 1 DAGs
[2025-10-21T14:30:53.337+0000] {logging_mixin.py:188} INFO - [2025-10-21T14:30:53.336+0000] {dag.py:3947} INFO - Setting next_dagrun for example_python_decorator to None, run_after=None
[2025-10-21T14:30:53.561+0000] {processor.py:183} INFO - Processing /home/khaled/dbt-env/lib/python3.12/site-packages/airflow/example_dags/example_python_decorator.py took 0.766 seconds
[2025-10-21T14:48:46.245+0000] {processor.py:161} INFO - Started process (PID=12330) to work on /home/khaled/dbt-env/lib/python3.12/site-packages/airflow/example_dags/example_python_decorator.py
[2025-10-21T14:48:46.247+0000] {processor.py:830} INFO - Processing file /home/khaled/dbt-env/lib/python3.12/site-packages/airflow/example_dags/example_python_decorator.py for tasks to queue
[2025-10-21T14:48:46.248+0000] {logging_mixin.py:188} INFO - [2025-10-21T14:48:46.248+0000] {dagbag.py:545} INFO - Filling up the DagBag from /home/khaled/dbt-env/lib/python3.12/site-packages/airflow/example_dags/example_python_decorator.py
[2025-10-21T14:48:46.255+0000] {logging_mixin.py:188} INFO - [2025-10-21T14:48:46.254+0000] {example_python_decorator.py:80} WARNING - The virtalenv_python example task requires virtualenv, please install it.
[2025-10-21T14:48:46.255+0000] {processor.py:840} INFO - DAG(s) 'example_python_decorator' retrieved from /home/khaled/dbt-env/lib/python3.12/site-packages/airflow/example_dags/example_python_decorator.py
[2025-10-21T14:48:46.269+0000] {logging_mixin.py:188} INFO - [2025-10-21T14:48:46.268+0000] {dag.py:3089} INFO - Sync 1 DAGs
[2025-10-21T14:48:46.278+0000] {logging_mixin.py:188} INFO - [2025-10-21T14:48:46.278+0000] {dag.py:3947} INFO - Setting next_dagrun for example_python_decorator to None, run_after=None
[2025-10-21T14:48:46.297+0000] {processor.py:183} INFO - Processing /home/khaled/dbt-env/lib/python3.12/site-packages/airflow/example_dags/example_python_decorator.py took 0.057 seconds
[2025-10-21T14:49:43.460+0000] {processor.py:161} INFO - Started process (PID=12623) to work on /home/khaled/dbt-env/lib/python3.12/site-packages/airflow/example_dags/example_python_decorator.py
[2025-10-21T14:49:43.464+0000] {processor.py:830} INFO - Processing file /home/khaled/dbt-env/lib/python3.12/site-packages/airflow/example_dags/example_python_decorator.py for tasks to queue
[2025-10-21T14:49:43.466+0000] {logging_mixin.py:188} INFO - [2025-10-21T14:49:43.465+0000] {dagbag.py:545} INFO - Filling up the DagBag from /home/khaled/dbt-env/lib/python3.12/site-packages/airflow/example_dags/example_python_decorator.py
[2025-10-21T14:49:43.479+0000] {logging_mixin.py:188} INFO - [2025-10-21T14:49:43.478+0000] {example_python_decorator.py:80} WARNING - The virtalenv_python example task requires virtualenv, please install it.
[2025-10-21T14:49:43.479+0000] {processor.py:840} INFO - DAG(s) 'example_python_decorator' retrieved from /home/khaled/dbt-env/lib/python3.12/site-packages/airflow/example_dags/example_python_decorator.py
[2025-10-21T14:49:43.494+0000] {logging_mixin.py:188} INFO - [2025-10-21T14:49:43.494+0000] {dag.py:3089} INFO - Sync 1 DAGs
[2025-10-21T14:49:43.503+0000] {logging_mixin.py:188} INFO - [2025-10-21T14:49:43.503+0000] {dag.py:3947} INFO - Setting next_dagrun for example_python_decorator to None, run_after=None
[2025-10-21T14:49:43.525+0000] {processor.py:183} INFO - Processing /home/khaled/dbt-env/lib/python3.12/site-packages/airflow/example_dags/example_python_decorator.py took 0.071 seconds
[2025-10-21T14:50:37.046+0000] {processor.py:161} INFO - Started process (PID=12927) to work on /home/khaled/dbt-env/lib/python3.12/site-packages/airflow/example_dags/example_python_decorator.py
[2025-10-21T14:50:37.054+0000] {processor.py:830} INFO - Processing file /home/khaled/dbt-env/lib/python3.12/site-packages/airflow/example_dags/example_python_decorator.py for tasks to queue
[2025-10-21T14:50:37.061+0000] {logging_mixin.py:188} INFO - [2025-10-21T14:50:37.060+0000] {dagbag.py:545} INFO - Filling up the DagBag from /home/khaled/dbt-env/lib/python3.12/site-packages/airflow/example_dags/example_python_decorator.py
[2025-10-21T14:50:37.078+0000] {logging_mixin.py:188} INFO - [2025-10-21T14:50:37.078+0000] {example_python_decorator.py:80} WARNING - The virtalenv_python example task requires virtualenv, please install it.
[2025-10-21T14:50:37.079+0000] {processor.py:840} INFO - DAG(s) 'example_python_decorator' retrieved from /home/khaled/dbt-env/lib/python3.12/site-packages/airflow/example_dags/example_python_decorator.py
[2025-10-21T14:50:37.105+0000] {logging_mixin.py:188} INFO - [2025-10-21T14:50:37.105+0000] {dag.py:3089} INFO - Sync 1 DAGs
[2025-10-21T14:50:37.122+0000] {logging_mixin.py:188} INFO - [2025-10-21T14:50:37.122+0000] {dag.py:3947} INFO - Setting next_dagrun for example_python_decorator to None, run_after=None
[2025-10-21T14:50:37.147+0000] {processor.py:183} INFO - Processing /home/khaled/dbt-env/lib/python3.12/site-packages/airflow/example_dags/example_python_decorator.py took 0.123 seconds
[2025-10-21T14:51:34.608+0000] {processor.py:161} INFO - Started process (PID=13247) to work on /home/khaled/dbt-env/lib/python3.12/site-packages/airflow/example_dags/example_python_decorator.py
[2025-10-21T14:51:34.626+0000] {processor.py:830} INFO - Processing file /home/khaled/dbt-env/lib/python3.12/site-packages/airflow/example_dags/example_python_decorator.py for tasks to queue
[2025-10-21T14:51:34.634+0000] {logging_mixin.py:188} INFO - [2025-10-21T14:51:34.634+0000] {dagbag.py:545} INFO - Filling up the DagBag from /home/khaled/dbt-env/lib/python3.12/site-packages/airflow/example_dags/example_python_decorator.py
[2025-10-21T14:51:34.670+0000] {logging_mixin.py:188} INFO - [2025-10-21T14:51:34.670+0000] {example_python_decorator.py:80} WARNING - The virtalenv_python example task requires virtualenv, please install it.
[2025-10-21T14:51:34.671+0000] {processor.py:840} INFO - DAG(s) 'example_python_decorator' retrieved from /home/khaled/dbt-env/lib/python3.12/site-packages/airflow/example_dags/example_python_decorator.py
[2025-10-21T14:51:34.723+0000] {logging_mixin.py:188} INFO - [2025-10-21T14:51:34.723+0000] {dag.py:3089} INFO - Sync 1 DAGs
[2025-10-21T14:51:34.735+0000] {logging_mixin.py:188} INFO - [2025-10-21T14:51:34.734+0000] {dag.py:3947} INFO - Setting next_dagrun for example_python_decorator to None, run_after=None
[2025-10-21T14:51:34.758+0000] {processor.py:183} INFO - Processing /home/khaled/dbt-env/lib/python3.12/site-packages/airflow/example_dags/example_python_decorator.py took 0.163 seconds
[2025-10-21T14:52:32.910+0000] {processor.py:161} INFO - Started process (PID=13485) to work on /home/khaled/dbt-env/lib/python3.12/site-packages/airflow/example_dags/example_python_decorator.py
[2025-10-21T14:52:32.923+0000] {processor.py:830} INFO - Processing file /home/khaled/dbt-env/lib/python3.12/site-packages/airflow/example_dags/example_python_decorator.py for tasks to queue
[2025-10-21T14:52:32.925+0000] {logging_mixin.py:188} INFO - [2025-10-21T14:52:32.924+0000] {dagbag.py:545} INFO - Filling up the DagBag from /home/khaled/dbt-env/lib/python3.12/site-packages/airflow/example_dags/example_python_decorator.py
[2025-10-21T14:52:32.937+0000] {logging_mixin.py:188} INFO - [2025-10-21T14:52:32.937+0000] {example_python_decorator.py:80} WARNING - The virtalenv_python example task requires virtualenv, please install it.
[2025-10-21T14:52:32.938+0000] {processor.py:840} INFO - DAG(s) 'example_python_decorator' retrieved from /home/khaled/dbt-env/lib/python3.12/site-packages/airflow/example_dags/example_python_decorator.py
[2025-10-21T14:52:32.969+0000] {logging_mixin.py:188} INFO - [2025-10-21T14:52:32.968+0000] {dag.py:3089} INFO - Sync 1 DAGs
[2025-10-21T14:52:32.984+0000] {logging_mixin.py:188} INFO - [2025-10-21T14:52:32.983+0000] {dag.py:3947} INFO - Setting next_dagrun for example_python_decorator to None, run_after=None
[2025-10-21T14:52:33.035+0000] {processor.py:183} INFO - Processing /home/khaled/dbt-env/lib/python3.12/site-packages/airflow/example_dags/example_python_decorator.py took 0.133 seconds
[2025-10-21T14:53:29.393+0000] {processor.py:161} INFO - Started process (PID=13953) to work on /home/khaled/dbt-env/lib/python3.12/site-packages/airflow/example_dags/example_python_decorator.py
[2025-10-21T14:53:29.396+0000] {processor.py:830} INFO - Processing file /home/khaled/dbt-env/lib/python3.12/site-packages/airflow/example_dags/example_python_decorator.py for tasks to queue
[2025-10-21T14:53:29.397+0000] {logging_mixin.py:188} INFO - [2025-10-21T14:53:29.396+0000] {dagbag.py:545} INFO - Filling up the DagBag from /home/khaled/dbt-env/lib/python3.12/site-packages/airflow/example_dags/example_python_decorator.py
[2025-10-21T14:53:29.403+0000] {logging_mixin.py:188} INFO - [2025-10-21T14:53:29.403+0000] {example_python_decorator.py:80} WARNING - The virtalenv_python example task requires virtualenv, please install it.
[2025-10-21T14:53:29.403+0000] {processor.py:840} INFO - DAG(s) 'example_python_decorator' retrieved from /home/khaled/dbt-env/lib/python3.12/site-packages/airflow/example_dags/example_python_decorator.py
[2025-10-21T14:53:29.415+0000] {logging_mixin.py:188} INFO - [2025-10-21T14:53:29.415+0000] {dag.py:3089} INFO - Sync 1 DAGs
[2025-10-21T14:53:29.424+0000] {logging_mixin.py:188} INFO - [2025-10-21T14:53:29.424+0000] {dag.py:3947} INFO - Setting next_dagrun for example_python_decorator to None, run_after=None
[2025-10-21T14:53:29.450+0000] {processor.py:183} INFO - Processing /home/khaled/dbt-env/lib/python3.12/site-packages/airflow/example_dags/example_python_decorator.py took 0.061 seconds
[2025-10-21T14:54:26.532+0000] {processor.py:161} INFO - Started process (PID=14190) to work on /home/khaled/dbt-env/lib/python3.12/site-packages/airflow/example_dags/example_python_decorator.py
[2025-10-21T14:54:26.534+0000] {processor.py:830} INFO - Processing file /home/khaled/dbt-env/lib/python3.12/site-packages/airflow/example_dags/example_python_decorator.py for tasks to queue
[2025-10-21T14:54:26.536+0000] {logging_mixin.py:188} INFO - [2025-10-21T14:54:26.536+0000] {dagbag.py:545} INFO - Filling up the DagBag from /home/khaled/dbt-env/lib/python3.12/site-packages/airflow/example_dags/example_python_decorator.py
[2025-10-21T14:54:26.545+0000] {logging_mixin.py:188} INFO - [2025-10-21T14:54:26.545+0000] {example_python_decorator.py:80} WARNING - The virtalenv_python example task requires virtualenv, please install it.
[2025-10-21T14:54:26.545+0000] {processor.py:840} INFO - DAG(s) 'example_python_decorator' retrieved from /home/khaled/dbt-env/lib/python3.12/site-packages/airflow/example_dags/example_python_decorator.py
[2025-10-21T14:54:26.561+0000] {logging_mixin.py:188} INFO - [2025-10-21T14:54:26.561+0000] {dag.py:3089} INFO - Sync 1 DAGs
[2025-10-21T14:54:26.570+0000] {logging_mixin.py:188} INFO - [2025-10-21T14:54:26.570+0000] {dag.py:3947} INFO - Setting next_dagrun for example_python_decorator to None, run_after=None
[2025-10-21T14:54:26.589+0000] {processor.py:183} INFO - Processing /home/khaled/dbt-env/lib/python3.12/site-packages/airflow/example_dags/example_python_decorator.py took 0.063 seconds
[2025-10-21T14:55:21.423+0000] {processor.py:161} INFO - Started process (PID=14411) to work on /home/khaled/dbt-env/lib/python3.12/site-packages/airflow/example_dags/example_python_decorator.py
[2025-10-21T14:55:21.424+0000] {processor.py:830} INFO - Processing file /home/khaled/dbt-env/lib/python3.12/site-packages/airflow/example_dags/example_python_decorator.py for tasks to queue
[2025-10-21T14:55:21.426+0000] {logging_mixin.py:188} INFO - [2025-10-21T14:55:21.426+0000] {dagbag.py:545} INFO - Filling up the DagBag from /home/khaled/dbt-env/lib/python3.12/site-packages/airflow/example_dags/example_python_decorator.py
[2025-10-21T14:55:21.433+0000] {logging_mixin.py:188} INFO - [2025-10-21T14:55:21.433+0000] {example_python_decorator.py:80} WARNING - The virtalenv_python example task requires virtualenv, please install it.
[2025-10-21T14:55:21.433+0000] {processor.py:840} INFO - DAG(s) 'example_python_decorator' retrieved from /home/khaled/dbt-env/lib/python3.12/site-packages/airflow/example_dags/example_python_decorator.py
[2025-10-21T14:55:21.451+0000] {logging_mixin.py:188} INFO - [2025-10-21T14:55:21.450+0000] {dag.py:3089} INFO - Sync 1 DAGs
[2025-10-21T14:55:21.463+0000] {logging_mixin.py:188} INFO - [2025-10-21T14:55:21.463+0000] {dag.py:3947} INFO - Setting next_dagrun for example_python_decorator to None, run_after=None
[2025-10-21T14:55:21.483+0000] {processor.py:183} INFO - Processing /home/khaled/dbt-env/lib/python3.12/site-packages/airflow/example_dags/example_python_decorator.py took 0.064 seconds
[2025-10-21T14:56:44.576+0000] {processor.py:161} INFO - Started process (PID=14682) to work on /home/khaled/dbt-env/lib/python3.12/site-packages/airflow/example_dags/example_python_decorator.py
[2025-10-21T14:56:44.577+0000] {processor.py:830} INFO - Processing file /home/khaled/dbt-env/lib/python3.12/site-packages/airflow/example_dags/example_python_decorator.py for tasks to queue
[2025-10-21T14:56:44.579+0000] {logging_mixin.py:188} INFO - [2025-10-21T14:56:44.578+0000] {dagbag.py:545} INFO - Filling up the DagBag from /home/khaled/dbt-env/lib/python3.12/site-packages/airflow/example_dags/example_python_decorator.py
[2025-10-21T14:56:44.585+0000] {logging_mixin.py:188} INFO - [2025-10-21T14:56:44.584+0000] {example_python_decorator.py:80} WARNING - The virtalenv_python example task requires virtualenv, please install it.
[2025-10-21T14:56:44.585+0000] {processor.py:840} INFO - DAG(s) 'example_python_decorator' retrieved from /home/khaled/dbt-env/lib/python3.12/site-packages/airflow/example_dags/example_python_decorator.py
[2025-10-21T14:56:44.601+0000] {logging_mixin.py:188} INFO - [2025-10-21T14:56:44.600+0000] {dag.py:3089} INFO - Sync 1 DAGs
[2025-10-21T14:56:44.612+0000] {logging_mixin.py:188} INFO - [2025-10-21T14:56:44.611+0000] {dag.py:3947} INFO - Setting next_dagrun for example_python_decorator to None, run_after=None
[2025-10-21T14:56:44.633+0000] {processor.py:183} INFO - Processing /home/khaled/dbt-env/lib/python3.12/site-packages/airflow/example_dags/example_python_decorator.py took 0.062 seconds
[2025-10-21T14:59:48.647+0000] {processor.py:161} INFO - Started process (PID=14817) to work on /home/khaled/dbt-env/lib/python3.12/site-packages/airflow/example_dags/example_python_decorator.py
[2025-10-21T14:59:48.659+0000] {processor.py:830} INFO - Processing file /home/khaled/dbt-env/lib/python3.12/site-packages/airflow/example_dags/example_python_decorator.py for tasks to queue
[2025-10-21T14:59:48.660+0000] {logging_mixin.py:188} INFO - [2025-10-21T14:59:48.660+0000] {dagbag.py:545} INFO - Filling up the DagBag from /home/khaled/dbt-env/lib/python3.12/site-packages/airflow/example_dags/example_python_decorator.py
[2025-10-21T14:59:48.667+0000] {logging_mixin.py:188} INFO - [2025-10-21T14:59:48.667+0000] {example_python_decorator.py:80} WARNING - The virtalenv_python example task requires virtualenv, please install it.
[2025-10-21T14:59:48.668+0000] {processor.py:840} INFO - DAG(s) 'example_python_decorator' retrieved from /home/khaled/dbt-env/lib/python3.12/site-packages/airflow/example_dags/example_python_decorator.py
[2025-10-21T14:59:48.679+0000] {logging_mixin.py:188} INFO - [2025-10-21T14:59:48.679+0000] {dag.py:3089} INFO - Sync 1 DAGs
[2025-10-21T14:59:48.688+0000] {logging_mixin.py:188} INFO - [2025-10-21T14:59:48.688+0000] {dag.py:3947} INFO - Setting next_dagrun for example_python_decorator to None, run_after=None
[2025-10-21T14:59:48.706+0000] {processor.py:183} INFO - Processing /home/khaled/dbt-env/lib/python3.12/site-packages/airflow/example_dags/example_python_decorator.py took 0.064 seconds
[2025-10-21T15:00:42.225+0000] {processor.py:161} INFO - Started process (PID=14890) to work on /home/khaled/dbt-env/lib/python3.12/site-packages/airflow/example_dags/example_python_decorator.py
[2025-10-21T15:00:42.238+0000] {processor.py:830} INFO - Processing file /home/khaled/dbt-env/lib/python3.12/site-packages/airflow/example_dags/example_python_decorator.py for tasks to queue
[2025-10-21T15:00:42.240+0000] {logging_mixin.py:188} INFO - [2025-10-21T15:00:42.239+0000] {dagbag.py:545} INFO - Filling up the DagBag from /home/khaled/dbt-env/lib/python3.12/site-packages/airflow/example_dags/example_python_decorator.py
[2025-10-21T15:00:42.249+0000] {logging_mixin.py:188} INFO - [2025-10-21T15:00:42.249+0000] {example_python_decorator.py:80} WARNING - The virtalenv_python example task requires virtualenv, please install it.
[2025-10-21T15:00:42.250+0000] {processor.py:840} INFO - DAG(s) 'example_python_decorator' retrieved from /home/khaled/dbt-env/lib/python3.12/site-packages/airflow/example_dags/example_python_decorator.py
[2025-10-21T15:00:42.261+0000] {logging_mixin.py:188} INFO - [2025-10-21T15:00:42.261+0000] {dag.py:3089} INFO - Sync 1 DAGs
[2025-10-21T15:00:42.268+0000] {logging_mixin.py:188} INFO - [2025-10-21T15:00:42.268+0000] {dag.py:3947} INFO - Setting next_dagrun for example_python_decorator to None, run_after=None
[2025-10-21T15:00:42.289+0000] {processor.py:183} INFO - Processing /home/khaled/dbt-env/lib/python3.12/site-packages/airflow/example_dags/example_python_decorator.py took 0.068 seconds
[2025-10-21T15:01:36.923+0000] {processor.py:161} INFO - Started process (PID=15234) to work on /home/khaled/dbt-env/lib/python3.12/site-packages/airflow/example_dags/example_python_decorator.py
[2025-10-21T15:01:36.924+0000] {processor.py:830} INFO - Processing file /home/khaled/dbt-env/lib/python3.12/site-packages/airflow/example_dags/example_python_decorator.py for tasks to queue
[2025-10-21T15:01:36.925+0000] {logging_mixin.py:188} INFO - [2025-10-21T15:01:36.925+0000] {dagbag.py:545} INFO - Filling up the DagBag from /home/khaled/dbt-env/lib/python3.12/site-packages/airflow/example_dags/example_python_decorator.py
[2025-10-21T15:01:36.933+0000] {logging_mixin.py:188} INFO - [2025-10-21T15:01:36.933+0000] {example_python_decorator.py:80} WARNING - The virtalenv_python example task requires virtualenv, please install it.
[2025-10-21T15:01:36.934+0000] {processor.py:840} INFO - DAG(s) 'example_python_decorator' retrieved from /home/khaled/dbt-env/lib/python3.12/site-packages/airflow/example_dags/example_python_decorator.py
[2025-10-21T15:01:36.952+0000] {logging_mixin.py:188} INFO - [2025-10-21T15:01:36.952+0000] {dag.py:3089} INFO - Sync 1 DAGs
[2025-10-21T15:01:36.964+0000] {logging_mixin.py:188} INFO - [2025-10-21T15:01:36.963+0000] {dag.py:3947} INFO - Setting next_dagrun for example_python_decorator to None, run_after=None
[2025-10-21T15:01:36.997+0000] {processor.py:183} INFO - Processing /home/khaled/dbt-env/lib/python3.12/site-packages/airflow/example_dags/example_python_decorator.py took 0.080 seconds
[2025-10-21T15:02:31.994+0000] {processor.py:161} INFO - Started process (PID=15352) to work on /home/khaled/dbt-env/lib/python3.12/site-packages/airflow/example_dags/example_python_decorator.py
[2025-10-21T15:02:31.995+0000] {processor.py:830} INFO - Processing file /home/khaled/dbt-env/lib/python3.12/site-packages/airflow/example_dags/example_python_decorator.py for tasks to queue
[2025-10-21T15:02:31.996+0000] {logging_mixin.py:188} INFO - [2025-10-21T15:02:31.996+0000] {dagbag.py:545} INFO - Filling up the DagBag from /home/khaled/dbt-env/lib/python3.12/site-packages/airflow/example_dags/example_python_decorator.py
[2025-10-21T15:02:32.002+0000] {logging_mixin.py:188} INFO - [2025-10-21T15:02:32.002+0000] {example_python_decorator.py:80} WARNING - The virtalenv_python example task requires virtualenv, please install it.
[2025-10-21T15:02:32.003+0000] {processor.py:840} INFO - DAG(s) 'example_python_decorator' retrieved from /home/khaled/dbt-env/lib/python3.12/site-packages/airflow/example_dags/example_python_decorator.py
[2025-10-21T15:02:32.015+0000] {logging_mixin.py:188} INFO - [2025-10-21T15:02:32.015+0000] {dag.py:3089} INFO - Sync 1 DAGs
[2025-10-21T15:02:32.027+0000] {logging_mixin.py:188} INFO - [2025-10-21T15:02:32.026+0000] {dag.py:3947} INFO - Setting next_dagrun for example_python_decorator to None, run_after=None
[2025-10-21T15:02:32.069+0000] {processor.py:183} INFO - Processing /home/khaled/dbt-env/lib/python3.12/site-packages/airflow/example_dags/example_python_decorator.py took 0.079 seconds
