[2025-10-21T14:29:07.311+0000] {processor.py:161} INFO - Started process (PID=7534) to work on /home/khaled/dbt-env/lib/python3.12/site-packages/airflow/example_dags/example_short_circuit_operator.py
[2025-10-21T14:29:07.312+0000] {processor.py:830} INFO - Processing file /home/khaled/dbt-env/lib/python3.12/site-packages/airflow/example_dags/example_short_circuit_operator.py for tasks to queue
[2025-10-21T14:29:07.313+0000] {logging_mixin.py:188} INFO - [2025-10-21T14:29:07.313+0000] {dagbag.py:545} INFO - Filling up the DagBag from /home/khaled/dbt-env/lib/python3.12/site-packages/airflow/example_dags/example_short_circuit_operator.py
[2025-10-21T14:29:07.319+0000] {processor.py:840} INFO - DAG(s) 'example_short_circuit_operator' retrieved from /home/khaled/dbt-env/lib/python3.12/site-packages/airflow/example_dags/example_short_circuit_operator.py
[2025-10-21T14:29:07.429+0000] {logging_mixin.py:188} INFO - [2025-10-21T14:29:07.428+0000] {override.py:1858} INFO - Created Permission View: can read on DAG:example_short_circuit_operator
[2025-10-21T14:29:07.440+0000] {logging_mixin.py:188} INFO - [2025-10-21T14:29:07.440+0000] {override.py:1858} INFO - Created Permission View: can edit on DAG:example_short_circuit_operator
[2025-10-21T14:29:07.450+0000] {logging_mixin.py:188} INFO - [2025-10-21T14:29:07.449+0000] {override.py:1858} INFO - Created Permission View: can delete on DAG:example_short_circuit_operator
[2025-10-21T14:29:07.450+0000] {logging_mixin.py:188} INFO - [2025-10-21T14:29:07.450+0000] {dag.py:3089} INFO - Sync 1 DAGs
[2025-10-21T14:29:07.457+0000] {logging_mixin.py:188} INFO - [2025-10-21T14:29:07.457+0000] {dag.py:3111} INFO - Creating ORM DAG for example_short_circuit_operator
[2025-10-21T14:29:07.465+0000] {logging_mixin.py:188} INFO - [2025-10-21T14:29:07.465+0000] {dag.py:3947} INFO - Setting next_dagrun for example_short_circuit_operator to 2025-10-20 00:00:00+00:00, run_after=2025-10-21 00:00:00+00:00
[2025-10-21T14:29:07.485+0000] {processor.py:183} INFO - Processing /home/khaled/dbt-env/lib/python3.12/site-packages/airflow/example_dags/example_short_circuit_operator.py took 0.179 seconds
[2025-10-21T14:30:35.025+0000] {processor.py:161} INFO - Started process (PID=7738) to work on /home/khaled/dbt-env/lib/python3.12/site-packages/airflow/example_dags/example_short_circuit_operator.py
[2025-10-21T14:30:35.038+0000] {processor.py:830} INFO - Processing file /home/khaled/dbt-env/lib/python3.12/site-packages/airflow/example_dags/example_short_circuit_operator.py for tasks to queue
[2025-10-21T14:30:35.044+0000] {logging_mixin.py:188} INFO - [2025-10-21T14:30:35.042+0000] {dagbag.py:545} INFO - Filling up the DagBag from /home/khaled/dbt-env/lib/python3.12/site-packages/airflow/example_dags/example_short_circuit_operator.py
[2025-10-21T14:30:35.148+0000] {processor.py:840} INFO - DAG(s) 'example_short_circuit_operator' retrieved from /home/khaled/dbt-env/lib/python3.12/site-packages/airflow/example_dags/example_short_circuit_operator.py
[2025-10-21T14:30:35.312+0000] {logging_mixin.py:188} INFO - [2025-10-21T14:30:35.308+0000] {dag.py:3089} INFO - Sync 1 DAGs
[2025-10-21T14:30:35.408+0000] {logging_mixin.py:188} INFO - [2025-10-21T14:30:35.407+0000] {dag.py:3947} INFO - Setting next_dagrun for example_short_circuit_operator to 2025-10-20 00:00:00+00:00, run_after=2025-10-21 00:00:00+00:00
[2025-10-21T14:30:35.690+0000] {processor.py:183} INFO - Processing /home/khaled/dbt-env/lib/python3.12/site-packages/airflow/example_dags/example_short_circuit_operator.py took 0.803 seconds
[2025-10-21T14:48:38.311+0000] {processor.py:161} INFO - Started process (PID=12232) to work on /home/khaled/dbt-env/lib/python3.12/site-packages/airflow/example_dags/example_short_circuit_operator.py
[2025-10-21T14:48:38.322+0000] {processor.py:830} INFO - Processing file /home/khaled/dbt-env/lib/python3.12/site-packages/airflow/example_dags/example_short_circuit_operator.py for tasks to queue
[2025-10-21T14:48:38.323+0000] {logging_mixin.py:188} INFO - [2025-10-21T14:48:38.323+0000] {dagbag.py:545} INFO - Filling up the DagBag from /home/khaled/dbt-env/lib/python3.12/site-packages/airflow/example_dags/example_short_circuit_operator.py
[2025-10-21T14:48:38.329+0000] {processor.py:840} INFO - DAG(s) 'example_short_circuit_operator' retrieved from /home/khaled/dbt-env/lib/python3.12/site-packages/airflow/example_dags/example_short_circuit_operator.py
[2025-10-21T14:48:38.349+0000] {logging_mixin.py:188} INFO - [2025-10-21T14:48:38.349+0000] {dag.py:3089} INFO - Sync 1 DAGs
[2025-10-21T14:48:38.374+0000] {logging_mixin.py:188} INFO - [2025-10-21T14:48:38.373+0000] {dag.py:3947} INFO - Setting next_dagrun for example_short_circuit_operator to 2025-10-20 00:00:00+00:00, run_after=2025-10-21 00:00:00+00:00
[2025-10-21T14:48:38.462+0000] {processor.py:183} INFO - Processing /home/khaled/dbt-env/lib/python3.12/site-packages/airflow/example_dags/example_short_circuit_operator.py took 0.155 seconds
[2025-10-21T14:49:34.821+0000] {processor.py:161} INFO - Started process (PID=12603) to work on /home/khaled/dbt-env/lib/python3.12/site-packages/airflow/example_dags/example_short_circuit_operator.py
[2025-10-21T14:49:34.822+0000] {processor.py:830} INFO - Processing file /home/khaled/dbt-env/lib/python3.12/site-packages/airflow/example_dags/example_short_circuit_operator.py for tasks to queue
[2025-10-21T14:49:34.823+0000] {logging_mixin.py:188} INFO - [2025-10-21T14:49:34.823+0000] {dagbag.py:545} INFO - Filling up the DagBag from /home/khaled/dbt-env/lib/python3.12/site-packages/airflow/example_dags/example_short_circuit_operator.py
[2025-10-21T14:49:34.830+0000] {processor.py:840} INFO - DAG(s) 'example_short_circuit_operator' retrieved from /home/khaled/dbt-env/lib/python3.12/site-packages/airflow/example_dags/example_short_circuit_operator.py
[2025-10-21T14:49:34.844+0000] {logging_mixin.py:188} INFO - [2025-10-21T14:49:34.844+0000] {dag.py:3089} INFO - Sync 1 DAGs
[2025-10-21T14:49:34.857+0000] {logging_mixin.py:188} INFO - [2025-10-21T14:49:34.857+0000] {dag.py:3947} INFO - Setting next_dagrun for example_short_circuit_operator to 2025-10-20 00:00:00+00:00, run_after=2025-10-21 00:00:00+00:00
[2025-10-21T14:49:34.889+0000] {processor.py:183} INFO - Processing /home/khaled/dbt-env/lib/python3.12/site-packages/airflow/example_dags/example_short_circuit_operator.py took 0.072 seconds
[2025-10-21T14:50:26.840+0000] {processor.py:161} INFO - Started process (PID=12829) to work on /home/khaled/dbt-env/lib/python3.12/site-packages/airflow/example_dags/example_short_circuit_operator.py
[2025-10-21T14:50:26.841+0000] {processor.py:830} INFO - Processing file /home/khaled/dbt-env/lib/python3.12/site-packages/airflow/example_dags/example_short_circuit_operator.py for tasks to queue
[2025-10-21T14:50:26.843+0000] {logging_mixin.py:188} INFO - [2025-10-21T14:50:26.843+0000] {dagbag.py:545} INFO - Filling up the DagBag from /home/khaled/dbt-env/lib/python3.12/site-packages/airflow/example_dags/example_short_circuit_operator.py
[2025-10-21T14:50:26.849+0000] {processor.py:840} INFO - DAG(s) 'example_short_circuit_operator' retrieved from /home/khaled/dbt-env/lib/python3.12/site-packages/airflow/example_dags/example_short_circuit_operator.py
[2025-10-21T14:50:26.861+0000] {logging_mixin.py:188} INFO - [2025-10-21T14:50:26.861+0000] {dag.py:3089} INFO - Sync 1 DAGs
[2025-10-21T14:50:26.874+0000] {logging_mixin.py:188} INFO - [2025-10-21T14:50:26.873+0000] {dag.py:3947} INFO - Setting next_dagrun for example_short_circuit_operator to 2025-10-20 00:00:00+00:00, run_after=2025-10-21 00:00:00+00:00
[2025-10-21T14:50:26.904+0000] {processor.py:183} INFO - Processing /home/khaled/dbt-env/lib/python3.12/site-packages/airflow/example_dags/example_short_circuit_operator.py took 0.068 seconds
[2025-10-21T14:51:27.352+0000] {processor.py:161} INFO - Started process (PID=13235) to work on /home/khaled/dbt-env/lib/python3.12/site-packages/airflow/example_dags/example_short_circuit_operator.py
[2025-10-21T14:51:27.354+0000] {processor.py:830} INFO - Processing file /home/khaled/dbt-env/lib/python3.12/site-packages/airflow/example_dags/example_short_circuit_operator.py for tasks to queue
[2025-10-21T14:51:27.355+0000] {logging_mixin.py:188} INFO - [2025-10-21T14:51:27.355+0000] {dagbag.py:545} INFO - Filling up the DagBag from /home/khaled/dbt-env/lib/python3.12/site-packages/airflow/example_dags/example_short_circuit_operator.py
[2025-10-21T14:51:27.360+0000] {processor.py:840} INFO - DAG(s) 'example_short_circuit_operator' retrieved from /home/khaled/dbt-env/lib/python3.12/site-packages/airflow/example_dags/example_short_circuit_operator.py
[2025-10-21T14:51:27.372+0000] {logging_mixin.py:188} INFO - [2025-10-21T14:51:27.371+0000] {dag.py:3089} INFO - Sync 1 DAGs
[2025-10-21T14:51:27.385+0000] {logging_mixin.py:188} INFO - [2025-10-21T14:51:27.385+0000] {dag.py:3947} INFO - Setting next_dagrun for example_short_circuit_operator to 2025-10-20 00:00:00+00:00, run_after=2025-10-21 00:00:00+00:00
[2025-10-21T14:51:27.418+0000] {processor.py:183} INFO - Processing /home/khaled/dbt-env/lib/python3.12/site-packages/airflow/example_dags/example_short_circuit_operator.py took 0.070 seconds
[2025-10-21T14:52:25.427+0000] {processor.py:161} INFO - Started process (PID=13475) to work on /home/khaled/dbt-env/lib/python3.12/site-packages/airflow/example_dags/example_short_circuit_operator.py
[2025-10-21T14:52:25.438+0000] {processor.py:830} INFO - Processing file /home/khaled/dbt-env/lib/python3.12/site-packages/airflow/example_dags/example_short_circuit_operator.py for tasks to queue
[2025-10-21T14:52:25.444+0000] {logging_mixin.py:188} INFO - [2025-10-21T14:52:25.441+0000] {dagbag.py:545} INFO - Filling up the DagBag from /home/khaled/dbt-env/lib/python3.12/site-packages/airflow/example_dags/example_short_circuit_operator.py
[2025-10-21T14:52:25.452+0000] {processor.py:840} INFO - DAG(s) 'example_short_circuit_operator' retrieved from /home/khaled/dbt-env/lib/python3.12/site-packages/airflow/example_dags/example_short_circuit_operator.py
[2025-10-21T14:52:25.469+0000] {logging_mixin.py:188} INFO - [2025-10-21T14:52:25.468+0000] {dag.py:3089} INFO - Sync 1 DAGs
[2025-10-21T14:52:25.483+0000] {logging_mixin.py:188} INFO - [2025-10-21T14:52:25.483+0000] {dag.py:3947} INFO - Setting next_dagrun for example_short_circuit_operator to 2025-10-20 00:00:00+00:00, run_after=2025-10-21 00:00:00+00:00
[2025-10-21T14:52:25.507+0000] {processor.py:183} INFO - Processing /home/khaled/dbt-env/lib/python3.12/site-packages/airflow/example_dags/example_short_circuit_operator.py took 0.084 seconds
[2025-10-21T14:53:22.015+0000] {processor.py:161} INFO - Started process (PID=13863) to work on /home/khaled/dbt-env/lib/python3.12/site-packages/airflow/example_dags/example_short_circuit_operator.py
[2025-10-21T14:53:22.017+0000] {processor.py:830} INFO - Processing file /home/khaled/dbt-env/lib/python3.12/site-packages/airflow/example_dags/example_short_circuit_operator.py for tasks to queue
[2025-10-21T14:53:22.019+0000] {logging_mixin.py:188} INFO - [2025-10-21T14:53:22.018+0000] {dagbag.py:545} INFO - Filling up the DagBag from /home/khaled/dbt-env/lib/python3.12/site-packages/airflow/example_dags/example_short_circuit_operator.py
[2025-10-21T14:53:22.024+0000] {processor.py:840} INFO - DAG(s) 'example_short_circuit_operator' retrieved from /home/khaled/dbt-env/lib/python3.12/site-packages/airflow/example_dags/example_short_circuit_operator.py
[2025-10-21T14:53:22.037+0000] {logging_mixin.py:188} INFO - [2025-10-21T14:53:22.036+0000] {dag.py:3089} INFO - Sync 1 DAGs
[2025-10-21T14:53:22.051+0000] {logging_mixin.py:188} INFO - [2025-10-21T14:53:22.050+0000] {dag.py:3947} INFO - Setting next_dagrun for example_short_circuit_operator to 2025-10-20 00:00:00+00:00, run_after=2025-10-21 00:00:00+00:00
[2025-10-21T14:53:22.069+0000] {processor.py:183} INFO - Processing /home/khaled/dbt-env/lib/python3.12/site-packages/airflow/example_dags/example_short_circuit_operator.py took 0.058 seconds
[2025-10-21T14:54:19.642+0000] {processor.py:161} INFO - Started process (PID=14158) to work on /home/khaled/dbt-env/lib/python3.12/site-packages/airflow/example_dags/example_short_circuit_operator.py
[2025-10-21T14:54:19.654+0000] {processor.py:830} INFO - Processing file /home/khaled/dbt-env/lib/python3.12/site-packages/airflow/example_dags/example_short_circuit_operator.py for tasks to queue
[2025-10-21T14:54:19.656+0000] {logging_mixin.py:188} INFO - [2025-10-21T14:54:19.656+0000] {dagbag.py:545} INFO - Filling up the DagBag from /home/khaled/dbt-env/lib/python3.12/site-packages/airflow/example_dags/example_short_circuit_operator.py
[2025-10-21T14:54:19.666+0000] {processor.py:840} INFO - DAG(s) 'example_short_circuit_operator' retrieved from /home/khaled/dbt-env/lib/python3.12/site-packages/airflow/example_dags/example_short_circuit_operator.py
[2025-10-21T14:54:19.685+0000] {logging_mixin.py:188} INFO - [2025-10-21T14:54:19.685+0000] {dag.py:3089} INFO - Sync 1 DAGs
[2025-10-21T14:54:19.701+0000] {logging_mixin.py:188} INFO - [2025-10-21T14:54:19.701+0000] {dag.py:3947} INFO - Setting next_dagrun for example_short_circuit_operator to 2025-10-20 00:00:00+00:00, run_after=2025-10-21 00:00:00+00:00
[2025-10-21T14:54:19.733+0000] {processor.py:183} INFO - Processing /home/khaled/dbt-env/lib/python3.12/site-packages/airflow/example_dags/example_short_circuit_operator.py took 0.096 seconds
[2025-10-21T14:55:13.763+0000] {processor.py:161} INFO - Started process (PID=14374) to work on /home/khaled/dbt-env/lib/python3.12/site-packages/airflow/example_dags/example_short_circuit_operator.py
[2025-10-21T14:55:13.764+0000] {processor.py:830} INFO - Processing file /home/khaled/dbt-env/lib/python3.12/site-packages/airflow/example_dags/example_short_circuit_operator.py for tasks to queue
[2025-10-21T14:55:13.765+0000] {logging_mixin.py:188} INFO - [2025-10-21T14:55:13.765+0000] {dagbag.py:545} INFO - Filling up the DagBag from /home/khaled/dbt-env/lib/python3.12/site-packages/airflow/example_dags/example_short_circuit_operator.py
[2025-10-21T14:55:13.771+0000] {processor.py:840} INFO - DAG(s) 'example_short_circuit_operator' retrieved from /home/khaled/dbt-env/lib/python3.12/site-packages/airflow/example_dags/example_short_circuit_operator.py
[2025-10-21T14:55:13.783+0000] {logging_mixin.py:188} INFO - [2025-10-21T14:55:13.783+0000] {dag.py:3089} INFO - Sync 1 DAGs
[2025-10-21T14:55:13.797+0000] {logging_mixin.py:188} INFO - [2025-10-21T14:55:13.797+0000] {dag.py:3947} INFO - Setting next_dagrun for example_short_circuit_operator to 2025-10-20 00:00:00+00:00, run_after=2025-10-21 00:00:00+00:00
[2025-10-21T14:55:13.818+0000] {processor.py:183} INFO - Processing /home/khaled/dbt-env/lib/python3.12/site-packages/airflow/example_dags/example_short_circuit_operator.py took 0.059 seconds
[2025-10-21T14:56:36.822+0000] {processor.py:161} INFO - Started process (PID=14674) to work on /home/khaled/dbt-env/lib/python3.12/site-packages/airflow/example_dags/example_short_circuit_operator.py
[2025-10-21T14:56:36.823+0000] {processor.py:830} INFO - Processing file /home/khaled/dbt-env/lib/python3.12/site-packages/airflow/example_dags/example_short_circuit_operator.py for tasks to queue
[2025-10-21T14:56:36.828+0000] {logging_mixin.py:188} INFO - [2025-10-21T14:56:36.828+0000] {dagbag.py:545} INFO - Filling up the DagBag from /home/khaled/dbt-env/lib/python3.12/site-packages/airflow/example_dags/example_short_circuit_operator.py
[2025-10-21T14:56:36.846+0000] {processor.py:840} INFO - DAG(s) 'example_short_circuit_operator' retrieved from /home/khaled/dbt-env/lib/python3.12/site-packages/airflow/example_dags/example_short_circuit_operator.py
[2025-10-21T14:56:36.876+0000] {logging_mixin.py:188} INFO - [2025-10-21T14:56:36.876+0000] {dag.py:3089} INFO - Sync 1 DAGs
[2025-10-21T14:56:36.907+0000] {logging_mixin.py:188} INFO - [2025-10-21T14:56:36.906+0000] {dag.py:3947} INFO - Setting next_dagrun for example_short_circuit_operator to 2025-10-20 00:00:00+00:00, run_after=2025-10-21 00:00:00+00:00
[2025-10-21T14:56:37.010+0000] {processor.py:183} INFO - Processing /home/khaled/dbt-env/lib/python3.12/site-packages/airflow/example_dags/example_short_circuit_operator.py took 0.198 seconds
[2025-10-21T14:59:06.042+0000] {processor.py:161} INFO - Started process (PID=14783) to work on /home/khaled/dbt-env/lib/python3.12/site-packages/airflow/example_dags/example_short_circuit_operator.py
[2025-10-21T14:59:06.053+0000] {processor.py:830} INFO - Processing file /home/khaled/dbt-env/lib/python3.12/site-packages/airflow/example_dags/example_short_circuit_operator.py for tasks to queue
[2025-10-21T14:59:06.055+0000] {logging_mixin.py:188} INFO - [2025-10-21T14:59:06.055+0000] {dagbag.py:545} INFO - Filling up the DagBag from /home/khaled/dbt-env/lib/python3.12/site-packages/airflow/example_dags/example_short_circuit_operator.py
[2025-10-21T14:59:06.063+0000] {processor.py:840} INFO - DAG(s) 'example_short_circuit_operator' retrieved from /home/khaled/dbt-env/lib/python3.12/site-packages/airflow/example_dags/example_short_circuit_operator.py
[2025-10-21T14:59:06.076+0000] {logging_mixin.py:188} INFO - [2025-10-21T14:59:06.076+0000] {dag.py:3089} INFO - Sync 1 DAGs
[2025-10-21T14:59:06.090+0000] {logging_mixin.py:188} INFO - [2025-10-21T14:59:06.090+0000] {dag.py:3947} INFO - Setting next_dagrun for example_short_circuit_operator to 2025-10-20 00:00:00+00:00, run_after=2025-10-21 00:00:00+00:00
[2025-10-21T14:59:06.112+0000] {processor.py:183} INFO - Processing /home/khaled/dbt-env/lib/python3.12/site-packages/airflow/example_dags/example_short_circuit_operator.py took 0.075 seconds
[2025-10-21T15:00:28.924+0000] {processor.py:161} INFO - Started process (PID=14871) to work on /home/khaled/dbt-env/lib/python3.12/site-packages/airflow/example_dags/example_short_circuit_operator.py
[2025-10-21T15:00:28.925+0000] {processor.py:830} INFO - Processing file /home/khaled/dbt-env/lib/python3.12/site-packages/airflow/example_dags/example_short_circuit_operator.py for tasks to queue
[2025-10-21T15:00:28.929+0000] {logging_mixin.py:188} INFO - [2025-10-21T15:00:28.929+0000] {dagbag.py:545} INFO - Filling up the DagBag from /home/khaled/dbt-env/lib/python3.12/site-packages/airflow/example_dags/example_short_circuit_operator.py
[2025-10-21T15:00:28.940+0000] {processor.py:840} INFO - DAG(s) 'example_short_circuit_operator' retrieved from /home/khaled/dbt-env/lib/python3.12/site-packages/airflow/example_dags/example_short_circuit_operator.py
[2025-10-21T15:00:28.962+0000] {logging_mixin.py:188} INFO - [2025-10-21T15:00:28.961+0000] {dag.py:3089} INFO - Sync 1 DAGs
[2025-10-21T15:00:28.985+0000] {logging_mixin.py:188} INFO - [2025-10-21T15:00:28.985+0000] {dag.py:3947} INFO - Setting next_dagrun for example_short_circuit_operator to 2025-10-20 00:00:00+00:00, run_after=2025-10-21 00:00:00+00:00
[2025-10-21T15:00:29.006+0000] {processor.py:183} INFO - Processing /home/khaled/dbt-env/lib/python3.12/site-packages/airflow/example_dags/example_short_circuit_operator.py took 0.087 seconds
[2025-10-21T15:01:17.387+0000] {processor.py:161} INFO - Started process (PID=15151) to work on /home/khaled/dbt-env/lib/python3.12/site-packages/airflow/example_dags/example_short_circuit_operator.py
[2025-10-21T15:01:17.388+0000] {processor.py:830} INFO - Processing file /home/khaled/dbt-env/lib/python3.12/site-packages/airflow/example_dags/example_short_circuit_operator.py for tasks to queue
[2025-10-21T15:01:17.393+0000] {logging_mixin.py:188} INFO - [2025-10-21T15:01:17.392+0000] {dagbag.py:545} INFO - Filling up the DagBag from /home/khaled/dbt-env/lib/python3.12/site-packages/airflow/example_dags/example_short_circuit_operator.py
[2025-10-21T15:01:17.402+0000] {processor.py:840} INFO - DAG(s) 'example_short_circuit_operator' retrieved from /home/khaled/dbt-env/lib/python3.12/site-packages/airflow/example_dags/example_short_circuit_operator.py
[2025-10-21T15:01:17.431+0000] {logging_mixin.py:188} INFO - [2025-10-21T15:01:17.430+0000] {dag.py:3089} INFO - Sync 1 DAGs
[2025-10-21T15:01:17.454+0000] {logging_mixin.py:188} INFO - [2025-10-21T15:01:17.453+0000] {dag.py:3947} INFO - Setting next_dagrun for example_short_circuit_operator to 2025-10-20 00:00:00+00:00, run_after=2025-10-21 00:00:00+00:00
[2025-10-21T15:01:17.475+0000] {processor.py:183} INFO - Processing /home/khaled/dbt-env/lib/python3.12/site-packages/airflow/example_dags/example_short_circuit_operator.py took 0.096 seconds
[2025-10-21T15:02:12.016+0000] {processor.py:161} INFO - Started process (PID=15322) to work on /home/khaled/dbt-env/lib/python3.12/site-packages/airflow/example_dags/example_short_circuit_operator.py
[2025-10-21T15:02:12.017+0000] {processor.py:830} INFO - Processing file /home/khaled/dbt-env/lib/python3.12/site-packages/airflow/example_dags/example_short_circuit_operator.py for tasks to queue
[2025-10-21T15:02:12.021+0000] {logging_mixin.py:188} INFO - [2025-10-21T15:02:12.021+0000] {dagbag.py:545} INFO - Filling up the DagBag from /home/khaled/dbt-env/lib/python3.12/site-packages/airflow/example_dags/example_short_circuit_operator.py
[2025-10-21T15:02:12.032+0000] {processor.py:840} INFO - DAG(s) 'example_short_circuit_operator' retrieved from /home/khaled/dbt-env/lib/python3.12/site-packages/airflow/example_dags/example_short_circuit_operator.py
[2025-10-21T15:02:12.047+0000] {logging_mixin.py:188} INFO - [2025-10-21T15:02:12.046+0000] {dag.py:3089} INFO - Sync 1 DAGs
[2025-10-21T15:02:12.060+0000] {logging_mixin.py:188} INFO - [2025-10-21T15:02:12.060+0000] {dag.py:3947} INFO - Setting next_dagrun for example_short_circuit_operator to 2025-10-20 00:00:00+00:00, run_after=2025-10-21 00:00:00+00:00
[2025-10-21T15:02:12.117+0000] {processor.py:183} INFO - Processing /home/khaled/dbt-env/lib/python3.12/site-packages/airflow/example_dags/example_short_circuit_operator.py took 0.112 seconds
