[2025-10-21T14:29:35.183+0000] {processor.py:161} INFO - Started process (PID=7632) to work on /home/khaled/dbt-env/lib/python3.12/site-packages/airflow/example_dags/example_datasets.py
[2025-10-21T14:29:35.184+0000] {processor.py:830} INFO - Processing file /home/khaled/dbt-env/lib/python3.12/site-packages/airflow/example_dags/example_datasets.py for tasks to queue
[2025-10-21T14:29:35.186+0000] {logging_mixin.py:188} INFO - [2025-10-21T14:29:35.185+0000] {dagbag.py:545} INFO - Filling up the DagBag from /home/khaled/dbt-env/lib/python3.12/site-packages/airflow/example_dags/example_datasets.py
[2025-10-21T14:29:35.196+0000] {processor.py:840} INFO - DAG(s) 'dataset_produces_1', 'dataset_consumes_1_never_scheduled', 'consume_1_or_2_with_dataset_expressions', 'consume_1_or_both_2_and_3_with_dataset_expressions', 'conditional_dataset_and_time_based_timetable', 'dataset_consumes_1', 'dataset_consumes_unknown_never_scheduled', 'dataset_consumes_1_and_2', 'consume_1_and_2_with_dataset_expressions', 'dataset_produces_2' retrieved from /home/khaled/dbt-env/lib/python3.12/site-packages/airflow/example_dags/example_datasets.py
[2025-10-21T14:29:35.284+0000] {logging_mixin.py:188} INFO - [2025-10-21T14:29:35.284+0000] {override.py:1858} INFO - Created Permission View: can read on DAG:dataset_produces_1
[2025-10-21T14:29:35.304+0000] {logging_mixin.py:188} INFO - [2025-10-21T14:29:35.304+0000] {override.py:1858} INFO - Created Permission View: can edit on DAG:dataset_produces_1
[2025-10-21T14:29:35.317+0000] {logging_mixin.py:188} INFO - [2025-10-21T14:29:35.316+0000] {override.py:1858} INFO - Created Permission View: can delete on DAG:dataset_produces_1
[2025-10-21T14:29:35.347+0000] {logging_mixin.py:188} INFO - [2025-10-21T14:29:35.347+0000] {override.py:1858} INFO - Created Permission View: can read on DAG:dataset_consumes_1_never_scheduled
[2025-10-21T14:29:35.362+0000] {logging_mixin.py:188} INFO - [2025-10-21T14:29:35.362+0000] {override.py:1858} INFO - Created Permission View: can edit on DAG:dataset_consumes_1_never_scheduled
[2025-10-21T14:29:35.377+0000] {logging_mixin.py:188} INFO - [2025-10-21T14:29:35.377+0000] {override.py:1858} INFO - Created Permission View: can delete on DAG:dataset_consumes_1_never_scheduled
[2025-10-21T14:29:35.433+0000] {logging_mixin.py:188} INFO - [2025-10-21T14:29:35.433+0000] {override.py:1858} INFO - Created Permission View: can read on DAG:consume_1_or_2_with_dataset_expressions
[2025-10-21T14:29:35.443+0000] {logging_mixin.py:188} INFO - [2025-10-21T14:29:35.443+0000] {override.py:1858} INFO - Created Permission View: can edit on DAG:consume_1_or_2_with_dataset_expressions
[2025-10-21T14:29:35.460+0000] {logging_mixin.py:188} INFO - [2025-10-21T14:29:35.460+0000] {override.py:1858} INFO - Created Permission View: can delete on DAG:consume_1_or_2_with_dataset_expressions
[2025-10-21T14:29:35.523+0000] {logging_mixin.py:188} INFO - [2025-10-21T14:29:35.523+0000] {override.py:1858} INFO - Created Permission View: can read on DAG:consume_1_or_both_2_and_3_with_dataset_expressions
[2025-10-21T14:29:35.533+0000] {logging_mixin.py:188} INFO - [2025-10-21T14:29:35.533+0000] {override.py:1858} INFO - Created Permission View: can edit on DAG:consume_1_or_both_2_and_3_with_dataset_expressions
[2025-10-21T14:29:35.550+0000] {logging_mixin.py:188} INFO - [2025-10-21T14:29:35.549+0000] {override.py:1858} INFO - Created Permission View: can delete on DAG:consume_1_or_both_2_and_3_with_dataset_expressions
[2025-10-21T14:29:35.625+0000] {logging_mixin.py:188} INFO - [2025-10-21T14:29:35.625+0000] {override.py:1858} INFO - Created Permission View: can read on DAG:conditional_dataset_and_time_based_timetable
[2025-10-21T14:29:35.639+0000] {logging_mixin.py:188} INFO - [2025-10-21T14:29:35.639+0000] {override.py:1858} INFO - Created Permission View: can edit on DAG:conditional_dataset_and_time_based_timetable
[2025-10-21T14:29:35.660+0000] {logging_mixin.py:188} INFO - [2025-10-21T14:29:35.660+0000] {override.py:1858} INFO - Created Permission View: can delete on DAG:conditional_dataset_and_time_based_timetable
[2025-10-21T14:29:35.706+0000] {logging_mixin.py:188} INFO - [2025-10-21T14:29:35.705+0000] {override.py:1858} INFO - Created Permission View: can read on DAG:dataset_consumes_1
[2025-10-21T14:29:35.718+0000] {logging_mixin.py:188} INFO - [2025-10-21T14:29:35.717+0000] {override.py:1858} INFO - Created Permission View: can edit on DAG:dataset_consumes_1
[2025-10-21T14:29:35.761+0000] {logging_mixin.py:188} INFO - [2025-10-21T14:29:35.761+0000] {override.py:1858} INFO - Created Permission View: can delete on DAG:dataset_consumes_1
[2025-10-21T14:29:35.813+0000] {logging_mixin.py:188} INFO - [2025-10-21T14:29:35.813+0000] {override.py:1858} INFO - Created Permission View: can read on DAG:dataset_consumes_unknown_never_scheduled
[2025-10-21T14:29:35.825+0000] {logging_mixin.py:188} INFO - [2025-10-21T14:29:35.824+0000] {override.py:1858} INFO - Created Permission View: can edit on DAG:dataset_consumes_unknown_never_scheduled
[2025-10-21T14:29:35.837+0000] {logging_mixin.py:188} INFO - [2025-10-21T14:29:35.836+0000] {override.py:1858} INFO - Created Permission View: can delete on DAG:dataset_consumes_unknown_never_scheduled
[2025-10-21T14:29:35.908+0000] {logging_mixin.py:188} INFO - [2025-10-21T14:29:35.908+0000] {override.py:1858} INFO - Created Permission View: can read on DAG:dataset_consumes_1_and_2
[2025-10-21T14:29:35.924+0000] {logging_mixin.py:188} INFO - [2025-10-21T14:29:35.923+0000] {override.py:1858} INFO - Created Permission View: can edit on DAG:dataset_consumes_1_and_2
[2025-10-21T14:29:35.968+0000] {logging_mixin.py:188} INFO - [2025-10-21T14:29:35.966+0000] {override.py:1858} INFO - Created Permission View: can delete on DAG:dataset_consumes_1_and_2
[2025-10-21T14:29:36.094+0000] {logging_mixin.py:188} INFO - [2025-10-21T14:29:36.094+0000] {override.py:1858} INFO - Created Permission View: can read on DAG:consume_1_and_2_with_dataset_expressions
[2025-10-21T14:29:36.115+0000] {logging_mixin.py:188} INFO - [2025-10-21T14:29:36.114+0000] {override.py:1858} INFO - Created Permission View: can edit on DAG:consume_1_and_2_with_dataset_expressions
[2025-10-21T14:29:36.125+0000] {logging_mixin.py:188} INFO - [2025-10-21T14:29:36.125+0000] {override.py:1858} INFO - Created Permission View: can delete on DAG:consume_1_and_2_with_dataset_expressions
[2025-10-21T14:29:36.148+0000] {logging_mixin.py:188} INFO - [2025-10-21T14:29:36.148+0000] {override.py:1858} INFO - Created Permission View: can read on DAG:dataset_produces_2
[2025-10-21T14:29:36.168+0000] {logging_mixin.py:188} INFO - [2025-10-21T14:29:36.168+0000] {override.py:1858} INFO - Created Permission View: can edit on DAG:dataset_produces_2
[2025-10-21T14:29:36.182+0000] {logging_mixin.py:188} INFO - [2025-10-21T14:29:36.182+0000] {override.py:1858} INFO - Created Permission View: can delete on DAG:dataset_produces_2
[2025-10-21T14:29:36.183+0000] {logging_mixin.py:188} INFO - [2025-10-21T14:29:36.183+0000] {dag.py:3089} INFO - Sync 10 DAGs
[2025-10-21T14:29:36.193+0000] {logging_mixin.py:188} INFO - [2025-10-21T14:29:36.193+0000] {dag.py:3111} INFO - Creating ORM DAG for dataset_consumes_unknown_never_scheduled
[2025-10-21T14:29:36.193+0000] {logging_mixin.py:188} INFO - [2025-10-21T14:29:36.193+0000] {dag.py:3111} INFO - Creating ORM DAG for dataset_produces_2
[2025-10-21T14:29:36.194+0000] {logging_mixin.py:188} INFO - [2025-10-21T14:29:36.194+0000] {dag.py:3111} INFO - Creating ORM DAG for dataset_consumes_1
[2025-10-21T14:29:36.194+0000] {logging_mixin.py:188} INFO - [2025-10-21T14:29:36.194+0000] {dag.py:3111} INFO - Creating ORM DAG for conditional_dataset_and_time_based_timetable
[2025-10-21T14:29:36.195+0000] {logging_mixin.py:188} INFO - [2025-10-21T14:29:36.195+0000] {dag.py:3111} INFO - Creating ORM DAG for consume_1_or_2_with_dataset_expressions
[2025-10-21T14:29:36.195+0000] {logging_mixin.py:188} INFO - [2025-10-21T14:29:36.195+0000] {dag.py:3111} INFO - Creating ORM DAG for dataset_consumes_1_and_2
[2025-10-21T14:29:36.195+0000] {logging_mixin.py:188} INFO - [2025-10-21T14:29:36.195+0000] {dag.py:3111} INFO - Creating ORM DAG for consume_1_or_both_2_and_3_with_dataset_expressions
[2025-10-21T14:29:36.196+0000] {logging_mixin.py:188} INFO - [2025-10-21T14:29:36.196+0000] {dag.py:3111} INFO - Creating ORM DAG for consume_1_and_2_with_dataset_expressions
[2025-10-21T14:29:36.196+0000] {logging_mixin.py:188} INFO - [2025-10-21T14:29:36.196+0000] {dag.py:3111} INFO - Creating ORM DAG for dataset_consumes_1_never_scheduled
[2025-10-21T14:29:36.196+0000] {logging_mixin.py:188} INFO - [2025-10-21T14:29:36.196+0000] {dag.py:3111} INFO - Creating ORM DAG for dataset_produces_1
[2025-10-21T14:29:36.202+0000] {logging_mixin.py:188} INFO - [2025-10-21T14:29:36.202+0000] {dag.py:3947} INFO - Setting next_dagrun for conditional_dataset_and_time_based_timetable to 2025-10-15 01:00:00+00:00, run_after=2025-10-15 01:00:00+00:00
[2025-10-21T14:29:36.203+0000] {logging_mixin.py:188} INFO - [2025-10-21T14:29:36.203+0000] {dag.py:3947} INFO - Setting next_dagrun for consume_1_and_2_with_dataset_expressions to None, run_after=None
[2025-10-21T14:29:36.203+0000] {logging_mixin.py:188} INFO - [2025-10-21T14:29:36.203+0000] {dag.py:3947} INFO - Setting next_dagrun for consume_1_or_2_with_dataset_expressions to None, run_after=None
[2025-10-21T14:29:36.203+0000] {logging_mixin.py:188} INFO - [2025-10-21T14:29:36.203+0000] {dag.py:3947} INFO - Setting next_dagrun for consume_1_or_both_2_and_3_with_dataset_expressions to None, run_after=None
[2025-10-21T14:29:36.203+0000] {logging_mixin.py:188} INFO - [2025-10-21T14:29:36.203+0000] {dag.py:3947} INFO - Setting next_dagrun for dataset_consumes_1 to None, run_after=None
[2025-10-21T14:29:36.204+0000] {logging_mixin.py:188} INFO - [2025-10-21T14:29:36.204+0000] {dag.py:3947} INFO - Setting next_dagrun for dataset_consumes_1_and_2 to None, run_after=None
[2025-10-21T14:29:36.204+0000] {logging_mixin.py:188} INFO - [2025-10-21T14:29:36.204+0000] {dag.py:3947} INFO - Setting next_dagrun for dataset_consumes_1_never_scheduled to None, run_after=None
[2025-10-21T14:29:36.204+0000] {logging_mixin.py:188} INFO - [2025-10-21T14:29:36.204+0000] {dag.py:3947} INFO - Setting next_dagrun for dataset_consumes_unknown_never_scheduled to None, run_after=None
[2025-10-21T14:29:36.205+0000] {logging_mixin.py:188} INFO - [2025-10-21T14:29:36.205+0000] {dag.py:3947} INFO - Setting next_dagrun for dataset_produces_1 to 2025-10-20 00:00:00+00:00, run_after=2025-10-21 00:00:00+00:00
[2025-10-21T14:29:36.205+0000] {logging_mixin.py:188} INFO - [2025-10-21T14:29:36.205+0000] {dag.py:3947} INFO - Setting next_dagrun for dataset_produces_2 to None, run_after=None
[2025-10-21T14:29:36.231+0000] {processor.py:183} INFO - Processing /home/khaled/dbt-env/lib/python3.12/site-packages/airflow/example_dags/example_datasets.py took 1.052 seconds
[2025-10-21T14:31:46.221+0000] {processor.py:161} INFO - Started process (PID=7796) to work on /home/khaled/dbt-env/lib/python3.12/site-packages/airflow/example_dags/example_datasets.py
[2025-10-21T14:31:46.232+0000] {processor.py:830} INFO - Processing file /home/khaled/dbt-env/lib/python3.12/site-packages/airflow/example_dags/example_datasets.py for tasks to queue
[2025-10-21T14:31:46.234+0000] {logging_mixin.py:188} INFO - [2025-10-21T14:31:46.234+0000] {dagbag.py:545} INFO - Filling up the DagBag from /home/khaled/dbt-env/lib/python3.12/site-packages/airflow/example_dags/example_datasets.py
[2025-10-21T14:31:46.244+0000] {processor.py:840} INFO - DAG(s) 'dataset_produces_2', 'dataset_consumes_1', 'dataset_consumes_1_and_2', 'conditional_dataset_and_time_based_timetable', 'consume_1_and_2_with_dataset_expressions', 'dataset_consumes_unknown_never_scheduled', 'dataset_consumes_1_never_scheduled', 'consume_1_or_both_2_and_3_with_dataset_expressions', 'dataset_produces_1', 'consume_1_or_2_with_dataset_expressions' retrieved from /home/khaled/dbt-env/lib/python3.12/site-packages/airflow/example_dags/example_datasets.py
[2025-10-21T14:31:46.268+0000] {logging_mixin.py:188} INFO - [2025-10-21T14:31:46.268+0000] {dag.py:3089} INFO - Sync 10 DAGs
[2025-10-21T14:31:46.288+0000] {logging_mixin.py:188} INFO - [2025-10-21T14:31:46.288+0000] {dag.py:3947} INFO - Setting next_dagrun for conditional_dataset_and_time_based_timetable to 2025-10-15 01:00:00+00:00, run_after=2025-10-15 01:00:00+00:00
[2025-10-21T14:31:46.290+0000] {logging_mixin.py:188} INFO - [2025-10-21T14:31:46.290+0000] {dag.py:3947} INFO - Setting next_dagrun for consume_1_and_2_with_dataset_expressions to None, run_after=None
[2025-10-21T14:31:46.291+0000] {logging_mixin.py:188} INFO - [2025-10-21T14:31:46.291+0000] {dag.py:3947} INFO - Setting next_dagrun for consume_1_or_2_with_dataset_expressions to None, run_after=None
[2025-10-21T14:31:46.291+0000] {logging_mixin.py:188} INFO - [2025-10-21T14:31:46.291+0000] {dag.py:3947} INFO - Setting next_dagrun for consume_1_or_both_2_and_3_with_dataset_expressions to None, run_after=None
[2025-10-21T14:31:46.292+0000] {logging_mixin.py:188} INFO - [2025-10-21T14:31:46.292+0000] {dag.py:3947} INFO - Setting next_dagrun for dataset_consumes_1 to None, run_after=None
[2025-10-21T14:31:46.293+0000] {logging_mixin.py:188} INFO - [2025-10-21T14:31:46.293+0000] {dag.py:3947} INFO - Setting next_dagrun for dataset_consumes_1_and_2 to None, run_after=None
[2025-10-21T14:31:46.293+0000] {logging_mixin.py:188} INFO - [2025-10-21T14:31:46.293+0000] {dag.py:3947} INFO - Setting next_dagrun for dataset_consumes_1_never_scheduled to None, run_after=None
[2025-10-21T14:31:46.294+0000] {logging_mixin.py:188} INFO - [2025-10-21T14:31:46.294+0000] {dag.py:3947} INFO - Setting next_dagrun for dataset_consumes_unknown_never_scheduled to None, run_after=None
[2025-10-21T14:31:46.295+0000] {logging_mixin.py:188} INFO - [2025-10-21T14:31:46.295+0000] {dag.py:3947} INFO - Setting next_dagrun for dataset_produces_1 to 2025-10-20 00:00:00+00:00, run_after=2025-10-21 00:00:00+00:00
[2025-10-21T14:31:46.296+0000] {logging_mixin.py:188} INFO - [2025-10-21T14:31:46.296+0000] {dag.py:3947} INFO - Setting next_dagrun for dataset_produces_2 to None, run_after=None
[2025-10-21T14:31:46.324+0000] {processor.py:183} INFO - Processing /home/khaled/dbt-env/lib/python3.12/site-packages/airflow/example_dags/example_datasets.py took 0.107 seconds
[2025-10-21T14:49:00.575+0000] {processor.py:161} INFO - Started process (PID=12387) to work on /home/khaled/dbt-env/lib/python3.12/site-packages/airflow/example_dags/example_datasets.py
[2025-10-21T14:49:00.578+0000] {processor.py:830} INFO - Processing file /home/khaled/dbt-env/lib/python3.12/site-packages/airflow/example_dags/example_datasets.py for tasks to queue
[2025-10-21T14:49:00.579+0000] {logging_mixin.py:188} INFO - [2025-10-21T14:49:00.579+0000] {dagbag.py:545} INFO - Filling up the DagBag from /home/khaled/dbt-env/lib/python3.12/site-packages/airflow/example_dags/example_datasets.py
[2025-10-21T14:49:00.594+0000] {processor.py:840} INFO - DAG(s) 'dataset_consumes_1_never_scheduled', 'consume_1_or_both_2_and_3_with_dataset_expressions', 'consume_1_and_2_with_dataset_expressions', 'dataset_produces_1', 'dataset_produces_2', 'conditional_dataset_and_time_based_timetable', 'dataset_consumes_1', 'dataset_consumes_1_and_2', 'consume_1_or_2_with_dataset_expressions', 'dataset_consumes_unknown_never_scheduled' retrieved from /home/khaled/dbt-env/lib/python3.12/site-packages/airflow/example_dags/example_datasets.py
[2025-10-21T14:49:00.649+0000] {logging_mixin.py:188} INFO - [2025-10-21T14:49:00.646+0000] {dag.py:3089} INFO - Sync 10 DAGs
[2025-10-21T14:49:00.690+0000] {logging_mixin.py:188} INFO - [2025-10-21T14:49:00.689+0000] {dag.py:3947} INFO - Setting next_dagrun for conditional_dataset_and_time_based_timetable to 2025-10-15 01:00:00+00:00, run_after=2025-10-15 01:00:00+00:00
[2025-10-21T14:49:00.694+0000] {logging_mixin.py:188} INFO - [2025-10-21T14:49:00.693+0000] {dag.py:3947} INFO - Setting next_dagrun for consume_1_and_2_with_dataset_expressions to None, run_after=None
[2025-10-21T14:49:00.695+0000] {logging_mixin.py:188} INFO - [2025-10-21T14:49:00.694+0000] {dag.py:3947} INFO - Setting next_dagrun for consume_1_or_2_with_dataset_expressions to None, run_after=None
[2025-10-21T14:49:00.696+0000] {logging_mixin.py:188} INFO - [2025-10-21T14:49:00.696+0000] {dag.py:3947} INFO - Setting next_dagrun for consume_1_or_both_2_and_3_with_dataset_expressions to None, run_after=None
[2025-10-21T14:49:00.697+0000] {logging_mixin.py:188} INFO - [2025-10-21T14:49:00.697+0000] {dag.py:3947} INFO - Setting next_dagrun for dataset_consumes_1 to None, run_after=None
[2025-10-21T14:49:00.698+0000] {logging_mixin.py:188} INFO - [2025-10-21T14:49:00.697+0000] {dag.py:3947} INFO - Setting next_dagrun for dataset_consumes_1_and_2 to None, run_after=None
[2025-10-21T14:49:00.698+0000] {logging_mixin.py:188} INFO - [2025-10-21T14:49:00.698+0000] {dag.py:3947} INFO - Setting next_dagrun for dataset_consumes_1_never_scheduled to None, run_after=None
[2025-10-21T14:49:00.700+0000] {logging_mixin.py:188} INFO - [2025-10-21T14:49:00.699+0000] {dag.py:3947} INFO - Setting next_dagrun for dataset_consumes_unknown_never_scheduled to None, run_after=None
[2025-10-21T14:49:00.702+0000] {logging_mixin.py:188} INFO - [2025-10-21T14:49:00.702+0000] {dag.py:3947} INFO - Setting next_dagrun for dataset_produces_1 to 2025-10-20 00:00:00+00:00, run_after=2025-10-21 00:00:00+00:00
[2025-10-21T14:49:00.703+0000] {logging_mixin.py:188} INFO - [2025-10-21T14:49:00.703+0000] {dag.py:3947} INFO - Setting next_dagrun for dataset_produces_2 to None, run_after=None
[2025-10-21T14:49:00.734+0000] {processor.py:183} INFO - Processing /home/khaled/dbt-env/lib/python3.12/site-packages/airflow/example_dags/example_datasets.py took 0.170 seconds
[2025-10-21T14:49:56.360+0000] {processor.py:161} INFO - Started process (PID=12683) to work on /home/khaled/dbt-env/lib/python3.12/site-packages/airflow/example_dags/example_datasets.py
[2025-10-21T14:49:56.361+0000] {processor.py:830} INFO - Processing file /home/khaled/dbt-env/lib/python3.12/site-packages/airflow/example_dags/example_datasets.py for tasks to queue
[2025-10-21T14:49:56.362+0000] {logging_mixin.py:188} INFO - [2025-10-21T14:49:56.362+0000] {dagbag.py:545} INFO - Filling up the DagBag from /home/khaled/dbt-env/lib/python3.12/site-packages/airflow/example_dags/example_datasets.py
[2025-10-21T14:49:56.372+0000] {processor.py:840} INFO - DAG(s) 'dataset_produces_2', 'conditional_dataset_and_time_based_timetable', 'dataset_produces_1', 'dataset_consumes_1', 'consume_1_and_2_with_dataset_expressions', 'dataset_consumes_unknown_never_scheduled', 'consume_1_or_2_with_dataset_expressions', 'dataset_consumes_1_and_2', 'consume_1_or_both_2_and_3_with_dataset_expressions', 'dataset_consumes_1_never_scheduled' retrieved from /home/khaled/dbt-env/lib/python3.12/site-packages/airflow/example_dags/example_datasets.py
[2025-10-21T14:49:56.405+0000] {logging_mixin.py:188} INFO - [2025-10-21T14:49:56.405+0000] {dag.py:3089} INFO - Sync 10 DAGs
[2025-10-21T14:49:56.444+0000] {logging_mixin.py:188} INFO - [2025-10-21T14:49:56.444+0000] {dag.py:3947} INFO - Setting next_dagrun for conditional_dataset_and_time_based_timetable to 2025-10-15 01:00:00+00:00, run_after=2025-10-15 01:00:00+00:00
[2025-10-21T14:49:56.447+0000] {logging_mixin.py:188} INFO - [2025-10-21T14:49:56.447+0000] {dag.py:3947} INFO - Setting next_dagrun for consume_1_and_2_with_dataset_expressions to None, run_after=None
[2025-10-21T14:49:56.449+0000] {logging_mixin.py:188} INFO - [2025-10-21T14:49:56.448+0000] {dag.py:3947} INFO - Setting next_dagrun for consume_1_or_2_with_dataset_expressions to None, run_after=None
[2025-10-21T14:49:56.449+0000] {logging_mixin.py:188} INFO - [2025-10-21T14:49:56.449+0000] {dag.py:3947} INFO - Setting next_dagrun for consume_1_or_both_2_and_3_with_dataset_expressions to None, run_after=None
[2025-10-21T14:49:56.452+0000] {logging_mixin.py:188} INFO - [2025-10-21T14:49:56.452+0000] {dag.py:3947} INFO - Setting next_dagrun for dataset_consumes_1 to None, run_after=None
[2025-10-21T14:49:56.454+0000] {logging_mixin.py:188} INFO - [2025-10-21T14:49:56.454+0000] {dag.py:3947} INFO - Setting next_dagrun for dataset_consumes_1_and_2 to None, run_after=None
[2025-10-21T14:49:56.457+0000] {logging_mixin.py:188} INFO - [2025-10-21T14:49:56.457+0000] {dag.py:3947} INFO - Setting next_dagrun for dataset_consumes_1_never_scheduled to None, run_after=None
[2025-10-21T14:49:56.458+0000] {logging_mixin.py:188} INFO - [2025-10-21T14:49:56.457+0000] {dag.py:3947} INFO - Setting next_dagrun for dataset_consumes_unknown_never_scheduled to None, run_after=None
[2025-10-21T14:49:56.459+0000] {logging_mixin.py:188} INFO - [2025-10-21T14:49:56.459+0000] {dag.py:3947} INFO - Setting next_dagrun for dataset_produces_1 to 2025-10-20 00:00:00+00:00, run_after=2025-10-21 00:00:00+00:00
[2025-10-21T14:49:56.461+0000] {logging_mixin.py:188} INFO - [2025-10-21T14:49:56.460+0000] {dag.py:3947} INFO - Setting next_dagrun for dataset_produces_2 to None, run_after=None
[2025-10-21T14:49:56.513+0000] {processor.py:183} INFO - Processing /home/khaled/dbt-env/lib/python3.12/site-packages/airflow/example_dags/example_datasets.py took 0.158 seconds
[2025-10-21T14:50:49.939+0000] {processor.py:161} INFO - Started process (PID=12972) to work on /home/khaled/dbt-env/lib/python3.12/site-packages/airflow/example_dags/example_datasets.py
[2025-10-21T14:50:49.940+0000] {processor.py:830} INFO - Processing file /home/khaled/dbt-env/lib/python3.12/site-packages/airflow/example_dags/example_datasets.py for tasks to queue
[2025-10-21T14:50:49.942+0000] {logging_mixin.py:188} INFO - [2025-10-21T14:50:49.942+0000] {dagbag.py:545} INFO - Filling up the DagBag from /home/khaled/dbt-env/lib/python3.12/site-packages/airflow/example_dags/example_datasets.py
[2025-10-21T14:50:49.962+0000] {processor.py:840} INFO - DAG(s) 'consume_1_or_both_2_and_3_with_dataset_expressions', 'conditional_dataset_and_time_based_timetable', 'dataset_consumes_unknown_never_scheduled', 'consume_1_and_2_with_dataset_expressions', 'dataset_produces_1', 'consume_1_or_2_with_dataset_expressions', 'dataset_consumes_1_and_2', 'dataset_consumes_1', 'dataset_produces_2', 'dataset_consumes_1_never_scheduled' retrieved from /home/khaled/dbt-env/lib/python3.12/site-packages/airflow/example_dags/example_datasets.py
[2025-10-21T14:50:50.004+0000] {logging_mixin.py:188} INFO - [2025-10-21T14:50:50.003+0000] {dag.py:3089} INFO - Sync 10 DAGs
[2025-10-21T14:50:50.033+0000] {logging_mixin.py:188} INFO - [2025-10-21T14:50:50.032+0000] {dag.py:3947} INFO - Setting next_dagrun for conditional_dataset_and_time_based_timetable to 2025-10-15 01:00:00+00:00, run_after=2025-10-15 01:00:00+00:00
[2025-10-21T14:50:50.037+0000] {logging_mixin.py:188} INFO - [2025-10-21T14:50:50.037+0000] {dag.py:3947} INFO - Setting next_dagrun for consume_1_and_2_with_dataset_expressions to None, run_after=None
[2025-10-21T14:50:50.038+0000] {logging_mixin.py:188} INFO - [2025-10-21T14:50:50.038+0000] {dag.py:3947} INFO - Setting next_dagrun for consume_1_or_2_with_dataset_expressions to None, run_after=None
[2025-10-21T14:50:50.039+0000] {logging_mixin.py:188} INFO - [2025-10-21T14:50:50.039+0000] {dag.py:3947} INFO - Setting next_dagrun for consume_1_or_both_2_and_3_with_dataset_expressions to None, run_after=None
[2025-10-21T14:50:50.040+0000] {logging_mixin.py:188} INFO - [2025-10-21T14:50:50.040+0000] {dag.py:3947} INFO - Setting next_dagrun for dataset_consumes_1 to None, run_after=None
[2025-10-21T14:50:50.041+0000] {logging_mixin.py:188} INFO - [2025-10-21T14:50:50.040+0000] {dag.py:3947} INFO - Setting next_dagrun for dataset_consumes_1_and_2 to None, run_after=None
[2025-10-21T14:50:50.041+0000] {logging_mixin.py:188} INFO - [2025-10-21T14:50:50.041+0000] {dag.py:3947} INFO - Setting next_dagrun for dataset_consumes_1_never_scheduled to None, run_after=None
[2025-10-21T14:50:50.041+0000] {logging_mixin.py:188} INFO - [2025-10-21T14:50:50.041+0000] {dag.py:3947} INFO - Setting next_dagrun for dataset_consumes_unknown_never_scheduled to None, run_after=None
[2025-10-21T14:50:50.043+0000] {logging_mixin.py:188} INFO - [2025-10-21T14:50:50.043+0000] {dag.py:3947} INFO - Setting next_dagrun for dataset_produces_1 to 2025-10-20 00:00:00+00:00, run_after=2025-10-21 00:00:00+00:00
[2025-10-21T14:50:50.043+0000] {logging_mixin.py:188} INFO - [2025-10-21T14:50:50.043+0000] {dag.py:3947} INFO - Setting next_dagrun for dataset_produces_2 to None, run_after=None
[2025-10-21T14:50:50.088+0000] {processor.py:183} INFO - Processing /home/khaled/dbt-env/lib/python3.12/site-packages/airflow/example_dags/example_datasets.py took 0.156 seconds
[2025-10-21T14:51:47.790+0000] {processor.py:161} INFO - Started process (PID=13284) to work on /home/khaled/dbt-env/lib/python3.12/site-packages/airflow/example_dags/example_datasets.py
[2025-10-21T14:51:47.801+0000] {processor.py:830} INFO - Processing file /home/khaled/dbt-env/lib/python3.12/site-packages/airflow/example_dags/example_datasets.py for tasks to queue
[2025-10-21T14:51:47.802+0000] {logging_mixin.py:188} INFO - [2025-10-21T14:51:47.802+0000] {dagbag.py:545} INFO - Filling up the DagBag from /home/khaled/dbt-env/lib/python3.12/site-packages/airflow/example_dags/example_datasets.py
[2025-10-21T14:51:47.809+0000] {processor.py:840} INFO - DAG(s) 'consume_1_or_both_2_and_3_with_dataset_expressions', 'dataset_consumes_1_never_scheduled', 'dataset_consumes_1_and_2', 'dataset_produces_1', 'conditional_dataset_and_time_based_timetable', 'dataset_consumes_unknown_never_scheduled', 'consume_1_and_2_with_dataset_expressions', 'dataset_produces_2', 'consume_1_or_2_with_dataset_expressions', 'dataset_consumes_1' retrieved from /home/khaled/dbt-env/lib/python3.12/site-packages/airflow/example_dags/example_datasets.py
[2025-10-21T14:51:47.830+0000] {logging_mixin.py:188} INFO - [2025-10-21T14:51:47.830+0000] {dag.py:3089} INFO - Sync 10 DAGs
[2025-10-21T14:51:47.843+0000] {logging_mixin.py:188} INFO - [2025-10-21T14:51:47.843+0000] {dag.py:3947} INFO - Setting next_dagrun for conditional_dataset_and_time_based_timetable to 2025-10-15 01:00:00+00:00, run_after=2025-10-15 01:00:00+00:00
[2025-10-21T14:51:47.846+0000] {logging_mixin.py:188} INFO - [2025-10-21T14:51:47.846+0000] {dag.py:3947} INFO - Setting next_dagrun for consume_1_and_2_with_dataset_expressions to None, run_after=None
[2025-10-21T14:51:47.849+0000] {logging_mixin.py:188} INFO - [2025-10-21T14:51:47.849+0000] {dag.py:3947} INFO - Setting next_dagrun for consume_1_or_2_with_dataset_expressions to None, run_after=None
[2025-10-21T14:51:47.850+0000] {logging_mixin.py:188} INFO - [2025-10-21T14:51:47.850+0000] {dag.py:3947} INFO - Setting next_dagrun for consume_1_or_both_2_and_3_with_dataset_expressions to None, run_after=None
[2025-10-21T14:51:47.851+0000] {logging_mixin.py:188} INFO - [2025-10-21T14:51:47.851+0000] {dag.py:3947} INFO - Setting next_dagrun for dataset_consumes_1 to None, run_after=None
[2025-10-21T14:51:47.851+0000] {logging_mixin.py:188} INFO - [2025-10-21T14:51:47.851+0000] {dag.py:3947} INFO - Setting next_dagrun for dataset_consumes_1_and_2 to None, run_after=None
[2025-10-21T14:51:47.852+0000] {logging_mixin.py:188} INFO - [2025-10-21T14:51:47.852+0000] {dag.py:3947} INFO - Setting next_dagrun for dataset_consumes_1_never_scheduled to None, run_after=None
[2025-10-21T14:51:47.853+0000] {logging_mixin.py:188} INFO - [2025-10-21T14:51:47.852+0000] {dag.py:3947} INFO - Setting next_dagrun for dataset_consumes_unknown_never_scheduled to None, run_after=None
[2025-10-21T14:51:47.854+0000] {logging_mixin.py:188} INFO - [2025-10-21T14:51:47.854+0000] {dag.py:3947} INFO - Setting next_dagrun for dataset_produces_1 to 2025-10-20 00:00:00+00:00, run_after=2025-10-21 00:00:00+00:00
[2025-10-21T14:51:47.855+0000] {logging_mixin.py:188} INFO - [2025-10-21T14:51:47.854+0000] {dag.py:3947} INFO - Setting next_dagrun for dataset_produces_2 to None, run_after=None
[2025-10-21T14:51:47.885+0000] {processor.py:183} INFO - Processing /home/khaled/dbt-env/lib/python3.12/site-packages/airflow/example_dags/example_datasets.py took 0.099 seconds
[2025-10-21T14:52:47.007+0000] {processor.py:161} INFO - Started process (PID=13551) to work on /home/khaled/dbt-env/lib/python3.12/site-packages/airflow/example_dags/example_datasets.py
[2025-10-21T14:52:47.009+0000] {processor.py:830} INFO - Processing file /home/khaled/dbt-env/lib/python3.12/site-packages/airflow/example_dags/example_datasets.py for tasks to queue
[2025-10-21T14:52:47.011+0000] {logging_mixin.py:188} INFO - [2025-10-21T14:52:47.010+0000] {dagbag.py:545} INFO - Filling up the DagBag from /home/khaled/dbt-env/lib/python3.12/site-packages/airflow/example_dags/example_datasets.py
[2025-10-21T14:52:47.020+0000] {processor.py:840} INFO - DAG(s) 'dataset_consumes_1_and_2', 'consume_1_or_both_2_and_3_with_dataset_expressions', 'conditional_dataset_and_time_based_timetable', 'dataset_produces_2', 'consume_1_or_2_with_dataset_expressions', 'dataset_consumes_1_never_scheduled', 'consume_1_and_2_with_dataset_expressions', 'dataset_consumes_unknown_never_scheduled', 'dataset_produces_1', 'dataset_consumes_1' retrieved from /home/khaled/dbt-env/lib/python3.12/site-packages/airflow/example_dags/example_datasets.py
[2025-10-21T14:52:47.044+0000] {logging_mixin.py:188} INFO - [2025-10-21T14:52:47.044+0000] {dag.py:3089} INFO - Sync 10 DAGs
[2025-10-21T14:52:47.060+0000] {logging_mixin.py:188} INFO - [2025-10-21T14:52:47.060+0000] {dag.py:3947} INFO - Setting next_dagrun for conditional_dataset_and_time_based_timetable to 2025-10-15 01:00:00+00:00, run_after=2025-10-15 01:00:00+00:00
[2025-10-21T14:52:47.064+0000] {logging_mixin.py:188} INFO - [2025-10-21T14:52:47.063+0000] {dag.py:3947} INFO - Setting next_dagrun for consume_1_and_2_with_dataset_expressions to None, run_after=None
[2025-10-21T14:52:47.064+0000] {logging_mixin.py:188} INFO - [2025-10-21T14:52:47.064+0000] {dag.py:3947} INFO - Setting next_dagrun for consume_1_or_2_with_dataset_expressions to None, run_after=None
[2025-10-21T14:52:47.065+0000] {logging_mixin.py:188} INFO - [2025-10-21T14:52:47.065+0000] {dag.py:3947} INFO - Setting next_dagrun for consume_1_or_both_2_and_3_with_dataset_expressions to None, run_after=None
[2025-10-21T14:52:47.066+0000] {logging_mixin.py:188} INFO - [2025-10-21T14:52:47.065+0000] {dag.py:3947} INFO - Setting next_dagrun for dataset_consumes_1 to None, run_after=None
[2025-10-21T14:52:47.066+0000] {logging_mixin.py:188} INFO - [2025-10-21T14:52:47.066+0000] {dag.py:3947} INFO - Setting next_dagrun for dataset_consumes_1_and_2 to None, run_after=None
[2025-10-21T14:52:47.067+0000] {logging_mixin.py:188} INFO - [2025-10-21T14:52:47.067+0000] {dag.py:3947} INFO - Setting next_dagrun for dataset_consumes_1_never_scheduled to None, run_after=None
[2025-10-21T14:52:47.067+0000] {logging_mixin.py:188} INFO - [2025-10-21T14:52:47.067+0000] {dag.py:3947} INFO - Setting next_dagrun for dataset_consumes_unknown_never_scheduled to None, run_after=None
[2025-10-21T14:52:47.068+0000] {logging_mixin.py:188} INFO - [2025-10-21T14:52:47.068+0000] {dag.py:3947} INFO - Setting next_dagrun for dataset_produces_1 to 2025-10-20 00:00:00+00:00, run_after=2025-10-21 00:00:00+00:00
[2025-10-21T14:52:47.069+0000] {logging_mixin.py:188} INFO - [2025-10-21T14:52:47.069+0000] {dag.py:3947} INFO - Setting next_dagrun for dataset_produces_2 to None, run_after=None
[2025-10-21T14:52:47.100+0000] {processor.py:183} INFO - Processing /home/khaled/dbt-env/lib/python3.12/site-packages/airflow/example_dags/example_datasets.py took 0.100 seconds
[2025-10-21T14:53:42.542+0000] {processor.py:161} INFO - Started process (PID=13997) to work on /home/khaled/dbt-env/lib/python3.12/site-packages/airflow/example_dags/example_datasets.py
[2025-10-21T14:53:42.544+0000] {processor.py:830} INFO - Processing file /home/khaled/dbt-env/lib/python3.12/site-packages/airflow/example_dags/example_datasets.py for tasks to queue
[2025-10-21T14:53:42.545+0000] {logging_mixin.py:188} INFO - [2025-10-21T14:53:42.545+0000] {dagbag.py:545} INFO - Filling up the DagBag from /home/khaled/dbt-env/lib/python3.12/site-packages/airflow/example_dags/example_datasets.py
[2025-10-21T14:53:42.553+0000] {processor.py:840} INFO - DAG(s) 'dataset_consumes_1_and_2', 'conditional_dataset_and_time_based_timetable', 'dataset_produces_1', 'dataset_consumes_1_never_scheduled', 'dataset_produces_2', 'consume_1_or_2_with_dataset_expressions', 'dataset_consumes_unknown_never_scheduled', 'consume_1_and_2_with_dataset_expressions', 'consume_1_or_both_2_and_3_with_dataset_expressions', 'dataset_consumes_1' retrieved from /home/khaled/dbt-env/lib/python3.12/site-packages/airflow/example_dags/example_datasets.py
[2025-10-21T14:53:42.577+0000] {logging_mixin.py:188} INFO - [2025-10-21T14:53:42.577+0000] {dag.py:3089} INFO - Sync 10 DAGs
[2025-10-21T14:53:42.594+0000] {logging_mixin.py:188} INFO - [2025-10-21T14:53:42.594+0000] {dag.py:3947} INFO - Setting next_dagrun for conditional_dataset_and_time_based_timetable to 2025-10-15 01:00:00+00:00, run_after=2025-10-15 01:00:00+00:00
[2025-10-21T14:53:42.598+0000] {logging_mixin.py:188} INFO - [2025-10-21T14:53:42.598+0000] {dag.py:3947} INFO - Setting next_dagrun for consume_1_and_2_with_dataset_expressions to None, run_after=None
[2025-10-21T14:53:42.599+0000] {logging_mixin.py:188} INFO - [2025-10-21T14:53:42.599+0000] {dag.py:3947} INFO - Setting next_dagrun for consume_1_or_2_with_dataset_expressions to None, run_after=None
[2025-10-21T14:53:42.601+0000] {logging_mixin.py:188} INFO - [2025-10-21T14:53:42.601+0000] {dag.py:3947} INFO - Setting next_dagrun for consume_1_or_both_2_and_3_with_dataset_expressions to None, run_after=None
[2025-10-21T14:53:42.602+0000] {logging_mixin.py:188} INFO - [2025-10-21T14:53:42.602+0000] {dag.py:3947} INFO - Setting next_dagrun for dataset_consumes_1 to None, run_after=None
[2025-10-21T14:53:42.602+0000] {logging_mixin.py:188} INFO - [2025-10-21T14:53:42.602+0000] {dag.py:3947} INFO - Setting next_dagrun for dataset_consumes_1_and_2 to None, run_after=None
[2025-10-21T14:53:42.603+0000] {logging_mixin.py:188} INFO - [2025-10-21T14:53:42.603+0000] {dag.py:3947} INFO - Setting next_dagrun for dataset_consumes_1_never_scheduled to None, run_after=None
[2025-10-21T14:53:42.604+0000] {logging_mixin.py:188} INFO - [2025-10-21T14:53:42.604+0000] {dag.py:3947} INFO - Setting next_dagrun for dataset_consumes_unknown_never_scheduled to None, run_after=None
[2025-10-21T14:53:42.605+0000] {logging_mixin.py:188} INFO - [2025-10-21T14:53:42.605+0000] {dag.py:3947} INFO - Setting next_dagrun for dataset_produces_1 to 2025-10-20 00:00:00+00:00, run_after=2025-10-21 00:00:00+00:00
[2025-10-21T14:53:42.605+0000] {logging_mixin.py:188} INFO - [2025-10-21T14:53:42.605+0000] {dag.py:3947} INFO - Setting next_dagrun for dataset_produces_2 to None, run_after=None
[2025-10-21T14:53:42.631+0000] {processor.py:183} INFO - Processing /home/khaled/dbt-env/lib/python3.12/site-packages/airflow/example_dags/example_datasets.py took 0.093 seconds
[2025-10-21T14:54:40.805+0000] {processor.py:161} INFO - Started process (PID=14266) to work on /home/khaled/dbt-env/lib/python3.12/site-packages/airflow/example_dags/example_datasets.py
[2025-10-21T14:54:40.807+0000] {processor.py:830} INFO - Processing file /home/khaled/dbt-env/lib/python3.12/site-packages/airflow/example_dags/example_datasets.py for tasks to queue
[2025-10-21T14:54:40.811+0000] {logging_mixin.py:188} INFO - [2025-10-21T14:54:40.808+0000] {dagbag.py:545} INFO - Filling up the DagBag from /home/khaled/dbt-env/lib/python3.12/site-packages/airflow/example_dags/example_datasets.py
[2025-10-21T14:54:40.826+0000] {processor.py:840} INFO - DAG(s) 'conditional_dataset_and_time_based_timetable', 'dataset_consumes_unknown_never_scheduled', 'consume_1_or_both_2_and_3_with_dataset_expressions', 'consume_1_or_2_with_dataset_expressions', 'dataset_consumes_1', 'dataset_produces_1', 'dataset_consumes_1_never_scheduled', 'dataset_consumes_1_and_2', 'dataset_produces_2', 'consume_1_and_2_with_dataset_expressions' retrieved from /home/khaled/dbt-env/lib/python3.12/site-packages/airflow/example_dags/example_datasets.py
[2025-10-21T14:54:40.861+0000] {logging_mixin.py:188} INFO - [2025-10-21T14:54:40.861+0000] {dag.py:3089} INFO - Sync 10 DAGs
[2025-10-21T14:54:40.878+0000] {logging_mixin.py:188} INFO - [2025-10-21T14:54:40.878+0000] {dag.py:3947} INFO - Setting next_dagrun for conditional_dataset_and_time_based_timetable to 2025-10-15 01:00:00+00:00, run_after=2025-10-15 01:00:00+00:00
[2025-10-21T14:54:40.880+0000] {logging_mixin.py:188} INFO - [2025-10-21T14:54:40.880+0000] {dag.py:3947} INFO - Setting next_dagrun for consume_1_and_2_with_dataset_expressions to None, run_after=None
[2025-10-21T14:54:40.881+0000] {logging_mixin.py:188} INFO - [2025-10-21T14:54:40.881+0000] {dag.py:3947} INFO - Setting next_dagrun for consume_1_or_2_with_dataset_expressions to None, run_after=None
[2025-10-21T14:54:40.882+0000] {logging_mixin.py:188} INFO - [2025-10-21T14:54:40.881+0000] {dag.py:3947} INFO - Setting next_dagrun for consume_1_or_both_2_and_3_with_dataset_expressions to None, run_after=None
[2025-10-21T14:54:40.882+0000] {logging_mixin.py:188} INFO - [2025-10-21T14:54:40.882+0000] {dag.py:3947} INFO - Setting next_dagrun for dataset_consumes_1 to None, run_after=None
[2025-10-21T14:54:40.882+0000] {logging_mixin.py:188} INFO - [2025-10-21T14:54:40.882+0000] {dag.py:3947} INFO - Setting next_dagrun for dataset_consumes_1_and_2 to None, run_after=None
[2025-10-21T14:54:40.883+0000] {logging_mixin.py:188} INFO - [2025-10-21T14:54:40.883+0000] {dag.py:3947} INFO - Setting next_dagrun for dataset_consumes_1_never_scheduled to None, run_after=None
[2025-10-21T14:54:40.883+0000] {logging_mixin.py:188} INFO - [2025-10-21T14:54:40.883+0000] {dag.py:3947} INFO - Setting next_dagrun for dataset_consumes_unknown_never_scheduled to None, run_after=None
[2025-10-21T14:54:40.884+0000] {logging_mixin.py:188} INFO - [2025-10-21T14:54:40.884+0000] {dag.py:3947} INFO - Setting next_dagrun for dataset_produces_1 to 2025-10-20 00:00:00+00:00, run_after=2025-10-21 00:00:00+00:00
[2025-10-21T14:54:40.885+0000] {logging_mixin.py:188} INFO - [2025-10-21T14:54:40.885+0000] {dag.py:3947} INFO - Setting next_dagrun for dataset_produces_2 to None, run_after=None
[2025-10-21T14:54:40.910+0000] {processor.py:183} INFO - Processing /home/khaled/dbt-env/lib/python3.12/site-packages/airflow/example_dags/example_datasets.py took 0.110 seconds
[2025-10-21T14:55:34.283+0000] {processor.py:161} INFO - Started process (PID=14482) to work on /home/khaled/dbt-env/lib/python3.12/site-packages/airflow/example_dags/example_datasets.py
[2025-10-21T14:55:34.287+0000] {processor.py:830} INFO - Processing file /home/khaled/dbt-env/lib/python3.12/site-packages/airflow/example_dags/example_datasets.py for tasks to queue
[2025-10-21T14:55:34.288+0000] {logging_mixin.py:188} INFO - [2025-10-21T14:55:34.288+0000] {dagbag.py:545} INFO - Filling up the DagBag from /home/khaled/dbt-env/lib/python3.12/site-packages/airflow/example_dags/example_datasets.py
[2025-10-21T14:55:34.296+0000] {processor.py:840} INFO - DAG(s) 'dataset_consumes_unknown_never_scheduled', 'dataset_consumes_1', 'consume_1_or_2_with_dataset_expressions', 'conditional_dataset_and_time_based_timetable', 'dataset_consumes_1_never_scheduled', 'consume_1_and_2_with_dataset_expressions', 'dataset_produces_1', 'dataset_produces_2', 'consume_1_or_both_2_and_3_with_dataset_expressions', 'dataset_consumes_1_and_2' retrieved from /home/khaled/dbt-env/lib/python3.12/site-packages/airflow/example_dags/example_datasets.py
[2025-10-21T14:55:34.323+0000] {logging_mixin.py:188} INFO - [2025-10-21T14:55:34.323+0000] {dag.py:3089} INFO - Sync 10 DAGs
[2025-10-21T14:55:34.345+0000] {logging_mixin.py:188} INFO - [2025-10-21T14:55:34.345+0000] {dag.py:3947} INFO - Setting next_dagrun for conditional_dataset_and_time_based_timetable to 2025-10-15 01:00:00+00:00, run_after=2025-10-15 01:00:00+00:00
[2025-10-21T14:55:34.349+0000] {logging_mixin.py:188} INFO - [2025-10-21T14:55:34.348+0000] {dag.py:3947} INFO - Setting next_dagrun for consume_1_and_2_with_dataset_expressions to None, run_after=None
[2025-10-21T14:55:34.350+0000] {logging_mixin.py:188} INFO - [2025-10-21T14:55:34.350+0000] {dag.py:3947} INFO - Setting next_dagrun for consume_1_or_2_with_dataset_expressions to None, run_after=None
[2025-10-21T14:55:34.351+0000] {logging_mixin.py:188} INFO - [2025-10-21T14:55:34.351+0000] {dag.py:3947} INFO - Setting next_dagrun for consume_1_or_both_2_and_3_with_dataset_expressions to None, run_after=None
[2025-10-21T14:55:34.351+0000] {logging_mixin.py:188} INFO - [2025-10-21T14:55:34.351+0000] {dag.py:3947} INFO - Setting next_dagrun for dataset_consumes_1 to None, run_after=None
[2025-10-21T14:55:34.352+0000] {logging_mixin.py:188} INFO - [2025-10-21T14:55:34.352+0000] {dag.py:3947} INFO - Setting next_dagrun for dataset_consumes_1_and_2 to None, run_after=None
[2025-10-21T14:55:34.353+0000] {logging_mixin.py:188} INFO - [2025-10-21T14:55:34.353+0000] {dag.py:3947} INFO - Setting next_dagrun for dataset_consumes_1_never_scheduled to None, run_after=None
[2025-10-21T14:55:34.354+0000] {logging_mixin.py:188} INFO - [2025-10-21T14:55:34.354+0000] {dag.py:3947} INFO - Setting next_dagrun for dataset_consumes_unknown_never_scheduled to None, run_after=None
[2025-10-21T14:55:34.355+0000] {logging_mixin.py:188} INFO - [2025-10-21T14:55:34.355+0000] {dag.py:3947} INFO - Setting next_dagrun for dataset_produces_1 to 2025-10-20 00:00:00+00:00, run_after=2025-10-21 00:00:00+00:00
[2025-10-21T14:55:34.355+0000] {logging_mixin.py:188} INFO - [2025-10-21T14:55:34.355+0000] {dag.py:3947} INFO - Setting next_dagrun for dataset_produces_2 to None, run_after=None
[2025-10-21T14:55:34.501+0000] {processor.py:183} INFO - Processing /home/khaled/dbt-env/lib/python3.12/site-packages/airflow/example_dags/example_datasets.py took 0.222 seconds
[2025-10-21T14:56:58.032+0000] {processor.py:161} INFO - Started process (PID=14701) to work on /home/khaled/dbt-env/lib/python3.12/site-packages/airflow/example_dags/example_datasets.py
[2025-10-21T14:56:58.043+0000] {processor.py:830} INFO - Processing file /home/khaled/dbt-env/lib/python3.12/site-packages/airflow/example_dags/example_datasets.py for tasks to queue
[2025-10-21T14:56:58.044+0000] {logging_mixin.py:188} INFO - [2025-10-21T14:56:58.044+0000] {dagbag.py:545} INFO - Filling up the DagBag from /home/khaled/dbt-env/lib/python3.12/site-packages/airflow/example_dags/example_datasets.py
[2025-10-21T14:56:58.053+0000] {processor.py:840} INFO - DAG(s) 'conditional_dataset_and_time_based_timetable', 'dataset_consumes_unknown_never_scheduled', 'dataset_consumes_1', 'dataset_produces_1', 'consume_1_and_2_with_dataset_expressions', 'consume_1_or_2_with_dataset_expressions', 'dataset_consumes_1_and_2', 'dataset_produces_2', 'consume_1_or_both_2_and_3_with_dataset_expressions', 'dataset_consumes_1_never_scheduled' retrieved from /home/khaled/dbt-env/lib/python3.12/site-packages/airflow/example_dags/example_datasets.py
[2025-10-21T14:56:58.077+0000] {logging_mixin.py:188} INFO - [2025-10-21T14:56:58.076+0000] {dag.py:3089} INFO - Sync 10 DAGs
[2025-10-21T14:56:58.092+0000] {logging_mixin.py:188} INFO - [2025-10-21T14:56:58.092+0000] {dag.py:3947} INFO - Setting next_dagrun for conditional_dataset_and_time_based_timetable to 2025-10-15 01:00:00+00:00, run_after=2025-10-15 01:00:00+00:00
[2025-10-21T14:56:58.094+0000] {logging_mixin.py:188} INFO - [2025-10-21T14:56:58.094+0000] {dag.py:3947} INFO - Setting next_dagrun for consume_1_and_2_with_dataset_expressions to None, run_after=None
[2025-10-21T14:56:58.095+0000] {logging_mixin.py:188} INFO - [2025-10-21T14:56:58.095+0000] {dag.py:3947} INFO - Setting next_dagrun for consume_1_or_2_with_dataset_expressions to None, run_after=None
[2025-10-21T14:56:58.095+0000] {logging_mixin.py:188} INFO - [2025-10-21T14:56:58.095+0000] {dag.py:3947} INFO - Setting next_dagrun for consume_1_or_both_2_and_3_with_dataset_expressions to None, run_after=None
[2025-10-21T14:56:58.096+0000] {logging_mixin.py:188} INFO - [2025-10-21T14:56:58.095+0000] {dag.py:3947} INFO - Setting next_dagrun for dataset_consumes_1 to None, run_after=None
[2025-10-21T14:56:58.096+0000] {logging_mixin.py:188} INFO - [2025-10-21T14:56:58.096+0000] {dag.py:3947} INFO - Setting next_dagrun for dataset_consumes_1_and_2 to None, run_after=None
[2025-10-21T14:56:58.096+0000] {logging_mixin.py:188} INFO - [2025-10-21T14:56:58.096+0000] {dag.py:3947} INFO - Setting next_dagrun for dataset_consumes_1_never_scheduled to None, run_after=None
[2025-10-21T14:56:58.097+0000] {logging_mixin.py:188} INFO - [2025-10-21T14:56:58.097+0000] {dag.py:3947} INFO - Setting next_dagrun for dataset_consumes_unknown_never_scheduled to None, run_after=None
[2025-10-21T14:56:58.098+0000] {logging_mixin.py:188} INFO - [2025-10-21T14:56:58.098+0000] {dag.py:3947} INFO - Setting next_dagrun for dataset_produces_1 to 2025-10-20 00:00:00+00:00, run_after=2025-10-21 00:00:00+00:00
[2025-10-21T14:56:58.098+0000] {logging_mixin.py:188} INFO - [2025-10-21T14:56:58.098+0000] {dag.py:3947} INFO - Setting next_dagrun for dataset_produces_2 to None, run_after=None
[2025-10-21T14:56:58.124+0000] {processor.py:183} INFO - Processing /home/khaled/dbt-env/lib/python3.12/site-packages/airflow/example_dags/example_datasets.py took 0.096 seconds
[2025-10-21T15:00:01.296+0000] {processor.py:161} INFO - Started process (PID=14831) to work on /home/khaled/dbt-env/lib/python3.12/site-packages/airflow/example_dags/example_datasets.py
[2025-10-21T15:00:01.308+0000] {processor.py:830} INFO - Processing file /home/khaled/dbt-env/lib/python3.12/site-packages/airflow/example_dags/example_datasets.py for tasks to queue
[2025-10-21T15:00:01.310+0000] {logging_mixin.py:188} INFO - [2025-10-21T15:00:01.309+0000] {dagbag.py:545} INFO - Filling up the DagBag from /home/khaled/dbt-env/lib/python3.12/site-packages/airflow/example_dags/example_datasets.py
[2025-10-21T15:00:01.320+0000] {processor.py:840} INFO - DAG(s) 'consume_1_and_2_with_dataset_expressions', 'dataset_produces_2', 'conditional_dataset_and_time_based_timetable', 'consume_1_or_2_with_dataset_expressions', 'dataset_produces_1', 'dataset_consumes_1', 'dataset_consumes_1_never_scheduled', 'dataset_consumes_unknown_never_scheduled', 'consume_1_or_both_2_and_3_with_dataset_expressions', 'dataset_consumes_1_and_2' retrieved from /home/khaled/dbt-env/lib/python3.12/site-packages/airflow/example_dags/example_datasets.py
[2025-10-21T15:00:01.349+0000] {logging_mixin.py:188} INFO - [2025-10-21T15:00:01.348+0000] {dag.py:3089} INFO - Sync 10 DAGs
[2025-10-21T15:00:01.374+0000] {logging_mixin.py:188} INFO - [2025-10-21T15:00:01.374+0000] {dag.py:3947} INFO - Setting next_dagrun for conditional_dataset_and_time_based_timetable to 2025-10-15 01:00:00+00:00, run_after=2025-10-15 01:00:00+00:00
[2025-10-21T15:00:01.378+0000] {logging_mixin.py:188} INFO - [2025-10-21T15:00:01.378+0000] {dag.py:3947} INFO - Setting next_dagrun for consume_1_and_2_with_dataset_expressions to None, run_after=None
[2025-10-21T15:00:01.380+0000] {logging_mixin.py:188} INFO - [2025-10-21T15:00:01.380+0000] {dag.py:3947} INFO - Setting next_dagrun for consume_1_or_2_with_dataset_expressions to None, run_after=None
[2025-10-21T15:00:01.381+0000] {logging_mixin.py:188} INFO - [2025-10-21T15:00:01.381+0000] {dag.py:3947} INFO - Setting next_dagrun for consume_1_or_both_2_and_3_with_dataset_expressions to None, run_after=None
[2025-10-21T15:00:01.382+0000] {logging_mixin.py:188} INFO - [2025-10-21T15:00:01.382+0000] {dag.py:3947} INFO - Setting next_dagrun for dataset_consumes_1 to None, run_after=None
[2025-10-21T15:00:01.383+0000] {logging_mixin.py:188} INFO - [2025-10-21T15:00:01.383+0000] {dag.py:3947} INFO - Setting next_dagrun for dataset_consumes_1_and_2 to None, run_after=None
[2025-10-21T15:00:01.383+0000] {logging_mixin.py:188} INFO - [2025-10-21T15:00:01.383+0000] {dag.py:3947} INFO - Setting next_dagrun for dataset_consumes_1_never_scheduled to None, run_after=None
[2025-10-21T15:00:01.384+0000] {logging_mixin.py:188} INFO - [2025-10-21T15:00:01.384+0000] {dag.py:3947} INFO - Setting next_dagrun for dataset_consumes_unknown_never_scheduled to None, run_after=None
[2025-10-21T15:00:01.385+0000] {logging_mixin.py:188} INFO - [2025-10-21T15:00:01.385+0000] {dag.py:3947} INFO - Setting next_dagrun for dataset_produces_1 to 2025-10-20 00:00:00+00:00, run_after=2025-10-21 00:00:00+00:00
[2025-10-21T15:00:01.387+0000] {logging_mixin.py:188} INFO - [2025-10-21T15:00:01.386+0000] {dag.py:3947} INFO - Setting next_dagrun for dataset_produces_2 to None, run_after=None
[2025-10-21T15:00:01.414+0000] {processor.py:183} INFO - Processing /home/khaled/dbt-env/lib/python3.12/site-packages/airflow/example_dags/example_datasets.py took 0.122 seconds
[2025-10-21T15:00:56.546+0000] {processor.py:161} INFO - Started process (PID=15068) to work on /home/khaled/dbt-env/lib/python3.12/site-packages/airflow/example_dags/example_datasets.py
[2025-10-21T15:00:56.548+0000] {processor.py:830} INFO - Processing file /home/khaled/dbt-env/lib/python3.12/site-packages/airflow/example_dags/example_datasets.py for tasks to queue
[2025-10-21T15:00:56.550+0000] {logging_mixin.py:188} INFO - [2025-10-21T15:00:56.550+0000] {dagbag.py:545} INFO - Filling up the DagBag from /home/khaled/dbt-env/lib/python3.12/site-packages/airflow/example_dags/example_datasets.py
[2025-10-21T15:00:56.569+0000] {processor.py:840} INFO - DAG(s) 'dataset_consumes_1', 'consume_1_or_both_2_and_3_with_dataset_expressions', 'dataset_consumes_1_never_scheduled', 'dataset_produces_2', 'dataset_consumes_1_and_2', 'consume_1_or_2_with_dataset_expressions', 'dataset_produces_1', 'consume_1_and_2_with_dataset_expressions', 'conditional_dataset_and_time_based_timetable', 'dataset_consumes_unknown_never_scheduled' retrieved from /home/khaled/dbt-env/lib/python3.12/site-packages/airflow/example_dags/example_datasets.py
[2025-10-21T15:00:56.599+0000] {logging_mixin.py:188} INFO - [2025-10-21T15:00:56.599+0000] {dag.py:3089} INFO - Sync 10 DAGs
[2025-10-21T15:00:56.627+0000] {logging_mixin.py:188} INFO - [2025-10-21T15:00:56.626+0000] {dag.py:3947} INFO - Setting next_dagrun for conditional_dataset_and_time_based_timetable to 2025-10-15 01:00:00+00:00, run_after=2025-10-15 01:00:00+00:00
[2025-10-21T15:00:56.636+0000] {logging_mixin.py:188} INFO - [2025-10-21T15:00:56.636+0000] {dag.py:3947} INFO - Setting next_dagrun for consume_1_and_2_with_dataset_expressions to None, run_after=None
[2025-10-21T15:00:56.637+0000] {logging_mixin.py:188} INFO - [2025-10-21T15:00:56.636+0000] {dag.py:3947} INFO - Setting next_dagrun for consume_1_or_2_with_dataset_expressions to None, run_after=None
[2025-10-21T15:00:56.637+0000] {logging_mixin.py:188} INFO - [2025-10-21T15:00:56.637+0000] {dag.py:3947} INFO - Setting next_dagrun for consume_1_or_both_2_and_3_with_dataset_expressions to None, run_after=None
[2025-10-21T15:00:56.638+0000] {logging_mixin.py:188} INFO - [2025-10-21T15:00:56.638+0000] {dag.py:3947} INFO - Setting next_dagrun for dataset_consumes_1 to None, run_after=None
[2025-10-21T15:00:56.639+0000] {logging_mixin.py:188} INFO - [2025-10-21T15:00:56.639+0000] {dag.py:3947} INFO - Setting next_dagrun for dataset_consumes_1_and_2 to None, run_after=None
[2025-10-21T15:00:56.640+0000] {logging_mixin.py:188} INFO - [2025-10-21T15:00:56.640+0000] {dag.py:3947} INFO - Setting next_dagrun for dataset_consumes_1_never_scheduled to None, run_after=None
[2025-10-21T15:00:56.641+0000] {logging_mixin.py:188} INFO - [2025-10-21T15:00:56.641+0000] {dag.py:3947} INFO - Setting next_dagrun for dataset_consumes_unknown_never_scheduled to None, run_after=None
[2025-10-21T15:00:56.644+0000] {logging_mixin.py:188} INFO - [2025-10-21T15:00:56.643+0000] {dag.py:3947} INFO - Setting next_dagrun for dataset_produces_1 to 2025-10-20 00:00:00+00:00, run_after=2025-10-21 00:00:00+00:00
[2025-10-21T15:00:56.645+0000] {logging_mixin.py:188} INFO - [2025-10-21T15:00:56.644+0000] {dag.py:3947} INFO - Setting next_dagrun for dataset_produces_2 to None, run_after=None
[2025-10-21T15:00:56.684+0000] {processor.py:183} INFO - Processing /home/khaled/dbt-env/lib/python3.12/site-packages/airflow/example_dags/example_datasets.py took 0.144 seconds
[2025-10-21T15:02:13.374+0000] {processor.py:161} INFO - Started process (PID=15324) to work on /home/khaled/dbt-env/lib/python3.12/site-packages/airflow/example_dags/example_datasets.py
[2025-10-21T15:02:13.383+0000] {processor.py:830} INFO - Processing file /home/khaled/dbt-env/lib/python3.12/site-packages/airflow/example_dags/example_datasets.py for tasks to queue
[2025-10-21T15:02:13.389+0000] {logging_mixin.py:188} INFO - [2025-10-21T15:02:13.388+0000] {dagbag.py:545} INFO - Filling up the DagBag from /home/khaled/dbt-env/lib/python3.12/site-packages/airflow/example_dags/example_datasets.py
[2025-10-21T15:02:13.411+0000] {processor.py:840} INFO - DAG(s) 'dataset_consumes_1_and_2', 'dataset_produces_1', 'conditional_dataset_and_time_based_timetable', 'consume_1_and_2_with_dataset_expressions', 'dataset_consumes_unknown_never_scheduled', 'consume_1_or_2_with_dataset_expressions', 'dataset_consumes_1_never_scheduled', 'consume_1_or_both_2_and_3_with_dataset_expressions', 'dataset_produces_2', 'dataset_consumes_1' retrieved from /home/khaled/dbt-env/lib/python3.12/site-packages/airflow/example_dags/example_datasets.py
[2025-10-21T15:02:13.465+0000] {logging_mixin.py:188} INFO - [2025-10-21T15:02:13.464+0000] {dag.py:3089} INFO - Sync 10 DAGs
[2025-10-21T15:02:13.482+0000] {logging_mixin.py:188} INFO - [2025-10-21T15:02:13.482+0000] {dag.py:3947} INFO - Setting next_dagrun for conditional_dataset_and_time_based_timetable to 2025-10-15 01:00:00+00:00, run_after=2025-10-15 01:00:00+00:00
[2025-10-21T15:02:13.486+0000] {logging_mixin.py:188} INFO - [2025-10-21T15:02:13.486+0000] {dag.py:3947} INFO - Setting next_dagrun for consume_1_and_2_with_dataset_expressions to None, run_after=None
[2025-10-21T15:02:13.487+0000] {logging_mixin.py:188} INFO - [2025-10-21T15:02:13.487+0000] {dag.py:3947} INFO - Setting next_dagrun for consume_1_or_2_with_dataset_expressions to None, run_after=None
[2025-10-21T15:02:13.488+0000] {logging_mixin.py:188} INFO - [2025-10-21T15:02:13.488+0000] {dag.py:3947} INFO - Setting next_dagrun for consume_1_or_both_2_and_3_with_dataset_expressions to None, run_after=None
[2025-10-21T15:02:13.489+0000] {logging_mixin.py:188} INFO - [2025-10-21T15:02:13.489+0000] {dag.py:3947} INFO - Setting next_dagrun for dataset_consumes_1 to None, run_after=None
[2025-10-21T15:02:13.489+0000] {logging_mixin.py:188} INFO - [2025-10-21T15:02:13.489+0000] {dag.py:3947} INFO - Setting next_dagrun for dataset_consumes_1_and_2 to None, run_after=None
[2025-10-21T15:02:13.490+0000] {logging_mixin.py:188} INFO - [2025-10-21T15:02:13.490+0000] {dag.py:3947} INFO - Setting next_dagrun for dataset_consumes_1_never_scheduled to None, run_after=None
[2025-10-21T15:02:13.491+0000] {logging_mixin.py:188} INFO - [2025-10-21T15:02:13.491+0000] {dag.py:3947} INFO - Setting next_dagrun for dataset_consumes_unknown_never_scheduled to None, run_after=None
[2025-10-21T15:02:13.492+0000] {logging_mixin.py:188} INFO - [2025-10-21T15:02:13.492+0000] {dag.py:3947} INFO - Setting next_dagrun for dataset_produces_1 to 2025-10-20 00:00:00+00:00, run_after=2025-10-21 00:00:00+00:00
[2025-10-21T15:02:13.493+0000] {logging_mixin.py:188} INFO - [2025-10-21T15:02:13.493+0000] {dag.py:3947} INFO - Setting next_dagrun for dataset_produces_2 to None, run_after=None
[2025-10-21T15:02:13.541+0000] {processor.py:183} INFO - Processing /home/khaled/dbt-env/lib/python3.12/site-packages/airflow/example_dags/example_datasets.py took 0.179 seconds
