[2025-10-21T14:29:09.787+0000] {processor.py:161} INFO - Started process (PID=7539) to work on /home/khaled/dbt-env/lib/python3.12/site-packages/airflow/example_dags/example_setup_teardown_taskflow.py
[2025-10-21T14:29:09.788+0000] {processor.py:830} INFO - Processing file /home/khaled/dbt-env/lib/python3.12/site-packages/airflow/example_dags/example_setup_teardown_taskflow.py for tasks to queue
[2025-10-21T14:29:09.789+0000] {logging_mixin.py:188} INFO - [2025-10-21T14:29:09.789+0000] {dagbag.py:545} INFO - Filling up the DagBag from /home/khaled/dbt-env/lib/python3.12/site-packages/airflow/example_dags/example_setup_teardown_taskflow.py
[2025-10-21T14:29:09.797+0000] {processor.py:840} INFO - DAG(s) 'example_setup_teardown_taskflow' retrieved from /home/khaled/dbt-env/lib/python3.12/site-packages/airflow/example_dags/example_setup_teardown_taskflow.py
[2025-10-21T14:29:09.898+0000] {logging_mixin.py:188} INFO - [2025-10-21T14:29:09.897+0000] {override.py:1858} INFO - Created Permission View: can read on DAG:example_setup_teardown_taskflow
[2025-10-21T14:29:09.909+0000] {logging_mixin.py:188} INFO - [2025-10-21T14:29:09.909+0000] {override.py:1858} INFO - Created Permission View: can edit on DAG:example_setup_teardown_taskflow
[2025-10-21T14:29:09.918+0000] {logging_mixin.py:188} INFO - [2025-10-21T14:29:09.918+0000] {override.py:1858} INFO - Created Permission View: can delete on DAG:example_setup_teardown_taskflow
[2025-10-21T14:29:09.919+0000] {logging_mixin.py:188} INFO - [2025-10-21T14:29:09.919+0000] {dag.py:3089} INFO - Sync 1 DAGs
[2025-10-21T14:29:09.926+0000] {logging_mixin.py:188} INFO - [2025-10-21T14:29:09.926+0000] {dag.py:3111} INFO - Creating ORM DAG for example_setup_teardown_taskflow
[2025-10-21T14:29:09.933+0000] {logging_mixin.py:188} INFO - [2025-10-21T14:29:09.933+0000] {dag.py:3947} INFO - Setting next_dagrun for example_setup_teardown_taskflow to 2025-10-20 00:00:00+00:00, run_after=2025-10-21 00:00:00+00:00
[2025-10-21T14:29:09.953+0000] {processor.py:183} INFO - Processing /home/khaled/dbt-env/lib/python3.12/site-packages/airflow/example_dags/example_setup_teardown_taskflow.py took 0.170 seconds
[2025-10-21T14:30:40.084+0000] {processor.py:161} INFO - Started process (PID=7740) to work on /home/khaled/dbt-env/lib/python3.12/site-packages/airflow/example_dags/example_setup_teardown_taskflow.py
[2025-10-21T14:30:40.123+0000] {processor.py:830} INFO - Processing file /home/khaled/dbt-env/lib/python3.12/site-packages/airflow/example_dags/example_setup_teardown_taskflow.py for tasks to queue
[2025-10-21T14:30:40.229+0000] {logging_mixin.py:188} INFO - [2025-10-21T14:30:40.227+0000] {dagbag.py:545} INFO - Filling up the DagBag from /home/khaled/dbt-env/lib/python3.12/site-packages/airflow/example_dags/example_setup_teardown_taskflow.py
[2025-10-21T14:30:40.529+0000] {processor.py:840} INFO - DAG(s) 'example_setup_teardown_taskflow' retrieved from /home/khaled/dbt-env/lib/python3.12/site-packages/airflow/example_dags/example_setup_teardown_taskflow.py
[2025-10-21T14:30:41.007+0000] {logging_mixin.py:188} INFO - [2025-10-21T14:30:41.006+0000] {dag.py:3089} INFO - Sync 1 DAGs
[2025-10-21T14:30:41.219+0000] {logging_mixin.py:188} INFO - [2025-10-21T14:30:41.217+0000] {dag.py:3947} INFO - Setting next_dagrun for example_setup_teardown_taskflow to 2025-10-20 00:00:00+00:00, run_after=2025-10-21 00:00:00+00:00
[2025-10-21T14:30:41.608+0000] {processor.py:183} INFO - Processing /home/khaled/dbt-env/lib/python3.12/site-packages/airflow/example_dags/example_setup_teardown_taskflow.py took 1.653 seconds
[2025-10-21T14:48:40.784+0000] {processor.py:161} INFO - Started process (PID=12256) to work on /home/khaled/dbt-env/lib/python3.12/site-packages/airflow/example_dags/example_setup_teardown_taskflow.py
[2025-10-21T14:48:40.794+0000] {processor.py:830} INFO - Processing file /home/khaled/dbt-env/lib/python3.12/site-packages/airflow/example_dags/example_setup_teardown_taskflow.py for tasks to queue
[2025-10-21T14:48:40.796+0000] {logging_mixin.py:188} INFO - [2025-10-21T14:48:40.795+0000] {dagbag.py:545} INFO - Filling up the DagBag from /home/khaled/dbt-env/lib/python3.12/site-packages/airflow/example_dags/example_setup_teardown_taskflow.py
[2025-10-21T14:48:40.802+0000] {processor.py:840} INFO - DAG(s) 'example_setup_teardown_taskflow' retrieved from /home/khaled/dbt-env/lib/python3.12/site-packages/airflow/example_dags/example_setup_teardown_taskflow.py
[2025-10-21T14:48:40.814+0000] {logging_mixin.py:188} INFO - [2025-10-21T14:48:40.813+0000] {dag.py:3089} INFO - Sync 1 DAGs
[2025-10-21T14:48:40.826+0000] {logging_mixin.py:188} INFO - [2025-10-21T14:48:40.825+0000] {dag.py:3947} INFO - Setting next_dagrun for example_setup_teardown_taskflow to 2025-10-20 00:00:00+00:00, run_after=2025-10-21 00:00:00+00:00
[2025-10-21T14:48:40.843+0000] {processor.py:183} INFO - Processing /home/khaled/dbt-env/lib/python3.12/site-packages/airflow/example_dags/example_setup_teardown_taskflow.py took 0.064 seconds
[2025-10-21T14:49:37.052+0000] {processor.py:161} INFO - Started process (PID=12616) to work on /home/khaled/dbt-env/lib/python3.12/site-packages/airflow/example_dags/example_setup_teardown_taskflow.py
[2025-10-21T14:49:37.053+0000] {processor.py:830} INFO - Processing file /home/khaled/dbt-env/lib/python3.12/site-packages/airflow/example_dags/example_setup_teardown_taskflow.py for tasks to queue
[2025-10-21T14:49:37.054+0000] {logging_mixin.py:188} INFO - [2025-10-21T14:49:37.054+0000] {dagbag.py:545} INFO - Filling up the DagBag from /home/khaled/dbt-env/lib/python3.12/site-packages/airflow/example_dags/example_setup_teardown_taskflow.py
[2025-10-21T14:49:37.064+0000] {processor.py:840} INFO - DAG(s) 'example_setup_teardown_taskflow' retrieved from /home/khaled/dbt-env/lib/python3.12/site-packages/airflow/example_dags/example_setup_teardown_taskflow.py
[2025-10-21T14:49:37.077+0000] {logging_mixin.py:188} INFO - [2025-10-21T14:49:37.077+0000] {dag.py:3089} INFO - Sync 1 DAGs
[2025-10-21T14:49:37.091+0000] {logging_mixin.py:188} INFO - [2025-10-21T14:49:37.091+0000] {dag.py:3947} INFO - Setting next_dagrun for example_setup_teardown_taskflow to 2025-10-20 00:00:00+00:00, run_after=2025-10-21 00:00:00+00:00
[2025-10-21T14:49:37.111+0000] {processor.py:183} INFO - Processing /home/khaled/dbt-env/lib/python3.12/site-packages/airflow/example_dags/example_setup_teardown_taskflow.py took 0.063 seconds
[2025-10-21T14:50:31.940+0000] {processor.py:161} INFO - Started process (PID=12870) to work on /home/khaled/dbt-env/lib/python3.12/site-packages/airflow/example_dags/example_setup_teardown_taskflow.py
[2025-10-21T14:50:31.941+0000] {processor.py:830} INFO - Processing file /home/khaled/dbt-env/lib/python3.12/site-packages/airflow/example_dags/example_setup_teardown_taskflow.py for tasks to queue
[2025-10-21T14:50:31.943+0000] {logging_mixin.py:188} INFO - [2025-10-21T14:50:31.942+0000] {dagbag.py:545} INFO - Filling up the DagBag from /home/khaled/dbt-env/lib/python3.12/site-packages/airflow/example_dags/example_setup_teardown_taskflow.py
[2025-10-21T14:50:31.954+0000] {processor.py:840} INFO - DAG(s) 'example_setup_teardown_taskflow' retrieved from /home/khaled/dbt-env/lib/python3.12/site-packages/airflow/example_dags/example_setup_teardown_taskflow.py
[2025-10-21T14:50:31.970+0000] {logging_mixin.py:188} INFO - [2025-10-21T14:50:31.969+0000] {dag.py:3089} INFO - Sync 1 DAGs
[2025-10-21T14:50:31.992+0000] {logging_mixin.py:188} INFO - [2025-10-21T14:50:31.991+0000] {dag.py:3947} INFO - Setting next_dagrun for example_setup_teardown_taskflow to 2025-10-20 00:00:00+00:00, run_after=2025-10-21 00:00:00+00:00
[2025-10-21T14:50:32.032+0000] {processor.py:183} INFO - Processing /home/khaled/dbt-env/lib/python3.12/site-packages/airflow/example_dags/example_setup_teardown_taskflow.py took 0.097 seconds
[2025-10-21T14:51:29.736+0000] {processor.py:161} INFO - Started process (PID=13239) to work on /home/khaled/dbt-env/lib/python3.12/site-packages/airflow/example_dags/example_setup_teardown_taskflow.py
[2025-10-21T14:51:29.738+0000] {processor.py:830} INFO - Processing file /home/khaled/dbt-env/lib/python3.12/site-packages/airflow/example_dags/example_setup_teardown_taskflow.py for tasks to queue
[2025-10-21T14:51:29.739+0000] {logging_mixin.py:188} INFO - [2025-10-21T14:51:29.739+0000] {dagbag.py:545} INFO - Filling up the DagBag from /home/khaled/dbt-env/lib/python3.12/site-packages/airflow/example_dags/example_setup_teardown_taskflow.py
[2025-10-21T14:51:29.745+0000] {processor.py:840} INFO - DAG(s) 'example_setup_teardown_taskflow' retrieved from /home/khaled/dbt-env/lib/python3.12/site-packages/airflow/example_dags/example_setup_teardown_taskflow.py
[2025-10-21T14:51:29.756+0000] {logging_mixin.py:188} INFO - [2025-10-21T14:51:29.756+0000] {dag.py:3089} INFO - Sync 1 DAGs
[2025-10-21T14:51:29.767+0000] {logging_mixin.py:188} INFO - [2025-10-21T14:51:29.767+0000] {dag.py:3947} INFO - Setting next_dagrun for example_setup_teardown_taskflow to 2025-10-20 00:00:00+00:00, run_after=2025-10-21 00:00:00+00:00
[2025-10-21T14:51:29.802+0000] {processor.py:183} INFO - Processing /home/khaled/dbt-env/lib/python3.12/site-packages/airflow/example_dags/example_setup_teardown_taskflow.py took 0.071 seconds
[2025-10-21T14:52:27.434+0000] {processor.py:161} INFO - Started process (PID=13477) to work on /home/khaled/dbt-env/lib/python3.12/site-packages/airflow/example_dags/example_setup_teardown_taskflow.py
[2025-10-21T14:52:27.444+0000] {processor.py:830} INFO - Processing file /home/khaled/dbt-env/lib/python3.12/site-packages/airflow/example_dags/example_setup_teardown_taskflow.py for tasks to queue
[2025-10-21T14:52:27.446+0000] {logging_mixin.py:188} INFO - [2025-10-21T14:52:27.446+0000] {dagbag.py:545} INFO - Filling up the DagBag from /home/khaled/dbt-env/lib/python3.12/site-packages/airflow/example_dags/example_setup_teardown_taskflow.py
[2025-10-21T14:52:27.453+0000] {processor.py:840} INFO - DAG(s) 'example_setup_teardown_taskflow' retrieved from /home/khaled/dbt-env/lib/python3.12/site-packages/airflow/example_dags/example_setup_teardown_taskflow.py
[2025-10-21T14:52:27.463+0000] {logging_mixin.py:188} INFO - [2025-10-21T14:52:27.463+0000] {dag.py:3089} INFO - Sync 1 DAGs
[2025-10-21T14:52:27.476+0000] {logging_mixin.py:188} INFO - [2025-10-21T14:52:27.476+0000] {dag.py:3947} INFO - Setting next_dagrun for example_setup_teardown_taskflow to 2025-10-20 00:00:00+00:00, run_after=2025-10-21 00:00:00+00:00
[2025-10-21T14:52:27.506+0000] {processor.py:183} INFO - Processing /home/khaled/dbt-env/lib/python3.12/site-packages/airflow/example_dags/example_setup_teardown_taskflow.py took 0.076 seconds
[2025-10-21T14:53:23.852+0000] {processor.py:161} INFO - Started process (PID=13879) to work on /home/khaled/dbt-env/lib/python3.12/site-packages/airflow/example_dags/example_setup_teardown_taskflow.py
[2025-10-21T14:53:23.863+0000] {processor.py:830} INFO - Processing file /home/khaled/dbt-env/lib/python3.12/site-packages/airflow/example_dags/example_setup_teardown_taskflow.py for tasks to queue
[2025-10-21T14:53:23.865+0000] {logging_mixin.py:188} INFO - [2025-10-21T14:53:23.864+0000] {dagbag.py:545} INFO - Filling up the DagBag from /home/khaled/dbt-env/lib/python3.12/site-packages/airflow/example_dags/example_setup_teardown_taskflow.py
[2025-10-21T14:53:23.873+0000] {processor.py:840} INFO - DAG(s) 'example_setup_teardown_taskflow' retrieved from /home/khaled/dbt-env/lib/python3.12/site-packages/airflow/example_dags/example_setup_teardown_taskflow.py
[2025-10-21T14:53:23.886+0000] {logging_mixin.py:188} INFO - [2025-10-21T14:53:23.886+0000] {dag.py:3089} INFO - Sync 1 DAGs
[2025-10-21T14:53:23.899+0000] {logging_mixin.py:188} INFO - [2025-10-21T14:53:23.899+0000] {dag.py:3947} INFO - Setting next_dagrun for example_setup_teardown_taskflow to 2025-10-20 00:00:00+00:00, run_after=2025-10-21 00:00:00+00:00
[2025-10-21T14:53:23.917+0000] {processor.py:183} INFO - Processing /home/khaled/dbt-env/lib/python3.12/site-packages/airflow/example_dags/example_setup_teardown_taskflow.py took 0.069 seconds
[2025-10-21T14:54:21.314+0000] {processor.py:161} INFO - Started process (PID=14160) to work on /home/khaled/dbt-env/lib/python3.12/site-packages/airflow/example_dags/example_setup_teardown_taskflow.py
[2025-10-21T14:54:21.315+0000] {processor.py:830} INFO - Processing file /home/khaled/dbt-env/lib/python3.12/site-packages/airflow/example_dags/example_setup_teardown_taskflow.py for tasks to queue
[2025-10-21T14:54:21.316+0000] {logging_mixin.py:188} INFO - [2025-10-21T14:54:21.316+0000] {dagbag.py:545} INFO - Filling up the DagBag from /home/khaled/dbt-env/lib/python3.12/site-packages/airflow/example_dags/example_setup_teardown_taskflow.py
[2025-10-21T14:54:21.322+0000] {processor.py:840} INFO - DAG(s) 'example_setup_teardown_taskflow' retrieved from /home/khaled/dbt-env/lib/python3.12/site-packages/airflow/example_dags/example_setup_teardown_taskflow.py
[2025-10-21T14:54:21.333+0000] {logging_mixin.py:188} INFO - [2025-10-21T14:54:21.333+0000] {dag.py:3089} INFO - Sync 1 DAGs
[2025-10-21T14:54:21.345+0000] {logging_mixin.py:188} INFO - [2025-10-21T14:54:21.344+0000] {dag.py:3947} INFO - Setting next_dagrun for example_setup_teardown_taskflow to 2025-10-20 00:00:00+00:00, run_after=2025-10-21 00:00:00+00:00
[2025-10-21T14:54:21.378+0000] {processor.py:183} INFO - Processing /home/khaled/dbt-env/lib/python3.12/site-packages/airflow/example_dags/example_setup_teardown_taskflow.py took 0.068 seconds
[2025-10-21T14:55:16.204+0000] {processor.py:161} INFO - Started process (PID=14379) to work on /home/khaled/dbt-env/lib/python3.12/site-packages/airflow/example_dags/example_setup_teardown_taskflow.py
[2025-10-21T14:55:16.205+0000] {processor.py:830} INFO - Processing file /home/khaled/dbt-env/lib/python3.12/site-packages/airflow/example_dags/example_setup_teardown_taskflow.py for tasks to queue
[2025-10-21T14:55:16.207+0000] {logging_mixin.py:188} INFO - [2025-10-21T14:55:16.206+0000] {dagbag.py:545} INFO - Filling up the DagBag from /home/khaled/dbt-env/lib/python3.12/site-packages/airflow/example_dags/example_setup_teardown_taskflow.py
[2025-10-21T14:55:16.213+0000] {processor.py:840} INFO - DAG(s) 'example_setup_teardown_taskflow' retrieved from /home/khaled/dbt-env/lib/python3.12/site-packages/airflow/example_dags/example_setup_teardown_taskflow.py
[2025-10-21T14:55:16.226+0000] {logging_mixin.py:188} INFO - [2025-10-21T14:55:16.226+0000] {dag.py:3089} INFO - Sync 1 DAGs
[2025-10-21T14:55:16.239+0000] {logging_mixin.py:188} INFO - [2025-10-21T14:55:16.239+0000] {dag.py:3947} INFO - Setting next_dagrun for example_setup_teardown_taskflow to 2025-10-20 00:00:00+00:00, run_after=2025-10-21 00:00:00+00:00
[2025-10-21T14:55:16.281+0000] {processor.py:183} INFO - Processing /home/khaled/dbt-env/lib/python3.12/site-packages/airflow/example_dags/example_setup_teardown_taskflow.py took 0.082 seconds
[2025-10-21T14:56:39.610+0000] {processor.py:161} INFO - Started process (PID=14676) to work on /home/khaled/dbt-env/lib/python3.12/site-packages/airflow/example_dags/example_setup_teardown_taskflow.py
[2025-10-21T14:56:39.611+0000] {processor.py:830} INFO - Processing file /home/khaled/dbt-env/lib/python3.12/site-packages/airflow/example_dags/example_setup_teardown_taskflow.py for tasks to queue
[2025-10-21T14:56:39.613+0000] {logging_mixin.py:188} INFO - [2025-10-21T14:56:39.613+0000] {dagbag.py:545} INFO - Filling up the DagBag from /home/khaled/dbt-env/lib/python3.12/site-packages/airflow/example_dags/example_setup_teardown_taskflow.py
[2025-10-21T14:56:39.635+0000] {processor.py:840} INFO - DAG(s) 'example_setup_teardown_taskflow' retrieved from /home/khaled/dbt-env/lib/python3.12/site-packages/airflow/example_dags/example_setup_teardown_taskflow.py
[2025-10-21T14:56:39.662+0000] {logging_mixin.py:188} INFO - [2025-10-21T14:56:39.662+0000] {dag.py:3089} INFO - Sync 1 DAGs
[2025-10-21T14:56:39.696+0000] {logging_mixin.py:188} INFO - [2025-10-21T14:56:39.696+0000] {dag.py:3947} INFO - Setting next_dagrun for example_setup_teardown_taskflow to 2025-10-20 00:00:00+00:00, run_after=2025-10-21 00:00:00+00:00
[2025-10-21T14:56:39.778+0000] {processor.py:183} INFO - Processing /home/khaled/dbt-env/lib/python3.12/site-packages/airflow/example_dags/example_setup_teardown_taskflow.py took 0.182 seconds
[2025-10-21T14:59:07.415+0000] {processor.py:161} INFO - Started process (PID=14785) to work on /home/khaled/dbt-env/lib/python3.12/site-packages/airflow/example_dags/example_setup_teardown_taskflow.py
[2025-10-21T14:59:07.416+0000] {processor.py:830} INFO - Processing file /home/khaled/dbt-env/lib/python3.12/site-packages/airflow/example_dags/example_setup_teardown_taskflow.py for tasks to queue
[2025-10-21T14:59:07.418+0000] {logging_mixin.py:188} INFO - [2025-10-21T14:59:07.417+0000] {dagbag.py:545} INFO - Filling up the DagBag from /home/khaled/dbt-env/lib/python3.12/site-packages/airflow/example_dags/example_setup_teardown_taskflow.py
[2025-10-21T14:59:07.425+0000] {processor.py:840} INFO - DAG(s) 'example_setup_teardown_taskflow' retrieved from /home/khaled/dbt-env/lib/python3.12/site-packages/airflow/example_dags/example_setup_teardown_taskflow.py
[2025-10-21T14:59:07.438+0000] {logging_mixin.py:188} INFO - [2025-10-21T14:59:07.438+0000] {dag.py:3089} INFO - Sync 1 DAGs
[2025-10-21T14:59:07.452+0000] {logging_mixin.py:188} INFO - [2025-10-21T14:59:07.451+0000] {dag.py:3947} INFO - Setting next_dagrun for example_setup_teardown_taskflow to 2025-10-20 00:00:00+00:00, run_after=2025-10-21 00:00:00+00:00
[2025-10-21T14:59:07.489+0000] {processor.py:183} INFO - Processing /home/khaled/dbt-env/lib/python3.12/site-packages/airflow/example_dags/example_setup_teardown_taskflow.py took 0.078 seconds
[2025-10-21T15:00:31.225+0000] {processor.py:161} INFO - Started process (PID=14875) to work on /home/khaled/dbt-env/lib/python3.12/site-packages/airflow/example_dags/example_setup_teardown_taskflow.py
[2025-10-21T15:00:31.228+0000] {processor.py:830} INFO - Processing file /home/khaled/dbt-env/lib/python3.12/site-packages/airflow/example_dags/example_setup_teardown_taskflow.py for tasks to queue
[2025-10-21T15:00:31.229+0000] {logging_mixin.py:188} INFO - [2025-10-21T15:00:31.229+0000] {dagbag.py:545} INFO - Filling up the DagBag from /home/khaled/dbt-env/lib/python3.12/site-packages/airflow/example_dags/example_setup_teardown_taskflow.py
[2025-10-21T15:00:31.238+0000] {processor.py:840} INFO - DAG(s) 'example_setup_teardown_taskflow' retrieved from /home/khaled/dbt-env/lib/python3.12/site-packages/airflow/example_dags/example_setup_teardown_taskflow.py
[2025-10-21T15:00:31.253+0000] {logging_mixin.py:188} INFO - [2025-10-21T15:00:31.253+0000] {dag.py:3089} INFO - Sync 1 DAGs
[2025-10-21T15:00:31.269+0000] {logging_mixin.py:188} INFO - [2025-10-21T15:00:31.268+0000] {dag.py:3947} INFO - Setting next_dagrun for example_setup_teardown_taskflow to 2025-10-20 00:00:00+00:00, run_after=2025-10-21 00:00:00+00:00
[2025-10-21T15:00:31.292+0000] {processor.py:183} INFO - Processing /home/khaled/dbt-env/lib/python3.12/site-packages/airflow/example_dags/example_setup_teardown_taskflow.py took 0.073 seconds
[2025-10-21T15:01:31.363+0000] {processor.py:161} INFO - Started process (PID=15202) to work on /home/khaled/dbt-env/lib/python3.12/site-packages/airflow/example_dags/example_setup_teardown_taskflow.py
[2025-10-21T15:01:31.374+0000] {processor.py:830} INFO - Processing file /home/khaled/dbt-env/lib/python3.12/site-packages/airflow/example_dags/example_setup_teardown_taskflow.py for tasks to queue
[2025-10-21T15:01:31.376+0000] {logging_mixin.py:188} INFO - [2025-10-21T15:01:31.375+0000] {dagbag.py:545} INFO - Filling up the DagBag from /home/khaled/dbt-env/lib/python3.12/site-packages/airflow/example_dags/example_setup_teardown_taskflow.py
[2025-10-21T15:01:31.383+0000] {processor.py:840} INFO - DAG(s) 'example_setup_teardown_taskflow' retrieved from /home/khaled/dbt-env/lib/python3.12/site-packages/airflow/example_dags/example_setup_teardown_taskflow.py
[2025-10-21T15:01:31.394+0000] {logging_mixin.py:188} INFO - [2025-10-21T15:01:31.394+0000] {dag.py:3089} INFO - Sync 1 DAGs
[2025-10-21T15:01:31.407+0000] {logging_mixin.py:188} INFO - [2025-10-21T15:01:31.406+0000] {dag.py:3947} INFO - Setting next_dagrun for example_setup_teardown_taskflow to 2025-10-20 00:00:00+00:00, run_after=2025-10-21 00:00:00+00:00
[2025-10-21T15:01:31.432+0000] {processor.py:183} INFO - Processing /home/khaled/dbt-env/lib/python3.12/site-packages/airflow/example_dags/example_setup_teardown_taskflow.py took 0.075 seconds
[2025-10-21T15:02:26.620+0000] {processor.py:161} INFO - Started process (PID=15341) to work on /home/khaled/dbt-env/lib/python3.12/site-packages/airflow/example_dags/example_setup_teardown_taskflow.py
[2025-10-21T15:02:26.627+0000] {processor.py:830} INFO - Processing file /home/khaled/dbt-env/lib/python3.12/site-packages/airflow/example_dags/example_setup_teardown_taskflow.py for tasks to queue
[2025-10-21T15:02:26.633+0000] {logging_mixin.py:188} INFO - [2025-10-21T15:02:26.632+0000] {dagbag.py:545} INFO - Filling up the DagBag from /home/khaled/dbt-env/lib/python3.12/site-packages/airflow/example_dags/example_setup_teardown_taskflow.py
[2025-10-21T15:02:26.656+0000] {processor.py:840} INFO - DAG(s) 'example_setup_teardown_taskflow' retrieved from /home/khaled/dbt-env/lib/python3.12/site-packages/airflow/example_dags/example_setup_teardown_taskflow.py
[2025-10-21T15:02:26.699+0000] {logging_mixin.py:188} INFO - [2025-10-21T15:02:26.698+0000] {dag.py:3089} INFO - Sync 1 DAGs
[2025-10-21T15:02:26.719+0000] {logging_mixin.py:188} INFO - [2025-10-21T15:02:26.719+0000] {dag.py:3947} INFO - Setting next_dagrun for example_setup_teardown_taskflow to 2025-10-20 00:00:00+00:00, run_after=2025-10-21 00:00:00+00:00
[2025-10-21T15:02:26.783+0000] {processor.py:183} INFO - Processing /home/khaled/dbt-env/lib/python3.12/site-packages/airflow/example_dags/example_setup_teardown_taskflow.py took 0.182 seconds
