[2025-10-21T14:28:56.904+0000] {processor.py:161} INFO - Started process (PID=7526) to work on /home/khaled/dbt-env/lib/python3.12/site-packages/airflow/example_dags/example_trigger_target_dag.py
[2025-10-21T14:28:56.904+0000] {processor.py:830} INFO - Processing file /home/khaled/dbt-env/lib/python3.12/site-packages/airflow/example_dags/example_trigger_target_dag.py for tasks to queue
[2025-10-21T14:28:56.906+0000] {logging_mixin.py:188} INFO - [2025-10-21T14:28:56.905+0000] {dagbag.py:545} INFO - Filling up the DagBag from /home/khaled/dbt-env/lib/python3.12/site-packages/airflow/example_dags/example_trigger_target_dag.py
[2025-10-21T14:28:56.912+0000] {processor.py:840} INFO - DAG(s) 'example_trigger_target_dag' retrieved from /home/khaled/dbt-env/lib/python3.12/site-packages/airflow/example_dags/example_trigger_target_dag.py
[2025-10-21T14:28:57.013+0000] {logging_mixin.py:188} INFO - [2025-10-21T14:28:57.012+0000] {override.py:1858} INFO - Created Permission View: can read on DAG:example_trigger_target_dag
[2025-10-21T14:28:57.050+0000] {logging_mixin.py:188} INFO - [2025-10-21T14:28:57.049+0000] {override.py:1858} INFO - Created Permission View: can edit on DAG:example_trigger_target_dag
[2025-10-21T14:28:57.105+0000] {logging_mixin.py:188} INFO - [2025-10-21T14:28:57.105+0000] {override.py:1858} INFO - Created Permission View: can delete on DAG:example_trigger_target_dag
[2025-10-21T14:28:57.106+0000] {logging_mixin.py:188} INFO - [2025-10-21T14:28:57.105+0000] {dag.py:3089} INFO - Sync 1 DAGs
[2025-10-21T14:28:57.118+0000] {logging_mixin.py:188} INFO - [2025-10-21T14:28:57.117+0000] {dag.py:3111} INFO - Creating ORM DAG for example_trigger_target_dag
[2025-10-21T14:28:57.118+0000] {logging_mixin.py:188} INFO - [2025-10-21T14:28:57.118+0000] {dag.py:3947} INFO - Setting next_dagrun for example_trigger_target_dag to None, run_after=None
[2025-10-21T14:28:57.167+0000] {processor.py:183} INFO - Processing /home/khaled/dbt-env/lib/python3.12/site-packages/airflow/example_dags/example_trigger_target_dag.py took 0.268 seconds
[2025-10-21T14:30:01.869+0000] {processor.py:161} INFO - Started process (PID=7715) to work on /home/khaled/dbt-env/lib/python3.12/site-packages/airflow/example_dags/example_trigger_target_dag.py
[2025-10-21T14:30:01.876+0000] {processor.py:830} INFO - Processing file /home/khaled/dbt-env/lib/python3.12/site-packages/airflow/example_dags/example_trigger_target_dag.py for tasks to queue
[2025-10-21T14:30:01.880+0000] {logging_mixin.py:188} INFO - [2025-10-21T14:30:01.879+0000] {dagbag.py:545} INFO - Filling up the DagBag from /home/khaled/dbt-env/lib/python3.12/site-packages/airflow/example_dags/example_trigger_target_dag.py
[2025-10-21T14:30:01.890+0000] {processor.py:840} INFO - DAG(s) 'example_trigger_target_dag' retrieved from /home/khaled/dbt-env/lib/python3.12/site-packages/airflow/example_dags/example_trigger_target_dag.py
[2025-10-21T14:30:01.913+0000] {logging_mixin.py:188} INFO - [2025-10-21T14:30:01.913+0000] {dag.py:3089} INFO - Sync 1 DAGs
[2025-10-21T14:30:01.933+0000] {logging_mixin.py:188} INFO - [2025-10-21T14:30:01.932+0000] {dag.py:3947} INFO - Setting next_dagrun for example_trigger_target_dag to None, run_after=None
[2025-10-21T14:30:01.989+0000] {processor.py:183} INFO - Processing /home/khaled/dbt-env/lib/python3.12/site-packages/airflow/example_dags/example_trigger_target_dag.py took 0.133 seconds
[2025-10-21T14:31:26.953+0000] {processor.py:161} INFO - Started process (PID=7773) to work on /home/khaled/dbt-env/lib/python3.12/site-packages/airflow/example_dags/example_trigger_target_dag.py
[2025-10-21T14:31:26.956+0000] {processor.py:830} INFO - Processing file /home/khaled/dbt-env/lib/python3.12/site-packages/airflow/example_dags/example_trigger_target_dag.py for tasks to queue
[2025-10-21T14:31:26.959+0000] {logging_mixin.py:188} INFO - [2025-10-21T14:31:26.958+0000] {dagbag.py:545} INFO - Filling up the DagBag from /home/khaled/dbt-env/lib/python3.12/site-packages/airflow/example_dags/example_trigger_target_dag.py
[2025-10-21T14:31:26.964+0000] {processor.py:840} INFO - DAG(s) 'example_trigger_target_dag' retrieved from /home/khaled/dbt-env/lib/python3.12/site-packages/airflow/example_dags/example_trigger_target_dag.py
[2025-10-21T14:31:26.979+0000] {logging_mixin.py:188} INFO - [2025-10-21T14:31:26.978+0000] {dag.py:3089} INFO - Sync 1 DAGs
[2025-10-21T14:31:26.990+0000] {logging_mixin.py:188} INFO - [2025-10-21T14:31:26.990+0000] {dag.py:3947} INFO - Setting next_dagrun for example_trigger_target_dag to None, run_after=None
[2025-10-21T14:31:27.030+0000] {processor.py:183} INFO - Processing /home/khaled/dbt-env/lib/python3.12/site-packages/airflow/example_dags/example_trigger_target_dag.py took 0.083 seconds
[2025-10-21T14:48:30.312+0000] {processor.py:161} INFO - Started process (PID=12113) to work on /home/khaled/dbt-env/lib/python3.12/site-packages/airflow/example_dags/example_trigger_target_dag.py
[2025-10-21T14:48:30.315+0000] {processor.py:830} INFO - Processing file /home/khaled/dbt-env/lib/python3.12/site-packages/airflow/example_dags/example_trigger_target_dag.py for tasks to queue
[2025-10-21T14:48:30.317+0000] {logging_mixin.py:188} INFO - [2025-10-21T14:48:30.316+0000] {dagbag.py:545} INFO - Filling up the DagBag from /home/khaled/dbt-env/lib/python3.12/site-packages/airflow/example_dags/example_trigger_target_dag.py
[2025-10-21T14:48:30.328+0000] {processor.py:840} INFO - DAG(s) 'example_trigger_target_dag' retrieved from /home/khaled/dbt-env/lib/python3.12/site-packages/airflow/example_dags/example_trigger_target_dag.py
[2025-10-21T14:48:30.350+0000] {logging_mixin.py:188} INFO - [2025-10-21T14:48:30.349+0000] {dag.py:3089} INFO - Sync 1 DAGs
[2025-10-21T14:48:30.361+0000] {logging_mixin.py:188} INFO - [2025-10-21T14:48:30.361+0000] {dag.py:3947} INFO - Setting next_dagrun for example_trigger_target_dag to None, run_after=None
[2025-10-21T14:48:30.393+0000] {processor.py:183} INFO - Processing /home/khaled/dbt-env/lib/python3.12/site-packages/airflow/example_dags/example_trigger_target_dag.py took 0.099 seconds
[2025-10-21T14:49:26.630+0000] {processor.py:161} INFO - Started process (PID=12554) to work on /home/khaled/dbt-env/lib/python3.12/site-packages/airflow/example_dags/example_trigger_target_dag.py
[2025-10-21T14:49:26.640+0000] {processor.py:830} INFO - Processing file /home/khaled/dbt-env/lib/python3.12/site-packages/airflow/example_dags/example_trigger_target_dag.py for tasks to queue
[2025-10-21T14:49:26.642+0000] {logging_mixin.py:188} INFO - [2025-10-21T14:49:26.641+0000] {dagbag.py:545} INFO - Filling up the DagBag from /home/khaled/dbt-env/lib/python3.12/site-packages/airflow/example_dags/example_trigger_target_dag.py
[2025-10-21T14:49:26.646+0000] {processor.py:840} INFO - DAG(s) 'example_trigger_target_dag' retrieved from /home/khaled/dbt-env/lib/python3.12/site-packages/airflow/example_dags/example_trigger_target_dag.py
[2025-10-21T14:49:26.658+0000] {logging_mixin.py:188} INFO - [2025-10-21T14:49:26.657+0000] {dag.py:3089} INFO - Sync 1 DAGs
[2025-10-21T14:49:26.666+0000] {logging_mixin.py:188} INFO - [2025-10-21T14:49:26.665+0000] {dag.py:3947} INFO - Setting next_dagrun for example_trigger_target_dag to None, run_after=None
[2025-10-21T14:49:26.685+0000] {processor.py:183} INFO - Processing /home/khaled/dbt-env/lib/python3.12/site-packages/airflow/example_dags/example_trigger_target_dag.py took 0.059 seconds
[2025-10-21T14:50:18.926+0000] {processor.py:161} INFO - Started process (PID=12789) to work on /home/khaled/dbt-env/lib/python3.12/site-packages/airflow/example_dags/example_trigger_target_dag.py
[2025-10-21T14:50:18.927+0000] {processor.py:830} INFO - Processing file /home/khaled/dbt-env/lib/python3.12/site-packages/airflow/example_dags/example_trigger_target_dag.py for tasks to queue
[2025-10-21T14:50:18.928+0000] {logging_mixin.py:188} INFO - [2025-10-21T14:50:18.928+0000] {dagbag.py:545} INFO - Filling up the DagBag from /home/khaled/dbt-env/lib/python3.12/site-packages/airflow/example_dags/example_trigger_target_dag.py
[2025-10-21T14:50:18.933+0000] {processor.py:840} INFO - DAG(s) 'example_trigger_target_dag' retrieved from /home/khaled/dbt-env/lib/python3.12/site-packages/airflow/example_dags/example_trigger_target_dag.py
[2025-10-21T14:50:18.944+0000] {logging_mixin.py:188} INFO - [2025-10-21T14:50:18.944+0000] {dag.py:3089} INFO - Sync 1 DAGs
[2025-10-21T14:50:18.951+0000] {logging_mixin.py:188} INFO - [2025-10-21T14:50:18.951+0000] {dag.py:3947} INFO - Setting next_dagrun for example_trigger_target_dag to None, run_after=None
[2025-10-21T14:50:18.991+0000] {processor.py:183} INFO - Processing /home/khaled/dbt-env/lib/python3.12/site-packages/airflow/example_dags/example_trigger_target_dag.py took 0.072 seconds
[2025-10-21T14:51:13.003+0000] {processor.py:161} INFO - Started process (PID=13173) to work on /home/khaled/dbt-env/lib/python3.12/site-packages/airflow/example_dags/example_trigger_target_dag.py
[2025-10-21T14:51:13.006+0000] {processor.py:830} INFO - Processing file /home/khaled/dbt-env/lib/python3.12/site-packages/airflow/example_dags/example_trigger_target_dag.py for tasks to queue
[2025-10-21T14:51:13.012+0000] {logging_mixin.py:188} INFO - [2025-10-21T14:51:13.012+0000] {dagbag.py:545} INFO - Filling up the DagBag from /home/khaled/dbt-env/lib/python3.12/site-packages/airflow/example_dags/example_trigger_target_dag.py
[2025-10-21T14:51:13.022+0000] {processor.py:840} INFO - DAG(s) 'example_trigger_target_dag' retrieved from /home/khaled/dbt-env/lib/python3.12/site-packages/airflow/example_dags/example_trigger_target_dag.py
[2025-10-21T14:51:13.044+0000] {logging_mixin.py:188} INFO - [2025-10-21T14:51:13.044+0000] {dag.py:3089} INFO - Sync 1 DAGs
[2025-10-21T14:51:13.057+0000] {logging_mixin.py:188} INFO - [2025-10-21T14:51:13.057+0000] {dag.py:3947} INFO - Setting next_dagrun for example_trigger_target_dag to None, run_after=None
[2025-10-21T14:51:13.084+0000] {processor.py:183} INFO - Processing /home/khaled/dbt-env/lib/python3.12/site-packages/airflow/example_dags/example_trigger_target_dag.py took 0.092 seconds
[2025-10-21T14:52:09.679+0000] {processor.py:161} INFO - Started process (PID=13318) to work on /home/khaled/dbt-env/lib/python3.12/site-packages/airflow/example_dags/example_trigger_target_dag.py
[2025-10-21T14:52:09.691+0000] {processor.py:830} INFO - Processing file /home/khaled/dbt-env/lib/python3.12/site-packages/airflow/example_dags/example_trigger_target_dag.py for tasks to queue
[2025-10-21T14:52:09.697+0000] {logging_mixin.py:188} INFO - [2025-10-21T14:52:09.696+0000] {dagbag.py:545} INFO - Filling up the DagBag from /home/khaled/dbt-env/lib/python3.12/site-packages/airflow/example_dags/example_trigger_target_dag.py
[2025-10-21T14:52:09.706+0000] {processor.py:840} INFO - DAG(s) 'example_trigger_target_dag' retrieved from /home/khaled/dbt-env/lib/python3.12/site-packages/airflow/example_dags/example_trigger_target_dag.py
[2025-10-21T14:52:09.737+0000] {logging_mixin.py:188} INFO - [2025-10-21T14:52:09.736+0000] {dag.py:3089} INFO - Sync 1 DAGs
[2025-10-21T14:52:09.784+0000] {logging_mixin.py:188} INFO - [2025-10-21T14:52:09.783+0000] {dag.py:3947} INFO - Setting next_dagrun for example_trigger_target_dag to None, run_after=None
[2025-10-21T14:52:09.904+0000] {processor.py:183} INFO - Processing /home/khaled/dbt-env/lib/python3.12/site-packages/airflow/example_dags/example_trigger_target_dag.py took 0.239 seconds
[2025-10-21T14:53:06.801+0000] {processor.py:161} INFO - Started process (PID=13756) to work on /home/khaled/dbt-env/lib/python3.12/site-packages/airflow/example_dags/example_trigger_target_dag.py
[2025-10-21T14:53:06.802+0000] {processor.py:830} INFO - Processing file /home/khaled/dbt-env/lib/python3.12/site-packages/airflow/example_dags/example_trigger_target_dag.py for tasks to queue
[2025-10-21T14:53:06.803+0000] {logging_mixin.py:188} INFO - [2025-10-21T14:53:06.803+0000] {dagbag.py:545} INFO - Filling up the DagBag from /home/khaled/dbt-env/lib/python3.12/site-packages/airflow/example_dags/example_trigger_target_dag.py
[2025-10-21T14:53:06.808+0000] {processor.py:840} INFO - DAG(s) 'example_trigger_target_dag' retrieved from /home/khaled/dbt-env/lib/python3.12/site-packages/airflow/example_dags/example_trigger_target_dag.py
[2025-10-21T14:53:06.819+0000] {logging_mixin.py:188} INFO - [2025-10-21T14:53:06.819+0000] {dag.py:3089} INFO - Sync 1 DAGs
[2025-10-21T14:53:06.826+0000] {logging_mixin.py:188} INFO - [2025-10-21T14:53:06.826+0000] {dag.py:3947} INFO - Setting next_dagrun for example_trigger_target_dag to None, run_after=None
[2025-10-21T14:53:06.856+0000] {processor.py:183} INFO - Processing /home/khaled/dbt-env/lib/python3.12/site-packages/airflow/example_dags/example_trigger_target_dag.py took 0.061 seconds
[2025-10-21T14:54:04.511+0000] {processor.py:161} INFO - Started process (PID=14118) to work on /home/khaled/dbt-env/lib/python3.12/site-packages/airflow/example_dags/example_trigger_target_dag.py
[2025-10-21T14:54:04.512+0000] {processor.py:830} INFO - Processing file /home/khaled/dbt-env/lib/python3.12/site-packages/airflow/example_dags/example_trigger_target_dag.py for tasks to queue
[2025-10-21T14:54:04.514+0000] {logging_mixin.py:188} INFO - [2025-10-21T14:54:04.513+0000] {dagbag.py:545} INFO - Filling up the DagBag from /home/khaled/dbt-env/lib/python3.12/site-packages/airflow/example_dags/example_trigger_target_dag.py
[2025-10-21T14:54:04.518+0000] {processor.py:840} INFO - DAG(s) 'example_trigger_target_dag' retrieved from /home/khaled/dbt-env/lib/python3.12/site-packages/airflow/example_dags/example_trigger_target_dag.py
[2025-10-21T14:54:04.529+0000] {logging_mixin.py:188} INFO - [2025-10-21T14:54:04.529+0000] {dag.py:3089} INFO - Sync 1 DAGs
[2025-10-21T14:54:04.536+0000] {logging_mixin.py:188} INFO - [2025-10-21T14:54:04.536+0000] {dag.py:3947} INFO - Setting next_dagrun for example_trigger_target_dag to None, run_after=None
[2025-10-21T14:54:04.569+0000] {processor.py:183} INFO - Processing /home/khaled/dbt-env/lib/python3.12/site-packages/airflow/example_dags/example_trigger_target_dag.py took 0.062 seconds
[2025-10-21T14:55:00.849+0000] {processor.py:161} INFO - Started process (PID=14350) to work on /home/khaled/dbt-env/lib/python3.12/site-packages/airflow/example_dags/example_trigger_target_dag.py
[2025-10-21T14:55:00.850+0000] {processor.py:830} INFO - Processing file /home/khaled/dbt-env/lib/python3.12/site-packages/airflow/example_dags/example_trigger_target_dag.py for tasks to queue
[2025-10-21T14:55:00.851+0000] {logging_mixin.py:188} INFO - [2025-10-21T14:55:00.851+0000] {dagbag.py:545} INFO - Filling up the DagBag from /home/khaled/dbt-env/lib/python3.12/site-packages/airflow/example_dags/example_trigger_target_dag.py
[2025-10-21T14:55:00.856+0000] {processor.py:840} INFO - DAG(s) 'example_trigger_target_dag' retrieved from /home/khaled/dbt-env/lib/python3.12/site-packages/airflow/example_dags/example_trigger_target_dag.py
[2025-10-21T14:55:00.869+0000] {logging_mixin.py:188} INFO - [2025-10-21T14:55:00.868+0000] {dag.py:3089} INFO - Sync 1 DAGs
[2025-10-21T14:55:00.878+0000] {logging_mixin.py:188} INFO - [2025-10-21T14:55:00.877+0000] {dag.py:3947} INFO - Setting next_dagrun for example_trigger_target_dag to None, run_after=None
[2025-10-21T14:55:00.898+0000] {processor.py:183} INFO - Processing /home/khaled/dbt-env/lib/python3.12/site-packages/airflow/example_dags/example_trigger_target_dag.py took 0.053 seconds
[2025-10-21T14:55:51.479+0000] {processor.py:161} INFO - Started process (PID=14506) to work on /home/khaled/dbt-env/lib/python3.12/site-packages/airflow/example_dags/example_trigger_target_dag.py
[2025-10-21T14:55:51.480+0000] {processor.py:830} INFO - Processing file /home/khaled/dbt-env/lib/python3.12/site-packages/airflow/example_dags/example_trigger_target_dag.py for tasks to queue
[2025-10-21T14:55:51.481+0000] {logging_mixin.py:188} INFO - [2025-10-21T14:55:51.481+0000] {dagbag.py:545} INFO - Filling up the DagBag from /home/khaled/dbt-env/lib/python3.12/site-packages/airflow/example_dags/example_trigger_target_dag.py
[2025-10-21T14:55:51.486+0000] {processor.py:840} INFO - DAG(s) 'example_trigger_target_dag' retrieved from /home/khaled/dbt-env/lib/python3.12/site-packages/airflow/example_dags/example_trigger_target_dag.py
[2025-10-21T14:55:51.502+0000] {logging_mixin.py:188} INFO - [2025-10-21T14:55:51.501+0000] {dag.py:3089} INFO - Sync 1 DAGs
[2025-10-21T14:55:51.512+0000] {logging_mixin.py:188} INFO - [2025-10-21T14:55:51.512+0000] {dag.py:3947} INFO - Setting next_dagrun for example_trigger_target_dag to None, run_after=None
[2025-10-21T14:55:51.546+0000] {processor.py:183} INFO - Processing /home/khaled/dbt-env/lib/python3.12/site-packages/airflow/example_dags/example_trigger_target_dag.py took 0.072 seconds
[2025-10-21T14:56:08.953+0000] {processor.py:161} INFO - Started process (PID=14577) to work on /home/khaled/dbt-env/lib/python3.12/site-packages/airflow/example_dags/example_trigger_target_dag.py
[2025-10-21T14:56:08.954+0000] {processor.py:830} INFO - Processing file /home/khaled/dbt-env/lib/python3.12/site-packages/airflow/example_dags/example_trigger_target_dag.py for tasks to queue
[2025-10-21T14:56:08.956+0000] {logging_mixin.py:188} INFO - [2025-10-21T14:56:08.955+0000] {dagbag.py:545} INFO - Filling up the DagBag from /home/khaled/dbt-env/lib/python3.12/site-packages/airflow/example_dags/example_trigger_target_dag.py
[2025-10-21T14:56:08.966+0000] {processor.py:840} INFO - DAG(s) 'example_trigger_target_dag' retrieved from /home/khaled/dbt-env/lib/python3.12/site-packages/airflow/example_dags/example_trigger_target_dag.py
[2025-10-21T14:56:08.984+0000] {logging_mixin.py:188} INFO - [2025-10-21T14:56:08.983+0000] {dag.py:3089} INFO - Sync 1 DAGs
[2025-10-21T14:56:08.992+0000] {logging_mixin.py:188} INFO - [2025-10-21T14:56:08.992+0000] {dag.py:3947} INFO - Setting next_dagrun for example_trigger_target_dag to None, run_after=None
[2025-10-21T14:56:09.012+0000] {processor.py:183} INFO - Processing /home/khaled/dbt-env/lib/python3.12/site-packages/airflow/example_dags/example_trigger_target_dag.py took 0.067 seconds
[2025-10-21T14:56:27.805+0000] {processor.py:161} INFO - Started process (PID=14661) to work on /home/khaled/dbt-env/lib/python3.12/site-packages/airflow/example_dags/example_trigger_target_dag.py
[2025-10-21T14:56:27.819+0000] {processor.py:830} INFO - Processing file /home/khaled/dbt-env/lib/python3.12/site-packages/airflow/example_dags/example_trigger_target_dag.py for tasks to queue
[2025-10-21T14:56:27.821+0000] {logging_mixin.py:188} INFO - [2025-10-21T14:56:27.820+0000] {dagbag.py:545} INFO - Filling up the DagBag from /home/khaled/dbt-env/lib/python3.12/site-packages/airflow/example_dags/example_trigger_target_dag.py
[2025-10-21T14:56:27.832+0000] {processor.py:840} INFO - DAG(s) 'example_trigger_target_dag' retrieved from /home/khaled/dbt-env/lib/python3.12/site-packages/airflow/example_dags/example_trigger_target_dag.py
[2025-10-21T14:56:27.857+0000] {logging_mixin.py:188} INFO - [2025-10-21T14:56:27.856+0000] {dag.py:3089} INFO - Sync 1 DAGs
[2025-10-21T14:56:27.869+0000] {logging_mixin.py:188} INFO - [2025-10-21T14:56:27.869+0000] {dag.py:3947} INFO - Setting next_dagrun for example_trigger_target_dag to None, run_after=None
[2025-10-21T14:56:27.902+0000] {processor.py:183} INFO - Processing /home/khaled/dbt-env/lib/python3.12/site-packages/airflow/example_dags/example_trigger_target_dag.py took 0.105 seconds
[2025-10-21T14:58:02.939+0000] {processor.py:161} INFO - Started process (PID=14755) to work on /home/khaled/dbt-env/lib/python3.12/site-packages/airflow/example_dags/example_trigger_target_dag.py
[2025-10-21T14:58:03.024+0000] {processor.py:830} INFO - Processing file /home/khaled/dbt-env/lib/python3.12/site-packages/airflow/example_dags/example_trigger_target_dag.py for tasks to queue
[2025-10-21T14:58:03.295+0000] {logging_mixin.py:188} INFO - [2025-10-21T14:58:03.215+0000] {dagbag.py:545} INFO - Filling up the DagBag from /home/khaled/dbt-env/lib/python3.12/site-packages/airflow/example_dags/example_trigger_target_dag.py
[2025-10-21T14:58:03.790+0000] {processor.py:840} INFO - DAG(s) 'example_trigger_target_dag' retrieved from /home/khaled/dbt-env/lib/python3.12/site-packages/airflow/example_dags/example_trigger_target_dag.py
[2025-10-21T14:58:04.821+0000] {logging_mixin.py:188} INFO - [2025-10-21T14:58:04.820+0000] {dag.py:3089} INFO - Sync 1 DAGs
[2025-10-21T14:58:05.487+0000] {logging_mixin.py:188} INFO - [2025-10-21T14:58:05.454+0000] {dag.py:3947} INFO - Setting next_dagrun for example_trigger_target_dag to None, run_after=None
[2025-10-21T14:58:07.312+0000] {processor.py:183} INFO - Processing /home/khaled/dbt-env/lib/python3.12/site-packages/airflow/example_dags/example_trigger_target_dag.py took 4.805 seconds
[2025-10-21T14:59:45.789+0000] {processor.py:161} INFO - Started process (PID=14813) to work on /home/khaled/dbt-env/lib/python3.12/site-packages/airflow/example_dags/example_trigger_target_dag.py
[2025-10-21T14:59:45.800+0000] {processor.py:830} INFO - Processing file /home/khaled/dbt-env/lib/python3.12/site-packages/airflow/example_dags/example_trigger_target_dag.py for tasks to queue
[2025-10-21T14:59:45.801+0000] {logging_mixin.py:188} INFO - [2025-10-21T14:59:45.801+0000] {dagbag.py:545} INFO - Filling up the DagBag from /home/khaled/dbt-env/lib/python3.12/site-packages/airflow/example_dags/example_trigger_target_dag.py
[2025-10-21T14:59:45.806+0000] {processor.py:840} INFO - DAG(s) 'example_trigger_target_dag' retrieved from /home/khaled/dbt-env/lib/python3.12/site-packages/airflow/example_dags/example_trigger_target_dag.py
[2025-10-21T14:59:45.816+0000] {logging_mixin.py:188} INFO - [2025-10-21T14:59:45.816+0000] {dag.py:3089} INFO - Sync 1 DAGs
[2025-10-21T14:59:45.823+0000] {logging_mixin.py:188} INFO - [2025-10-21T14:59:45.823+0000] {dag.py:3947} INFO - Setting next_dagrun for example_trigger_target_dag to None, run_after=None
[2025-10-21T14:59:45.842+0000] {processor.py:183} INFO - Processing /home/khaled/dbt-env/lib/python3.12/site-packages/airflow/example_dags/example_trigger_target_dag.py took 0.057 seconds
[2025-10-21T15:00:38.224+0000] {processor.py:161} INFO - Started process (PID=14883) to work on /home/khaled/dbt-env/lib/python3.12/site-packages/airflow/example_dags/example_trigger_target_dag.py
[2025-10-21T15:00:38.228+0000] {processor.py:830} INFO - Processing file /home/khaled/dbt-env/lib/python3.12/site-packages/airflow/example_dags/example_trigger_target_dag.py for tasks to queue
[2025-10-21T15:00:38.230+0000] {logging_mixin.py:188} INFO - [2025-10-21T15:00:38.229+0000] {dagbag.py:545} INFO - Filling up the DagBag from /home/khaled/dbt-env/lib/python3.12/site-packages/airflow/example_dags/example_trigger_target_dag.py
[2025-10-21T15:00:38.240+0000] {processor.py:840} INFO - DAG(s) 'example_trigger_target_dag' retrieved from /home/khaled/dbt-env/lib/python3.12/site-packages/airflow/example_dags/example_trigger_target_dag.py
[2025-10-21T15:00:38.276+0000] {logging_mixin.py:188} INFO - [2025-10-21T15:00:38.276+0000] {dag.py:3089} INFO - Sync 1 DAGs
[2025-10-21T15:00:38.288+0000] {logging_mixin.py:188} INFO - [2025-10-21T15:00:38.288+0000] {dag.py:3947} INFO - Setting next_dagrun for example_trigger_target_dag to None, run_after=None
[2025-10-21T15:00:38.312+0000] {processor.py:183} INFO - Processing /home/khaled/dbt-env/lib/python3.12/site-packages/airflow/example_dags/example_trigger_target_dag.py took 0.094 seconds
[2025-10-21T15:01:27.833+0000] {processor.py:161} INFO - Started process (PID=15196) to work on /home/khaled/dbt-env/lib/python3.12/site-packages/airflow/example_dags/example_trigger_target_dag.py
[2025-10-21T15:01:27.835+0000] {processor.py:830} INFO - Processing file /home/khaled/dbt-env/lib/python3.12/site-packages/airflow/example_dags/example_trigger_target_dag.py for tasks to queue
[2025-10-21T15:01:27.836+0000] {logging_mixin.py:188} INFO - [2025-10-21T15:01:27.836+0000] {dagbag.py:545} INFO - Filling up the DagBag from /home/khaled/dbt-env/lib/python3.12/site-packages/airflow/example_dags/example_trigger_target_dag.py
[2025-10-21T15:01:27.840+0000] {processor.py:840} INFO - DAG(s) 'example_trigger_target_dag' retrieved from /home/khaled/dbt-env/lib/python3.12/site-packages/airflow/example_dags/example_trigger_target_dag.py
[2025-10-21T15:01:27.851+0000] {logging_mixin.py:188} INFO - [2025-10-21T15:01:27.851+0000] {dag.py:3089} INFO - Sync 1 DAGs
[2025-10-21T15:01:27.859+0000] {logging_mixin.py:188} INFO - [2025-10-21T15:01:27.859+0000] {dag.py:3947} INFO - Setting next_dagrun for example_trigger_target_dag to None, run_after=None
[2025-10-21T15:01:27.889+0000] {processor.py:183} INFO - Processing /home/khaled/dbt-env/lib/python3.12/site-packages/airflow/example_dags/example_trigger_target_dag.py took 0.060 seconds
[2025-10-21T15:02:24.321+0000] {processor.py:161} INFO - Started process (PID=15337) to work on /home/khaled/dbt-env/lib/python3.12/site-packages/airflow/example_dags/example_trigger_target_dag.py
[2025-10-21T15:02:24.322+0000] {processor.py:830} INFO - Processing file /home/khaled/dbt-env/lib/python3.12/site-packages/airflow/example_dags/example_trigger_target_dag.py for tasks to queue
[2025-10-21T15:02:24.324+0000] {logging_mixin.py:188} INFO - [2025-10-21T15:02:24.324+0000] {dagbag.py:545} INFO - Filling up the DagBag from /home/khaled/dbt-env/lib/python3.12/site-packages/airflow/example_dags/example_trigger_target_dag.py
[2025-10-21T15:02:24.331+0000] {processor.py:840} INFO - DAG(s) 'example_trigger_target_dag' retrieved from /home/khaled/dbt-env/lib/python3.12/site-packages/airflow/example_dags/example_trigger_target_dag.py
[2025-10-21T15:02:24.344+0000] {logging_mixin.py:188} INFO - [2025-10-21T15:02:24.344+0000] {dag.py:3089} INFO - Sync 1 DAGs
[2025-10-21T15:02:24.352+0000] {logging_mixin.py:188} INFO - [2025-10-21T15:02:24.352+0000] {dag.py:3947} INFO - Setting next_dagrun for example_trigger_target_dag to None, run_after=None
[2025-10-21T15:02:24.372+0000] {processor.py:183} INFO - Processing /home/khaled/dbt-env/lib/python3.12/site-packages/airflow/example_dags/example_trigger_target_dag.py took 0.056 seconds
