[2025-10-21T14:29:12.623+0000] {processor.py:161} INFO - Started process (PID=7543) to work on /home/khaled/dbt-env/lib/python3.12/site-packages/airflow/example_dags/example_sensor_decorator.py
[2025-10-21T14:29:12.625+0000] {processor.py:830} INFO - Processing file /home/khaled/dbt-env/lib/python3.12/site-packages/airflow/example_dags/example_sensor_decorator.py for tasks to queue
[2025-10-21T14:29:12.627+0000] {logging_mixin.py:188} INFO - [2025-10-21T14:29:12.626+0000] {dagbag.py:545} INFO - Filling up the DagBag from /home/khaled/dbt-env/lib/python3.12/site-packages/airflow/example_dags/example_sensor_decorator.py
[2025-10-21T14:29:12.634+0000] {processor.py:840} INFO - DAG(s) 'example_sensor_decorator' retrieved from /home/khaled/dbt-env/lib/python3.12/site-packages/airflow/example_dags/example_sensor_decorator.py
[2025-10-21T14:29:12.838+0000] {logging_mixin.py:188} INFO - [2025-10-21T14:29:12.837+0000] {override.py:1858} INFO - Created Permission View: can read on DAG:example_sensor_decorator
[2025-10-21T14:29:12.886+0000] {logging_mixin.py:188} INFO - [2025-10-21T14:29:12.881+0000] {override.py:1858} INFO - Created Permission View: can edit on DAG:example_sensor_decorator
[2025-10-21T14:29:12.907+0000] {logging_mixin.py:188} INFO - [2025-10-21T14:29:12.907+0000] {override.py:1858} INFO - Created Permission View: can delete on DAG:example_sensor_decorator
[2025-10-21T14:29:12.908+0000] {logging_mixin.py:188} INFO - [2025-10-21T14:29:12.908+0000] {dag.py:3089} INFO - Sync 1 DAGs
[2025-10-21T14:29:12.938+0000] {logging_mixin.py:188} INFO - [2025-10-21T14:29:12.938+0000] {dag.py:3111} INFO - Creating ORM DAG for example_sensor_decorator
[2025-10-21T14:29:12.939+0000] {logging_mixin.py:188} INFO - [2025-10-21T14:29:12.939+0000] {dag.py:3947} INFO - Setting next_dagrun for example_sensor_decorator to None, run_after=None
[2025-10-21T14:29:13.067+0000] {processor.py:183} INFO - Processing /home/khaled/dbt-env/lib/python3.12/site-packages/airflow/example_dags/example_sensor_decorator.py took 0.456 seconds
[2025-10-21T14:30:49.247+0000] {processor.py:161} INFO - Started process (PID=7746) to work on /home/khaled/dbt-env/lib/python3.12/site-packages/airflow/example_dags/example_sensor_decorator.py
[2025-10-21T14:30:49.268+0000] {processor.py:830} INFO - Processing file /home/khaled/dbt-env/lib/python3.12/site-packages/airflow/example_dags/example_sensor_decorator.py for tasks to queue
[2025-10-21T14:30:49.306+0000] {logging_mixin.py:188} INFO - [2025-10-21T14:30:49.304+0000] {dagbag.py:545} INFO - Filling up the DagBag from /home/khaled/dbt-env/lib/python3.12/site-packages/airflow/example_dags/example_sensor_decorator.py
[2025-10-21T14:30:49.357+0000] {processor.py:840} INFO - DAG(s) 'example_sensor_decorator' retrieved from /home/khaled/dbt-env/lib/python3.12/site-packages/airflow/example_dags/example_sensor_decorator.py
[2025-10-21T14:30:49.436+0000] {logging_mixin.py:188} INFO - [2025-10-21T14:30:49.433+0000] {dag.py:3089} INFO - Sync 1 DAGs
[2025-10-21T14:30:49.478+0000] {logging_mixin.py:188} INFO - [2025-10-21T14:30:49.477+0000] {dag.py:3947} INFO - Setting next_dagrun for example_sensor_decorator to None, run_after=None
[2025-10-21T14:30:49.569+0000] {processor.py:183} INFO - Processing /home/khaled/dbt-env/lib/python3.12/site-packages/airflow/example_dags/example_sensor_decorator.py took 0.409 seconds
[2025-10-21T14:48:43.598+0000] {processor.py:161} INFO - Started process (PID=12310) to work on /home/khaled/dbt-env/lib/python3.12/site-packages/airflow/example_dags/example_sensor_decorator.py
[2025-10-21T14:48:43.609+0000] {processor.py:830} INFO - Processing file /home/khaled/dbt-env/lib/python3.12/site-packages/airflow/example_dags/example_sensor_decorator.py for tasks to queue
[2025-10-21T14:48:43.610+0000] {logging_mixin.py:188} INFO - [2025-10-21T14:48:43.610+0000] {dagbag.py:545} INFO - Filling up the DagBag from /home/khaled/dbt-env/lib/python3.12/site-packages/airflow/example_dags/example_sensor_decorator.py
[2025-10-21T14:48:43.615+0000] {processor.py:840} INFO - DAG(s) 'example_sensor_decorator' retrieved from /home/khaled/dbt-env/lib/python3.12/site-packages/airflow/example_dags/example_sensor_decorator.py
[2025-10-21T14:48:43.630+0000] {logging_mixin.py:188} INFO - [2025-10-21T14:48:43.629+0000] {dag.py:3089} INFO - Sync 1 DAGs
[2025-10-21T14:48:43.639+0000] {logging_mixin.py:188} INFO - [2025-10-21T14:48:43.639+0000] {dag.py:3947} INFO - Setting next_dagrun for example_sensor_decorator to None, run_after=None
[2025-10-21T14:48:43.659+0000] {processor.py:183} INFO - Processing /home/khaled/dbt-env/lib/python3.12/site-packages/airflow/example_dags/example_sensor_decorator.py took 0.065 seconds
[2025-10-21T14:49:41.056+0000] {processor.py:161} INFO - Started process (PID=12621) to work on /home/khaled/dbt-env/lib/python3.12/site-packages/airflow/example_dags/example_sensor_decorator.py
[2025-10-21T14:49:41.059+0000] {processor.py:830} INFO - Processing file /home/khaled/dbt-env/lib/python3.12/site-packages/airflow/example_dags/example_sensor_decorator.py for tasks to queue
[2025-10-21T14:49:41.063+0000] {logging_mixin.py:188} INFO - [2025-10-21T14:49:41.061+0000] {dagbag.py:545} INFO - Filling up the DagBag from /home/khaled/dbt-env/lib/python3.12/site-packages/airflow/example_dags/example_sensor_decorator.py
[2025-10-21T14:49:41.075+0000] {processor.py:840} INFO - DAG(s) 'example_sensor_decorator' retrieved from /home/khaled/dbt-env/lib/python3.12/site-packages/airflow/example_dags/example_sensor_decorator.py
[2025-10-21T14:49:41.092+0000] {logging_mixin.py:188} INFO - [2025-10-21T14:49:41.092+0000] {dag.py:3089} INFO - Sync 1 DAGs
[2025-10-21T14:49:41.106+0000] {logging_mixin.py:188} INFO - [2025-10-21T14:49:41.105+0000] {dag.py:3947} INFO - Setting next_dagrun for example_sensor_decorator to None, run_after=None
[2025-10-21T14:49:41.133+0000] {processor.py:183} INFO - Processing /home/khaled/dbt-env/lib/python3.12/site-packages/airflow/example_dags/example_sensor_decorator.py took 0.091 seconds
[2025-10-21T14:50:34.687+0000] {processor.py:161} INFO - Started process (PID=12905) to work on /home/khaled/dbt-env/lib/python3.12/site-packages/airflow/example_dags/example_sensor_decorator.py
[2025-10-21T14:50:34.688+0000] {processor.py:830} INFO - Processing file /home/khaled/dbt-env/lib/python3.12/site-packages/airflow/example_dags/example_sensor_decorator.py for tasks to queue
[2025-10-21T14:50:34.689+0000] {logging_mixin.py:188} INFO - [2025-10-21T14:50:34.689+0000] {dagbag.py:545} INFO - Filling up the DagBag from /home/khaled/dbt-env/lib/python3.12/site-packages/airflow/example_dags/example_sensor_decorator.py
[2025-10-21T14:50:34.695+0000] {processor.py:840} INFO - DAG(s) 'example_sensor_decorator' retrieved from /home/khaled/dbt-env/lib/python3.12/site-packages/airflow/example_dags/example_sensor_decorator.py
[2025-10-21T14:50:34.708+0000] {logging_mixin.py:188} INFO - [2025-10-21T14:50:34.707+0000] {dag.py:3089} INFO - Sync 1 DAGs
[2025-10-21T14:50:34.717+0000] {logging_mixin.py:188} INFO - [2025-10-21T14:50:34.717+0000] {dag.py:3947} INFO - Setting next_dagrun for example_sensor_decorator to None, run_after=None
[2025-10-21T14:50:34.753+0000] {processor.py:183} INFO - Processing /home/khaled/dbt-env/lib/python3.12/site-packages/airflow/example_dags/example_sensor_decorator.py took 0.071 seconds
[2025-10-21T14:51:32.038+0000] {processor.py:161} INFO - Started process (PID=13244) to work on /home/khaled/dbt-env/lib/python3.12/site-packages/airflow/example_dags/example_sensor_decorator.py
[2025-10-21T14:51:32.039+0000] {processor.py:830} INFO - Processing file /home/khaled/dbt-env/lib/python3.12/site-packages/airflow/example_dags/example_sensor_decorator.py for tasks to queue
[2025-10-21T14:51:32.040+0000] {logging_mixin.py:188} INFO - [2025-10-21T14:51:32.040+0000] {dagbag.py:545} INFO - Filling up the DagBag from /home/khaled/dbt-env/lib/python3.12/site-packages/airflow/example_dags/example_sensor_decorator.py
[2025-10-21T14:51:32.045+0000] {processor.py:840} INFO - DAG(s) 'example_sensor_decorator' retrieved from /home/khaled/dbt-env/lib/python3.12/site-packages/airflow/example_dags/example_sensor_decorator.py
[2025-10-21T14:51:32.070+0000] {logging_mixin.py:188} INFO - [2025-10-21T14:51:32.069+0000] {dag.py:3089} INFO - Sync 1 DAGs
[2025-10-21T14:51:32.102+0000] {logging_mixin.py:188} INFO - [2025-10-21T14:51:32.102+0000] {dag.py:3947} INFO - Setting next_dagrun for example_sensor_decorator to None, run_after=None
[2025-10-21T14:51:32.158+0000] {processor.py:183} INFO - Processing /home/khaled/dbt-env/lib/python3.12/site-packages/airflow/example_dags/example_sensor_decorator.py took 0.125 seconds
[2025-10-21T14:52:30.598+0000] {processor.py:161} INFO - Started process (PID=13482) to work on /home/khaled/dbt-env/lib/python3.12/site-packages/airflow/example_dags/example_sensor_decorator.py
[2025-10-21T14:52:30.611+0000] {processor.py:830} INFO - Processing file /home/khaled/dbt-env/lib/python3.12/site-packages/airflow/example_dags/example_sensor_decorator.py for tasks to queue
[2025-10-21T14:52:30.613+0000] {logging_mixin.py:188} INFO - [2025-10-21T14:52:30.612+0000] {dagbag.py:545} INFO - Filling up the DagBag from /home/khaled/dbt-env/lib/python3.12/site-packages/airflow/example_dags/example_sensor_decorator.py
[2025-10-21T14:52:30.617+0000] {processor.py:840} INFO - DAG(s) 'example_sensor_decorator' retrieved from /home/khaled/dbt-env/lib/python3.12/site-packages/airflow/example_dags/example_sensor_decorator.py
[2025-10-21T14:52:30.630+0000] {logging_mixin.py:188} INFO - [2025-10-21T14:52:30.630+0000] {dag.py:3089} INFO - Sync 1 DAGs
[2025-10-21T14:52:30.639+0000] {logging_mixin.py:188} INFO - [2025-10-21T14:52:30.638+0000] {dag.py:3947} INFO - Setting next_dagrun for example_sensor_decorator to None, run_after=None
[2025-10-21T14:52:30.659+0000] {processor.py:183} INFO - Processing /home/khaled/dbt-env/lib/python3.12/site-packages/airflow/example_dags/example_sensor_decorator.py took 0.066 seconds
[2025-10-21T14:53:27.301+0000] {processor.py:161} INFO - Started process (PID=13949) to work on /home/khaled/dbt-env/lib/python3.12/site-packages/airflow/example_dags/example_sensor_decorator.py
[2025-10-21T14:53:27.303+0000] {processor.py:830} INFO - Processing file /home/khaled/dbt-env/lib/python3.12/site-packages/airflow/example_dags/example_sensor_decorator.py for tasks to queue
[2025-10-21T14:53:27.304+0000] {logging_mixin.py:188} INFO - [2025-10-21T14:53:27.303+0000] {dagbag.py:545} INFO - Filling up the DagBag from /home/khaled/dbt-env/lib/python3.12/site-packages/airflow/example_dags/example_sensor_decorator.py
[2025-10-21T14:53:27.308+0000] {processor.py:840} INFO - DAG(s) 'example_sensor_decorator' retrieved from /home/khaled/dbt-env/lib/python3.12/site-packages/airflow/example_dags/example_sensor_decorator.py
[2025-10-21T14:53:27.318+0000] {logging_mixin.py:188} INFO - [2025-10-21T14:53:27.318+0000] {dag.py:3089} INFO - Sync 1 DAGs
[2025-10-21T14:53:27.325+0000] {logging_mixin.py:188} INFO - [2025-10-21T14:53:27.325+0000] {dag.py:3947} INFO - Setting next_dagrun for example_sensor_decorator to None, run_after=None
[2025-10-21T14:53:27.357+0000] {processor.py:183} INFO - Processing /home/khaled/dbt-env/lib/python3.12/site-packages/airflow/example_dags/example_sensor_decorator.py took 0.061 seconds
[2025-10-21T14:54:24.592+0000] {processor.py:161} INFO - Started process (PID=14178) to work on /home/khaled/dbt-env/lib/python3.12/site-packages/airflow/example_dags/example_sensor_decorator.py
[2025-10-21T14:54:24.600+0000] {processor.py:830} INFO - Processing file /home/khaled/dbt-env/lib/python3.12/site-packages/airflow/example_dags/example_sensor_decorator.py for tasks to queue
[2025-10-21T14:54:24.604+0000] {logging_mixin.py:188} INFO - [2025-10-21T14:54:24.602+0000] {dagbag.py:545} INFO - Filling up the DagBag from /home/khaled/dbt-env/lib/python3.12/site-packages/airflow/example_dags/example_sensor_decorator.py
[2025-10-21T14:54:24.649+0000] {processor.py:840} INFO - DAG(s) 'example_sensor_decorator' retrieved from /home/khaled/dbt-env/lib/python3.12/site-packages/airflow/example_dags/example_sensor_decorator.py
[2025-10-21T14:54:24.704+0000] {logging_mixin.py:188} INFO - [2025-10-21T14:54:24.704+0000] {dag.py:3089} INFO - Sync 1 DAGs
[2025-10-21T14:54:24.733+0000] {logging_mixin.py:188} INFO - [2025-10-21T14:54:24.732+0000] {dag.py:3947} INFO - Setting next_dagrun for example_sensor_decorator to None, run_after=None
[2025-10-21T14:54:24.882+0000] {processor.py:183} INFO - Processing /home/khaled/dbt-env/lib/python3.12/site-packages/airflow/example_dags/example_sensor_decorator.py took 0.299 seconds
[2025-10-21T14:55:19.012+0000] {processor.py:161} INFO - Started process (PID=14407) to work on /home/khaled/dbt-env/lib/python3.12/site-packages/airflow/example_dags/example_sensor_decorator.py
[2025-10-21T14:55:19.013+0000] {processor.py:830} INFO - Processing file /home/khaled/dbt-env/lib/python3.12/site-packages/airflow/example_dags/example_sensor_decorator.py for tasks to queue
[2025-10-21T14:55:19.014+0000] {logging_mixin.py:188} INFO - [2025-10-21T14:55:19.014+0000] {dagbag.py:545} INFO - Filling up the DagBag from /home/khaled/dbt-env/lib/python3.12/site-packages/airflow/example_dags/example_sensor_decorator.py
[2025-10-21T14:55:19.018+0000] {processor.py:840} INFO - DAG(s) 'example_sensor_decorator' retrieved from /home/khaled/dbt-env/lib/python3.12/site-packages/airflow/example_dags/example_sensor_decorator.py
[2025-10-21T14:55:19.028+0000] {logging_mixin.py:188} INFO - [2025-10-21T14:55:19.028+0000] {dag.py:3089} INFO - Sync 1 DAGs
[2025-10-21T14:55:19.036+0000] {logging_mixin.py:188} INFO - [2025-10-21T14:55:19.036+0000] {dag.py:3947} INFO - Setting next_dagrun for example_sensor_decorator to None, run_after=None
[2025-10-21T14:55:19.054+0000] {processor.py:183} INFO - Processing /home/khaled/dbt-env/lib/python3.12/site-packages/airflow/example_dags/example_sensor_decorator.py took 0.049 seconds
[2025-10-21T14:56:43.654+0000] {processor.py:161} INFO - Started process (PID=14680) to work on /home/khaled/dbt-env/lib/python3.12/site-packages/airflow/example_dags/example_sensor_decorator.py
[2025-10-21T14:56:43.656+0000] {processor.py:830} INFO - Processing file /home/khaled/dbt-env/lib/python3.12/site-packages/airflow/example_dags/example_sensor_decorator.py for tasks to queue
[2025-10-21T14:56:43.658+0000] {logging_mixin.py:188} INFO - [2025-10-21T14:56:43.657+0000] {dagbag.py:545} INFO - Filling up the DagBag from /home/khaled/dbt-env/lib/python3.12/site-packages/airflow/example_dags/example_sensor_decorator.py
[2025-10-21T14:56:43.663+0000] {processor.py:840} INFO - DAG(s) 'example_sensor_decorator' retrieved from /home/khaled/dbt-env/lib/python3.12/site-packages/airflow/example_dags/example_sensor_decorator.py
[2025-10-21T14:56:43.696+0000] {logging_mixin.py:188} INFO - [2025-10-21T14:56:43.694+0000] {dag.py:3089} INFO - Sync 1 DAGs
[2025-10-21T14:56:43.718+0000] {logging_mixin.py:188} INFO - [2025-10-21T14:56:43.717+0000] {dag.py:3947} INFO - Setting next_dagrun for example_sensor_decorator to None, run_after=None
[2025-10-21T14:56:43.777+0000] {processor.py:183} INFO - Processing /home/khaled/dbt-env/lib/python3.12/site-packages/airflow/example_dags/example_sensor_decorator.py took 0.128 seconds
[2025-10-21T14:59:10.915+0000] {processor.py:161} INFO - Started process (PID=14789) to work on /home/khaled/dbt-env/lib/python3.12/site-packages/airflow/example_dags/example_sensor_decorator.py
[2025-10-21T14:59:10.916+0000] {processor.py:830} INFO - Processing file /home/khaled/dbt-env/lib/python3.12/site-packages/airflow/example_dags/example_sensor_decorator.py for tasks to queue
[2025-10-21T14:59:10.917+0000] {logging_mixin.py:188} INFO - [2025-10-21T14:59:10.917+0000] {dagbag.py:545} INFO - Filling up the DagBag from /home/khaled/dbt-env/lib/python3.12/site-packages/airflow/example_dags/example_sensor_decorator.py
[2025-10-21T14:59:10.923+0000] {processor.py:840} INFO - DAG(s) 'example_sensor_decorator' retrieved from /home/khaled/dbt-env/lib/python3.12/site-packages/airflow/example_dags/example_sensor_decorator.py
[2025-10-21T14:59:10.938+0000] {logging_mixin.py:188} INFO - [2025-10-21T14:59:10.938+0000] {dag.py:3089} INFO - Sync 1 DAGs
[2025-10-21T14:59:10.965+0000] {logging_mixin.py:188} INFO - [2025-10-21T14:59:10.965+0000] {dag.py:3947} INFO - Setting next_dagrun for example_sensor_decorator to None, run_after=None
[2025-10-21T14:59:10.990+0000] {processor.py:183} INFO - Processing /home/khaled/dbt-env/lib/python3.12/site-packages/airflow/example_dags/example_sensor_decorator.py took 0.080 seconds
[2025-10-21T15:00:34.088+0000] {processor.py:161} INFO - Started process (PID=14878) to work on /home/khaled/dbt-env/lib/python3.12/site-packages/airflow/example_dags/example_sensor_decorator.py
[2025-10-21T15:00:34.100+0000] {processor.py:830} INFO - Processing file /home/khaled/dbt-env/lib/python3.12/site-packages/airflow/example_dags/example_sensor_decorator.py for tasks to queue
[2025-10-21T15:00:34.102+0000] {logging_mixin.py:188} INFO - [2025-10-21T15:00:34.101+0000] {dagbag.py:545} INFO - Filling up the DagBag from /home/khaled/dbt-env/lib/python3.12/site-packages/airflow/example_dags/example_sensor_decorator.py
[2025-10-21T15:00:34.109+0000] {processor.py:840} INFO - DAG(s) 'example_sensor_decorator' retrieved from /home/khaled/dbt-env/lib/python3.12/site-packages/airflow/example_dags/example_sensor_decorator.py
[2025-10-21T15:00:34.124+0000] {logging_mixin.py:188} INFO - [2025-10-21T15:00:34.124+0000] {dag.py:3089} INFO - Sync 1 DAGs
[2025-10-21T15:00:34.133+0000] {logging_mixin.py:188} INFO - [2025-10-21T15:00:34.133+0000] {dag.py:3947} INFO - Setting next_dagrun for example_sensor_decorator to None, run_after=None
[2025-10-21T15:00:34.153+0000] {processor.py:183} INFO - Processing /home/khaled/dbt-env/lib/python3.12/site-packages/airflow/example_dags/example_sensor_decorator.py took 0.071 seconds
[2025-10-21T15:01:34.601+0000] {processor.py:161} INFO - Started process (PID=15222) to work on /home/khaled/dbt-env/lib/python3.12/site-packages/airflow/example_dags/example_sensor_decorator.py
[2025-10-21T15:01:34.612+0000] {processor.py:830} INFO - Processing file /home/khaled/dbt-env/lib/python3.12/site-packages/airflow/example_dags/example_sensor_decorator.py for tasks to queue
[2025-10-21T15:01:34.613+0000] {logging_mixin.py:188} INFO - [2025-10-21T15:01:34.613+0000] {dagbag.py:545} INFO - Filling up the DagBag from /home/khaled/dbt-env/lib/python3.12/site-packages/airflow/example_dags/example_sensor_decorator.py
[2025-10-21T15:01:34.618+0000] {processor.py:840} INFO - DAG(s) 'example_sensor_decorator' retrieved from /home/khaled/dbt-env/lib/python3.12/site-packages/airflow/example_dags/example_sensor_decorator.py
[2025-10-21T15:01:34.630+0000] {logging_mixin.py:188} INFO - [2025-10-21T15:01:34.630+0000] {dag.py:3089} INFO - Sync 1 DAGs
[2025-10-21T15:01:34.638+0000] {logging_mixin.py:188} INFO - [2025-10-21T15:01:34.638+0000] {dag.py:3947} INFO - Setting next_dagrun for example_sensor_decorator to None, run_after=None
[2025-10-21T15:01:34.681+0000] {processor.py:183} INFO - Processing /home/khaled/dbt-env/lib/python3.12/site-packages/airflow/example_dags/example_sensor_decorator.py took 0.084 seconds
[2025-10-21T15:02:30.333+0000] {processor.py:161} INFO - Started process (PID=15348) to work on /home/khaled/dbt-env/lib/python3.12/site-packages/airflow/example_dags/example_sensor_decorator.py
[2025-10-21T15:02:30.334+0000] {processor.py:830} INFO - Processing file /home/khaled/dbt-env/lib/python3.12/site-packages/airflow/example_dags/example_sensor_decorator.py for tasks to queue
[2025-10-21T15:02:30.336+0000] {logging_mixin.py:188} INFO - [2025-10-21T15:02:30.335+0000] {dagbag.py:545} INFO - Filling up the DagBag from /home/khaled/dbt-env/lib/python3.12/site-packages/airflow/example_dags/example_sensor_decorator.py
[2025-10-21T15:02:30.343+0000] {processor.py:840} INFO - DAG(s) 'example_sensor_decorator' retrieved from /home/khaled/dbt-env/lib/python3.12/site-packages/airflow/example_dags/example_sensor_decorator.py
[2025-10-21T15:02:30.359+0000] {logging_mixin.py:188} INFO - [2025-10-21T15:02:30.359+0000] {dag.py:3089} INFO - Sync 1 DAGs
[2025-10-21T15:02:30.370+0000] {logging_mixin.py:188} INFO - [2025-10-21T15:02:30.370+0000] {dag.py:3947} INFO - Setting next_dagrun for example_sensor_decorator to None, run_after=None
[2025-10-21T15:02:30.407+0000] {processor.py:183} INFO - Processing /home/khaled/dbt-env/lib/python3.12/site-packages/airflow/example_dags/example_sensor_decorator.py took 0.080 seconds
