[2025-10-21T14:29:08.554+0000] {processor.py:161} INFO - Started process (PID=7536) to work on /home/khaled/dbt-env/lib/python3.12/site-packages/airflow/example_dags/example_short_circuit_decorator.py
[2025-10-21T14:29:08.555+0000] {processor.py:830} INFO - Processing file /home/khaled/dbt-env/lib/python3.12/site-packages/airflow/example_dags/example_short_circuit_decorator.py for tasks to queue
[2025-10-21T14:29:08.556+0000] {logging_mixin.py:188} INFO - [2025-10-21T14:29:08.556+0000] {dagbag.py:545} INFO - Filling up the DagBag from /home/khaled/dbt-env/lib/python3.12/site-packages/airflow/example_dags/example_short_circuit_decorator.py
[2025-10-21T14:29:08.563+0000] {processor.py:840} INFO - DAG(s) 'example_short_circuit_decorator' retrieved from /home/khaled/dbt-env/lib/python3.12/site-packages/airflow/example_dags/example_short_circuit_decorator.py
[2025-10-21T14:29:08.653+0000] {logging_mixin.py:188} INFO - [2025-10-21T14:29:08.652+0000] {override.py:1858} INFO - Created Permission View: can read on DAG:example_short_circuit_decorator
[2025-10-21T14:29:08.664+0000] {logging_mixin.py:188} INFO - [2025-10-21T14:29:08.664+0000] {override.py:1858} INFO - Created Permission View: can edit on DAG:example_short_circuit_decorator
[2025-10-21T14:29:08.673+0000] {logging_mixin.py:188} INFO - [2025-10-21T14:29:08.673+0000] {override.py:1858} INFO - Created Permission View: can delete on DAG:example_short_circuit_decorator
[2025-10-21T14:29:08.673+0000] {logging_mixin.py:188} INFO - [2025-10-21T14:29:08.673+0000] {dag.py:3089} INFO - Sync 1 DAGs
[2025-10-21T14:29:08.680+0000] {logging_mixin.py:188} INFO - [2025-10-21T14:29:08.680+0000] {dag.py:3111} INFO - Creating ORM DAG for example_short_circuit_decorator
[2025-10-21T14:29:08.687+0000] {logging_mixin.py:188} INFO - [2025-10-21T14:29:08.687+0000] {dag.py:3947} INFO - Setting next_dagrun for example_short_circuit_decorator to 2025-10-20 00:00:00+00:00, run_after=2025-10-21 00:00:00+00:00
[2025-10-21T14:29:08.706+0000] {processor.py:183} INFO - Processing /home/khaled/dbt-env/lib/python3.12/site-packages/airflow/example_dags/example_short_circuit_decorator.py took 0.157 seconds
[2025-10-21T14:30:37.241+0000] {processor.py:161} INFO - Started process (PID=7739) to work on /home/khaled/dbt-env/lib/python3.12/site-packages/airflow/example_dags/example_short_circuit_decorator.py
[2025-10-21T14:30:37.255+0000] {processor.py:830} INFO - Processing file /home/khaled/dbt-env/lib/python3.12/site-packages/airflow/example_dags/example_short_circuit_decorator.py for tasks to queue
[2025-10-21T14:30:37.285+0000] {logging_mixin.py:188} INFO - [2025-10-21T14:30:37.282+0000] {dagbag.py:545} INFO - Filling up the DagBag from /home/khaled/dbt-env/lib/python3.12/site-packages/airflow/example_dags/example_short_circuit_decorator.py
[2025-10-21T14:30:37.334+0000] {processor.py:840} INFO - DAG(s) 'example_short_circuit_decorator' retrieved from /home/khaled/dbt-env/lib/python3.12/site-packages/airflow/example_dags/example_short_circuit_decorator.py
[2025-10-21T14:30:37.466+0000] {logging_mixin.py:188} INFO - [2025-10-21T14:30:37.464+0000] {dag.py:3089} INFO - Sync 1 DAGs
[2025-10-21T14:30:37.630+0000] {logging_mixin.py:188} INFO - [2025-10-21T14:30:37.624+0000] {dag.py:3947} INFO - Setting next_dagrun for example_short_circuit_decorator to 2025-10-20 00:00:00+00:00, run_after=2025-10-21 00:00:00+00:00
[2025-10-21T14:30:38.389+0000] {processor.py:183} INFO - Processing /home/khaled/dbt-env/lib/python3.12/site-packages/airflow/example_dags/example_short_circuit_decorator.py took 1.220 seconds
[2025-10-21T14:48:39.618+0000] {processor.py:161} INFO - Started process (PID=12255) to work on /home/khaled/dbt-env/lib/python3.12/site-packages/airflow/example_dags/example_short_circuit_decorator.py
[2025-10-21T14:48:39.628+0000] {processor.py:830} INFO - Processing file /home/khaled/dbt-env/lib/python3.12/site-packages/airflow/example_dags/example_short_circuit_decorator.py for tasks to queue
[2025-10-21T14:48:39.629+0000] {logging_mixin.py:188} INFO - [2025-10-21T14:48:39.629+0000] {dagbag.py:545} INFO - Filling up the DagBag from /home/khaled/dbt-env/lib/python3.12/site-packages/airflow/example_dags/example_short_circuit_decorator.py
[2025-10-21T14:48:39.635+0000] {processor.py:840} INFO - DAG(s) 'example_short_circuit_decorator' retrieved from /home/khaled/dbt-env/lib/python3.12/site-packages/airflow/example_dags/example_short_circuit_decorator.py
[2025-10-21T14:48:39.649+0000] {logging_mixin.py:188} INFO - [2025-10-21T14:48:39.649+0000] {dag.py:3089} INFO - Sync 1 DAGs
[2025-10-21T14:48:39.662+0000] {logging_mixin.py:188} INFO - [2025-10-21T14:48:39.662+0000] {dag.py:3947} INFO - Setting next_dagrun for example_short_circuit_decorator to 2025-10-20 00:00:00+00:00, run_after=2025-10-21 00:00:00+00:00
[2025-10-21T14:48:39.682+0000] {processor.py:183} INFO - Processing /home/khaled/dbt-env/lib/python3.12/site-packages/airflow/example_dags/example_short_circuit_decorator.py took 0.070 seconds
[2025-10-21T14:49:35.888+0000] {processor.py:161} INFO - Started process (PID=12613) to work on /home/khaled/dbt-env/lib/python3.12/site-packages/airflow/example_dags/example_short_circuit_decorator.py
[2025-10-21T14:49:35.891+0000] {processor.py:830} INFO - Processing file /home/khaled/dbt-env/lib/python3.12/site-packages/airflow/example_dags/example_short_circuit_decorator.py for tasks to queue
[2025-10-21T14:49:35.892+0000] {logging_mixin.py:188} INFO - [2025-10-21T14:49:35.892+0000] {dagbag.py:545} INFO - Filling up the DagBag from /home/khaled/dbt-env/lib/python3.12/site-packages/airflow/example_dags/example_short_circuit_decorator.py
[2025-10-21T14:49:35.898+0000] {processor.py:840} INFO - DAG(s) 'example_short_circuit_decorator' retrieved from /home/khaled/dbt-env/lib/python3.12/site-packages/airflow/example_dags/example_short_circuit_decorator.py
[2025-10-21T14:49:35.910+0000] {logging_mixin.py:188} INFO - [2025-10-21T14:49:35.910+0000] {dag.py:3089} INFO - Sync 1 DAGs
[2025-10-21T14:49:35.923+0000] {logging_mixin.py:188} INFO - [2025-10-21T14:49:35.922+0000] {dag.py:3947} INFO - Setting next_dagrun for example_short_circuit_decorator to 2025-10-20 00:00:00+00:00, run_after=2025-10-21 00:00:00+00:00
[2025-10-21T14:49:35.943+0000] {processor.py:183} INFO - Processing /home/khaled/dbt-env/lib/python3.12/site-packages/airflow/example_dags/example_short_circuit_decorator.py took 0.059 seconds
[2025-10-21T14:50:30.300+0000] {processor.py:161} INFO - Started process (PID=12864) to work on /home/khaled/dbt-env/lib/python3.12/site-packages/airflow/example_dags/example_short_circuit_decorator.py
[2025-10-21T14:50:30.301+0000] {processor.py:830} INFO - Processing file /home/khaled/dbt-env/lib/python3.12/site-packages/airflow/example_dags/example_short_circuit_decorator.py for tasks to queue
[2025-10-21T14:50:30.303+0000] {logging_mixin.py:188} INFO - [2025-10-21T14:50:30.302+0000] {dagbag.py:545} INFO - Filling up the DagBag from /home/khaled/dbt-env/lib/python3.12/site-packages/airflow/example_dags/example_short_circuit_decorator.py
[2025-10-21T14:50:30.309+0000] {processor.py:840} INFO - DAG(s) 'example_short_circuit_decorator' retrieved from /home/khaled/dbt-env/lib/python3.12/site-packages/airflow/example_dags/example_short_circuit_decorator.py
[2025-10-21T14:50:30.322+0000] {logging_mixin.py:188} INFO - [2025-10-21T14:50:30.322+0000] {dag.py:3089} INFO - Sync 1 DAGs
[2025-10-21T14:50:30.335+0000] {logging_mixin.py:188} INFO - [2025-10-21T14:50:30.335+0000] {dag.py:3947} INFO - Setting next_dagrun for example_short_circuit_decorator to 2025-10-20 00:00:00+00:00, run_after=2025-10-21 00:00:00+00:00
[2025-10-21T14:50:30.366+0000] {processor.py:183} INFO - Processing /home/khaled/dbt-env/lib/python3.12/site-packages/airflow/example_dags/example_short_circuit_decorator.py took 0.070 seconds
[2025-10-21T14:51:28.574+0000] {processor.py:161} INFO - Started process (PID=13237) to work on /home/khaled/dbt-env/lib/python3.12/site-packages/airflow/example_dags/example_short_circuit_decorator.py
[2025-10-21T14:51:28.576+0000] {processor.py:830} INFO - Processing file /home/khaled/dbt-env/lib/python3.12/site-packages/airflow/example_dags/example_short_circuit_decorator.py for tasks to queue
[2025-10-21T14:51:28.577+0000] {logging_mixin.py:188} INFO - [2025-10-21T14:51:28.577+0000] {dagbag.py:545} INFO - Filling up the DagBag from /home/khaled/dbt-env/lib/python3.12/site-packages/airflow/example_dags/example_short_circuit_decorator.py
[2025-10-21T14:51:28.583+0000] {processor.py:840} INFO - DAG(s) 'example_short_circuit_decorator' retrieved from /home/khaled/dbt-env/lib/python3.12/site-packages/airflow/example_dags/example_short_circuit_decorator.py
[2025-10-21T14:51:28.594+0000] {logging_mixin.py:188} INFO - [2025-10-21T14:51:28.594+0000] {dag.py:3089} INFO - Sync 1 DAGs
[2025-10-21T14:51:28.606+0000] {logging_mixin.py:188} INFO - [2025-10-21T14:51:28.606+0000] {dag.py:3947} INFO - Setting next_dagrun for example_short_circuit_decorator to 2025-10-20 00:00:00+00:00, run_after=2025-10-21 00:00:00+00:00
[2025-10-21T14:51:28.647+0000] {processor.py:183} INFO - Processing /home/khaled/dbt-env/lib/python3.12/site-packages/airflow/example_dags/example_short_circuit_decorator.py took 0.077 seconds
[2025-10-21T14:52:26.577+0000] {processor.py:161} INFO - Started process (PID=13476) to work on /home/khaled/dbt-env/lib/python3.12/site-packages/airflow/example_dags/example_short_circuit_decorator.py
[2025-10-21T14:52:26.587+0000] {processor.py:830} INFO - Processing file /home/khaled/dbt-env/lib/python3.12/site-packages/airflow/example_dags/example_short_circuit_decorator.py for tasks to queue
[2025-10-21T14:52:26.589+0000] {logging_mixin.py:188} INFO - [2025-10-21T14:52:26.588+0000] {dagbag.py:545} INFO - Filling up the DagBag from /home/khaled/dbt-env/lib/python3.12/site-packages/airflow/example_dags/example_short_circuit_decorator.py
[2025-10-21T14:52:26.595+0000] {processor.py:840} INFO - DAG(s) 'example_short_circuit_decorator' retrieved from /home/khaled/dbt-env/lib/python3.12/site-packages/airflow/example_dags/example_short_circuit_decorator.py
[2025-10-21T14:52:26.608+0000] {logging_mixin.py:188} INFO - [2025-10-21T14:52:26.607+0000] {dag.py:3089} INFO - Sync 1 DAGs
[2025-10-21T14:52:26.630+0000] {logging_mixin.py:188} INFO - [2025-10-21T14:52:26.629+0000] {dag.py:3947} INFO - Setting next_dagrun for example_short_circuit_decorator to 2025-10-20 00:00:00+00:00, run_after=2025-10-21 00:00:00+00:00
[2025-10-21T14:52:26.662+0000] {processor.py:183} INFO - Processing /home/khaled/dbt-env/lib/python3.12/site-packages/airflow/example_dags/example_short_circuit_decorator.py took 0.089 seconds
[2025-10-21T14:53:22.688+0000] {processor.py:161} INFO - Started process (PID=13864) to work on /home/khaled/dbt-env/lib/python3.12/site-packages/airflow/example_dags/example_short_circuit_decorator.py
[2025-10-21T14:53:22.691+0000] {processor.py:830} INFO - Processing file /home/khaled/dbt-env/lib/python3.12/site-packages/airflow/example_dags/example_short_circuit_decorator.py for tasks to queue
[2025-10-21T14:53:22.692+0000] {logging_mixin.py:188} INFO - [2025-10-21T14:53:22.692+0000] {dagbag.py:545} INFO - Filling up the DagBag from /home/khaled/dbt-env/lib/python3.12/site-packages/airflow/example_dags/example_short_circuit_decorator.py
[2025-10-21T14:53:22.699+0000] {processor.py:840} INFO - DAG(s) 'example_short_circuit_decorator' retrieved from /home/khaled/dbt-env/lib/python3.12/site-packages/airflow/example_dags/example_short_circuit_decorator.py
[2025-10-21T14:53:22.711+0000] {logging_mixin.py:188} INFO - [2025-10-21T14:53:22.711+0000] {dag.py:3089} INFO - Sync 1 DAGs
[2025-10-21T14:53:22.723+0000] {logging_mixin.py:188} INFO - [2025-10-21T14:53:22.723+0000] {dag.py:3947} INFO - Setting next_dagrun for example_short_circuit_decorator to 2025-10-20 00:00:00+00:00, run_after=2025-10-21 00:00:00+00:00
[2025-10-21T14:53:22.742+0000] {processor.py:183} INFO - Processing /home/khaled/dbt-env/lib/python3.12/site-packages/airflow/example_dags/example_short_circuit_decorator.py took 0.058 seconds
[2025-10-21T14:54:20.906+0000] {processor.py:161} INFO - Started process (PID=14159) to work on /home/khaled/dbt-env/lib/python3.12/site-packages/airflow/example_dags/example_short_circuit_decorator.py
[2025-10-21T14:54:20.907+0000] {processor.py:830} INFO - Processing file /home/khaled/dbt-env/lib/python3.12/site-packages/airflow/example_dags/example_short_circuit_decorator.py for tasks to queue
[2025-10-21T14:54:20.908+0000] {logging_mixin.py:188} INFO - [2025-10-21T14:54:20.908+0000] {dagbag.py:545} INFO - Filling up the DagBag from /home/khaled/dbt-env/lib/python3.12/site-packages/airflow/example_dags/example_short_circuit_decorator.py
[2025-10-21T14:54:20.915+0000] {processor.py:840} INFO - DAG(s) 'example_short_circuit_decorator' retrieved from /home/khaled/dbt-env/lib/python3.12/site-packages/airflow/example_dags/example_short_circuit_decorator.py
[2025-10-21T14:54:20.929+0000] {logging_mixin.py:188} INFO - [2025-10-21T14:54:20.929+0000] {dag.py:3089} INFO - Sync 1 DAGs
[2025-10-21T14:54:20.959+0000] {logging_mixin.py:188} INFO - [2025-10-21T14:54:20.959+0000] {dag.py:3947} INFO - Setting next_dagrun for example_short_circuit_decorator to 2025-10-20 00:00:00+00:00, run_after=2025-10-21 00:00:00+00:00
[2025-10-21T14:54:20.998+0000] {processor.py:183} INFO - Processing /home/khaled/dbt-env/lib/python3.12/site-packages/airflow/example_dags/example_short_circuit_decorator.py took 0.096 seconds
[2025-10-21T14:55:14.970+0000] {processor.py:161} INFO - Started process (PID=14375) to work on /home/khaled/dbt-env/lib/python3.12/site-packages/airflow/example_dags/example_short_circuit_decorator.py
[2025-10-21T14:55:14.981+0000] {processor.py:830} INFO - Processing file /home/khaled/dbt-env/lib/python3.12/site-packages/airflow/example_dags/example_short_circuit_decorator.py for tasks to queue
[2025-10-21T14:55:14.982+0000] {logging_mixin.py:188} INFO - [2025-10-21T14:55:14.982+0000] {dagbag.py:545} INFO - Filling up the DagBag from /home/khaled/dbt-env/lib/python3.12/site-packages/airflow/example_dags/example_short_circuit_decorator.py
[2025-10-21T14:55:14.988+0000] {processor.py:840} INFO - DAG(s) 'example_short_circuit_decorator' retrieved from /home/khaled/dbt-env/lib/python3.12/site-packages/airflow/example_dags/example_short_circuit_decorator.py
[2025-10-21T14:55:15.000+0000] {logging_mixin.py:188} INFO - [2025-10-21T14:55:15.000+0000] {dag.py:3089} INFO - Sync 1 DAGs
[2025-10-21T14:55:15.012+0000] {logging_mixin.py:188} INFO - [2025-10-21T14:55:15.012+0000] {dag.py:3947} INFO - Setting next_dagrun for example_short_circuit_decorator to 2025-10-20 00:00:00+00:00, run_after=2025-10-21 00:00:00+00:00
[2025-10-21T14:55:15.039+0000] {processor.py:183} INFO - Processing /home/khaled/dbt-env/lib/python3.12/site-packages/airflow/example_dags/example_short_circuit_decorator.py took 0.073 seconds
[2025-10-21T14:56:38.292+0000] {processor.py:161} INFO - Started process (PID=14675) to work on /home/khaled/dbt-env/lib/python3.12/site-packages/airflow/example_dags/example_short_circuit_decorator.py
[2025-10-21T14:56:38.298+0000] {processor.py:830} INFO - Processing file /home/khaled/dbt-env/lib/python3.12/site-packages/airflow/example_dags/example_short_circuit_decorator.py for tasks to queue
[2025-10-21T14:56:38.304+0000] {logging_mixin.py:188} INFO - [2025-10-21T14:56:38.302+0000] {dagbag.py:545} INFO - Filling up the DagBag from /home/khaled/dbt-env/lib/python3.12/site-packages/airflow/example_dags/example_short_circuit_decorator.py
[2025-10-21T14:56:38.324+0000] {processor.py:840} INFO - DAG(s) 'example_short_circuit_decorator' retrieved from /home/khaled/dbt-env/lib/python3.12/site-packages/airflow/example_dags/example_short_circuit_decorator.py
[2025-10-21T14:56:38.354+0000] {logging_mixin.py:188} INFO - [2025-10-21T14:56:38.354+0000] {dag.py:3089} INFO - Sync 1 DAGs
[2025-10-21T14:56:38.382+0000] {logging_mixin.py:188} INFO - [2025-10-21T14:56:38.381+0000] {dag.py:3947} INFO - Setting next_dagrun for example_short_circuit_decorator to 2025-10-20 00:00:00+00:00, run_after=2025-10-21 00:00:00+00:00
[2025-10-21T14:56:38.444+0000] {processor.py:183} INFO - Processing /home/khaled/dbt-env/lib/python3.12/site-packages/airflow/example_dags/example_short_circuit_decorator.py took 0.175 seconds
[2025-10-21T14:59:06.266+0000] {processor.py:161} INFO - Started process (PID=14784) to work on /home/khaled/dbt-env/lib/python3.12/site-packages/airflow/example_dags/example_short_circuit_decorator.py
[2025-10-21T14:59:06.268+0000] {processor.py:830} INFO - Processing file /home/khaled/dbt-env/lib/python3.12/site-packages/airflow/example_dags/example_short_circuit_decorator.py for tasks to queue
[2025-10-21T14:59:06.271+0000] {logging_mixin.py:188} INFO - [2025-10-21T14:59:06.270+0000] {dagbag.py:545} INFO - Filling up the DagBag from /home/khaled/dbt-env/lib/python3.12/site-packages/airflow/example_dags/example_short_circuit_decorator.py
[2025-10-21T14:59:06.280+0000] {processor.py:840} INFO - DAG(s) 'example_short_circuit_decorator' retrieved from /home/khaled/dbt-env/lib/python3.12/site-packages/airflow/example_dags/example_short_circuit_decorator.py
[2025-10-21T14:59:06.296+0000] {logging_mixin.py:188} INFO - [2025-10-21T14:59:06.296+0000] {dag.py:3089} INFO - Sync 1 DAGs
[2025-10-21T14:59:06.312+0000] {logging_mixin.py:188} INFO - [2025-10-21T14:59:06.312+0000] {dag.py:3947} INFO - Setting next_dagrun for example_short_circuit_decorator to 2025-10-20 00:00:00+00:00, run_after=2025-10-21 00:00:00+00:00
[2025-10-21T14:59:06.338+0000] {processor.py:183} INFO - Processing /home/khaled/dbt-env/lib/python3.12/site-packages/airflow/example_dags/example_short_circuit_decorator.py took 0.077 seconds
[2025-10-21T15:00:30.083+0000] {processor.py:161} INFO - Started process (PID=14873) to work on /home/khaled/dbt-env/lib/python3.12/site-packages/airflow/example_dags/example_short_circuit_decorator.py
[2025-10-21T15:00:30.084+0000] {processor.py:830} INFO - Processing file /home/khaled/dbt-env/lib/python3.12/site-packages/airflow/example_dags/example_short_circuit_decorator.py for tasks to queue
[2025-10-21T15:00:30.086+0000] {logging_mixin.py:188} INFO - [2025-10-21T15:00:30.085+0000] {dagbag.py:545} INFO - Filling up the DagBag from /home/khaled/dbt-env/lib/python3.12/site-packages/airflow/example_dags/example_short_circuit_decorator.py
[2025-10-21T15:00:30.093+0000] {processor.py:840} INFO - DAG(s) 'example_short_circuit_decorator' retrieved from /home/khaled/dbt-env/lib/python3.12/site-packages/airflow/example_dags/example_short_circuit_decorator.py
[2025-10-21T15:00:30.108+0000] {logging_mixin.py:188} INFO - [2025-10-21T15:00:30.108+0000] {dag.py:3089} INFO - Sync 1 DAGs
[2025-10-21T15:00:30.125+0000] {logging_mixin.py:188} INFO - [2025-10-21T15:00:30.125+0000] {dag.py:3947} INFO - Setting next_dagrun for example_short_circuit_decorator to 2025-10-20 00:00:00+00:00, run_after=2025-10-21 00:00:00+00:00
[2025-10-21T15:00:30.151+0000] {processor.py:183} INFO - Processing /home/khaled/dbt-env/lib/python3.12/site-packages/airflow/example_dags/example_short_circuit_decorator.py took 0.073 seconds
[2025-10-21T15:01:18.711+0000] {processor.py:161} INFO - Started process (PID=15154) to work on /home/khaled/dbt-env/lib/python3.12/site-packages/airflow/example_dags/example_short_circuit_decorator.py
[2025-10-21T15:01:18.721+0000] {processor.py:830} INFO - Processing file /home/khaled/dbt-env/lib/python3.12/site-packages/airflow/example_dags/example_short_circuit_decorator.py for tasks to queue
[2025-10-21T15:01:18.723+0000] {logging_mixin.py:188} INFO - [2025-10-21T15:01:18.722+0000] {dagbag.py:545} INFO - Filling up the DagBag from /home/khaled/dbt-env/lib/python3.12/site-packages/airflow/example_dags/example_short_circuit_decorator.py
[2025-10-21T15:01:18.730+0000] {processor.py:840} INFO - DAG(s) 'example_short_circuit_decorator' retrieved from /home/khaled/dbt-env/lib/python3.12/site-packages/airflow/example_dags/example_short_circuit_decorator.py
[2025-10-21T15:01:18.744+0000] {logging_mixin.py:188} INFO - [2025-10-21T15:01:18.743+0000] {dag.py:3089} INFO - Sync 1 DAGs
[2025-10-21T15:01:18.758+0000] {logging_mixin.py:188} INFO - [2025-10-21T15:01:18.758+0000] {dag.py:3947} INFO - Setting next_dagrun for example_short_circuit_decorator to 2025-10-20 00:00:00+00:00, run_after=2025-10-21 00:00:00+00:00
[2025-10-21T15:01:18.781+0000] {processor.py:183} INFO - Processing /home/khaled/dbt-env/lib/python3.12/site-packages/airflow/example_dags/example_short_circuit_decorator.py took 0.074 seconds
[2025-10-21T15:02:12.312+0000] {processor.py:161} INFO - Started process (PID=15323) to work on /home/khaled/dbt-env/lib/python3.12/site-packages/airflow/example_dags/example_short_circuit_decorator.py
[2025-10-21T15:02:12.313+0000] {processor.py:830} INFO - Processing file /home/khaled/dbt-env/lib/python3.12/site-packages/airflow/example_dags/example_short_circuit_decorator.py for tasks to queue
[2025-10-21T15:02:12.315+0000] {logging_mixin.py:188} INFO - [2025-10-21T15:02:12.315+0000] {dagbag.py:545} INFO - Filling up the DagBag from /home/khaled/dbt-env/lib/python3.12/site-packages/airflow/example_dags/example_short_circuit_decorator.py
[2025-10-21T15:02:12.330+0000] {processor.py:840} INFO - DAG(s) 'example_short_circuit_decorator' retrieved from /home/khaled/dbt-env/lib/python3.12/site-packages/airflow/example_dags/example_short_circuit_decorator.py
[2025-10-21T15:02:12.343+0000] {logging_mixin.py:188} INFO - [2025-10-21T15:02:12.343+0000] {dag.py:3089} INFO - Sync 1 DAGs
[2025-10-21T15:02:12.356+0000] {logging_mixin.py:188} INFO - [2025-10-21T15:02:12.356+0000] {dag.py:3947} INFO - Setting next_dagrun for example_short_circuit_decorator to 2025-10-20 00:00:00+00:00, run_after=2025-10-21 00:00:00+00:00
[2025-10-21T15:02:12.379+0000] {processor.py:183} INFO - Processing /home/khaled/dbt-env/lib/python3.12/site-packages/airflow/example_dags/example_short_circuit_decorator.py took 0.073 seconds
