[2025-10-21T14:28:55.544+0000] {processor.py:161} INFO - Started process (PID=7525) to work on /home/khaled/dbt-env/lib/python3.12/site-packages/airflow/example_dags/example_xcom.py
[2025-10-21T14:28:55.545+0000] {processor.py:830} INFO - Processing file /home/khaled/dbt-env/lib/python3.12/site-packages/airflow/example_dags/example_xcom.py for tasks to queue
[2025-10-21T14:28:55.546+0000] {logging_mixin.py:188} INFO - [2025-10-21T14:28:55.546+0000] {dagbag.py:545} INFO - Filling up the DagBag from /home/khaled/dbt-env/lib/python3.12/site-packages/airflow/example_dags/example_xcom.py
[2025-10-21T14:28:55.559+0000] {processor.py:840} INFO - DAG(s) 'example_xcom' retrieved from /home/khaled/dbt-env/lib/python3.12/site-packages/airflow/example_dags/example_xcom.py
[2025-10-21T14:28:55.695+0000] {logging_mixin.py:188} INFO - [2025-10-21T14:28:55.694+0000] {override.py:1858} INFO - Created Permission View: can read on DAG:example_xcom
[2025-10-21T14:28:55.710+0000] {logging_mixin.py:188} INFO - [2025-10-21T14:28:55.709+0000] {override.py:1858} INFO - Created Permission View: can edit on DAG:example_xcom
[2025-10-21T14:28:55.721+0000] {logging_mixin.py:188} INFO - [2025-10-21T14:28:55.720+0000] {override.py:1858} INFO - Created Permission View: can delete on DAG:example_xcom
[2025-10-21T14:28:55.721+0000] {logging_mixin.py:188} INFO - [2025-10-21T14:28:55.721+0000] {dag.py:3089} INFO - Sync 1 DAGs
[2025-10-21T14:28:55.733+0000] {logging_mixin.py:188} INFO - [2025-10-21T14:28:55.733+0000] {dag.py:3111} INFO - Creating ORM DAG for example_xcom
[2025-10-21T14:28:55.743+0000] {logging_mixin.py:188} INFO - [2025-10-21T14:28:55.743+0000] {dag.py:3947} INFO - Setting next_dagrun for example_xcom to 2021-01-01 00:00:00+00:00, run_after=2021-01-01 00:00:00+00:00
[2025-10-21T14:28:55.780+0000] {processor.py:183} INFO - Processing /home/khaled/dbt-env/lib/python3.12/site-packages/airflow/example_dags/example_xcom.py took 0.240 seconds
[2025-10-21T14:30:00.434+0000] {processor.py:161} INFO - Started process (PID=7709) to work on /home/khaled/dbt-env/lib/python3.12/site-packages/airflow/example_dags/example_xcom.py
[2025-10-21T14:30:00.452+0000] {processor.py:830} INFO - Processing file /home/khaled/dbt-env/lib/python3.12/site-packages/airflow/example_dags/example_xcom.py for tasks to queue
[2025-10-21T14:30:00.456+0000] {logging_mixin.py:188} INFO - [2025-10-21T14:30:00.456+0000] {dagbag.py:545} INFO - Filling up the DagBag from /home/khaled/dbt-env/lib/python3.12/site-packages/airflow/example_dags/example_xcom.py
[2025-10-21T14:30:00.483+0000] {processor.py:840} INFO - DAG(s) 'example_xcom' retrieved from /home/khaled/dbt-env/lib/python3.12/site-packages/airflow/example_dags/example_xcom.py
[2025-10-21T14:30:00.517+0000] {logging_mixin.py:188} INFO - [2025-10-21T14:30:00.517+0000] {dag.py:3089} INFO - Sync 1 DAGs
[2025-10-21T14:30:00.547+0000] {logging_mixin.py:188} INFO - [2025-10-21T14:30:00.547+0000] {dag.py:3947} INFO - Setting next_dagrun for example_xcom to 2021-01-01 00:00:00+00:00, run_after=2021-01-01 00:00:00+00:00
[2025-10-21T14:30:00.622+0000] {processor.py:183} INFO - Processing /home/khaled/dbt-env/lib/python3.12/site-packages/airflow/example_dags/example_xcom.py took 0.202 seconds
[2025-10-21T14:31:26.613+0000] {processor.py:161} INFO - Started process (PID=7772) to work on /home/khaled/dbt-env/lib/python3.12/site-packages/airflow/example_dags/example_xcom.py
[2025-10-21T14:31:26.624+0000] {processor.py:830} INFO - Processing file /home/khaled/dbt-env/lib/python3.12/site-packages/airflow/example_dags/example_xcom.py for tasks to queue
[2025-10-21T14:31:26.625+0000] {logging_mixin.py:188} INFO - [2025-10-21T14:31:26.625+0000] {dagbag.py:545} INFO - Filling up the DagBag from /home/khaled/dbt-env/lib/python3.12/site-packages/airflow/example_dags/example_xcom.py
[2025-10-21T14:31:26.631+0000] {processor.py:840} INFO - DAG(s) 'example_xcom' retrieved from /home/khaled/dbt-env/lib/python3.12/site-packages/airflow/example_dags/example_xcom.py
[2025-10-21T14:31:26.642+0000] {logging_mixin.py:188} INFO - [2025-10-21T14:31:26.642+0000] {dag.py:3089} INFO - Sync 1 DAGs
[2025-10-21T14:31:26.655+0000] {logging_mixin.py:188} INFO - [2025-10-21T14:31:26.655+0000] {dag.py:3947} INFO - Setting next_dagrun for example_xcom to 2021-01-01 00:00:00+00:00, run_after=2021-01-01 00:00:00+00:00
[2025-10-21T14:31:26.674+0000] {processor.py:183} INFO - Processing /home/khaled/dbt-env/lib/python3.12/site-packages/airflow/example_dags/example_xcom.py took 0.065 seconds
[2025-10-21T14:48:29.110+0000] {processor.py:161} INFO - Started process (PID=12111) to work on /home/khaled/dbt-env/lib/python3.12/site-packages/airflow/example_dags/example_xcom.py
[2025-10-21T14:48:29.121+0000] {processor.py:830} INFO - Processing file /home/khaled/dbt-env/lib/python3.12/site-packages/airflow/example_dags/example_xcom.py for tasks to queue
[2025-10-21T14:48:29.123+0000] {logging_mixin.py:188} INFO - [2025-10-21T14:48:29.122+0000] {dagbag.py:545} INFO - Filling up the DagBag from /home/khaled/dbt-env/lib/python3.12/site-packages/airflow/example_dags/example_xcom.py
[2025-10-21T14:48:29.131+0000] {processor.py:840} INFO - DAG(s) 'example_xcom' retrieved from /home/khaled/dbt-env/lib/python3.12/site-packages/airflow/example_dags/example_xcom.py
[2025-10-21T14:48:29.150+0000] {logging_mixin.py:188} INFO - [2025-10-21T14:48:29.150+0000] {dag.py:3089} INFO - Sync 1 DAGs
[2025-10-21T14:48:29.162+0000] {logging_mixin.py:188} INFO - [2025-10-21T14:48:29.162+0000] {dag.py:3947} INFO - Setting next_dagrun for example_xcom to 2021-01-01 00:00:00+00:00, run_after=2021-01-01 00:00:00+00:00
[2025-10-21T14:48:29.185+0000] {processor.py:183} INFO - Processing /home/khaled/dbt-env/lib/python3.12/site-packages/airflow/example_dags/example_xcom.py took 0.079 seconds
[2025-10-21T14:49:25.479+0000] {processor.py:161} INFO - Started process (PID=12553) to work on /home/khaled/dbt-env/lib/python3.12/site-packages/airflow/example_dags/example_xcom.py
[2025-10-21T14:49:25.480+0000] {processor.py:830} INFO - Processing file /home/khaled/dbt-env/lib/python3.12/site-packages/airflow/example_dags/example_xcom.py for tasks to queue
[2025-10-21T14:49:25.481+0000] {logging_mixin.py:188} INFO - [2025-10-21T14:49:25.481+0000] {dagbag.py:545} INFO - Filling up the DagBag from /home/khaled/dbt-env/lib/python3.12/site-packages/airflow/example_dags/example_xcom.py
[2025-10-21T14:49:25.488+0000] {processor.py:840} INFO - DAG(s) 'example_xcom' retrieved from /home/khaled/dbt-env/lib/python3.12/site-packages/airflow/example_dags/example_xcom.py
[2025-10-21T14:49:25.500+0000] {logging_mixin.py:188} INFO - [2025-10-21T14:49:25.500+0000] {dag.py:3089} INFO - Sync 1 DAGs
[2025-10-21T14:49:25.513+0000] {logging_mixin.py:188} INFO - [2025-10-21T14:49:25.513+0000] {dag.py:3947} INFO - Setting next_dagrun for example_xcom to 2021-01-01 00:00:00+00:00, run_after=2021-01-01 00:00:00+00:00
[2025-10-21T14:49:25.546+0000] {processor.py:183} INFO - Processing /home/khaled/dbt-env/lib/python3.12/site-packages/airflow/example_dags/example_xcom.py took 0.071 seconds
[2025-10-21T14:50:17.694+0000] {processor.py:161} INFO - Started process (PID=12788) to work on /home/khaled/dbt-env/lib/python3.12/site-packages/airflow/example_dags/example_xcom.py
[2025-10-21T14:50:17.695+0000] {processor.py:830} INFO - Processing file /home/khaled/dbt-env/lib/python3.12/site-packages/airflow/example_dags/example_xcom.py for tasks to queue
[2025-10-21T14:50:17.696+0000] {logging_mixin.py:188} INFO - [2025-10-21T14:50:17.696+0000] {dagbag.py:545} INFO - Filling up the DagBag from /home/khaled/dbt-env/lib/python3.12/site-packages/airflow/example_dags/example_xcom.py
[2025-10-21T14:50:17.702+0000] {processor.py:840} INFO - DAG(s) 'example_xcom' retrieved from /home/khaled/dbt-env/lib/python3.12/site-packages/airflow/example_dags/example_xcom.py
[2025-10-21T14:50:17.713+0000] {logging_mixin.py:188} INFO - [2025-10-21T14:50:17.713+0000] {dag.py:3089} INFO - Sync 1 DAGs
[2025-10-21T14:50:17.725+0000] {logging_mixin.py:188} INFO - [2025-10-21T14:50:17.725+0000] {dag.py:3947} INFO - Setting next_dagrun for example_xcom to 2021-01-01 00:00:00+00:00, run_after=2021-01-01 00:00:00+00:00
[2025-10-21T14:50:17.756+0000] {processor.py:183} INFO - Processing /home/khaled/dbt-env/lib/python3.12/site-packages/airflow/example_dags/example_xcom.py took 0.066 seconds
[2025-10-21T14:51:12.347+0000] {processor.py:161} INFO - Started process (PID=13147) to work on /home/khaled/dbt-env/lib/python3.12/site-packages/airflow/example_dags/example_xcom.py
[2025-10-21T14:51:12.359+0000] {processor.py:830} INFO - Processing file /home/khaled/dbt-env/lib/python3.12/site-packages/airflow/example_dags/example_xcom.py for tasks to queue
[2025-10-21T14:51:12.360+0000] {logging_mixin.py:188} INFO - [2025-10-21T14:51:12.360+0000] {dagbag.py:545} INFO - Filling up the DagBag from /home/khaled/dbt-env/lib/python3.12/site-packages/airflow/example_dags/example_xcom.py
[2025-10-21T14:51:12.367+0000] {processor.py:840} INFO - DAG(s) 'example_xcom' retrieved from /home/khaled/dbt-env/lib/python3.12/site-packages/airflow/example_dags/example_xcom.py
[2025-10-21T14:51:12.380+0000] {logging_mixin.py:188} INFO - [2025-10-21T14:51:12.380+0000] {dag.py:3089} INFO - Sync 1 DAGs
[2025-10-21T14:51:12.404+0000] {logging_mixin.py:188} INFO - [2025-10-21T14:51:12.404+0000] {dag.py:3947} INFO - Setting next_dagrun for example_xcom to 2021-01-01 00:00:00+00:00, run_after=2021-01-01 00:00:00+00:00
[2025-10-21T14:51:12.448+0000] {processor.py:183} INFO - Processing /home/khaled/dbt-env/lib/python3.12/site-packages/airflow/example_dags/example_xcom.py took 0.107 seconds
[2025-10-21T14:52:08.435+0000] {processor.py:161} INFO - Started process (PID=13316) to work on /home/khaled/dbt-env/lib/python3.12/site-packages/airflow/example_dags/example_xcom.py
[2025-10-21T14:52:08.441+0000] {processor.py:830} INFO - Processing file /home/khaled/dbt-env/lib/python3.12/site-packages/airflow/example_dags/example_xcom.py for tasks to queue
[2025-10-21T14:52:08.448+0000] {logging_mixin.py:188} INFO - [2025-10-21T14:52:08.445+0000] {dagbag.py:545} INFO - Filling up the DagBag from /home/khaled/dbt-env/lib/python3.12/site-packages/airflow/example_dags/example_xcom.py
[2025-10-21T14:52:08.466+0000] {processor.py:840} INFO - DAG(s) 'example_xcom' retrieved from /home/khaled/dbt-env/lib/python3.12/site-packages/airflow/example_dags/example_xcom.py
[2025-10-21T14:52:08.483+0000] {logging_mixin.py:188} INFO - [2025-10-21T14:52:08.482+0000] {dag.py:3089} INFO - Sync 1 DAGs
[2025-10-21T14:52:08.496+0000] {logging_mixin.py:188} INFO - [2025-10-21T14:52:08.496+0000] {dag.py:3947} INFO - Setting next_dagrun for example_xcom to 2021-01-01 00:00:00+00:00, run_after=2021-01-01 00:00:00+00:00
[2025-10-21T14:52:08.515+0000] {processor.py:183} INFO - Processing /home/khaled/dbt-env/lib/python3.12/site-packages/airflow/example_dags/example_xcom.py took 0.086 seconds
[2025-10-21T14:53:05.643+0000] {processor.py:161} INFO - Started process (PID=13755) to work on /home/khaled/dbt-env/lib/python3.12/site-packages/airflow/example_dags/example_xcom.py
[2025-10-21T14:53:05.647+0000] {processor.py:830} INFO - Processing file /home/khaled/dbt-env/lib/python3.12/site-packages/airflow/example_dags/example_xcom.py for tasks to queue
[2025-10-21T14:53:05.649+0000] {logging_mixin.py:188} INFO - [2025-10-21T14:53:05.648+0000] {dagbag.py:545} INFO - Filling up the DagBag from /home/khaled/dbt-env/lib/python3.12/site-packages/airflow/example_dags/example_xcom.py
[2025-10-21T14:53:05.659+0000] {processor.py:840} INFO - DAG(s) 'example_xcom' retrieved from /home/khaled/dbt-env/lib/python3.12/site-packages/airflow/example_dags/example_xcom.py
[2025-10-21T14:53:05.680+0000] {logging_mixin.py:188} INFO - [2025-10-21T14:53:05.679+0000] {dag.py:3089} INFO - Sync 1 DAGs
[2025-10-21T14:53:05.697+0000] {logging_mixin.py:188} INFO - [2025-10-21T14:53:05.696+0000] {dag.py:3947} INFO - Setting next_dagrun for example_xcom to 2021-01-01 00:00:00+00:00, run_after=2021-01-01 00:00:00+00:00
[2025-10-21T14:53:05.729+0000] {processor.py:183} INFO - Processing /home/khaled/dbt-env/lib/python3.12/site-packages/airflow/example_dags/example_xcom.py took 0.090 seconds
[2025-10-21T14:54:03.270+0000] {processor.py:161} INFO - Started process (PID=14116) to work on /home/khaled/dbt-env/lib/python3.12/site-packages/airflow/example_dags/example_xcom.py
[2025-10-21T14:54:03.279+0000] {processor.py:830} INFO - Processing file /home/khaled/dbt-env/lib/python3.12/site-packages/airflow/example_dags/example_xcom.py for tasks to queue
[2025-10-21T14:54:03.282+0000] {logging_mixin.py:188} INFO - [2025-10-21T14:54:03.280+0000] {dagbag.py:545} INFO - Filling up the DagBag from /home/khaled/dbt-env/lib/python3.12/site-packages/airflow/example_dags/example_xcom.py
[2025-10-21T14:54:03.290+0000] {processor.py:840} INFO - DAG(s) 'example_xcom' retrieved from /home/khaled/dbt-env/lib/python3.12/site-packages/airflow/example_dags/example_xcom.py
[2025-10-21T14:54:03.316+0000] {logging_mixin.py:188} INFO - [2025-10-21T14:54:03.316+0000] {dag.py:3089} INFO - Sync 1 DAGs
[2025-10-21T14:54:03.336+0000] {logging_mixin.py:188} INFO - [2025-10-21T14:54:03.335+0000] {dag.py:3947} INFO - Setting next_dagrun for example_xcom to 2021-01-01 00:00:00+00:00, run_after=2021-01-01 00:00:00+00:00
[2025-10-21T14:54:03.377+0000] {processor.py:183} INFO - Processing /home/khaled/dbt-env/lib/python3.12/site-packages/airflow/example_dags/example_xcom.py took 0.114 seconds
[2025-10-21T14:54:59.359+0000] {processor.py:161} INFO - Started process (PID=14349) to work on /home/khaled/dbt-env/lib/python3.12/site-packages/airflow/example_dags/example_xcom.py
[2025-10-21T14:54:59.360+0000] {processor.py:830} INFO - Processing file /home/khaled/dbt-env/lib/python3.12/site-packages/airflow/example_dags/example_xcom.py for tasks to queue
[2025-10-21T14:54:59.361+0000] {logging_mixin.py:188} INFO - [2025-10-21T14:54:59.361+0000] {dagbag.py:545} INFO - Filling up the DagBag from /home/khaled/dbt-env/lib/python3.12/site-packages/airflow/example_dags/example_xcom.py
[2025-10-21T14:54:59.367+0000] {processor.py:840} INFO - DAG(s) 'example_xcom' retrieved from /home/khaled/dbt-env/lib/python3.12/site-packages/airflow/example_dags/example_xcom.py
[2025-10-21T14:54:59.393+0000] {logging_mixin.py:188} INFO - [2025-10-21T14:54:59.393+0000] {dag.py:3089} INFO - Sync 1 DAGs
[2025-10-21T14:54:59.442+0000] {logging_mixin.py:188} INFO - [2025-10-21T14:54:59.442+0000] {dag.py:3947} INFO - Setting next_dagrun for example_xcom to 2021-01-01 00:00:00+00:00, run_after=2021-01-01 00:00:00+00:00
[2025-10-21T14:54:59.580+0000] {processor.py:183} INFO - Processing /home/khaled/dbt-env/lib/python3.12/site-packages/airflow/example_dags/example_xcom.py took 0.223 seconds
[2025-10-21T14:55:50.324+0000] {processor.py:161} INFO - Started process (PID=14505) to work on /home/khaled/dbt-env/lib/python3.12/site-packages/airflow/example_dags/example_xcom.py
[2025-10-21T14:55:50.325+0000] {processor.py:830} INFO - Processing file /home/khaled/dbt-env/lib/python3.12/site-packages/airflow/example_dags/example_xcom.py for tasks to queue
[2025-10-21T14:55:50.327+0000] {logging_mixin.py:188} INFO - [2025-10-21T14:55:50.326+0000] {dagbag.py:545} INFO - Filling up the DagBag from /home/khaled/dbt-env/lib/python3.12/site-packages/airflow/example_dags/example_xcom.py
[2025-10-21T14:55:50.334+0000] {processor.py:840} INFO - DAG(s) 'example_xcom' retrieved from /home/khaled/dbt-env/lib/python3.12/site-packages/airflow/example_dags/example_xcom.py
[2025-10-21T14:55:50.346+0000] {logging_mixin.py:188} INFO - [2025-10-21T14:55:50.346+0000] {dag.py:3089} INFO - Sync 1 DAGs
[2025-10-21T14:55:50.360+0000] {logging_mixin.py:188} INFO - [2025-10-21T14:55:50.360+0000] {dag.py:3947} INFO - Setting next_dagrun for example_xcom to 2021-01-01 00:00:00+00:00, run_after=2021-01-01 00:00:00+00:00
[2025-10-21T14:55:50.392+0000] {processor.py:183} INFO - Processing /home/khaled/dbt-env/lib/python3.12/site-packages/airflow/example_dags/example_xcom.py took 0.072 seconds
[2025-10-21T14:56:07.378+0000] {processor.py:161} INFO - Started process (PID=14573) to work on /home/khaled/dbt-env/lib/python3.12/site-packages/airflow/example_dags/example_xcom.py
[2025-10-21T14:56:07.379+0000] {processor.py:830} INFO - Processing file /home/khaled/dbt-env/lib/python3.12/site-packages/airflow/example_dags/example_xcom.py for tasks to queue
[2025-10-21T14:56:07.380+0000] {logging_mixin.py:188} INFO - [2025-10-21T14:56:07.380+0000] {dagbag.py:545} INFO - Filling up the DagBag from /home/khaled/dbt-env/lib/python3.12/site-packages/airflow/example_dags/example_xcom.py
[2025-10-21T14:56:07.387+0000] {processor.py:840} INFO - DAG(s) 'example_xcom' retrieved from /home/khaled/dbt-env/lib/python3.12/site-packages/airflow/example_dags/example_xcom.py
[2025-10-21T14:56:07.403+0000] {logging_mixin.py:188} INFO - [2025-10-21T14:56:07.403+0000] {dag.py:3089} INFO - Sync 1 DAGs
[2025-10-21T14:56:07.414+0000] {logging_mixin.py:188} INFO - [2025-10-21T14:56:07.414+0000] {dag.py:3947} INFO - Setting next_dagrun for example_xcom to 2021-01-01 00:00:00+00:00, run_after=2021-01-01 00:00:00+00:00
[2025-10-21T14:56:07.453+0000] {processor.py:183} INFO - Processing /home/khaled/dbt-env/lib/python3.12/site-packages/airflow/example_dags/example_xcom.py took 0.079 seconds
[2025-10-21T14:56:26.292+0000] {processor.py:161} INFO - Started process (PID=14636) to work on /home/khaled/dbt-env/lib/python3.12/site-packages/airflow/example_dags/example_xcom.py
[2025-10-21T14:56:26.294+0000] {processor.py:830} INFO - Processing file /home/khaled/dbt-env/lib/python3.12/site-packages/airflow/example_dags/example_xcom.py for tasks to queue
[2025-10-21T14:56:26.298+0000] {logging_mixin.py:188} INFO - [2025-10-21T14:56:26.298+0000] {dagbag.py:545} INFO - Filling up the DagBag from /home/khaled/dbt-env/lib/python3.12/site-packages/airflow/example_dags/example_xcom.py
[2025-10-21T14:56:26.311+0000] {processor.py:840} INFO - DAG(s) 'example_xcom' retrieved from /home/khaled/dbt-env/lib/python3.12/site-packages/airflow/example_dags/example_xcom.py
[2025-10-21T14:56:26.356+0000] {logging_mixin.py:188} INFO - [2025-10-21T14:56:26.355+0000] {dag.py:3089} INFO - Sync 1 DAGs
[2025-10-21T14:56:26.381+0000] {logging_mixin.py:188} INFO - [2025-10-21T14:56:26.380+0000] {dag.py:3947} INFO - Setting next_dagrun for example_xcom to 2021-01-01 00:00:00+00:00, run_after=2021-01-01 00:00:00+00:00
[2025-10-21T14:56:26.513+0000] {processor.py:183} INFO - Processing /home/khaled/dbt-env/lib/python3.12/site-packages/airflow/example_dags/example_xcom.py took 0.229 seconds
[2025-10-21T14:57:52.701+0000] {processor.py:161} INFO - Started process (PID=14753) to work on /home/khaled/dbt-env/lib/python3.12/site-packages/airflow/example_dags/example_xcom.py
[2025-10-21T14:57:52.705+0000] {processor.py:830} INFO - Processing file /home/khaled/dbt-env/lib/python3.12/site-packages/airflow/example_dags/example_xcom.py for tasks to queue
[2025-10-21T14:57:52.707+0000] {logging_mixin.py:188} INFO - [2025-10-21T14:57:52.707+0000] {dagbag.py:545} INFO - Filling up the DagBag from /home/khaled/dbt-env/lib/python3.12/site-packages/airflow/example_dags/example_xcom.py
[2025-10-21T14:57:52.719+0000] {processor.py:840} INFO - DAG(s) 'example_xcom' retrieved from /home/khaled/dbt-env/lib/python3.12/site-packages/airflow/example_dags/example_xcom.py
[2025-10-21T14:57:52.770+0000] {logging_mixin.py:188} INFO - [2025-10-21T14:57:52.766+0000] {dag.py:3089} INFO - Sync 1 DAGs
[2025-10-21T14:57:52.810+0000] {logging_mixin.py:188} INFO - [2025-10-21T14:57:52.809+0000] {dag.py:3947} INFO - Setting next_dagrun for example_xcom to 2021-01-01 00:00:00+00:00, run_after=2021-01-01 00:00:00+00:00
[2025-10-21T14:57:52.850+0000] {processor.py:183} INFO - Processing /home/khaled/dbt-env/lib/python3.12/site-packages/airflow/example_dags/example_xcom.py took 0.159 seconds
[2025-10-21T14:59:44.607+0000] {processor.py:161} INFO - Started process (PID=14812) to work on /home/khaled/dbt-env/lib/python3.12/site-packages/airflow/example_dags/example_xcom.py
[2025-10-21T14:59:44.619+0000] {processor.py:830} INFO - Processing file /home/khaled/dbt-env/lib/python3.12/site-packages/airflow/example_dags/example_xcom.py for tasks to queue
[2025-10-21T14:59:44.621+0000] {logging_mixin.py:188} INFO - [2025-10-21T14:59:44.620+0000] {dagbag.py:545} INFO - Filling up the DagBag from /home/khaled/dbt-env/lib/python3.12/site-packages/airflow/example_dags/example_xcom.py
[2025-10-21T14:59:44.627+0000] {processor.py:840} INFO - DAG(s) 'example_xcom' retrieved from /home/khaled/dbt-env/lib/python3.12/site-packages/airflow/example_dags/example_xcom.py
[2025-10-21T14:59:44.638+0000] {logging_mixin.py:188} INFO - [2025-10-21T14:59:44.638+0000] {dag.py:3089} INFO - Sync 1 DAGs
[2025-10-21T14:59:44.652+0000] {logging_mixin.py:188} INFO - [2025-10-21T14:59:44.651+0000] {dag.py:3947} INFO - Setting next_dagrun for example_xcom to 2021-01-01 00:00:00+00:00, run_after=2021-01-01 00:00:00+00:00
[2025-10-21T14:59:44.671+0000] {processor.py:183} INFO - Processing /home/khaled/dbt-env/lib/python3.12/site-packages/airflow/example_dags/example_xcom.py took 0.068 seconds
[2025-10-21T15:00:36.618+0000] {processor.py:161} INFO - Started process (PID=14881) to work on /home/khaled/dbt-env/lib/python3.12/site-packages/airflow/example_dags/example_xcom.py
[2025-10-21T15:00:36.621+0000] {processor.py:830} INFO - Processing file /home/khaled/dbt-env/lib/python3.12/site-packages/airflow/example_dags/example_xcom.py for tasks to queue
[2025-10-21T15:00:36.622+0000] {logging_mixin.py:188} INFO - [2025-10-21T15:00:36.622+0000] {dagbag.py:545} INFO - Filling up the DagBag from /home/khaled/dbt-env/lib/python3.12/site-packages/airflow/example_dags/example_xcom.py
[2025-10-21T15:00:36.630+0000] {processor.py:840} INFO - DAG(s) 'example_xcom' retrieved from /home/khaled/dbt-env/lib/python3.12/site-packages/airflow/example_dags/example_xcom.py
[2025-10-21T15:00:36.644+0000] {logging_mixin.py:188} INFO - [2025-10-21T15:00:36.643+0000] {dag.py:3089} INFO - Sync 1 DAGs
[2025-10-21T15:00:36.659+0000] {logging_mixin.py:188} INFO - [2025-10-21T15:00:36.658+0000] {dag.py:3947} INFO - Setting next_dagrun for example_xcom to 2021-01-01 00:00:00+00:00, run_after=2021-01-01 00:00:00+00:00
[2025-10-21T15:00:36.688+0000] {processor.py:183} INFO - Processing /home/khaled/dbt-env/lib/python3.12/site-packages/airflow/example_dags/example_xcom.py took 0.074 seconds
[2025-10-21T15:01:26.625+0000] {processor.py:161} INFO - Started process (PID=15192) to work on /home/khaled/dbt-env/lib/python3.12/site-packages/airflow/example_dags/example_xcom.py
[2025-10-21T15:01:26.626+0000] {processor.py:830} INFO - Processing file /home/khaled/dbt-env/lib/python3.12/site-packages/airflow/example_dags/example_xcom.py for tasks to queue
[2025-10-21T15:01:26.628+0000] {logging_mixin.py:188} INFO - [2025-10-21T15:01:26.627+0000] {dagbag.py:545} INFO - Filling up the DagBag from /home/khaled/dbt-env/lib/python3.12/site-packages/airflow/example_dags/example_xcom.py
[2025-10-21T15:01:26.633+0000] {processor.py:840} INFO - DAG(s) 'example_xcom' retrieved from /home/khaled/dbt-env/lib/python3.12/site-packages/airflow/example_dags/example_xcom.py
[2025-10-21T15:01:26.644+0000] {logging_mixin.py:188} INFO - [2025-10-21T15:01:26.644+0000] {dag.py:3089} INFO - Sync 1 DAGs
[2025-10-21T15:01:26.655+0000] {logging_mixin.py:188} INFO - [2025-10-21T15:01:26.655+0000] {dag.py:3947} INFO - Setting next_dagrun for example_xcom to 2021-01-01 00:00:00+00:00, run_after=2021-01-01 00:00:00+00:00
[2025-10-21T15:01:26.674+0000] {processor.py:183} INFO - Processing /home/khaled/dbt-env/lib/python3.12/site-packages/airflow/example_dags/example_xcom.py took 0.052 seconds
[2025-10-21T15:02:23.142+0000] {processor.py:161} INFO - Started process (PID=15336) to work on /home/khaled/dbt-env/lib/python3.12/site-packages/airflow/example_dags/example_xcom.py
[2025-10-21T15:02:23.144+0000] {processor.py:830} INFO - Processing file /home/khaled/dbt-env/lib/python3.12/site-packages/airflow/example_dags/example_xcom.py for tasks to queue
[2025-10-21T15:02:23.145+0000] {logging_mixin.py:188} INFO - [2025-10-21T15:02:23.145+0000] {dagbag.py:545} INFO - Filling up the DagBag from /home/khaled/dbt-env/lib/python3.12/site-packages/airflow/example_dags/example_xcom.py
[2025-10-21T15:02:23.154+0000] {processor.py:840} INFO - DAG(s) 'example_xcom' retrieved from /home/khaled/dbt-env/lib/python3.12/site-packages/airflow/example_dags/example_xcom.py
[2025-10-21T15:02:23.171+0000] {logging_mixin.py:188} INFO - [2025-10-21T15:02:23.171+0000] {dag.py:3089} INFO - Sync 1 DAGs
[2025-10-21T15:02:23.187+0000] {logging_mixin.py:188} INFO - [2025-10-21T15:02:23.187+0000] {dag.py:3947} INFO - Setting next_dagrun for example_xcom to 2021-01-01 00:00:00+00:00, run_after=2021-01-01 00:00:00+00:00
[2025-10-21T15:02:23.221+0000] {processor.py:183} INFO - Processing /home/khaled/dbt-env/lib/python3.12/site-packages/airflow/example_dags/example_xcom.py took 0.085 seconds
