[2025-10-21T14:28:58.299+0000] {processor.py:161} INFO - Started process (PID=7527) to work on /home/khaled/dbt-env/lib/python3.12/site-packages/airflow/example_dags/example_trigger_controller_dag.py
[2025-10-21T14:28:58.303+0000] {processor.py:830} INFO - Processing file /home/khaled/dbt-env/lib/python3.12/site-packages/airflow/example_dags/example_trigger_controller_dag.py for tasks to queue
[2025-10-21T14:28:58.310+0000] {logging_mixin.py:188} INFO - [2025-10-21T14:28:58.309+0000] {dagbag.py:545} INFO - Filling up the DagBag from /home/khaled/dbt-env/lib/python3.12/site-packages/airflow/example_dags/example_trigger_controller_dag.py
[2025-10-21T14:28:58.321+0000] {processor.py:840} INFO - DAG(s) 'example_trigger_controller_dag' retrieved from /home/khaled/dbt-env/lib/python3.12/site-packages/airflow/example_dags/example_trigger_controller_dag.py
[2025-10-21T14:28:58.483+0000] {logging_mixin.py:188} INFO - [2025-10-21T14:28:58.482+0000] {override.py:1858} INFO - Created Permission View: can read on DAG:example_trigger_controller_dag
[2025-10-21T14:28:58.543+0000] {logging_mixin.py:188} INFO - [2025-10-21T14:28:58.543+0000] {override.py:1858} INFO - Created Permission View: can edit on DAG:example_trigger_controller_dag
[2025-10-21T14:28:58.577+0000] {logging_mixin.py:188} INFO - [2025-10-21T14:28:58.576+0000] {override.py:1858} INFO - Created Permission View: can delete on DAG:example_trigger_controller_dag
[2025-10-21T14:28:58.578+0000] {logging_mixin.py:188} INFO - [2025-10-21T14:28:58.578+0000] {dag.py:3089} INFO - Sync 1 DAGs
[2025-10-21T14:28:58.602+0000] {logging_mixin.py:188} INFO - [2025-10-21T14:28:58.602+0000] {dag.py:3111} INFO - Creating ORM DAG for example_trigger_controller_dag
[2025-10-21T14:28:58.612+0000] {logging_mixin.py:188} INFO - [2025-10-21T14:28:58.611+0000] {dag.py:3947} INFO - Setting next_dagrun for example_trigger_controller_dag to 2021-01-01 00:00:00+00:00, run_after=2021-01-01 00:00:00+00:00
[2025-10-21T14:28:58.635+0000] {processor.py:183} INFO - Processing /home/khaled/dbt-env/lib/python3.12/site-packages/airflow/example_dags/example_trigger_controller_dag.py took 0.352 seconds
[2025-10-21T14:30:03.484+0000] {processor.py:161} INFO - Started process (PID=7716) to work on /home/khaled/dbt-env/lib/python3.12/site-packages/airflow/example_dags/example_trigger_controller_dag.py
[2025-10-21T14:30:03.499+0000] {processor.py:830} INFO - Processing file /home/khaled/dbt-env/lib/python3.12/site-packages/airflow/example_dags/example_trigger_controller_dag.py for tasks to queue
[2025-10-21T14:30:03.513+0000] {logging_mixin.py:188} INFO - [2025-10-21T14:30:03.511+0000] {dagbag.py:545} INFO - Filling up the DagBag from /home/khaled/dbt-env/lib/python3.12/site-packages/airflow/example_dags/example_trigger_controller_dag.py
[2025-10-21T14:30:03.589+0000] {processor.py:840} INFO - DAG(s) 'example_trigger_controller_dag' retrieved from /home/khaled/dbt-env/lib/python3.12/site-packages/airflow/example_dags/example_trigger_controller_dag.py
[2025-10-21T14:30:03.922+0000] {logging_mixin.py:188} INFO - [2025-10-21T14:30:03.916+0000] {dag.py:3089} INFO - Sync 1 DAGs
[2025-10-21T14:30:04.126+0000] {logging_mixin.py:188} INFO - [2025-10-21T14:30:04.126+0000] {dag.py:3947} INFO - Setting next_dagrun for example_trigger_controller_dag to 2021-01-01 00:00:00+00:00, run_after=2021-01-01 00:00:00+00:00
[2025-10-21T14:30:04.269+0000] {processor.py:183} INFO - Processing /home/khaled/dbt-env/lib/python3.12/site-packages/airflow/example_dags/example_trigger_controller_dag.py took 0.834 seconds
[2025-10-21T14:31:28.138+0000] {processor.py:161} INFO - Started process (PID=7774) to work on /home/khaled/dbt-env/lib/python3.12/site-packages/airflow/example_dags/example_trigger_controller_dag.py
[2025-10-21T14:31:28.141+0000] {processor.py:830} INFO - Processing file /home/khaled/dbt-env/lib/python3.12/site-packages/airflow/example_dags/example_trigger_controller_dag.py for tasks to queue
[2025-10-21T14:31:28.142+0000] {logging_mixin.py:188} INFO - [2025-10-21T14:31:28.142+0000] {dagbag.py:545} INFO - Filling up the DagBag from /home/khaled/dbt-env/lib/python3.12/site-packages/airflow/example_dags/example_trigger_controller_dag.py
[2025-10-21T14:31:28.151+0000] {processor.py:840} INFO - DAG(s) 'example_trigger_controller_dag' retrieved from /home/khaled/dbt-env/lib/python3.12/site-packages/airflow/example_dags/example_trigger_controller_dag.py
[2025-10-21T14:31:28.169+0000] {logging_mixin.py:188} INFO - [2025-10-21T14:31:28.168+0000] {dag.py:3089} INFO - Sync 1 DAGs
[2025-10-21T14:31:28.197+0000] {logging_mixin.py:188} INFO - [2025-10-21T14:31:28.196+0000] {dag.py:3947} INFO - Setting next_dagrun for example_trigger_controller_dag to 2021-01-01 00:00:00+00:00, run_after=2021-01-01 00:00:00+00:00
[2025-10-21T14:31:28.226+0000] {processor.py:183} INFO - Processing /home/khaled/dbt-env/lib/python3.12/site-packages/airflow/example_dags/example_trigger_controller_dag.py took 0.094 seconds
[2025-10-21T14:48:31.544+0000] {processor.py:161} INFO - Started process (PID=12135) to work on /home/khaled/dbt-env/lib/python3.12/site-packages/airflow/example_dags/example_trigger_controller_dag.py
[2025-10-21T14:48:31.555+0000] {processor.py:830} INFO - Processing file /home/khaled/dbt-env/lib/python3.12/site-packages/airflow/example_dags/example_trigger_controller_dag.py for tasks to queue
[2025-10-21T14:48:31.557+0000] {logging_mixin.py:188} INFO - [2025-10-21T14:48:31.556+0000] {dagbag.py:545} INFO - Filling up the DagBag from /home/khaled/dbt-env/lib/python3.12/site-packages/airflow/example_dags/example_trigger_controller_dag.py
[2025-10-21T14:48:31.563+0000] {processor.py:840} INFO - DAG(s) 'example_trigger_controller_dag' retrieved from /home/khaled/dbt-env/lib/python3.12/site-packages/airflow/example_dags/example_trigger_controller_dag.py
[2025-10-21T14:48:31.579+0000] {logging_mixin.py:188} INFO - [2025-10-21T14:48:31.579+0000] {dag.py:3089} INFO - Sync 1 DAGs
[2025-10-21T14:48:31.609+0000] {logging_mixin.py:188} INFO - [2025-10-21T14:48:31.609+0000] {dag.py:3947} INFO - Setting next_dagrun for example_trigger_controller_dag to 2021-01-01 00:00:00+00:00, run_after=2021-01-01 00:00:00+00:00
[2025-10-21T14:48:31.636+0000] {processor.py:183} INFO - Processing /home/khaled/dbt-env/lib/python3.12/site-packages/airflow/example_dags/example_trigger_controller_dag.py took 0.097 seconds
[2025-10-21T14:49:27.811+0000] {processor.py:161} INFO - Started process (PID=12555) to work on /home/khaled/dbt-env/lib/python3.12/site-packages/airflow/example_dags/example_trigger_controller_dag.py
[2025-10-21T14:49:27.817+0000] {processor.py:830} INFO - Processing file /home/khaled/dbt-env/lib/python3.12/site-packages/airflow/example_dags/example_trigger_controller_dag.py for tasks to queue
[2025-10-21T14:49:27.820+0000] {logging_mixin.py:188} INFO - [2025-10-21T14:49:27.820+0000] {dagbag.py:545} INFO - Filling up the DagBag from /home/khaled/dbt-env/lib/python3.12/site-packages/airflow/example_dags/example_trigger_controller_dag.py
[2025-10-21T14:49:27.825+0000] {processor.py:840} INFO - DAG(s) 'example_trigger_controller_dag' retrieved from /home/khaled/dbt-env/lib/python3.12/site-packages/airflow/example_dags/example_trigger_controller_dag.py
[2025-10-21T14:49:27.841+0000] {logging_mixin.py:188} INFO - [2025-10-21T14:49:27.841+0000] {dag.py:3089} INFO - Sync 1 DAGs
[2025-10-21T14:49:27.858+0000] {logging_mixin.py:188} INFO - [2025-10-21T14:49:27.857+0000] {dag.py:3947} INFO - Setting next_dagrun for example_trigger_controller_dag to 2021-01-01 00:00:00+00:00, run_after=2021-01-01 00:00:00+00:00
[2025-10-21T14:49:27.894+0000] {processor.py:183} INFO - Processing /home/khaled/dbt-env/lib/python3.12/site-packages/airflow/example_dags/example_trigger_controller_dag.py took 0.105 seconds
[2025-10-21T14:50:20.100+0000] {processor.py:161} INFO - Started process (PID=12790) to work on /home/khaled/dbt-env/lib/python3.12/site-packages/airflow/example_dags/example_trigger_controller_dag.py
[2025-10-21T14:50:20.101+0000] {processor.py:830} INFO - Processing file /home/khaled/dbt-env/lib/python3.12/site-packages/airflow/example_dags/example_trigger_controller_dag.py for tasks to queue
[2025-10-21T14:50:20.103+0000] {logging_mixin.py:188} INFO - [2025-10-21T14:50:20.102+0000] {dagbag.py:545} INFO - Filling up the DagBag from /home/khaled/dbt-env/lib/python3.12/site-packages/airflow/example_dags/example_trigger_controller_dag.py
[2025-10-21T14:50:20.107+0000] {processor.py:840} INFO - DAG(s) 'example_trigger_controller_dag' retrieved from /home/khaled/dbt-env/lib/python3.12/site-packages/airflow/example_dags/example_trigger_controller_dag.py
[2025-10-21T14:50:20.124+0000] {logging_mixin.py:188} INFO - [2025-10-21T14:50:20.124+0000] {dag.py:3089} INFO - Sync 1 DAGs
[2025-10-21T14:50:20.141+0000] {logging_mixin.py:188} INFO - [2025-10-21T14:50:20.141+0000] {dag.py:3947} INFO - Setting next_dagrun for example_trigger_controller_dag to 2021-01-01 00:00:00+00:00, run_after=2021-01-01 00:00:00+00:00
[2025-10-21T14:50:20.172+0000] {processor.py:183} INFO - Processing /home/khaled/dbt-env/lib/python3.12/site-packages/airflow/example_dags/example_trigger_controller_dag.py took 0.077 seconds
[2025-10-21T14:51:14.213+0000] {processor.py:161} INFO - Started process (PID=13174) to work on /home/khaled/dbt-env/lib/python3.12/site-packages/airflow/example_dags/example_trigger_controller_dag.py
[2025-10-21T14:51:14.216+0000] {processor.py:830} INFO - Processing file /home/khaled/dbt-env/lib/python3.12/site-packages/airflow/example_dags/example_trigger_controller_dag.py for tasks to queue
[2025-10-21T14:51:14.218+0000] {logging_mixin.py:188} INFO - [2025-10-21T14:51:14.218+0000] {dagbag.py:545} INFO - Filling up the DagBag from /home/khaled/dbt-env/lib/python3.12/site-packages/airflow/example_dags/example_trigger_controller_dag.py
[2025-10-21T14:51:14.223+0000] {processor.py:840} INFO - DAG(s) 'example_trigger_controller_dag' retrieved from /home/khaled/dbt-env/lib/python3.12/site-packages/airflow/example_dags/example_trigger_controller_dag.py
[2025-10-21T14:51:14.252+0000] {logging_mixin.py:188} INFO - [2025-10-21T14:51:14.251+0000] {dag.py:3089} INFO - Sync 1 DAGs
[2025-10-21T14:51:14.288+0000] {logging_mixin.py:188} INFO - [2025-10-21T14:51:14.288+0000] {dag.py:3947} INFO - Setting next_dagrun for example_trigger_controller_dag to 2021-01-01 00:00:00+00:00, run_after=2021-01-01 00:00:00+00:00
[2025-10-21T14:51:14.309+0000] {processor.py:183} INFO - Processing /home/khaled/dbt-env/lib/python3.12/site-packages/airflow/example_dags/example_trigger_controller_dag.py took 0.107 seconds
[2025-10-21T14:52:11.521+0000] {processor.py:161} INFO - Started process (PID=13342) to work on /home/khaled/dbt-env/lib/python3.12/site-packages/airflow/example_dags/example_trigger_controller_dag.py
[2025-10-21T14:52:11.523+0000] {processor.py:830} INFO - Processing file /home/khaled/dbt-env/lib/python3.12/site-packages/airflow/example_dags/example_trigger_controller_dag.py for tasks to queue
[2025-10-21T14:52:11.528+0000] {logging_mixin.py:188} INFO - [2025-10-21T14:52:11.528+0000] {dagbag.py:545} INFO - Filling up the DagBag from /home/khaled/dbt-env/lib/python3.12/site-packages/airflow/example_dags/example_trigger_controller_dag.py
[2025-10-21T14:52:11.552+0000] {processor.py:840} INFO - DAG(s) 'example_trigger_controller_dag' retrieved from /home/khaled/dbt-env/lib/python3.12/site-packages/airflow/example_dags/example_trigger_controller_dag.py
[2025-10-21T14:52:11.646+0000] {logging_mixin.py:188} INFO - [2025-10-21T14:52:11.645+0000] {dag.py:3089} INFO - Sync 1 DAGs
[2025-10-21T14:52:11.689+0000] {logging_mixin.py:188} INFO - [2025-10-21T14:52:11.689+0000] {dag.py:3947} INFO - Setting next_dagrun for example_trigger_controller_dag to 2021-01-01 00:00:00+00:00, run_after=2021-01-01 00:00:00+00:00
[2025-10-21T14:52:11.786+0000] {processor.py:183} INFO - Processing /home/khaled/dbt-env/lib/python3.12/site-packages/airflow/example_dags/example_trigger_controller_dag.py took 0.301 seconds
[2025-10-21T14:53:08.063+0000] {processor.py:161} INFO - Started process (PID=13757) to work on /home/khaled/dbt-env/lib/python3.12/site-packages/airflow/example_dags/example_trigger_controller_dag.py
[2025-10-21T14:53:08.064+0000] {processor.py:830} INFO - Processing file /home/khaled/dbt-env/lib/python3.12/site-packages/airflow/example_dags/example_trigger_controller_dag.py for tasks to queue
[2025-10-21T14:53:08.065+0000] {logging_mixin.py:188} INFO - [2025-10-21T14:53:08.065+0000] {dagbag.py:545} INFO - Filling up the DagBag from /home/khaled/dbt-env/lib/python3.12/site-packages/airflow/example_dags/example_trigger_controller_dag.py
[2025-10-21T14:53:08.071+0000] {processor.py:840} INFO - DAG(s) 'example_trigger_controller_dag' retrieved from /home/khaled/dbt-env/lib/python3.12/site-packages/airflow/example_dags/example_trigger_controller_dag.py
[2025-10-21T14:53:08.085+0000] {logging_mixin.py:188} INFO - [2025-10-21T14:53:08.085+0000] {dag.py:3089} INFO - Sync 1 DAGs
[2025-10-21T14:53:08.106+0000] {logging_mixin.py:188} INFO - [2025-10-21T14:53:08.105+0000] {dag.py:3947} INFO - Setting next_dagrun for example_trigger_controller_dag to 2021-01-01 00:00:00+00:00, run_after=2021-01-01 00:00:00+00:00
[2025-10-21T14:53:08.143+0000] {processor.py:183} INFO - Processing /home/khaled/dbt-env/lib/python3.12/site-packages/airflow/example_dags/example_trigger_controller_dag.py took 0.085 seconds
[2025-10-21T14:54:05.600+0000] {processor.py:161} INFO - Started process (PID=14119) to work on /home/khaled/dbt-env/lib/python3.12/site-packages/airflow/example_dags/example_trigger_controller_dag.py
[2025-10-21T14:54:05.601+0000] {processor.py:830} INFO - Processing file /home/khaled/dbt-env/lib/python3.12/site-packages/airflow/example_dags/example_trigger_controller_dag.py for tasks to queue
[2025-10-21T14:54:05.603+0000] {logging_mixin.py:188} INFO - [2025-10-21T14:54:05.602+0000] {dagbag.py:545} INFO - Filling up the DagBag from /home/khaled/dbt-env/lib/python3.12/site-packages/airflow/example_dags/example_trigger_controller_dag.py
[2025-10-21T14:54:05.606+0000] {processor.py:840} INFO - DAG(s) 'example_trigger_controller_dag' retrieved from /home/khaled/dbt-env/lib/python3.12/site-packages/airflow/example_dags/example_trigger_controller_dag.py
[2025-10-21T14:54:05.617+0000] {logging_mixin.py:188} INFO - [2025-10-21T14:54:05.617+0000] {dag.py:3089} INFO - Sync 1 DAGs
[2025-10-21T14:54:05.630+0000] {logging_mixin.py:188} INFO - [2025-10-21T14:54:05.629+0000] {dag.py:3947} INFO - Setting next_dagrun for example_trigger_controller_dag to 2021-01-01 00:00:00+00:00, run_after=2021-01-01 00:00:00+00:00
[2025-10-21T14:54:05.666+0000] {processor.py:183} INFO - Processing /home/khaled/dbt-env/lib/python3.12/site-packages/airflow/example_dags/example_trigger_controller_dag.py took 0.070 seconds
[2025-10-21T14:55:02.016+0000] {processor.py:161} INFO - Started process (PID=14354) to work on /home/khaled/dbt-env/lib/python3.12/site-packages/airflow/example_dags/example_trigger_controller_dag.py
[2025-10-21T14:55:02.018+0000] {processor.py:830} INFO - Processing file /home/khaled/dbt-env/lib/python3.12/site-packages/airflow/example_dags/example_trigger_controller_dag.py for tasks to queue
[2025-10-21T14:55:02.019+0000] {logging_mixin.py:188} INFO - [2025-10-21T14:55:02.019+0000] {dagbag.py:545} INFO - Filling up the DagBag from /home/khaled/dbt-env/lib/python3.12/site-packages/airflow/example_dags/example_trigger_controller_dag.py
[2025-10-21T14:55:02.023+0000] {processor.py:840} INFO - DAG(s) 'example_trigger_controller_dag' retrieved from /home/khaled/dbt-env/lib/python3.12/site-packages/airflow/example_dags/example_trigger_controller_dag.py
[2025-10-21T14:55:02.036+0000] {logging_mixin.py:188} INFO - [2025-10-21T14:55:02.036+0000] {dag.py:3089} INFO - Sync 1 DAGs
[2025-10-21T14:55:02.048+0000] {logging_mixin.py:188} INFO - [2025-10-21T14:55:02.048+0000] {dag.py:3947} INFO - Setting next_dagrun for example_trigger_controller_dag to 2021-01-01 00:00:00+00:00, run_after=2021-01-01 00:00:00+00:00
[2025-10-21T14:55:02.080+0000] {processor.py:183} INFO - Processing /home/khaled/dbt-env/lib/python3.12/site-packages/airflow/example_dags/example_trigger_controller_dag.py took 0.068 seconds
[2025-10-21T14:56:10.155+0000] {processor.py:161} INFO - Started process (PID=14578) to work on /home/khaled/dbt-env/lib/python3.12/site-packages/airflow/example_dags/example_trigger_controller_dag.py
[2025-10-21T14:56:10.156+0000] {processor.py:830} INFO - Processing file /home/khaled/dbt-env/lib/python3.12/site-packages/airflow/example_dags/example_trigger_controller_dag.py for tasks to queue
[2025-10-21T14:56:10.157+0000] {logging_mixin.py:188} INFO - [2025-10-21T14:56:10.157+0000] {dagbag.py:545} INFO - Filling up the DagBag from /home/khaled/dbt-env/lib/python3.12/site-packages/airflow/example_dags/example_trigger_controller_dag.py
[2025-10-21T14:56:10.166+0000] {processor.py:840} INFO - DAG(s) 'example_trigger_controller_dag' retrieved from /home/khaled/dbt-env/lib/python3.12/site-packages/airflow/example_dags/example_trigger_controller_dag.py
[2025-10-21T14:56:10.183+0000] {logging_mixin.py:188} INFO - [2025-10-21T14:56:10.182+0000] {dag.py:3089} INFO - Sync 1 DAGs
[2025-10-21T14:56:10.196+0000] {logging_mixin.py:188} INFO - [2025-10-21T14:56:10.196+0000] {dag.py:3947} INFO - Setting next_dagrun for example_trigger_controller_dag to 2021-01-01 00:00:00+00:00, run_after=2021-01-01 00:00:00+00:00
[2025-10-21T14:56:10.251+0000] {processor.py:183} INFO - Processing /home/khaled/dbt-env/lib/python3.12/site-packages/airflow/example_dags/example_trigger_controller_dag.py took 0.100 seconds
[2025-10-21T14:56:28.796+0000] {processor.py:161} INFO - Started process (PID=14662) to work on /home/khaled/dbt-env/lib/python3.12/site-packages/airflow/example_dags/example_trigger_controller_dag.py
[2025-10-21T14:56:28.797+0000] {processor.py:830} INFO - Processing file /home/khaled/dbt-env/lib/python3.12/site-packages/airflow/example_dags/example_trigger_controller_dag.py for tasks to queue
[2025-10-21T14:56:28.798+0000] {logging_mixin.py:188} INFO - [2025-10-21T14:56:28.798+0000] {dagbag.py:545} INFO - Filling up the DagBag from /home/khaled/dbt-env/lib/python3.12/site-packages/airflow/example_dags/example_trigger_controller_dag.py
[2025-10-21T14:56:28.805+0000] {processor.py:840} INFO - DAG(s) 'example_trigger_controller_dag' retrieved from /home/khaled/dbt-env/lib/python3.12/site-packages/airflow/example_dags/example_trigger_controller_dag.py
[2025-10-21T14:56:28.820+0000] {logging_mixin.py:188} INFO - [2025-10-21T14:56:28.819+0000] {dag.py:3089} INFO - Sync 1 DAGs
[2025-10-21T14:56:28.840+0000] {logging_mixin.py:188} INFO - [2025-10-21T14:56:28.839+0000] {dag.py:3947} INFO - Setting next_dagrun for example_trigger_controller_dag to 2021-01-01 00:00:00+00:00, run_after=2021-01-01 00:00:00+00:00
[2025-10-21T14:56:28.868+0000] {processor.py:183} INFO - Processing /home/khaled/dbt-env/lib/python3.12/site-packages/airflow/example_dags/example_trigger_controller_dag.py took 0.077 seconds
[2025-10-21T14:58:11.178+0000] {processor.py:161} INFO - Started process (PID=14759) to work on /home/khaled/dbt-env/lib/python3.12/site-packages/airflow/example_dags/example_trigger_controller_dag.py
[2025-10-21T14:58:11.206+0000] {processor.py:830} INFO - Processing file /home/khaled/dbt-env/lib/python3.12/site-packages/airflow/example_dags/example_trigger_controller_dag.py for tasks to queue
[2025-10-21T14:58:11.290+0000] {logging_mixin.py:188} INFO - [2025-10-21T14:58:11.264+0000] {dagbag.py:545} INFO - Filling up the DagBag from /home/khaled/dbt-env/lib/python3.12/site-packages/airflow/example_dags/example_trigger_controller_dag.py
[2025-10-21T14:58:11.687+0000] {processor.py:840} INFO - DAG(s) 'example_trigger_controller_dag' retrieved from /home/khaled/dbt-env/lib/python3.12/site-packages/airflow/example_dags/example_trigger_controller_dag.py
[2025-10-21T14:58:12.471+0000] {logging_mixin.py:188} INFO - [2025-10-21T14:58:12.466+0000] {dag.py:3089} INFO - Sync 1 DAGs
[2025-10-21T14:58:13.542+0000] {logging_mixin.py:188} INFO - [2025-10-21T14:58:13.537+0000] {dag.py:3947} INFO - Setting next_dagrun for example_trigger_controller_dag to 2021-01-01 00:00:00+00:00, run_after=2021-01-01 00:00:00+00:00
[2025-10-21T14:58:14.629+0000] {processor.py:183} INFO - Processing /home/khaled/dbt-env/lib/python3.12/site-packages/airflow/example_dags/example_trigger_controller_dag.py took 3.589 seconds
[2025-10-21T14:59:46.948+0000] {processor.py:161} INFO - Started process (PID=14814) to work on /home/khaled/dbt-env/lib/python3.12/site-packages/airflow/example_dags/example_trigger_controller_dag.py
[2025-10-21T14:59:46.950+0000] {processor.py:830} INFO - Processing file /home/khaled/dbt-env/lib/python3.12/site-packages/airflow/example_dags/example_trigger_controller_dag.py for tasks to queue
[2025-10-21T14:59:46.951+0000] {logging_mixin.py:188} INFO - [2025-10-21T14:59:46.951+0000] {dagbag.py:545} INFO - Filling up the DagBag from /home/khaled/dbt-env/lib/python3.12/site-packages/airflow/example_dags/example_trigger_controller_dag.py
[2025-10-21T14:59:46.956+0000] {processor.py:840} INFO - DAG(s) 'example_trigger_controller_dag' retrieved from /home/khaled/dbt-env/lib/python3.12/site-packages/airflow/example_dags/example_trigger_controller_dag.py
[2025-10-21T14:59:46.968+0000] {logging_mixin.py:188} INFO - [2025-10-21T14:59:46.968+0000] {dag.py:3089} INFO - Sync 1 DAGs
[2025-10-21T14:59:46.981+0000] {logging_mixin.py:188} INFO - [2025-10-21T14:59:46.981+0000] {dag.py:3947} INFO - Setting next_dagrun for example_trigger_controller_dag to 2021-01-01 00:00:00+00:00, run_after=2021-01-01 00:00:00+00:00
[2025-10-21T14:59:47.000+0000] {processor.py:183} INFO - Processing /home/khaled/dbt-env/lib/python3.12/site-packages/airflow/example_dags/example_trigger_controller_dag.py took 0.059 seconds
[2025-10-21T15:00:38.543+0000] {processor.py:161} INFO - Started process (PID=14884) to work on /home/khaled/dbt-env/lib/python3.12/site-packages/airflow/example_dags/example_trigger_controller_dag.py
[2025-10-21T15:00:38.545+0000] {processor.py:830} INFO - Processing file /home/khaled/dbt-env/lib/python3.12/site-packages/airflow/example_dags/example_trigger_controller_dag.py for tasks to queue
[2025-10-21T15:00:38.547+0000] {logging_mixin.py:188} INFO - [2025-10-21T15:00:38.547+0000] {dagbag.py:545} INFO - Filling up the DagBag from /home/khaled/dbt-env/lib/python3.12/site-packages/airflow/example_dags/example_trigger_controller_dag.py
[2025-10-21T15:00:38.551+0000] {processor.py:840} INFO - DAG(s) 'example_trigger_controller_dag' retrieved from /home/khaled/dbt-env/lib/python3.12/site-packages/airflow/example_dags/example_trigger_controller_dag.py
[2025-10-21T15:00:38.576+0000] {logging_mixin.py:188} INFO - [2025-10-21T15:00:38.575+0000] {dag.py:3089} INFO - Sync 1 DAGs
[2025-10-21T15:00:38.602+0000] {logging_mixin.py:188} INFO - [2025-10-21T15:00:38.602+0000] {dag.py:3947} INFO - Setting next_dagrun for example_trigger_controller_dag to 2021-01-01 00:00:00+00:00, run_after=2021-01-01 00:00:00+00:00
[2025-10-21T15:00:38.627+0000] {processor.py:183} INFO - Processing /home/khaled/dbt-env/lib/python3.12/site-packages/airflow/example_dags/example_trigger_controller_dag.py took 0.090 seconds
[2025-10-21T15:01:29.020+0000] {processor.py:161} INFO - Started process (PID=15198) to work on /home/khaled/dbt-env/lib/python3.12/site-packages/airflow/example_dags/example_trigger_controller_dag.py
[2025-10-21T15:01:29.021+0000] {processor.py:830} INFO - Processing file /home/khaled/dbt-env/lib/python3.12/site-packages/airflow/example_dags/example_trigger_controller_dag.py for tasks to queue
[2025-10-21T15:01:29.023+0000] {logging_mixin.py:188} INFO - [2025-10-21T15:01:29.023+0000] {dagbag.py:545} INFO - Filling up the DagBag from /home/khaled/dbt-env/lib/python3.12/site-packages/airflow/example_dags/example_trigger_controller_dag.py
[2025-10-21T15:01:29.027+0000] {processor.py:840} INFO - DAG(s) 'example_trigger_controller_dag' retrieved from /home/khaled/dbt-env/lib/python3.12/site-packages/airflow/example_dags/example_trigger_controller_dag.py
[2025-10-21T15:01:29.040+0000] {logging_mixin.py:188} INFO - [2025-10-21T15:01:29.039+0000] {dag.py:3089} INFO - Sync 1 DAGs
[2025-10-21T15:01:29.052+0000] {logging_mixin.py:188} INFO - [2025-10-21T15:01:29.052+0000] {dag.py:3947} INFO - Setting next_dagrun for example_trigger_controller_dag to 2021-01-01 00:00:00+00:00, run_after=2021-01-01 00:00:00+00:00
[2025-10-21T15:01:29.083+0000] {processor.py:183} INFO - Processing /home/khaled/dbt-env/lib/python3.12/site-packages/airflow/example_dags/example_trigger_controller_dag.py took 0.068 seconds
[2025-10-21T15:02:24.824+0000] {processor.py:161} INFO - Started process (PID=15338) to work on /home/khaled/dbt-env/lib/python3.12/site-packages/airflow/example_dags/example_trigger_controller_dag.py
[2025-10-21T15:02:24.825+0000] {processor.py:830} INFO - Processing file /home/khaled/dbt-env/lib/python3.12/site-packages/airflow/example_dags/example_trigger_controller_dag.py for tasks to queue
[2025-10-21T15:02:24.827+0000] {logging_mixin.py:188} INFO - [2025-10-21T15:02:24.826+0000] {dagbag.py:545} INFO - Filling up the DagBag from /home/khaled/dbt-env/lib/python3.12/site-packages/airflow/example_dags/example_trigger_controller_dag.py
[2025-10-21T15:02:24.831+0000] {processor.py:840} INFO - DAG(s) 'example_trigger_controller_dag' retrieved from /home/khaled/dbt-env/lib/python3.12/site-packages/airflow/example_dags/example_trigger_controller_dag.py
[2025-10-21T15:02:24.841+0000] {logging_mixin.py:188} INFO - [2025-10-21T15:02:24.841+0000] {dag.py:3089} INFO - Sync 1 DAGs
[2025-10-21T15:02:24.853+0000] {logging_mixin.py:188} INFO - [2025-10-21T15:02:24.852+0000] {dag.py:3947} INFO - Setting next_dagrun for example_trigger_controller_dag to 2021-01-01 00:00:00+00:00, run_after=2021-01-01 00:00:00+00:00
[2025-10-21T15:02:24.884+0000] {processor.py:183} INFO - Processing /home/khaled/dbt-env/lib/python3.12/site-packages/airflow/example_dags/example_trigger_controller_dag.py took 0.064 seconds
