[2025-10-21T14:29:14.198+0000] {processor.py:161} INFO - Started process (PID=7547) to work on /home/khaled/dbt-env/lib/python3.12/site-packages/airflow/example_dags/example_python_operator.py
[2025-10-21T14:29:14.199+0000] {processor.py:830} INFO - Processing file /home/khaled/dbt-env/lib/python3.12/site-packages/airflow/example_dags/example_python_operator.py for tasks to queue
[2025-10-21T14:29:14.201+0000] {logging_mixin.py:188} INFO - [2025-10-21T14:29:14.200+0000] {dagbag.py:545} INFO - Filling up the DagBag from /home/khaled/dbt-env/lib/python3.12/site-packages/airflow/example_dags/example_python_operator.py
[2025-10-21T14:29:14.207+0000] {logging_mixin.py:188} INFO - [2025-10-21T14:29:14.207+0000] {example_python_operator.py:93} WARNING - The virtalenv_python example task requires virtualenv, please install it.
[2025-10-21T14:29:14.207+0000] {processor.py:840} INFO - DAG(s) 'example_python_operator' retrieved from /home/khaled/dbt-env/lib/python3.12/site-packages/airflow/example_dags/example_python_operator.py
[2025-10-21T14:29:14.320+0000] {logging_mixin.py:188} INFO - [2025-10-21T14:29:14.319+0000] {override.py:1858} INFO - Created Permission View: can read on DAG:example_python_operator
[2025-10-21T14:29:14.335+0000] {logging_mixin.py:188} INFO - [2025-10-21T14:29:14.335+0000] {override.py:1858} INFO - Created Permission View: can edit on DAG:example_python_operator
[2025-10-21T14:29:14.348+0000] {logging_mixin.py:188} INFO - [2025-10-21T14:29:14.348+0000] {override.py:1858} INFO - Created Permission View: can delete on DAG:example_python_operator
[2025-10-21T14:29:14.348+0000] {logging_mixin.py:188} INFO - [2025-10-21T14:29:14.348+0000] {dag.py:3089} INFO - Sync 1 DAGs
[2025-10-21T14:29:14.357+0000] {logging_mixin.py:188} INFO - [2025-10-21T14:29:14.357+0000] {dag.py:3111} INFO - Creating ORM DAG for example_python_operator
[2025-10-21T14:29:14.358+0000] {logging_mixin.py:188} INFO - [2025-10-21T14:29:14.358+0000] {dag.py:3947} INFO - Setting next_dagrun for example_python_operator to None, run_after=None
[2025-10-21T14:29:14.384+0000] {processor.py:183} INFO - Processing /home/khaled/dbt-env/lib/python3.12/site-packages/airflow/example_dags/example_python_operator.py took 0.194 seconds
[2025-10-21T14:30:51.008+0000] {processor.py:161} INFO - Started process (PID=7747) to work on /home/khaled/dbt-env/lib/python3.12/site-packages/airflow/example_dags/example_python_operator.py
[2025-10-21T14:30:51.034+0000] {processor.py:830} INFO - Processing file /home/khaled/dbt-env/lib/python3.12/site-packages/airflow/example_dags/example_python_operator.py for tasks to queue
[2025-10-21T14:30:51.049+0000] {logging_mixin.py:188} INFO - [2025-10-21T14:30:51.043+0000] {dagbag.py:545} INFO - Filling up the DagBag from /home/khaled/dbt-env/lib/python3.12/site-packages/airflow/example_dags/example_python_operator.py
[2025-10-21T14:30:51.101+0000] {logging_mixin.py:188} INFO - [2025-10-21T14:30:51.099+0000] {example_python_operator.py:93} WARNING - The virtalenv_python example task requires virtualenv, please install it.
[2025-10-21T14:30:51.103+0000] {processor.py:840} INFO - DAG(s) 'example_python_operator' retrieved from /home/khaled/dbt-env/lib/python3.12/site-packages/airflow/example_dags/example_python_operator.py
[2025-10-21T14:30:51.192+0000] {logging_mixin.py:188} INFO - [2025-10-21T14:30:51.191+0000] {dag.py:3089} INFO - Sync 1 DAGs
[2025-10-21T14:30:51.285+0000] {logging_mixin.py:188} INFO - [2025-10-21T14:30:51.284+0000] {dag.py:3947} INFO - Setting next_dagrun for example_python_operator to None, run_after=None
[2025-10-21T14:30:51.540+0000] {processor.py:183} INFO - Processing /home/khaled/dbt-env/lib/python3.12/site-packages/airflow/example_dags/example_python_operator.py took 0.567 seconds
[2025-10-21T14:48:44.803+0000] {processor.py:161} INFO - Started process (PID=12328) to work on /home/khaled/dbt-env/lib/python3.12/site-packages/airflow/example_dags/example_python_operator.py
[2025-10-21T14:48:44.806+0000] {processor.py:830} INFO - Processing file /home/khaled/dbt-env/lib/python3.12/site-packages/airflow/example_dags/example_python_operator.py for tasks to queue
[2025-10-21T14:48:44.808+0000] {logging_mixin.py:188} INFO - [2025-10-21T14:48:44.807+0000] {dagbag.py:545} INFO - Filling up the DagBag from /home/khaled/dbt-env/lib/python3.12/site-packages/airflow/example_dags/example_python_operator.py
[2025-10-21T14:48:44.812+0000] {logging_mixin.py:188} INFO - [2025-10-21T14:48:44.812+0000] {example_python_operator.py:93} WARNING - The virtalenv_python example task requires virtualenv, please install it.
[2025-10-21T14:48:44.812+0000] {processor.py:840} INFO - DAG(s) 'example_python_operator' retrieved from /home/khaled/dbt-env/lib/python3.12/site-packages/airflow/example_dags/example_python_operator.py
[2025-10-21T14:48:44.825+0000] {logging_mixin.py:188} INFO - [2025-10-21T14:48:44.825+0000] {dag.py:3089} INFO - Sync 1 DAGs
[2025-10-21T14:48:44.833+0000] {logging_mixin.py:188} INFO - [2025-10-21T14:48:44.833+0000] {dag.py:3947} INFO - Setting next_dagrun for example_python_operator to None, run_after=None
[2025-10-21T14:48:44.852+0000] {processor.py:183} INFO - Processing /home/khaled/dbt-env/lib/python3.12/site-packages/airflow/example_dags/example_python_operator.py took 0.053 seconds
[2025-10-21T14:49:42.220+0000] {processor.py:161} INFO - Started process (PID=12622) to work on /home/khaled/dbt-env/lib/python3.12/site-packages/airflow/example_dags/example_python_operator.py
[2025-10-21T14:49:42.221+0000] {processor.py:830} INFO - Processing file /home/khaled/dbt-env/lib/python3.12/site-packages/airflow/example_dags/example_python_operator.py for tasks to queue
[2025-10-21T14:49:42.223+0000] {logging_mixin.py:188} INFO - [2025-10-21T14:49:42.223+0000] {dagbag.py:545} INFO - Filling up the DagBag from /home/khaled/dbt-env/lib/python3.12/site-packages/airflow/example_dags/example_python_operator.py
[2025-10-21T14:49:42.229+0000] {logging_mixin.py:188} INFO - [2025-10-21T14:49:42.228+0000] {example_python_operator.py:93} WARNING - The virtalenv_python example task requires virtualenv, please install it.
[2025-10-21T14:49:42.229+0000] {processor.py:840} INFO - DAG(s) 'example_python_operator' retrieved from /home/khaled/dbt-env/lib/python3.12/site-packages/airflow/example_dags/example_python_operator.py
[2025-10-21T14:49:42.243+0000] {logging_mixin.py:188} INFO - [2025-10-21T14:49:42.243+0000] {dag.py:3089} INFO - Sync 1 DAGs
[2025-10-21T14:49:42.252+0000] {logging_mixin.py:188} INFO - [2025-10-21T14:49:42.252+0000] {dag.py:3947} INFO - Setting next_dagrun for example_python_operator to None, run_after=None
[2025-10-21T14:49:42.273+0000] {processor.py:183} INFO - Processing /home/khaled/dbt-env/lib/python3.12/site-packages/airflow/example_dags/example_python_operator.py took 0.058 seconds
[2025-10-21T14:50:35.838+0000] {processor.py:161} INFO - Started process (PID=12906) to work on /home/khaled/dbt-env/lib/python3.12/site-packages/airflow/example_dags/example_python_operator.py
[2025-10-21T14:50:35.839+0000] {processor.py:830} INFO - Processing file /home/khaled/dbt-env/lib/python3.12/site-packages/airflow/example_dags/example_python_operator.py for tasks to queue
[2025-10-21T14:50:35.840+0000] {logging_mixin.py:188} INFO - [2025-10-21T14:50:35.840+0000] {dagbag.py:545} INFO - Filling up the DagBag from /home/khaled/dbt-env/lib/python3.12/site-packages/airflow/example_dags/example_python_operator.py
[2025-10-21T14:50:35.845+0000] {logging_mixin.py:188} INFO - [2025-10-21T14:50:35.845+0000] {example_python_operator.py:93} WARNING - The virtalenv_python example task requires virtualenv, please install it.
[2025-10-21T14:50:35.845+0000] {processor.py:840} INFO - DAG(s) 'example_python_operator' retrieved from /home/khaled/dbt-env/lib/python3.12/site-packages/airflow/example_dags/example_python_operator.py
[2025-10-21T14:50:35.857+0000] {logging_mixin.py:188} INFO - [2025-10-21T14:50:35.856+0000] {dag.py:3089} INFO - Sync 1 DAGs
[2025-10-21T14:50:35.865+0000] {logging_mixin.py:188} INFO - [2025-10-21T14:50:35.865+0000] {dag.py:3947} INFO - Setting next_dagrun for example_python_operator to None, run_after=None
[2025-10-21T14:50:35.902+0000] {processor.py:183} INFO - Processing /home/khaled/dbt-env/lib/python3.12/site-packages/airflow/example_dags/example_python_operator.py took 0.068 seconds
[2025-10-21T14:51:33.370+0000] {processor.py:161} INFO - Started process (PID=13246) to work on /home/khaled/dbt-env/lib/python3.12/site-packages/airflow/example_dags/example_python_operator.py
[2025-10-21T14:51:33.382+0000] {processor.py:830} INFO - Processing file /home/khaled/dbt-env/lib/python3.12/site-packages/airflow/example_dags/example_python_operator.py for tasks to queue
[2025-10-21T14:51:33.384+0000] {logging_mixin.py:188} INFO - [2025-10-21T14:51:33.384+0000] {dagbag.py:545} INFO - Filling up the DagBag from /home/khaled/dbt-env/lib/python3.12/site-packages/airflow/example_dags/example_python_operator.py
[2025-10-21T14:51:33.389+0000] {logging_mixin.py:188} INFO - [2025-10-21T14:51:33.389+0000] {example_python_operator.py:93} WARNING - The virtalenv_python example task requires virtualenv, please install it.
[2025-10-21T14:51:33.390+0000] {processor.py:840} INFO - DAG(s) 'example_python_operator' retrieved from /home/khaled/dbt-env/lib/python3.12/site-packages/airflow/example_dags/example_python_operator.py
[2025-10-21T14:51:33.402+0000] {logging_mixin.py:188} INFO - [2025-10-21T14:51:33.402+0000] {dag.py:3089} INFO - Sync 1 DAGs
[2025-10-21T14:51:33.410+0000] {logging_mixin.py:188} INFO - [2025-10-21T14:51:33.410+0000] {dag.py:3947} INFO - Setting next_dagrun for example_python_operator to None, run_after=None
[2025-10-21T14:51:33.434+0000] {processor.py:183} INFO - Processing /home/khaled/dbt-env/lib/python3.12/site-packages/airflow/example_dags/example_python_operator.py took 0.068 seconds
[2025-10-21T14:52:31.756+0000] {processor.py:161} INFO - Started process (PID=13484) to work on /home/khaled/dbt-env/lib/python3.12/site-packages/airflow/example_dags/example_python_operator.py
[2025-10-21T14:52:31.766+0000] {processor.py:830} INFO - Processing file /home/khaled/dbt-env/lib/python3.12/site-packages/airflow/example_dags/example_python_operator.py for tasks to queue
[2025-10-21T14:52:31.768+0000] {logging_mixin.py:188} INFO - [2025-10-21T14:52:31.767+0000] {dagbag.py:545} INFO - Filling up the DagBag from /home/khaled/dbt-env/lib/python3.12/site-packages/airflow/example_dags/example_python_operator.py
[2025-10-21T14:52:31.774+0000] {logging_mixin.py:188} INFO - [2025-10-21T14:52:31.774+0000] {example_python_operator.py:93} WARNING - The virtalenv_python example task requires virtualenv, please install it.
[2025-10-21T14:52:31.775+0000] {processor.py:840} INFO - DAG(s) 'example_python_operator' retrieved from /home/khaled/dbt-env/lib/python3.12/site-packages/airflow/example_dags/example_python_operator.py
[2025-10-21T14:52:31.791+0000] {logging_mixin.py:188} INFO - [2025-10-21T14:52:31.791+0000] {dag.py:3089} INFO - Sync 1 DAGs
[2025-10-21T14:52:31.801+0000] {logging_mixin.py:188} INFO - [2025-10-21T14:52:31.801+0000] {dag.py:3947} INFO - Setting next_dagrun for example_python_operator to None, run_after=None
[2025-10-21T14:52:31.825+0000] {processor.py:183} INFO - Processing /home/khaled/dbt-env/lib/python3.12/site-packages/airflow/example_dags/example_python_operator.py took 0.075 seconds
[2025-10-21T14:53:28.110+0000] {processor.py:161} INFO - Started process (PID=13950) to work on /home/khaled/dbt-env/lib/python3.12/site-packages/airflow/example_dags/example_python_operator.py
[2025-10-21T14:53:28.122+0000] {processor.py:830} INFO - Processing file /home/khaled/dbt-env/lib/python3.12/site-packages/airflow/example_dags/example_python_operator.py for tasks to queue
[2025-10-21T14:53:28.123+0000] {logging_mixin.py:188} INFO - [2025-10-21T14:53:28.123+0000] {dagbag.py:545} INFO - Filling up the DagBag from /home/khaled/dbt-env/lib/python3.12/site-packages/airflow/example_dags/example_python_operator.py
[2025-10-21T14:53:28.127+0000] {logging_mixin.py:188} INFO - [2025-10-21T14:53:28.127+0000] {example_python_operator.py:93} WARNING - The virtalenv_python example task requires virtualenv, please install it.
[2025-10-21T14:53:28.128+0000] {processor.py:840} INFO - DAG(s) 'example_python_operator' retrieved from /home/khaled/dbt-env/lib/python3.12/site-packages/airflow/example_dags/example_python_operator.py
[2025-10-21T14:53:28.139+0000] {logging_mixin.py:188} INFO - [2025-10-21T14:53:28.139+0000] {dag.py:3089} INFO - Sync 1 DAGs
[2025-10-21T14:53:28.149+0000] {logging_mixin.py:188} INFO - [2025-10-21T14:53:28.148+0000] {dag.py:3947} INFO - Setting next_dagrun for example_python_operator to None, run_after=None
[2025-10-21T14:53:28.184+0000] {processor.py:183} INFO - Processing /home/khaled/dbt-env/lib/python3.12/site-packages/airflow/example_dags/example_python_operator.py took 0.078 seconds
[2025-10-21T14:54:26.031+0000] {processor.py:161} INFO - Started process (PID=14189) to work on /home/khaled/dbt-env/lib/python3.12/site-packages/airflow/example_dags/example_python_operator.py
[2025-10-21T14:54:26.040+0000] {processor.py:830} INFO - Processing file /home/khaled/dbt-env/lib/python3.12/site-packages/airflow/example_dags/example_python_operator.py for tasks to queue
[2025-10-21T14:54:26.042+0000] {logging_mixin.py:188} INFO - [2025-10-21T14:54:26.041+0000] {dagbag.py:545} INFO - Filling up the DagBag from /home/khaled/dbt-env/lib/python3.12/site-packages/airflow/example_dags/example_python_operator.py
[2025-10-21T14:54:26.048+0000] {logging_mixin.py:188} INFO - [2025-10-21T14:54:26.047+0000] {example_python_operator.py:93} WARNING - The virtalenv_python example task requires virtualenv, please install it.
[2025-10-21T14:54:26.048+0000] {processor.py:840} INFO - DAG(s) 'example_python_operator' retrieved from /home/khaled/dbt-env/lib/python3.12/site-packages/airflow/example_dags/example_python_operator.py
[2025-10-21T14:54:26.064+0000] {logging_mixin.py:188} INFO - [2025-10-21T14:54:26.063+0000] {dag.py:3089} INFO - Sync 1 DAGs
[2025-10-21T14:54:26.072+0000] {logging_mixin.py:188} INFO - [2025-10-21T14:54:26.072+0000] {dag.py:3947} INFO - Setting next_dagrun for example_python_operator to None, run_after=None
[2025-10-21T14:54:26.093+0000] {processor.py:183} INFO - Processing /home/khaled/dbt-env/lib/python3.12/site-packages/airflow/example_dags/example_python_operator.py took 0.068 seconds
[2025-10-21T14:55:20.282+0000] {processor.py:161} INFO - Started process (PID=14409) to work on /home/khaled/dbt-env/lib/python3.12/site-packages/airflow/example_dags/example_python_operator.py
[2025-10-21T14:55:20.283+0000] {processor.py:830} INFO - Processing file /home/khaled/dbt-env/lib/python3.12/site-packages/airflow/example_dags/example_python_operator.py for tasks to queue
[2025-10-21T14:55:20.285+0000] {logging_mixin.py:188} INFO - [2025-10-21T14:55:20.284+0000] {dagbag.py:545} INFO - Filling up the DagBag from /home/khaled/dbt-env/lib/python3.12/site-packages/airflow/example_dags/example_python_operator.py
[2025-10-21T14:55:20.290+0000] {logging_mixin.py:188} INFO - [2025-10-21T14:55:20.290+0000] {example_python_operator.py:93} WARNING - The virtalenv_python example task requires virtualenv, please install it.
[2025-10-21T14:55:20.291+0000] {processor.py:840} INFO - DAG(s) 'example_python_operator' retrieved from /home/khaled/dbt-env/lib/python3.12/site-packages/airflow/example_dags/example_python_operator.py
[2025-10-21T14:55:20.303+0000] {logging_mixin.py:188} INFO - [2025-10-21T14:55:20.303+0000] {dag.py:3089} INFO - Sync 1 DAGs
[2025-10-21T14:55:20.311+0000] {logging_mixin.py:188} INFO - [2025-10-21T14:55:20.310+0000] {dag.py:3947} INFO - Setting next_dagrun for example_python_operator to None, run_after=None
[2025-10-21T14:55:20.328+0000] {processor.py:183} INFO - Processing /home/khaled/dbt-env/lib/python3.12/site-packages/airflow/example_dags/example_python_operator.py took 0.051 seconds
[2025-10-21T14:56:44.025+0000] {processor.py:161} INFO - Started process (PID=14681) to work on /home/khaled/dbt-env/lib/python3.12/site-packages/airflow/example_dags/example_python_operator.py
[2025-10-21T14:56:44.027+0000] {processor.py:830} INFO - Processing file /home/khaled/dbt-env/lib/python3.12/site-packages/airflow/example_dags/example_python_operator.py for tasks to queue
[2025-10-21T14:56:44.029+0000] {logging_mixin.py:188} INFO - [2025-10-21T14:56:44.028+0000] {dagbag.py:545} INFO - Filling up the DagBag from /home/khaled/dbt-env/lib/python3.12/site-packages/airflow/example_dags/example_python_operator.py
[2025-10-21T14:56:44.037+0000] {logging_mixin.py:188} INFO - [2025-10-21T14:56:44.037+0000] {example_python_operator.py:93} WARNING - The virtalenv_python example task requires virtualenv, please install it.
[2025-10-21T14:56:44.038+0000] {processor.py:840} INFO - DAG(s) 'example_python_operator' retrieved from /home/khaled/dbt-env/lib/python3.12/site-packages/airflow/example_dags/example_python_operator.py
[2025-10-21T14:56:44.082+0000] {logging_mixin.py:188} INFO - [2025-10-21T14:56:44.082+0000] {dag.py:3089} INFO - Sync 1 DAGs
[2025-10-21T14:56:44.129+0000] {logging_mixin.py:188} INFO - [2025-10-21T14:56:44.129+0000] {dag.py:3947} INFO - Setting next_dagrun for example_python_operator to None, run_after=None
[2025-10-21T14:56:44.182+0000] {processor.py:183} INFO - Processing /home/khaled/dbt-env/lib/python3.12/site-packages/airflow/example_dags/example_python_operator.py took 0.165 seconds
[2025-10-21T14:59:47.459+0000] {processor.py:161} INFO - Started process (PID=14816) to work on /home/khaled/dbt-env/lib/python3.12/site-packages/airflow/example_dags/example_python_operator.py
[2025-10-21T14:59:47.464+0000] {processor.py:830} INFO - Processing file /home/khaled/dbt-env/lib/python3.12/site-packages/airflow/example_dags/example_python_operator.py for tasks to queue
[2025-10-21T14:59:47.466+0000] {logging_mixin.py:188} INFO - [2025-10-21T14:59:47.466+0000] {dagbag.py:545} INFO - Filling up the DagBag from /home/khaled/dbt-env/lib/python3.12/site-packages/airflow/example_dags/example_python_operator.py
[2025-10-21T14:59:47.471+0000] {logging_mixin.py:188} INFO - [2025-10-21T14:59:47.471+0000] {example_python_operator.py:93} WARNING - The virtalenv_python example task requires virtualenv, please install it.
[2025-10-21T14:59:47.471+0000] {processor.py:840} INFO - DAG(s) 'example_python_operator' retrieved from /home/khaled/dbt-env/lib/python3.12/site-packages/airflow/example_dags/example_python_operator.py
[2025-10-21T14:59:47.483+0000] {logging_mixin.py:188} INFO - [2025-10-21T14:59:47.483+0000] {dag.py:3089} INFO - Sync 1 DAGs
[2025-10-21T14:59:47.491+0000] {logging_mixin.py:188} INFO - [2025-10-21T14:59:47.491+0000] {dag.py:3947} INFO - Setting next_dagrun for example_python_operator to None, run_after=None
[2025-10-21T14:59:47.515+0000] {processor.py:183} INFO - Processing /home/khaled/dbt-env/lib/python3.12/site-packages/airflow/example_dags/example_python_operator.py took 0.064 seconds
[2025-10-21T15:00:40.713+0000] {processor.py:161} INFO - Started process (PID=14887) to work on /home/khaled/dbt-env/lib/python3.12/site-packages/airflow/example_dags/example_python_operator.py
[2025-10-21T15:00:40.728+0000] {processor.py:830} INFO - Processing file /home/khaled/dbt-env/lib/python3.12/site-packages/airflow/example_dags/example_python_operator.py for tasks to queue
[2025-10-21T15:00:40.738+0000] {logging_mixin.py:188} INFO - [2025-10-21T15:00:40.738+0000] {dagbag.py:545} INFO - Filling up the DagBag from /home/khaled/dbt-env/lib/python3.12/site-packages/airflow/example_dags/example_python_operator.py
[2025-10-21T15:00:40.748+0000] {logging_mixin.py:188} INFO - [2025-10-21T15:00:40.748+0000] {example_python_operator.py:93} WARNING - The virtalenv_python example task requires virtualenv, please install it.
[2025-10-21T15:00:40.749+0000] {processor.py:840} INFO - DAG(s) 'example_python_operator' retrieved from /home/khaled/dbt-env/lib/python3.12/site-packages/airflow/example_dags/example_python_operator.py
[2025-10-21T15:00:40.792+0000] {logging_mixin.py:188} INFO - [2025-10-21T15:00:40.792+0000] {dag.py:3089} INFO - Sync 1 DAGs
[2025-10-21T15:00:40.831+0000] {logging_mixin.py:188} INFO - [2025-10-21T15:00:40.831+0000] {dag.py:3947} INFO - Setting next_dagrun for example_python_operator to None, run_after=None
[2025-10-21T15:00:40.955+0000] {processor.py:183} INFO - Processing /home/khaled/dbt-env/lib/python3.12/site-packages/airflow/example_dags/example_python_operator.py took 0.246 seconds
[2025-10-21T15:01:35.757+0000] {processor.py:161} INFO - Started process (PID=15223) to work on /home/khaled/dbt-env/lib/python3.12/site-packages/airflow/example_dags/example_python_operator.py
[2025-10-21T15:01:35.759+0000] {processor.py:830} INFO - Processing file /home/khaled/dbt-env/lib/python3.12/site-packages/airflow/example_dags/example_python_operator.py for tasks to queue
[2025-10-21T15:01:35.761+0000] {logging_mixin.py:188} INFO - [2025-10-21T15:01:35.761+0000] {dagbag.py:545} INFO - Filling up the DagBag from /home/khaled/dbt-env/lib/python3.12/site-packages/airflow/example_dags/example_python_operator.py
[2025-10-21T15:01:35.768+0000] {logging_mixin.py:188} INFO - [2025-10-21T15:01:35.768+0000] {example_python_operator.py:93} WARNING - The virtalenv_python example task requires virtualenv, please install it.
[2025-10-21T15:01:35.768+0000] {processor.py:840} INFO - DAG(s) 'example_python_operator' retrieved from /home/khaled/dbt-env/lib/python3.12/site-packages/airflow/example_dags/example_python_operator.py
[2025-10-21T15:01:35.790+0000] {logging_mixin.py:188} INFO - [2025-10-21T15:01:35.790+0000] {dag.py:3089} INFO - Sync 1 DAGs
[2025-10-21T15:01:35.821+0000] {logging_mixin.py:188} INFO - [2025-10-21T15:01:35.820+0000] {dag.py:3947} INFO - Setting next_dagrun for example_python_operator to None, run_after=None
[2025-10-21T15:01:35.843+0000] {processor.py:183} INFO - Processing /home/khaled/dbt-env/lib/python3.12/site-packages/airflow/example_dags/example_python_operator.py took 0.091 seconds
[2025-10-21T15:02:31.485+0000] {processor.py:161} INFO - Started process (PID=15351) to work on /home/khaled/dbt-env/lib/python3.12/site-packages/airflow/example_dags/example_python_operator.py
[2025-10-21T15:02:31.486+0000] {processor.py:830} INFO - Processing file /home/khaled/dbt-env/lib/python3.12/site-packages/airflow/example_dags/example_python_operator.py for tasks to queue
[2025-10-21T15:02:31.488+0000] {logging_mixin.py:188} INFO - [2025-10-21T15:02:31.487+0000] {dagbag.py:545} INFO - Filling up the DagBag from /home/khaled/dbt-env/lib/python3.12/site-packages/airflow/example_dags/example_python_operator.py
[2025-10-21T15:02:31.492+0000] {logging_mixin.py:188} INFO - [2025-10-21T15:02:31.492+0000] {example_python_operator.py:93} WARNING - The virtalenv_python example task requires virtualenv, please install it.
[2025-10-21T15:02:31.492+0000] {processor.py:840} INFO - DAG(s) 'example_python_operator' retrieved from /home/khaled/dbt-env/lib/python3.12/site-packages/airflow/example_dags/example_python_operator.py
[2025-10-21T15:02:31.504+0000] {logging_mixin.py:188} INFO - [2025-10-21T15:02:31.504+0000] {dag.py:3089} INFO - Sync 1 DAGs
[2025-10-21T15:02:31.511+0000] {logging_mixin.py:188} INFO - [2025-10-21T15:02:31.511+0000] {dag.py:3947} INFO - Setting next_dagrun for example_python_operator to None, run_after=None
[2025-10-21T15:02:31.542+0000] {processor.py:183} INFO - Processing /home/khaled/dbt-env/lib/python3.12/site-packages/airflow/example_dags/example_python_operator.py took 0.060 seconds
