[2025-10-21T14:29:39.191+0000] {processor.py:161} INFO - Started process (PID=7662) to work on /home/khaled/dbt-env/lib/python3.12/site-packages/airflow/example_dags/example_branch_python_dop_operator_3.py
[2025-10-21T14:29:39.192+0000] {processor.py:830} INFO - Processing file /home/khaled/dbt-env/lib/python3.12/site-packages/airflow/example_dags/example_branch_python_dop_operator_3.py for tasks to queue
[2025-10-21T14:29:39.193+0000] {logging_mixin.py:188} INFO - [2025-10-21T14:29:39.193+0000] {dagbag.py:545} INFO - Filling up the DagBag from /home/khaled/dbt-env/lib/python3.12/site-packages/airflow/example_dags/example_branch_python_dop_operator_3.py
[2025-10-21T14:29:39.201+0000] {processor.py:840} INFO - DAG(s) 'example_branch_dop_operator_v3' retrieved from /home/khaled/dbt-env/lib/python3.12/site-packages/airflow/example_dags/example_branch_python_dop_operator_3.py
[2025-10-21T14:29:39.289+0000] {logging_mixin.py:188} INFO - [2025-10-21T14:29:39.289+0000] {override.py:1858} INFO - Created Permission View: can read on DAG:example_branch_dop_operator_v3
[2025-10-21T14:29:39.303+0000] {logging_mixin.py:188} INFO - [2025-10-21T14:29:39.302+0000] {override.py:1858} INFO - Created Permission View: can edit on DAG:example_branch_dop_operator_v3
[2025-10-21T14:29:39.314+0000] {logging_mixin.py:188} INFO - [2025-10-21T14:29:39.314+0000] {override.py:1858} INFO - Created Permission View: can delete on DAG:example_branch_dop_operator_v3
[2025-10-21T14:29:39.315+0000] {logging_mixin.py:188} INFO - [2025-10-21T14:29:39.314+0000] {dag.py:3089} INFO - Sync 1 DAGs
[2025-10-21T14:29:39.332+0000] {logging_mixin.py:188} INFO - [2025-10-21T14:29:39.331+0000] {dag.py:3111} INFO - Creating ORM DAG for example_branch_dop_operator_v3
[2025-10-21T14:29:39.347+0000] {logging_mixin.py:188} INFO - [2025-10-21T14:29:39.346+0000] {dag.py:3947} INFO - Setting next_dagrun for example_branch_dop_operator_v3 to 2025-10-21 14:28:00+00:00, run_after=2025-10-21 14:29:00+00:00
[2025-10-21T14:29:39.405+0000] {processor.py:183} INFO - Processing /home/khaled/dbt-env/lib/python3.12/site-packages/airflow/example_dags/example_branch_python_dop_operator_3.py took 0.218 seconds
[2025-10-21T14:31:50.065+0000] {processor.py:161} INFO - Started process (PID=7799) to work on /home/khaled/dbt-env/lib/python3.12/site-packages/airflow/example_dags/example_branch_python_dop_operator_3.py
[2025-10-21T14:31:50.078+0000] {processor.py:830} INFO - Processing file /home/khaled/dbt-env/lib/python3.12/site-packages/airflow/example_dags/example_branch_python_dop_operator_3.py for tasks to queue
[2025-10-21T14:31:50.080+0000] {logging_mixin.py:188} INFO - [2025-10-21T14:31:50.080+0000] {dagbag.py:545} INFO - Filling up the DagBag from /home/khaled/dbt-env/lib/python3.12/site-packages/airflow/example_dags/example_branch_python_dop_operator_3.py
[2025-10-21T14:31:50.093+0000] {processor.py:840} INFO - DAG(s) 'example_branch_dop_operator_v3' retrieved from /home/khaled/dbt-env/lib/python3.12/site-packages/airflow/example_dags/example_branch_python_dop_operator_3.py
[2025-10-21T14:31:50.131+0000] {logging_mixin.py:188} INFO - [2025-10-21T14:31:50.131+0000] {dag.py:3089} INFO - Sync 1 DAGs
[2025-10-21T14:31:50.175+0000] {logging_mixin.py:188} INFO - [2025-10-21T14:31:50.174+0000] {dag.py:3947} INFO - Setting next_dagrun for example_branch_dop_operator_v3 to 2025-10-21 14:30:00+00:00, run_after=2025-10-21 14:31:00+00:00
[2025-10-21T14:31:50.195+0000] {processor.py:183} INFO - Processing /home/khaled/dbt-env/lib/python3.12/site-packages/airflow/example_dags/example_branch_python_dop_operator_3.py took 0.146 seconds
[2025-10-21T14:49:04.321+0000] {processor.py:161} INFO - Started process (PID=12391) to work on /home/khaled/dbt-env/lib/python3.12/site-packages/airflow/example_dags/example_branch_python_dop_operator_3.py
[2025-10-21T14:49:04.332+0000] {processor.py:830} INFO - Processing file /home/khaled/dbt-env/lib/python3.12/site-packages/airflow/example_dags/example_branch_python_dop_operator_3.py for tasks to queue
[2025-10-21T14:49:04.333+0000] {logging_mixin.py:188} INFO - [2025-10-21T14:49:04.333+0000] {dagbag.py:545} INFO - Filling up the DagBag from /home/khaled/dbt-env/lib/python3.12/site-packages/airflow/example_dags/example_branch_python_dop_operator_3.py
[2025-10-21T14:49:04.340+0000] {processor.py:840} INFO - DAG(s) 'example_branch_dop_operator_v3' retrieved from /home/khaled/dbt-env/lib/python3.12/site-packages/airflow/example_dags/example_branch_python_dop_operator_3.py
[2025-10-21T14:49:04.353+0000] {logging_mixin.py:188} INFO - [2025-10-21T14:49:04.353+0000] {dag.py:3089} INFO - Sync 1 DAGs
[2025-10-21T14:49:04.368+0000] {logging_mixin.py:188} INFO - [2025-10-21T14:49:04.367+0000] {dag.py:3947} INFO - Setting next_dagrun for example_branch_dop_operator_v3 to 2025-10-21 14:48:00+00:00, run_after=2025-10-21 14:49:00+00:00
[2025-10-21T14:49:04.387+0000] {processor.py:183} INFO - Processing /home/khaled/dbt-env/lib/python3.12/site-packages/airflow/example_dags/example_branch_python_dop_operator_3.py took 0.070 seconds
[2025-10-21T14:49:58.791+0000] {processor.py:161} INFO - Started process (PID=12688) to work on /home/khaled/dbt-env/lib/python3.12/site-packages/airflow/example_dags/example_branch_python_dop_operator_3.py
[2025-10-21T14:49:58.794+0000] {processor.py:830} INFO - Processing file /home/khaled/dbt-env/lib/python3.12/site-packages/airflow/example_dags/example_branch_python_dop_operator_3.py for tasks to queue
[2025-10-21T14:49:58.797+0000] {logging_mixin.py:188} INFO - [2025-10-21T14:49:58.796+0000] {dagbag.py:545} INFO - Filling up the DagBag from /home/khaled/dbt-env/lib/python3.12/site-packages/airflow/example_dags/example_branch_python_dop_operator_3.py
[2025-10-21T14:49:58.806+0000] {processor.py:840} INFO - DAG(s) 'example_branch_dop_operator_v3' retrieved from /home/khaled/dbt-env/lib/python3.12/site-packages/airflow/example_dags/example_branch_python_dop_operator_3.py
[2025-10-21T14:49:58.847+0000] {logging_mixin.py:188} INFO - [2025-10-21T14:49:58.846+0000] {dag.py:3089} INFO - Sync 1 DAGs
[2025-10-21T14:49:58.897+0000] {logging_mixin.py:188} INFO - [2025-10-21T14:49:58.896+0000] {dag.py:3947} INFO - Setting next_dagrun for example_branch_dop_operator_v3 to 2025-10-21 14:48:00+00:00, run_after=2025-10-21 14:49:00+00:00
[2025-10-21T14:49:58.994+0000] {processor.py:183} INFO - Processing /home/khaled/dbt-env/lib/python3.12/site-packages/airflow/example_dags/example_branch_python_dop_operator_3.py took 0.215 seconds
[2025-10-21T14:50:53.942+0000] {processor.py:161} INFO - Started process (PID=12976) to work on /home/khaled/dbt-env/lib/python3.12/site-packages/airflow/example_dags/example_branch_python_dop_operator_3.py
[2025-10-21T14:50:53.944+0000] {processor.py:830} INFO - Processing file /home/khaled/dbt-env/lib/python3.12/site-packages/airflow/example_dags/example_branch_python_dop_operator_3.py for tasks to queue
[2025-10-21T14:50:53.946+0000] {logging_mixin.py:188} INFO - [2025-10-21T14:50:53.945+0000] {dagbag.py:545} INFO - Filling up the DagBag from /home/khaled/dbt-env/lib/python3.12/site-packages/airflow/example_dags/example_branch_python_dop_operator_3.py
[2025-10-21T14:50:53.955+0000] {processor.py:840} INFO - DAG(s) 'example_branch_dop_operator_v3' retrieved from /home/khaled/dbt-env/lib/python3.12/site-packages/airflow/example_dags/example_branch_python_dop_operator_3.py
[2025-10-21T14:50:53.971+0000] {logging_mixin.py:188} INFO - [2025-10-21T14:50:53.971+0000] {dag.py:3089} INFO - Sync 1 DAGs
[2025-10-21T14:50:53.986+0000] {logging_mixin.py:188} INFO - [2025-10-21T14:50:53.986+0000] {dag.py:3947} INFO - Setting next_dagrun for example_branch_dop_operator_v3 to 2025-10-21 14:49:00+00:00, run_after=2025-10-21 14:50:00+00:00
[2025-10-21T14:50:54.029+0000] {processor.py:183} INFO - Processing /home/khaled/dbt-env/lib/python3.12/site-packages/airflow/example_dags/example_branch_python_dop_operator_3.py took 0.092 seconds
[2025-10-21T14:51:51.599+0000] {processor.py:161} INFO - Started process (PID=13287) to work on /home/khaled/dbt-env/lib/python3.12/site-packages/airflow/example_dags/example_branch_python_dop_operator_3.py
[2025-10-21T14:51:51.610+0000] {processor.py:830} INFO - Processing file /home/khaled/dbt-env/lib/python3.12/site-packages/airflow/example_dags/example_branch_python_dop_operator_3.py for tasks to queue
[2025-10-21T14:51:51.611+0000] {logging_mixin.py:188} INFO - [2025-10-21T14:51:51.611+0000] {dagbag.py:545} INFO - Filling up the DagBag from /home/khaled/dbt-env/lib/python3.12/site-packages/airflow/example_dags/example_branch_python_dop_operator_3.py
[2025-10-21T14:51:51.618+0000] {processor.py:840} INFO - DAG(s) 'example_branch_dop_operator_v3' retrieved from /home/khaled/dbt-env/lib/python3.12/site-packages/airflow/example_dags/example_branch_python_dop_operator_3.py
[2025-10-21T14:51:51.629+0000] {logging_mixin.py:188} INFO - [2025-10-21T14:51:51.629+0000] {dag.py:3089} INFO - Sync 1 DAGs
[2025-10-21T14:51:51.642+0000] {logging_mixin.py:188} INFO - [2025-10-21T14:51:51.642+0000] {dag.py:3947} INFO - Setting next_dagrun for example_branch_dop_operator_v3 to 2025-10-21 14:50:00+00:00, run_after=2025-10-21 14:51:00+00:00
[2025-10-21T14:51:51.665+0000] {processor.py:183} INFO - Processing /home/khaled/dbt-env/lib/python3.12/site-packages/airflow/example_dags/example_branch_python_dop_operator_3.py took 0.070 seconds
[2025-10-21T14:52:50.136+0000] {processor.py:161} INFO - Started process (PID=13575) to work on /home/khaled/dbt-env/lib/python3.12/site-packages/airflow/example_dags/example_branch_python_dop_operator_3.py
[2025-10-21T14:52:50.138+0000] {processor.py:830} INFO - Processing file /home/khaled/dbt-env/lib/python3.12/site-packages/airflow/example_dags/example_branch_python_dop_operator_3.py for tasks to queue
[2025-10-21T14:52:50.139+0000] {logging_mixin.py:188} INFO - [2025-10-21T14:52:50.139+0000] {dagbag.py:545} INFO - Filling up the DagBag from /home/khaled/dbt-env/lib/python3.12/site-packages/airflow/example_dags/example_branch_python_dop_operator_3.py
[2025-10-21T14:52:50.146+0000] {processor.py:840} INFO - DAG(s) 'example_branch_dop_operator_v3' retrieved from /home/khaled/dbt-env/lib/python3.12/site-packages/airflow/example_dags/example_branch_python_dop_operator_3.py
[2025-10-21T14:52:50.158+0000] {logging_mixin.py:188} INFO - [2025-10-21T14:52:50.157+0000] {dag.py:3089} INFO - Sync 1 DAGs
[2025-10-21T14:52:50.171+0000] {logging_mixin.py:188} INFO - [2025-10-21T14:52:50.171+0000] {dag.py:3947} INFO - Setting next_dagrun for example_branch_dop_operator_v3 to 2025-10-21 14:51:00+00:00, run_after=2025-10-21 14:52:00+00:00
[2025-10-21T14:52:50.191+0000] {processor.py:183} INFO - Processing /home/khaled/dbt-env/lib/python3.12/site-packages/airflow/example_dags/example_branch_python_dop_operator_3.py took 0.060 seconds
[2025-10-21T14:53:46.197+0000] {processor.py:161} INFO - Started process (PID=14016) to work on /home/khaled/dbt-env/lib/python3.12/site-packages/airflow/example_dags/example_branch_python_dop_operator_3.py
[2025-10-21T14:53:46.209+0000] {processor.py:830} INFO - Processing file /home/khaled/dbt-env/lib/python3.12/site-packages/airflow/example_dags/example_branch_python_dop_operator_3.py for tasks to queue
[2025-10-21T14:53:46.214+0000] {logging_mixin.py:188} INFO - [2025-10-21T14:53:46.212+0000] {dagbag.py:545} INFO - Filling up the DagBag from /home/khaled/dbt-env/lib/python3.12/site-packages/airflow/example_dags/example_branch_python_dop_operator_3.py
[2025-10-21T14:53:46.250+0000] {processor.py:840} INFO - DAG(s) 'example_branch_dop_operator_v3' retrieved from /home/khaled/dbt-env/lib/python3.12/site-packages/airflow/example_dags/example_branch_python_dop_operator_3.py
[2025-10-21T14:53:46.299+0000] {logging_mixin.py:188} INFO - [2025-10-21T14:53:46.298+0000] {dag.py:3089} INFO - Sync 1 DAGs
[2025-10-21T14:53:46.355+0000] {logging_mixin.py:188} INFO - [2025-10-21T14:53:46.355+0000] {dag.py:3947} INFO - Setting next_dagrun for example_branch_dop_operator_v3 to 2025-10-21 14:52:00+00:00, run_after=2025-10-21 14:53:00+00:00
[2025-10-21T14:53:46.491+0000] {processor.py:183} INFO - Processing /home/khaled/dbt-env/lib/python3.12/site-packages/airflow/example_dags/example_branch_python_dop_operator_3.py took 0.302 seconds
[2025-10-21T14:54:43.820+0000] {processor.py:161} INFO - Started process (PID=14270) to work on /home/khaled/dbt-env/lib/python3.12/site-packages/airflow/example_dags/example_branch_python_dop_operator_3.py
[2025-10-21T14:54:43.822+0000] {processor.py:830} INFO - Processing file /home/khaled/dbt-env/lib/python3.12/site-packages/airflow/example_dags/example_branch_python_dop_operator_3.py for tasks to queue
[2025-10-21T14:54:43.824+0000] {logging_mixin.py:188} INFO - [2025-10-21T14:54:43.823+0000] {dagbag.py:545} INFO - Filling up the DagBag from /home/khaled/dbt-env/lib/python3.12/site-packages/airflow/example_dags/example_branch_python_dop_operator_3.py
[2025-10-21T14:54:43.830+0000] {processor.py:840} INFO - DAG(s) 'example_branch_dop_operator_v3' retrieved from /home/khaled/dbt-env/lib/python3.12/site-packages/airflow/example_dags/example_branch_python_dop_operator_3.py
[2025-10-21T14:54:43.841+0000] {logging_mixin.py:188} INFO - [2025-10-21T14:54:43.841+0000] {dag.py:3089} INFO - Sync 1 DAGs
[2025-10-21T14:54:43.854+0000] {logging_mixin.py:188} INFO - [2025-10-21T14:54:43.854+0000] {dag.py:3947} INFO - Setting next_dagrun for example_branch_dop_operator_v3 to 2025-10-21 14:53:00+00:00, run_after=2025-10-21 14:54:00+00:00
[2025-10-21T14:54:43.885+0000] {processor.py:183} INFO - Processing /home/khaled/dbt-env/lib/python3.12/site-packages/airflow/example_dags/example_branch_python_dop_operator_3.py took 0.069 seconds
[2025-10-21T14:57:01.893+0000] {processor.py:161} INFO - Started process (PID=14709) to work on /home/khaled/dbt-env/lib/python3.12/site-packages/airflow/example_dags/example_branch_python_dop_operator_3.py
[2025-10-21T14:57:01.894+0000] {processor.py:830} INFO - Processing file /home/khaled/dbt-env/lib/python3.12/site-packages/airflow/example_dags/example_branch_python_dop_operator_3.py for tasks to queue
[2025-10-21T14:57:01.897+0000] {logging_mixin.py:188} INFO - [2025-10-21T14:57:01.896+0000] {dagbag.py:545} INFO - Filling up the DagBag from /home/khaled/dbt-env/lib/python3.12/site-packages/airflow/example_dags/example_branch_python_dop_operator_3.py
[2025-10-21T14:57:01.906+0000] {processor.py:840} INFO - DAG(s) 'example_branch_dop_operator_v3' retrieved from /home/khaled/dbt-env/lib/python3.12/site-packages/airflow/example_dags/example_branch_python_dop_operator_3.py
[2025-10-21T14:57:01.925+0000] {logging_mixin.py:188} INFO - [2025-10-21T14:57:01.924+0000] {dag.py:3089} INFO - Sync 1 DAGs
[2025-10-21T14:57:01.970+0000] {logging_mixin.py:188} INFO - [2025-10-21T14:57:01.969+0000] {dag.py:3947} INFO - Setting next_dagrun for example_branch_dop_operator_v3 to 2025-10-21 14:56:00+00:00, run_after=2025-10-21 14:57:00+00:00
[2025-10-21T14:57:02.106+0000] {processor.py:183} INFO - Processing /home/khaled/dbt-env/lib/python3.12/site-packages/airflow/example_dags/example_branch_python_dop_operator_3.py took 0.220 seconds
[2025-10-21T15:00:04.183+0000] {processor.py:161} INFO - Started process (PID=14837) to work on /home/khaled/dbt-env/lib/python3.12/site-packages/airflow/example_dags/example_branch_python_dop_operator_3.py
[2025-10-21T15:00:04.184+0000] {processor.py:830} INFO - Processing file /home/khaled/dbt-env/lib/python3.12/site-packages/airflow/example_dags/example_branch_python_dop_operator_3.py for tasks to queue
[2025-10-21T15:00:04.185+0000] {logging_mixin.py:188} INFO - [2025-10-21T15:00:04.185+0000] {dagbag.py:545} INFO - Filling up the DagBag from /home/khaled/dbt-env/lib/python3.12/site-packages/airflow/example_dags/example_branch_python_dop_operator_3.py
[2025-10-21T15:00:04.191+0000] {processor.py:840} INFO - DAG(s) 'example_branch_dop_operator_v3' retrieved from /home/khaled/dbt-env/lib/python3.12/site-packages/airflow/example_dags/example_branch_python_dop_operator_3.py
[2025-10-21T15:00:04.203+0000] {logging_mixin.py:188} INFO - [2025-10-21T15:00:04.203+0000] {dag.py:3089} INFO - Sync 1 DAGs
[2025-10-21T15:00:04.217+0000] {logging_mixin.py:188} INFO - [2025-10-21T15:00:04.216+0000] {dag.py:3947} INFO - Setting next_dagrun for example_branch_dop_operator_v3 to 2025-10-21 14:59:00+00:00, run_after=2025-10-21 15:00:00+00:00
[2025-10-21T15:00:04.238+0000] {processor.py:183} INFO - Processing /home/khaled/dbt-env/lib/python3.12/site-packages/airflow/example_dags/example_branch_python_dop_operator_3.py took 0.065 seconds
[2025-10-21T15:00:59.738+0000] {processor.py:161} INFO - Started process (PID=15071) to work on /home/khaled/dbt-env/lib/python3.12/site-packages/airflow/example_dags/example_branch_python_dop_operator_3.py
[2025-10-21T15:00:59.746+0000] {processor.py:830} INFO - Processing file /home/khaled/dbt-env/lib/python3.12/site-packages/airflow/example_dags/example_branch_python_dop_operator_3.py for tasks to queue
[2025-10-21T15:00:59.757+0000] {logging_mixin.py:188} INFO - [2025-10-21T15:00:59.754+0000] {dagbag.py:545} INFO - Filling up the DagBag from /home/khaled/dbt-env/lib/python3.12/site-packages/airflow/example_dags/example_branch_python_dop_operator_3.py
[2025-10-21T15:00:59.792+0000] {processor.py:840} INFO - DAG(s) 'example_branch_dop_operator_v3' retrieved from /home/khaled/dbt-env/lib/python3.12/site-packages/airflow/example_dags/example_branch_python_dop_operator_3.py
[2025-10-21T15:00:59.822+0000] {logging_mixin.py:188} INFO - [2025-10-21T15:00:59.821+0000] {dag.py:3089} INFO - Sync 1 DAGs
[2025-10-21T15:00:59.838+0000] {logging_mixin.py:188} INFO - [2025-10-21T15:00:59.838+0000] {dag.py:3947} INFO - Setting next_dagrun for example_branch_dop_operator_v3 to 2025-10-21 14:59:00+00:00, run_after=2025-10-21 15:00:00+00:00
[2025-10-21T15:00:59.856+0000] {processor.py:183} INFO - Processing /home/khaled/dbt-env/lib/python3.12/site-packages/airflow/example_dags/example_branch_python_dop_operator_3.py took 0.126 seconds
[2025-10-21T15:02:17.853+0000] {processor.py:161} INFO - Started process (PID=15331) to work on /home/khaled/dbt-env/lib/python3.12/site-packages/airflow/example_dags/example_branch_python_dop_operator_3.py
[2025-10-21T15:02:17.855+0000] {processor.py:830} INFO - Processing file /home/khaled/dbt-env/lib/python3.12/site-packages/airflow/example_dags/example_branch_python_dop_operator_3.py for tasks to queue
[2025-10-21T15:02:17.856+0000] {logging_mixin.py:188} INFO - [2025-10-21T15:02:17.855+0000] {dagbag.py:545} INFO - Filling up the DagBag from /home/khaled/dbt-env/lib/python3.12/site-packages/airflow/example_dags/example_branch_python_dop_operator_3.py
[2025-10-21T15:02:17.862+0000] {processor.py:840} INFO - DAG(s) 'example_branch_dop_operator_v3' retrieved from /home/khaled/dbt-env/lib/python3.12/site-packages/airflow/example_dags/example_branch_python_dop_operator_3.py
[2025-10-21T15:02:17.873+0000] {logging_mixin.py:188} INFO - [2025-10-21T15:02:17.873+0000] {dag.py:3089} INFO - Sync 1 DAGs
[2025-10-21T15:02:17.889+0000] {logging_mixin.py:188} INFO - [2025-10-21T15:02:17.889+0000] {dag.py:3947} INFO - Setting next_dagrun for example_branch_dop_operator_v3 to 2025-10-21 15:01:00+00:00, run_after=2025-10-21 15:02:00+00:00
[2025-10-21T15:02:17.912+0000] {processor.py:183} INFO - Processing /home/khaled/dbt-env/lib/python3.12/site-packages/airflow/example_dags/example_branch_python_dop_operator_3.py took 0.063 seconds
