[2025-10-21T14:28:54.298+0000] {processor.py:161} INFO - Started process (PID=7524) to work on /home/khaled/dbt-env/lib/python3.12/site-packages/airflow/example_dags/example_xcomargs.py
[2025-10-21T14:28:54.300+0000] {processor.py:830} INFO - Processing file /home/khaled/dbt-env/lib/python3.12/site-packages/airflow/example_dags/example_xcomargs.py for tasks to queue
[2025-10-21T14:28:54.304+0000] {logging_mixin.py:188} INFO - [2025-10-21T14:28:54.302+0000] {dagbag.py:545} INFO - Filling up the DagBag from /home/khaled/dbt-env/lib/python3.12/site-packages/airflow/example_dags/example_xcomargs.py
[2025-10-21T14:28:54.334+0000] {processor.py:840} INFO - DAG(s) 'example_xcom_args_with_operators', 'example_xcom_args' retrieved from /home/khaled/dbt-env/lib/python3.12/site-packages/airflow/example_dags/example_xcomargs.py
[2025-10-21T14:28:54.509+0000] {logging_mixin.py:188} INFO - [2025-10-21T14:28:54.509+0000] {override.py:1858} INFO - Created Permission View: can read on DAG:example_xcom_args_with_operators
[2025-10-21T14:28:54.524+0000] {logging_mixin.py:188} INFO - [2025-10-21T14:28:54.523+0000] {override.py:1858} INFO - Created Permission View: can edit on DAG:example_xcom_args_with_operators
[2025-10-21T14:28:54.533+0000] {logging_mixin.py:188} INFO - [2025-10-21T14:28:54.533+0000] {override.py:1858} INFO - Created Permission View: can delete on DAG:example_xcom_args_with_operators
[2025-10-21T14:28:54.554+0000] {logging_mixin.py:188} INFO - [2025-10-21T14:28:54.554+0000] {override.py:1858} INFO - Created Permission View: can read on DAG:example_xcom_args
[2025-10-21T14:28:54.563+0000] {logging_mixin.py:188} INFO - [2025-10-21T14:28:54.563+0000] {override.py:1858} INFO - Created Permission View: can edit on DAG:example_xcom_args
[2025-10-21T14:28:54.572+0000] {logging_mixin.py:188} INFO - [2025-10-21T14:28:54.572+0000] {override.py:1858} INFO - Created Permission View: can delete on DAG:example_xcom_args
[2025-10-21T14:28:54.572+0000] {logging_mixin.py:188} INFO - [2025-10-21T14:28:54.572+0000] {dag.py:3089} INFO - Sync 2 DAGs
[2025-10-21T14:28:54.582+0000] {logging_mixin.py:188} INFO - [2025-10-21T14:28:54.582+0000] {dag.py:3111} INFO - Creating ORM DAG for example_xcom_args
[2025-10-21T14:28:54.583+0000] {logging_mixin.py:188} INFO - [2025-10-21T14:28:54.583+0000] {dag.py:3111} INFO - Creating ORM DAG for example_xcom_args_with_operators
[2025-10-21T14:28:54.583+0000] {logging_mixin.py:188} INFO - [2025-10-21T14:28:54.583+0000] {dag.py:3947} INFO - Setting next_dagrun for example_xcom_args to None, run_after=None
[2025-10-21T14:28:54.584+0000] {logging_mixin.py:188} INFO - [2025-10-21T14:28:54.584+0000] {dag.py:3947} INFO - Setting next_dagrun for example_xcom_args_with_operators to None, run_after=None
[2025-10-21T14:28:54.606+0000] {processor.py:183} INFO - Processing /home/khaled/dbt-env/lib/python3.12/site-packages/airflow/example_dags/example_xcomargs.py took 0.320 seconds
[2025-10-21T14:29:59.199+0000] {processor.py:161} INFO - Started process (PID=7708) to work on /home/khaled/dbt-env/lib/python3.12/site-packages/airflow/example_dags/example_xcomargs.py
[2025-10-21T14:29:59.209+0000] {processor.py:830} INFO - Processing file /home/khaled/dbt-env/lib/python3.12/site-packages/airflow/example_dags/example_xcomargs.py for tasks to queue
[2025-10-21T14:29:59.210+0000] {logging_mixin.py:188} INFO - [2025-10-21T14:29:59.210+0000] {dagbag.py:545} INFO - Filling up the DagBag from /home/khaled/dbt-env/lib/python3.12/site-packages/airflow/example_dags/example_xcomargs.py
[2025-10-21T14:29:59.217+0000] {processor.py:840} INFO - DAG(s) 'example_xcom_args', 'example_xcom_args_with_operators' retrieved from /home/khaled/dbt-env/lib/python3.12/site-packages/airflow/example_dags/example_xcomargs.py
[2025-10-21T14:29:59.229+0000] {logging_mixin.py:188} INFO - [2025-10-21T14:29:59.229+0000] {dag.py:3089} INFO - Sync 2 DAGs
[2025-10-21T14:29:59.237+0000] {logging_mixin.py:188} INFO - [2025-10-21T14:29:59.237+0000] {dag.py:3947} INFO - Setting next_dagrun for example_xcom_args to None, run_after=None
[2025-10-21T14:29:59.239+0000] {logging_mixin.py:188} INFO - [2025-10-21T14:29:59.239+0000] {dag.py:3947} INFO - Setting next_dagrun for example_xcom_args_with_operators to None, run_after=None
[2025-10-21T14:29:59.257+0000] {processor.py:183} INFO - Processing /home/khaled/dbt-env/lib/python3.12/site-packages/airflow/example_dags/example_xcomargs.py took 0.062 seconds
[2025-10-21T14:31:25.460+0000] {processor.py:161} INFO - Started process (PID=7771) to work on /home/khaled/dbt-env/lib/python3.12/site-packages/airflow/example_dags/example_xcomargs.py
[2025-10-21T14:31:25.472+0000] {processor.py:830} INFO - Processing file /home/khaled/dbt-env/lib/python3.12/site-packages/airflow/example_dags/example_xcomargs.py for tasks to queue
[2025-10-21T14:31:25.474+0000] {logging_mixin.py:188} INFO - [2025-10-21T14:31:25.473+0000] {dagbag.py:545} INFO - Filling up the DagBag from /home/khaled/dbt-env/lib/python3.12/site-packages/airflow/example_dags/example_xcomargs.py
[2025-10-21T14:31:25.481+0000] {processor.py:840} INFO - DAG(s) 'example_xcom_args', 'example_xcom_args_with_operators' retrieved from /home/khaled/dbt-env/lib/python3.12/site-packages/airflow/example_dags/example_xcomargs.py
[2025-10-21T14:31:25.494+0000] {logging_mixin.py:188} INFO - [2025-10-21T14:31:25.494+0000] {dag.py:3089} INFO - Sync 2 DAGs
[2025-10-21T14:31:25.502+0000] {logging_mixin.py:188} INFO - [2025-10-21T14:31:25.501+0000] {dag.py:3947} INFO - Setting next_dagrun for example_xcom_args to None, run_after=None
[2025-10-21T14:31:25.504+0000] {logging_mixin.py:188} INFO - [2025-10-21T14:31:25.504+0000] {dag.py:3947} INFO - Setting next_dagrun for example_xcom_args_with_operators to None, run_after=None
[2025-10-21T14:31:25.523+0000] {processor.py:183} INFO - Processing /home/khaled/dbt-env/lib/python3.12/site-packages/airflow/example_dags/example_xcomargs.py took 0.068 seconds
[2025-10-21T14:48:27.948+0000] {processor.py:161} INFO - Started process (PID=12107) to work on /home/khaled/dbt-env/lib/python3.12/site-packages/airflow/example_dags/example_xcomargs.py
[2025-10-21T14:48:27.959+0000] {processor.py:830} INFO - Processing file /home/khaled/dbt-env/lib/python3.12/site-packages/airflow/example_dags/example_xcomargs.py for tasks to queue
[2025-10-21T14:48:27.962+0000] {logging_mixin.py:188} INFO - [2025-10-21T14:48:27.962+0000] {dagbag.py:545} INFO - Filling up the DagBag from /home/khaled/dbt-env/lib/python3.12/site-packages/airflow/example_dags/example_xcomargs.py
[2025-10-21T14:48:27.970+0000] {processor.py:840} INFO - DAG(s) 'example_xcom_args_with_operators', 'example_xcom_args' retrieved from /home/khaled/dbt-env/lib/python3.12/site-packages/airflow/example_dags/example_xcomargs.py
[2025-10-21T14:48:28.003+0000] {logging_mixin.py:188} INFO - [2025-10-21T14:48:28.003+0000] {dag.py:3089} INFO - Sync 2 DAGs
[2025-10-21T14:48:28.011+0000] {logging_mixin.py:188} INFO - [2025-10-21T14:48:28.011+0000] {dag.py:3947} INFO - Setting next_dagrun for example_xcom_args to None, run_after=None
[2025-10-21T14:48:28.013+0000] {logging_mixin.py:188} INFO - [2025-10-21T14:48:28.013+0000] {dag.py:3947} INFO - Setting next_dagrun for example_xcom_args_with_operators to None, run_after=None
[2025-10-21T14:48:28.033+0000] {processor.py:183} INFO - Processing /home/khaled/dbt-env/lib/python3.12/site-packages/airflow/example_dags/example_xcomargs.py took 0.092 seconds
[2025-10-21T14:49:24.636+0000] {processor.py:161} INFO - Started process (PID=12535) to work on /home/khaled/dbt-env/lib/python3.12/site-packages/airflow/example_dags/example_xcomargs.py
[2025-10-21T14:49:24.637+0000] {processor.py:830} INFO - Processing file /home/khaled/dbt-env/lib/python3.12/site-packages/airflow/example_dags/example_xcomargs.py for tasks to queue
[2025-10-21T14:49:24.638+0000] {logging_mixin.py:188} INFO - [2025-10-21T14:49:24.638+0000] {dagbag.py:545} INFO - Filling up the DagBag from /home/khaled/dbt-env/lib/python3.12/site-packages/airflow/example_dags/example_xcomargs.py
[2025-10-21T14:49:24.645+0000] {processor.py:840} INFO - DAG(s) 'example_xcom_args', 'example_xcom_args_with_operators' retrieved from /home/khaled/dbt-env/lib/python3.12/site-packages/airflow/example_dags/example_xcomargs.py
[2025-10-21T14:49:24.661+0000] {logging_mixin.py:188} INFO - [2025-10-21T14:49:24.661+0000] {dag.py:3089} INFO - Sync 2 DAGs
[2025-10-21T14:49:24.671+0000] {logging_mixin.py:188} INFO - [2025-10-21T14:49:24.671+0000] {dag.py:3947} INFO - Setting next_dagrun for example_xcom_args to None, run_after=None
[2025-10-21T14:49:24.673+0000] {logging_mixin.py:188} INFO - [2025-10-21T14:49:24.673+0000] {dag.py:3947} INFO - Setting next_dagrun for example_xcom_args_with_operators to None, run_after=None
[2025-10-21T14:49:24.707+0000] {processor.py:183} INFO - Processing /home/khaled/dbt-env/lib/python3.12/site-packages/airflow/example_dags/example_xcomargs.py took 0.076 seconds
[2025-10-21T14:50:16.887+0000] {processor.py:161} INFO - Started process (PID=12787) to work on /home/khaled/dbt-env/lib/python3.12/site-packages/airflow/example_dags/example_xcomargs.py
[2025-10-21T14:50:16.889+0000] {processor.py:830} INFO - Processing file /home/khaled/dbt-env/lib/python3.12/site-packages/airflow/example_dags/example_xcomargs.py for tasks to queue
[2025-10-21T14:50:16.890+0000] {logging_mixin.py:188} INFO - [2025-10-21T14:50:16.890+0000] {dagbag.py:545} INFO - Filling up the DagBag from /home/khaled/dbt-env/lib/python3.12/site-packages/airflow/example_dags/example_xcomargs.py
[2025-10-21T14:50:16.897+0000] {processor.py:840} INFO - DAG(s) 'example_xcom_args_with_operators', 'example_xcom_args' retrieved from /home/khaled/dbt-env/lib/python3.12/site-packages/airflow/example_dags/example_xcomargs.py
[2025-10-21T14:50:16.912+0000] {logging_mixin.py:188} INFO - [2025-10-21T14:50:16.912+0000] {dag.py:3089} INFO - Sync 2 DAGs
[2025-10-21T14:50:16.922+0000] {logging_mixin.py:188} INFO - [2025-10-21T14:50:16.922+0000] {dag.py:3947} INFO - Setting next_dagrun for example_xcom_args to None, run_after=None
[2025-10-21T14:50:16.924+0000] {logging_mixin.py:188} INFO - [2025-10-21T14:50:16.924+0000] {dag.py:3947} INFO - Setting next_dagrun for example_xcom_args_with_operators to None, run_after=None
[2025-10-21T14:50:16.961+0000] {processor.py:183} INFO - Processing /home/khaled/dbt-env/lib/python3.12/site-packages/airflow/example_dags/example_xcomargs.py took 0.079 seconds
[2025-10-21T14:51:10.904+0000] {processor.py:161} INFO - Started process (PID=13125) to work on /home/khaled/dbt-env/lib/python3.12/site-packages/airflow/example_dags/example_xcomargs.py
[2025-10-21T14:51:10.911+0000] {processor.py:830} INFO - Processing file /home/khaled/dbt-env/lib/python3.12/site-packages/airflow/example_dags/example_xcomargs.py for tasks to queue
[2025-10-21T14:51:10.933+0000] {logging_mixin.py:188} INFO - [2025-10-21T14:51:10.920+0000] {dagbag.py:545} INFO - Filling up the DagBag from /home/khaled/dbt-env/lib/python3.12/site-packages/airflow/example_dags/example_xcomargs.py
[2025-10-21T14:51:10.998+0000] {processor.py:840} INFO - DAG(s) 'example_xcom_args_with_operators', 'example_xcom_args' retrieved from /home/khaled/dbt-env/lib/python3.12/site-packages/airflow/example_dags/example_xcomargs.py
[2025-10-21T14:51:11.056+0000] {logging_mixin.py:188} INFO - [2025-10-21T14:51:11.056+0000] {dag.py:3089} INFO - Sync 2 DAGs
[2025-10-21T14:51:11.080+0000] {logging_mixin.py:188} INFO - [2025-10-21T14:51:11.080+0000] {dag.py:3947} INFO - Setting next_dagrun for example_xcom_args to None, run_after=None
[2025-10-21T14:51:11.087+0000] {logging_mixin.py:188} INFO - [2025-10-21T14:51:11.087+0000] {dag.py:3947} INFO - Setting next_dagrun for example_xcom_args_with_operators to None, run_after=None
[2025-10-21T14:51:11.157+0000] {processor.py:183} INFO - Processing /home/khaled/dbt-env/lib/python3.12/site-packages/airflow/example_dags/example_xcomargs.py took 0.266 seconds
[2025-10-21T14:52:07.252+0000] {processor.py:161} INFO - Started process (PID=13314) to work on /home/khaled/dbt-env/lib/python3.12/site-packages/airflow/example_dags/example_xcomargs.py
[2025-10-21T14:52:07.262+0000] {processor.py:830} INFO - Processing file /home/khaled/dbt-env/lib/python3.12/site-packages/airflow/example_dags/example_xcomargs.py for tasks to queue
[2025-10-21T14:52:07.264+0000] {logging_mixin.py:188} INFO - [2025-10-21T14:52:07.264+0000] {dagbag.py:545} INFO - Filling up the DagBag from /home/khaled/dbt-env/lib/python3.12/site-packages/airflow/example_dags/example_xcomargs.py
[2025-10-21T14:52:07.271+0000] {processor.py:840} INFO - DAG(s) 'example_xcom_args_with_operators', 'example_xcom_args' retrieved from /home/khaled/dbt-env/lib/python3.12/site-packages/airflow/example_dags/example_xcomargs.py
[2025-10-21T14:52:07.285+0000] {logging_mixin.py:188} INFO - [2025-10-21T14:52:07.285+0000] {dag.py:3089} INFO - Sync 2 DAGs
[2025-10-21T14:52:07.295+0000] {logging_mixin.py:188} INFO - [2025-10-21T14:52:07.295+0000] {dag.py:3947} INFO - Setting next_dagrun for example_xcom_args to None, run_after=None
[2025-10-21T14:52:07.298+0000] {logging_mixin.py:188} INFO - [2025-10-21T14:52:07.297+0000] {dag.py:3947} INFO - Setting next_dagrun for example_xcom_args_with_operators to None, run_after=None
[2025-10-21T14:52:07.316+0000] {processor.py:183} INFO - Processing /home/khaled/dbt-env/lib/python3.12/site-packages/airflow/example_dags/example_xcomargs.py took 0.068 seconds
[2025-10-21T14:53:04.650+0000] {processor.py:161} INFO - Started process (PID=13754) to work on /home/khaled/dbt-env/lib/python3.12/site-packages/airflow/example_dags/example_xcomargs.py
[2025-10-21T14:53:04.660+0000] {processor.py:830} INFO - Processing file /home/khaled/dbt-env/lib/python3.12/site-packages/airflow/example_dags/example_xcomargs.py for tasks to queue
[2025-10-21T14:53:04.662+0000] {logging_mixin.py:188} INFO - [2025-10-21T14:53:04.661+0000] {dagbag.py:545} INFO - Filling up the DagBag from /home/khaled/dbt-env/lib/python3.12/site-packages/airflow/example_dags/example_xcomargs.py
[2025-10-21T14:53:04.668+0000] {processor.py:840} INFO - DAG(s) 'example_xcom_args', 'example_xcom_args_with_operators' retrieved from /home/khaled/dbt-env/lib/python3.12/site-packages/airflow/example_dags/example_xcomargs.py
[2025-10-21T14:53:04.681+0000] {logging_mixin.py:188} INFO - [2025-10-21T14:53:04.680+0000] {dag.py:3089} INFO - Sync 2 DAGs
[2025-10-21T14:53:04.688+0000] {logging_mixin.py:188} INFO - [2025-10-21T14:53:04.688+0000] {dag.py:3947} INFO - Setting next_dagrun for example_xcom_args to None, run_after=None
[2025-10-21T14:53:04.690+0000] {logging_mixin.py:188} INFO - [2025-10-21T14:53:04.690+0000] {dag.py:3947} INFO - Setting next_dagrun for example_xcom_args_with_operators to None, run_after=None
[2025-10-21T14:53:04.710+0000] {processor.py:183} INFO - Processing /home/khaled/dbt-env/lib/python3.12/site-packages/airflow/example_dags/example_xcomargs.py took 0.067 seconds
[2025-10-21T14:54:02.850+0000] {processor.py:161} INFO - Started process (PID=14115) to work on /home/khaled/dbt-env/lib/python3.12/site-packages/airflow/example_dags/example_xcomargs.py
[2025-10-21T14:54:02.851+0000] {processor.py:830} INFO - Processing file /home/khaled/dbt-env/lib/python3.12/site-packages/airflow/example_dags/example_xcomargs.py for tasks to queue
[2025-10-21T14:54:02.852+0000] {logging_mixin.py:188} INFO - [2025-10-21T14:54:02.852+0000] {dagbag.py:545} INFO - Filling up the DagBag from /home/khaled/dbt-env/lib/python3.12/site-packages/airflow/example_dags/example_xcomargs.py
[2025-10-21T14:54:02.867+0000] {processor.py:840} INFO - DAG(s) 'example_xcom_args_with_operators', 'example_xcom_args' retrieved from /home/khaled/dbt-env/lib/python3.12/site-packages/airflow/example_dags/example_xcomargs.py
[2025-10-21T14:54:02.882+0000] {logging_mixin.py:188} INFO - [2025-10-21T14:54:02.882+0000] {dag.py:3089} INFO - Sync 2 DAGs
[2025-10-21T14:54:02.891+0000] {logging_mixin.py:188} INFO - [2025-10-21T14:54:02.891+0000] {dag.py:3947} INFO - Setting next_dagrun for example_xcom_args to None, run_after=None
[2025-10-21T14:54:02.893+0000] {logging_mixin.py:188} INFO - [2025-10-21T14:54:02.893+0000] {dag.py:3947} INFO - Setting next_dagrun for example_xcom_args_with_operators to None, run_after=None
[2025-10-21T14:54:02.917+0000] {processor.py:183} INFO - Processing /home/khaled/dbt-env/lib/python3.12/site-packages/airflow/example_dags/example_xcomargs.py took 0.072 seconds
[2025-10-21T14:54:58.197+0000] {processor.py:161} INFO - Started process (PID=14348) to work on /home/khaled/dbt-env/lib/python3.12/site-packages/airflow/example_dags/example_xcomargs.py
[2025-10-21T14:54:58.200+0000] {processor.py:830} INFO - Processing file /home/khaled/dbt-env/lib/python3.12/site-packages/airflow/example_dags/example_xcomargs.py for tasks to queue
[2025-10-21T14:54:58.201+0000] {logging_mixin.py:188} INFO - [2025-10-21T14:54:58.201+0000] {dagbag.py:545} INFO - Filling up the DagBag from /home/khaled/dbt-env/lib/python3.12/site-packages/airflow/example_dags/example_xcomargs.py
[2025-10-21T14:54:58.209+0000] {processor.py:840} INFO - DAG(s) 'example_xcom_args', 'example_xcom_args_with_operators' retrieved from /home/khaled/dbt-env/lib/python3.12/site-packages/airflow/example_dags/example_xcomargs.py
[2025-10-21T14:54:58.224+0000] {logging_mixin.py:188} INFO - [2025-10-21T14:54:58.223+0000] {dag.py:3089} INFO - Sync 2 DAGs
[2025-10-21T14:54:58.233+0000] {logging_mixin.py:188} INFO - [2025-10-21T14:54:58.232+0000] {dag.py:3947} INFO - Setting next_dagrun for example_xcom_args to None, run_after=None
[2025-10-21T14:54:58.236+0000] {logging_mixin.py:188} INFO - [2025-10-21T14:54:58.235+0000] {dag.py:3947} INFO - Setting next_dagrun for example_xcom_args_with_operators to None, run_after=None
[2025-10-21T14:54:58.254+0000] {processor.py:183} INFO - Processing /home/khaled/dbt-env/lib/python3.12/site-packages/airflow/example_dags/example_xcomargs.py took 0.063 seconds
[2025-10-21T14:55:49.673+0000] {processor.py:161} INFO - Started process (PID=14504) to work on /home/khaled/dbt-env/lib/python3.12/site-packages/airflow/example_dags/example_xcomargs.py
[2025-10-21T14:55:49.675+0000] {processor.py:830} INFO - Processing file /home/khaled/dbt-env/lib/python3.12/site-packages/airflow/example_dags/example_xcomargs.py for tasks to queue
[2025-10-21T14:55:49.676+0000] {logging_mixin.py:188} INFO - [2025-10-21T14:55:49.676+0000] {dagbag.py:545} INFO - Filling up the DagBag from /home/khaled/dbt-env/lib/python3.12/site-packages/airflow/example_dags/example_xcomargs.py
[2025-10-21T14:55:49.683+0000] {processor.py:840} INFO - DAG(s) 'example_xcom_args_with_operators', 'example_xcom_args' retrieved from /home/khaled/dbt-env/lib/python3.12/site-packages/airflow/example_dags/example_xcomargs.py
[2025-10-21T14:55:49.696+0000] {logging_mixin.py:188} INFO - [2025-10-21T14:55:49.696+0000] {dag.py:3089} INFO - Sync 2 DAGs
[2025-10-21T14:55:49.707+0000] {logging_mixin.py:188} INFO - [2025-10-21T14:55:49.707+0000] {dag.py:3947} INFO - Setting next_dagrun for example_xcom_args to None, run_after=None
[2025-10-21T14:55:49.710+0000] {logging_mixin.py:188} INFO - [2025-10-21T14:55:49.710+0000] {dag.py:3947} INFO - Setting next_dagrun for example_xcom_args_with_operators to None, run_after=None
[2025-10-21T14:55:49.741+0000] {processor.py:183} INFO - Processing /home/khaled/dbt-env/lib/python3.12/site-packages/airflow/example_dags/example_xcomargs.py took 0.072 seconds
[2025-10-21T14:56:06.225+0000] {processor.py:161} INFO - Started process (PID=14572) to work on /home/khaled/dbt-env/lib/python3.12/site-packages/airflow/example_dags/example_xcomargs.py
[2025-10-21T14:56:06.226+0000] {processor.py:830} INFO - Processing file /home/khaled/dbt-env/lib/python3.12/site-packages/airflow/example_dags/example_xcomargs.py for tasks to queue
[2025-10-21T14:56:06.227+0000] {logging_mixin.py:188} INFO - [2025-10-21T14:56:06.227+0000] {dagbag.py:545} INFO - Filling up the DagBag from /home/khaled/dbt-env/lib/python3.12/site-packages/airflow/example_dags/example_xcomargs.py
[2025-10-21T14:56:06.235+0000] {processor.py:840} INFO - DAG(s) 'example_xcom_args_with_operators', 'example_xcom_args' retrieved from /home/khaled/dbt-env/lib/python3.12/site-packages/airflow/example_dags/example_xcomargs.py
[2025-10-21T14:56:06.252+0000] {logging_mixin.py:188} INFO - [2025-10-21T14:56:06.252+0000] {dag.py:3089} INFO - Sync 2 DAGs
[2025-10-21T14:56:06.260+0000] {logging_mixin.py:188} INFO - [2025-10-21T14:56:06.260+0000] {dag.py:3947} INFO - Setting next_dagrun for example_xcom_args to None, run_after=None
[2025-10-21T14:56:06.262+0000] {logging_mixin.py:188} INFO - [2025-10-21T14:56:06.262+0000] {dag.py:3947} INFO - Setting next_dagrun for example_xcom_args_with_operators to None, run_after=None
[2025-10-21T14:56:06.293+0000] {processor.py:183} INFO - Processing /home/khaled/dbt-env/lib/python3.12/site-packages/airflow/example_dags/example_xcomargs.py took 0.071 seconds
[2025-10-21T14:56:25.112+0000] {processor.py:161} INFO - Started process (PID=14619) to work on /home/khaled/dbt-env/lib/python3.12/site-packages/airflow/example_dags/example_xcomargs.py
[2025-10-21T14:56:25.113+0000] {processor.py:830} INFO - Processing file /home/khaled/dbt-env/lib/python3.12/site-packages/airflow/example_dags/example_xcomargs.py for tasks to queue
[2025-10-21T14:56:25.114+0000] {logging_mixin.py:188} INFO - [2025-10-21T14:56:25.114+0000] {dagbag.py:545} INFO - Filling up the DagBag from /home/khaled/dbt-env/lib/python3.12/site-packages/airflow/example_dags/example_xcomargs.py
[2025-10-21T14:56:25.122+0000] {processor.py:840} INFO - DAG(s) 'example_xcom_args_with_operators', 'example_xcom_args' retrieved from /home/khaled/dbt-env/lib/python3.12/site-packages/airflow/example_dags/example_xcomargs.py
[2025-10-21T14:56:25.138+0000] {logging_mixin.py:188} INFO - [2025-10-21T14:56:25.138+0000] {dag.py:3089} INFO - Sync 2 DAGs
[2025-10-21T14:56:25.145+0000] {logging_mixin.py:188} INFO - [2025-10-21T14:56:25.145+0000] {dag.py:3947} INFO - Setting next_dagrun for example_xcom_args to None, run_after=None
[2025-10-21T14:56:25.147+0000] {logging_mixin.py:188} INFO - [2025-10-21T14:56:25.147+0000] {dag.py:3947} INFO - Setting next_dagrun for example_xcom_args_with_operators to None, run_after=None
[2025-10-21T14:56:25.178+0000] {processor.py:183} INFO - Processing /home/khaled/dbt-env/lib/python3.12/site-packages/airflow/example_dags/example_xcomargs.py took 0.070 seconds
[2025-10-21T14:57:52.417+0000] {processor.py:161} INFO - Started process (PID=14752) to work on /home/khaled/dbt-env/lib/python3.12/site-packages/airflow/example_dags/example_xcomargs.py
[2025-10-21T14:57:52.419+0000] {processor.py:830} INFO - Processing file /home/khaled/dbt-env/lib/python3.12/site-packages/airflow/example_dags/example_xcomargs.py for tasks to queue
[2025-10-21T14:57:52.420+0000] {logging_mixin.py:188} INFO - [2025-10-21T14:57:52.420+0000] {dagbag.py:545} INFO - Filling up the DagBag from /home/khaled/dbt-env/lib/python3.12/site-packages/airflow/example_dags/example_xcomargs.py
[2025-10-21T14:57:52.427+0000] {processor.py:840} INFO - DAG(s) 'example_xcom_args_with_operators', 'example_xcom_args' retrieved from /home/khaled/dbt-env/lib/python3.12/site-packages/airflow/example_dags/example_xcomargs.py
[2025-10-21T14:57:52.444+0000] {logging_mixin.py:188} INFO - [2025-10-21T14:57:52.443+0000] {dag.py:3089} INFO - Sync 2 DAGs
[2025-10-21T14:57:52.455+0000] {logging_mixin.py:188} INFO - [2025-10-21T14:57:52.454+0000] {dag.py:3947} INFO - Setting next_dagrun for example_xcom_args to None, run_after=None
[2025-10-21T14:57:52.459+0000] {logging_mixin.py:188} INFO - [2025-10-21T14:57:52.459+0000] {dag.py:3947} INFO - Setting next_dagrun for example_xcom_args_with_operators to None, run_after=None
[2025-10-21T14:57:52.493+0000] {processor.py:183} INFO - Processing /home/khaled/dbt-env/lib/python3.12/site-packages/airflow/example_dags/example_xcomargs.py took 0.081 seconds
[2025-10-21T14:59:43.462+0000] {processor.py:161} INFO - Started process (PID=14811) to work on /home/khaled/dbt-env/lib/python3.12/site-packages/airflow/example_dags/example_xcomargs.py
[2025-10-21T14:59:43.476+0000] {processor.py:830} INFO - Processing file /home/khaled/dbt-env/lib/python3.12/site-packages/airflow/example_dags/example_xcomargs.py for tasks to queue
[2025-10-21T14:59:43.478+0000] {logging_mixin.py:188} INFO - [2025-10-21T14:59:43.477+0000] {dagbag.py:545} INFO - Filling up the DagBag from /home/khaled/dbt-env/lib/python3.12/site-packages/airflow/example_dags/example_xcomargs.py
[2025-10-21T14:59:43.486+0000] {processor.py:840} INFO - DAG(s) 'example_xcom_args_with_operators', 'example_xcom_args' retrieved from /home/khaled/dbt-env/lib/python3.12/site-packages/airflow/example_dags/example_xcomargs.py
[2025-10-21T14:59:43.503+0000] {logging_mixin.py:188} INFO - [2025-10-21T14:59:43.503+0000] {dag.py:3089} INFO - Sync 2 DAGs
[2025-10-21T14:59:43.513+0000] {logging_mixin.py:188} INFO - [2025-10-21T14:59:43.513+0000] {dag.py:3947} INFO - Setting next_dagrun for example_xcom_args to None, run_after=None
[2025-10-21T14:59:43.516+0000] {logging_mixin.py:188} INFO - [2025-10-21T14:59:43.516+0000] {dag.py:3947} INFO - Setting next_dagrun for example_xcom_args_with_operators to None, run_after=None
[2025-10-21T14:59:43.538+0000] {processor.py:183} INFO - Processing /home/khaled/dbt-env/lib/python3.12/site-packages/airflow/example_dags/example_xcomargs.py took 0.091 seconds
[2025-10-21T15:00:35.334+0000] {processor.py:161} INFO - Started process (PID=14879) to work on /home/khaled/dbt-env/lib/python3.12/site-packages/airflow/example_dags/example_xcomargs.py
[2025-10-21T15:00:35.336+0000] {processor.py:830} INFO - Processing file /home/khaled/dbt-env/lib/python3.12/site-packages/airflow/example_dags/example_xcomargs.py for tasks to queue
[2025-10-21T15:00:35.338+0000] {logging_mixin.py:188} INFO - [2025-10-21T15:00:35.338+0000] {dagbag.py:545} INFO - Filling up the DagBag from /home/khaled/dbt-env/lib/python3.12/site-packages/airflow/example_dags/example_xcomargs.py
[2025-10-21T15:00:35.349+0000] {processor.py:840} INFO - DAG(s) 'example_xcom_args_with_operators', 'example_xcom_args' retrieved from /home/khaled/dbt-env/lib/python3.12/site-packages/airflow/example_dags/example_xcomargs.py
[2025-10-21T15:00:35.365+0000] {logging_mixin.py:188} INFO - [2025-10-21T15:00:35.364+0000] {dag.py:3089} INFO - Sync 2 DAGs
[2025-10-21T15:00:35.375+0000] {logging_mixin.py:188} INFO - [2025-10-21T15:00:35.375+0000] {dag.py:3947} INFO - Setting next_dagrun for example_xcom_args to None, run_after=None
[2025-10-21T15:00:35.379+0000] {logging_mixin.py:188} INFO - [2025-10-21T15:00:35.378+0000] {dag.py:3947} INFO - Setting next_dagrun for example_xcom_args_with_operators to None, run_after=None
[2025-10-21T15:00:35.428+0000] {processor.py:183} INFO - Processing /home/khaled/dbt-env/lib/python3.12/site-packages/airflow/example_dags/example_xcomargs.py took 0.100 seconds
[2025-10-21T15:01:26.439+0000] {processor.py:161} INFO - Started process (PID=15182) to work on /home/khaled/dbt-env/lib/python3.12/site-packages/airflow/example_dags/example_xcomargs.py
[2025-10-21T15:01:26.441+0000] {processor.py:830} INFO - Processing file /home/khaled/dbt-env/lib/python3.12/site-packages/airflow/example_dags/example_xcomargs.py for tasks to queue
[2025-10-21T15:01:26.442+0000] {logging_mixin.py:188} INFO - [2025-10-21T15:01:26.441+0000] {dagbag.py:545} INFO - Filling up the DagBag from /home/khaled/dbt-env/lib/python3.12/site-packages/airflow/example_dags/example_xcomargs.py
[2025-10-21T15:01:26.448+0000] {processor.py:840} INFO - DAG(s) 'example_xcom_args', 'example_xcom_args_with_operators' retrieved from /home/khaled/dbt-env/lib/python3.12/site-packages/airflow/example_dags/example_xcomargs.py
[2025-10-21T15:01:26.460+0000] {logging_mixin.py:188} INFO - [2025-10-21T15:01:26.460+0000] {dag.py:3089} INFO - Sync 2 DAGs
[2025-10-21T15:01:26.467+0000] {logging_mixin.py:188} INFO - [2025-10-21T15:01:26.467+0000] {dag.py:3947} INFO - Setting next_dagrun for example_xcom_args to None, run_after=None
[2025-10-21T15:01:26.469+0000] {logging_mixin.py:188} INFO - [2025-10-21T15:01:26.469+0000] {dag.py:3947} INFO - Setting next_dagrun for example_xcom_args_with_operators to None, run_after=None
[2025-10-21T15:01:26.487+0000] {processor.py:183} INFO - Processing /home/khaled/dbt-env/lib/python3.12/site-packages/airflow/example_dags/example_xcomargs.py took 0.052 seconds
[2025-10-21T15:02:22.483+0000] {processor.py:161} INFO - Started process (PID=15335) to work on /home/khaled/dbt-env/lib/python3.12/site-packages/airflow/example_dags/example_xcomargs.py
[2025-10-21T15:02:22.484+0000] {processor.py:830} INFO - Processing file /home/khaled/dbt-env/lib/python3.12/site-packages/airflow/example_dags/example_xcomargs.py for tasks to queue
[2025-10-21T15:02:22.485+0000] {logging_mixin.py:188} INFO - [2025-10-21T15:02:22.485+0000] {dagbag.py:545} INFO - Filling up the DagBag from /home/khaled/dbt-env/lib/python3.12/site-packages/airflow/example_dags/example_xcomargs.py
[2025-10-21T15:02:22.492+0000] {processor.py:840} INFO - DAG(s) 'example_xcom_args', 'example_xcom_args_with_operators' retrieved from /home/khaled/dbt-env/lib/python3.12/site-packages/airflow/example_dags/example_xcomargs.py
[2025-10-21T15:02:22.508+0000] {logging_mixin.py:188} INFO - [2025-10-21T15:02:22.508+0000] {dag.py:3089} INFO - Sync 2 DAGs
[2025-10-21T15:02:22.516+0000] {logging_mixin.py:188} INFO - [2025-10-21T15:02:22.516+0000] {dag.py:3947} INFO - Setting next_dagrun for example_xcom_args to None, run_after=None
[2025-10-21T15:02:22.519+0000] {logging_mixin.py:188} INFO - [2025-10-21T15:02:22.519+0000] {dag.py:3947} INFO - Setting next_dagrun for example_xcom_args_with_operators to None, run_after=None
[2025-10-21T15:02:22.551+0000] {processor.py:183} INFO - Processing /home/khaled/dbt-env/lib/python3.12/site-packages/airflow/example_dags/example_xcomargs.py took 0.073 seconds
