[2025-10-21T14:29:41.628+0000] {processor.py:161} INFO - Started process (PID=7678) to work on /home/khaled/dbt-env/lib/python3.12/site-packages/airflow/example_dags/example_branch_operator.py
[2025-10-21T14:29:41.629+0000] {processor.py:830} INFO - Processing file /home/khaled/dbt-env/lib/python3.12/site-packages/airflow/example_dags/example_branch_operator.py for tasks to queue
[2025-10-21T14:29:41.630+0000] {logging_mixin.py:188} INFO - [2025-10-21T14:29:41.630+0000] {dagbag.py:545} INFO - Filling up the DagBag from /home/khaled/dbt-env/lib/python3.12/site-packages/airflow/example_dags/example_branch_operator.py
[2025-10-21T14:29:41.632+0000] {processor.py:842} WARNING - No viable dags retrieved from /home/khaled/dbt-env/lib/python3.12/site-packages/airflow/example_dags/example_branch_operator.py
[2025-10-21T14:29:41.641+0000] {processor.py:183} INFO - Processing /home/khaled/dbt-env/lib/python3.12/site-packages/airflow/example_dags/example_branch_operator.py took 0.018 seconds
[2025-10-21T14:31:52.120+0000] {processor.py:161} INFO - Started process (PID=7801) to work on /home/khaled/dbt-env/lib/python3.12/site-packages/airflow/example_dags/example_branch_operator.py
[2025-10-21T14:31:52.131+0000] {processor.py:830} INFO - Processing file /home/khaled/dbt-env/lib/python3.12/site-packages/airflow/example_dags/example_branch_operator.py for tasks to queue
[2025-10-21T14:31:52.134+0000] {logging_mixin.py:188} INFO - [2025-10-21T14:31:52.133+0000] {dagbag.py:545} INFO - Filling up the DagBag from /home/khaled/dbt-env/lib/python3.12/site-packages/airflow/example_dags/example_branch_operator.py
[2025-10-21T14:31:52.136+0000] {processor.py:842} WARNING - No viable dags retrieved from /home/khaled/dbt-env/lib/python3.12/site-packages/airflow/example_dags/example_branch_operator.py
[2025-10-21T14:31:52.152+0000] {processor.py:183} INFO - Processing /home/khaled/dbt-env/lib/python3.12/site-packages/airflow/example_dags/example_branch_operator.py took 0.039 seconds
[2025-10-21T14:49:06.634+0000] {processor.py:161} INFO - Started process (PID=12395) to work on /home/khaled/dbt-env/lib/python3.12/site-packages/airflow/example_dags/example_branch_operator.py
[2025-10-21T14:49:06.645+0000] {processor.py:830} INFO - Processing file /home/khaled/dbt-env/lib/python3.12/site-packages/airflow/example_dags/example_branch_operator.py for tasks to queue
[2025-10-21T14:49:06.646+0000] {logging_mixin.py:188} INFO - [2025-10-21T14:49:06.646+0000] {dagbag.py:545} INFO - Filling up the DagBag from /home/khaled/dbt-env/lib/python3.12/site-packages/airflow/example_dags/example_branch_operator.py
[2025-10-21T14:49:06.648+0000] {processor.py:842} WARNING - No viable dags retrieved from /home/khaled/dbt-env/lib/python3.12/site-packages/airflow/example_dags/example_branch_operator.py
[2025-10-21T14:49:06.657+0000] {processor.py:183} INFO - Processing /home/khaled/dbt-env/lib/python3.12/site-packages/airflow/example_dags/example_branch_operator.py took 0.028 seconds
[2025-10-21T14:50:01.293+0000] {processor.py:161} INFO - Started process (PID=12729) to work on /home/khaled/dbt-env/lib/python3.12/site-packages/airflow/example_dags/example_branch_operator.py
[2025-10-21T14:50:01.294+0000] {processor.py:830} INFO - Processing file /home/khaled/dbt-env/lib/python3.12/site-packages/airflow/example_dags/example_branch_operator.py for tasks to queue
[2025-10-21T14:50:01.295+0000] {logging_mixin.py:188} INFO - [2025-10-21T14:50:01.295+0000] {dagbag.py:545} INFO - Filling up the DagBag from /home/khaled/dbt-env/lib/python3.12/site-packages/airflow/example_dags/example_branch_operator.py
[2025-10-21T14:50:01.297+0000] {processor.py:842} WARNING - No viable dags retrieved from /home/khaled/dbt-env/lib/python3.12/site-packages/airflow/example_dags/example_branch_operator.py
[2025-10-21T14:50:01.306+0000] {processor.py:183} INFO - Processing /home/khaled/dbt-env/lib/python3.12/site-packages/airflow/example_dags/example_branch_operator.py took 0.017 seconds
[2025-10-21T14:51:22.464+0000] {processor.py:161} INFO - Started process (PID=13228) to work on /home/khaled/dbt-env/lib/python3.12/site-packages/airflow/example_dags/example_branch_operator.py
[2025-10-21T14:51:22.476+0000] {processor.py:830} INFO - Processing file /home/khaled/dbt-env/lib/python3.12/site-packages/airflow/example_dags/example_branch_operator.py for tasks to queue
[2025-10-21T14:51:22.479+0000] {logging_mixin.py:188} INFO - [2025-10-21T14:51:22.478+0000] {dagbag.py:545} INFO - Filling up the DagBag from /home/khaled/dbt-env/lib/python3.12/site-packages/airflow/example_dags/example_branch_operator.py
[2025-10-21T14:51:22.485+0000] {processor.py:842} WARNING - No viable dags retrieved from /home/khaled/dbt-env/lib/python3.12/site-packages/airflow/example_dags/example_branch_operator.py
[2025-10-21T14:51:22.516+0000] {processor.py:183} INFO - Processing /home/khaled/dbt-env/lib/python3.12/site-packages/airflow/example_dags/example_branch_operator.py took 0.063 seconds
[2025-10-21T14:52:20.258+0000] {processor.py:161} INFO - Started process (PID=13425) to work on /home/khaled/dbt-env/lib/python3.12/site-packages/airflow/example_dags/example_branch_operator.py
[2025-10-21T14:52:20.270+0000] {processor.py:830} INFO - Processing file /home/khaled/dbt-env/lib/python3.12/site-packages/airflow/example_dags/example_branch_operator.py for tasks to queue
[2025-10-21T14:52:20.272+0000] {logging_mixin.py:188} INFO - [2025-10-21T14:52:20.272+0000] {dagbag.py:545} INFO - Filling up the DagBag from /home/khaled/dbt-env/lib/python3.12/site-packages/airflow/example_dags/example_branch_operator.py
[2025-10-21T14:52:20.275+0000] {processor.py:842} WARNING - No viable dags retrieved from /home/khaled/dbt-env/lib/python3.12/site-packages/airflow/example_dags/example_branch_operator.py
[2025-10-21T14:52:20.291+0000] {processor.py:183} INFO - Processing /home/khaled/dbt-env/lib/python3.12/site-packages/airflow/example_dags/example_branch_operator.py took 0.039 seconds
[2025-10-21T14:53:13.769+0000] {processor.py:161} INFO - Started process (PID=13794) to work on /home/khaled/dbt-env/lib/python3.12/site-packages/airflow/example_dags/example_branch_operator.py
[2025-10-21T14:53:13.770+0000] {processor.py:830} INFO - Processing file /home/khaled/dbt-env/lib/python3.12/site-packages/airflow/example_dags/example_branch_operator.py for tasks to queue
[2025-10-21T14:53:13.772+0000] {logging_mixin.py:188} INFO - [2025-10-21T14:53:13.771+0000] {dagbag.py:545} INFO - Filling up the DagBag from /home/khaled/dbt-env/lib/python3.12/site-packages/airflow/example_dags/example_branch_operator.py
[2025-10-21T14:53:13.774+0000] {processor.py:842} WARNING - No viable dags retrieved from /home/khaled/dbt-env/lib/python3.12/site-packages/airflow/example_dags/example_branch_operator.py
[2025-10-21T14:53:13.784+0000] {processor.py:183} INFO - Processing /home/khaled/dbt-env/lib/python3.12/site-packages/airflow/example_dags/example_branch_operator.py took 0.020 seconds
[2025-10-21T14:54:13.768+0000] {processor.py:161} INFO - Started process (PID=14140) to work on /home/khaled/dbt-env/lib/python3.12/site-packages/airflow/example_dags/example_branch_operator.py
[2025-10-21T14:54:13.769+0000] {processor.py:830} INFO - Processing file /home/khaled/dbt-env/lib/python3.12/site-packages/airflow/example_dags/example_branch_operator.py for tasks to queue
[2025-10-21T14:54:13.770+0000] {logging_mixin.py:188} INFO - [2025-10-21T14:54:13.770+0000] {dagbag.py:545} INFO - Filling up the DagBag from /home/khaled/dbt-env/lib/python3.12/site-packages/airflow/example_dags/example_branch_operator.py
[2025-10-21T14:54:13.772+0000] {processor.py:842} WARNING - No viable dags retrieved from /home/khaled/dbt-env/lib/python3.12/site-packages/airflow/example_dags/example_branch_operator.py
[2025-10-21T14:54:13.780+0000] {processor.py:183} INFO - Processing /home/khaled/dbt-env/lib/python3.12/site-packages/airflow/example_dags/example_branch_operator.py took 0.016 seconds
[2025-10-21T14:55:09.759+0000] {processor.py:161} INFO - Started process (PID=14363) to work on /home/khaled/dbt-env/lib/python3.12/site-packages/airflow/example_dags/example_branch_operator.py
[2025-10-21T14:55:09.760+0000] {processor.py:830} INFO - Processing file /home/khaled/dbt-env/lib/python3.12/site-packages/airflow/example_dags/example_branch_operator.py for tasks to queue
[2025-10-21T14:55:09.762+0000] {logging_mixin.py:188} INFO - [2025-10-21T14:55:09.761+0000] {dagbag.py:545} INFO - Filling up the DagBag from /home/khaled/dbt-env/lib/python3.12/site-packages/airflow/example_dags/example_branch_operator.py
[2025-10-21T14:55:09.764+0000] {processor.py:842} WARNING - No viable dags retrieved from /home/khaled/dbt-env/lib/python3.12/site-packages/airflow/example_dags/example_branch_operator.py
[2025-10-21T14:55:09.774+0000] {processor.py:183} INFO - Processing /home/khaled/dbt-env/lib/python3.12/site-packages/airflow/example_dags/example_branch_operator.py took 0.018 seconds
[2025-10-21T14:57:04.538+0000] {processor.py:161} INFO - Started process (PID=14712) to work on /home/khaled/dbt-env/lib/python3.12/site-packages/airflow/example_dags/example_branch_operator.py
[2025-10-21T14:57:04.541+0000] {processor.py:830} INFO - Processing file /home/khaled/dbt-env/lib/python3.12/site-packages/airflow/example_dags/example_branch_operator.py for tasks to queue
[2025-10-21T14:57:04.543+0000] {logging_mixin.py:188} INFO - [2025-10-21T14:57:04.542+0000] {dagbag.py:545} INFO - Filling up the DagBag from /home/khaled/dbt-env/lib/python3.12/site-packages/airflow/example_dags/example_branch_operator.py
[2025-10-21T14:57:04.546+0000] {processor.py:842} WARNING - No viable dags retrieved from /home/khaled/dbt-env/lib/python3.12/site-packages/airflow/example_dags/example_branch_operator.py
[2025-10-21T14:57:04.713+0000] {processor.py:183} INFO - Processing /home/khaled/dbt-env/lib/python3.12/site-packages/airflow/example_dags/example_branch_operator.py took 0.194 seconds
[2025-10-21T15:00:06.513+0000] {processor.py:161} INFO - Started process (PID=14839) to work on /home/khaled/dbt-env/lib/python3.12/site-packages/airflow/example_dags/example_branch_operator.py
[2025-10-21T15:00:06.515+0000] {processor.py:830} INFO - Processing file /home/khaled/dbt-env/lib/python3.12/site-packages/airflow/example_dags/example_branch_operator.py for tasks to queue
[2025-10-21T15:00:06.516+0000] {logging_mixin.py:188} INFO - [2025-10-21T15:00:06.516+0000] {dagbag.py:545} INFO - Filling up the DagBag from /home/khaled/dbt-env/lib/python3.12/site-packages/airflow/example_dags/example_branch_operator.py
[2025-10-21T15:00:06.518+0000] {processor.py:842} WARNING - No viable dags retrieved from /home/khaled/dbt-env/lib/python3.12/site-packages/airflow/example_dags/example_branch_operator.py
[2025-10-21T15:00:06.527+0000] {processor.py:183} INFO - Processing /home/khaled/dbt-env/lib/python3.12/site-packages/airflow/example_dags/example_branch_operator.py took 0.019 seconds
[2025-10-21T15:01:20.052+0000] {processor.py:161} INFO - Started process (PID=15156) to work on /home/khaled/dbt-env/lib/python3.12/site-packages/airflow/example_dags/example_branch_operator.py
[2025-10-21T15:01:20.061+0000] {processor.py:830} INFO - Processing file /home/khaled/dbt-env/lib/python3.12/site-packages/airflow/example_dags/example_branch_operator.py for tasks to queue
[2025-10-21T15:01:20.063+0000] {logging_mixin.py:188} INFO - [2025-10-21T15:01:20.062+0000] {dagbag.py:545} INFO - Filling up the DagBag from /home/khaled/dbt-env/lib/python3.12/site-packages/airflow/example_dags/example_branch_operator.py
[2025-10-21T15:01:20.065+0000] {processor.py:842} WARNING - No viable dags retrieved from /home/khaled/dbt-env/lib/python3.12/site-packages/airflow/example_dags/example_branch_operator.py
[2025-10-21T15:01:20.073+0000] {processor.py:183} INFO - Processing /home/khaled/dbt-env/lib/python3.12/site-packages/airflow/example_dags/example_branch_operator.py took 0.025 seconds
[2025-10-21T15:02:20.189+0000] {processor.py:161} INFO - Started process (PID=15333) to work on /home/khaled/dbt-env/lib/python3.12/site-packages/airflow/example_dags/example_branch_operator.py
[2025-10-21T15:02:20.206+0000] {processor.py:830} INFO - Processing file /home/khaled/dbt-env/lib/python3.12/site-packages/airflow/example_dags/example_branch_operator.py for tasks to queue
[2025-10-21T15:02:20.208+0000] {logging_mixin.py:188} INFO - [2025-10-21T15:02:20.207+0000] {dagbag.py:545} INFO - Filling up the DagBag from /home/khaled/dbt-env/lib/python3.12/site-packages/airflow/example_dags/example_branch_operator.py
[2025-10-21T15:02:20.210+0000] {processor.py:842} WARNING - No viable dags retrieved from /home/khaled/dbt-env/lib/python3.12/site-packages/airflow/example_dags/example_branch_operator.py
[2025-10-21T15:02:20.222+0000] {processor.py:183} INFO - Processing /home/khaled/dbt-env/lib/python3.12/site-packages/airflow/example_dags/example_branch_operator.py took 0.051 seconds
