[2025-10-21T14:29:37.376+0000] {processor.py:161} INFO - Started process (PID=7647) to work on /home/khaled/dbt-env/lib/python3.12/site-packages/airflow/example_dags/example_dag_decorator.py
[2025-10-21T14:29:37.377+0000] {processor.py:830} INFO - Processing file /home/khaled/dbt-env/lib/python3.12/site-packages/airflow/example_dags/example_dag_decorator.py for tasks to queue
[2025-10-21T14:29:37.379+0000] {logging_mixin.py:188} INFO - [2025-10-21T14:29:37.379+0000] {dagbag.py:545} INFO - Filling up the DagBag from /home/khaled/dbt-env/lib/python3.12/site-packages/airflow/example_dags/example_dag_decorator.py
[2025-10-21T14:29:37.476+0000] {processor.py:840} INFO - DAG(s) 'example_dag_decorator' retrieved from /home/khaled/dbt-env/lib/python3.12/site-packages/airflow/example_dags/example_dag_decorator.py
[2025-10-21T14:29:37.583+0000] {logging_mixin.py:188} INFO - [2025-10-21T14:29:37.583+0000] {override.py:1858} INFO - Created Permission View: can read on DAG:example_dag_decorator
[2025-10-21T14:29:37.599+0000] {logging_mixin.py:188} INFO - [2025-10-21T14:29:37.599+0000] {override.py:1858} INFO - Created Permission View: can edit on DAG:example_dag_decorator
[2025-10-21T14:29:37.615+0000] {logging_mixin.py:188} INFO - [2025-10-21T14:29:37.615+0000] {override.py:1858} INFO - Created Permission View: can delete on DAG:example_dag_decorator
[2025-10-21T14:29:37.616+0000] {logging_mixin.py:188} INFO - [2025-10-21T14:29:37.615+0000] {dag.py:3089} INFO - Sync 1 DAGs
[2025-10-21T14:29:37.625+0000] {logging_mixin.py:188} INFO - [2025-10-21T14:29:37.625+0000] {dag.py:3111} INFO - Creating ORM DAG for example_dag_decorator
[2025-10-21T14:29:37.626+0000] {logging_mixin.py:188} INFO - [2025-10-21T14:29:37.626+0000] {dag.py:3947} INFO - Setting next_dagrun for example_dag_decorator to None, run_after=None
[2025-10-21T14:29:37.695+0000] {processor.py:183} INFO - Processing /home/khaled/dbt-env/lib/python3.12/site-packages/airflow/example_dags/example_dag_decorator.py took 0.330 seconds
[2025-10-21T14:31:47.464+0000] {processor.py:161} INFO - Started process (PID=7797) to work on /home/khaled/dbt-env/lib/python3.12/site-packages/airflow/example_dags/example_dag_decorator.py
[2025-10-21T14:31:47.467+0000] {processor.py:830} INFO - Processing file /home/khaled/dbt-env/lib/python3.12/site-packages/airflow/example_dags/example_dag_decorator.py for tasks to queue
[2025-10-21T14:31:47.468+0000] {logging_mixin.py:188} INFO - [2025-10-21T14:31:47.468+0000] {dagbag.py:545} INFO - Filling up the DagBag from /home/khaled/dbt-env/lib/python3.12/site-packages/airflow/example_dags/example_dag_decorator.py
[2025-10-21T14:31:47.554+0000] {processor.py:840} INFO - DAG(s) 'example_dag_decorator' retrieved from /home/khaled/dbt-env/lib/python3.12/site-packages/airflow/example_dags/example_dag_decorator.py
[2025-10-21T14:31:47.628+0000] {logging_mixin.py:188} INFO - [2025-10-21T14:31:47.628+0000] {dag.py:3089} INFO - Sync 1 DAGs
[2025-10-21T14:31:47.634+0000] {logging_mixin.py:188} INFO - [2025-10-21T14:31:47.634+0000] {dag.py:3947} INFO - Setting next_dagrun for example_dag_decorator to None, run_after=None
[2025-10-21T14:31:47.656+0000] {processor.py:183} INFO - Processing /home/khaled/dbt-env/lib/python3.12/site-packages/airflow/example_dags/example_dag_decorator.py took 0.197 seconds
[2025-10-21T14:49:01.808+0000] {processor.py:161} INFO - Started process (PID=12388) to work on /home/khaled/dbt-env/lib/python3.12/site-packages/airflow/example_dags/example_dag_decorator.py
[2025-10-21T14:49:01.810+0000] {processor.py:830} INFO - Processing file /home/khaled/dbt-env/lib/python3.12/site-packages/airflow/example_dags/example_dag_decorator.py for tasks to queue
[2025-10-21T14:49:01.811+0000] {logging_mixin.py:188} INFO - [2025-10-21T14:49:01.811+0000] {dagbag.py:545} INFO - Filling up the DagBag from /home/khaled/dbt-env/lib/python3.12/site-packages/airflow/example_dags/example_dag_decorator.py
[2025-10-21T14:49:01.863+0000] {processor.py:840} INFO - DAG(s) 'example_dag_decorator' retrieved from /home/khaled/dbt-env/lib/python3.12/site-packages/airflow/example_dags/example_dag_decorator.py
[2025-10-21T14:49:01.929+0000] {logging_mixin.py:188} INFO - [2025-10-21T14:49:01.928+0000] {dag.py:3089} INFO - Sync 1 DAGs
[2025-10-21T14:49:01.935+0000] {logging_mixin.py:188} INFO - [2025-10-21T14:49:01.935+0000] {dag.py:3947} INFO - Setting next_dagrun for example_dag_decorator to None, run_after=None
[2025-10-21T14:49:01.964+0000] {processor.py:183} INFO - Processing /home/khaled/dbt-env/lib/python3.12/site-packages/airflow/example_dags/example_dag_decorator.py took 0.160 seconds
[2025-10-21T14:49:56.837+0000] {processor.py:161} INFO - Started process (PID=12684) to work on /home/khaled/dbt-env/lib/python3.12/site-packages/airflow/example_dags/example_dag_decorator.py
[2025-10-21T14:49:56.838+0000] {processor.py:830} INFO - Processing file /home/khaled/dbt-env/lib/python3.12/site-packages/airflow/example_dags/example_dag_decorator.py for tasks to queue
[2025-10-21T14:49:56.839+0000] {logging_mixin.py:188} INFO - [2025-10-21T14:49:56.839+0000] {dagbag.py:545} INFO - Filling up the DagBag from /home/khaled/dbt-env/lib/python3.12/site-packages/airflow/example_dags/example_dag_decorator.py
[2025-10-21T14:49:56.901+0000] {processor.py:840} INFO - DAG(s) 'example_dag_decorator' retrieved from /home/khaled/dbt-env/lib/python3.12/site-packages/airflow/example_dags/example_dag_decorator.py
[2025-10-21T14:49:56.984+0000] {logging_mixin.py:188} INFO - [2025-10-21T14:49:56.984+0000] {dag.py:3089} INFO - Sync 1 DAGs
[2025-10-21T14:49:56.991+0000] {logging_mixin.py:188} INFO - [2025-10-21T14:49:56.991+0000] {dag.py:3947} INFO - Setting next_dagrun for example_dag_decorator to None, run_after=None
[2025-10-21T14:49:57.013+0000] {processor.py:183} INFO - Processing /home/khaled/dbt-env/lib/python3.12/site-packages/airflow/example_dags/example_dag_decorator.py took 0.181 seconds
[2025-10-21T14:50:51.182+0000] {processor.py:161} INFO - Started process (PID=12973) to work on /home/khaled/dbt-env/lib/python3.12/site-packages/airflow/example_dags/example_dag_decorator.py
[2025-10-21T14:50:51.187+0000] {processor.py:830} INFO - Processing file /home/khaled/dbt-env/lib/python3.12/site-packages/airflow/example_dags/example_dag_decorator.py for tasks to queue
[2025-10-21T14:50:51.189+0000] {logging_mixin.py:188} INFO - [2025-10-21T14:50:51.188+0000] {dagbag.py:545} INFO - Filling up the DagBag from /home/khaled/dbt-env/lib/python3.12/site-packages/airflow/example_dags/example_dag_decorator.py
[2025-10-21T14:50:51.293+0000] {processor.py:840} INFO - DAG(s) 'example_dag_decorator' retrieved from /home/khaled/dbt-env/lib/python3.12/site-packages/airflow/example_dags/example_dag_decorator.py
[2025-10-21T14:50:51.319+0000] {logging_mixin.py:188} INFO - [2025-10-21T14:50:51.319+0000] {dag.py:3089} INFO - Sync 1 DAGs
[2025-10-21T14:50:51.336+0000] {logging_mixin.py:188} INFO - [2025-10-21T14:50:51.336+0000] {dag.py:3947} INFO - Setting next_dagrun for example_dag_decorator to None, run_after=None
[2025-10-21T14:50:51.392+0000] {processor.py:183} INFO - Processing /home/khaled/dbt-env/lib/python3.12/site-packages/airflow/example_dags/example_dag_decorator.py took 0.216 seconds
[2025-10-21T14:51:49.110+0000] {processor.py:161} INFO - Started process (PID=13285) to work on /home/khaled/dbt-env/lib/python3.12/site-packages/airflow/example_dags/example_dag_decorator.py
[2025-10-21T14:51:49.113+0000] {processor.py:830} INFO - Processing file /home/khaled/dbt-env/lib/python3.12/site-packages/airflow/example_dags/example_dag_decorator.py for tasks to queue
[2025-10-21T14:51:49.114+0000] {logging_mixin.py:188} INFO - [2025-10-21T14:51:49.114+0000] {dagbag.py:545} INFO - Filling up the DagBag from /home/khaled/dbt-env/lib/python3.12/site-packages/airflow/example_dags/example_dag_decorator.py
[2025-10-21T14:51:49.172+0000] {processor.py:840} INFO - DAG(s) 'example_dag_decorator' retrieved from /home/khaled/dbt-env/lib/python3.12/site-packages/airflow/example_dags/example_dag_decorator.py
[2025-10-21T14:51:49.340+0000] {logging_mixin.py:188} INFO - [2025-10-21T14:51:49.340+0000] {dag.py:3089} INFO - Sync 1 DAGs
[2025-10-21T14:51:49.346+0000] {logging_mixin.py:188} INFO - [2025-10-21T14:51:49.345+0000] {dag.py:3947} INFO - Setting next_dagrun for example_dag_decorator to None, run_after=None
[2025-10-21T14:51:49.376+0000] {processor.py:183} INFO - Processing /home/khaled/dbt-env/lib/python3.12/site-packages/airflow/example_dags/example_dag_decorator.py took 0.277 seconds
[2025-10-21T14:52:47.744+0000] {processor.py:161} INFO - Started process (PID=13554) to work on /home/khaled/dbt-env/lib/python3.12/site-packages/airflow/example_dags/example_dag_decorator.py
[2025-10-21T14:52:47.746+0000] {processor.py:830} INFO - Processing file /home/khaled/dbt-env/lib/python3.12/site-packages/airflow/example_dags/example_dag_decorator.py for tasks to queue
[2025-10-21T14:52:47.748+0000] {logging_mixin.py:188} INFO - [2025-10-21T14:52:47.747+0000] {dagbag.py:545} INFO - Filling up the DagBag from /home/khaled/dbt-env/lib/python3.12/site-packages/airflow/example_dags/example_dag_decorator.py
[2025-10-21T14:52:47.823+0000] {processor.py:840} INFO - DAG(s) 'example_dag_decorator' retrieved from /home/khaled/dbt-env/lib/python3.12/site-packages/airflow/example_dags/example_dag_decorator.py
[2025-10-21T14:52:47.978+0000] {logging_mixin.py:188} INFO - [2025-10-21T14:52:47.978+0000] {dag.py:3089} INFO - Sync 1 DAGs
[2025-10-21T14:52:47.983+0000] {logging_mixin.py:188} INFO - [2025-10-21T14:52:47.983+0000] {dag.py:3947} INFO - Setting next_dagrun for example_dag_decorator to None, run_after=None
[2025-10-21T14:52:48.006+0000] {processor.py:183} INFO - Processing /home/khaled/dbt-env/lib/python3.12/site-packages/airflow/example_dags/example_dag_decorator.py took 0.267 seconds
[2025-10-21T14:53:43.686+0000] {processor.py:161} INFO - Started process (PID=13999) to work on /home/khaled/dbt-env/lib/python3.12/site-packages/airflow/example_dags/example_dag_decorator.py
[2025-10-21T14:53:43.687+0000] {processor.py:830} INFO - Processing file /home/khaled/dbt-env/lib/python3.12/site-packages/airflow/example_dags/example_dag_decorator.py for tasks to queue
[2025-10-21T14:53:43.689+0000] {logging_mixin.py:188} INFO - [2025-10-21T14:53:43.688+0000] {dagbag.py:545} INFO - Filling up the DagBag from /home/khaled/dbt-env/lib/python3.12/site-packages/airflow/example_dags/example_dag_decorator.py
[2025-10-21T14:53:43.829+0000] {processor.py:840} INFO - DAG(s) 'example_dag_decorator' retrieved from /home/khaled/dbt-env/lib/python3.12/site-packages/airflow/example_dags/example_dag_decorator.py
[2025-10-21T14:53:43.890+0000] {logging_mixin.py:188} INFO - [2025-10-21T14:53:43.890+0000] {dag.py:3089} INFO - Sync 1 DAGs
[2025-10-21T14:53:43.895+0000] {logging_mixin.py:188} INFO - [2025-10-21T14:53:43.895+0000] {dag.py:3947} INFO - Setting next_dagrun for example_dag_decorator to None, run_after=None
[2025-10-21T14:53:43.926+0000] {processor.py:183} INFO - Processing /home/khaled/dbt-env/lib/python3.12/site-packages/airflow/example_dags/example_dag_decorator.py took 0.243 seconds
[2025-10-21T14:54:42.077+0000] {processor.py:161} INFO - Started process (PID=14267) to work on /home/khaled/dbt-env/lib/python3.12/site-packages/airflow/example_dags/example_dag_decorator.py
[2025-10-21T14:54:42.079+0000] {processor.py:830} INFO - Processing file /home/khaled/dbt-env/lib/python3.12/site-packages/airflow/example_dags/example_dag_decorator.py for tasks to queue
[2025-10-21T14:54:42.081+0000] {logging_mixin.py:188} INFO - [2025-10-21T14:54:42.081+0000] {dagbag.py:545} INFO - Filling up the DagBag from /home/khaled/dbt-env/lib/python3.12/site-packages/airflow/example_dags/example_dag_decorator.py
[2025-10-21T14:54:42.183+0000] {processor.py:840} INFO - DAG(s) 'example_dag_decorator' retrieved from /home/khaled/dbt-env/lib/python3.12/site-packages/airflow/example_dags/example_dag_decorator.py
[2025-10-21T14:54:42.386+0000] {logging_mixin.py:188} INFO - [2025-10-21T14:54:42.385+0000] {dag.py:3089} INFO - Sync 1 DAGs
[2025-10-21T14:54:42.392+0000] {logging_mixin.py:188} INFO - [2025-10-21T14:54:42.392+0000] {dag.py:3947} INFO - Setting next_dagrun for example_dag_decorator to None, run_after=None
[2025-10-21T14:54:42.456+0000] {processor.py:183} INFO - Processing /home/khaled/dbt-env/lib/python3.12/site-packages/airflow/example_dags/example_dag_decorator.py took 0.385 seconds
[2025-10-21T14:55:34.690+0000] {processor.py:161} INFO - Started process (PID=14483) to work on /home/khaled/dbt-env/lib/python3.12/site-packages/airflow/example_dags/example_dag_decorator.py
[2025-10-21T14:55:34.692+0000] {processor.py:830} INFO - Processing file /home/khaled/dbt-env/lib/python3.12/site-packages/airflow/example_dags/example_dag_decorator.py for tasks to queue
[2025-10-21T14:55:34.694+0000] {logging_mixin.py:188} INFO - [2025-10-21T14:55:34.693+0000] {dagbag.py:545} INFO - Filling up the DagBag from /home/khaled/dbt-env/lib/python3.12/site-packages/airflow/example_dags/example_dag_decorator.py
[2025-10-21T14:55:34.925+0000] {processor.py:840} INFO - DAG(s) 'example_dag_decorator' retrieved from /home/khaled/dbt-env/lib/python3.12/site-packages/airflow/example_dags/example_dag_decorator.py
[2025-10-21T14:55:34.997+0000] {logging_mixin.py:188} INFO - [2025-10-21T14:55:34.997+0000] {dag.py:3089} INFO - Sync 1 DAGs
[2025-10-21T14:55:35.005+0000] {logging_mixin.py:188} INFO - [2025-10-21T14:55:35.005+0000] {dag.py:3947} INFO - Setting next_dagrun for example_dag_decorator to None, run_after=None
[2025-10-21T14:55:35.039+0000] {processor.py:183} INFO - Processing /home/khaled/dbt-env/lib/python3.12/site-packages/airflow/example_dags/example_dag_decorator.py took 0.365 seconds
[2025-10-21T14:56:59.209+0000] {processor.py:161} INFO - Started process (PID=14707) to work on /home/khaled/dbt-env/lib/python3.12/site-packages/airflow/example_dags/example_dag_decorator.py
[2025-10-21T14:56:59.210+0000] {processor.py:830} INFO - Processing file /home/khaled/dbt-env/lib/python3.12/site-packages/airflow/example_dags/example_dag_decorator.py for tasks to queue
[2025-10-21T14:56:59.212+0000] {logging_mixin.py:188} INFO - [2025-10-21T14:56:59.211+0000] {dagbag.py:545} INFO - Filling up the DagBag from /home/khaled/dbt-env/lib/python3.12/site-packages/airflow/example_dags/example_dag_decorator.py
[2025-10-21T14:56:59.292+0000] {processor.py:840} INFO - DAG(s) 'example_dag_decorator' retrieved from /home/khaled/dbt-env/lib/python3.12/site-packages/airflow/example_dags/example_dag_decorator.py
[2025-10-21T14:56:59.417+0000] {logging_mixin.py:188} INFO - [2025-10-21T14:56:59.416+0000] {dag.py:3089} INFO - Sync 1 DAGs
[2025-10-21T14:56:59.423+0000] {logging_mixin.py:188} INFO - [2025-10-21T14:56:59.422+0000] {dag.py:3947} INFO - Setting next_dagrun for example_dag_decorator to None, run_after=None
[2025-10-21T14:56:59.461+0000] {processor.py:183} INFO - Processing /home/khaled/dbt-env/lib/python3.12/site-packages/airflow/example_dags/example_dag_decorator.py took 0.258 seconds
[2025-10-21T15:00:02.544+0000] {processor.py:161} INFO - Started process (PID=14834) to work on /home/khaled/dbt-env/lib/python3.12/site-packages/airflow/example_dags/example_dag_decorator.py
[2025-10-21T15:00:02.557+0000] {processor.py:830} INFO - Processing file /home/khaled/dbt-env/lib/python3.12/site-packages/airflow/example_dags/example_dag_decorator.py for tasks to queue
[2025-10-21T15:00:02.558+0000] {logging_mixin.py:188} INFO - [2025-10-21T15:00:02.558+0000] {dagbag.py:545} INFO - Filling up the DagBag from /home/khaled/dbt-env/lib/python3.12/site-packages/airflow/example_dags/example_dag_decorator.py
[2025-10-21T15:00:02.613+0000] {processor.py:840} INFO - DAG(s) 'example_dag_decorator' retrieved from /home/khaled/dbt-env/lib/python3.12/site-packages/airflow/example_dags/example_dag_decorator.py
[2025-10-21T15:00:02.681+0000] {logging_mixin.py:188} INFO - [2025-10-21T15:00:02.681+0000] {dag.py:3089} INFO - Sync 1 DAGs
[2025-10-21T15:00:02.687+0000] {logging_mixin.py:188} INFO - [2025-10-21T15:00:02.687+0000] {dag.py:3947} INFO - Setting next_dagrun for example_dag_decorator to None, run_after=None
[2025-10-21T15:00:02.707+0000] {processor.py:183} INFO - Processing /home/khaled/dbt-env/lib/python3.12/site-packages/airflow/example_dags/example_dag_decorator.py took 0.168 seconds
[2025-10-21T15:00:57.821+0000] {processor.py:161} INFO - Started process (PID=15069) to work on /home/khaled/dbt-env/lib/python3.12/site-packages/airflow/example_dags/example_dag_decorator.py
[2025-10-21T15:00:57.822+0000] {processor.py:830} INFO - Processing file /home/khaled/dbt-env/lib/python3.12/site-packages/airflow/example_dags/example_dag_decorator.py for tasks to queue
[2025-10-21T15:00:57.826+0000] {logging_mixin.py:188} INFO - [2025-10-21T15:00:57.825+0000] {dagbag.py:545} INFO - Filling up the DagBag from /home/khaled/dbt-env/lib/python3.12/site-packages/airflow/example_dags/example_dag_decorator.py
[2025-10-21T15:00:57.886+0000] {processor.py:840} INFO - DAG(s) 'example_dag_decorator' retrieved from /home/khaled/dbt-env/lib/python3.12/site-packages/airflow/example_dags/example_dag_decorator.py
[2025-10-21T15:00:57.966+0000] {logging_mixin.py:188} INFO - [2025-10-21T15:00:57.965+0000] {dag.py:3089} INFO - Sync 1 DAGs
[2025-10-21T15:00:57.974+0000] {logging_mixin.py:188} INFO - [2025-10-21T15:00:57.973+0000] {dag.py:3947} INFO - Setting next_dagrun for example_dag_decorator to None, run_after=None
[2025-10-21T15:00:58.011+0000] {processor.py:183} INFO - Processing /home/khaled/dbt-env/lib/python3.12/site-packages/airflow/example_dags/example_dag_decorator.py took 0.197 seconds
[2025-10-21T15:02:16.130+0000] {processor.py:161} INFO - Started process (PID=15329) to work on /home/khaled/dbt-env/lib/python3.12/site-packages/airflow/example_dags/example_dag_decorator.py
[2025-10-21T15:02:16.131+0000] {processor.py:830} INFO - Processing file /home/khaled/dbt-env/lib/python3.12/site-packages/airflow/example_dags/example_dag_decorator.py for tasks to queue
[2025-10-21T15:02:16.133+0000] {logging_mixin.py:188} INFO - [2025-10-21T15:02:16.133+0000] {dagbag.py:545} INFO - Filling up the DagBag from /home/khaled/dbt-env/lib/python3.12/site-packages/airflow/example_dags/example_dag_decorator.py
[2025-10-21T15:02:16.238+0000] {processor.py:840} INFO - DAG(s) 'example_dag_decorator' retrieved from /home/khaled/dbt-env/lib/python3.12/site-packages/airflow/example_dags/example_dag_decorator.py
[2025-10-21T15:02:16.423+0000] {logging_mixin.py:188} INFO - [2025-10-21T15:02:16.422+0000] {dag.py:3089} INFO - Sync 1 DAGs
[2025-10-21T15:02:16.430+0000] {logging_mixin.py:188} INFO - [2025-10-21T15:02:16.430+0000] {dag.py:3947} INFO - Setting next_dagrun for example_dag_decorator to None, run_after=None
[2025-10-21T15:02:16.476+0000] {processor.py:183} INFO - Processing /home/khaled/dbt-env/lib/python3.12/site-packages/airflow/example_dags/example_dag_decorator.py took 0.349 seconds
