[2025-10-21T14:29:11.318+0000] {processor.py:161} INFO - Started process (PID=7541) to work on /home/khaled/dbt-env/lib/python3.12/site-packages/airflow/example_dags/example_sensors.py
[2025-10-21T14:29:11.318+0000] {processor.py:830} INFO - Processing file /home/khaled/dbt-env/lib/python3.12/site-packages/airflow/example_dags/example_sensors.py for tasks to queue
[2025-10-21T14:29:11.320+0000] {logging_mixin.py:188} INFO - [2025-10-21T14:29:11.319+0000] {dagbag.py:545} INFO - Filling up the DagBag from /home/khaled/dbt-env/lib/python3.12/site-packages/airflow/example_dags/example_sensors.py
[2025-10-21T14:29:11.326+0000] {processor.py:840} INFO - DAG(s) 'example_sensors' retrieved from /home/khaled/dbt-env/lib/python3.12/site-packages/airflow/example_dags/example_sensors.py
[2025-10-21T14:29:11.416+0000] {logging_mixin.py:188} INFO - [2025-10-21T14:29:11.416+0000] {override.py:1858} INFO - Created Permission View: can read on DAG:example_sensors
[2025-10-21T14:29:11.427+0000] {logging_mixin.py:188} INFO - [2025-10-21T14:29:11.427+0000] {override.py:1858} INFO - Created Permission View: can edit on DAG:example_sensors
[2025-10-21T14:29:11.437+0000] {logging_mixin.py:188} INFO - [2025-10-21T14:29:11.436+0000] {override.py:1858} INFO - Created Permission View: can delete on DAG:example_sensors
[2025-10-21T14:29:11.437+0000] {logging_mixin.py:188} INFO - [2025-10-21T14:29:11.437+0000] {dag.py:3089} INFO - Sync 1 DAGs
[2025-10-21T14:29:11.452+0000] {logging_mixin.py:188} INFO - [2025-10-21T14:29:11.451+0000] {dag.py:3111} INFO - Creating ORM DAG for example_sensors
[2025-10-21T14:29:11.453+0000] {logging_mixin.py:188} INFO - [2025-10-21T14:29:11.452+0000] {dag.py:3947} INFO - Setting next_dagrun for example_sensors to None, run_after=None
[2025-10-21T14:29:11.506+0000] {processor.py:183} INFO - Processing /home/khaled/dbt-env/lib/python3.12/site-packages/airflow/example_dags/example_sensors.py took 0.191 seconds
[2025-10-21T14:30:45.920+0000] {processor.py:161} INFO - Started process (PID=7743) to work on /home/khaled/dbt-env/lib/python3.12/site-packages/airflow/example_dags/example_sensors.py
[2025-10-21T14:30:45.932+0000] {processor.py:830} INFO - Processing file /home/khaled/dbt-env/lib/python3.12/site-packages/airflow/example_dags/example_sensors.py for tasks to queue
[2025-10-21T14:30:45.939+0000] {logging_mixin.py:188} INFO - [2025-10-21T14:30:45.937+0000] {dagbag.py:545} INFO - Filling up the DagBag from /home/khaled/dbt-env/lib/python3.12/site-packages/airflow/example_dags/example_sensors.py
[2025-10-21T14:30:46.043+0000] {processor.py:840} INFO - DAG(s) 'example_sensors' retrieved from /home/khaled/dbt-env/lib/python3.12/site-packages/airflow/example_dags/example_sensors.py
[2025-10-21T14:30:46.195+0000] {logging_mixin.py:188} INFO - [2025-10-21T14:30:46.194+0000] {dag.py:3089} INFO - Sync 1 DAGs
[2025-10-21T14:30:46.259+0000] {logging_mixin.py:188} INFO - [2025-10-21T14:30:46.258+0000] {dag.py:3947} INFO - Setting next_dagrun for example_sensors to None, run_after=None
[2025-10-21T14:30:46.710+0000] {processor.py:183} INFO - Processing /home/khaled/dbt-env/lib/python3.12/site-packages/airflow/example_dags/example_sensors.py took 0.845 seconds
[2025-10-21T14:48:42.810+0000] {processor.py:161} INFO - Started process (PID=12276) to work on /home/khaled/dbt-env/lib/python3.12/site-packages/airflow/example_dags/example_sensors.py
[2025-10-21T14:48:42.835+0000] {processor.py:830} INFO - Processing file /home/khaled/dbt-env/lib/python3.12/site-packages/airflow/example_dags/example_sensors.py for tasks to queue
[2025-10-21T14:48:42.844+0000] {logging_mixin.py:188} INFO - [2025-10-21T14:48:42.842+0000] {dagbag.py:545} INFO - Filling up the DagBag from /home/khaled/dbt-env/lib/python3.12/site-packages/airflow/example_dags/example_sensors.py
[2025-10-21T14:48:42.858+0000] {processor.py:840} INFO - DAG(s) 'example_sensors' retrieved from /home/khaled/dbt-env/lib/python3.12/site-packages/airflow/example_dags/example_sensors.py
[2025-10-21T14:48:42.888+0000] {logging_mixin.py:188} INFO - [2025-10-21T14:48:42.888+0000] {dag.py:3089} INFO - Sync 1 DAGs
[2025-10-21T14:48:42.953+0000] {logging_mixin.py:188} INFO - [2025-10-21T14:48:42.953+0000] {dag.py:3947} INFO - Setting next_dagrun for example_sensors to None, run_after=None
[2025-10-21T14:48:43.061+0000] {processor.py:183} INFO - Processing /home/khaled/dbt-env/lib/python3.12/site-packages/airflow/example_dags/example_sensors.py took 0.284 seconds
[2025-10-21T14:49:40.222+0000] {processor.py:161} INFO - Started process (PID=12620) to work on /home/khaled/dbt-env/lib/python3.12/site-packages/airflow/example_dags/example_sensors.py
[2025-10-21T14:49:40.224+0000] {processor.py:830} INFO - Processing file /home/khaled/dbt-env/lib/python3.12/site-packages/airflow/example_dags/example_sensors.py for tasks to queue
[2025-10-21T14:49:40.225+0000] {logging_mixin.py:188} INFO - [2025-10-21T14:49:40.225+0000] {dagbag.py:545} INFO - Filling up the DagBag from /home/khaled/dbt-env/lib/python3.12/site-packages/airflow/example_dags/example_sensors.py
[2025-10-21T14:49:40.232+0000] {processor.py:840} INFO - DAG(s) 'example_sensors' retrieved from /home/khaled/dbt-env/lib/python3.12/site-packages/airflow/example_dags/example_sensors.py
[2025-10-21T14:49:40.251+0000] {logging_mixin.py:188} INFO - [2025-10-21T14:49:40.251+0000] {dag.py:3089} INFO - Sync 1 DAGs
[2025-10-21T14:49:40.261+0000] {logging_mixin.py:188} INFO - [2025-10-21T14:49:40.260+0000] {dag.py:3947} INFO - Setting next_dagrun for example_sensors to None, run_after=None
[2025-10-21T14:49:40.288+0000] {processor.py:183} INFO - Processing /home/khaled/dbt-env/lib/python3.12/site-packages/airflow/example_dags/example_sensors.py took 0.071 seconds
[2025-10-21T14:50:34.299+0000] {processor.py:161} INFO - Started process (PID=12904) to work on /home/khaled/dbt-env/lib/python3.12/site-packages/airflow/example_dags/example_sensors.py
[2025-10-21T14:50:34.301+0000] {processor.py:830} INFO - Processing file /home/khaled/dbt-env/lib/python3.12/site-packages/airflow/example_dags/example_sensors.py for tasks to queue
[2025-10-21T14:50:34.302+0000] {logging_mixin.py:188} INFO - [2025-10-21T14:50:34.302+0000] {dagbag.py:545} INFO - Filling up the DagBag from /home/khaled/dbt-env/lib/python3.12/site-packages/airflow/example_dags/example_sensors.py
[2025-10-21T14:50:34.308+0000] {processor.py:840} INFO - DAG(s) 'example_sensors' retrieved from /home/khaled/dbt-env/lib/python3.12/site-packages/airflow/example_dags/example_sensors.py
[2025-10-21T14:50:34.321+0000] {logging_mixin.py:188} INFO - [2025-10-21T14:50:34.321+0000] {dag.py:3089} INFO - Sync 1 DAGs
[2025-10-21T14:50:34.328+0000] {logging_mixin.py:188} INFO - [2025-10-21T14:50:34.327+0000] {dag.py:3947} INFO - Setting next_dagrun for example_sensors to None, run_after=None
[2025-10-21T14:50:34.358+0000] {processor.py:183} INFO - Processing /home/khaled/dbt-env/lib/python3.12/site-packages/airflow/example_dags/example_sensors.py took 0.063 seconds
[2025-10-21T14:51:30.658+0000] {processor.py:161} INFO - Started process (PID=13242) to work on /home/khaled/dbt-env/lib/python3.12/site-packages/airflow/example_dags/example_sensors.py
[2025-10-21T14:51:30.659+0000] {processor.py:830} INFO - Processing file /home/khaled/dbt-env/lib/python3.12/site-packages/airflow/example_dags/example_sensors.py for tasks to queue
[2025-10-21T14:51:30.661+0000] {logging_mixin.py:188} INFO - [2025-10-21T14:51:30.660+0000] {dagbag.py:545} INFO - Filling up the DagBag from /home/khaled/dbt-env/lib/python3.12/site-packages/airflow/example_dags/example_sensors.py
[2025-10-21T14:51:30.668+0000] {processor.py:840} INFO - DAG(s) 'example_sensors' retrieved from /home/khaled/dbt-env/lib/python3.12/site-packages/airflow/example_dags/example_sensors.py
[2025-10-21T14:51:30.688+0000] {logging_mixin.py:188} INFO - [2025-10-21T14:51:30.688+0000] {dag.py:3089} INFO - Sync 1 DAGs
[2025-10-21T14:51:30.699+0000] {logging_mixin.py:188} INFO - [2025-10-21T14:51:30.698+0000] {dag.py:3947} INFO - Setting next_dagrun for example_sensors to None, run_after=None
[2025-10-21T14:51:30.778+0000] {processor.py:183} INFO - Processing /home/khaled/dbt-env/lib/python3.12/site-packages/airflow/example_dags/example_sensors.py took 0.124 seconds
[2025-10-21T14:52:29.423+0000] {processor.py:161} INFO - Started process (PID=13481) to work on /home/khaled/dbt-env/lib/python3.12/site-packages/airflow/example_dags/example_sensors.py
[2025-10-21T14:52:29.434+0000] {processor.py:830} INFO - Processing file /home/khaled/dbt-env/lib/python3.12/site-packages/airflow/example_dags/example_sensors.py for tasks to queue
[2025-10-21T14:52:29.436+0000] {logging_mixin.py:188} INFO - [2025-10-21T14:52:29.435+0000] {dagbag.py:545} INFO - Filling up the DagBag from /home/khaled/dbt-env/lib/python3.12/site-packages/airflow/example_dags/example_sensors.py
[2025-10-21T14:52:29.442+0000] {processor.py:840} INFO - DAG(s) 'example_sensors' retrieved from /home/khaled/dbt-env/lib/python3.12/site-packages/airflow/example_dags/example_sensors.py
[2025-10-21T14:52:29.455+0000] {logging_mixin.py:188} INFO - [2025-10-21T14:52:29.455+0000] {dag.py:3089} INFO - Sync 1 DAGs
[2025-10-21T14:52:29.462+0000] {logging_mixin.py:188} INFO - [2025-10-21T14:52:29.462+0000] {dag.py:3947} INFO - Setting next_dagrun for example_sensors to None, run_after=None
[2025-10-21T14:52:29.483+0000] {processor.py:183} INFO - Processing /home/khaled/dbt-env/lib/python3.12/site-packages/airflow/example_dags/example_sensors.py took 0.064 seconds
[2025-10-21T14:53:26.153+0000] {processor.py:161} INFO - Started process (PID=13935) to work on /home/khaled/dbt-env/lib/python3.12/site-packages/airflow/example_dags/example_sensors.py
[2025-10-21T14:53:26.165+0000] {processor.py:830} INFO - Processing file /home/khaled/dbt-env/lib/python3.12/site-packages/airflow/example_dags/example_sensors.py for tasks to queue
[2025-10-21T14:53:26.167+0000] {logging_mixin.py:188} INFO - [2025-10-21T14:53:26.166+0000] {dagbag.py:545} INFO - Filling up the DagBag from /home/khaled/dbt-env/lib/python3.12/site-packages/airflow/example_dags/example_sensors.py
[2025-10-21T14:53:26.174+0000] {processor.py:840} INFO - DAG(s) 'example_sensors' retrieved from /home/khaled/dbt-env/lib/python3.12/site-packages/airflow/example_dags/example_sensors.py
[2025-10-21T14:53:26.190+0000] {logging_mixin.py:188} INFO - [2025-10-21T14:53:26.190+0000] {dag.py:3089} INFO - Sync 1 DAGs
[2025-10-21T14:53:26.199+0000] {logging_mixin.py:188} INFO - [2025-10-21T14:53:26.199+0000] {dag.py:3947} INFO - Setting next_dagrun for example_sensors to None, run_after=None
[2025-10-21T14:53:26.225+0000] {processor.py:183} INFO - Processing /home/khaled/dbt-env/lib/python3.12/site-packages/airflow/example_dags/example_sensors.py took 0.076 seconds
[2025-10-21T14:54:23.432+0000] {processor.py:161} INFO - Started process (PID=14164) to work on /home/khaled/dbt-env/lib/python3.12/site-packages/airflow/example_dags/example_sensors.py
[2025-10-21T14:54:23.433+0000] {processor.py:830} INFO - Processing file /home/khaled/dbt-env/lib/python3.12/site-packages/airflow/example_dags/example_sensors.py for tasks to queue
[2025-10-21T14:54:23.434+0000] {logging_mixin.py:188} INFO - [2025-10-21T14:54:23.434+0000] {dagbag.py:545} INFO - Filling up the DagBag from /home/khaled/dbt-env/lib/python3.12/site-packages/airflow/example_dags/example_sensors.py
[2025-10-21T14:54:23.440+0000] {processor.py:840} INFO - DAG(s) 'example_sensors' retrieved from /home/khaled/dbt-env/lib/python3.12/site-packages/airflow/example_dags/example_sensors.py
[2025-10-21T14:54:23.454+0000] {logging_mixin.py:188} INFO - [2025-10-21T14:54:23.454+0000] {dag.py:3089} INFO - Sync 1 DAGs
[2025-10-21T14:54:23.463+0000] {logging_mixin.py:188} INFO - [2025-10-21T14:54:23.463+0000] {dag.py:3947} INFO - Setting next_dagrun for example_sensors to None, run_after=None
[2025-10-21T14:54:23.499+0000] {processor.py:183} INFO - Processing /home/khaled/dbt-env/lib/python3.12/site-packages/airflow/example_dags/example_sensors.py took 0.072 seconds
[2025-10-21T14:55:18.569+0000] {processor.py:161} INFO - Started process (PID=14396) to work on /home/khaled/dbt-env/lib/python3.12/site-packages/airflow/example_dags/example_sensors.py
[2025-10-21T14:55:18.570+0000] {processor.py:830} INFO - Processing file /home/khaled/dbt-env/lib/python3.12/site-packages/airflow/example_dags/example_sensors.py for tasks to queue
[2025-10-21T14:55:18.571+0000] {logging_mixin.py:188} INFO - [2025-10-21T14:55:18.571+0000] {dagbag.py:545} INFO - Filling up the DagBag from /home/khaled/dbt-env/lib/python3.12/site-packages/airflow/example_dags/example_sensors.py
[2025-10-21T14:55:18.577+0000] {processor.py:840} INFO - DAG(s) 'example_sensors' retrieved from /home/khaled/dbt-env/lib/python3.12/site-packages/airflow/example_dags/example_sensors.py
[2025-10-21T14:55:18.592+0000] {logging_mixin.py:188} INFO - [2025-10-21T14:55:18.592+0000] {dag.py:3089} INFO - Sync 1 DAGs
[2025-10-21T14:55:18.600+0000] {logging_mixin.py:188} INFO - [2025-10-21T14:55:18.599+0000] {dag.py:3947} INFO - Setting next_dagrun for example_sensors to None, run_after=None
[2025-10-21T14:55:18.619+0000] {processor.py:183} INFO - Processing /home/khaled/dbt-env/lib/python3.12/site-packages/airflow/example_dags/example_sensors.py took 0.054 seconds
[2025-10-21T14:56:42.306+0000] {processor.py:161} INFO - Started process (PID=14679) to work on /home/khaled/dbt-env/lib/python3.12/site-packages/airflow/example_dags/example_sensors.py
[2025-10-21T14:56:42.318+0000] {processor.py:830} INFO - Processing file /home/khaled/dbt-env/lib/python3.12/site-packages/airflow/example_dags/example_sensors.py for tasks to queue
[2025-10-21T14:56:42.319+0000] {logging_mixin.py:188} INFO - [2025-10-21T14:56:42.319+0000] {dagbag.py:545} INFO - Filling up the DagBag from /home/khaled/dbt-env/lib/python3.12/site-packages/airflow/example_dags/example_sensors.py
[2025-10-21T14:56:42.326+0000] {processor.py:840} INFO - DAG(s) 'example_sensors' retrieved from /home/khaled/dbt-env/lib/python3.12/site-packages/airflow/example_dags/example_sensors.py
[2025-10-21T14:56:42.350+0000] {logging_mixin.py:188} INFO - [2025-10-21T14:56:42.349+0000] {dag.py:3089} INFO - Sync 1 DAGs
[2025-10-21T14:56:42.368+0000] {logging_mixin.py:188} INFO - [2025-10-21T14:56:42.367+0000] {dag.py:3947} INFO - Setting next_dagrun for example_sensors to None, run_after=None
[2025-10-21T14:56:42.400+0000] {processor.py:183} INFO - Processing /home/khaled/dbt-env/lib/python3.12/site-packages/airflow/example_dags/example_sensors.py took 0.100 seconds
[2025-10-21T14:59:09.758+0000] {processor.py:161} INFO - Started process (PID=14787) to work on /home/khaled/dbt-env/lib/python3.12/site-packages/airflow/example_dags/example_sensors.py
[2025-10-21T14:59:09.763+0000] {processor.py:830} INFO - Processing file /home/khaled/dbt-env/lib/python3.12/site-packages/airflow/example_dags/example_sensors.py for tasks to queue
[2025-10-21T14:59:09.764+0000] {logging_mixin.py:188} INFO - [2025-10-21T14:59:09.764+0000] {dagbag.py:545} INFO - Filling up the DagBag from /home/khaled/dbt-env/lib/python3.12/site-packages/airflow/example_dags/example_sensors.py
[2025-10-21T14:59:09.770+0000] {processor.py:840} INFO - DAG(s) 'example_sensors' retrieved from /home/khaled/dbt-env/lib/python3.12/site-packages/airflow/example_dags/example_sensors.py
[2025-10-21T14:59:09.785+0000] {logging_mixin.py:188} INFO - [2025-10-21T14:59:09.785+0000] {dag.py:3089} INFO - Sync 1 DAGs
[2025-10-21T14:59:09.792+0000] {logging_mixin.py:188} INFO - [2025-10-21T14:59:09.792+0000] {dag.py:3947} INFO - Setting next_dagrun for example_sensors to None, run_after=None
[2025-10-21T14:59:09.813+0000] {processor.py:183} INFO - Processing /home/khaled/dbt-env/lib/python3.12/site-packages/airflow/example_dags/example_sensors.py took 0.059 seconds
[2025-10-21T15:00:33.583+0000] {processor.py:161} INFO - Started process (PID=14877) to work on /home/khaled/dbt-env/lib/python3.12/site-packages/airflow/example_dags/example_sensors.py
[2025-10-21T15:00:33.585+0000] {processor.py:830} INFO - Processing file /home/khaled/dbt-env/lib/python3.12/site-packages/airflow/example_dags/example_sensors.py for tasks to queue
[2025-10-21T15:00:33.587+0000] {logging_mixin.py:188} INFO - [2025-10-21T15:00:33.586+0000] {dagbag.py:545} INFO - Filling up the DagBag from /home/khaled/dbt-env/lib/python3.12/site-packages/airflow/example_dags/example_sensors.py
[2025-10-21T15:00:33.595+0000] {processor.py:840} INFO - DAG(s) 'example_sensors' retrieved from /home/khaled/dbt-env/lib/python3.12/site-packages/airflow/example_dags/example_sensors.py
[2025-10-21T15:00:33.613+0000] {logging_mixin.py:188} INFO - [2025-10-21T15:00:33.613+0000] {dag.py:3089} INFO - Sync 1 DAGs
[2025-10-21T15:00:33.623+0000] {logging_mixin.py:188} INFO - [2025-10-21T15:00:33.623+0000] {dag.py:3947} INFO - Setting next_dagrun for example_sensors to None, run_after=None
[2025-10-21T15:00:33.649+0000] {processor.py:183} INFO - Processing /home/khaled/dbt-env/lib/python3.12/site-packages/airflow/example_dags/example_sensors.py took 0.070 seconds
[2025-10-21T15:01:33.332+0000] {processor.py:161} INFO - Started process (PID=15206) to work on /home/khaled/dbt-env/lib/python3.12/site-packages/airflow/example_dags/example_sensors.py
[2025-10-21T15:01:33.344+0000] {processor.py:830} INFO - Processing file /home/khaled/dbt-env/lib/python3.12/site-packages/airflow/example_dags/example_sensors.py for tasks to queue
[2025-10-21T15:01:33.348+0000] {logging_mixin.py:188} INFO - [2025-10-21T15:01:33.345+0000] {dagbag.py:545} INFO - Filling up the DagBag from /home/khaled/dbt-env/lib/python3.12/site-packages/airflow/example_dags/example_sensors.py
[2025-10-21T15:01:33.359+0000] {processor.py:840} INFO - DAG(s) 'example_sensors' retrieved from /home/khaled/dbt-env/lib/python3.12/site-packages/airflow/example_dags/example_sensors.py
[2025-10-21T15:01:33.374+0000] {logging_mixin.py:188} INFO - [2025-10-21T15:01:33.374+0000] {dag.py:3089} INFO - Sync 1 DAGs
[2025-10-21T15:01:33.394+0000] {logging_mixin.py:188} INFO - [2025-10-21T15:01:33.393+0000] {dag.py:3947} INFO - Setting next_dagrun for example_sensors to None, run_after=None
[2025-10-21T15:01:33.439+0000] {processor.py:183} INFO - Processing /home/khaled/dbt-env/lib/python3.12/site-packages/airflow/example_dags/example_sensors.py took 0.112 seconds
[2025-10-21T15:02:29.155+0000] {processor.py:161} INFO - Started process (PID=15346) to work on /home/khaled/dbt-env/lib/python3.12/site-packages/airflow/example_dags/example_sensors.py
[2025-10-21T15:02:29.156+0000] {processor.py:830} INFO - Processing file /home/khaled/dbt-env/lib/python3.12/site-packages/airflow/example_dags/example_sensors.py for tasks to queue
[2025-10-21T15:02:29.158+0000] {logging_mixin.py:188} INFO - [2025-10-21T15:02:29.157+0000] {dagbag.py:545} INFO - Filling up the DagBag from /home/khaled/dbt-env/lib/python3.12/site-packages/airflow/example_dags/example_sensors.py
[2025-10-21T15:02:29.165+0000] {processor.py:840} INFO - DAG(s) 'example_sensors' retrieved from /home/khaled/dbt-env/lib/python3.12/site-packages/airflow/example_dags/example_sensors.py
[2025-10-21T15:02:29.180+0000] {logging_mixin.py:188} INFO - [2025-10-21T15:02:29.179+0000] {dag.py:3089} INFO - Sync 1 DAGs
[2025-10-21T15:02:29.190+0000] {logging_mixin.py:188} INFO - [2025-10-21T15:02:29.189+0000] {dag.py:3947} INFO - Setting next_dagrun for example_sensors to None, run_after=None
[2025-10-21T15:02:29.222+0000] {processor.py:183} INFO - Processing /home/khaled/dbt-env/lib/python3.12/site-packages/airflow/example_dags/example_sensors.py took 0.072 seconds
