[2025-10-21T14:29:18.006+0000] {processor.py:161} INFO - Started process (PID=7551) to work on /home/khaled/dbt-env/lib/python3.12/site-packages/airflow/example_dags/example_params_ui_tutorial.py
[2025-10-21T14:29:18.007+0000] {processor.py:830} INFO - Processing file /home/khaled/dbt-env/lib/python3.12/site-packages/airflow/example_dags/example_params_ui_tutorial.py for tasks to queue
[2025-10-21T14:29:18.009+0000] {logging_mixin.py:188} INFO - [2025-10-21T14:29:18.008+0000] {dagbag.py:545} INFO - Filling up the DagBag from /home/khaled/dbt-env/lib/python3.12/site-packages/airflow/example_dags/example_params_ui_tutorial.py
[2025-10-21T14:29:18.014+0000] {processor.py:840} INFO - DAG(s) 'example_params_ui_tutorial' retrieved from /home/khaled/dbt-env/lib/python3.12/site-packages/airflow/example_dags/example_params_ui_tutorial.py
[2025-10-21T14:29:18.113+0000] {logging_mixin.py:188} INFO - [2025-10-21T14:29:18.113+0000] {override.py:1858} INFO - Created Permission View: can read on DAG:example_params_ui_tutorial
[2025-10-21T14:29:18.125+0000] {logging_mixin.py:188} INFO - [2025-10-21T14:29:18.125+0000] {override.py:1858} INFO - Created Permission View: can edit on DAG:example_params_ui_tutorial
[2025-10-21T14:29:18.137+0000] {logging_mixin.py:188} INFO - [2025-10-21T14:29:18.137+0000] {override.py:1858} INFO - Created Permission View: can delete on DAG:example_params_ui_tutorial
[2025-10-21T14:29:18.137+0000] {logging_mixin.py:188} INFO - [2025-10-21T14:29:18.137+0000] {dag.py:3089} INFO - Sync 1 DAGs
[2025-10-21T14:29:18.144+0000] {logging_mixin.py:188} INFO - [2025-10-21T14:29:18.144+0000] {dag.py:3111} INFO - Creating ORM DAG for example_params_ui_tutorial
[2025-10-21T14:29:18.144+0000] {logging_mixin.py:188} INFO - [2025-10-21T14:29:18.144+0000] {dag.py:3947} INFO - Setting next_dagrun for example_params_ui_tutorial to None, run_after=None
[2025-10-21T14:29:18.165+0000] {processor.py:183} INFO - Processing /home/khaled/dbt-env/lib/python3.12/site-packages/airflow/example_dags/example_params_ui_tutorial.py took 0.163 seconds
[2025-10-21T14:30:58.826+0000] {processor.py:161} INFO - Started process (PID=7750) to work on /home/khaled/dbt-env/lib/python3.12/site-packages/airflow/example_dags/example_params_ui_tutorial.py
[2025-10-21T14:30:58.834+0000] {processor.py:830} INFO - Processing file /home/khaled/dbt-env/lib/python3.12/site-packages/airflow/example_dags/example_params_ui_tutorial.py for tasks to queue
[2025-10-21T14:30:58.850+0000] {logging_mixin.py:188} INFO - [2025-10-21T14:30:58.847+0000] {dagbag.py:545} INFO - Filling up the DagBag from /home/khaled/dbt-env/lib/python3.12/site-packages/airflow/example_dags/example_params_ui_tutorial.py
[2025-10-21T14:30:58.921+0000] {processor.py:840} INFO - DAG(s) 'example_params_ui_tutorial' retrieved from /home/khaled/dbt-env/lib/python3.12/site-packages/airflow/example_dags/example_params_ui_tutorial.py
[2025-10-21T14:30:59.080+0000] {logging_mixin.py:188} INFO - [2025-10-21T14:30:59.080+0000] {dag.py:3089} INFO - Sync 1 DAGs
[2025-10-21T14:30:59.295+0000] {logging_mixin.py:188} INFO - [2025-10-21T14:30:59.283+0000] {dag.py:3947} INFO - Setting next_dagrun for example_params_ui_tutorial to None, run_after=None
[2025-10-21T14:30:59.483+0000] {processor.py:183} INFO - Processing /home/khaled/dbt-env/lib/python3.12/site-packages/airflow/example_dags/example_params_ui_tutorial.py took 0.708 seconds
[2025-10-21T14:48:48.561+0000] {processor.py:161} INFO - Started process (PID=12367) to work on /home/khaled/dbt-env/lib/python3.12/site-packages/airflow/example_dags/example_params_ui_tutorial.py
[2025-10-21T14:48:48.573+0000] {processor.py:830} INFO - Processing file /home/khaled/dbt-env/lib/python3.12/site-packages/airflow/example_dags/example_params_ui_tutorial.py for tasks to queue
[2025-10-21T14:48:48.575+0000] {logging_mixin.py:188} INFO - [2025-10-21T14:48:48.575+0000] {dagbag.py:545} INFO - Filling up the DagBag from /home/khaled/dbt-env/lib/python3.12/site-packages/airflow/example_dags/example_params_ui_tutorial.py
[2025-10-21T14:48:48.583+0000] {processor.py:840} INFO - DAG(s) 'example_params_ui_tutorial' retrieved from /home/khaled/dbt-env/lib/python3.12/site-packages/airflow/example_dags/example_params_ui_tutorial.py
[2025-10-21T14:48:48.628+0000] {logging_mixin.py:188} INFO - [2025-10-21T14:48:48.628+0000] {dag.py:3089} INFO - Sync 1 DAGs
[2025-10-21T14:48:48.637+0000] {logging_mixin.py:188} INFO - [2025-10-21T14:48:48.637+0000] {dag.py:3947} INFO - Setting next_dagrun for example_params_ui_tutorial to None, run_after=None
[2025-10-21T14:48:48.665+0000] {processor.py:183} INFO - Processing /home/khaled/dbt-env/lib/python3.12/site-packages/airflow/example_dags/example_params_ui_tutorial.py took 0.110 seconds
[2025-10-21T14:49:43.824+0000] {processor.py:161} INFO - Started process (PID=12625) to work on /home/khaled/dbt-env/lib/python3.12/site-packages/airflow/example_dags/example_params_ui_tutorial.py
[2025-10-21T14:49:43.826+0000] {processor.py:830} INFO - Processing file /home/khaled/dbt-env/lib/python3.12/site-packages/airflow/example_dags/example_params_ui_tutorial.py for tasks to queue
[2025-10-21T14:49:43.828+0000] {logging_mixin.py:188} INFO - [2025-10-21T14:49:43.828+0000] {dagbag.py:545} INFO - Filling up the DagBag from /home/khaled/dbt-env/lib/python3.12/site-packages/airflow/example_dags/example_params_ui_tutorial.py
[2025-10-21T14:49:43.834+0000] {processor.py:840} INFO - DAG(s) 'example_params_ui_tutorial' retrieved from /home/khaled/dbt-env/lib/python3.12/site-packages/airflow/example_dags/example_params_ui_tutorial.py
[2025-10-21T14:49:43.857+0000] {logging_mixin.py:188} INFO - [2025-10-21T14:49:43.857+0000] {dag.py:3089} INFO - Sync 1 DAGs
[2025-10-21T14:49:43.865+0000] {logging_mixin.py:188} INFO - [2025-10-21T14:49:43.865+0000] {dag.py:3947} INFO - Setting next_dagrun for example_params_ui_tutorial to None, run_after=None
[2025-10-21T14:49:43.886+0000] {processor.py:183} INFO - Processing /home/khaled/dbt-env/lib/python3.12/site-packages/airflow/example_dags/example_params_ui_tutorial.py took 0.065 seconds
[2025-10-21T14:50:39.508+0000] {processor.py:161} INFO - Started process (PID=12956) to work on /home/khaled/dbt-env/lib/python3.12/site-packages/airflow/example_dags/example_params_ui_tutorial.py
[2025-10-21T14:50:39.510+0000] {processor.py:830} INFO - Processing file /home/khaled/dbt-env/lib/python3.12/site-packages/airflow/example_dags/example_params_ui_tutorial.py for tasks to queue
[2025-10-21T14:50:39.511+0000] {logging_mixin.py:188} INFO - [2025-10-21T14:50:39.511+0000] {dagbag.py:545} INFO - Filling up the DagBag from /home/khaled/dbt-env/lib/python3.12/site-packages/airflow/example_dags/example_params_ui_tutorial.py
[2025-10-21T14:50:39.516+0000] {processor.py:840} INFO - DAG(s) 'example_params_ui_tutorial' retrieved from /home/khaled/dbt-env/lib/python3.12/site-packages/airflow/example_dags/example_params_ui_tutorial.py
[2025-10-21T14:50:39.539+0000] {logging_mixin.py:188} INFO - [2025-10-21T14:50:39.539+0000] {dag.py:3089} INFO - Sync 1 DAGs
[2025-10-21T14:50:39.547+0000] {logging_mixin.py:188} INFO - [2025-10-21T14:50:39.547+0000] {dag.py:3947} INFO - Setting next_dagrun for example_params_ui_tutorial to None, run_after=None
[2025-10-21T14:50:39.581+0000] {processor.py:183} INFO - Processing /home/khaled/dbt-env/lib/python3.12/site-packages/airflow/example_dags/example_params_ui_tutorial.py took 0.076 seconds
[2025-10-21T14:51:36.038+0000] {processor.py:161} INFO - Started process (PID=13249) to work on /home/khaled/dbt-env/lib/python3.12/site-packages/airflow/example_dags/example_params_ui_tutorial.py
[2025-10-21T14:51:36.039+0000] {processor.py:830} INFO - Processing file /home/khaled/dbt-env/lib/python3.12/site-packages/airflow/example_dags/example_params_ui_tutorial.py for tasks to queue
[2025-10-21T14:51:36.040+0000] {logging_mixin.py:188} INFO - [2025-10-21T14:51:36.040+0000] {dagbag.py:545} INFO - Filling up the DagBag from /home/khaled/dbt-env/lib/python3.12/site-packages/airflow/example_dags/example_params_ui_tutorial.py
[2025-10-21T14:51:36.045+0000] {processor.py:840} INFO - DAG(s) 'example_params_ui_tutorial' retrieved from /home/khaled/dbt-env/lib/python3.12/site-packages/airflow/example_dags/example_params_ui_tutorial.py
[2025-10-21T14:51:36.071+0000] {logging_mixin.py:188} INFO - [2025-10-21T14:51:36.070+0000] {dag.py:3089} INFO - Sync 1 DAGs
[2025-10-21T14:51:36.079+0000] {logging_mixin.py:188} INFO - [2025-10-21T14:51:36.079+0000] {dag.py:3947} INFO - Setting next_dagrun for example_params_ui_tutorial to None, run_after=None
[2025-10-21T14:51:36.100+0000] {processor.py:183} INFO - Processing /home/khaled/dbt-env/lib/python3.12/site-packages/airflow/example_dags/example_params_ui_tutorial.py took 0.067 seconds
[2025-10-21T14:52:34.591+0000] {processor.py:161} INFO - Started process (PID=13487) to work on /home/khaled/dbt-env/lib/python3.12/site-packages/airflow/example_dags/example_params_ui_tutorial.py
[2025-10-21T14:52:34.593+0000] {processor.py:830} INFO - Processing file /home/khaled/dbt-env/lib/python3.12/site-packages/airflow/example_dags/example_params_ui_tutorial.py for tasks to queue
[2025-10-21T14:52:34.594+0000] {logging_mixin.py:188} INFO - [2025-10-21T14:52:34.594+0000] {dagbag.py:545} INFO - Filling up the DagBag from /home/khaled/dbt-env/lib/python3.12/site-packages/airflow/example_dags/example_params_ui_tutorial.py
[2025-10-21T14:52:34.601+0000] {processor.py:840} INFO - DAG(s) 'example_params_ui_tutorial' retrieved from /home/khaled/dbt-env/lib/python3.12/site-packages/airflow/example_dags/example_params_ui_tutorial.py
[2025-10-21T14:52:34.639+0000] {logging_mixin.py:188} INFO - [2025-10-21T14:52:34.639+0000] {dag.py:3089} INFO - Sync 1 DAGs
[2025-10-21T14:52:34.649+0000] {logging_mixin.py:188} INFO - [2025-10-21T14:52:34.648+0000] {dag.py:3947} INFO - Setting next_dagrun for example_params_ui_tutorial to None, run_after=None
[2025-10-21T14:52:34.671+0000] {processor.py:183} INFO - Processing /home/khaled/dbt-env/lib/python3.12/site-packages/airflow/example_dags/example_params_ui_tutorial.py took 0.084 seconds
[2025-10-21T14:53:30.862+0000] {processor.py:161} INFO - Started process (PID=13983) to work on /home/khaled/dbt-env/lib/python3.12/site-packages/airflow/example_dags/example_params_ui_tutorial.py
[2025-10-21T14:53:30.863+0000] {processor.py:830} INFO - Processing file /home/khaled/dbt-env/lib/python3.12/site-packages/airflow/example_dags/example_params_ui_tutorial.py for tasks to queue
[2025-10-21T14:53:30.865+0000] {logging_mixin.py:188} INFO - [2025-10-21T14:53:30.864+0000] {dagbag.py:545} INFO - Filling up the DagBag from /home/khaled/dbt-env/lib/python3.12/site-packages/airflow/example_dags/example_params_ui_tutorial.py
[2025-10-21T14:53:30.871+0000] {processor.py:840} INFO - DAG(s) 'example_params_ui_tutorial' retrieved from /home/khaled/dbt-env/lib/python3.12/site-packages/airflow/example_dags/example_params_ui_tutorial.py
[2025-10-21T14:53:30.907+0000] {logging_mixin.py:188} INFO - [2025-10-21T14:53:30.906+0000] {dag.py:3089} INFO - Sync 1 DAGs
[2025-10-21T14:53:30.917+0000] {logging_mixin.py:188} INFO - [2025-10-21T14:53:30.917+0000] {dag.py:3947} INFO - Setting next_dagrun for example_params_ui_tutorial to None, run_after=None
[2025-10-21T14:53:30.954+0000] {processor.py:183} INFO - Processing /home/khaled/dbt-env/lib/python3.12/site-packages/airflow/example_dags/example_params_ui_tutorial.py took 0.099 seconds
[2025-10-21T14:54:28.900+0000] {processor.py:161} INFO - Started process (PID=14205) to work on /home/khaled/dbt-env/lib/python3.12/site-packages/airflow/example_dags/example_params_ui_tutorial.py
[2025-10-21T14:54:28.901+0000] {processor.py:830} INFO - Processing file /home/khaled/dbt-env/lib/python3.12/site-packages/airflow/example_dags/example_params_ui_tutorial.py for tasks to queue
[2025-10-21T14:54:28.902+0000] {logging_mixin.py:188} INFO - [2025-10-21T14:54:28.902+0000] {dagbag.py:545} INFO - Filling up the DagBag from /home/khaled/dbt-env/lib/python3.12/site-packages/airflow/example_dags/example_params_ui_tutorial.py
[2025-10-21T14:54:28.912+0000] {processor.py:840} INFO - DAG(s) 'example_params_ui_tutorial' retrieved from /home/khaled/dbt-env/lib/python3.12/site-packages/airflow/example_dags/example_params_ui_tutorial.py
[2025-10-21T14:54:28.939+0000] {logging_mixin.py:188} INFO - [2025-10-21T14:54:28.939+0000] {dag.py:3089} INFO - Sync 1 DAGs
[2025-10-21T14:54:28.949+0000] {logging_mixin.py:188} INFO - [2025-10-21T14:54:28.949+0000] {dag.py:3947} INFO - Setting next_dagrun for example_params_ui_tutorial to None, run_after=None
[2025-10-21T14:54:28.985+0000] {processor.py:183} INFO - Processing /home/khaled/dbt-env/lib/python3.12/site-packages/airflow/example_dags/example_params_ui_tutorial.py took 0.089 seconds
[2025-10-21T14:55:23.425+0000] {processor.py:161} INFO - Started process (PID=14426) to work on /home/khaled/dbt-env/lib/python3.12/site-packages/airflow/example_dags/example_params_ui_tutorial.py
[2025-10-21T14:55:23.430+0000] {processor.py:830} INFO - Processing file /home/khaled/dbt-env/lib/python3.12/site-packages/airflow/example_dags/example_params_ui_tutorial.py for tasks to queue
[2025-10-21T14:55:23.432+0000] {logging_mixin.py:188} INFO - [2025-10-21T14:55:23.432+0000] {dagbag.py:545} INFO - Filling up the DagBag from /home/khaled/dbt-env/lib/python3.12/site-packages/airflow/example_dags/example_params_ui_tutorial.py
[2025-10-21T14:55:23.438+0000] {processor.py:840} INFO - DAG(s) 'example_params_ui_tutorial' retrieved from /home/khaled/dbt-env/lib/python3.12/site-packages/airflow/example_dags/example_params_ui_tutorial.py
[2025-10-21T14:55:23.469+0000] {logging_mixin.py:188} INFO - [2025-10-21T14:55:23.468+0000] {dag.py:3089} INFO - Sync 1 DAGs
[2025-10-21T14:55:23.476+0000] {logging_mixin.py:188} INFO - [2025-10-21T14:55:23.476+0000] {dag.py:3947} INFO - Setting next_dagrun for example_params_ui_tutorial to None, run_after=None
[2025-10-21T14:55:23.495+0000] {processor.py:183} INFO - Processing /home/khaled/dbt-env/lib/python3.12/site-packages/airflow/example_dags/example_params_ui_tutorial.py took 0.078 seconds
[2025-10-21T14:56:46.286+0000] {processor.py:161} INFO - Started process (PID=14684) to work on /home/khaled/dbt-env/lib/python3.12/site-packages/airflow/example_dags/example_params_ui_tutorial.py
[2025-10-21T14:56:46.288+0000] {processor.py:830} INFO - Processing file /home/khaled/dbt-env/lib/python3.12/site-packages/airflow/example_dags/example_params_ui_tutorial.py for tasks to queue
[2025-10-21T14:56:46.291+0000] {logging_mixin.py:188} INFO - [2025-10-21T14:56:46.290+0000] {dagbag.py:545} INFO - Filling up the DagBag from /home/khaled/dbt-env/lib/python3.12/site-packages/airflow/example_dags/example_params_ui_tutorial.py
[2025-10-21T14:56:46.304+0000] {processor.py:840} INFO - DAG(s) 'example_params_ui_tutorial' retrieved from /home/khaled/dbt-env/lib/python3.12/site-packages/airflow/example_dags/example_params_ui_tutorial.py
[2025-10-21T14:56:46.354+0000] {logging_mixin.py:188} INFO - [2025-10-21T14:56:46.353+0000] {dag.py:3089} INFO - Sync 1 DAGs
[2025-10-21T14:56:46.364+0000] {logging_mixin.py:188} INFO - [2025-10-21T14:56:46.364+0000] {dag.py:3947} INFO - Setting next_dagrun for example_params_ui_tutorial to None, run_after=None
[2025-10-21T14:56:46.402+0000] {processor.py:183} INFO - Processing /home/khaled/dbt-env/lib/python3.12/site-packages/airflow/example_dags/example_params_ui_tutorial.py took 0.128 seconds
[2025-10-21T14:59:50.955+0000] {processor.py:161} INFO - Started process (PID=14819) to work on /home/khaled/dbt-env/lib/python3.12/site-packages/airflow/example_dags/example_params_ui_tutorial.py
[2025-10-21T14:59:50.956+0000] {processor.py:830} INFO - Processing file /home/khaled/dbt-env/lib/python3.12/site-packages/airflow/example_dags/example_params_ui_tutorial.py for tasks to queue
[2025-10-21T14:59:50.958+0000] {logging_mixin.py:188} INFO - [2025-10-21T14:59:50.957+0000] {dagbag.py:545} INFO - Filling up the DagBag from /home/khaled/dbt-env/lib/python3.12/site-packages/airflow/example_dags/example_params_ui_tutorial.py
[2025-10-21T14:59:50.964+0000] {processor.py:840} INFO - DAG(s) 'example_params_ui_tutorial' retrieved from /home/khaled/dbt-env/lib/python3.12/site-packages/airflow/example_dags/example_params_ui_tutorial.py
[2025-10-21T14:59:51.000+0000] {logging_mixin.py:188} INFO - [2025-10-21T14:59:50.999+0000] {dag.py:3089} INFO - Sync 1 DAGs
[2025-10-21T14:59:51.007+0000] {logging_mixin.py:188} INFO - [2025-10-21T14:59:51.007+0000] {dag.py:3947} INFO - Setting next_dagrun for example_params_ui_tutorial to None, run_after=None
[2025-10-21T14:59:51.043+0000] {processor.py:183} INFO - Processing /home/khaled/dbt-env/lib/python3.12/site-packages/airflow/example_dags/example_params_ui_tutorial.py took 0.092 seconds
[2025-10-21T15:00:44.706+0000] {processor.py:161} INFO - Started process (PID=15020) to work on /home/khaled/dbt-env/lib/python3.12/site-packages/airflow/example_dags/example_params_ui_tutorial.py
[2025-10-21T15:00:44.709+0000] {processor.py:830} INFO - Processing file /home/khaled/dbt-env/lib/python3.12/site-packages/airflow/example_dags/example_params_ui_tutorial.py for tasks to queue
[2025-10-21T15:00:44.711+0000] {logging_mixin.py:188} INFO - [2025-10-21T15:00:44.710+0000] {dagbag.py:545} INFO - Filling up the DagBag from /home/khaled/dbt-env/lib/python3.12/site-packages/airflow/example_dags/example_params_ui_tutorial.py
[2025-10-21T15:00:44.718+0000] {processor.py:840} INFO - DAG(s) 'example_params_ui_tutorial' retrieved from /home/khaled/dbt-env/lib/python3.12/site-packages/airflow/example_dags/example_params_ui_tutorial.py
[2025-10-21T15:00:44.759+0000] {logging_mixin.py:188} INFO - [2025-10-21T15:00:44.759+0000] {dag.py:3089} INFO - Sync 1 DAGs
[2025-10-21T15:00:44.772+0000] {logging_mixin.py:188} INFO - [2025-10-21T15:00:44.772+0000] {dag.py:3947} INFO - Setting next_dagrun for example_params_ui_tutorial to None, run_after=None
[2025-10-21T15:00:44.806+0000] {processor.py:183} INFO - Processing /home/khaled/dbt-env/lib/python3.12/site-packages/airflow/example_dags/example_params_ui_tutorial.py took 0.106 seconds
[2025-10-21T15:01:39.188+0000] {processor.py:161} INFO - Started process (PID=15239) to work on /home/khaled/dbt-env/lib/python3.12/site-packages/airflow/example_dags/example_params_ui_tutorial.py
[2025-10-21T15:01:39.190+0000] {processor.py:830} INFO - Processing file /home/khaled/dbt-env/lib/python3.12/site-packages/airflow/example_dags/example_params_ui_tutorial.py for tasks to queue
[2025-10-21T15:01:39.191+0000] {logging_mixin.py:188} INFO - [2025-10-21T15:01:39.191+0000] {dagbag.py:545} INFO - Filling up the DagBag from /home/khaled/dbt-env/lib/python3.12/site-packages/airflow/example_dags/example_params_ui_tutorial.py
[2025-10-21T15:01:39.197+0000] {processor.py:840} INFO - DAG(s) 'example_params_ui_tutorial' retrieved from /home/khaled/dbt-env/lib/python3.12/site-packages/airflow/example_dags/example_params_ui_tutorial.py
[2025-10-21T15:01:39.223+0000] {logging_mixin.py:188} INFO - [2025-10-21T15:01:39.223+0000] {dag.py:3089} INFO - Sync 1 DAGs
[2025-10-21T15:01:39.231+0000] {logging_mixin.py:188} INFO - [2025-10-21T15:01:39.231+0000] {dag.py:3947} INFO - Setting next_dagrun for example_params_ui_tutorial to None, run_after=None
[2025-10-21T15:01:39.262+0000] {processor.py:183} INFO - Processing /home/khaled/dbt-env/lib/python3.12/site-packages/airflow/example_dags/example_params_ui_tutorial.py took 0.078 seconds
[2025-10-21T15:02:34.114+0000] {processor.py:161} INFO - Started process (PID=15355) to work on /home/khaled/dbt-env/lib/python3.12/site-packages/airflow/example_dags/example_params_ui_tutorial.py
[2025-10-21T15:02:34.116+0000] {processor.py:830} INFO - Processing file /home/khaled/dbt-env/lib/python3.12/site-packages/airflow/example_dags/example_params_ui_tutorial.py for tasks to queue
[2025-10-21T15:02:34.117+0000] {logging_mixin.py:188} INFO - [2025-10-21T15:02:34.117+0000] {dagbag.py:545} INFO - Filling up the DagBag from /home/khaled/dbt-env/lib/python3.12/site-packages/airflow/example_dags/example_params_ui_tutorial.py
[2025-10-21T15:02:34.123+0000] {processor.py:840} INFO - DAG(s) 'example_params_ui_tutorial' retrieved from /home/khaled/dbt-env/lib/python3.12/site-packages/airflow/example_dags/example_params_ui_tutorial.py
[2025-10-21T15:02:34.152+0000] {logging_mixin.py:188} INFO - [2025-10-21T15:02:34.152+0000] {dag.py:3089} INFO - Sync 1 DAGs
[2025-10-21T15:02:34.167+0000] {logging_mixin.py:188} INFO - [2025-10-21T15:02:34.167+0000] {dag.py:3947} INFO - Setting next_dagrun for example_params_ui_tutorial to None, run_after=None
[2025-10-21T15:02:34.203+0000] {processor.py:183} INFO - Processing /home/khaled/dbt-env/lib/python3.12/site-packages/airflow/example_dags/example_params_ui_tutorial.py took 0.099 seconds
