[2025-10-22T12:36:26.957+0000] {local_task_job_runner.py:120} INFO - ::group::Pre task execution logs
[2025-10-22T12:36:27.011+0000] {taskinstance.py:2076} INFO - Dependencies all met for dep_context=non-requeueable deps ti=<TaskInstance: dbt_passenger_count_dag.run_passenger_count_model manual__2025-10-22T12:36:20.686798+00:00 [queued]>
[2025-10-22T12:36:27.042+0000] {taskinstance.py:2076} INFO - Dependencies all met for dep_context=requeueable deps ti=<TaskInstance: dbt_passenger_count_dag.run_passenger_count_model manual__2025-10-22T12:36:20.686798+00:00 [queued]>
[2025-10-22T12:36:27.042+0000] {taskinstance.py:2306} INFO - Starting attempt 1 of 2
[2025-10-22T12:36:27.149+0000] {taskinstance.py:2330} INFO - Executing <Task(BashOperator): run_passenger_count_model> on 2025-10-22 12:36:20.686798+00:00
[2025-10-22T12:36:27.155+0000] {standard_task_runner.py:64} INFO - Started process 12973 to run task
[2025-10-22T12:36:27.168+0000] {standard_task_runner.py:90} INFO - Running: ['airflow', 'tasks', 'run', 'dbt_passenger_count_dag', 'run_passenger_count_model', 'manual__2025-10-22T12:36:20.686798+00:00', '--job-id', '28', '--raw', '--subdir', 'DAGS_FOLDER/dbt_passenger_dag.py', '--cfg-path', '/tmp/tmppbzsdgzx']
[2025-10-22T12:36:27.168+0000] {standard_task_runner.py:91} INFO - Job 28: Subtask run_passenger_count_model
[2025-10-22T12:36:27.401+0000] {task_command.py:426} INFO - Running <TaskInstance: dbt_passenger_count_dag.run_passenger_count_model manual__2025-10-22T12:36:20.686798+00:00 [running]> on host ubun
[2025-10-22T12:36:27.662+0000] {taskinstance.py:2648} INFO - Exporting env vars: AIRFLOW_CTX_DAG_OWNER='khaled' AIRFLOW_CTX_DAG_ID='dbt_passenger_count_dag' AIRFLOW_CTX_TASK_ID='run_passenger_count_model' AIRFLOW_CTX_EXECUTION_DATE='2025-10-22T12:36:20.686798+00:00' AIRFLOW_CTX_TRY_NUMBER='1' AIRFLOW_CTX_DAG_RUN_ID='manual__2025-10-22T12:36:20.686798+00:00'
[2025-10-22T12:36:27.666+0000] {taskinstance.py:430} INFO - ::endgroup::
[2025-10-22T12:36:27.667+0000] {subprocess.py:63} INFO - Tmp dir root location: /tmp
[2025-10-22T12:36:27.675+0000] {subprocess.py:75} INFO - Running command: ['/usr/bin/bash', '-c', '\n    source /home/khaled/dbt-env/bin/activate &&     cd /home/khaled/fat/taxi_driver_project &&     dbt run --select example.marts.Passenger_Count_Dim >> /home/khaled/airflow/logs/dbt/passenger_count.log 2>&1\n    ']
[2025-10-22T12:36:27.707+0000] {subprocess.py:86} INFO - Output:
[2025-10-22T12:36:38.348+0000] {subprocess.py:97} INFO - Command exited with return code 0
[2025-10-22T12:36:38.349+0000] {taskinstance.py:441} INFO - ::group::Post task execution logs
[2025-10-22T12:36:38.379+0000] {taskinstance.py:1206} INFO - Marking task as SUCCESS. dag_id=dbt_passenger_count_dag, task_id=run_passenger_count_model, run_id=manual__2025-10-22T12:36:20.686798+00:00, execution_date=20251022T123620, start_date=20251022T123627, end_date=20251022T123638
[2025-10-22T12:36:38.452+0000] {local_task_job_runner.py:243} INFO - Task exited with return code 0
[2025-10-22T12:36:38.477+0000] {taskinstance.py:3503} INFO - 0 downstream tasks scheduled from follow-on schedule check
[2025-10-22T12:36:38.478+0000] {local_task_job_runner.py:222} INFO - ::endgroup::
