[2025-10-24T14:21:24.675+0000] {processor.py:161} INFO - Started process (PID=7171) to work on /home/khaled/dbt-env/lib/python3.12/site-packages/airflow/example_dags/example_branch_operator_decorator.py
[2025-10-24T14:21:24.677+0000] {processor.py:830} INFO - Processing file /home/khaled/dbt-env/lib/python3.12/site-packages/airflow/example_dags/example_branch_operator_decorator.py for tasks to queue
[2025-10-24T14:21:24.681+0000] {logging_mixin.py:188} INFO - [2025-10-24T14:21:24.680+0000] {dagbag.py:545} INFO - Filling up the DagBag from /home/khaled/dbt-env/lib/python3.12/site-packages/airflow/example_dags/example_branch_operator_decorator.py
[2025-10-24T14:21:24.685+0000] {processor.py:842} WARNING - No viable dags retrieved from /home/khaled/dbt-env/lib/python3.12/site-packages/airflow/example_dags/example_branch_operator_decorator.py
[2025-10-24T14:21:24.703+0000] {processor.py:183} INFO - Processing /home/khaled/dbt-env/lib/python3.12/site-packages/airflow/example_dags/example_branch_operator_decorator.py took 0.041 seconds
[2025-10-24T14:22:19.161+0000] {processor.py:161} INFO - Started process (PID=7289) to work on /home/khaled/dbt-env/lib/python3.12/site-packages/airflow/example_dags/example_branch_operator_decorator.py
[2025-10-24T14:22:19.171+0000] {processor.py:830} INFO - Processing file /home/khaled/dbt-env/lib/python3.12/site-packages/airflow/example_dags/example_branch_operator_decorator.py for tasks to queue
[2025-10-24T14:22:19.173+0000] {logging_mixin.py:188} INFO - [2025-10-24T14:22:19.173+0000] {dagbag.py:545} INFO - Filling up the DagBag from /home/khaled/dbt-env/lib/python3.12/site-packages/airflow/example_dags/example_branch_operator_decorator.py
[2025-10-24T14:22:19.175+0000] {processor.py:842} WARNING - No viable dags retrieved from /home/khaled/dbt-env/lib/python3.12/site-packages/airflow/example_dags/example_branch_operator_decorator.py
[2025-10-24T14:22:19.182+0000] {processor.py:183} INFO - Processing /home/khaled/dbt-env/lib/python3.12/site-packages/airflow/example_dags/example_branch_operator_decorator.py took 0.026 seconds
[2025-10-24T14:23:32.755+0000] {processor.py:161} INFO - Started process (PID=7378) to work on /home/khaled/dbt-env/lib/python3.12/site-packages/airflow/example_dags/example_branch_operator_decorator.py
[2025-10-24T14:23:32.765+0000] {processor.py:830} INFO - Processing file /home/khaled/dbt-env/lib/python3.12/site-packages/airflow/example_dags/example_branch_operator_decorator.py for tasks to queue
[2025-10-24T14:23:32.766+0000] {logging_mixin.py:188} INFO - [2025-10-24T14:23:32.766+0000] {dagbag.py:545} INFO - Filling up the DagBag from /home/khaled/dbt-env/lib/python3.12/site-packages/airflow/example_dags/example_branch_operator_decorator.py
[2025-10-24T14:23:32.768+0000] {processor.py:842} WARNING - No viable dags retrieved from /home/khaled/dbt-env/lib/python3.12/site-packages/airflow/example_dags/example_branch_operator_decorator.py
[2025-10-24T14:23:32.778+0000] {processor.py:183} INFO - Processing /home/khaled/dbt-env/lib/python3.12/site-packages/airflow/example_dags/example_branch_operator_decorator.py took 0.027 seconds
[2025-10-24T14:24:53.707+0000] {processor.py:161} INFO - Started process (PID=7463) to work on /home/khaled/dbt-env/lib/python3.12/site-packages/airflow/example_dags/example_branch_operator_decorator.py
[2025-10-24T14:24:53.718+0000] {processor.py:830} INFO - Processing file /home/khaled/dbt-env/lib/python3.12/site-packages/airflow/example_dags/example_branch_operator_decorator.py for tasks to queue
[2025-10-24T14:24:53.719+0000] {logging_mixin.py:188} INFO - [2025-10-24T14:24:53.719+0000] {dagbag.py:545} INFO - Filling up the DagBag from /home/khaled/dbt-env/lib/python3.12/site-packages/airflow/example_dags/example_branch_operator_decorator.py
[2025-10-24T14:24:53.721+0000] {processor.py:842} WARNING - No viable dags retrieved from /home/khaled/dbt-env/lib/python3.12/site-packages/airflow/example_dags/example_branch_operator_decorator.py
[2025-10-24T14:24:53.728+0000] {processor.py:183} INFO - Processing /home/khaled/dbt-env/lib/python3.12/site-packages/airflow/example_dags/example_branch_operator_decorator.py took 0.025 seconds
[2025-10-24T14:25:51.557+0000] {processor.py:161} INFO - Started process (PID=7629) to work on /home/khaled/dbt-env/lib/python3.12/site-packages/airflow/example_dags/example_branch_operator_decorator.py
[2025-10-24T14:25:51.558+0000] {processor.py:830} INFO - Processing file /home/khaled/dbt-env/lib/python3.12/site-packages/airflow/example_dags/example_branch_operator_decorator.py for tasks to queue
[2025-10-24T14:25:51.559+0000] {logging_mixin.py:188} INFO - [2025-10-24T14:25:51.559+0000] {dagbag.py:545} INFO - Filling up the DagBag from /home/khaled/dbt-env/lib/python3.12/site-packages/airflow/example_dags/example_branch_operator_decorator.py
[2025-10-24T14:25:51.561+0000] {processor.py:842} WARNING - No viable dags retrieved from /home/khaled/dbt-env/lib/python3.12/site-packages/airflow/example_dags/example_branch_operator_decorator.py
[2025-10-24T14:25:51.574+0000] {processor.py:183} INFO - Processing /home/khaled/dbt-env/lib/python3.12/site-packages/airflow/example_dags/example_branch_operator_decorator.py took 0.021 seconds
[2025-10-24T14:26:47.052+0000] {processor.py:161} INFO - Started process (PID=7793) to work on /home/khaled/dbt-env/lib/python3.12/site-packages/airflow/example_dags/example_branch_operator_decorator.py
[2025-10-24T14:26:47.056+0000] {processor.py:830} INFO - Processing file /home/khaled/dbt-env/lib/python3.12/site-packages/airflow/example_dags/example_branch_operator_decorator.py for tasks to queue
[2025-10-24T14:26:47.069+0000] {logging_mixin.py:188} INFO - [2025-10-24T14:26:47.068+0000] {dagbag.py:545} INFO - Filling up the DagBag from /home/khaled/dbt-env/lib/python3.12/site-packages/airflow/example_dags/example_branch_operator_decorator.py
[2025-10-24T14:26:47.071+0000] {processor.py:842} WARNING - No viable dags retrieved from /home/khaled/dbt-env/lib/python3.12/site-packages/airflow/example_dags/example_branch_operator_decorator.py
[2025-10-24T14:26:47.086+0000] {processor.py:183} INFO - Processing /home/khaled/dbt-env/lib/python3.12/site-packages/airflow/example_dags/example_branch_operator_decorator.py took 0.047 seconds
[2025-10-24T14:27:43.927+0000] {processor.py:161} INFO - Started process (PID=7907) to work on /home/khaled/dbt-env/lib/python3.12/site-packages/airflow/example_dags/example_branch_operator_decorator.py
[2025-10-24T14:27:43.939+0000] {processor.py:830} INFO - Processing file /home/khaled/dbt-env/lib/python3.12/site-packages/airflow/example_dags/example_branch_operator_decorator.py for tasks to queue
[2025-10-24T14:27:43.940+0000] {logging_mixin.py:188} INFO - [2025-10-24T14:27:43.939+0000] {dagbag.py:545} INFO - Filling up the DagBag from /home/khaled/dbt-env/lib/python3.12/site-packages/airflow/example_dags/example_branch_operator_decorator.py
[2025-10-24T14:27:43.941+0000] {processor.py:842} WARNING - No viable dags retrieved from /home/khaled/dbt-env/lib/python3.12/site-packages/airflow/example_dags/example_branch_operator_decorator.py
[2025-10-24T14:27:43.949+0000] {processor.py:183} INFO - Processing /home/khaled/dbt-env/lib/python3.12/site-packages/airflow/example_dags/example_branch_operator_decorator.py took 0.025 seconds
[2025-10-24T14:28:43.342+0000] {processor.py:161} INFO - Started process (PID=8104) to work on /home/khaled/dbt-env/lib/python3.12/site-packages/airflow/example_dags/example_branch_operator_decorator.py
[2025-10-24T14:28:43.361+0000] {processor.py:830} INFO - Processing file /home/khaled/dbt-env/lib/python3.12/site-packages/airflow/example_dags/example_branch_operator_decorator.py for tasks to queue
[2025-10-24T14:28:43.364+0000] {logging_mixin.py:188} INFO - [2025-10-24T14:28:43.363+0000] {dagbag.py:545} INFO - Filling up the DagBag from /home/khaled/dbt-env/lib/python3.12/site-packages/airflow/example_dags/example_branch_operator_decorator.py
[2025-10-24T14:28:43.368+0000] {processor.py:842} WARNING - No viable dags retrieved from /home/khaled/dbt-env/lib/python3.12/site-packages/airflow/example_dags/example_branch_operator_decorator.py
[2025-10-24T14:28:43.379+0000] {processor.py:183} INFO - Processing /home/khaled/dbt-env/lib/python3.12/site-packages/airflow/example_dags/example_branch_operator_decorator.py took 0.046 seconds
[2025-10-24T14:29:47.251+0000] {processor.py:161} INFO - Started process (PID=8439) to work on /home/khaled/dbt-env/lib/python3.12/site-packages/airflow/example_dags/example_branch_operator_decorator.py
[2025-10-24T14:29:47.264+0000] {processor.py:830} INFO - Processing file /home/khaled/dbt-env/lib/python3.12/site-packages/airflow/example_dags/example_branch_operator_decorator.py for tasks to queue
[2025-10-24T14:29:47.266+0000] {logging_mixin.py:188} INFO - [2025-10-24T14:29:47.266+0000] {dagbag.py:545} INFO - Filling up the DagBag from /home/khaled/dbt-env/lib/python3.12/site-packages/airflow/example_dags/example_branch_operator_decorator.py
[2025-10-24T14:29:47.268+0000] {processor.py:842} WARNING - No viable dags retrieved from /home/khaled/dbt-env/lib/python3.12/site-packages/airflow/example_dags/example_branch_operator_decorator.py
[2025-10-24T14:29:47.275+0000] {processor.py:183} INFO - Processing /home/khaled/dbt-env/lib/python3.12/site-packages/airflow/example_dags/example_branch_operator_decorator.py took 0.027 seconds
[2025-10-24T14:30:44.694+0000] {processor.py:161} INFO - Started process (PID=8596) to work on /home/khaled/dbt-env/lib/python3.12/site-packages/airflow/example_dags/example_branch_operator_decorator.py
[2025-10-24T14:30:44.695+0000] {processor.py:830} INFO - Processing file /home/khaled/dbt-env/lib/python3.12/site-packages/airflow/example_dags/example_branch_operator_decorator.py for tasks to queue
[2025-10-24T14:30:44.696+0000] {logging_mixin.py:188} INFO - [2025-10-24T14:30:44.696+0000] {dagbag.py:545} INFO - Filling up the DagBag from /home/khaled/dbt-env/lib/python3.12/site-packages/airflow/example_dags/example_branch_operator_decorator.py
[2025-10-24T14:30:44.698+0000] {processor.py:842} WARNING - No viable dags retrieved from /home/khaled/dbt-env/lib/python3.12/site-packages/airflow/example_dags/example_branch_operator_decorator.py
[2025-10-24T14:30:44.705+0000] {processor.py:183} INFO - Processing /home/khaled/dbt-env/lib/python3.12/site-packages/airflow/example_dags/example_branch_operator_decorator.py took 0.015 seconds
[2025-10-24T14:31:44.567+0000] {processor.py:161} INFO - Started process (PID=8669) to work on /home/khaled/dbt-env/lib/python3.12/site-packages/airflow/example_dags/example_branch_operator_decorator.py
[2025-10-24T14:31:44.568+0000] {processor.py:830} INFO - Processing file /home/khaled/dbt-env/lib/python3.12/site-packages/airflow/example_dags/example_branch_operator_decorator.py for tasks to queue
[2025-10-24T14:31:44.570+0000] {logging_mixin.py:188} INFO - [2025-10-24T14:31:44.570+0000] {dagbag.py:545} INFO - Filling up the DagBag from /home/khaled/dbt-env/lib/python3.12/site-packages/airflow/example_dags/example_branch_operator_decorator.py
[2025-10-24T14:31:44.572+0000] {processor.py:842} WARNING - No viable dags retrieved from /home/khaled/dbt-env/lib/python3.12/site-packages/airflow/example_dags/example_branch_operator_decorator.py
[2025-10-24T14:31:44.579+0000] {processor.py:183} INFO - Processing /home/khaled/dbt-env/lib/python3.12/site-packages/airflow/example_dags/example_branch_operator_decorator.py took 0.015 seconds
[2025-10-24T14:32:52.880+0000] {processor.py:161} INFO - Started process (PID=8739) to work on /home/khaled/dbt-env/lib/python3.12/site-packages/airflow/example_dags/example_branch_operator_decorator.py
[2025-10-24T14:32:52.881+0000] {processor.py:830} INFO - Processing file /home/khaled/dbt-env/lib/python3.12/site-packages/airflow/example_dags/example_branch_operator_decorator.py for tasks to queue
[2025-10-24T14:32:52.882+0000] {logging_mixin.py:188} INFO - [2025-10-24T14:32:52.882+0000] {dagbag.py:545} INFO - Filling up the DagBag from /home/khaled/dbt-env/lib/python3.12/site-packages/airflow/example_dags/example_branch_operator_decorator.py
[2025-10-24T14:32:52.884+0000] {processor.py:842} WARNING - No viable dags retrieved from /home/khaled/dbt-env/lib/python3.12/site-packages/airflow/example_dags/example_branch_operator_decorator.py
[2025-10-24T14:32:52.891+0000] {processor.py:183} INFO - Processing /home/khaled/dbt-env/lib/python3.12/site-packages/airflow/example_dags/example_branch_operator_decorator.py took 0.015 seconds
[2025-10-24T14:34:08.839+0000] {processor.py:161} INFO - Started process (PID=8810) to work on /home/khaled/dbt-env/lib/python3.12/site-packages/airflow/example_dags/example_branch_operator_decorator.py
[2025-10-24T14:34:08.841+0000] {processor.py:830} INFO - Processing file /home/khaled/dbt-env/lib/python3.12/site-packages/airflow/example_dags/example_branch_operator_decorator.py for tasks to queue
[2025-10-24T14:34:08.842+0000] {logging_mixin.py:188} INFO - [2025-10-24T14:34:08.842+0000] {dagbag.py:545} INFO - Filling up the DagBag from /home/khaled/dbt-env/lib/python3.12/site-packages/airflow/example_dags/example_branch_operator_decorator.py
[2025-10-24T14:34:08.844+0000] {processor.py:842} WARNING - No viable dags retrieved from /home/khaled/dbt-env/lib/python3.12/site-packages/airflow/example_dags/example_branch_operator_decorator.py
[2025-10-24T14:34:08.851+0000] {processor.py:183} INFO - Processing /home/khaled/dbt-env/lib/python3.12/site-packages/airflow/example_dags/example_branch_operator_decorator.py took 0.016 seconds
[2025-10-24T14:35:12.452+0000] {processor.py:161} INFO - Started process (PID=8899) to work on /home/khaled/dbt-env/lib/python3.12/site-packages/airflow/example_dags/example_branch_operator_decorator.py
[2025-10-24T14:35:12.454+0000] {processor.py:830} INFO - Processing file /home/khaled/dbt-env/lib/python3.12/site-packages/airflow/example_dags/example_branch_operator_decorator.py for tasks to queue
[2025-10-24T14:35:12.455+0000] {logging_mixin.py:188} INFO - [2025-10-24T14:35:12.455+0000] {dagbag.py:545} INFO - Filling up the DagBag from /home/khaled/dbt-env/lib/python3.12/site-packages/airflow/example_dags/example_branch_operator_decorator.py
[2025-10-24T14:35:12.457+0000] {processor.py:842} WARNING - No viable dags retrieved from /home/khaled/dbt-env/lib/python3.12/site-packages/airflow/example_dags/example_branch_operator_decorator.py
[2025-10-24T14:35:12.465+0000] {processor.py:183} INFO - Processing /home/khaled/dbt-env/lib/python3.12/site-packages/airflow/example_dags/example_branch_operator_decorator.py took 0.017 seconds
[2025-10-24T14:36:11.879+0000] {processor.py:161} INFO - Started process (PID=8985) to work on /home/khaled/dbt-env/lib/python3.12/site-packages/airflow/example_dags/example_branch_operator_decorator.py
[2025-10-24T14:36:11.881+0000] {processor.py:830} INFO - Processing file /home/khaled/dbt-env/lib/python3.12/site-packages/airflow/example_dags/example_branch_operator_decorator.py for tasks to queue
[2025-10-24T14:36:11.882+0000] {logging_mixin.py:188} INFO - [2025-10-24T14:36:11.882+0000] {dagbag.py:545} INFO - Filling up the DagBag from /home/khaled/dbt-env/lib/python3.12/site-packages/airflow/example_dags/example_branch_operator_decorator.py
[2025-10-24T14:36:11.884+0000] {processor.py:842} WARNING - No viable dags retrieved from /home/khaled/dbt-env/lib/python3.12/site-packages/airflow/example_dags/example_branch_operator_decorator.py
[2025-10-24T14:36:11.891+0000] {processor.py:183} INFO - Processing /home/khaled/dbt-env/lib/python3.12/site-packages/airflow/example_dags/example_branch_operator_decorator.py took 0.016 seconds
[2025-10-24T14:37:09.678+0000] {processor.py:161} INFO - Started process (PID=9046) to work on /home/khaled/dbt-env/lib/python3.12/site-packages/airflow/example_dags/example_branch_operator_decorator.py
[2025-10-24T14:37:09.680+0000] {processor.py:830} INFO - Processing file /home/khaled/dbt-env/lib/python3.12/site-packages/airflow/example_dags/example_branch_operator_decorator.py for tasks to queue
[2025-10-24T14:37:09.682+0000] {logging_mixin.py:188} INFO - [2025-10-24T14:37:09.681+0000] {dagbag.py:545} INFO - Filling up the DagBag from /home/khaled/dbt-env/lib/python3.12/site-packages/airflow/example_dags/example_branch_operator_decorator.py
[2025-10-24T14:37:09.684+0000] {processor.py:842} WARNING - No viable dags retrieved from /home/khaled/dbt-env/lib/python3.12/site-packages/airflow/example_dags/example_branch_operator_decorator.py
[2025-10-24T14:37:09.691+0000] {processor.py:183} INFO - Processing /home/khaled/dbt-env/lib/python3.12/site-packages/airflow/example_dags/example_branch_operator_decorator.py took 0.017 seconds
[2025-10-24T14:38:15.273+0000] {processor.py:161} INFO - Started process (PID=9111) to work on /home/khaled/dbt-env/lib/python3.12/site-packages/airflow/example_dags/example_branch_operator_decorator.py
[2025-10-24T14:38:15.274+0000] {processor.py:830} INFO - Processing file /home/khaled/dbt-env/lib/python3.12/site-packages/airflow/example_dags/example_branch_operator_decorator.py for tasks to queue
[2025-10-24T14:38:15.275+0000] {logging_mixin.py:188} INFO - [2025-10-24T14:38:15.275+0000] {dagbag.py:545} INFO - Filling up the DagBag from /home/khaled/dbt-env/lib/python3.12/site-packages/airflow/example_dags/example_branch_operator_decorator.py
[2025-10-24T14:38:15.277+0000] {processor.py:842} WARNING - No viable dags retrieved from /home/khaled/dbt-env/lib/python3.12/site-packages/airflow/example_dags/example_branch_operator_decorator.py
[2025-10-24T14:38:15.284+0000] {processor.py:183} INFO - Processing /home/khaled/dbt-env/lib/python3.12/site-packages/airflow/example_dags/example_branch_operator_decorator.py took 0.017 seconds
[2025-10-24T14:39:34.258+0000] {processor.py:161} INFO - Started process (PID=9197) to work on /home/khaled/dbt-env/lib/python3.12/site-packages/airflow/example_dags/example_branch_operator_decorator.py
[2025-10-24T14:39:34.259+0000] {processor.py:830} INFO - Processing file /home/khaled/dbt-env/lib/python3.12/site-packages/airflow/example_dags/example_branch_operator_decorator.py for tasks to queue
[2025-10-24T14:39:34.260+0000] {logging_mixin.py:188} INFO - [2025-10-24T14:39:34.260+0000] {dagbag.py:545} INFO - Filling up the DagBag from /home/khaled/dbt-env/lib/python3.12/site-packages/airflow/example_dags/example_branch_operator_decorator.py
[2025-10-24T14:39:34.262+0000] {processor.py:842} WARNING - No viable dags retrieved from /home/khaled/dbt-env/lib/python3.12/site-packages/airflow/example_dags/example_branch_operator_decorator.py
[2025-10-24T14:39:34.269+0000] {processor.py:183} INFO - Processing /home/khaled/dbt-env/lib/python3.12/site-packages/airflow/example_dags/example_branch_operator_decorator.py took 0.017 seconds
[2025-10-24T14:40:32.225+0000] {processor.py:161} INFO - Started process (PID=9265) to work on /home/khaled/dbt-env/lib/python3.12/site-packages/airflow/example_dags/example_branch_operator_decorator.py
[2025-10-24T14:40:32.226+0000] {processor.py:830} INFO - Processing file /home/khaled/dbt-env/lib/python3.12/site-packages/airflow/example_dags/example_branch_operator_decorator.py for tasks to queue
[2025-10-24T14:40:32.228+0000] {logging_mixin.py:188} INFO - [2025-10-24T14:40:32.227+0000] {dagbag.py:545} INFO - Filling up the DagBag from /home/khaled/dbt-env/lib/python3.12/site-packages/airflow/example_dags/example_branch_operator_decorator.py
[2025-10-24T14:40:32.229+0000] {processor.py:842} WARNING - No viable dags retrieved from /home/khaled/dbt-env/lib/python3.12/site-packages/airflow/example_dags/example_branch_operator_decorator.py
[2025-10-24T14:40:32.237+0000] {processor.py:183} INFO - Processing /home/khaled/dbt-env/lib/python3.12/site-packages/airflow/example_dags/example_branch_operator_decorator.py took 0.016 seconds
[2025-10-24T14:41:28.775+0000] {processor.py:161} INFO - Started process (PID=9357) to work on /home/khaled/dbt-env/lib/python3.12/site-packages/airflow/example_dags/example_branch_operator_decorator.py
[2025-10-24T14:41:28.776+0000] {processor.py:830} INFO - Processing file /home/khaled/dbt-env/lib/python3.12/site-packages/airflow/example_dags/example_branch_operator_decorator.py for tasks to queue
[2025-10-24T14:41:28.777+0000] {logging_mixin.py:188} INFO - [2025-10-24T14:41:28.777+0000] {dagbag.py:545} INFO - Filling up the DagBag from /home/khaled/dbt-env/lib/python3.12/site-packages/airflow/example_dags/example_branch_operator_decorator.py
[2025-10-24T14:41:28.779+0000] {processor.py:842} WARNING - No viable dags retrieved from /home/khaled/dbt-env/lib/python3.12/site-packages/airflow/example_dags/example_branch_operator_decorator.py
[2025-10-24T14:41:28.786+0000] {processor.py:183} INFO - Processing /home/khaled/dbt-env/lib/python3.12/site-packages/airflow/example_dags/example_branch_operator_decorator.py took 0.016 seconds
[2025-10-24T14:42:30.313+0000] {processor.py:161} INFO - Started process (PID=9417) to work on /home/khaled/dbt-env/lib/python3.12/site-packages/airflow/example_dags/example_branch_operator_decorator.py
[2025-10-24T14:42:30.314+0000] {processor.py:830} INFO - Processing file /home/khaled/dbt-env/lib/python3.12/site-packages/airflow/example_dags/example_branch_operator_decorator.py for tasks to queue
[2025-10-24T14:42:30.315+0000] {logging_mixin.py:188} INFO - [2025-10-24T14:42:30.315+0000] {dagbag.py:545} INFO - Filling up the DagBag from /home/khaled/dbt-env/lib/python3.12/site-packages/airflow/example_dags/example_branch_operator_decorator.py
[2025-10-24T14:42:30.317+0000] {processor.py:842} WARNING - No viable dags retrieved from /home/khaled/dbt-env/lib/python3.12/site-packages/airflow/example_dags/example_branch_operator_decorator.py
[2025-10-24T14:42:30.325+0000] {processor.py:183} INFO - Processing /home/khaled/dbt-env/lib/python3.12/site-packages/airflow/example_dags/example_branch_operator_decorator.py took 0.018 seconds
[2025-10-24T14:43:37.245+0000] {processor.py:161} INFO - Started process (PID=9492) to work on /home/khaled/dbt-env/lib/python3.12/site-packages/airflow/example_dags/example_branch_operator_decorator.py
[2025-10-24T14:43:37.246+0000] {processor.py:830} INFO - Processing file /home/khaled/dbt-env/lib/python3.12/site-packages/airflow/example_dags/example_branch_operator_decorator.py for tasks to queue
[2025-10-24T14:43:37.247+0000] {logging_mixin.py:188} INFO - [2025-10-24T14:43:37.247+0000] {dagbag.py:545} INFO - Filling up the DagBag from /home/khaled/dbt-env/lib/python3.12/site-packages/airflow/example_dags/example_branch_operator_decorator.py
[2025-10-24T14:43:37.249+0000] {processor.py:842} WARNING - No viable dags retrieved from /home/khaled/dbt-env/lib/python3.12/site-packages/airflow/example_dags/example_branch_operator_decorator.py
[2025-10-24T14:43:37.257+0000] {processor.py:183} INFO - Processing /home/khaled/dbt-env/lib/python3.12/site-packages/airflow/example_dags/example_branch_operator_decorator.py took 0.016 seconds
[2025-10-24T14:44:34.500+0000] {processor.py:161} INFO - Started process (PID=9553) to work on /home/khaled/dbt-env/lib/python3.12/site-packages/airflow/example_dags/example_branch_operator_decorator.py
[2025-10-24T14:44:34.502+0000] {processor.py:830} INFO - Processing file /home/khaled/dbt-env/lib/python3.12/site-packages/airflow/example_dags/example_branch_operator_decorator.py for tasks to queue
[2025-10-24T14:44:34.503+0000] {logging_mixin.py:188} INFO - [2025-10-24T14:44:34.503+0000] {dagbag.py:545} INFO - Filling up the DagBag from /home/khaled/dbt-env/lib/python3.12/site-packages/airflow/example_dags/example_branch_operator_decorator.py
[2025-10-24T14:44:34.505+0000] {processor.py:842} WARNING - No viable dags retrieved from /home/khaled/dbt-env/lib/python3.12/site-packages/airflow/example_dags/example_branch_operator_decorator.py
[2025-10-24T14:44:34.512+0000] {processor.py:183} INFO - Processing /home/khaled/dbt-env/lib/python3.12/site-packages/airflow/example_dags/example_branch_operator_decorator.py took 0.017 seconds
[2025-10-24T14:45:35.357+0000] {processor.py:161} INFO - Started process (PID=9622) to work on /home/khaled/dbt-env/lib/python3.12/site-packages/airflow/example_dags/example_branch_operator_decorator.py
[2025-10-24T14:45:35.358+0000] {processor.py:830} INFO - Processing file /home/khaled/dbt-env/lib/python3.12/site-packages/airflow/example_dags/example_branch_operator_decorator.py for tasks to queue
[2025-10-24T14:45:35.359+0000] {logging_mixin.py:188} INFO - [2025-10-24T14:45:35.359+0000] {dagbag.py:545} INFO - Filling up the DagBag from /home/khaled/dbt-env/lib/python3.12/site-packages/airflow/example_dags/example_branch_operator_decorator.py
[2025-10-24T14:45:35.361+0000] {processor.py:842} WARNING - No viable dags retrieved from /home/khaled/dbt-env/lib/python3.12/site-packages/airflow/example_dags/example_branch_operator_decorator.py
[2025-10-24T14:45:35.368+0000] {processor.py:183} INFO - Processing /home/khaled/dbt-env/lib/python3.12/site-packages/airflow/example_dags/example_branch_operator_decorator.py took 0.016 seconds
[2025-10-24T14:46:40.904+0000] {processor.py:161} INFO - Started process (PID=9711) to work on /home/khaled/dbt-env/lib/python3.12/site-packages/airflow/example_dags/example_branch_operator_decorator.py
[2025-10-24T14:46:40.915+0000] {processor.py:830} INFO - Processing file /home/khaled/dbt-env/lib/python3.12/site-packages/airflow/example_dags/example_branch_operator_decorator.py for tasks to queue
[2025-10-24T14:46:40.917+0000] {logging_mixin.py:188} INFO - [2025-10-24T14:46:40.917+0000] {dagbag.py:545} INFO - Filling up the DagBag from /home/khaled/dbt-env/lib/python3.12/site-packages/airflow/example_dags/example_branch_operator_decorator.py
[2025-10-24T14:46:40.920+0000] {processor.py:842} WARNING - No viable dags retrieved from /home/khaled/dbt-env/lib/python3.12/site-packages/airflow/example_dags/example_branch_operator_decorator.py
[2025-10-24T14:46:40.927+0000] {processor.py:183} INFO - Processing /home/khaled/dbt-env/lib/python3.12/site-packages/airflow/example_dags/example_branch_operator_decorator.py took 0.028 seconds
[2025-10-24T14:47:44.400+0000] {processor.py:161} INFO - Started process (PID=9773) to work on /home/khaled/dbt-env/lib/python3.12/site-packages/airflow/example_dags/example_branch_operator_decorator.py
[2025-10-24T14:47:44.401+0000] {processor.py:830} INFO - Processing file /home/khaled/dbt-env/lib/python3.12/site-packages/airflow/example_dags/example_branch_operator_decorator.py for tasks to queue
[2025-10-24T14:47:44.403+0000] {logging_mixin.py:188} INFO - [2025-10-24T14:47:44.402+0000] {dagbag.py:545} INFO - Filling up the DagBag from /home/khaled/dbt-env/lib/python3.12/site-packages/airflow/example_dags/example_branch_operator_decorator.py
[2025-10-24T14:47:44.404+0000] {processor.py:842} WARNING - No viable dags retrieved from /home/khaled/dbt-env/lib/python3.12/site-packages/airflow/example_dags/example_branch_operator_decorator.py
[2025-10-24T14:47:44.411+0000] {processor.py:183} INFO - Processing /home/khaled/dbt-env/lib/python3.12/site-packages/airflow/example_dags/example_branch_operator_decorator.py took 0.017 seconds
[2025-10-24T14:48:52.480+0000] {processor.py:161} INFO - Started process (PID=9843) to work on /home/khaled/dbt-env/lib/python3.12/site-packages/airflow/example_dags/example_branch_operator_decorator.py
[2025-10-24T14:48:52.481+0000] {processor.py:830} INFO - Processing file /home/khaled/dbt-env/lib/python3.12/site-packages/airflow/example_dags/example_branch_operator_decorator.py for tasks to queue
[2025-10-24T14:48:52.483+0000] {logging_mixin.py:188} INFO - [2025-10-24T14:48:52.482+0000] {dagbag.py:545} INFO - Filling up the DagBag from /home/khaled/dbt-env/lib/python3.12/site-packages/airflow/example_dags/example_branch_operator_decorator.py
[2025-10-24T14:48:52.484+0000] {processor.py:842} WARNING - No viable dags retrieved from /home/khaled/dbt-env/lib/python3.12/site-packages/airflow/example_dags/example_branch_operator_decorator.py
[2025-10-24T14:48:52.491+0000] {processor.py:183} INFO - Processing /home/khaled/dbt-env/lib/python3.12/site-packages/airflow/example_dags/example_branch_operator_decorator.py took 0.016 seconds
[2025-10-24T14:49:57.814+0000] {processor.py:161} INFO - Started process (PID=9911) to work on /home/khaled/dbt-env/lib/python3.12/site-packages/airflow/example_dags/example_branch_operator_decorator.py
[2025-10-24T14:49:57.815+0000] {processor.py:830} INFO - Processing file /home/khaled/dbt-env/lib/python3.12/site-packages/airflow/example_dags/example_branch_operator_decorator.py for tasks to queue
[2025-10-24T14:49:57.816+0000] {logging_mixin.py:188} INFO - [2025-10-24T14:49:57.816+0000] {dagbag.py:545} INFO - Filling up the DagBag from /home/khaled/dbt-env/lib/python3.12/site-packages/airflow/example_dags/example_branch_operator_decorator.py
[2025-10-24T14:49:57.818+0000] {processor.py:842} WARNING - No viable dags retrieved from /home/khaled/dbt-env/lib/python3.12/site-packages/airflow/example_dags/example_branch_operator_decorator.py
[2025-10-24T14:49:57.824+0000] {processor.py:183} INFO - Processing /home/khaled/dbt-env/lib/python3.12/site-packages/airflow/example_dags/example_branch_operator_decorator.py took 0.015 seconds
[2025-10-24T14:50:52.689+0000] {processor.py:161} INFO - Started process (PID=10002) to work on /home/khaled/dbt-env/lib/python3.12/site-packages/airflow/example_dags/example_branch_operator_decorator.py
[2025-10-24T14:50:52.701+0000] {processor.py:830} INFO - Processing file /home/khaled/dbt-env/lib/python3.12/site-packages/airflow/example_dags/example_branch_operator_decorator.py for tasks to queue
[2025-10-24T14:50:52.702+0000] {logging_mixin.py:188} INFO - [2025-10-24T14:50:52.702+0000] {dagbag.py:545} INFO - Filling up the DagBag from /home/khaled/dbt-env/lib/python3.12/site-packages/airflow/example_dags/example_branch_operator_decorator.py
[2025-10-24T14:50:52.704+0000] {processor.py:842} WARNING - No viable dags retrieved from /home/khaled/dbt-env/lib/python3.12/site-packages/airflow/example_dags/example_branch_operator_decorator.py
[2025-10-24T14:50:52.711+0000] {processor.py:183} INFO - Processing /home/khaled/dbt-env/lib/python3.12/site-packages/airflow/example_dags/example_branch_operator_decorator.py took 0.026 seconds
[2025-10-24T14:52:14.949+0000] {processor.py:161} INFO - Started process (PID=10090) to work on /home/khaled/dbt-env/lib/python3.12/site-packages/airflow/example_dags/example_branch_operator_decorator.py
[2025-10-24T14:52:14.950+0000] {processor.py:830} INFO - Processing file /home/khaled/dbt-env/lib/python3.12/site-packages/airflow/example_dags/example_branch_operator_decorator.py for tasks to queue
[2025-10-24T14:52:14.951+0000] {logging_mixin.py:188} INFO - [2025-10-24T14:52:14.951+0000] {dagbag.py:545} INFO - Filling up the DagBag from /home/khaled/dbt-env/lib/python3.12/site-packages/airflow/example_dags/example_branch_operator_decorator.py
[2025-10-24T14:52:14.953+0000] {processor.py:842} WARNING - No viable dags retrieved from /home/khaled/dbt-env/lib/python3.12/site-packages/airflow/example_dags/example_branch_operator_decorator.py
[2025-10-24T14:52:14.961+0000] {processor.py:183} INFO - Processing /home/khaled/dbt-env/lib/python3.12/site-packages/airflow/example_dags/example_branch_operator_decorator.py took 0.017 seconds
[2025-10-24T14:53:34.542+0000] {processor.py:161} INFO - Started process (PID=10178) to work on /home/khaled/dbt-env/lib/python3.12/site-packages/airflow/example_dags/example_branch_operator_decorator.py
[2025-10-24T14:53:34.543+0000] {processor.py:830} INFO - Processing file /home/khaled/dbt-env/lib/python3.12/site-packages/airflow/example_dags/example_branch_operator_decorator.py for tasks to queue
[2025-10-24T14:53:34.545+0000] {logging_mixin.py:188} INFO - [2025-10-24T14:53:34.544+0000] {dagbag.py:545} INFO - Filling up the DagBag from /home/khaled/dbt-env/lib/python3.12/site-packages/airflow/example_dags/example_branch_operator_decorator.py
[2025-10-24T14:53:34.546+0000] {processor.py:842} WARNING - No viable dags retrieved from /home/khaled/dbt-env/lib/python3.12/site-packages/airflow/example_dags/example_branch_operator_decorator.py
[2025-10-24T14:53:34.553+0000] {processor.py:183} INFO - Processing /home/khaled/dbt-env/lib/python3.12/site-packages/airflow/example_dags/example_branch_operator_decorator.py took 0.018 seconds
[2025-10-24T14:54:55.688+0000] {processor.py:161} INFO - Started process (PID=10263) to work on /home/khaled/dbt-env/lib/python3.12/site-packages/airflow/example_dags/example_branch_operator_decorator.py
[2025-10-24T14:54:55.690+0000] {processor.py:830} INFO - Processing file /home/khaled/dbt-env/lib/python3.12/site-packages/airflow/example_dags/example_branch_operator_decorator.py for tasks to queue
[2025-10-24T14:54:55.691+0000] {logging_mixin.py:188} INFO - [2025-10-24T14:54:55.691+0000] {dagbag.py:545} INFO - Filling up the DagBag from /home/khaled/dbt-env/lib/python3.12/site-packages/airflow/example_dags/example_branch_operator_decorator.py
[2025-10-24T14:54:55.693+0000] {processor.py:842} WARNING - No viable dags retrieved from /home/khaled/dbt-env/lib/python3.12/site-packages/airflow/example_dags/example_branch_operator_decorator.py
[2025-10-24T14:54:55.701+0000] {processor.py:183} INFO - Processing /home/khaled/dbt-env/lib/python3.12/site-packages/airflow/example_dags/example_branch_operator_decorator.py took 0.018 seconds
[2025-10-24T14:56:00.724+0000] {processor.py:161} INFO - Started process (PID=10366) to work on /home/khaled/dbt-env/lib/python3.12/site-packages/airflow/example_dags/example_branch_operator_decorator.py
[2025-10-24T14:56:00.736+0000] {processor.py:830} INFO - Processing file /home/khaled/dbt-env/lib/python3.12/site-packages/airflow/example_dags/example_branch_operator_decorator.py for tasks to queue
[2025-10-24T14:56:00.738+0000] {logging_mixin.py:188} INFO - [2025-10-24T14:56:00.737+0000] {dagbag.py:545} INFO - Filling up the DagBag from /home/khaled/dbt-env/lib/python3.12/site-packages/airflow/example_dags/example_branch_operator_decorator.py
[2025-10-24T14:56:00.740+0000] {processor.py:842} WARNING - No viable dags retrieved from /home/khaled/dbt-env/lib/python3.12/site-packages/airflow/example_dags/example_branch_operator_decorator.py
[2025-10-24T14:56:00.747+0000] {processor.py:183} INFO - Processing /home/khaled/dbt-env/lib/python3.12/site-packages/airflow/example_dags/example_branch_operator_decorator.py took 0.028 seconds
[2025-10-24T14:57:16.817+0000] {processor.py:161} INFO - Started process (PID=10455) to work on /home/khaled/dbt-env/lib/python3.12/site-packages/airflow/example_dags/example_branch_operator_decorator.py
[2025-10-24T14:57:16.819+0000] {processor.py:830} INFO - Processing file /home/khaled/dbt-env/lib/python3.12/site-packages/airflow/example_dags/example_branch_operator_decorator.py for tasks to queue
[2025-10-24T14:57:16.820+0000] {logging_mixin.py:188} INFO - [2025-10-24T14:57:16.820+0000] {dagbag.py:545} INFO - Filling up the DagBag from /home/khaled/dbt-env/lib/python3.12/site-packages/airflow/example_dags/example_branch_operator_decorator.py
[2025-10-24T14:57:16.822+0000] {processor.py:842} WARNING - No viable dags retrieved from /home/khaled/dbt-env/lib/python3.12/site-packages/airflow/example_dags/example_branch_operator_decorator.py
[2025-10-24T14:57:16.830+0000] {processor.py:183} INFO - Processing /home/khaled/dbt-env/lib/python3.12/site-packages/airflow/example_dags/example_branch_operator_decorator.py took 0.018 seconds
[2025-10-24T14:58:17.664+0000] {processor.py:161} INFO - Started process (PID=10515) to work on /home/khaled/dbt-env/lib/python3.12/site-packages/airflow/example_dags/example_branch_operator_decorator.py
[2025-10-24T14:58:17.674+0000] {processor.py:830} INFO - Processing file /home/khaled/dbt-env/lib/python3.12/site-packages/airflow/example_dags/example_branch_operator_decorator.py for tasks to queue
[2025-10-24T14:58:17.675+0000] {logging_mixin.py:188} INFO - [2025-10-24T14:58:17.675+0000] {dagbag.py:545} INFO - Filling up the DagBag from /home/khaled/dbt-env/lib/python3.12/site-packages/airflow/example_dags/example_branch_operator_decorator.py
[2025-10-24T14:58:17.677+0000] {processor.py:842} WARNING - No viable dags retrieved from /home/khaled/dbt-env/lib/python3.12/site-packages/airflow/example_dags/example_branch_operator_decorator.py
[2025-10-24T14:58:17.684+0000] {processor.py:183} INFO - Processing /home/khaled/dbt-env/lib/python3.12/site-packages/airflow/example_dags/example_branch_operator_decorator.py took 0.024 seconds
[2025-10-24T14:59:12.787+0000] {processor.py:161} INFO - Started process (PID=10576) to work on /home/khaled/dbt-env/lib/python3.12/site-packages/airflow/example_dags/example_branch_operator_decorator.py
[2025-10-24T14:59:12.789+0000] {processor.py:830} INFO - Processing file /home/khaled/dbt-env/lib/python3.12/site-packages/airflow/example_dags/example_branch_operator_decorator.py for tasks to queue
[2025-10-24T14:59:12.790+0000] {logging_mixin.py:188} INFO - [2025-10-24T14:59:12.790+0000] {dagbag.py:545} INFO - Filling up the DagBag from /home/khaled/dbt-env/lib/python3.12/site-packages/airflow/example_dags/example_branch_operator_decorator.py
[2025-10-24T14:59:12.792+0000] {processor.py:842} WARNING - No viable dags retrieved from /home/khaled/dbt-env/lib/python3.12/site-packages/airflow/example_dags/example_branch_operator_decorator.py
[2025-10-24T14:59:12.798+0000] {processor.py:183} INFO - Processing /home/khaled/dbt-env/lib/python3.12/site-packages/airflow/example_dags/example_branch_operator_decorator.py took 0.016 seconds
[2025-10-24T15:00:15.723+0000] {processor.py:161} INFO - Started process (PID=10711) to work on /home/khaled/dbt-env/lib/python3.12/site-packages/airflow/example_dags/example_branch_operator_decorator.py
[2025-10-24T15:00:15.724+0000] {processor.py:830} INFO - Processing file /home/khaled/dbt-env/lib/python3.12/site-packages/airflow/example_dags/example_branch_operator_decorator.py for tasks to queue
[2025-10-24T15:00:15.725+0000] {logging_mixin.py:188} INFO - [2025-10-24T15:00:15.725+0000] {dagbag.py:545} INFO - Filling up the DagBag from /home/khaled/dbt-env/lib/python3.12/site-packages/airflow/example_dags/example_branch_operator_decorator.py
[2025-10-24T15:00:15.727+0000] {processor.py:842} WARNING - No viable dags retrieved from /home/khaled/dbt-env/lib/python3.12/site-packages/airflow/example_dags/example_branch_operator_decorator.py
[2025-10-24T15:00:15.735+0000] {processor.py:183} INFO - Processing /home/khaled/dbt-env/lib/python3.12/site-packages/airflow/example_dags/example_branch_operator_decorator.py took 0.016 seconds
[2025-10-24T15:01:24.921+0000] {processor.py:161} INFO - Started process (PID=10821) to work on /home/khaled/dbt-env/lib/python3.12/site-packages/airflow/example_dags/example_branch_operator_decorator.py
[2025-10-24T15:01:24.923+0000] {processor.py:830} INFO - Processing file /home/khaled/dbt-env/lib/python3.12/site-packages/airflow/example_dags/example_branch_operator_decorator.py for tasks to queue
[2025-10-24T15:01:24.924+0000] {logging_mixin.py:188} INFO - [2025-10-24T15:01:24.924+0000] {dagbag.py:545} INFO - Filling up the DagBag from /home/khaled/dbt-env/lib/python3.12/site-packages/airflow/example_dags/example_branch_operator_decorator.py
[2025-10-24T15:01:24.926+0000] {processor.py:842} WARNING - No viable dags retrieved from /home/khaled/dbt-env/lib/python3.12/site-packages/airflow/example_dags/example_branch_operator_decorator.py
[2025-10-24T15:01:24.932+0000] {processor.py:183} INFO - Processing /home/khaled/dbt-env/lib/python3.12/site-packages/airflow/example_dags/example_branch_operator_decorator.py took 0.015 seconds
[2025-10-24T15:02:29.479+0000] {processor.py:161} INFO - Started process (PID=10884) to work on /home/khaled/dbt-env/lib/python3.12/site-packages/airflow/example_dags/example_branch_operator_decorator.py
[2025-10-24T15:02:29.480+0000] {processor.py:830} INFO - Processing file /home/khaled/dbt-env/lib/python3.12/site-packages/airflow/example_dags/example_branch_operator_decorator.py for tasks to queue
[2025-10-24T15:02:29.482+0000] {logging_mixin.py:188} INFO - [2025-10-24T15:02:29.481+0000] {dagbag.py:545} INFO - Filling up the DagBag from /home/khaled/dbt-env/lib/python3.12/site-packages/airflow/example_dags/example_branch_operator_decorator.py
[2025-10-24T15:02:29.483+0000] {processor.py:842} WARNING - No viable dags retrieved from /home/khaled/dbt-env/lib/python3.12/site-packages/airflow/example_dags/example_branch_operator_decorator.py
[2025-10-24T15:02:29.491+0000] {processor.py:183} INFO - Processing /home/khaled/dbt-env/lib/python3.12/site-packages/airflow/example_dags/example_branch_operator_decorator.py took 0.017 seconds
[2025-10-24T15:03:36.072+0000] {processor.py:161} INFO - Started process (PID=10953) to work on /home/khaled/dbt-env/lib/python3.12/site-packages/airflow/example_dags/example_branch_operator_decorator.py
[2025-10-24T15:03:36.073+0000] {processor.py:830} INFO - Processing file /home/khaled/dbt-env/lib/python3.12/site-packages/airflow/example_dags/example_branch_operator_decorator.py for tasks to queue
[2025-10-24T15:03:36.074+0000] {logging_mixin.py:188} INFO - [2025-10-24T15:03:36.074+0000] {dagbag.py:545} INFO - Filling up the DagBag from /home/khaled/dbt-env/lib/python3.12/site-packages/airflow/example_dags/example_branch_operator_decorator.py
[2025-10-24T15:03:36.076+0000] {processor.py:842} WARNING - No viable dags retrieved from /home/khaled/dbt-env/lib/python3.12/site-packages/airflow/example_dags/example_branch_operator_decorator.py
[2025-10-24T15:03:36.084+0000] {processor.py:183} INFO - Processing /home/khaled/dbt-env/lib/python3.12/site-packages/airflow/example_dags/example_branch_operator_decorator.py took 0.017 seconds
[2025-10-24T15:04:35.139+0000] {processor.py:161} INFO - Started process (PID=11016) to work on /home/khaled/dbt-env/lib/python3.12/site-packages/airflow/example_dags/example_branch_operator_decorator.py
[2025-10-24T15:04:35.140+0000] {processor.py:830} INFO - Processing file /home/khaled/dbt-env/lib/python3.12/site-packages/airflow/example_dags/example_branch_operator_decorator.py for tasks to queue
[2025-10-24T15:04:35.141+0000] {logging_mixin.py:188} INFO - [2025-10-24T15:04:35.141+0000] {dagbag.py:545} INFO - Filling up the DagBag from /home/khaled/dbt-env/lib/python3.12/site-packages/airflow/example_dags/example_branch_operator_decorator.py
[2025-10-24T15:04:35.143+0000] {processor.py:842} WARNING - No viable dags retrieved from /home/khaled/dbt-env/lib/python3.12/site-packages/airflow/example_dags/example_branch_operator_decorator.py
[2025-10-24T15:04:35.151+0000] {processor.py:183} INFO - Processing /home/khaled/dbt-env/lib/python3.12/site-packages/airflow/example_dags/example_branch_operator_decorator.py took 0.017 seconds
[2025-10-24T15:05:35.224+0000] {processor.py:161} INFO - Started process (PID=11085) to work on /home/khaled/dbt-env/lib/python3.12/site-packages/airflow/example_dags/example_branch_operator_decorator.py
[2025-10-24T15:05:35.225+0000] {processor.py:830} INFO - Processing file /home/khaled/dbt-env/lib/python3.12/site-packages/airflow/example_dags/example_branch_operator_decorator.py for tasks to queue
[2025-10-24T15:05:35.227+0000] {logging_mixin.py:188} INFO - [2025-10-24T15:05:35.226+0000] {dagbag.py:545} INFO - Filling up the DagBag from /home/khaled/dbt-env/lib/python3.12/site-packages/airflow/example_dags/example_branch_operator_decorator.py
[2025-10-24T15:05:35.229+0000] {processor.py:842} WARNING - No viable dags retrieved from /home/khaled/dbt-env/lib/python3.12/site-packages/airflow/example_dags/example_branch_operator_decorator.py
[2025-10-24T15:05:35.235+0000] {processor.py:183} INFO - Processing /home/khaled/dbt-env/lib/python3.12/site-packages/airflow/example_dags/example_branch_operator_decorator.py took 0.015 seconds
[2025-10-24T15:06:36.437+0000] {processor.py:161} INFO - Started process (PID=11179) to work on /home/khaled/dbt-env/lib/python3.12/site-packages/airflow/example_dags/example_branch_operator_decorator.py
[2025-10-24T15:06:36.438+0000] {processor.py:830} INFO - Processing file /home/khaled/dbt-env/lib/python3.12/site-packages/airflow/example_dags/example_branch_operator_decorator.py for tasks to queue
[2025-10-24T15:06:36.439+0000] {logging_mixin.py:188} INFO - [2025-10-24T15:06:36.439+0000] {dagbag.py:545} INFO - Filling up the DagBag from /home/khaled/dbt-env/lib/python3.12/site-packages/airflow/example_dags/example_branch_operator_decorator.py
[2025-10-24T15:06:36.441+0000] {processor.py:842} WARNING - No viable dags retrieved from /home/khaled/dbt-env/lib/python3.12/site-packages/airflow/example_dags/example_branch_operator_decorator.py
[2025-10-24T15:06:36.448+0000] {processor.py:183} INFO - Processing /home/khaled/dbt-env/lib/python3.12/site-packages/airflow/example_dags/example_branch_operator_decorator.py took 0.016 seconds
[2025-10-24T15:07:56.593+0000] {processor.py:161} INFO - Started process (PID=11263) to work on /home/khaled/dbt-env/lib/python3.12/site-packages/airflow/example_dags/example_branch_operator_decorator.py
[2025-10-24T15:07:56.594+0000] {processor.py:830} INFO - Processing file /home/khaled/dbt-env/lib/python3.12/site-packages/airflow/example_dags/example_branch_operator_decorator.py for tasks to queue
[2025-10-24T15:07:56.596+0000] {logging_mixin.py:188} INFO - [2025-10-24T15:07:56.595+0000] {dagbag.py:545} INFO - Filling up the DagBag from /home/khaled/dbt-env/lib/python3.12/site-packages/airflow/example_dags/example_branch_operator_decorator.py
[2025-10-24T15:07:56.597+0000] {processor.py:842} WARNING - No viable dags retrieved from /home/khaled/dbt-env/lib/python3.12/site-packages/airflow/example_dags/example_branch_operator_decorator.py
[2025-10-24T15:07:56.604+0000] {processor.py:183} INFO - Processing /home/khaled/dbt-env/lib/python3.12/site-packages/airflow/example_dags/example_branch_operator_decorator.py took 0.016 seconds
[2025-10-24T15:08:49.974+0000] {processor.py:161} INFO - Started process (PID=11323) to work on /home/khaled/dbt-env/lib/python3.12/site-packages/airflow/example_dags/example_branch_operator_decorator.py
[2025-10-24T15:08:49.975+0000] {processor.py:830} INFO - Processing file /home/khaled/dbt-env/lib/python3.12/site-packages/airflow/example_dags/example_branch_operator_decorator.py for tasks to queue
[2025-10-24T15:08:49.977+0000] {logging_mixin.py:188} INFO - [2025-10-24T15:08:49.976+0000] {dagbag.py:545} INFO - Filling up the DagBag from /home/khaled/dbt-env/lib/python3.12/site-packages/airflow/example_dags/example_branch_operator_decorator.py
[2025-10-24T15:08:49.978+0000] {processor.py:842} WARNING - No viable dags retrieved from /home/khaled/dbt-env/lib/python3.12/site-packages/airflow/example_dags/example_branch_operator_decorator.py
[2025-10-24T15:08:49.989+0000] {processor.py:183} INFO - Processing /home/khaled/dbt-env/lib/python3.12/site-packages/airflow/example_dags/example_branch_operator_decorator.py took 0.019 seconds
[2025-10-24T15:10:15.323+0000] {processor.py:161} INFO - Started process (PID=11416) to work on /home/khaled/dbt-env/lib/python3.12/site-packages/airflow/example_dags/example_branch_operator_decorator.py
[2025-10-24T15:10:15.324+0000] {processor.py:830} INFO - Processing file /home/khaled/dbt-env/lib/python3.12/site-packages/airflow/example_dags/example_branch_operator_decorator.py for tasks to queue
[2025-10-24T15:10:15.325+0000] {logging_mixin.py:188} INFO - [2025-10-24T15:10:15.325+0000] {dagbag.py:545} INFO - Filling up the DagBag from /home/khaled/dbt-env/lib/python3.12/site-packages/airflow/example_dags/example_branch_operator_decorator.py
[2025-10-24T15:10:15.327+0000] {processor.py:842} WARNING - No viable dags retrieved from /home/khaled/dbt-env/lib/python3.12/site-packages/airflow/example_dags/example_branch_operator_decorator.py
[2025-10-24T15:10:15.334+0000] {processor.py:183} INFO - Processing /home/khaled/dbt-env/lib/python3.12/site-packages/airflow/example_dags/example_branch_operator_decorator.py took 0.015 seconds
[2025-10-24T15:11:20.818+0000] {processor.py:161} INFO - Started process (PID=11511) to work on /home/khaled/dbt-env/lib/python3.12/site-packages/airflow/example_dags/example_branch_operator_decorator.py
[2025-10-24T15:11:20.820+0000] {processor.py:830} INFO - Processing file /home/khaled/dbt-env/lib/python3.12/site-packages/airflow/example_dags/example_branch_operator_decorator.py for tasks to queue
[2025-10-24T15:11:20.821+0000] {logging_mixin.py:188} INFO - [2025-10-24T15:11:20.821+0000] {dagbag.py:545} INFO - Filling up the DagBag from /home/khaled/dbt-env/lib/python3.12/site-packages/airflow/example_dags/example_branch_operator_decorator.py
[2025-10-24T15:11:20.823+0000] {processor.py:842} WARNING - No viable dags retrieved from /home/khaled/dbt-env/lib/python3.12/site-packages/airflow/example_dags/example_branch_operator_decorator.py
[2025-10-24T15:11:20.830+0000] {processor.py:183} INFO - Processing /home/khaled/dbt-env/lib/python3.12/site-packages/airflow/example_dags/example_branch_operator_decorator.py took 0.016 seconds
[2025-10-24T15:12:26.472+0000] {processor.py:161} INFO - Started process (PID=11578) to work on /home/khaled/dbt-env/lib/python3.12/site-packages/airflow/example_dags/example_branch_operator_decorator.py
[2025-10-24T15:12:26.473+0000] {processor.py:830} INFO - Processing file /home/khaled/dbt-env/lib/python3.12/site-packages/airflow/example_dags/example_branch_operator_decorator.py for tasks to queue
[2025-10-24T15:12:26.474+0000] {logging_mixin.py:188} INFO - [2025-10-24T15:12:26.474+0000] {dagbag.py:545} INFO - Filling up the DagBag from /home/khaled/dbt-env/lib/python3.12/site-packages/airflow/example_dags/example_branch_operator_decorator.py
[2025-10-24T15:12:26.476+0000] {processor.py:842} WARNING - No viable dags retrieved from /home/khaled/dbt-env/lib/python3.12/site-packages/airflow/example_dags/example_branch_operator_decorator.py
[2025-10-24T15:12:26.483+0000] {processor.py:183} INFO - Processing /home/khaled/dbt-env/lib/python3.12/site-packages/airflow/example_dags/example_branch_operator_decorator.py took 0.016 seconds
[2025-10-24T15:13:25.994+0000] {processor.py:161} INFO - Started process (PID=11640) to work on /home/khaled/dbt-env/lib/python3.12/site-packages/airflow/example_dags/example_branch_operator_decorator.py
[2025-10-24T15:13:25.995+0000] {processor.py:830} INFO - Processing file /home/khaled/dbt-env/lib/python3.12/site-packages/airflow/example_dags/example_branch_operator_decorator.py for tasks to queue
[2025-10-24T15:13:25.997+0000] {logging_mixin.py:188} INFO - [2025-10-24T15:13:25.997+0000] {dagbag.py:545} INFO - Filling up the DagBag from /home/khaled/dbt-env/lib/python3.12/site-packages/airflow/example_dags/example_branch_operator_decorator.py
[2025-10-24T15:13:26.001+0000] {processor.py:842} WARNING - No viable dags retrieved from /home/khaled/dbt-env/lib/python3.12/site-packages/airflow/example_dags/example_branch_operator_decorator.py
[2025-10-24T15:13:26.010+0000] {processor.py:183} INFO - Processing /home/khaled/dbt-env/lib/python3.12/site-packages/airflow/example_dags/example_branch_operator_decorator.py took 0.021 seconds
[2025-10-24T15:14:37.140+0000] {processor.py:161} INFO - Started process (PID=11707) to work on /home/khaled/dbt-env/lib/python3.12/site-packages/airflow/example_dags/example_branch_operator_decorator.py
[2025-10-24T15:14:37.141+0000] {processor.py:830} INFO - Processing file /home/khaled/dbt-env/lib/python3.12/site-packages/airflow/example_dags/example_branch_operator_decorator.py for tasks to queue
[2025-10-24T15:14:37.142+0000] {logging_mixin.py:188} INFO - [2025-10-24T15:14:37.142+0000] {dagbag.py:545} INFO - Filling up the DagBag from /home/khaled/dbt-env/lib/python3.12/site-packages/airflow/example_dags/example_branch_operator_decorator.py
[2025-10-24T15:14:37.145+0000] {processor.py:842} WARNING - No viable dags retrieved from /home/khaled/dbt-env/lib/python3.12/site-packages/airflow/example_dags/example_branch_operator_decorator.py
[2025-10-24T15:14:37.153+0000] {processor.py:183} INFO - Processing /home/khaled/dbt-env/lib/python3.12/site-packages/airflow/example_dags/example_branch_operator_decorator.py took 0.020 seconds
[2025-10-24T15:15:37.518+0000] {processor.py:161} INFO - Started process (PID=11788) to work on /home/khaled/dbt-env/lib/python3.12/site-packages/airflow/example_dags/example_branch_operator_decorator.py
[2025-10-24T15:15:37.520+0000] {processor.py:830} INFO - Processing file /home/khaled/dbt-env/lib/python3.12/site-packages/airflow/example_dags/example_branch_operator_decorator.py for tasks to queue
[2025-10-24T15:15:37.521+0000] {logging_mixin.py:188} INFO - [2025-10-24T15:15:37.521+0000] {dagbag.py:545} INFO - Filling up the DagBag from /home/khaled/dbt-env/lib/python3.12/site-packages/airflow/example_dags/example_branch_operator_decorator.py
[2025-10-24T15:15:37.523+0000] {processor.py:842} WARNING - No viable dags retrieved from /home/khaled/dbt-env/lib/python3.12/site-packages/airflow/example_dags/example_branch_operator_decorator.py
[2025-10-24T15:15:37.530+0000] {processor.py:183} INFO - Processing /home/khaled/dbt-env/lib/python3.12/site-packages/airflow/example_dags/example_branch_operator_decorator.py took 0.017 seconds
[2025-10-24T15:16:50.058+0000] {processor.py:161} INFO - Started process (PID=11870) to work on /home/khaled/dbt-env/lib/python3.12/site-packages/airflow/example_dags/example_branch_operator_decorator.py
[2025-10-24T15:16:50.060+0000] {processor.py:830} INFO - Processing file /home/khaled/dbt-env/lib/python3.12/site-packages/airflow/example_dags/example_branch_operator_decorator.py for tasks to queue
[2025-10-24T15:16:50.061+0000] {logging_mixin.py:188} INFO - [2025-10-24T15:16:50.061+0000] {dagbag.py:545} INFO - Filling up the DagBag from /home/khaled/dbt-env/lib/python3.12/site-packages/airflow/example_dags/example_branch_operator_decorator.py
[2025-10-24T15:16:50.063+0000] {processor.py:842} WARNING - No viable dags retrieved from /home/khaled/dbt-env/lib/python3.12/site-packages/airflow/example_dags/example_branch_operator_decorator.py
[2025-10-24T15:16:50.070+0000] {processor.py:183} INFO - Processing /home/khaled/dbt-env/lib/python3.12/site-packages/airflow/example_dags/example_branch_operator_decorator.py took 0.016 seconds
[2025-10-24T15:17:48.721+0000] {processor.py:161} INFO - Started process (PID=11937) to work on /home/khaled/dbt-env/lib/python3.12/site-packages/airflow/example_dags/example_branch_operator_decorator.py
[2025-10-24T15:17:48.722+0000] {processor.py:830} INFO - Processing file /home/khaled/dbt-env/lib/python3.12/site-packages/airflow/example_dags/example_branch_operator_decorator.py for tasks to queue
[2025-10-24T15:17:48.723+0000] {logging_mixin.py:188} INFO - [2025-10-24T15:17:48.723+0000] {dagbag.py:545} INFO - Filling up the DagBag from /home/khaled/dbt-env/lib/python3.12/site-packages/airflow/example_dags/example_branch_operator_decorator.py
[2025-10-24T15:17:48.725+0000] {processor.py:842} WARNING - No viable dags retrieved from /home/khaled/dbt-env/lib/python3.12/site-packages/airflow/example_dags/example_branch_operator_decorator.py
[2025-10-24T15:17:48.732+0000] {processor.py:183} INFO - Processing /home/khaled/dbt-env/lib/python3.12/site-packages/airflow/example_dags/example_branch_operator_decorator.py took 0.016 seconds
[2025-10-24T15:19:03.408+0000] {processor.py:161} INFO - Started process (PID=12021) to work on /home/khaled/dbt-env/lib/python3.12/site-packages/airflow/example_dags/example_branch_operator_decorator.py
[2025-10-24T15:19:03.409+0000] {processor.py:830} INFO - Processing file /home/khaled/dbt-env/lib/python3.12/site-packages/airflow/example_dags/example_branch_operator_decorator.py for tasks to queue
[2025-10-24T15:19:03.411+0000] {logging_mixin.py:188} INFO - [2025-10-24T15:19:03.410+0000] {dagbag.py:545} INFO - Filling up the DagBag from /home/khaled/dbt-env/lib/python3.12/site-packages/airflow/example_dags/example_branch_operator_decorator.py
[2025-10-24T15:19:03.412+0000] {processor.py:842} WARNING - No viable dags retrieved from /home/khaled/dbt-env/lib/python3.12/site-packages/airflow/example_dags/example_branch_operator_decorator.py
[2025-10-24T15:19:03.419+0000] {processor.py:183} INFO - Processing /home/khaled/dbt-env/lib/python3.12/site-packages/airflow/example_dags/example_branch_operator_decorator.py took 0.015 seconds
[2025-10-24T15:19:58.004+0000] {processor.py:161} INFO - Started process (PID=12079) to work on /home/khaled/dbt-env/lib/python3.12/site-packages/airflow/example_dags/example_branch_operator_decorator.py
[2025-10-24T15:19:58.005+0000] {processor.py:830} INFO - Processing file /home/khaled/dbt-env/lib/python3.12/site-packages/airflow/example_dags/example_branch_operator_decorator.py for tasks to queue
[2025-10-24T15:19:58.007+0000] {logging_mixin.py:188} INFO - [2025-10-24T15:19:58.006+0000] {dagbag.py:545} INFO - Filling up the DagBag from /home/khaled/dbt-env/lib/python3.12/site-packages/airflow/example_dags/example_branch_operator_decorator.py
[2025-10-24T15:19:58.008+0000] {processor.py:842} WARNING - No viable dags retrieved from /home/khaled/dbt-env/lib/python3.12/site-packages/airflow/example_dags/example_branch_operator_decorator.py
[2025-10-24T15:19:58.015+0000] {processor.py:183} INFO - Processing /home/khaled/dbt-env/lib/python3.12/site-packages/airflow/example_dags/example_branch_operator_decorator.py took 0.018 seconds
[2025-10-24T15:20:51.006+0000] {processor.py:161} INFO - Started process (PID=12172) to work on /home/khaled/dbt-env/lib/python3.12/site-packages/airflow/example_dags/example_branch_operator_decorator.py
[2025-10-24T15:20:51.007+0000] {processor.py:830} INFO - Processing file /home/khaled/dbt-env/lib/python3.12/site-packages/airflow/example_dags/example_branch_operator_decorator.py for tasks to queue
[2025-10-24T15:20:51.009+0000] {logging_mixin.py:188} INFO - [2025-10-24T15:20:51.008+0000] {dagbag.py:545} INFO - Filling up the DagBag from /home/khaled/dbt-env/lib/python3.12/site-packages/airflow/example_dags/example_branch_operator_decorator.py
[2025-10-24T15:20:51.010+0000] {processor.py:842} WARNING - No viable dags retrieved from /home/khaled/dbt-env/lib/python3.12/site-packages/airflow/example_dags/example_branch_operator_decorator.py
[2025-10-24T15:20:51.018+0000] {processor.py:183} INFO - Processing /home/khaled/dbt-env/lib/python3.12/site-packages/airflow/example_dags/example_branch_operator_decorator.py took 0.016 seconds
[2025-10-24T15:22:01.946+0000] {processor.py:161} INFO - Started process (PID=12239) to work on /home/khaled/dbt-env/lib/python3.12/site-packages/airflow/example_dags/example_branch_operator_decorator.py
[2025-10-24T15:22:01.947+0000] {processor.py:830} INFO - Processing file /home/khaled/dbt-env/lib/python3.12/site-packages/airflow/example_dags/example_branch_operator_decorator.py for tasks to queue
[2025-10-24T15:22:01.948+0000] {logging_mixin.py:188} INFO - [2025-10-24T15:22:01.948+0000] {dagbag.py:545} INFO - Filling up the DagBag from /home/khaled/dbt-env/lib/python3.12/site-packages/airflow/example_dags/example_branch_operator_decorator.py
[2025-10-24T15:22:01.950+0000] {processor.py:842} WARNING - No viable dags retrieved from /home/khaled/dbt-env/lib/python3.12/site-packages/airflow/example_dags/example_branch_operator_decorator.py
[2025-10-24T15:22:01.957+0000] {processor.py:183} INFO - Processing /home/khaled/dbt-env/lib/python3.12/site-packages/airflow/example_dags/example_branch_operator_decorator.py took 0.016 seconds
[2025-10-24T15:23:03.959+0000] {processor.py:161} INFO - Started process (PID=12302) to work on /home/khaled/dbt-env/lib/python3.12/site-packages/airflow/example_dags/example_branch_operator_decorator.py
[2025-10-24T15:23:03.960+0000] {processor.py:830} INFO - Processing file /home/khaled/dbt-env/lib/python3.12/site-packages/airflow/example_dags/example_branch_operator_decorator.py for tasks to queue
[2025-10-24T15:23:03.961+0000] {logging_mixin.py:188} INFO - [2025-10-24T15:23:03.961+0000] {dagbag.py:545} INFO - Filling up the DagBag from /home/khaled/dbt-env/lib/python3.12/site-packages/airflow/example_dags/example_branch_operator_decorator.py
[2025-10-24T15:23:03.963+0000] {processor.py:842} WARNING - No viable dags retrieved from /home/khaled/dbt-env/lib/python3.12/site-packages/airflow/example_dags/example_branch_operator_decorator.py
[2025-10-24T15:23:03.970+0000] {processor.py:183} INFO - Processing /home/khaled/dbt-env/lib/python3.12/site-packages/airflow/example_dags/example_branch_operator_decorator.py took 0.016 seconds
[2025-10-24T15:24:11.254+0000] {processor.py:161} INFO - Started process (PID=12370) to work on /home/khaled/dbt-env/lib/python3.12/site-packages/airflow/example_dags/example_branch_operator_decorator.py
[2025-10-24T15:24:11.255+0000] {processor.py:830} INFO - Processing file /home/khaled/dbt-env/lib/python3.12/site-packages/airflow/example_dags/example_branch_operator_decorator.py for tasks to queue
[2025-10-24T15:24:11.257+0000] {logging_mixin.py:188} INFO - [2025-10-24T15:24:11.256+0000] {dagbag.py:545} INFO - Filling up the DagBag from /home/khaled/dbt-env/lib/python3.12/site-packages/airflow/example_dags/example_branch_operator_decorator.py
[2025-10-24T15:24:11.259+0000] {processor.py:842} WARNING - No viable dags retrieved from /home/khaled/dbt-env/lib/python3.12/site-packages/airflow/example_dags/example_branch_operator_decorator.py
[2025-10-24T15:24:11.266+0000] {processor.py:183} INFO - Processing /home/khaled/dbt-env/lib/python3.12/site-packages/airflow/example_dags/example_branch_operator_decorator.py took 0.015 seconds
[2025-10-24T15:25:09.729+0000] {processor.py:161} INFO - Started process (PID=12435) to work on /home/khaled/dbt-env/lib/python3.12/site-packages/airflow/example_dags/example_branch_operator_decorator.py
[2025-10-24T15:25:09.740+0000] {processor.py:830} INFO - Processing file /home/khaled/dbt-env/lib/python3.12/site-packages/airflow/example_dags/example_branch_operator_decorator.py for tasks to queue
[2025-10-24T15:25:09.742+0000] {logging_mixin.py:188} INFO - [2025-10-24T15:25:09.741+0000] {dagbag.py:545} INFO - Filling up the DagBag from /home/khaled/dbt-env/lib/python3.12/site-packages/airflow/example_dags/example_branch_operator_decorator.py
[2025-10-24T15:25:09.744+0000] {processor.py:842} WARNING - No viable dags retrieved from /home/khaled/dbt-env/lib/python3.12/site-packages/airflow/example_dags/example_branch_operator_decorator.py
[2025-10-24T15:25:09.751+0000] {processor.py:183} INFO - Processing /home/khaled/dbt-env/lib/python3.12/site-packages/airflow/example_dags/example_branch_operator_decorator.py took 0.026 seconds
[2025-10-24T15:26:18.182+0000] {processor.py:161} INFO - Started process (PID=12531) to work on /home/khaled/dbt-env/lib/python3.12/site-packages/airflow/example_dags/example_branch_operator_decorator.py
[2025-10-24T15:26:18.183+0000] {processor.py:830} INFO - Processing file /home/khaled/dbt-env/lib/python3.12/site-packages/airflow/example_dags/example_branch_operator_decorator.py for tasks to queue
[2025-10-24T15:26:18.184+0000] {logging_mixin.py:188} INFO - [2025-10-24T15:26:18.184+0000] {dagbag.py:545} INFO - Filling up the DagBag from /home/khaled/dbt-env/lib/python3.12/site-packages/airflow/example_dags/example_branch_operator_decorator.py
[2025-10-24T15:26:18.186+0000] {processor.py:842} WARNING - No viable dags retrieved from /home/khaled/dbt-env/lib/python3.12/site-packages/airflow/example_dags/example_branch_operator_decorator.py
[2025-10-24T15:26:18.193+0000] {processor.py:183} INFO - Processing /home/khaled/dbt-env/lib/python3.12/site-packages/airflow/example_dags/example_branch_operator_decorator.py took 0.018 seconds
[2025-10-24T15:27:30.245+0000] {processor.py:161} INFO - Started process (PID=12603) to work on /home/khaled/dbt-env/lib/python3.12/site-packages/airflow/example_dags/example_branch_operator_decorator.py
[2025-10-24T15:27:30.247+0000] {processor.py:830} INFO - Processing file /home/khaled/dbt-env/lib/python3.12/site-packages/airflow/example_dags/example_branch_operator_decorator.py for tasks to queue
[2025-10-24T15:27:30.248+0000] {logging_mixin.py:188} INFO - [2025-10-24T15:27:30.248+0000] {dagbag.py:545} INFO - Filling up the DagBag from /home/khaled/dbt-env/lib/python3.12/site-packages/airflow/example_dags/example_branch_operator_decorator.py
[2025-10-24T15:27:30.251+0000] {processor.py:842} WARNING - No viable dags retrieved from /home/khaled/dbt-env/lib/python3.12/site-packages/airflow/example_dags/example_branch_operator_decorator.py
[2025-10-24T15:27:30.260+0000] {processor.py:183} INFO - Processing /home/khaled/dbt-env/lib/python3.12/site-packages/airflow/example_dags/example_branch_operator_decorator.py took 0.023 seconds
[2025-10-24T15:28:40.796+0000] {processor.py:161} INFO - Started process (PID=12674) to work on /home/khaled/dbt-env/lib/python3.12/site-packages/airflow/example_dags/example_branch_operator_decorator.py
[2025-10-24T15:28:40.798+0000] {processor.py:830} INFO - Processing file /home/khaled/dbt-env/lib/python3.12/site-packages/airflow/example_dags/example_branch_operator_decorator.py for tasks to queue
[2025-10-24T15:28:40.799+0000] {logging_mixin.py:188} INFO - [2025-10-24T15:28:40.799+0000] {dagbag.py:545} INFO - Filling up the DagBag from /home/khaled/dbt-env/lib/python3.12/site-packages/airflow/example_dags/example_branch_operator_decorator.py
[2025-10-24T15:28:40.801+0000] {processor.py:842} WARNING - No viable dags retrieved from /home/khaled/dbt-env/lib/python3.12/site-packages/airflow/example_dags/example_branch_operator_decorator.py
[2025-10-24T15:28:40.808+0000] {processor.py:183} INFO - Processing /home/khaled/dbt-env/lib/python3.12/site-packages/airflow/example_dags/example_branch_operator_decorator.py took 0.016 seconds
[2025-10-24T15:29:39.963+0000] {processor.py:161} INFO - Started process (PID=12736) to work on /home/khaled/dbt-env/lib/python3.12/site-packages/airflow/example_dags/example_branch_operator_decorator.py
[2025-10-24T15:29:39.964+0000] {processor.py:830} INFO - Processing file /home/khaled/dbt-env/lib/python3.12/site-packages/airflow/example_dags/example_branch_operator_decorator.py for tasks to queue
[2025-10-24T15:29:39.966+0000] {logging_mixin.py:188} INFO - [2025-10-24T15:29:39.965+0000] {dagbag.py:545} INFO - Filling up the DagBag from /home/khaled/dbt-env/lib/python3.12/site-packages/airflow/example_dags/example_branch_operator_decorator.py
[2025-10-24T15:29:39.967+0000] {processor.py:842} WARNING - No viable dags retrieved from /home/khaled/dbt-env/lib/python3.12/site-packages/airflow/example_dags/example_branch_operator_decorator.py
[2025-10-24T15:29:39.974+0000] {processor.py:183} INFO - Processing /home/khaled/dbt-env/lib/python3.12/site-packages/airflow/example_dags/example_branch_operator_decorator.py took 0.018 seconds
[2025-10-24T15:30:52.810+0000] {processor.py:161} INFO - Started process (PID=12837) to work on /home/khaled/dbt-env/lib/python3.12/site-packages/airflow/example_dags/example_branch_operator_decorator.py
[2025-10-24T15:30:52.821+0000] {processor.py:830} INFO - Processing file /home/khaled/dbt-env/lib/python3.12/site-packages/airflow/example_dags/example_branch_operator_decorator.py for tasks to queue
[2025-10-24T15:30:52.822+0000] {logging_mixin.py:188} INFO - [2025-10-24T15:30:52.822+0000] {dagbag.py:545} INFO - Filling up the DagBag from /home/khaled/dbt-env/lib/python3.12/site-packages/airflow/example_dags/example_branch_operator_decorator.py
[2025-10-24T15:30:52.824+0000] {processor.py:842} WARNING - No viable dags retrieved from /home/khaled/dbt-env/lib/python3.12/site-packages/airflow/example_dags/example_branch_operator_decorator.py
[2025-10-24T15:30:52.830+0000] {processor.py:183} INFO - Processing /home/khaled/dbt-env/lib/python3.12/site-packages/airflow/example_dags/example_branch_operator_decorator.py took 0.026 seconds
[2025-10-24T15:32:06.417+0000] {processor.py:161} INFO - Started process (PID=12908) to work on /home/khaled/dbt-env/lib/python3.12/site-packages/airflow/example_dags/example_branch_operator_decorator.py
[2025-10-24T15:32:06.419+0000] {processor.py:830} INFO - Processing file /home/khaled/dbt-env/lib/python3.12/site-packages/airflow/example_dags/example_branch_operator_decorator.py for tasks to queue
[2025-10-24T15:32:06.420+0000] {logging_mixin.py:188} INFO - [2025-10-24T15:32:06.420+0000] {dagbag.py:545} INFO - Filling up the DagBag from /home/khaled/dbt-env/lib/python3.12/site-packages/airflow/example_dags/example_branch_operator_decorator.py
[2025-10-24T15:32:06.422+0000] {processor.py:842} WARNING - No viable dags retrieved from /home/khaled/dbt-env/lib/python3.12/site-packages/airflow/example_dags/example_branch_operator_decorator.py
[2025-10-24T15:32:06.430+0000] {processor.py:183} INFO - Processing /home/khaled/dbt-env/lib/python3.12/site-packages/airflow/example_dags/example_branch_operator_decorator.py took 0.017 seconds
[2025-10-24T15:33:24.379+0000] {processor.py:161} INFO - Started process (PID=12996) to work on /home/khaled/dbt-env/lib/python3.12/site-packages/airflow/example_dags/example_branch_operator_decorator.py
[2025-10-24T15:33:24.380+0000] {processor.py:830} INFO - Processing file /home/khaled/dbt-env/lib/python3.12/site-packages/airflow/example_dags/example_branch_operator_decorator.py for tasks to queue
[2025-10-24T15:33:24.382+0000] {logging_mixin.py:188} INFO - [2025-10-24T15:33:24.382+0000] {dagbag.py:545} INFO - Filling up the DagBag from /home/khaled/dbt-env/lib/python3.12/site-packages/airflow/example_dags/example_branch_operator_decorator.py
[2025-10-24T15:33:24.384+0000] {processor.py:842} WARNING - No viable dags retrieved from /home/khaled/dbt-env/lib/python3.12/site-packages/airflow/example_dags/example_branch_operator_decorator.py
[2025-10-24T15:33:24.391+0000] {processor.py:183} INFO - Processing /home/khaled/dbt-env/lib/python3.12/site-packages/airflow/example_dags/example_branch_operator_decorator.py took 0.016 seconds
[2025-10-24T15:34:24.369+0000] {processor.py:161} INFO - Started process (PID=13063) to work on /home/khaled/dbt-env/lib/python3.12/site-packages/airflow/example_dags/example_branch_operator_decorator.py
[2025-10-24T15:34:24.370+0000] {processor.py:830} INFO - Processing file /home/khaled/dbt-env/lib/python3.12/site-packages/airflow/example_dags/example_branch_operator_decorator.py for tasks to queue
[2025-10-24T15:34:24.371+0000] {logging_mixin.py:188} INFO - [2025-10-24T15:34:24.371+0000] {dagbag.py:545} INFO - Filling up the DagBag from /home/khaled/dbt-env/lib/python3.12/site-packages/airflow/example_dags/example_branch_operator_decorator.py
[2025-10-24T15:34:24.373+0000] {processor.py:842} WARNING - No viable dags retrieved from /home/khaled/dbt-env/lib/python3.12/site-packages/airflow/example_dags/example_branch_operator_decorator.py
[2025-10-24T15:34:24.380+0000] {processor.py:183} INFO - Processing /home/khaled/dbt-env/lib/python3.12/site-packages/airflow/example_dags/example_branch_operator_decorator.py took 0.015 seconds
[2025-10-24T15:35:27.833+0000] {processor.py:161} INFO - Started process (PID=13129) to work on /home/khaled/dbt-env/lib/python3.12/site-packages/airflow/example_dags/example_branch_operator_decorator.py
[2025-10-24T15:35:27.835+0000] {processor.py:830} INFO - Processing file /home/khaled/dbt-env/lib/python3.12/site-packages/airflow/example_dags/example_branch_operator_decorator.py for tasks to queue
[2025-10-24T15:35:27.836+0000] {logging_mixin.py:188} INFO - [2025-10-24T15:35:27.836+0000] {dagbag.py:545} INFO - Filling up the DagBag from /home/khaled/dbt-env/lib/python3.12/site-packages/airflow/example_dags/example_branch_operator_decorator.py
[2025-10-24T15:35:27.838+0000] {processor.py:842} WARNING - No viable dags retrieved from /home/khaled/dbt-env/lib/python3.12/site-packages/airflow/example_dags/example_branch_operator_decorator.py
[2025-10-24T15:35:27.844+0000] {processor.py:183} INFO - Processing /home/khaled/dbt-env/lib/python3.12/site-packages/airflow/example_dags/example_branch_operator_decorator.py took 0.016 seconds
[2025-10-24T15:36:42.471+0000] {processor.py:161} INFO - Started process (PID=13224) to work on /home/khaled/dbt-env/lib/python3.12/site-packages/airflow/example_dags/example_branch_operator_decorator.py
[2025-10-24T15:36:42.472+0000] {processor.py:830} INFO - Processing file /home/khaled/dbt-env/lib/python3.12/site-packages/airflow/example_dags/example_branch_operator_decorator.py for tasks to queue
[2025-10-24T15:36:42.473+0000] {logging_mixin.py:188} INFO - [2025-10-24T15:36:42.473+0000] {dagbag.py:545} INFO - Filling up the DagBag from /home/khaled/dbt-env/lib/python3.12/site-packages/airflow/example_dags/example_branch_operator_decorator.py
[2025-10-24T15:36:42.475+0000] {processor.py:842} WARNING - No viable dags retrieved from /home/khaled/dbt-env/lib/python3.12/site-packages/airflow/example_dags/example_branch_operator_decorator.py
[2025-10-24T15:36:42.482+0000] {processor.py:183} INFO - Processing /home/khaled/dbt-env/lib/python3.12/site-packages/airflow/example_dags/example_branch_operator_decorator.py took 0.016 seconds
[2025-10-24T15:37:37.272+0000] {processor.py:161} INFO - Started process (PID=13284) to work on /home/khaled/dbt-env/lib/python3.12/site-packages/airflow/example_dags/example_branch_operator_decorator.py
[2025-10-24T15:37:37.274+0000] {processor.py:830} INFO - Processing file /home/khaled/dbt-env/lib/python3.12/site-packages/airflow/example_dags/example_branch_operator_decorator.py for tasks to queue
[2025-10-24T15:37:37.275+0000] {logging_mixin.py:188} INFO - [2025-10-24T15:37:37.275+0000] {dagbag.py:545} INFO - Filling up the DagBag from /home/khaled/dbt-env/lib/python3.12/site-packages/airflow/example_dags/example_branch_operator_decorator.py
[2025-10-24T15:37:37.277+0000] {processor.py:842} WARNING - No viable dags retrieved from /home/khaled/dbt-env/lib/python3.12/site-packages/airflow/example_dags/example_branch_operator_decorator.py
[2025-10-24T15:37:37.285+0000] {processor.py:183} INFO - Processing /home/khaled/dbt-env/lib/python3.12/site-packages/airflow/example_dags/example_branch_operator_decorator.py took 0.017 seconds
[2025-10-24T15:38:40.353+0000] {processor.py:161} INFO - Started process (PID=13343) to work on /home/khaled/dbt-env/lib/python3.12/site-packages/airflow/example_dags/example_branch_operator_decorator.py
[2025-10-24T15:38:40.354+0000] {processor.py:830} INFO - Processing file /home/khaled/dbt-env/lib/python3.12/site-packages/airflow/example_dags/example_branch_operator_decorator.py for tasks to queue
[2025-10-24T15:38:40.356+0000] {logging_mixin.py:188} INFO - [2025-10-24T15:38:40.355+0000] {dagbag.py:545} INFO - Filling up the DagBag from /home/khaled/dbt-env/lib/python3.12/site-packages/airflow/example_dags/example_branch_operator_decorator.py
[2025-10-24T15:38:40.357+0000] {processor.py:842} WARNING - No viable dags retrieved from /home/khaled/dbt-env/lib/python3.12/site-packages/airflow/example_dags/example_branch_operator_decorator.py
[2025-10-24T15:38:40.364+0000] {processor.py:183} INFO - Processing /home/khaled/dbt-env/lib/python3.12/site-packages/airflow/example_dags/example_branch_operator_decorator.py took 0.015 seconds
[2025-10-24T15:39:40.316+0000] {processor.py:161} INFO - Started process (PID=13403) to work on /home/khaled/dbt-env/lib/python3.12/site-packages/airflow/example_dags/example_branch_operator_decorator.py
[2025-10-24T15:39:40.317+0000] {processor.py:830} INFO - Processing file /home/khaled/dbt-env/lib/python3.12/site-packages/airflow/example_dags/example_branch_operator_decorator.py for tasks to queue
[2025-10-24T15:39:40.318+0000] {logging_mixin.py:188} INFO - [2025-10-24T15:39:40.318+0000] {dagbag.py:545} INFO - Filling up the DagBag from /home/khaled/dbt-env/lib/python3.12/site-packages/airflow/example_dags/example_branch_operator_decorator.py
[2025-10-24T15:39:40.320+0000] {processor.py:842} WARNING - No viable dags retrieved from /home/khaled/dbt-env/lib/python3.12/site-packages/airflow/example_dags/example_branch_operator_decorator.py
[2025-10-24T15:39:40.327+0000] {processor.py:183} INFO - Processing /home/khaled/dbt-env/lib/python3.12/site-packages/airflow/example_dags/example_branch_operator_decorator.py took 0.016 seconds
[2025-10-24T15:40:44.333+0000] {processor.py:161} INFO - Started process (PID=13506) to work on /home/khaled/dbt-env/lib/python3.12/site-packages/airflow/example_dags/example_branch_operator_decorator.py
[2025-10-24T15:40:44.335+0000] {processor.py:830} INFO - Processing file /home/khaled/dbt-env/lib/python3.12/site-packages/airflow/example_dags/example_branch_operator_decorator.py for tasks to queue
[2025-10-24T15:40:44.336+0000] {logging_mixin.py:188} INFO - [2025-10-24T15:40:44.336+0000] {dagbag.py:545} INFO - Filling up the DagBag from /home/khaled/dbt-env/lib/python3.12/site-packages/airflow/example_dags/example_branch_operator_decorator.py
[2025-10-24T15:40:44.337+0000] {processor.py:842} WARNING - No viable dags retrieved from /home/khaled/dbt-env/lib/python3.12/site-packages/airflow/example_dags/example_branch_operator_decorator.py
[2025-10-24T15:40:44.344+0000] {processor.py:183} INFO - Processing /home/khaled/dbt-env/lib/python3.12/site-packages/airflow/example_dags/example_branch_operator_decorator.py took 0.014 seconds
[2025-10-24T15:41:51.511+0000] {processor.py:161} INFO - Started process (PID=13572) to work on /home/khaled/dbt-env/lib/python3.12/site-packages/airflow/example_dags/example_branch_operator_decorator.py
[2025-10-24T15:41:51.513+0000] {processor.py:830} INFO - Processing file /home/khaled/dbt-env/lib/python3.12/site-packages/airflow/example_dags/example_branch_operator_decorator.py for tasks to queue
[2025-10-24T15:41:51.514+0000] {logging_mixin.py:188} INFO - [2025-10-24T15:41:51.514+0000] {dagbag.py:545} INFO - Filling up the DagBag from /home/khaled/dbt-env/lib/python3.12/site-packages/airflow/example_dags/example_branch_operator_decorator.py
[2025-10-24T15:41:51.516+0000] {processor.py:842} WARNING - No viable dags retrieved from /home/khaled/dbt-env/lib/python3.12/site-packages/airflow/example_dags/example_branch_operator_decorator.py
[2025-10-24T15:41:51.523+0000] {processor.py:183} INFO - Processing /home/khaled/dbt-env/lib/python3.12/site-packages/airflow/example_dags/example_branch_operator_decorator.py took 0.018 seconds
[2025-10-24T15:42:57.665+0000] {processor.py:161} INFO - Started process (PID=13640) to work on /home/khaled/dbt-env/lib/python3.12/site-packages/airflow/example_dags/example_branch_operator_decorator.py
[2025-10-24T15:42:57.668+0000] {processor.py:830} INFO - Processing file /home/khaled/dbt-env/lib/python3.12/site-packages/airflow/example_dags/example_branch_operator_decorator.py for tasks to queue
[2025-10-24T15:42:57.670+0000] {logging_mixin.py:188} INFO - [2025-10-24T15:42:57.669+0000] {dagbag.py:545} INFO - Filling up the DagBag from /home/khaled/dbt-env/lib/python3.12/site-packages/airflow/example_dags/example_branch_operator_decorator.py
[2025-10-24T15:42:57.672+0000] {processor.py:842} WARNING - No viable dags retrieved from /home/khaled/dbt-env/lib/python3.12/site-packages/airflow/example_dags/example_branch_operator_decorator.py
[2025-10-24T15:42:57.680+0000] {processor.py:183} INFO - Processing /home/khaled/dbt-env/lib/python3.12/site-packages/airflow/example_dags/example_branch_operator_decorator.py took 0.019 seconds
[2025-10-24T15:44:03.443+0000] {processor.py:161} INFO - Started process (PID=13709) to work on /home/khaled/dbt-env/lib/python3.12/site-packages/airflow/example_dags/example_branch_operator_decorator.py
[2025-10-24T15:44:03.444+0000] {processor.py:830} INFO - Processing file /home/khaled/dbt-env/lib/python3.12/site-packages/airflow/example_dags/example_branch_operator_decorator.py for tasks to queue
[2025-10-24T15:44:03.446+0000] {logging_mixin.py:188} INFO - [2025-10-24T15:44:03.445+0000] {dagbag.py:545} INFO - Filling up the DagBag from /home/khaled/dbt-env/lib/python3.12/site-packages/airflow/example_dags/example_branch_operator_decorator.py
[2025-10-24T15:44:03.448+0000] {processor.py:842} WARNING - No viable dags retrieved from /home/khaled/dbt-env/lib/python3.12/site-packages/airflow/example_dags/example_branch_operator_decorator.py
[2025-10-24T15:44:03.454+0000] {processor.py:183} INFO - Processing /home/khaled/dbt-env/lib/python3.12/site-packages/airflow/example_dags/example_branch_operator_decorator.py took 0.015 seconds
