[2025-10-24T14:21:29.831+0000] {processor.py:161} INFO - Started process (PID=7177) to work on /home/khaled/dbt-env/lib/python3.12/site-packages/airflow/example_dags/example_bash_operator.py
[2025-10-24T14:21:29.831+0000] {processor.py:830} INFO - Processing file /home/khaled/dbt-env/lib/python3.12/site-packages/airflow/example_dags/example_bash_operator.py for tasks to queue
[2025-10-24T14:21:29.832+0000] {logging_mixin.py:188} INFO - [2025-10-24T14:21:29.832+0000] {dagbag.py:545} INFO - Filling up the DagBag from /home/khaled/dbt-env/lib/python3.12/site-packages/airflow/example_dags/example_bash_operator.py
[2025-10-24T14:21:29.841+0000] {processor.py:840} INFO - DAG(s) 'example_bash_operator' retrieved from /home/khaled/dbt-env/lib/python3.12/site-packages/airflow/example_dags/example_bash_operator.py
[2025-10-24T14:21:29.857+0000] {logging_mixin.py:188} INFO - [2025-10-24T14:21:29.857+0000] {dag.py:3089} INFO - Sync 1 DAGs
[2025-10-24T14:21:29.872+0000] {logging_mixin.py:188} INFO - [2025-10-24T14:21:29.871+0000] {dag.py:3947} INFO - Setting next_dagrun for example_bash_operator to 2025-10-23 00:00:00+00:00, run_after=2025-10-24 00:00:00+00:00
[2025-10-24T14:21:29.902+0000] {processor.py:183} INFO - Processing /home/khaled/dbt-env/lib/python3.12/site-packages/airflow/example_dags/example_bash_operator.py took 0.076 seconds
[2025-10-24T14:22:44.687+0000] {processor.py:161} INFO - Started process (PID=7318) to work on /home/khaled/dbt-env/lib/python3.12/site-packages/airflow/example_dags/example_bash_operator.py
[2025-10-24T14:22:44.698+0000] {processor.py:830} INFO - Processing file /home/khaled/dbt-env/lib/python3.12/site-packages/airflow/example_dags/example_bash_operator.py for tasks to queue
[2025-10-24T14:22:44.700+0000] {logging_mixin.py:188} INFO - [2025-10-24T14:22:44.700+0000] {dagbag.py:545} INFO - Filling up the DagBag from /home/khaled/dbt-env/lib/python3.12/site-packages/airflow/example_dags/example_bash_operator.py
[2025-10-24T14:22:44.709+0000] {processor.py:840} INFO - DAG(s) 'example_bash_operator' retrieved from /home/khaled/dbt-env/lib/python3.12/site-packages/airflow/example_dags/example_bash_operator.py
[2025-10-24T14:22:44.722+0000] {logging_mixin.py:188} INFO - [2025-10-24T14:22:44.721+0000] {dag.py:3089} INFO - Sync 1 DAGs
[2025-10-24T14:22:44.733+0000] {logging_mixin.py:188} INFO - [2025-10-24T14:22:44.733+0000] {dag.py:3947} INFO - Setting next_dagrun for example_bash_operator to 2025-10-23 00:00:00+00:00, run_after=2025-10-24 00:00:00+00:00
[2025-10-24T14:22:44.749+0000] {processor.py:183} INFO - Processing /home/khaled/dbt-env/lib/python3.12/site-packages/airflow/example_dags/example_bash_operator.py took 0.067 seconds
[2025-10-24T14:23:58.575+0000] {processor.py:161} INFO - Started process (PID=7407) to work on /home/khaled/dbt-env/lib/python3.12/site-packages/airflow/example_dags/example_bash_operator.py
[2025-10-24T14:23:58.586+0000] {processor.py:830} INFO - Processing file /home/khaled/dbt-env/lib/python3.12/site-packages/airflow/example_dags/example_bash_operator.py for tasks to queue
[2025-10-24T14:23:58.587+0000] {logging_mixin.py:188} INFO - [2025-10-24T14:23:58.587+0000] {dagbag.py:545} INFO - Filling up the DagBag from /home/khaled/dbt-env/lib/python3.12/site-packages/airflow/example_dags/example_bash_operator.py
[2025-10-24T14:23:58.595+0000] {processor.py:840} INFO - DAG(s) 'example_bash_operator' retrieved from /home/khaled/dbt-env/lib/python3.12/site-packages/airflow/example_dags/example_bash_operator.py
[2025-10-24T14:23:58.608+0000] {logging_mixin.py:188} INFO - [2025-10-24T14:23:58.607+0000] {dag.py:3089} INFO - Sync 1 DAGs
[2025-10-24T14:23:58.620+0000] {logging_mixin.py:188} INFO - [2025-10-24T14:23:58.620+0000] {dag.py:3947} INFO - Setting next_dagrun for example_bash_operator to 2025-10-23 00:00:00+00:00, run_after=2025-10-24 00:00:00+00:00
[2025-10-24T14:23:58.637+0000] {processor.py:183} INFO - Processing /home/khaled/dbt-env/lib/python3.12/site-packages/airflow/example_dags/example_bash_operator.py took 0.066 seconds
[2025-10-24T14:24:58.939+0000] {processor.py:161} INFO - Started process (PID=7468) to work on /home/khaled/dbt-env/lib/python3.12/site-packages/airflow/example_dags/example_bash_operator.py
[2025-10-24T14:24:58.941+0000] {processor.py:830} INFO - Processing file /home/khaled/dbt-env/lib/python3.12/site-packages/airflow/example_dags/example_bash_operator.py for tasks to queue
[2025-10-24T14:24:58.942+0000] {logging_mixin.py:188} INFO - [2025-10-24T14:24:58.942+0000] {dagbag.py:545} INFO - Filling up the DagBag from /home/khaled/dbt-env/lib/python3.12/site-packages/airflow/example_dags/example_bash_operator.py
[2025-10-24T14:24:58.950+0000] {processor.py:840} INFO - DAG(s) 'example_bash_operator' retrieved from /home/khaled/dbt-env/lib/python3.12/site-packages/airflow/example_dags/example_bash_operator.py
[2025-10-24T14:24:58.963+0000] {logging_mixin.py:188} INFO - [2025-10-24T14:24:58.963+0000] {dag.py:3089} INFO - Sync 1 DAGs
[2025-10-24T14:24:58.975+0000] {logging_mixin.py:188} INFO - [2025-10-24T14:24:58.975+0000] {dag.py:3947} INFO - Setting next_dagrun for example_bash_operator to 2025-10-23 00:00:00+00:00, run_after=2025-10-24 00:00:00+00:00
[2025-10-24T14:24:59.004+0000] {processor.py:183} INFO - Processing /home/khaled/dbt-env/lib/python3.12/site-packages/airflow/example_dags/example_bash_operator.py took 0.070 seconds
[2025-10-24T14:25:56.775+0000] {processor.py:161} INFO - Started process (PID=7645) to work on /home/khaled/dbt-env/lib/python3.12/site-packages/airflow/example_dags/example_bash_operator.py
[2025-10-24T14:25:56.783+0000] {processor.py:830} INFO - Processing file /home/khaled/dbt-env/lib/python3.12/site-packages/airflow/example_dags/example_bash_operator.py for tasks to queue
[2025-10-24T14:25:56.785+0000] {logging_mixin.py:188} INFO - [2025-10-24T14:25:56.785+0000] {dagbag.py:545} INFO - Filling up the DagBag from /home/khaled/dbt-env/lib/python3.12/site-packages/airflow/example_dags/example_bash_operator.py
[2025-10-24T14:25:56.792+0000] {processor.py:840} INFO - DAG(s) 'example_bash_operator' retrieved from /home/khaled/dbt-env/lib/python3.12/site-packages/airflow/example_dags/example_bash_operator.py
[2025-10-24T14:25:56.804+0000] {logging_mixin.py:188} INFO - [2025-10-24T14:25:56.804+0000] {dag.py:3089} INFO - Sync 1 DAGs
[2025-10-24T14:25:56.816+0000] {logging_mixin.py:188} INFO - [2025-10-24T14:25:56.816+0000] {dag.py:3947} INFO - Setting next_dagrun for example_bash_operator to 2025-10-23 00:00:00+00:00, run_after=2025-10-24 00:00:00+00:00
[2025-10-24T14:25:56.835+0000] {processor.py:183} INFO - Processing /home/khaled/dbt-env/lib/python3.12/site-packages/airflow/example_dags/example_bash_operator.py took 0.064 seconds
[2025-10-24T14:27:20.920+0000] {processor.py:161} INFO - Started process (PID=7836) to work on /home/khaled/dbt-env/lib/python3.12/site-packages/airflow/example_dags/example_bash_operator.py
[2025-10-24T14:27:20.922+0000] {processor.py:830} INFO - Processing file /home/khaled/dbt-env/lib/python3.12/site-packages/airflow/example_dags/example_bash_operator.py for tasks to queue
[2025-10-24T14:27:20.924+0000] {logging_mixin.py:188} INFO - [2025-10-24T14:27:20.923+0000] {dagbag.py:545} INFO - Filling up the DagBag from /home/khaled/dbt-env/lib/python3.12/site-packages/airflow/example_dags/example_bash_operator.py
[2025-10-24T14:27:20.931+0000] {processor.py:840} INFO - DAG(s) 'example_bash_operator' retrieved from /home/khaled/dbt-env/lib/python3.12/site-packages/airflow/example_dags/example_bash_operator.py
[2025-10-24T14:27:20.945+0000] {logging_mixin.py:188} INFO - [2025-10-24T14:27:20.945+0000] {dag.py:3089} INFO - Sync 1 DAGs
[2025-10-24T14:27:20.957+0000] {logging_mixin.py:188} INFO - [2025-10-24T14:27:20.957+0000] {dag.py:3947} INFO - Setting next_dagrun for example_bash_operator to 2025-10-23 00:00:00+00:00, run_after=2025-10-24 00:00:00+00:00
[2025-10-24T14:27:20.978+0000] {processor.py:183} INFO - Processing /home/khaled/dbt-env/lib/python3.12/site-packages/airflow/example_dags/example_bash_operator.py took 0.062 seconds
[2025-10-24T14:28:49.913+0000] {processor.py:161} INFO - Started process (PID=8232) to work on /home/khaled/dbt-env/lib/python3.12/site-packages/airflow/example_dags/example_bash_operator.py
[2025-10-24T14:28:49.926+0000] {processor.py:830} INFO - Processing file /home/khaled/dbt-env/lib/python3.12/site-packages/airflow/example_dags/example_bash_operator.py for tasks to queue
[2025-10-24T14:28:49.930+0000] {logging_mixin.py:188} INFO - [2025-10-24T14:28:49.929+0000] {dagbag.py:545} INFO - Filling up the DagBag from /home/khaled/dbt-env/lib/python3.12/site-packages/airflow/example_dags/example_bash_operator.py
[2025-10-24T14:28:49.982+0000] {processor.py:840} INFO - DAG(s) 'example_bash_operator' retrieved from /home/khaled/dbt-env/lib/python3.12/site-packages/airflow/example_dags/example_bash_operator.py
[2025-10-24T14:28:50.054+0000] {logging_mixin.py:188} INFO - [2025-10-24T14:28:50.054+0000] {dag.py:3089} INFO - Sync 1 DAGs
[2025-10-24T14:28:50.176+0000] {logging_mixin.py:188} INFO - [2025-10-24T14:28:50.175+0000] {dag.py:3947} INFO - Setting next_dagrun for example_bash_operator to 2025-10-23 00:00:00+00:00, run_after=2025-10-24 00:00:00+00:00
[2025-10-24T14:28:50.257+0000] {processor.py:183} INFO - Processing /home/khaled/dbt-env/lib/python3.12/site-packages/airflow/example_dags/example_bash_operator.py took 0.361 seconds
[2025-10-24T14:29:52.469+0000] {processor.py:161} INFO - Started process (PID=8446) to work on /home/khaled/dbt-env/lib/python3.12/site-packages/airflow/example_dags/example_bash_operator.py
[2025-10-24T14:29:52.479+0000] {processor.py:830} INFO - Processing file /home/khaled/dbt-env/lib/python3.12/site-packages/airflow/example_dags/example_bash_operator.py for tasks to queue
[2025-10-24T14:29:52.480+0000] {logging_mixin.py:188} INFO - [2025-10-24T14:29:52.480+0000] {dagbag.py:545} INFO - Filling up the DagBag from /home/khaled/dbt-env/lib/python3.12/site-packages/airflow/example_dags/example_bash_operator.py
[2025-10-24T14:29:52.488+0000] {processor.py:840} INFO - DAG(s) 'example_bash_operator' retrieved from /home/khaled/dbt-env/lib/python3.12/site-packages/airflow/example_dags/example_bash_operator.py
[2025-10-24T14:29:52.503+0000] {logging_mixin.py:188} INFO - [2025-10-24T14:29:52.502+0000] {dag.py:3089} INFO - Sync 1 DAGs
[2025-10-24T14:29:52.520+0000] {logging_mixin.py:188} INFO - [2025-10-24T14:29:52.520+0000] {dag.py:3947} INFO - Setting next_dagrun for example_bash_operator to 2025-10-23 00:00:00+00:00, run_after=2025-10-24 00:00:00+00:00
[2025-10-24T14:29:52.539+0000] {processor.py:183} INFO - Processing /home/khaled/dbt-env/lib/python3.12/site-packages/airflow/example_dags/example_bash_operator.py took 0.074 seconds
[2025-10-24T14:31:16.422+0000] {processor.py:161} INFO - Started process (PID=8644) to work on /home/khaled/dbt-env/lib/python3.12/site-packages/airflow/example_dags/example_bash_operator.py
[2025-10-24T14:31:16.432+0000] {processor.py:830} INFO - Processing file /home/khaled/dbt-env/lib/python3.12/site-packages/airflow/example_dags/example_bash_operator.py for tasks to queue
[2025-10-24T14:31:16.433+0000] {logging_mixin.py:188} INFO - [2025-10-24T14:31:16.433+0000] {dagbag.py:545} INFO - Filling up the DagBag from /home/khaled/dbt-env/lib/python3.12/site-packages/airflow/example_dags/example_bash_operator.py
[2025-10-24T14:31:16.442+0000] {processor.py:840} INFO - DAG(s) 'example_bash_operator' retrieved from /home/khaled/dbt-env/lib/python3.12/site-packages/airflow/example_dags/example_bash_operator.py
[2025-10-24T14:31:16.455+0000] {logging_mixin.py:188} INFO - [2025-10-24T14:31:16.455+0000] {dag.py:3089} INFO - Sync 1 DAGs
[2025-10-24T14:31:16.468+0000] {logging_mixin.py:188} INFO - [2025-10-24T14:31:16.468+0000] {dag.py:3947} INFO - Setting next_dagrun for example_bash_operator to 2025-10-23 00:00:00+00:00, run_after=2025-10-24 00:00:00+00:00
[2025-10-24T14:31:16.486+0000] {processor.py:183} INFO - Processing /home/khaled/dbt-env/lib/python3.12/site-packages/airflow/example_dags/example_bash_operator.py took 0.070 seconds
[2025-10-24T14:32:24.103+0000] {processor.py:161} INFO - Started process (PID=8711) to work on /home/khaled/dbt-env/lib/python3.12/site-packages/airflow/example_dags/example_bash_operator.py
[2025-10-24T14:32:24.105+0000] {processor.py:830} INFO - Processing file /home/khaled/dbt-env/lib/python3.12/site-packages/airflow/example_dags/example_bash_operator.py for tasks to queue
[2025-10-24T14:32:24.106+0000] {logging_mixin.py:188} INFO - [2025-10-24T14:32:24.106+0000] {dagbag.py:545} INFO - Filling up the DagBag from /home/khaled/dbt-env/lib/python3.12/site-packages/airflow/example_dags/example_bash_operator.py
[2025-10-24T14:32:24.115+0000] {processor.py:840} INFO - DAG(s) 'example_bash_operator' retrieved from /home/khaled/dbt-env/lib/python3.12/site-packages/airflow/example_dags/example_bash_operator.py
[2025-10-24T14:32:24.128+0000] {logging_mixin.py:188} INFO - [2025-10-24T14:32:24.128+0000] {dag.py:3089} INFO - Sync 1 DAGs
[2025-10-24T14:32:24.141+0000] {logging_mixin.py:188} INFO - [2025-10-24T14:32:24.140+0000] {dag.py:3947} INFO - Setting next_dagrun for example_bash_operator to 2025-10-23 00:00:00+00:00, run_after=2025-10-24 00:00:00+00:00
[2025-10-24T14:32:24.160+0000] {processor.py:183} INFO - Processing /home/khaled/dbt-env/lib/python3.12/site-packages/airflow/example_dags/example_bash_operator.py took 0.061 seconds
[2025-10-24T14:33:36.765+0000] {processor.py:161} INFO - Started process (PID=8776) to work on /home/khaled/dbt-env/lib/python3.12/site-packages/airflow/example_dags/example_bash_operator.py
[2025-10-24T14:33:36.766+0000] {processor.py:830} INFO - Processing file /home/khaled/dbt-env/lib/python3.12/site-packages/airflow/example_dags/example_bash_operator.py for tasks to queue
[2025-10-24T14:33:36.767+0000] {logging_mixin.py:188} INFO - [2025-10-24T14:33:36.767+0000] {dagbag.py:545} INFO - Filling up the DagBag from /home/khaled/dbt-env/lib/python3.12/site-packages/airflow/example_dags/example_bash_operator.py
[2025-10-24T14:33:36.775+0000] {processor.py:840} INFO - DAG(s) 'example_bash_operator' retrieved from /home/khaled/dbt-env/lib/python3.12/site-packages/airflow/example_dags/example_bash_operator.py
[2025-10-24T14:33:36.860+0000] {logging_mixin.py:188} INFO - [2025-10-24T14:33:36.860+0000] {dag.py:3089} INFO - Sync 1 DAGs
[2025-10-24T14:33:36.870+0000] {logging_mixin.py:188} INFO - [2025-10-24T14:33:36.870+0000] {dag.py:3947} INFO - Setting next_dagrun for example_bash_operator to 2025-10-23 00:00:00+00:00, run_after=2025-10-24 00:00:00+00:00
[2025-10-24T14:33:36.886+0000] {processor.py:183} INFO - Processing /home/khaled/dbt-env/lib/python3.12/site-packages/airflow/example_dags/example_bash_operator.py took 0.129 seconds
[2025-10-24T14:34:48.703+0000] {processor.py:161} INFO - Started process (PID=8851) to work on /home/khaled/dbt-env/lib/python3.12/site-packages/airflow/example_dags/example_bash_operator.py
[2025-10-24T14:34:48.704+0000] {processor.py:830} INFO - Processing file /home/khaled/dbt-env/lib/python3.12/site-packages/airflow/example_dags/example_bash_operator.py for tasks to queue
[2025-10-24T14:34:48.706+0000] {logging_mixin.py:188} INFO - [2025-10-24T14:34:48.705+0000] {dagbag.py:545} INFO - Filling up the DagBag from /home/khaled/dbt-env/lib/python3.12/site-packages/airflow/example_dags/example_bash_operator.py
[2025-10-24T14:34:48.713+0000] {processor.py:840} INFO - DAG(s) 'example_bash_operator' retrieved from /home/khaled/dbt-env/lib/python3.12/site-packages/airflow/example_dags/example_bash_operator.py
[2025-10-24T14:34:48.726+0000] {logging_mixin.py:188} INFO - [2025-10-24T14:34:48.726+0000] {dag.py:3089} INFO - Sync 1 DAGs
[2025-10-24T14:34:48.813+0000] {logging_mixin.py:188} INFO - [2025-10-24T14:34:48.813+0000] {dag.py:3947} INFO - Setting next_dagrun for example_bash_operator to 2025-10-23 00:00:00+00:00, run_after=2025-10-24 00:00:00+00:00
[2025-10-24T14:34:48.842+0000] {processor.py:183} INFO - Processing /home/khaled/dbt-env/lib/python3.12/site-packages/airflow/example_dags/example_bash_operator.py took 0.142 seconds
[2025-10-24T14:35:48.768+0000] {processor.py:161} INFO - Started process (PID=8959) to work on /home/khaled/dbt-env/lib/python3.12/site-packages/airflow/example_dags/example_bash_operator.py
[2025-10-24T14:35:48.769+0000] {processor.py:830} INFO - Processing file /home/khaled/dbt-env/lib/python3.12/site-packages/airflow/example_dags/example_bash_operator.py for tasks to queue
[2025-10-24T14:35:48.770+0000] {logging_mixin.py:188} INFO - [2025-10-24T14:35:48.770+0000] {dagbag.py:545} INFO - Filling up the DagBag from /home/khaled/dbt-env/lib/python3.12/site-packages/airflow/example_dags/example_bash_operator.py
[2025-10-24T14:35:48.779+0000] {processor.py:840} INFO - DAG(s) 'example_bash_operator' retrieved from /home/khaled/dbt-env/lib/python3.12/site-packages/airflow/example_dags/example_bash_operator.py
[2025-10-24T14:35:48.792+0000] {logging_mixin.py:188} INFO - [2025-10-24T14:35:48.792+0000] {dag.py:3089} INFO - Sync 1 DAGs
[2025-10-24T14:35:48.804+0000] {logging_mixin.py:188} INFO - [2025-10-24T14:35:48.804+0000] {dag.py:3947} INFO - Setting next_dagrun for example_bash_operator to 2025-10-23 00:00:00+00:00, run_after=2025-10-24 00:00:00+00:00
[2025-10-24T14:35:48.836+0000] {processor.py:183} INFO - Processing /home/khaled/dbt-env/lib/python3.12/site-packages/airflow/example_dags/example_bash_operator.py took 0.075 seconds
[2025-10-24T14:37:13.750+0000] {processor.py:161} INFO - Started process (PID=9049) to work on /home/khaled/dbt-env/lib/python3.12/site-packages/airflow/example_dags/example_bash_operator.py
[2025-10-24T14:37:13.751+0000] {processor.py:830} INFO - Processing file /home/khaled/dbt-env/lib/python3.12/site-packages/airflow/example_dags/example_bash_operator.py for tasks to queue
[2025-10-24T14:37:13.753+0000] {logging_mixin.py:188} INFO - [2025-10-24T14:37:13.752+0000] {dagbag.py:545} INFO - Filling up the DagBag from /home/khaled/dbt-env/lib/python3.12/site-packages/airflow/example_dags/example_bash_operator.py
[2025-10-24T14:37:13.760+0000] {processor.py:840} INFO - DAG(s) 'example_bash_operator' retrieved from /home/khaled/dbt-env/lib/python3.12/site-packages/airflow/example_dags/example_bash_operator.py
[2025-10-24T14:37:13.775+0000] {logging_mixin.py:188} INFO - [2025-10-24T14:37:13.775+0000] {dag.py:3089} INFO - Sync 1 DAGs
[2025-10-24T14:37:13.788+0000] {logging_mixin.py:188} INFO - [2025-10-24T14:37:13.788+0000] {dag.py:3947} INFO - Setting next_dagrun for example_bash_operator to 2025-10-23 00:00:00+00:00, run_after=2025-10-24 00:00:00+00:00
[2025-10-24T14:37:13.807+0000] {processor.py:183} INFO - Processing /home/khaled/dbt-env/lib/python3.12/site-packages/airflow/example_dags/example_bash_operator.py took 0.064 seconds
[2025-10-24T14:38:18.581+0000] {processor.py:161} INFO - Started process (PID=9116) to work on /home/khaled/dbt-env/lib/python3.12/site-packages/airflow/example_dags/example_bash_operator.py
[2025-10-24T14:38:18.583+0000] {processor.py:830} INFO - Processing file /home/khaled/dbt-env/lib/python3.12/site-packages/airflow/example_dags/example_bash_operator.py for tasks to queue
[2025-10-24T14:38:18.584+0000] {logging_mixin.py:188} INFO - [2025-10-24T14:38:18.583+0000] {dagbag.py:545} INFO - Filling up the DagBag from /home/khaled/dbt-env/lib/python3.12/site-packages/airflow/example_dags/example_bash_operator.py
[2025-10-24T14:38:18.591+0000] {processor.py:840} INFO - DAG(s) 'example_bash_operator' retrieved from /home/khaled/dbt-env/lib/python3.12/site-packages/airflow/example_dags/example_bash_operator.py
[2025-10-24T14:38:18.604+0000] {logging_mixin.py:188} INFO - [2025-10-24T14:38:18.604+0000] {dag.py:3089} INFO - Sync 1 DAGs
[2025-10-24T14:38:18.617+0000] {logging_mixin.py:188} INFO - [2025-10-24T14:38:18.617+0000] {dag.py:3947} INFO - Setting next_dagrun for example_bash_operator to 2025-10-23 00:00:00+00:00, run_after=2025-10-24 00:00:00+00:00
[2025-10-24T14:38:18.647+0000] {processor.py:183} INFO - Processing /home/khaled/dbt-env/lib/python3.12/site-packages/airflow/example_dags/example_bash_operator.py took 0.071 seconds
[2025-10-24T14:39:36.947+0000] {processor.py:161} INFO - Started process (PID=9201) to work on /home/khaled/dbt-env/lib/python3.12/site-packages/airflow/example_dags/example_bash_operator.py
[2025-10-24T14:39:36.948+0000] {processor.py:830} INFO - Processing file /home/khaled/dbt-env/lib/python3.12/site-packages/airflow/example_dags/example_bash_operator.py for tasks to queue
[2025-10-24T14:39:36.950+0000] {logging_mixin.py:188} INFO - [2025-10-24T14:39:36.949+0000] {dagbag.py:545} INFO - Filling up the DagBag from /home/khaled/dbt-env/lib/python3.12/site-packages/airflow/example_dags/example_bash_operator.py
[2025-10-24T14:39:36.957+0000] {processor.py:840} INFO - DAG(s) 'example_bash_operator' retrieved from /home/khaled/dbt-env/lib/python3.12/site-packages/airflow/example_dags/example_bash_operator.py
[2025-10-24T14:39:36.971+0000] {logging_mixin.py:188} INFO - [2025-10-24T14:39:36.971+0000] {dag.py:3089} INFO - Sync 1 DAGs
[2025-10-24T14:39:36.985+0000] {logging_mixin.py:188} INFO - [2025-10-24T14:39:36.985+0000] {dag.py:3947} INFO - Setting next_dagrun for example_bash_operator to 2025-10-23 00:00:00+00:00, run_after=2025-10-24 00:00:00+00:00
[2025-10-24T14:39:37.004+0000] {processor.py:183} INFO - Processing /home/khaled/dbt-env/lib/python3.12/site-packages/airflow/example_dags/example_bash_operator.py took 0.063 seconds
[2025-10-24T14:40:35.571+0000] {processor.py:161} INFO - Started process (PID=9284) to work on /home/khaled/dbt-env/lib/python3.12/site-packages/airflow/example_dags/example_bash_operator.py
[2025-10-24T14:40:35.572+0000] {processor.py:830} INFO - Processing file /home/khaled/dbt-env/lib/python3.12/site-packages/airflow/example_dags/example_bash_operator.py for tasks to queue
[2025-10-24T14:40:35.573+0000] {logging_mixin.py:188} INFO - [2025-10-24T14:40:35.573+0000] {dagbag.py:545} INFO - Filling up the DagBag from /home/khaled/dbt-env/lib/python3.12/site-packages/airflow/example_dags/example_bash_operator.py
[2025-10-24T14:40:35.583+0000] {processor.py:840} INFO - DAG(s) 'example_bash_operator' retrieved from /home/khaled/dbt-env/lib/python3.12/site-packages/airflow/example_dags/example_bash_operator.py
[2025-10-24T14:40:35.597+0000] {logging_mixin.py:188} INFO - [2025-10-24T14:40:35.597+0000] {dag.py:3089} INFO - Sync 1 DAGs
[2025-10-24T14:40:35.609+0000] {logging_mixin.py:188} INFO - [2025-10-24T14:40:35.609+0000] {dag.py:3947} INFO - Setting next_dagrun for example_bash_operator to 2025-10-23 00:00:00+00:00, run_after=2025-10-24 00:00:00+00:00
[2025-10-24T14:40:35.641+0000] {processor.py:183} INFO - Processing /home/khaled/dbt-env/lib/python3.12/site-packages/airflow/example_dags/example_bash_operator.py took 0.076 seconds
[2025-10-24T14:41:57.726+0000] {processor.py:161} INFO - Started process (PID=9389) to work on /home/khaled/dbt-env/lib/python3.12/site-packages/airflow/example_dags/example_bash_operator.py
[2025-10-24T14:41:57.728+0000] {processor.py:830} INFO - Processing file /home/khaled/dbt-env/lib/python3.12/site-packages/airflow/example_dags/example_bash_operator.py for tasks to queue
[2025-10-24T14:41:57.729+0000] {logging_mixin.py:188} INFO - [2025-10-24T14:41:57.729+0000] {dagbag.py:545} INFO - Filling up the DagBag from /home/khaled/dbt-env/lib/python3.12/site-packages/airflow/example_dags/example_bash_operator.py
[2025-10-24T14:41:57.736+0000] {processor.py:840} INFO - DAG(s) 'example_bash_operator' retrieved from /home/khaled/dbt-env/lib/python3.12/site-packages/airflow/example_dags/example_bash_operator.py
[2025-10-24T14:41:57.749+0000] {logging_mixin.py:188} INFO - [2025-10-24T14:41:57.749+0000] {dag.py:3089} INFO - Sync 1 DAGs
[2025-10-24T14:41:57.762+0000] {logging_mixin.py:188} INFO - [2025-10-24T14:41:57.762+0000] {dag.py:3947} INFO - Setting next_dagrun for example_bash_operator to 2025-10-23 00:00:00+00:00, run_after=2025-10-24 00:00:00+00:00
[2025-10-24T14:41:57.793+0000] {processor.py:183} INFO - Processing /home/khaled/dbt-env/lib/python3.12/site-packages/airflow/example_dags/example_bash_operator.py took 0.071 seconds
[2025-10-24T14:43:08.202+0000] {processor.py:161} INFO - Started process (PID=9463) to work on /home/khaled/dbt-env/lib/python3.12/site-packages/airflow/example_dags/example_bash_operator.py
[2025-10-24T14:43:08.204+0000] {processor.py:830} INFO - Processing file /home/khaled/dbt-env/lib/python3.12/site-packages/airflow/example_dags/example_bash_operator.py for tasks to queue
[2025-10-24T14:43:08.205+0000] {logging_mixin.py:188} INFO - [2025-10-24T14:43:08.205+0000] {dagbag.py:545} INFO - Filling up the DagBag from /home/khaled/dbt-env/lib/python3.12/site-packages/airflow/example_dags/example_bash_operator.py
[2025-10-24T14:43:08.213+0000] {processor.py:840} INFO - DAG(s) 'example_bash_operator' retrieved from /home/khaled/dbt-env/lib/python3.12/site-packages/airflow/example_dags/example_bash_operator.py
[2025-10-24T14:43:08.227+0000] {logging_mixin.py:188} INFO - [2025-10-24T14:43:08.226+0000] {dag.py:3089} INFO - Sync 1 DAGs
[2025-10-24T14:43:08.240+0000] {logging_mixin.py:188} INFO - [2025-10-24T14:43:08.240+0000] {dag.py:3947} INFO - Setting next_dagrun for example_bash_operator to 2025-10-23 00:00:00+00:00, run_after=2025-10-24 00:00:00+00:00
[2025-10-24T14:43:08.272+0000] {processor.py:183} INFO - Processing /home/khaled/dbt-env/lib/python3.12/site-packages/airflow/example_dags/example_bash_operator.py took 0.074 seconds
[2025-10-24T14:44:06.404+0000] {processor.py:161} INFO - Started process (PID=9525) to work on /home/khaled/dbt-env/lib/python3.12/site-packages/airflow/example_dags/example_bash_operator.py
[2025-10-24T14:44:06.414+0000] {processor.py:830} INFO - Processing file /home/khaled/dbt-env/lib/python3.12/site-packages/airflow/example_dags/example_bash_operator.py for tasks to queue
[2025-10-24T14:44:06.416+0000] {logging_mixin.py:188} INFO - [2025-10-24T14:44:06.415+0000] {dagbag.py:545} INFO - Filling up the DagBag from /home/khaled/dbt-env/lib/python3.12/site-packages/airflow/example_dags/example_bash_operator.py
[2025-10-24T14:44:06.424+0000] {processor.py:840} INFO - DAG(s) 'example_bash_operator' retrieved from /home/khaled/dbt-env/lib/python3.12/site-packages/airflow/example_dags/example_bash_operator.py
[2025-10-24T14:44:06.437+0000] {logging_mixin.py:188} INFO - [2025-10-24T14:44:06.437+0000] {dag.py:3089} INFO - Sync 1 DAGs
[2025-10-24T14:44:06.450+0000] {logging_mixin.py:188} INFO - [2025-10-24T14:44:06.450+0000] {dag.py:3947} INFO - Setting next_dagrun for example_bash_operator to 2025-10-23 00:00:00+00:00, run_after=2025-10-24 00:00:00+00:00
[2025-10-24T14:44:06.468+0000] {processor.py:183} INFO - Processing /home/khaled/dbt-env/lib/python3.12/site-packages/airflow/example_dags/example_bash_operator.py took 0.069 seconds
[2025-10-24T14:45:36.100+0000] {processor.py:161} INFO - Started process (PID=9635) to work on /home/khaled/dbt-env/lib/python3.12/site-packages/airflow/example_dags/example_bash_operator.py
[2025-10-24T14:45:36.102+0000] {processor.py:830} INFO - Processing file /home/khaled/dbt-env/lib/python3.12/site-packages/airflow/example_dags/example_bash_operator.py for tasks to queue
[2025-10-24T14:45:36.103+0000] {logging_mixin.py:188} INFO - [2025-10-24T14:45:36.103+0000] {dagbag.py:545} INFO - Filling up the DagBag from /home/khaled/dbt-env/lib/python3.12/site-packages/airflow/example_dags/example_bash_operator.py
[2025-10-24T14:45:36.111+0000] {processor.py:840} INFO - DAG(s) 'example_bash_operator' retrieved from /home/khaled/dbt-env/lib/python3.12/site-packages/airflow/example_dags/example_bash_operator.py
[2025-10-24T14:45:36.125+0000] {logging_mixin.py:188} INFO - [2025-10-24T14:45:36.124+0000] {dag.py:3089} INFO - Sync 1 DAGs
[2025-10-24T14:45:36.137+0000] {logging_mixin.py:188} INFO - [2025-10-24T14:45:36.137+0000] {dag.py:3947} INFO - Setting next_dagrun for example_bash_operator to 2025-10-23 00:00:00+00:00, run_after=2025-10-24 00:00:00+00:00
[2025-10-24T14:45:36.170+0000] {processor.py:183} INFO - Processing /home/khaled/dbt-env/lib/python3.12/site-packages/airflow/example_dags/example_bash_operator.py took 0.074 seconds
[2025-10-24T14:46:41.673+0000] {processor.py:161} INFO - Started process (PID=9712) to work on /home/khaled/dbt-env/lib/python3.12/site-packages/airflow/example_dags/example_bash_operator.py
[2025-10-24T14:46:41.677+0000] {processor.py:830} INFO - Processing file /home/khaled/dbt-env/lib/python3.12/site-packages/airflow/example_dags/example_bash_operator.py for tasks to queue
[2025-10-24T14:46:41.678+0000] {logging_mixin.py:188} INFO - [2025-10-24T14:46:41.678+0000] {dagbag.py:545} INFO - Filling up the DagBag from /home/khaled/dbt-env/lib/python3.12/site-packages/airflow/example_dags/example_bash_operator.py
[2025-10-24T14:46:41.686+0000] {processor.py:840} INFO - DAG(s) 'example_bash_operator' retrieved from /home/khaled/dbt-env/lib/python3.12/site-packages/airflow/example_dags/example_bash_operator.py
[2025-10-24T14:46:41.699+0000] {logging_mixin.py:188} INFO - [2025-10-24T14:46:41.699+0000] {dag.py:3089} INFO - Sync 1 DAGs
[2025-10-24T14:46:41.712+0000] {logging_mixin.py:188} INFO - [2025-10-24T14:46:41.712+0000] {dag.py:3947} INFO - Setting next_dagrun for example_bash_operator to 2025-10-23 00:00:00+00:00, run_after=2025-10-24 00:00:00+00:00
[2025-10-24T14:46:41.742+0000] {processor.py:183} INFO - Processing /home/khaled/dbt-env/lib/python3.12/site-packages/airflow/example_dags/example_bash_operator.py took 0.074 seconds
[2025-10-24T14:47:45.719+0000] {processor.py:161} INFO - Started process (PID=9774) to work on /home/khaled/dbt-env/lib/python3.12/site-packages/airflow/example_dags/example_bash_operator.py
[2025-10-24T14:47:45.720+0000] {processor.py:830} INFO - Processing file /home/khaled/dbt-env/lib/python3.12/site-packages/airflow/example_dags/example_bash_operator.py for tasks to queue
[2025-10-24T14:47:45.722+0000] {logging_mixin.py:188} INFO - [2025-10-24T14:47:45.721+0000] {dagbag.py:545} INFO - Filling up the DagBag from /home/khaled/dbt-env/lib/python3.12/site-packages/airflow/example_dags/example_bash_operator.py
[2025-10-24T14:47:45.730+0000] {processor.py:840} INFO - DAG(s) 'example_bash_operator' retrieved from /home/khaled/dbt-env/lib/python3.12/site-packages/airflow/example_dags/example_bash_operator.py
[2025-10-24T14:47:45.744+0000] {logging_mixin.py:188} INFO - [2025-10-24T14:47:45.744+0000] {dag.py:3089} INFO - Sync 1 DAGs
[2025-10-24T14:47:45.757+0000] {logging_mixin.py:188} INFO - [2025-10-24T14:47:45.757+0000] {dag.py:3947} INFO - Setting next_dagrun for example_bash_operator to 2025-10-23 00:00:00+00:00, run_after=2025-10-24 00:00:00+00:00
[2025-10-24T14:47:45.787+0000] {processor.py:183} INFO - Processing /home/khaled/dbt-env/lib/python3.12/site-packages/airflow/example_dags/example_bash_operator.py took 0.073 seconds
[2025-10-24T14:48:53.687+0000] {processor.py:161} INFO - Started process (PID=9845) to work on /home/khaled/dbt-env/lib/python3.12/site-packages/airflow/example_dags/example_bash_operator.py
[2025-10-24T14:48:53.688+0000] {processor.py:830} INFO - Processing file /home/khaled/dbt-env/lib/python3.12/site-packages/airflow/example_dags/example_bash_operator.py for tasks to queue
[2025-10-24T14:48:53.689+0000] {logging_mixin.py:188} INFO - [2025-10-24T14:48:53.689+0000] {dagbag.py:545} INFO - Filling up the DagBag from /home/khaled/dbt-env/lib/python3.12/site-packages/airflow/example_dags/example_bash_operator.py
[2025-10-24T14:48:53.697+0000] {processor.py:840} INFO - DAG(s) 'example_bash_operator' retrieved from /home/khaled/dbt-env/lib/python3.12/site-packages/airflow/example_dags/example_bash_operator.py
[2025-10-24T14:48:53.710+0000] {logging_mixin.py:188} INFO - [2025-10-24T14:48:53.710+0000] {dag.py:3089} INFO - Sync 1 DAGs
[2025-10-24T14:48:53.723+0000] {logging_mixin.py:188} INFO - [2025-10-24T14:48:53.723+0000] {dag.py:3947} INFO - Setting next_dagrun for example_bash_operator to 2025-10-23 00:00:00+00:00, run_after=2025-10-24 00:00:00+00:00
[2025-10-24T14:48:53.752+0000] {processor.py:183} INFO - Processing /home/khaled/dbt-env/lib/python3.12/site-packages/airflow/example_dags/example_bash_operator.py took 0.069 seconds
[2025-10-24T14:49:59.000+0000] {processor.py:161} INFO - Started process (PID=9912) to work on /home/khaled/dbt-env/lib/python3.12/site-packages/airflow/example_dags/example_bash_operator.py
[2025-10-24T14:49:59.001+0000] {processor.py:830} INFO - Processing file /home/khaled/dbt-env/lib/python3.12/site-packages/airflow/example_dags/example_bash_operator.py for tasks to queue
[2025-10-24T14:49:59.003+0000] {logging_mixin.py:188} INFO - [2025-10-24T14:49:59.002+0000] {dagbag.py:545} INFO - Filling up the DagBag from /home/khaled/dbt-env/lib/python3.12/site-packages/airflow/example_dags/example_bash_operator.py
[2025-10-24T14:49:59.010+0000] {processor.py:840} INFO - DAG(s) 'example_bash_operator' retrieved from /home/khaled/dbt-env/lib/python3.12/site-packages/airflow/example_dags/example_bash_operator.py
[2025-10-24T14:49:59.024+0000] {logging_mixin.py:188} INFO - [2025-10-24T14:49:59.024+0000] {dag.py:3089} INFO - Sync 1 DAGs
[2025-10-24T14:49:59.037+0000] {logging_mixin.py:188} INFO - [2025-10-24T14:49:59.037+0000] {dag.py:3947} INFO - Setting next_dagrun for example_bash_operator to 2025-10-23 00:00:00+00:00, run_after=2025-10-24 00:00:00+00:00
[2025-10-24T14:49:59.068+0000] {processor.py:183} INFO - Processing /home/khaled/dbt-env/lib/python3.12/site-packages/airflow/example_dags/example_bash_operator.py took 0.071 seconds
[2025-10-24T14:50:53.440+0000] {processor.py:161} INFO - Started process (PID=10003) to work on /home/khaled/dbt-env/lib/python3.12/site-packages/airflow/example_dags/example_bash_operator.py
[2025-10-24T14:50:53.442+0000] {processor.py:830} INFO - Processing file /home/khaled/dbt-env/lib/python3.12/site-packages/airflow/example_dags/example_bash_operator.py for tasks to queue
[2025-10-24T14:50:53.443+0000] {logging_mixin.py:188} INFO - [2025-10-24T14:50:53.443+0000] {dagbag.py:545} INFO - Filling up the DagBag from /home/khaled/dbt-env/lib/python3.12/site-packages/airflow/example_dags/example_bash_operator.py
[2025-10-24T14:50:53.451+0000] {processor.py:840} INFO - DAG(s) 'example_bash_operator' retrieved from /home/khaled/dbt-env/lib/python3.12/site-packages/airflow/example_dags/example_bash_operator.py
[2025-10-24T14:50:53.465+0000] {logging_mixin.py:188} INFO - [2025-10-24T14:50:53.465+0000] {dag.py:3089} INFO - Sync 1 DAGs
[2025-10-24T14:50:53.479+0000] {logging_mixin.py:188} INFO - [2025-10-24T14:50:53.479+0000] {dag.py:3947} INFO - Setting next_dagrun for example_bash_operator to 2025-10-23 00:00:00+00:00, run_after=2025-10-24 00:00:00+00:00
[2025-10-24T14:50:53.510+0000] {processor.py:183} INFO - Processing /home/khaled/dbt-env/lib/python3.12/site-packages/airflow/example_dags/example_bash_operator.py took 0.074 seconds
[2025-10-24T14:52:16.237+0000] {processor.py:161} INFO - Started process (PID=10091) to work on /home/khaled/dbt-env/lib/python3.12/site-packages/airflow/example_dags/example_bash_operator.py
[2025-10-24T14:52:16.238+0000] {processor.py:830} INFO - Processing file /home/khaled/dbt-env/lib/python3.12/site-packages/airflow/example_dags/example_bash_operator.py for tasks to queue
[2025-10-24T14:52:16.239+0000] {logging_mixin.py:188} INFO - [2025-10-24T14:52:16.239+0000] {dagbag.py:545} INFO - Filling up the DagBag from /home/khaled/dbt-env/lib/python3.12/site-packages/airflow/example_dags/example_bash_operator.py
[2025-10-24T14:52:16.247+0000] {processor.py:840} INFO - DAG(s) 'example_bash_operator' retrieved from /home/khaled/dbt-env/lib/python3.12/site-packages/airflow/example_dags/example_bash_operator.py
[2025-10-24T14:52:16.261+0000] {logging_mixin.py:188} INFO - [2025-10-24T14:52:16.261+0000] {dag.py:3089} INFO - Sync 1 DAGs
[2025-10-24T14:52:16.273+0000] {logging_mixin.py:188} INFO - [2025-10-24T14:52:16.273+0000] {dag.py:3947} INFO - Setting next_dagrun for example_bash_operator to 2025-10-23 00:00:00+00:00, run_after=2025-10-24 00:00:00+00:00
[2025-10-24T14:52:16.304+0000] {processor.py:183} INFO - Processing /home/khaled/dbt-env/lib/python3.12/site-packages/airflow/example_dags/example_bash_operator.py took 0.072 seconds
[2025-10-24T14:53:35.700+0000] {processor.py:161} INFO - Started process (PID=10179) to work on /home/khaled/dbt-env/lib/python3.12/site-packages/airflow/example_dags/example_bash_operator.py
[2025-10-24T14:53:35.702+0000] {processor.py:830} INFO - Processing file /home/khaled/dbt-env/lib/python3.12/site-packages/airflow/example_dags/example_bash_operator.py for tasks to queue
[2025-10-24T14:53:35.704+0000] {logging_mixin.py:188} INFO - [2025-10-24T14:53:35.703+0000] {dagbag.py:545} INFO - Filling up the DagBag from /home/khaled/dbt-env/lib/python3.12/site-packages/airflow/example_dags/example_bash_operator.py
[2025-10-24T14:53:35.712+0000] {processor.py:840} INFO - DAG(s) 'example_bash_operator' retrieved from /home/khaled/dbt-env/lib/python3.12/site-packages/airflow/example_dags/example_bash_operator.py
[2025-10-24T14:53:35.726+0000] {logging_mixin.py:188} INFO - [2025-10-24T14:53:35.726+0000] {dag.py:3089} INFO - Sync 1 DAGs
[2025-10-24T14:53:35.740+0000] {logging_mixin.py:188} INFO - [2025-10-24T14:53:35.739+0000] {dag.py:3947} INFO - Setting next_dagrun for example_bash_operator to 2025-10-23 00:00:00+00:00, run_after=2025-10-24 00:00:00+00:00
[2025-10-24T14:53:35.771+0000] {processor.py:183} INFO - Processing /home/khaled/dbt-env/lib/python3.12/site-packages/airflow/example_dags/example_bash_operator.py took 0.076 seconds
[2025-10-24T14:54:58.591+0000] {processor.py:161} INFO - Started process (PID=10266) to work on /home/khaled/dbt-env/lib/python3.12/site-packages/airflow/example_dags/example_bash_operator.py
[2025-10-24T14:54:58.592+0000] {processor.py:830} INFO - Processing file /home/khaled/dbt-env/lib/python3.12/site-packages/airflow/example_dags/example_bash_operator.py for tasks to queue
[2025-10-24T14:54:58.593+0000] {logging_mixin.py:188} INFO - [2025-10-24T14:54:58.593+0000] {dagbag.py:545} INFO - Filling up the DagBag from /home/khaled/dbt-env/lib/python3.12/site-packages/airflow/example_dags/example_bash_operator.py
[2025-10-24T14:54:58.601+0000] {processor.py:840} INFO - DAG(s) 'example_bash_operator' retrieved from /home/khaled/dbt-env/lib/python3.12/site-packages/airflow/example_dags/example_bash_operator.py
[2025-10-24T14:54:58.614+0000] {logging_mixin.py:188} INFO - [2025-10-24T14:54:58.613+0000] {dag.py:3089} INFO - Sync 1 DAGs
[2025-10-24T14:54:58.625+0000] {logging_mixin.py:188} INFO - [2025-10-24T14:54:58.625+0000] {dag.py:3947} INFO - Setting next_dagrun for example_bash_operator to 2025-10-23 00:00:00+00:00, run_after=2025-10-24 00:00:00+00:00
[2025-10-24T14:54:58.643+0000] {processor.py:183} INFO - Processing /home/khaled/dbt-env/lib/python3.12/site-packages/airflow/example_dags/example_bash_operator.py took 0.056 seconds
[2025-10-24T14:56:01.876+0000] {processor.py:161} INFO - Started process (PID=10367) to work on /home/khaled/dbt-env/lib/python3.12/site-packages/airflow/example_dags/example_bash_operator.py
[2025-10-24T14:56:01.878+0000] {processor.py:830} INFO - Processing file /home/khaled/dbt-env/lib/python3.12/site-packages/airflow/example_dags/example_bash_operator.py for tasks to queue
[2025-10-24T14:56:01.879+0000] {logging_mixin.py:188} INFO - [2025-10-24T14:56:01.879+0000] {dagbag.py:545} INFO - Filling up the DagBag from /home/khaled/dbt-env/lib/python3.12/site-packages/airflow/example_dags/example_bash_operator.py
[2025-10-24T14:56:01.889+0000] {processor.py:840} INFO - DAG(s) 'example_bash_operator' retrieved from /home/khaled/dbt-env/lib/python3.12/site-packages/airflow/example_dags/example_bash_operator.py
[2025-10-24T14:56:01.904+0000] {logging_mixin.py:188} INFO - [2025-10-24T14:56:01.903+0000] {dag.py:3089} INFO - Sync 1 DAGs
[2025-10-24T14:56:01.916+0000] {logging_mixin.py:188} INFO - [2025-10-24T14:56:01.916+0000] {dag.py:3947} INFO - Setting next_dagrun for example_bash_operator to 2025-10-23 00:00:00+00:00, run_after=2025-10-24 00:00:00+00:00
[2025-10-24T14:56:01.947+0000] {processor.py:183} INFO - Processing /home/khaled/dbt-env/lib/python3.12/site-packages/airflow/example_dags/example_bash_operator.py took 0.077 seconds
[2025-10-24T14:57:21.045+0000] {processor.py:161} INFO - Started process (PID=10459) to work on /home/khaled/dbt-env/lib/python3.12/site-packages/airflow/example_dags/example_bash_operator.py
[2025-10-24T14:57:21.046+0000] {processor.py:830} INFO - Processing file /home/khaled/dbt-env/lib/python3.12/site-packages/airflow/example_dags/example_bash_operator.py for tasks to queue
[2025-10-24T14:57:21.047+0000] {logging_mixin.py:188} INFO - [2025-10-24T14:57:21.047+0000] {dagbag.py:545} INFO - Filling up the DagBag from /home/khaled/dbt-env/lib/python3.12/site-packages/airflow/example_dags/example_bash_operator.py
[2025-10-24T14:57:21.056+0000] {processor.py:840} INFO - DAG(s) 'example_bash_operator' retrieved from /home/khaled/dbt-env/lib/python3.12/site-packages/airflow/example_dags/example_bash_operator.py
[2025-10-24T14:57:21.070+0000] {logging_mixin.py:188} INFO - [2025-10-24T14:57:21.070+0000] {dag.py:3089} INFO - Sync 1 DAGs
[2025-10-24T14:57:21.083+0000] {logging_mixin.py:188} INFO - [2025-10-24T14:57:21.083+0000] {dag.py:3947} INFO - Setting next_dagrun for example_bash_operator to 2025-10-23 00:00:00+00:00, run_after=2025-10-24 00:00:00+00:00
[2025-10-24T14:57:21.104+0000] {processor.py:183} INFO - Processing /home/khaled/dbt-env/lib/python3.12/site-packages/airflow/example_dags/example_bash_operator.py took 0.064 seconds
[2025-10-24T14:58:45.231+0000] {processor.py:161} INFO - Started process (PID=10545) to work on /home/khaled/dbt-env/lib/python3.12/site-packages/airflow/example_dags/example_bash_operator.py
[2025-10-24T14:58:45.241+0000] {processor.py:830} INFO - Processing file /home/khaled/dbt-env/lib/python3.12/site-packages/airflow/example_dags/example_bash_operator.py for tasks to queue
[2025-10-24T14:58:45.242+0000] {logging_mixin.py:188} INFO - [2025-10-24T14:58:45.242+0000] {dagbag.py:545} INFO - Filling up the DagBag from /home/khaled/dbt-env/lib/python3.12/site-packages/airflow/example_dags/example_bash_operator.py
[2025-10-24T14:58:45.250+0000] {processor.py:840} INFO - DAG(s) 'example_bash_operator' retrieved from /home/khaled/dbt-env/lib/python3.12/site-packages/airflow/example_dags/example_bash_operator.py
[2025-10-24T14:58:45.263+0000] {logging_mixin.py:188} INFO - [2025-10-24T14:58:45.263+0000] {dag.py:3089} INFO - Sync 1 DAGs
[2025-10-24T14:58:45.276+0000] {logging_mixin.py:188} INFO - [2025-10-24T14:58:45.276+0000] {dag.py:3947} INFO - Setting next_dagrun for example_bash_operator to 2025-10-23 00:00:00+00:00, run_after=2025-10-24 00:00:00+00:00
[2025-10-24T14:58:45.293+0000] {processor.py:183} INFO - Processing /home/khaled/dbt-env/lib/python3.12/site-packages/airflow/example_dags/example_bash_operator.py took 0.067 seconds
[2025-10-24T15:00:18.082+0000] {processor.py:161} INFO - Started process (PID=10713) to work on /home/khaled/dbt-env/lib/python3.12/site-packages/airflow/example_dags/example_bash_operator.py
[2025-10-24T15:00:18.083+0000] {processor.py:830} INFO - Processing file /home/khaled/dbt-env/lib/python3.12/site-packages/airflow/example_dags/example_bash_operator.py for tasks to queue
[2025-10-24T15:00:18.084+0000] {logging_mixin.py:188} INFO - [2025-10-24T15:00:18.084+0000] {dagbag.py:545} INFO - Filling up the DagBag from /home/khaled/dbt-env/lib/python3.12/site-packages/airflow/example_dags/example_bash_operator.py
[2025-10-24T15:00:18.092+0000] {processor.py:840} INFO - DAG(s) 'example_bash_operator' retrieved from /home/khaled/dbt-env/lib/python3.12/site-packages/airflow/example_dags/example_bash_operator.py
[2025-10-24T15:00:18.105+0000] {logging_mixin.py:188} INFO - [2025-10-24T15:00:18.105+0000] {dag.py:3089} INFO - Sync 1 DAGs
[2025-10-24T15:00:18.117+0000] {logging_mixin.py:188} INFO - [2025-10-24T15:00:18.117+0000] {dag.py:3947} INFO - Setting next_dagrun for example_bash_operator to 2025-10-23 00:00:00+00:00, run_after=2025-10-24 00:00:00+00:00
[2025-10-24T15:00:18.147+0000] {processor.py:183} INFO - Processing /home/khaled/dbt-env/lib/python3.12/site-packages/airflow/example_dags/example_bash_operator.py took 0.071 seconds
[2025-10-24T15:01:26.409+0000] {processor.py:161} INFO - Started process (PID=10823) to work on /home/khaled/dbt-env/lib/python3.12/site-packages/airflow/example_dags/example_bash_operator.py
[2025-10-24T15:01:26.411+0000] {processor.py:830} INFO - Processing file /home/khaled/dbt-env/lib/python3.12/site-packages/airflow/example_dags/example_bash_operator.py for tasks to queue
[2025-10-24T15:01:26.412+0000] {logging_mixin.py:188} INFO - [2025-10-24T15:01:26.412+0000] {dagbag.py:545} INFO - Filling up the DagBag from /home/khaled/dbt-env/lib/python3.12/site-packages/airflow/example_dags/example_bash_operator.py
[2025-10-24T15:01:26.421+0000] {processor.py:840} INFO - DAG(s) 'example_bash_operator' retrieved from /home/khaled/dbt-env/lib/python3.12/site-packages/airflow/example_dags/example_bash_operator.py
[2025-10-24T15:01:26.435+0000] {logging_mixin.py:188} INFO - [2025-10-24T15:01:26.434+0000] {dag.py:3089} INFO - Sync 1 DAGs
[2025-10-24T15:01:26.448+0000] {logging_mixin.py:188} INFO - [2025-10-24T15:01:26.448+0000] {dag.py:3947} INFO - Setting next_dagrun for example_bash_operator to 2025-10-23 00:00:00+00:00, run_after=2025-10-24 00:00:00+00:00
[2025-10-24T15:01:26.478+0000] {processor.py:183} INFO - Processing /home/khaled/dbt-env/lib/python3.12/site-packages/airflow/example_dags/example_bash_operator.py took 0.074 seconds
[2025-10-24T15:02:31.389+0000] {processor.py:161} INFO - Started process (PID=10886) to work on /home/khaled/dbt-env/lib/python3.12/site-packages/airflow/example_dags/example_bash_operator.py
[2025-10-24T15:02:31.391+0000] {processor.py:830} INFO - Processing file /home/khaled/dbt-env/lib/python3.12/site-packages/airflow/example_dags/example_bash_operator.py for tasks to queue
[2025-10-24T15:02:31.392+0000] {logging_mixin.py:188} INFO - [2025-10-24T15:02:31.392+0000] {dagbag.py:545} INFO - Filling up the DagBag from /home/khaled/dbt-env/lib/python3.12/site-packages/airflow/example_dags/example_bash_operator.py
[2025-10-24T15:02:31.399+0000] {processor.py:840} INFO - DAG(s) 'example_bash_operator' retrieved from /home/khaled/dbt-env/lib/python3.12/site-packages/airflow/example_dags/example_bash_operator.py
[2025-10-24T15:02:31.412+0000] {logging_mixin.py:188} INFO - [2025-10-24T15:02:31.412+0000] {dag.py:3089} INFO - Sync 1 DAGs
[2025-10-24T15:02:31.424+0000] {logging_mixin.py:188} INFO - [2025-10-24T15:02:31.424+0000] {dag.py:3947} INFO - Setting next_dagrun for example_bash_operator to 2025-10-23 00:00:00+00:00, run_after=2025-10-24 00:00:00+00:00
[2025-10-24T15:02:31.454+0000] {processor.py:183} INFO - Processing /home/khaled/dbt-env/lib/python3.12/site-packages/airflow/example_dags/example_bash_operator.py took 0.069 seconds
[2025-10-24T15:03:37.455+0000] {processor.py:161} INFO - Started process (PID=10955) to work on /home/khaled/dbt-env/lib/python3.12/site-packages/airflow/example_dags/example_bash_operator.py
[2025-10-24T15:03:37.456+0000] {processor.py:830} INFO - Processing file /home/khaled/dbt-env/lib/python3.12/site-packages/airflow/example_dags/example_bash_operator.py for tasks to queue
[2025-10-24T15:03:37.458+0000] {logging_mixin.py:188} INFO - [2025-10-24T15:03:37.457+0000] {dagbag.py:545} INFO - Filling up the DagBag from /home/khaled/dbt-env/lib/python3.12/site-packages/airflow/example_dags/example_bash_operator.py
[2025-10-24T15:03:37.466+0000] {processor.py:840} INFO - DAG(s) 'example_bash_operator' retrieved from /home/khaled/dbt-env/lib/python3.12/site-packages/airflow/example_dags/example_bash_operator.py
[2025-10-24T15:03:37.480+0000] {logging_mixin.py:188} INFO - [2025-10-24T15:03:37.480+0000] {dag.py:3089} INFO - Sync 1 DAGs
[2025-10-24T15:03:37.493+0000] {logging_mixin.py:188} INFO - [2025-10-24T15:03:37.492+0000] {dag.py:3947} INFO - Setting next_dagrun for example_bash_operator to 2025-10-23 00:00:00+00:00, run_after=2025-10-24 00:00:00+00:00
[2025-10-24T15:03:37.513+0000] {processor.py:183} INFO - Processing /home/khaled/dbt-env/lib/python3.12/site-packages/airflow/example_dags/example_bash_operator.py took 0.063 seconds
[2025-10-24T15:04:37.480+0000] {processor.py:161} INFO - Started process (PID=11018) to work on /home/khaled/dbt-env/lib/python3.12/site-packages/airflow/example_dags/example_bash_operator.py
[2025-10-24T15:04:37.481+0000] {processor.py:830} INFO - Processing file /home/khaled/dbt-env/lib/python3.12/site-packages/airflow/example_dags/example_bash_operator.py for tasks to queue
[2025-10-24T15:04:37.482+0000] {logging_mixin.py:188} INFO - [2025-10-24T15:04:37.482+0000] {dagbag.py:545} INFO - Filling up the DagBag from /home/khaled/dbt-env/lib/python3.12/site-packages/airflow/example_dags/example_bash_operator.py
[2025-10-24T15:04:37.490+0000] {processor.py:840} INFO - DAG(s) 'example_bash_operator' retrieved from /home/khaled/dbt-env/lib/python3.12/site-packages/airflow/example_dags/example_bash_operator.py
[2025-10-24T15:04:37.503+0000] {logging_mixin.py:188} INFO - [2025-10-24T15:04:37.503+0000] {dag.py:3089} INFO - Sync 1 DAGs
[2025-10-24T15:04:37.515+0000] {logging_mixin.py:188} INFO - [2025-10-24T15:04:37.515+0000] {dag.py:3947} INFO - Setting next_dagrun for example_bash_operator to 2025-10-23 00:00:00+00:00, run_after=2025-10-24 00:00:00+00:00
[2025-10-24T15:04:37.545+0000] {processor.py:183} INFO - Processing /home/khaled/dbt-env/lib/python3.12/site-packages/airflow/example_dags/example_bash_operator.py took 0.071 seconds
[2025-10-24T15:06:07.592+0000] {processor.py:161} INFO - Started process (PID=11147) to work on /home/khaled/dbt-env/lib/python3.12/site-packages/airflow/example_dags/example_bash_operator.py
[2025-10-24T15:06:07.604+0000] {processor.py:830} INFO - Processing file /home/khaled/dbt-env/lib/python3.12/site-packages/airflow/example_dags/example_bash_operator.py for tasks to queue
[2025-10-24T15:06:07.605+0000] {logging_mixin.py:188} INFO - [2025-10-24T15:06:07.605+0000] {dagbag.py:545} INFO - Filling up the DagBag from /home/khaled/dbt-env/lib/python3.12/site-packages/airflow/example_dags/example_bash_operator.py
[2025-10-24T15:06:07.614+0000] {processor.py:840} INFO - DAG(s) 'example_bash_operator' retrieved from /home/khaled/dbt-env/lib/python3.12/site-packages/airflow/example_dags/example_bash_operator.py
[2025-10-24T15:06:07.627+0000] {logging_mixin.py:188} INFO - [2025-10-24T15:06:07.627+0000] {dag.py:3089} INFO - Sync 1 DAGs
[2025-10-24T15:06:07.640+0000] {logging_mixin.py:188} INFO - [2025-10-24T15:06:07.639+0000] {dag.py:3947} INFO - Setting next_dagrun for example_bash_operator to 2025-10-23 00:00:00+00:00, run_after=2025-10-24 00:00:00+00:00
[2025-10-24T15:06:07.658+0000] {processor.py:183} INFO - Processing /home/khaled/dbt-env/lib/python3.12/site-packages/airflow/example_dags/example_bash_operator.py took 0.071 seconds
[2025-10-24T15:07:03.534+0000] {processor.py:161} INFO - Started process (PID=11210) to work on /home/khaled/dbt-env/lib/python3.12/site-packages/airflow/example_dags/example_bash_operator.py
[2025-10-24T15:07:03.536+0000] {processor.py:830} INFO - Processing file /home/khaled/dbt-env/lib/python3.12/site-packages/airflow/example_dags/example_bash_operator.py for tasks to queue
[2025-10-24T15:07:03.537+0000] {logging_mixin.py:188} INFO - [2025-10-24T15:07:03.537+0000] {dagbag.py:545} INFO - Filling up the DagBag from /home/khaled/dbt-env/lib/python3.12/site-packages/airflow/example_dags/example_bash_operator.py
[2025-10-24T15:07:03.544+0000] {processor.py:840} INFO - DAG(s) 'example_bash_operator' retrieved from /home/khaled/dbt-env/lib/python3.12/site-packages/airflow/example_dags/example_bash_operator.py
[2025-10-24T15:07:03.557+0000] {logging_mixin.py:188} INFO - [2025-10-24T15:07:03.557+0000] {dag.py:3089} INFO - Sync 1 DAGs
[2025-10-24T15:07:03.569+0000] {logging_mixin.py:188} INFO - [2025-10-24T15:07:03.569+0000] {dag.py:3947} INFO - Setting next_dagrun for example_bash_operator to 2025-10-23 00:00:00+00:00, run_after=2025-10-24 00:00:00+00:00
[2025-10-24T15:07:03.600+0000] {processor.py:183} INFO - Processing /home/khaled/dbt-env/lib/python3.12/site-packages/airflow/example_dags/example_bash_operator.py took 0.071 seconds
[2025-10-24T15:08:24.855+0000] {processor.py:161} INFO - Started process (PID=11297) to work on /home/khaled/dbt-env/lib/python3.12/site-packages/airflow/example_dags/example_bash_operator.py
[2025-10-24T15:08:24.857+0000] {processor.py:830} INFO - Processing file /home/khaled/dbt-env/lib/python3.12/site-packages/airflow/example_dags/example_bash_operator.py for tasks to queue
[2025-10-24T15:08:24.858+0000] {logging_mixin.py:188} INFO - [2025-10-24T15:08:24.858+0000] {dagbag.py:545} INFO - Filling up the DagBag from /home/khaled/dbt-env/lib/python3.12/site-packages/airflow/example_dags/example_bash_operator.py
[2025-10-24T15:08:24.868+0000] {processor.py:840} INFO - DAG(s) 'example_bash_operator' retrieved from /home/khaled/dbt-env/lib/python3.12/site-packages/airflow/example_dags/example_bash_operator.py
[2025-10-24T15:08:24.881+0000] {logging_mixin.py:188} INFO - [2025-10-24T15:08:24.881+0000] {dag.py:3089} INFO - Sync 1 DAGs
[2025-10-24T15:08:24.895+0000] {logging_mixin.py:188} INFO - [2025-10-24T15:08:24.894+0000] {dag.py:3947} INFO - Setting next_dagrun for example_bash_operator to 2025-10-23 00:00:00+00:00, run_after=2025-10-24 00:00:00+00:00
[2025-10-24T15:08:24.927+0000] {processor.py:183} INFO - Processing /home/khaled/dbt-env/lib/python3.12/site-packages/airflow/example_dags/example_bash_operator.py took 0.076 seconds
[2025-10-24T15:09:46.529+0000] {processor.py:161} INFO - Started process (PID=11381) to work on /home/khaled/dbt-env/lib/python3.12/site-packages/airflow/example_dags/example_bash_operator.py
[2025-10-24T15:09:46.541+0000] {processor.py:830} INFO - Processing file /home/khaled/dbt-env/lib/python3.12/site-packages/airflow/example_dags/example_bash_operator.py for tasks to queue
[2025-10-24T15:09:46.542+0000] {logging_mixin.py:188} INFO - [2025-10-24T15:09:46.542+0000] {dagbag.py:545} INFO - Filling up the DagBag from /home/khaled/dbt-env/lib/python3.12/site-packages/airflow/example_dags/example_bash_operator.py
[2025-10-24T15:09:46.550+0000] {processor.py:840} INFO - DAG(s) 'example_bash_operator' retrieved from /home/khaled/dbt-env/lib/python3.12/site-packages/airflow/example_dags/example_bash_operator.py
[2025-10-24T15:09:46.564+0000] {logging_mixin.py:188} INFO - [2025-10-24T15:09:46.564+0000] {dag.py:3089} INFO - Sync 1 DAGs
[2025-10-24T15:09:46.577+0000] {logging_mixin.py:188} INFO - [2025-10-24T15:09:46.577+0000] {dag.py:3947} INFO - Setting next_dagrun for example_bash_operator to 2025-10-23 00:00:00+00:00, run_after=2025-10-24 00:00:00+00:00
[2025-10-24T15:09:46.596+0000] {processor.py:183} INFO - Processing /home/khaled/dbt-env/lib/python3.12/site-packages/airflow/example_dags/example_bash_operator.py took 0.070 seconds
[2025-10-24T15:10:46.585+0000] {processor.py:161} INFO - Started process (PID=11479) to work on /home/khaled/dbt-env/lib/python3.12/site-packages/airflow/example_dags/example_bash_operator.py
[2025-10-24T15:10:46.587+0000] {processor.py:830} INFO - Processing file /home/khaled/dbt-env/lib/python3.12/site-packages/airflow/example_dags/example_bash_operator.py for tasks to queue
[2025-10-24T15:10:46.588+0000] {logging_mixin.py:188} INFO - [2025-10-24T15:10:46.588+0000] {dagbag.py:545} INFO - Filling up the DagBag from /home/khaled/dbt-env/lib/python3.12/site-packages/airflow/example_dags/example_bash_operator.py
[2025-10-24T15:10:46.596+0000] {processor.py:840} INFO - DAG(s) 'example_bash_operator' retrieved from /home/khaled/dbt-env/lib/python3.12/site-packages/airflow/example_dags/example_bash_operator.py
[2025-10-24T15:10:46.610+0000] {logging_mixin.py:188} INFO - [2025-10-24T15:10:46.610+0000] {dag.py:3089} INFO - Sync 1 DAGs
[2025-10-24T15:10:46.623+0000] {logging_mixin.py:188} INFO - [2025-10-24T15:10:46.623+0000] {dag.py:3947} INFO - Setting next_dagrun for example_bash_operator to 2025-10-23 00:00:00+00:00, run_after=2025-10-24 00:00:00+00:00
[2025-10-24T15:10:46.655+0000] {processor.py:183} INFO - Processing /home/khaled/dbt-env/lib/python3.12/site-packages/airflow/example_dags/example_bash_operator.py took 0.075 seconds
[2025-10-24T15:11:54.745+0000] {processor.py:161} INFO - Started process (PID=11545) to work on /home/khaled/dbt-env/lib/python3.12/site-packages/airflow/example_dags/example_bash_operator.py
[2025-10-24T15:11:54.746+0000] {processor.py:830} INFO - Processing file /home/khaled/dbt-env/lib/python3.12/site-packages/airflow/example_dags/example_bash_operator.py for tasks to queue
[2025-10-24T15:11:54.747+0000] {logging_mixin.py:188} INFO - [2025-10-24T15:11:54.747+0000] {dagbag.py:545} INFO - Filling up the DagBag from /home/khaled/dbt-env/lib/python3.12/site-packages/airflow/example_dags/example_bash_operator.py
[2025-10-24T15:11:54.755+0000] {processor.py:840} INFO - DAG(s) 'example_bash_operator' retrieved from /home/khaled/dbt-env/lib/python3.12/site-packages/airflow/example_dags/example_bash_operator.py
[2025-10-24T15:11:54.769+0000] {logging_mixin.py:188} INFO - [2025-10-24T15:11:54.769+0000] {dag.py:3089} INFO - Sync 1 DAGs
[2025-10-24T15:11:54.781+0000] {logging_mixin.py:188} INFO - [2025-10-24T15:11:54.781+0000] {dag.py:3947} INFO - Setting next_dagrun for example_bash_operator to 2025-10-23 00:00:00+00:00, run_after=2025-10-24 00:00:00+00:00
[2025-10-24T15:11:54.812+0000] {processor.py:183} INFO - Processing /home/khaled/dbt-env/lib/python3.12/site-packages/airflow/example_dags/example_bash_operator.py took 0.072 seconds
[2025-10-24T15:12:55.411+0000] {processor.py:161} INFO - Started process (PID=11607) to work on /home/khaled/dbt-env/lib/python3.12/site-packages/airflow/example_dags/example_bash_operator.py
[2025-10-24T15:12:55.412+0000] {processor.py:830} INFO - Processing file /home/khaled/dbt-env/lib/python3.12/site-packages/airflow/example_dags/example_bash_operator.py for tasks to queue
[2025-10-24T15:12:55.414+0000] {logging_mixin.py:188} INFO - [2025-10-24T15:12:55.414+0000] {dagbag.py:545} INFO - Filling up the DagBag from /home/khaled/dbt-env/lib/python3.12/site-packages/airflow/example_dags/example_bash_operator.py
[2025-10-24T15:12:55.423+0000] {processor.py:840} INFO - DAG(s) 'example_bash_operator' retrieved from /home/khaled/dbt-env/lib/python3.12/site-packages/airflow/example_dags/example_bash_operator.py
[2025-10-24T15:12:55.436+0000] {logging_mixin.py:188} INFO - [2025-10-24T15:12:55.436+0000] {dag.py:3089} INFO - Sync 1 DAGs
[2025-10-24T15:12:55.448+0000] {logging_mixin.py:188} INFO - [2025-10-24T15:12:55.448+0000] {dag.py:3947} INFO - Setting next_dagrun for example_bash_operator to 2025-10-23 00:00:00+00:00, run_after=2025-10-24 00:00:00+00:00
[2025-10-24T15:12:55.480+0000] {processor.py:183} INFO - Processing /home/khaled/dbt-env/lib/python3.12/site-packages/airflow/example_dags/example_bash_operator.py took 0.075 seconds
[2025-10-24T15:14:01.615+0000] {processor.py:161} INFO - Started process (PID=11671) to work on /home/khaled/dbt-env/lib/python3.12/site-packages/airflow/example_dags/example_bash_operator.py
[2025-10-24T15:14:01.617+0000] {processor.py:830} INFO - Processing file /home/khaled/dbt-env/lib/python3.12/site-packages/airflow/example_dags/example_bash_operator.py for tasks to queue
[2025-10-24T15:14:01.618+0000] {logging_mixin.py:188} INFO - [2025-10-24T15:14:01.618+0000] {dagbag.py:545} INFO - Filling up the DagBag from /home/khaled/dbt-env/lib/python3.12/site-packages/airflow/example_dags/example_bash_operator.py
[2025-10-24T15:14:01.625+0000] {processor.py:840} INFO - DAG(s) 'example_bash_operator' retrieved from /home/khaled/dbt-env/lib/python3.12/site-packages/airflow/example_dags/example_bash_operator.py
[2025-10-24T15:14:01.638+0000] {logging_mixin.py:188} INFO - [2025-10-24T15:14:01.638+0000] {dag.py:3089} INFO - Sync 1 DAGs
[2025-10-24T15:14:01.650+0000] {logging_mixin.py:188} INFO - [2025-10-24T15:14:01.650+0000] {dag.py:3947} INFO - Setting next_dagrun for example_bash_operator to 2025-10-23 00:00:00+00:00, run_after=2025-10-24 00:00:00+00:00
[2025-10-24T15:14:01.682+0000] {processor.py:183} INFO - Processing /home/khaled/dbt-env/lib/python3.12/site-packages/airflow/example_dags/example_bash_operator.py took 0.072 seconds
[2025-10-24T15:15:04.147+0000] {processor.py:161} INFO - Started process (PID=11743) to work on /home/khaled/dbt-env/lib/python3.12/site-packages/airflow/example_dags/example_bash_operator.py
[2025-10-24T15:15:04.148+0000] {processor.py:830} INFO - Processing file /home/khaled/dbt-env/lib/python3.12/site-packages/airflow/example_dags/example_bash_operator.py for tasks to queue
[2025-10-24T15:15:04.150+0000] {logging_mixin.py:188} INFO - [2025-10-24T15:15:04.149+0000] {dagbag.py:545} INFO - Filling up the DagBag from /home/khaled/dbt-env/lib/python3.12/site-packages/airflow/example_dags/example_bash_operator.py
[2025-10-24T15:15:04.157+0000] {processor.py:840} INFO - DAG(s) 'example_bash_operator' retrieved from /home/khaled/dbt-env/lib/python3.12/site-packages/airflow/example_dags/example_bash_operator.py
[2025-10-24T15:15:04.171+0000] {logging_mixin.py:188} INFO - [2025-10-24T15:15:04.170+0000] {dag.py:3089} INFO - Sync 1 DAGs
[2025-10-24T15:15:04.182+0000] {logging_mixin.py:188} INFO - [2025-10-24T15:15:04.182+0000] {dag.py:3947} INFO - Setting next_dagrun for example_bash_operator to 2025-10-23 00:00:00+00:00, run_after=2025-10-24 00:00:00+00:00
[2025-10-24T15:15:04.213+0000] {processor.py:183} INFO - Processing /home/khaled/dbt-env/lib/python3.12/site-packages/airflow/example_dags/example_bash_operator.py took 0.073 seconds
[2025-10-24T15:16:11.633+0000] {processor.py:161} INFO - Started process (PID=11834) to work on /home/khaled/dbt-env/lib/python3.12/site-packages/airflow/example_dags/example_bash_operator.py
[2025-10-24T15:16:11.635+0000] {processor.py:830} INFO - Processing file /home/khaled/dbt-env/lib/python3.12/site-packages/airflow/example_dags/example_bash_operator.py for tasks to queue
[2025-10-24T15:16:11.636+0000] {logging_mixin.py:188} INFO - [2025-10-24T15:16:11.636+0000] {dagbag.py:545} INFO - Filling up the DagBag from /home/khaled/dbt-env/lib/python3.12/site-packages/airflow/example_dags/example_bash_operator.py
[2025-10-24T15:16:11.647+0000] {processor.py:840} INFO - DAG(s) 'example_bash_operator' retrieved from /home/khaled/dbt-env/lib/python3.12/site-packages/airflow/example_dags/example_bash_operator.py
[2025-10-24T15:16:11.659+0000] {logging_mixin.py:188} INFO - [2025-10-24T15:16:11.659+0000] {dag.py:3089} INFO - Sync 1 DAGs
[2025-10-24T15:16:11.672+0000] {logging_mixin.py:188} INFO - [2025-10-24T15:16:11.672+0000] {dag.py:3947} INFO - Setting next_dagrun for example_bash_operator to 2025-10-23 00:00:00+00:00, run_after=2025-10-24 00:00:00+00:00
[2025-10-24T15:16:11.689+0000] {processor.py:183} INFO - Processing /home/khaled/dbt-env/lib/python3.12/site-packages/airflow/example_dags/example_bash_operator.py took 0.060 seconds
[2025-10-24T15:17:19.364+0000] {processor.py:161} INFO - Started process (PID=11904) to work on /home/khaled/dbt-env/lib/python3.12/site-packages/airflow/example_dags/example_bash_operator.py
[2025-10-24T15:17:19.366+0000] {processor.py:830} INFO - Processing file /home/khaled/dbt-env/lib/python3.12/site-packages/airflow/example_dags/example_bash_operator.py for tasks to queue
[2025-10-24T15:17:19.367+0000] {logging_mixin.py:188} INFO - [2025-10-24T15:17:19.367+0000] {dagbag.py:545} INFO - Filling up the DagBag from /home/khaled/dbt-env/lib/python3.12/site-packages/airflow/example_dags/example_bash_operator.py
[2025-10-24T15:17:19.374+0000] {processor.py:840} INFO - DAG(s) 'example_bash_operator' retrieved from /home/khaled/dbt-env/lib/python3.12/site-packages/airflow/example_dags/example_bash_operator.py
[2025-10-24T15:17:19.388+0000] {logging_mixin.py:188} INFO - [2025-10-24T15:17:19.388+0000] {dag.py:3089} INFO - Sync 1 DAGs
[2025-10-24T15:17:19.400+0000] {logging_mixin.py:188} INFO - [2025-10-24T15:17:19.400+0000] {dag.py:3947} INFO - Setting next_dagrun for example_bash_operator to 2025-10-23 00:00:00+00:00, run_after=2025-10-24 00:00:00+00:00
[2025-10-24T15:17:19.432+0000] {processor.py:183} INFO - Processing /home/khaled/dbt-env/lib/python3.12/site-packages/airflow/example_dags/example_bash_operator.py took 0.073 seconds
[2025-10-24T15:18:35.269+0000] {processor.py:161} INFO - Started process (PID=11991) to work on /home/khaled/dbt-env/lib/python3.12/site-packages/airflow/example_dags/example_bash_operator.py
[2025-10-24T15:18:35.270+0000] {processor.py:830} INFO - Processing file /home/khaled/dbt-env/lib/python3.12/site-packages/airflow/example_dags/example_bash_operator.py for tasks to queue
[2025-10-24T15:18:35.272+0000] {logging_mixin.py:188} INFO - [2025-10-24T15:18:35.271+0000] {dagbag.py:545} INFO - Filling up the DagBag from /home/khaled/dbt-env/lib/python3.12/site-packages/airflow/example_dags/example_bash_operator.py
[2025-10-24T15:18:35.280+0000] {processor.py:840} INFO - DAG(s) 'example_bash_operator' retrieved from /home/khaled/dbt-env/lib/python3.12/site-packages/airflow/example_dags/example_bash_operator.py
[2025-10-24T15:18:35.293+0000] {logging_mixin.py:188} INFO - [2025-10-24T15:18:35.293+0000] {dag.py:3089} INFO - Sync 1 DAGs
[2025-10-24T15:18:35.307+0000] {logging_mixin.py:188} INFO - [2025-10-24T15:18:35.307+0000] {dag.py:3947} INFO - Setting next_dagrun for example_bash_operator to 2025-10-23 00:00:00+00:00, run_after=2025-10-24 00:00:00+00:00
[2025-10-24T15:18:35.343+0000] {processor.py:183} INFO - Processing /home/khaled/dbt-env/lib/python3.12/site-packages/airflow/example_dags/example_bash_operator.py took 0.079 seconds
[2025-10-24T15:19:59.140+0000] {processor.py:161} INFO - Started process (PID=12080) to work on /home/khaled/dbt-env/lib/python3.12/site-packages/airflow/example_dags/example_bash_operator.py
[2025-10-24T15:19:59.152+0000] {processor.py:830} INFO - Processing file /home/khaled/dbt-env/lib/python3.12/site-packages/airflow/example_dags/example_bash_operator.py for tasks to queue
[2025-10-24T15:19:59.153+0000] {logging_mixin.py:188} INFO - [2025-10-24T15:19:59.153+0000] {dagbag.py:545} INFO - Filling up the DagBag from /home/khaled/dbt-env/lib/python3.12/site-packages/airflow/example_dags/example_bash_operator.py
[2025-10-24T15:19:59.161+0000] {processor.py:840} INFO - DAG(s) 'example_bash_operator' retrieved from /home/khaled/dbt-env/lib/python3.12/site-packages/airflow/example_dags/example_bash_operator.py
[2025-10-24T15:19:59.174+0000] {logging_mixin.py:188} INFO - [2025-10-24T15:19:59.174+0000] {dag.py:3089} INFO - Sync 1 DAGs
[2025-10-24T15:19:59.189+0000] {logging_mixin.py:188} INFO - [2025-10-24T15:19:59.188+0000] {dag.py:3947} INFO - Setting next_dagrun for example_bash_operator to 2025-10-23 00:00:00+00:00, run_after=2025-10-24 00:00:00+00:00
[2025-10-24T15:19:59.208+0000] {processor.py:183} INFO - Processing /home/khaled/dbt-env/lib/python3.12/site-packages/airflow/example_dags/example_bash_operator.py took 0.073 seconds
[2025-10-24T15:21:28.509+0000] {processor.py:161} INFO - Started process (PID=12206) to work on /home/khaled/dbt-env/lib/python3.12/site-packages/airflow/example_dags/example_bash_operator.py
[2025-10-24T15:21:28.510+0000] {processor.py:830} INFO - Processing file /home/khaled/dbt-env/lib/python3.12/site-packages/airflow/example_dags/example_bash_operator.py for tasks to queue
[2025-10-24T15:21:28.511+0000] {logging_mixin.py:188} INFO - [2025-10-24T15:21:28.511+0000] {dagbag.py:545} INFO - Filling up the DagBag from /home/khaled/dbt-env/lib/python3.12/site-packages/airflow/example_dags/example_bash_operator.py
[2025-10-24T15:21:28.518+0000] {processor.py:840} INFO - DAG(s) 'example_bash_operator' retrieved from /home/khaled/dbt-env/lib/python3.12/site-packages/airflow/example_dags/example_bash_operator.py
[2025-10-24T15:21:28.532+0000] {logging_mixin.py:188} INFO - [2025-10-24T15:21:28.532+0000] {dag.py:3089} INFO - Sync 1 DAGs
[2025-10-24T15:21:28.545+0000] {logging_mixin.py:188} INFO - [2025-10-24T15:21:28.544+0000] {dag.py:3947} INFO - Setting next_dagrun for example_bash_operator to 2025-10-23 00:00:00+00:00, run_after=2025-10-24 00:00:00+00:00
[2025-10-24T15:21:28.576+0000] {processor.py:183} INFO - Processing /home/khaled/dbt-env/lib/python3.12/site-packages/airflow/example_dags/example_bash_operator.py took 0.073 seconds
[2025-10-24T15:22:34.898+0000] {processor.py:161} INFO - Started process (PID=12273) to work on /home/khaled/dbt-env/lib/python3.12/site-packages/airflow/example_dags/example_bash_operator.py
[2025-10-24T15:22:34.899+0000] {processor.py:830} INFO - Processing file /home/khaled/dbt-env/lib/python3.12/site-packages/airflow/example_dags/example_bash_operator.py for tasks to queue
[2025-10-24T15:22:34.901+0000] {logging_mixin.py:188} INFO - [2025-10-24T15:22:34.900+0000] {dagbag.py:545} INFO - Filling up the DagBag from /home/khaled/dbt-env/lib/python3.12/site-packages/airflow/example_dags/example_bash_operator.py
[2025-10-24T15:22:34.908+0000] {processor.py:840} INFO - DAG(s) 'example_bash_operator' retrieved from /home/khaled/dbt-env/lib/python3.12/site-packages/airflow/example_dags/example_bash_operator.py
[2025-10-24T15:22:34.922+0000] {logging_mixin.py:188} INFO - [2025-10-24T15:22:34.921+0000] {dag.py:3089} INFO - Sync 1 DAGs
[2025-10-24T15:22:34.934+0000] {logging_mixin.py:188} INFO - [2025-10-24T15:22:34.934+0000] {dag.py:3947} INFO - Setting next_dagrun for example_bash_operator to 2025-10-23 00:00:00+00:00, run_after=2025-10-24 00:00:00+00:00
[2025-10-24T15:22:34.964+0000] {processor.py:183} INFO - Processing /home/khaled/dbt-env/lib/python3.12/site-packages/airflow/example_dags/example_bash_operator.py took 0.071 seconds
[2025-10-24T15:23:37.772+0000] {processor.py:161} INFO - Started process (PID=12334) to work on /home/khaled/dbt-env/lib/python3.12/site-packages/airflow/example_dags/example_bash_operator.py
[2025-10-24T15:23:37.773+0000] {processor.py:830} INFO - Processing file /home/khaled/dbt-env/lib/python3.12/site-packages/airflow/example_dags/example_bash_operator.py for tasks to queue
[2025-10-24T15:23:37.774+0000] {logging_mixin.py:188} INFO - [2025-10-24T15:23:37.774+0000] {dagbag.py:545} INFO - Filling up the DagBag from /home/khaled/dbt-env/lib/python3.12/site-packages/airflow/example_dags/example_bash_operator.py
[2025-10-24T15:23:37.782+0000] {processor.py:840} INFO - DAG(s) 'example_bash_operator' retrieved from /home/khaled/dbt-env/lib/python3.12/site-packages/airflow/example_dags/example_bash_operator.py
[2025-10-24T15:23:37.795+0000] {logging_mixin.py:188} INFO - [2025-10-24T15:23:37.795+0000] {dag.py:3089} INFO - Sync 1 DAGs
[2025-10-24T15:23:37.810+0000] {logging_mixin.py:188} INFO - [2025-10-24T15:23:37.809+0000] {dag.py:3947} INFO - Setting next_dagrun for example_bash_operator to 2025-10-23 00:00:00+00:00, run_after=2025-10-24 00:00:00+00:00
[2025-10-24T15:23:37.841+0000] {processor.py:183} INFO - Processing /home/khaled/dbt-env/lib/python3.12/site-packages/airflow/example_dags/example_bash_operator.py took 0.074 seconds
[2025-10-24T15:24:38.525+0000] {processor.py:161} INFO - Started process (PID=12399) to work on /home/khaled/dbt-env/lib/python3.12/site-packages/airflow/example_dags/example_bash_operator.py
[2025-10-24T15:24:38.526+0000] {processor.py:830} INFO - Processing file /home/khaled/dbt-env/lib/python3.12/site-packages/airflow/example_dags/example_bash_operator.py for tasks to queue
[2025-10-24T15:24:38.528+0000] {logging_mixin.py:188} INFO - [2025-10-24T15:24:38.527+0000] {dagbag.py:545} INFO - Filling up the DagBag from /home/khaled/dbt-env/lib/python3.12/site-packages/airflow/example_dags/example_bash_operator.py
[2025-10-24T15:24:38.535+0000] {processor.py:840} INFO - DAG(s) 'example_bash_operator' retrieved from /home/khaled/dbt-env/lib/python3.12/site-packages/airflow/example_dags/example_bash_operator.py
[2025-10-24T15:24:38.548+0000] {logging_mixin.py:188} INFO - [2025-10-24T15:24:38.548+0000] {dag.py:3089} INFO - Sync 1 DAGs
[2025-10-24T15:24:38.560+0000] {logging_mixin.py:188} INFO - [2025-10-24T15:24:38.560+0000] {dag.py:3947} INFO - Setting next_dagrun for example_bash_operator to 2025-10-23 00:00:00+00:00, run_after=2025-10-24 00:00:00+00:00
[2025-10-24T15:24:38.591+0000] {processor.py:183} INFO - Processing /home/khaled/dbt-env/lib/python3.12/site-packages/airflow/example_dags/example_bash_operator.py took 0.072 seconds
[2025-10-24T15:25:39.363+0000] {processor.py:161} INFO - Started process (PID=12495) to work on /home/khaled/dbt-env/lib/python3.12/site-packages/airflow/example_dags/example_bash_operator.py
[2025-10-24T15:25:39.364+0000] {processor.py:830} INFO - Processing file /home/khaled/dbt-env/lib/python3.12/site-packages/airflow/example_dags/example_bash_operator.py for tasks to queue
[2025-10-24T15:25:39.366+0000] {logging_mixin.py:188} INFO - [2025-10-24T15:25:39.366+0000] {dagbag.py:545} INFO - Filling up the DagBag from /home/khaled/dbt-env/lib/python3.12/site-packages/airflow/example_dags/example_bash_operator.py
[2025-10-24T15:25:39.378+0000] {processor.py:840} INFO - DAG(s) 'example_bash_operator' retrieved from /home/khaled/dbt-env/lib/python3.12/site-packages/airflow/example_dags/example_bash_operator.py
[2025-10-24T15:25:39.391+0000] {logging_mixin.py:188} INFO - [2025-10-24T15:25:39.391+0000] {dag.py:3089} INFO - Sync 1 DAGs
[2025-10-24T15:25:39.403+0000] {logging_mixin.py:188} INFO - [2025-10-24T15:25:39.403+0000] {dag.py:3947} INFO - Setting next_dagrun for example_bash_operator to 2025-10-23 00:00:00+00:00, run_after=2025-10-24 00:00:00+00:00
[2025-10-24T15:25:39.433+0000] {processor.py:183} INFO - Processing /home/khaled/dbt-env/lib/python3.12/site-packages/airflow/example_dags/example_bash_operator.py took 0.076 seconds
[2025-10-24T15:26:51.468+0000] {processor.py:161} INFO - Started process (PID=12564) to work on /home/khaled/dbt-env/lib/python3.12/site-packages/airflow/example_dags/example_bash_operator.py
[2025-10-24T15:26:51.469+0000] {processor.py:830} INFO - Processing file /home/khaled/dbt-env/lib/python3.12/site-packages/airflow/example_dags/example_bash_operator.py for tasks to queue
[2025-10-24T15:26:51.471+0000] {logging_mixin.py:188} INFO - [2025-10-24T15:26:51.470+0000] {dagbag.py:545} INFO - Filling up the DagBag from /home/khaled/dbt-env/lib/python3.12/site-packages/airflow/example_dags/example_bash_operator.py
[2025-10-24T15:26:51.479+0000] {processor.py:840} INFO - DAG(s) 'example_bash_operator' retrieved from /home/khaled/dbt-env/lib/python3.12/site-packages/airflow/example_dags/example_bash_operator.py
[2025-10-24T15:26:51.494+0000] {logging_mixin.py:188} INFO - [2025-10-24T15:26:51.494+0000] {dag.py:3089} INFO - Sync 1 DAGs
[2025-10-24T15:26:51.508+0000] {logging_mixin.py:188} INFO - [2025-10-24T15:26:51.508+0000] {dag.py:3947} INFO - Setting next_dagrun for example_bash_operator to 2025-10-23 00:00:00+00:00, run_after=2025-10-24 00:00:00+00:00
[2025-10-24T15:26:51.539+0000] {processor.py:183} INFO - Processing /home/khaled/dbt-env/lib/python3.12/site-packages/airflow/example_dags/example_bash_operator.py took 0.075 seconds
[2025-10-24T15:28:06.019+0000] {processor.py:161} INFO - Started process (PID=12637) to work on /home/khaled/dbt-env/lib/python3.12/site-packages/airflow/example_dags/example_bash_operator.py
[2025-10-24T15:28:06.021+0000] {processor.py:830} INFO - Processing file /home/khaled/dbt-env/lib/python3.12/site-packages/airflow/example_dags/example_bash_operator.py for tasks to queue
[2025-10-24T15:28:06.022+0000] {logging_mixin.py:188} INFO - [2025-10-24T15:28:06.022+0000] {dagbag.py:545} INFO - Filling up the DagBag from /home/khaled/dbt-env/lib/python3.12/site-packages/airflow/example_dags/example_bash_operator.py
[2025-10-24T15:28:06.030+0000] {processor.py:840} INFO - DAG(s) 'example_bash_operator' retrieved from /home/khaled/dbt-env/lib/python3.12/site-packages/airflow/example_dags/example_bash_operator.py
[2025-10-24T15:28:06.043+0000] {logging_mixin.py:188} INFO - [2025-10-24T15:28:06.043+0000] {dag.py:3089} INFO - Sync 1 DAGs
[2025-10-24T15:28:06.056+0000] {logging_mixin.py:188} INFO - [2025-10-24T15:28:06.056+0000] {dag.py:3947} INFO - Setting next_dagrun for example_bash_operator to 2025-10-23 00:00:00+00:00, run_after=2025-10-24 00:00:00+00:00
[2025-10-24T15:28:06.074+0000] {processor.py:183} INFO - Processing /home/khaled/dbt-env/lib/python3.12/site-packages/airflow/example_dags/example_bash_operator.py took 0.059 seconds
[2025-10-24T15:29:07.359+0000] {processor.py:161} INFO - Started process (PID=12703) to work on /home/khaled/dbt-env/lib/python3.12/site-packages/airflow/example_dags/example_bash_operator.py
[2025-10-24T15:29:07.361+0000] {processor.py:830} INFO - Processing file /home/khaled/dbt-env/lib/python3.12/site-packages/airflow/example_dags/example_bash_operator.py for tasks to queue
[2025-10-24T15:29:07.362+0000] {logging_mixin.py:188} INFO - [2025-10-24T15:29:07.362+0000] {dagbag.py:545} INFO - Filling up the DagBag from /home/khaled/dbt-env/lib/python3.12/site-packages/airflow/example_dags/example_bash_operator.py
[2025-10-24T15:29:07.370+0000] {processor.py:840} INFO - DAG(s) 'example_bash_operator' retrieved from /home/khaled/dbt-env/lib/python3.12/site-packages/airflow/example_dags/example_bash_operator.py
[2025-10-24T15:29:07.383+0000] {logging_mixin.py:188} INFO - [2025-10-24T15:29:07.383+0000] {dag.py:3089} INFO - Sync 1 DAGs
[2025-10-24T15:29:07.396+0000] {logging_mixin.py:188} INFO - [2025-10-24T15:29:07.396+0000] {dag.py:3947} INFO - Setting next_dagrun for example_bash_operator to 2025-10-23 00:00:00+00:00, run_after=2025-10-24 00:00:00+00:00
[2025-10-24T15:29:07.425+0000] {processor.py:183} INFO - Processing /home/khaled/dbt-env/lib/python3.12/site-packages/airflow/example_dags/example_bash_operator.py took 0.070 seconds
[2025-10-24T15:30:10.433+0000] {processor.py:161} INFO - Started process (PID=12769) to work on /home/khaled/dbt-env/lib/python3.12/site-packages/airflow/example_dags/example_bash_operator.py
[2025-10-24T15:30:10.434+0000] {processor.py:830} INFO - Processing file /home/khaled/dbt-env/lib/python3.12/site-packages/airflow/example_dags/example_bash_operator.py for tasks to queue
[2025-10-24T15:30:10.436+0000] {logging_mixin.py:188} INFO - [2025-10-24T15:30:10.435+0000] {dagbag.py:545} INFO - Filling up the DagBag from /home/khaled/dbt-env/lib/python3.12/site-packages/airflow/example_dags/example_bash_operator.py
[2025-10-24T15:30:10.443+0000] {processor.py:840} INFO - DAG(s) 'example_bash_operator' retrieved from /home/khaled/dbt-env/lib/python3.12/site-packages/airflow/example_dags/example_bash_operator.py
[2025-10-24T15:30:10.457+0000] {logging_mixin.py:188} INFO - [2025-10-24T15:30:10.457+0000] {dag.py:3089} INFO - Sync 1 DAGs
[2025-10-24T15:30:10.470+0000] {logging_mixin.py:188} INFO - [2025-10-24T15:30:10.470+0000] {dag.py:3947} INFO - Setting next_dagrun for example_bash_operator to 2025-10-23 00:00:00+00:00, run_after=2025-10-24 00:00:00+00:00
[2025-10-24T15:30:10.499+0000] {processor.py:183} INFO - Processing /home/khaled/dbt-env/lib/python3.12/site-packages/airflow/example_dags/example_bash_operator.py took 0.070 seconds
[2025-10-24T15:31:30.684+0000] {processor.py:161} INFO - Started process (PID=12872) to work on /home/khaled/dbt-env/lib/python3.12/site-packages/airflow/example_dags/example_bash_operator.py
[2025-10-24T15:31:30.686+0000] {processor.py:830} INFO - Processing file /home/khaled/dbt-env/lib/python3.12/site-packages/airflow/example_dags/example_bash_operator.py for tasks to queue
[2025-10-24T15:31:30.687+0000] {logging_mixin.py:188} INFO - [2025-10-24T15:31:30.687+0000] {dagbag.py:545} INFO - Filling up the DagBag from /home/khaled/dbt-env/lib/python3.12/site-packages/airflow/example_dags/example_bash_operator.py
[2025-10-24T15:31:30.694+0000] {processor.py:840} INFO - DAG(s) 'example_bash_operator' retrieved from /home/khaled/dbt-env/lib/python3.12/site-packages/airflow/example_dags/example_bash_operator.py
[2025-10-24T15:31:30.707+0000] {logging_mixin.py:188} INFO - [2025-10-24T15:31:30.707+0000] {dag.py:3089} INFO - Sync 1 DAGs
[2025-10-24T15:31:30.720+0000] {logging_mixin.py:188} INFO - [2025-10-24T15:31:30.719+0000] {dag.py:3947} INFO - Setting next_dagrun for example_bash_operator to 2025-10-23 00:00:00+00:00, run_after=2025-10-24 00:00:00+00:00
[2025-10-24T15:31:30.749+0000] {processor.py:183} INFO - Processing /home/khaled/dbt-env/lib/python3.12/site-packages/airflow/example_dags/example_bash_operator.py took 0.069 seconds
[2025-10-24T15:32:32.278+0000] {processor.py:161} INFO - Started process (PID=12938) to work on /home/khaled/dbt-env/lib/python3.12/site-packages/airflow/example_dags/example_bash_operator.py
[2025-10-24T15:32:32.279+0000] {processor.py:830} INFO - Processing file /home/khaled/dbt-env/lib/python3.12/site-packages/airflow/example_dags/example_bash_operator.py for tasks to queue
[2025-10-24T15:32:32.281+0000] {logging_mixin.py:188} INFO - [2025-10-24T15:32:32.280+0000] {dagbag.py:545} INFO - Filling up the DagBag from /home/khaled/dbt-env/lib/python3.12/site-packages/airflow/example_dags/example_bash_operator.py
[2025-10-24T15:32:32.289+0000] {processor.py:840} INFO - DAG(s) 'example_bash_operator' retrieved from /home/khaled/dbt-env/lib/python3.12/site-packages/airflow/example_dags/example_bash_operator.py
[2025-10-24T15:32:32.302+0000] {logging_mixin.py:188} INFO - [2025-10-24T15:32:32.302+0000] {dag.py:3089} INFO - Sync 1 DAGs
[2025-10-24T15:32:32.315+0000] {logging_mixin.py:188} INFO - [2025-10-24T15:32:32.315+0000] {dag.py:3947} INFO - Setting next_dagrun for example_bash_operator to 2025-10-23 00:00:00+00:00, run_after=2025-10-24 00:00:00+00:00
[2025-10-24T15:32:32.346+0000] {processor.py:183} INFO - Processing /home/khaled/dbt-env/lib/python3.12/site-packages/airflow/example_dags/example_bash_operator.py took 0.074 seconds
[2025-10-24T15:33:57.246+0000] {processor.py:161} INFO - Started process (PID=13032) to work on /home/khaled/dbt-env/lib/python3.12/site-packages/airflow/example_dags/example_bash_operator.py
[2025-10-24T15:33:57.248+0000] {processor.py:830} INFO - Processing file /home/khaled/dbt-env/lib/python3.12/site-packages/airflow/example_dags/example_bash_operator.py for tasks to queue
[2025-10-24T15:33:57.249+0000] {logging_mixin.py:188} INFO - [2025-10-24T15:33:57.249+0000] {dagbag.py:545} INFO - Filling up the DagBag from /home/khaled/dbt-env/lib/python3.12/site-packages/airflow/example_dags/example_bash_operator.py
[2025-10-24T15:33:57.258+0000] {processor.py:840} INFO - DAG(s) 'example_bash_operator' retrieved from /home/khaled/dbt-env/lib/python3.12/site-packages/airflow/example_dags/example_bash_operator.py
[2025-10-24T15:33:57.271+0000] {logging_mixin.py:188} INFO - [2025-10-24T15:33:57.271+0000] {dag.py:3089} INFO - Sync 1 DAGs
[2025-10-24T15:33:57.285+0000] {logging_mixin.py:188} INFO - [2025-10-24T15:33:57.285+0000] {dag.py:3947} INFO - Setting next_dagrun for example_bash_operator to 2025-10-23 00:00:00+00:00, run_after=2025-10-24 00:00:00+00:00
[2025-10-24T15:33:57.316+0000] {processor.py:183} INFO - Processing /home/khaled/dbt-env/lib/python3.12/site-packages/airflow/example_dags/example_bash_operator.py took 0.074 seconds
[2025-10-24T15:34:54.773+0000] {processor.py:161} INFO - Started process (PID=13094) to work on /home/khaled/dbt-env/lib/python3.12/site-packages/airflow/example_dags/example_bash_operator.py
[2025-10-24T15:34:54.774+0000] {processor.py:830} INFO - Processing file /home/khaled/dbt-env/lib/python3.12/site-packages/airflow/example_dags/example_bash_operator.py for tasks to queue
[2025-10-24T15:34:54.775+0000] {logging_mixin.py:188} INFO - [2025-10-24T15:34:54.775+0000] {dagbag.py:545} INFO - Filling up the DagBag from /home/khaled/dbt-env/lib/python3.12/site-packages/airflow/example_dags/example_bash_operator.py
[2025-10-24T15:34:54.784+0000] {processor.py:840} INFO - DAG(s) 'example_bash_operator' retrieved from /home/khaled/dbt-env/lib/python3.12/site-packages/airflow/example_dags/example_bash_operator.py
[2025-10-24T15:34:54.797+0000] {logging_mixin.py:188} INFO - [2025-10-24T15:34:54.797+0000] {dag.py:3089} INFO - Sync 1 DAGs
[2025-10-24T15:34:54.811+0000] {logging_mixin.py:188} INFO - [2025-10-24T15:34:54.810+0000] {dag.py:3947} INFO - Setting next_dagrun for example_bash_operator to 2025-10-23 00:00:00+00:00, run_after=2025-10-24 00:00:00+00:00
[2025-10-24T15:34:54.843+0000] {processor.py:183} INFO - Processing /home/khaled/dbt-env/lib/python3.12/site-packages/airflow/example_dags/example_bash_operator.py took 0.076 seconds
[2025-10-24T15:36:11.490+0000] {processor.py:161} INFO - Started process (PID=13194) to work on /home/khaled/dbt-env/lib/python3.12/site-packages/airflow/example_dags/example_bash_operator.py
[2025-10-24T15:36:11.492+0000] {processor.py:830} INFO - Processing file /home/khaled/dbt-env/lib/python3.12/site-packages/airflow/example_dags/example_bash_operator.py for tasks to queue
[2025-10-24T15:36:11.493+0000] {logging_mixin.py:188} INFO - [2025-10-24T15:36:11.493+0000] {dagbag.py:545} INFO - Filling up the DagBag from /home/khaled/dbt-env/lib/python3.12/site-packages/airflow/example_dags/example_bash_operator.py
[2025-10-24T15:36:11.502+0000] {processor.py:840} INFO - DAG(s) 'example_bash_operator' retrieved from /home/khaled/dbt-env/lib/python3.12/site-packages/airflow/example_dags/example_bash_operator.py
[2025-10-24T15:36:11.515+0000] {logging_mixin.py:188} INFO - [2025-10-24T15:36:11.515+0000] {dag.py:3089} INFO - Sync 1 DAGs
[2025-10-24T15:36:11.528+0000] {logging_mixin.py:188} INFO - [2025-10-24T15:36:11.527+0000] {dag.py:3947} INFO - Setting next_dagrun for example_bash_operator to 2025-10-23 00:00:00+00:00, run_after=2025-10-24 00:00:00+00:00
[2025-10-24T15:36:11.558+0000] {processor.py:183} INFO - Processing /home/khaled/dbt-env/lib/python3.12/site-packages/airflow/example_dags/example_bash_operator.py took 0.072 seconds
[2025-10-24T15:37:10.945+0000] {processor.py:161} INFO - Started process (PID=13255) to work on /home/khaled/dbt-env/lib/python3.12/site-packages/airflow/example_dags/example_bash_operator.py
[2025-10-24T15:37:10.946+0000] {processor.py:830} INFO - Processing file /home/khaled/dbt-env/lib/python3.12/site-packages/airflow/example_dags/example_bash_operator.py for tasks to queue
[2025-10-24T15:37:10.948+0000] {logging_mixin.py:188} INFO - [2025-10-24T15:37:10.947+0000] {dagbag.py:545} INFO - Filling up the DagBag from /home/khaled/dbt-env/lib/python3.12/site-packages/airflow/example_dags/example_bash_operator.py
[2025-10-24T15:37:10.956+0000] {processor.py:840} INFO - DAG(s) 'example_bash_operator' retrieved from /home/khaled/dbt-env/lib/python3.12/site-packages/airflow/example_dags/example_bash_operator.py
[2025-10-24T15:37:10.970+0000] {logging_mixin.py:188} INFO - [2025-10-24T15:37:10.970+0000] {dag.py:3089} INFO - Sync 1 DAGs
[2025-10-24T15:37:10.982+0000] {logging_mixin.py:188} INFO - [2025-10-24T15:37:10.982+0000] {dag.py:3947} INFO - Setting next_dagrun for example_bash_operator to 2025-10-23 00:00:00+00:00, run_after=2025-10-24 00:00:00+00:00
[2025-10-24T15:37:11.002+0000] {processor.py:183} INFO - Processing /home/khaled/dbt-env/lib/python3.12/site-packages/airflow/example_dags/example_bash_operator.py took 0.063 seconds
[2025-10-24T15:38:43.794+0000] {processor.py:161} INFO - Started process (PID=13346) to work on /home/khaled/dbt-env/lib/python3.12/site-packages/airflow/example_dags/example_bash_operator.py
[2025-10-24T15:38:43.795+0000] {processor.py:830} INFO - Processing file /home/khaled/dbt-env/lib/python3.12/site-packages/airflow/example_dags/example_bash_operator.py for tasks to queue
[2025-10-24T15:38:43.797+0000] {logging_mixin.py:188} INFO - [2025-10-24T15:38:43.796+0000] {dagbag.py:545} INFO - Filling up the DagBag from /home/khaled/dbt-env/lib/python3.12/site-packages/airflow/example_dags/example_bash_operator.py
[2025-10-24T15:38:43.805+0000] {processor.py:840} INFO - DAG(s) 'example_bash_operator' retrieved from /home/khaled/dbt-env/lib/python3.12/site-packages/airflow/example_dags/example_bash_operator.py
[2025-10-24T15:38:43.818+0000] {logging_mixin.py:188} INFO - [2025-10-24T15:38:43.818+0000] {dag.py:3089} INFO - Sync 1 DAGs
[2025-10-24T15:38:43.830+0000] {logging_mixin.py:188} INFO - [2025-10-24T15:38:43.830+0000] {dag.py:3947} INFO - Setting next_dagrun for example_bash_operator to 2025-10-23 00:00:00+00:00, run_after=2025-10-24 00:00:00+00:00
[2025-10-24T15:38:43.863+0000] {processor.py:183} INFO - Processing /home/khaled/dbt-env/lib/python3.12/site-packages/airflow/example_dags/example_bash_operator.py took 0.073 seconds
[2025-10-24T15:39:43.765+0000] {processor.py:161} INFO - Started process (PID=13407) to work on /home/khaled/dbt-env/lib/python3.12/site-packages/airflow/example_dags/example_bash_operator.py
[2025-10-24T15:39:43.767+0000] {processor.py:830} INFO - Processing file /home/khaled/dbt-env/lib/python3.12/site-packages/airflow/example_dags/example_bash_operator.py for tasks to queue
[2025-10-24T15:39:43.768+0000] {logging_mixin.py:188} INFO - [2025-10-24T15:39:43.768+0000] {dagbag.py:545} INFO - Filling up the DagBag from /home/khaled/dbt-env/lib/python3.12/site-packages/airflow/example_dags/example_bash_operator.py
[2025-10-24T15:39:43.776+0000] {processor.py:840} INFO - DAG(s) 'example_bash_operator' retrieved from /home/khaled/dbt-env/lib/python3.12/site-packages/airflow/example_dags/example_bash_operator.py
[2025-10-24T15:39:43.789+0000] {logging_mixin.py:188} INFO - [2025-10-24T15:39:43.789+0000] {dag.py:3089} INFO - Sync 1 DAGs
[2025-10-24T15:39:43.801+0000] {logging_mixin.py:188} INFO - [2025-10-24T15:39:43.801+0000] {dag.py:3947} INFO - Setting next_dagrun for example_bash_operator to 2025-10-23 00:00:00+00:00, run_after=2025-10-24 00:00:00+00:00
[2025-10-24T15:39:43.833+0000] {processor.py:183} INFO - Processing /home/khaled/dbt-env/lib/python3.12/site-packages/airflow/example_dags/example_bash_operator.py took 0.074 seconds
[2025-10-24T15:40:47.301+0000] {processor.py:161} INFO - Started process (PID=13510) to work on /home/khaled/dbt-env/lib/python3.12/site-packages/airflow/example_dags/example_bash_operator.py
[2025-10-24T15:40:47.302+0000] {processor.py:830} INFO - Processing file /home/khaled/dbt-env/lib/python3.12/site-packages/airflow/example_dags/example_bash_operator.py for tasks to queue
[2025-10-24T15:40:47.304+0000] {logging_mixin.py:188} INFO - [2025-10-24T15:40:47.303+0000] {dagbag.py:545} INFO - Filling up the DagBag from /home/khaled/dbt-env/lib/python3.12/site-packages/airflow/example_dags/example_bash_operator.py
[2025-10-24T15:40:47.312+0000] {processor.py:840} INFO - DAG(s) 'example_bash_operator' retrieved from /home/khaled/dbt-env/lib/python3.12/site-packages/airflow/example_dags/example_bash_operator.py
[2025-10-24T15:40:47.326+0000] {logging_mixin.py:188} INFO - [2025-10-24T15:40:47.326+0000] {dag.py:3089} INFO - Sync 1 DAGs
[2025-10-24T15:40:47.339+0000] {logging_mixin.py:188} INFO - [2025-10-24T15:40:47.339+0000] {dag.py:3947} INFO - Setting next_dagrun for example_bash_operator to 2025-10-23 00:00:00+00:00, run_after=2025-10-24 00:00:00+00:00
[2025-10-24T15:40:47.371+0000] {processor.py:183} INFO - Processing /home/khaled/dbt-env/lib/python3.12/site-packages/airflow/example_dags/example_bash_operator.py took 0.074 seconds
[2025-10-24T15:41:54.654+0000] {processor.py:161} INFO - Started process (PID=13575) to work on /home/khaled/dbt-env/lib/python3.12/site-packages/airflow/example_dags/example_bash_operator.py
[2025-10-24T15:41:54.655+0000] {processor.py:830} INFO - Processing file /home/khaled/dbt-env/lib/python3.12/site-packages/airflow/example_dags/example_bash_operator.py for tasks to queue
[2025-10-24T15:41:54.656+0000] {logging_mixin.py:188} INFO - [2025-10-24T15:41:54.656+0000] {dagbag.py:545} INFO - Filling up the DagBag from /home/khaled/dbt-env/lib/python3.12/site-packages/airflow/example_dags/example_bash_operator.py
[2025-10-24T15:41:54.664+0000] {processor.py:840} INFO - DAG(s) 'example_bash_operator' retrieved from /home/khaled/dbt-env/lib/python3.12/site-packages/airflow/example_dags/example_bash_operator.py
[2025-10-24T15:41:54.678+0000] {logging_mixin.py:188} INFO - [2025-10-24T15:41:54.678+0000] {dag.py:3089} INFO - Sync 1 DAGs
[2025-10-24T15:41:54.691+0000] {logging_mixin.py:188} INFO - [2025-10-24T15:41:54.691+0000] {dag.py:3947} INFO - Setting next_dagrun for example_bash_operator to 2025-10-23 00:00:00+00:00, run_after=2025-10-24 00:00:00+00:00
[2025-10-24T15:41:54.725+0000] {processor.py:183} INFO - Processing /home/khaled/dbt-env/lib/python3.12/site-packages/airflow/example_dags/example_bash_operator.py took 0.077 seconds
[2025-10-24T15:43:00.641+0000] {processor.py:161} INFO - Started process (PID=13645) to work on /home/khaled/dbt-env/lib/python3.12/site-packages/airflow/example_dags/example_bash_operator.py
[2025-10-24T15:43:00.642+0000] {processor.py:830} INFO - Processing file /home/khaled/dbt-env/lib/python3.12/site-packages/airflow/example_dags/example_bash_operator.py for tasks to queue
[2025-10-24T15:43:00.643+0000] {logging_mixin.py:188} INFO - [2025-10-24T15:43:00.643+0000] {dagbag.py:545} INFO - Filling up the DagBag from /home/khaled/dbt-env/lib/python3.12/site-packages/airflow/example_dags/example_bash_operator.py
[2025-10-24T15:43:00.653+0000] {processor.py:840} INFO - DAG(s) 'example_bash_operator' retrieved from /home/khaled/dbt-env/lib/python3.12/site-packages/airflow/example_dags/example_bash_operator.py
[2025-10-24T15:43:00.666+0000] {logging_mixin.py:188} INFO - [2025-10-24T15:43:00.666+0000] {dag.py:3089} INFO - Sync 1 DAGs
[2025-10-24T15:43:00.680+0000] {logging_mixin.py:188} INFO - [2025-10-24T15:43:00.680+0000] {dag.py:3947} INFO - Setting next_dagrun for example_bash_operator to 2025-10-23 00:00:00+00:00, run_after=2025-10-24 00:00:00+00:00
[2025-10-24T15:43:00.787+0000] {processor.py:183} INFO - Processing /home/khaled/dbt-env/lib/python3.12/site-packages/airflow/example_dags/example_bash_operator.py took 0.152 seconds
[2025-10-24T15:44:06.980+0000] {processor.py:161} INFO - Started process (PID=13712) to work on /home/khaled/dbt-env/lib/python3.12/site-packages/airflow/example_dags/example_bash_operator.py
[2025-10-24T15:44:06.981+0000] {processor.py:830} INFO - Processing file /home/khaled/dbt-env/lib/python3.12/site-packages/airflow/example_dags/example_bash_operator.py for tasks to queue
[2025-10-24T15:44:06.982+0000] {logging_mixin.py:188} INFO - [2025-10-24T15:44:06.982+0000] {dagbag.py:545} INFO - Filling up the DagBag from /home/khaled/dbt-env/lib/python3.12/site-packages/airflow/example_dags/example_bash_operator.py
[2025-10-24T15:44:06.989+0000] {processor.py:840} INFO - DAG(s) 'example_bash_operator' retrieved from /home/khaled/dbt-env/lib/python3.12/site-packages/airflow/example_dags/example_bash_operator.py
[2025-10-24T15:44:07.002+0000] {logging_mixin.py:188} INFO - [2025-10-24T15:44:07.002+0000] {dag.py:3089} INFO - Sync 1 DAGs
[2025-10-24T15:44:07.014+0000] {logging_mixin.py:188} INFO - [2025-10-24T15:44:07.014+0000] {dag.py:3947} INFO - Setting next_dagrun for example_bash_operator to 2025-10-23 00:00:00+00:00, run_after=2025-10-24 00:00:00+00:00
[2025-10-24T15:44:07.043+0000] {processor.py:183} INFO - Processing /home/khaled/dbt-env/lib/python3.12/site-packages/airflow/example_dags/example_bash_operator.py took 0.067 seconds
