[2025-10-24T14:21:31.001+0000] {processor.py:161} INFO - Started process (PID=7178) to work on /home/khaled/dbt-env/lib/python3.12/site-packages/airflow/example_dags/example_bash_decorator.py
[2025-10-24T14:21:31.001+0000] {processor.py:830} INFO - Processing file /home/khaled/dbt-env/lib/python3.12/site-packages/airflow/example_dags/example_bash_decorator.py for tasks to queue
[2025-10-24T14:21:31.002+0000] {logging_mixin.py:188} INFO - [2025-10-24T14:21:31.002+0000] {dagbag.py:545} INFO - Filling up the DagBag from /home/khaled/dbt-env/lib/python3.12/site-packages/airflow/example_dags/example_bash_decorator.py
[2025-10-24T14:21:31.011+0000] {processor.py:840} INFO - DAG(s) 'example_bash_decorator' retrieved from /home/khaled/dbt-env/lib/python3.12/site-packages/airflow/example_dags/example_bash_decorator.py
[2025-10-24T14:21:31.079+0000] {logging_mixin.py:188} INFO - [2025-10-24T14:21:31.079+0000] {dag.py:3089} INFO - Sync 1 DAGs
[2025-10-24T14:21:31.084+0000] {logging_mixin.py:188} INFO - [2025-10-24T14:21:31.084+0000] {dag.py:3947} INFO - Setting next_dagrun for example_bash_decorator to None, run_after=None
[2025-10-24T14:21:31.114+0000] {processor.py:183} INFO - Processing /home/khaled/dbt-env/lib/python3.12/site-packages/airflow/example_dags/example_bash_decorator.py took 0.117 seconds
[2025-10-24T14:22:45.846+0000] {processor.py:161} INFO - Started process (PID=7319) to work on /home/khaled/dbt-env/lib/python3.12/site-packages/airflow/example_dags/example_bash_decorator.py
[2025-10-24T14:22:45.857+0000] {processor.py:830} INFO - Processing file /home/khaled/dbt-env/lib/python3.12/site-packages/airflow/example_dags/example_bash_decorator.py for tasks to queue
[2025-10-24T14:22:45.859+0000] {logging_mixin.py:188} INFO - [2025-10-24T14:22:45.858+0000] {dagbag.py:545} INFO - Filling up the DagBag from /home/khaled/dbt-env/lib/python3.12/site-packages/airflow/example_dags/example_bash_decorator.py
[2025-10-24T14:22:45.868+0000] {processor.py:840} INFO - DAG(s) 'example_bash_decorator' retrieved from /home/khaled/dbt-env/lib/python3.12/site-packages/airflow/example_dags/example_bash_decorator.py
[2025-10-24T14:22:45.879+0000] {logging_mixin.py:188} INFO - [2025-10-24T14:22:45.879+0000] {dag.py:3089} INFO - Sync 1 DAGs
[2025-10-24T14:22:45.886+0000] {logging_mixin.py:188} INFO - [2025-10-24T14:22:45.886+0000] {dag.py:3947} INFO - Setting next_dagrun for example_bash_decorator to None, run_after=None
[2025-10-24T14:22:45.903+0000] {processor.py:183} INFO - Processing /home/khaled/dbt-env/lib/python3.12/site-packages/airflow/example_dags/example_bash_decorator.py took 0.062 seconds
[2025-10-24T14:23:59.983+0000] {processor.py:161} INFO - Started process (PID=7408) to work on /home/khaled/dbt-env/lib/python3.12/site-packages/airflow/example_dags/example_bash_decorator.py
[2025-10-24T14:23:59.984+0000] {processor.py:830} INFO - Processing file /home/khaled/dbt-env/lib/python3.12/site-packages/airflow/example_dags/example_bash_decorator.py for tasks to queue
[2025-10-24T14:23:59.985+0000] {logging_mixin.py:188} INFO - [2025-10-24T14:23:59.985+0000] {dagbag.py:545} INFO - Filling up the DagBag from /home/khaled/dbt-env/lib/python3.12/site-packages/airflow/example_dags/example_bash_decorator.py
[2025-10-24T14:23:59.993+0000] {processor.py:840} INFO - DAG(s) 'example_bash_decorator' retrieved from /home/khaled/dbt-env/lib/python3.12/site-packages/airflow/example_dags/example_bash_decorator.py
[2025-10-24T14:24:00.004+0000] {logging_mixin.py:188} INFO - [2025-10-24T14:24:00.004+0000] {dag.py:3089} INFO - Sync 1 DAGs
[2025-10-24T14:24:00.011+0000] {logging_mixin.py:188} INFO - [2025-10-24T14:24:00.011+0000] {dag.py:3947} INFO - Setting next_dagrun for example_bash_decorator to None, run_after=None
[2025-10-24T14:24:00.041+0000] {processor.py:183} INFO - Processing /home/khaled/dbt-env/lib/python3.12/site-packages/airflow/example_dags/example_bash_decorator.py took 0.064 seconds
[2025-10-24T14:25:27.763+0000] {processor.py:161} INFO - Started process (PID=7510) to work on /home/khaled/dbt-env/lib/python3.12/site-packages/airflow/example_dags/example_bash_decorator.py
[2025-10-24T14:25:27.765+0000] {processor.py:830} INFO - Processing file /home/khaled/dbt-env/lib/python3.12/site-packages/airflow/example_dags/example_bash_decorator.py for tasks to queue
[2025-10-24T14:25:27.766+0000] {logging_mixin.py:188} INFO - [2025-10-24T14:25:27.766+0000] {dagbag.py:545} INFO - Filling up the DagBag from /home/khaled/dbt-env/lib/python3.12/site-packages/airflow/example_dags/example_bash_decorator.py
[2025-10-24T14:25:27.781+0000] {processor.py:840} INFO - DAG(s) 'example_bash_decorator' retrieved from /home/khaled/dbt-env/lib/python3.12/site-packages/airflow/example_dags/example_bash_decorator.py
[2025-10-24T14:25:27.796+0000] {logging_mixin.py:188} INFO - [2025-10-24T14:25:27.796+0000] {dag.py:3089} INFO - Sync 1 DAGs
[2025-10-24T14:25:27.809+0000] {logging_mixin.py:188} INFO - [2025-10-24T14:25:27.805+0000] {dag.py:3947} INFO - Setting next_dagrun for example_bash_decorator to None, run_after=None
[2025-10-24T14:25:27.854+0000] {processor.py:183} INFO - Processing /home/khaled/dbt-env/lib/python3.12/site-packages/airflow/example_dags/example_bash_decorator.py took 0.096 seconds
[2025-10-24T14:26:24.731+0000] {processor.py:161} INFO - Started process (PID=7677) to work on /home/khaled/dbt-env/lib/python3.12/site-packages/airflow/example_dags/example_bash_decorator.py
[2025-10-24T14:26:24.732+0000] {processor.py:830} INFO - Processing file /home/khaled/dbt-env/lib/python3.12/site-packages/airflow/example_dags/example_bash_decorator.py for tasks to queue
[2025-10-24T14:26:24.733+0000] {logging_mixin.py:188} INFO - [2025-10-24T14:26:24.733+0000] {dagbag.py:545} INFO - Filling up the DagBag from /home/khaled/dbt-env/lib/python3.12/site-packages/airflow/example_dags/example_bash_decorator.py
[2025-10-24T14:26:24.742+0000] {processor.py:840} INFO - DAG(s) 'example_bash_decorator' retrieved from /home/khaled/dbt-env/lib/python3.12/site-packages/airflow/example_dags/example_bash_decorator.py
[2025-10-24T14:26:24.754+0000] {logging_mixin.py:188} INFO - [2025-10-24T14:26:24.753+0000] {dag.py:3089} INFO - Sync 1 DAGs
[2025-10-24T14:26:24.761+0000] {logging_mixin.py:188} INFO - [2025-10-24T14:26:24.761+0000] {dag.py:3947} INFO - Setting next_dagrun for example_bash_decorator to None, run_after=None
[2025-10-24T14:26:24.795+0000] {processor.py:183} INFO - Processing /home/khaled/dbt-env/lib/python3.12/site-packages/airflow/example_dags/example_bash_decorator.py took 0.070 seconds
[2025-10-24T14:27:49.977+0000] {processor.py:161} INFO - Started process (PID=7915) to work on /home/khaled/dbt-env/lib/python3.12/site-packages/airflow/example_dags/example_bash_decorator.py
[2025-10-24T14:27:49.988+0000] {processor.py:830} INFO - Processing file /home/khaled/dbt-env/lib/python3.12/site-packages/airflow/example_dags/example_bash_decorator.py for tasks to queue
[2025-10-24T14:27:49.989+0000] {logging_mixin.py:188} INFO - [2025-10-24T14:27:49.989+0000] {dagbag.py:545} INFO - Filling up the DagBag from /home/khaled/dbt-env/lib/python3.12/site-packages/airflow/example_dags/example_bash_decorator.py
[2025-10-24T14:27:49.998+0000] {processor.py:840} INFO - DAG(s) 'example_bash_decorator' retrieved from /home/khaled/dbt-env/lib/python3.12/site-packages/airflow/example_dags/example_bash_decorator.py
[2025-10-24T14:27:50.008+0000] {logging_mixin.py:188} INFO - [2025-10-24T14:27:50.008+0000] {dag.py:3089} INFO - Sync 1 DAGs
[2025-10-24T14:27:50.017+0000] {logging_mixin.py:188} INFO - [2025-10-24T14:27:50.017+0000] {dag.py:3947} INFO - Setting next_dagrun for example_bash_decorator to None, run_after=None
[2025-10-24T14:27:50.047+0000] {processor.py:183} INFO - Processing /home/khaled/dbt-env/lib/python3.12/site-packages/airflow/example_dags/example_bash_decorator.py took 0.076 seconds
[2025-10-24T14:28:51.501+0000] {processor.py:161} INFO - Started process (PID=8241) to work on /home/khaled/dbt-env/lib/python3.12/site-packages/airflow/example_dags/example_bash_decorator.py
[2025-10-24T14:28:51.522+0000] {processor.py:830} INFO - Processing file /home/khaled/dbt-env/lib/python3.12/site-packages/airflow/example_dags/example_bash_decorator.py for tasks to queue
[2025-10-24T14:28:51.549+0000] {logging_mixin.py:188} INFO - [2025-10-24T14:28:51.548+0000] {dagbag.py:545} INFO - Filling up the DagBag from /home/khaled/dbt-env/lib/python3.12/site-packages/airflow/example_dags/example_bash_decorator.py
[2025-10-24T14:28:51.609+0000] {processor.py:840} INFO - DAG(s) 'example_bash_decorator' retrieved from /home/khaled/dbt-env/lib/python3.12/site-packages/airflow/example_dags/example_bash_decorator.py
[2025-10-24T14:28:51.696+0000] {logging_mixin.py:188} INFO - [2025-10-24T14:28:51.696+0000] {dag.py:3089} INFO - Sync 1 DAGs
[2025-10-24T14:28:51.788+0000] {logging_mixin.py:188} INFO - [2025-10-24T14:28:51.788+0000] {dag.py:3947} INFO - Setting next_dagrun for example_bash_decorator to None, run_after=None
[2025-10-24T14:28:51.885+0000] {processor.py:183} INFO - Processing /home/khaled/dbt-env/lib/python3.12/site-packages/airflow/example_dags/example_bash_decorator.py took 0.393 seconds
[2025-10-24T14:29:52.645+0000] {processor.py:161} INFO - Started process (PID=8447) to work on /home/khaled/dbt-env/lib/python3.12/site-packages/airflow/example_dags/example_bash_decorator.py
[2025-10-24T14:29:52.647+0000] {processor.py:830} INFO - Processing file /home/khaled/dbt-env/lib/python3.12/site-packages/airflow/example_dags/example_bash_decorator.py for tasks to queue
[2025-10-24T14:29:52.649+0000] {logging_mixin.py:188} INFO - [2025-10-24T14:29:52.648+0000] {dagbag.py:545} INFO - Filling up the DagBag from /home/khaled/dbt-env/lib/python3.12/site-packages/airflow/example_dags/example_bash_decorator.py
[2025-10-24T14:29:52.659+0000] {processor.py:840} INFO - DAG(s) 'example_bash_decorator' retrieved from /home/khaled/dbt-env/lib/python3.12/site-packages/airflow/example_dags/example_bash_decorator.py
[2025-10-24T14:29:52.672+0000] {logging_mixin.py:188} INFO - [2025-10-24T14:29:52.672+0000] {dag.py:3089} INFO - Sync 1 DAGs
[2025-10-24T14:29:52.680+0000] {logging_mixin.py:188} INFO - [2025-10-24T14:29:52.680+0000] {dag.py:3947} INFO - Setting next_dagrun for example_bash_decorator to None, run_after=None
[2025-10-24T14:29:52.700+0000] {processor.py:183} INFO - Processing /home/khaled/dbt-env/lib/python3.12/site-packages/airflow/example_dags/example_bash_decorator.py took 0.059 seconds
[2025-10-24T14:31:17.879+0000] {processor.py:161} INFO - Started process (PID=8645) to work on /home/khaled/dbt-env/lib/python3.12/site-packages/airflow/example_dags/example_bash_decorator.py
[2025-10-24T14:31:17.880+0000] {processor.py:830} INFO - Processing file /home/khaled/dbt-env/lib/python3.12/site-packages/airflow/example_dags/example_bash_decorator.py for tasks to queue
[2025-10-24T14:31:17.881+0000] {logging_mixin.py:188} INFO - [2025-10-24T14:31:17.881+0000] {dagbag.py:545} INFO - Filling up the DagBag from /home/khaled/dbt-env/lib/python3.12/site-packages/airflow/example_dags/example_bash_decorator.py
[2025-10-24T14:31:17.890+0000] {processor.py:840} INFO - DAG(s) 'example_bash_decorator' retrieved from /home/khaled/dbt-env/lib/python3.12/site-packages/airflow/example_dags/example_bash_decorator.py
[2025-10-24T14:31:17.903+0000] {logging_mixin.py:188} INFO - [2025-10-24T14:31:17.903+0000] {dag.py:3089} INFO - Sync 1 DAGs
[2025-10-24T14:31:17.911+0000] {logging_mixin.py:188} INFO - [2025-10-24T14:31:17.910+0000] {dag.py:3947} INFO - Setting next_dagrun for example_bash_decorator to None, run_after=None
[2025-10-24T14:31:17.929+0000] {processor.py:183} INFO - Processing /home/khaled/dbt-env/lib/python3.12/site-packages/airflow/example_dags/example_bash_decorator.py took 0.056 seconds
[2025-10-24T14:32:25.334+0000] {processor.py:161} INFO - Started process (PID=8712) to work on /home/khaled/dbt-env/lib/python3.12/site-packages/airflow/example_dags/example_bash_decorator.py
[2025-10-24T14:32:25.336+0000] {processor.py:830} INFO - Processing file /home/khaled/dbt-env/lib/python3.12/site-packages/airflow/example_dags/example_bash_decorator.py for tasks to queue
[2025-10-24T14:32:25.337+0000] {logging_mixin.py:188} INFO - [2025-10-24T14:32:25.337+0000] {dagbag.py:545} INFO - Filling up the DagBag from /home/khaled/dbt-env/lib/python3.12/site-packages/airflow/example_dags/example_bash_decorator.py
[2025-10-24T14:32:25.347+0000] {processor.py:840} INFO - DAG(s) 'example_bash_decorator' retrieved from /home/khaled/dbt-env/lib/python3.12/site-packages/airflow/example_dags/example_bash_decorator.py
[2025-10-24T14:32:25.358+0000] {logging_mixin.py:188} INFO - [2025-10-24T14:32:25.358+0000] {dag.py:3089} INFO - Sync 1 DAGs
[2025-10-24T14:32:25.365+0000] {logging_mixin.py:188} INFO - [2025-10-24T14:32:25.365+0000] {dag.py:3947} INFO - Setting next_dagrun for example_bash_decorator to None, run_after=None
[2025-10-24T14:32:25.384+0000] {processor.py:183} INFO - Processing /home/khaled/dbt-env/lib/python3.12/site-packages/airflow/example_dags/example_bash_decorator.py took 0.058 seconds
[2025-10-24T14:33:38.042+0000] {processor.py:161} INFO - Started process (PID=8777) to work on /home/khaled/dbt-env/lib/python3.12/site-packages/airflow/example_dags/example_bash_decorator.py
[2025-10-24T14:33:38.045+0000] {processor.py:830} INFO - Processing file /home/khaled/dbt-env/lib/python3.12/site-packages/airflow/example_dags/example_bash_decorator.py for tasks to queue
[2025-10-24T14:33:38.047+0000] {logging_mixin.py:188} INFO - [2025-10-24T14:33:38.047+0000] {dagbag.py:545} INFO - Filling up the DagBag from /home/khaled/dbt-env/lib/python3.12/site-packages/airflow/example_dags/example_bash_decorator.py
[2025-10-24T14:33:38.067+0000] {processor.py:840} INFO - DAG(s) 'example_bash_decorator' retrieved from /home/khaled/dbt-env/lib/python3.12/site-packages/airflow/example_dags/example_bash_decorator.py
[2025-10-24T14:33:38.218+0000] {logging_mixin.py:188} INFO - [2025-10-24T14:33:38.218+0000] {dag.py:3089} INFO - Sync 1 DAGs
[2025-10-24T14:33:38.224+0000] {logging_mixin.py:188} INFO - [2025-10-24T14:33:38.224+0000] {dag.py:3947} INFO - Setting next_dagrun for example_bash_decorator to None, run_after=None
[2025-10-24T14:33:38.241+0000] {processor.py:183} INFO - Processing /home/khaled/dbt-env/lib/python3.12/site-packages/airflow/example_dags/example_bash_decorator.py took 0.209 seconds
[2025-10-24T14:34:49.985+0000] {processor.py:161} INFO - Started process (PID=8852) to work on /home/khaled/dbt-env/lib/python3.12/site-packages/airflow/example_dags/example_bash_decorator.py
[2025-10-24T14:34:49.987+0000] {processor.py:830} INFO - Processing file /home/khaled/dbt-env/lib/python3.12/site-packages/airflow/example_dags/example_bash_decorator.py for tasks to queue
[2025-10-24T14:34:49.988+0000] {logging_mixin.py:188} INFO - [2025-10-24T14:34:49.988+0000] {dagbag.py:545} INFO - Filling up the DagBag from /home/khaled/dbt-env/lib/python3.12/site-packages/airflow/example_dags/example_bash_decorator.py
[2025-10-24T14:34:49.997+0000] {processor.py:840} INFO - DAG(s) 'example_bash_decorator' retrieved from /home/khaled/dbt-env/lib/python3.12/site-packages/airflow/example_dags/example_bash_decorator.py
[2025-10-24T14:34:50.008+0000] {logging_mixin.py:188} INFO - [2025-10-24T14:34:50.008+0000] {dag.py:3089} INFO - Sync 1 DAGs
[2025-10-24T14:34:50.093+0000] {logging_mixin.py:188} INFO - [2025-10-24T14:34:50.093+0000] {dag.py:3947} INFO - Setting next_dagrun for example_bash_decorator to None, run_after=None
[2025-10-24T14:34:50.123+0000] {processor.py:183} INFO - Processing /home/khaled/dbt-env/lib/python3.12/site-packages/airflow/example_dags/example_bash_decorator.py took 0.144 seconds
[2025-10-24T14:36:16.114+0000] {processor.py:161} INFO - Started process (PID=8992) to work on /home/khaled/dbt-env/lib/python3.12/site-packages/airflow/example_dags/example_bash_decorator.py
[2025-10-24T14:36:16.115+0000] {processor.py:830} INFO - Processing file /home/khaled/dbt-env/lib/python3.12/site-packages/airflow/example_dags/example_bash_decorator.py for tasks to queue
[2025-10-24T14:36:16.116+0000] {logging_mixin.py:188} INFO - [2025-10-24T14:36:16.116+0000] {dagbag.py:545} INFO - Filling up the DagBag from /home/khaled/dbt-env/lib/python3.12/site-packages/airflow/example_dags/example_bash_decorator.py
[2025-10-24T14:36:16.125+0000] {processor.py:840} INFO - DAG(s) 'example_bash_decorator' retrieved from /home/khaled/dbt-env/lib/python3.12/site-packages/airflow/example_dags/example_bash_decorator.py
[2025-10-24T14:36:16.137+0000] {logging_mixin.py:188} INFO - [2025-10-24T14:36:16.137+0000] {dag.py:3089} INFO - Sync 1 DAGs
[2025-10-24T14:36:16.145+0000] {logging_mixin.py:188} INFO - [2025-10-24T14:36:16.145+0000] {dag.py:3947} INFO - Setting next_dagrun for example_bash_decorator to None, run_after=None
[2025-10-24T14:36:16.174+0000] {processor.py:183} INFO - Processing /home/khaled/dbt-env/lib/python3.12/site-packages/airflow/example_dags/example_bash_decorator.py took 0.065 seconds
[2025-10-24T14:37:47.260+0000] {processor.py:161} INFO - Started process (PID=9079) to work on /home/khaled/dbt-env/lib/python3.12/site-packages/airflow/example_dags/example_bash_decorator.py
[2025-10-24T14:37:47.262+0000] {processor.py:830} INFO - Processing file /home/khaled/dbt-env/lib/python3.12/site-packages/airflow/example_dags/example_bash_decorator.py for tasks to queue
[2025-10-24T14:37:47.263+0000] {logging_mixin.py:188} INFO - [2025-10-24T14:37:47.263+0000] {dagbag.py:545} INFO - Filling up the DagBag from /home/khaled/dbt-env/lib/python3.12/site-packages/airflow/example_dags/example_bash_decorator.py
[2025-10-24T14:37:47.274+0000] {processor.py:840} INFO - DAG(s) 'example_bash_decorator' retrieved from /home/khaled/dbt-env/lib/python3.12/site-packages/airflow/example_dags/example_bash_decorator.py
[2025-10-24T14:37:47.285+0000] {logging_mixin.py:188} INFO - [2025-10-24T14:37:47.285+0000] {dag.py:3089} INFO - Sync 1 DAGs
[2025-10-24T14:37:47.292+0000] {logging_mixin.py:188} INFO - [2025-10-24T14:37:47.292+0000] {dag.py:3947} INFO - Setting next_dagrun for example_bash_decorator to None, run_after=None
[2025-10-24T14:37:47.323+0000] {processor.py:183} INFO - Processing /home/khaled/dbt-env/lib/python3.12/site-packages/airflow/example_dags/example_bash_decorator.py took 0.068 seconds
[2025-10-24T14:38:42.634+0000] {processor.py:161} INFO - Started process (PID=9142) to work on /home/khaled/dbt-env/lib/python3.12/site-packages/airflow/example_dags/example_bash_decorator.py
[2025-10-24T14:38:42.636+0000] {processor.py:830} INFO - Processing file /home/khaled/dbt-env/lib/python3.12/site-packages/airflow/example_dags/example_bash_decorator.py for tasks to queue
[2025-10-24T14:38:42.638+0000] {logging_mixin.py:188} INFO - [2025-10-24T14:38:42.637+0000] {dagbag.py:545} INFO - Filling up the DagBag from /home/khaled/dbt-env/lib/python3.12/site-packages/airflow/example_dags/example_bash_decorator.py
[2025-10-24T14:38:42.648+0000] {processor.py:840} INFO - DAG(s) 'example_bash_decorator' retrieved from /home/khaled/dbt-env/lib/python3.12/site-packages/airflow/example_dags/example_bash_decorator.py
[2025-10-24T14:38:42.661+0000] {logging_mixin.py:188} INFO - [2025-10-24T14:38:42.661+0000] {dag.py:3089} INFO - Sync 1 DAGs
[2025-10-24T14:38:42.669+0000] {logging_mixin.py:188} INFO - [2025-10-24T14:38:42.669+0000] {dag.py:3947} INFO - Setting next_dagrun for example_bash_decorator to None, run_after=None
[2025-10-24T14:38:42.687+0000] {processor.py:183} INFO - Processing /home/khaled/dbt-env/lib/python3.12/site-packages/airflow/example_dags/example_bash_decorator.py took 0.058 seconds
[2025-10-24T14:40:04.154+0000] {processor.py:161} INFO - Started process (PID=9234) to work on /home/khaled/dbt-env/lib/python3.12/site-packages/airflow/example_dags/example_bash_decorator.py
[2025-10-24T14:40:04.156+0000] {processor.py:830} INFO - Processing file /home/khaled/dbt-env/lib/python3.12/site-packages/airflow/example_dags/example_bash_decorator.py for tasks to queue
[2025-10-24T14:40:04.157+0000] {logging_mixin.py:188} INFO - [2025-10-24T14:40:04.157+0000] {dagbag.py:545} INFO - Filling up the DagBag from /home/khaled/dbt-env/lib/python3.12/site-packages/airflow/example_dags/example_bash_decorator.py
[2025-10-24T14:40:04.166+0000] {processor.py:840} INFO - DAG(s) 'example_bash_decorator' retrieved from /home/khaled/dbt-env/lib/python3.12/site-packages/airflow/example_dags/example_bash_decorator.py
[2025-10-24T14:40:04.177+0000] {logging_mixin.py:188} INFO - [2025-10-24T14:40:04.177+0000] {dag.py:3089} INFO - Sync 1 DAGs
[2025-10-24T14:40:04.184+0000] {logging_mixin.py:188} INFO - [2025-10-24T14:40:04.184+0000] {dag.py:3947} INFO - Setting next_dagrun for example_bash_decorator to None, run_after=None
[2025-10-24T14:40:04.213+0000] {processor.py:183} INFO - Processing /home/khaled/dbt-env/lib/python3.12/site-packages/airflow/example_dags/example_bash_decorator.py took 0.064 seconds
[2025-10-24T14:41:01.165+0000] {processor.py:161} INFO - Started process (PID=9327) to work on /home/khaled/dbt-env/lib/python3.12/site-packages/airflow/example_dags/example_bash_decorator.py
[2025-10-24T14:41:01.167+0000] {processor.py:830} INFO - Processing file /home/khaled/dbt-env/lib/python3.12/site-packages/airflow/example_dags/example_bash_decorator.py for tasks to queue
[2025-10-24T14:41:01.168+0000] {logging_mixin.py:188} INFO - [2025-10-24T14:41:01.168+0000] {dagbag.py:545} INFO - Filling up the DagBag from /home/khaled/dbt-env/lib/python3.12/site-packages/airflow/example_dags/example_bash_decorator.py
[2025-10-24T14:41:01.176+0000] {processor.py:840} INFO - DAG(s) 'example_bash_decorator' retrieved from /home/khaled/dbt-env/lib/python3.12/site-packages/airflow/example_dags/example_bash_decorator.py
[2025-10-24T14:41:01.187+0000] {logging_mixin.py:188} INFO - [2025-10-24T14:41:01.187+0000] {dag.py:3089} INFO - Sync 1 DAGs
[2025-10-24T14:41:01.195+0000] {logging_mixin.py:188} INFO - [2025-10-24T14:41:01.195+0000] {dag.py:3947} INFO - Setting next_dagrun for example_bash_decorator to None, run_after=None
[2025-10-24T14:41:01.226+0000] {processor.py:183} INFO - Processing /home/khaled/dbt-env/lib/python3.12/site-packages/airflow/example_dags/example_bash_decorator.py took 0.065 seconds
[2025-10-24T14:42:31.554+0000] {processor.py:161} INFO - Started process (PID=9418) to work on /home/khaled/dbt-env/lib/python3.12/site-packages/airflow/example_dags/example_bash_decorator.py
[2025-10-24T14:42:31.555+0000] {processor.py:830} INFO - Processing file /home/khaled/dbt-env/lib/python3.12/site-packages/airflow/example_dags/example_bash_decorator.py for tasks to queue
[2025-10-24T14:42:31.556+0000] {logging_mixin.py:188} INFO - [2025-10-24T14:42:31.556+0000] {dagbag.py:545} INFO - Filling up the DagBag from /home/khaled/dbt-env/lib/python3.12/site-packages/airflow/example_dags/example_bash_decorator.py
[2025-10-24T14:42:31.567+0000] {processor.py:840} INFO - DAG(s) 'example_bash_decorator' retrieved from /home/khaled/dbt-env/lib/python3.12/site-packages/airflow/example_dags/example_bash_decorator.py
[2025-10-24T14:42:31.578+0000] {logging_mixin.py:188} INFO - [2025-10-24T14:42:31.578+0000] {dag.py:3089} INFO - Sync 1 DAGs
[2025-10-24T14:42:31.586+0000] {logging_mixin.py:188} INFO - [2025-10-24T14:42:31.586+0000] {dag.py:3947} INFO - Setting next_dagrun for example_bash_decorator to None, run_after=None
[2025-10-24T14:42:31.616+0000] {processor.py:183} INFO - Processing /home/khaled/dbt-env/lib/python3.12/site-packages/airflow/example_dags/example_bash_decorator.py took 0.067 seconds
[2025-10-24T14:43:37.632+0000] {processor.py:161} INFO - Started process (PID=9493) to work on /home/khaled/dbt-env/lib/python3.12/site-packages/airflow/example_dags/example_bash_decorator.py
[2025-10-24T14:43:37.633+0000] {processor.py:830} INFO - Processing file /home/khaled/dbt-env/lib/python3.12/site-packages/airflow/example_dags/example_bash_decorator.py for tasks to queue
[2025-10-24T14:43:37.634+0000] {logging_mixin.py:188} INFO - [2025-10-24T14:43:37.634+0000] {dagbag.py:545} INFO - Filling up the DagBag from /home/khaled/dbt-env/lib/python3.12/site-packages/airflow/example_dags/example_bash_decorator.py
[2025-10-24T14:43:37.645+0000] {processor.py:840} INFO - DAG(s) 'example_bash_decorator' retrieved from /home/khaled/dbt-env/lib/python3.12/site-packages/airflow/example_dags/example_bash_decorator.py
[2025-10-24T14:43:37.657+0000] {logging_mixin.py:188} INFO - [2025-10-24T14:43:37.657+0000] {dag.py:3089} INFO - Sync 1 DAGs
[2025-10-24T14:43:37.665+0000] {logging_mixin.py:188} INFO - [2025-10-24T14:43:37.665+0000] {dag.py:3947} INFO - Setting next_dagrun for example_bash_decorator to None, run_after=None
[2025-10-24T14:43:37.685+0000] {processor.py:183} INFO - Processing /home/khaled/dbt-env/lib/python3.12/site-packages/airflow/example_dags/example_bash_decorator.py took 0.058 seconds
[2025-10-24T14:45:04.278+0000] {processor.py:161} INFO - Started process (PID=9589) to work on /home/khaled/dbt-env/lib/python3.12/site-packages/airflow/example_dags/example_bash_decorator.py
[2025-10-24T14:45:04.279+0000] {processor.py:830} INFO - Processing file /home/khaled/dbt-env/lib/python3.12/site-packages/airflow/example_dags/example_bash_decorator.py for tasks to queue
[2025-10-24T14:45:04.280+0000] {logging_mixin.py:188} INFO - [2025-10-24T14:45:04.280+0000] {dagbag.py:545} INFO - Filling up the DagBag from /home/khaled/dbt-env/lib/python3.12/site-packages/airflow/example_dags/example_bash_decorator.py
[2025-10-24T14:45:04.289+0000] {processor.py:840} INFO - DAG(s) 'example_bash_decorator' retrieved from /home/khaled/dbt-env/lib/python3.12/site-packages/airflow/example_dags/example_bash_decorator.py
[2025-10-24T14:45:04.302+0000] {logging_mixin.py:188} INFO - [2025-10-24T14:45:04.302+0000] {dag.py:3089} INFO - Sync 1 DAGs
[2025-10-24T14:45:04.311+0000] {logging_mixin.py:188} INFO - [2025-10-24T14:45:04.311+0000] {dag.py:3947} INFO - Setting next_dagrun for example_bash_decorator to None, run_after=None
[2025-10-24T14:45:04.342+0000] {processor.py:183} INFO - Processing /home/khaled/dbt-env/lib/python3.12/site-packages/airflow/example_dags/example_bash_decorator.py took 0.068 seconds
[2025-10-24T14:46:06.486+0000] {processor.py:161} INFO - Started process (PID=9679) to work on /home/khaled/dbt-env/lib/python3.12/site-packages/airflow/example_dags/example_bash_decorator.py
[2025-10-24T14:46:06.488+0000] {processor.py:830} INFO - Processing file /home/khaled/dbt-env/lib/python3.12/site-packages/airflow/example_dags/example_bash_decorator.py for tasks to queue
[2025-10-24T14:46:06.489+0000] {logging_mixin.py:188} INFO - [2025-10-24T14:46:06.489+0000] {dagbag.py:545} INFO - Filling up the DagBag from /home/khaled/dbt-env/lib/python3.12/site-packages/airflow/example_dags/example_bash_decorator.py
[2025-10-24T14:46:06.500+0000] {processor.py:840} INFO - DAG(s) 'example_bash_decorator' retrieved from /home/khaled/dbt-env/lib/python3.12/site-packages/airflow/example_dags/example_bash_decorator.py
[2025-10-24T14:46:06.511+0000] {logging_mixin.py:188} INFO - [2025-10-24T14:46:06.511+0000] {dag.py:3089} INFO - Sync 1 DAGs
[2025-10-24T14:46:06.521+0000] {logging_mixin.py:188} INFO - [2025-10-24T14:46:06.520+0000] {dag.py:3947} INFO - Setting next_dagrun for example_bash_decorator to None, run_after=None
[2025-10-24T14:46:06.552+0000] {processor.py:183} INFO - Processing /home/khaled/dbt-env/lib/python3.12/site-packages/airflow/example_dags/example_bash_decorator.py took 0.071 seconds
[2025-10-24T14:47:10.602+0000] {processor.py:161} INFO - Started process (PID=9745) to work on /home/khaled/dbt-env/lib/python3.12/site-packages/airflow/example_dags/example_bash_decorator.py
[2025-10-24T14:47:10.603+0000] {processor.py:830} INFO - Processing file /home/khaled/dbt-env/lib/python3.12/site-packages/airflow/example_dags/example_bash_decorator.py for tasks to queue
[2025-10-24T14:47:10.605+0000] {logging_mixin.py:188} INFO - [2025-10-24T14:47:10.604+0000] {dagbag.py:545} INFO - Filling up the DagBag from /home/khaled/dbt-env/lib/python3.12/site-packages/airflow/example_dags/example_bash_decorator.py
[2025-10-24T14:47:10.615+0000] {processor.py:840} INFO - DAG(s) 'example_bash_decorator' retrieved from /home/khaled/dbt-env/lib/python3.12/site-packages/airflow/example_dags/example_bash_decorator.py
[2025-10-24T14:47:10.627+0000] {logging_mixin.py:188} INFO - [2025-10-24T14:47:10.627+0000] {dag.py:3089} INFO - Sync 1 DAGs
[2025-10-24T14:47:10.634+0000] {logging_mixin.py:188} INFO - [2025-10-24T14:47:10.634+0000] {dag.py:3947} INFO - Setting next_dagrun for example_bash_decorator to None, run_after=None
[2025-10-24T14:47:10.665+0000] {processor.py:183} INFO - Processing /home/khaled/dbt-env/lib/python3.12/site-packages/airflow/example_dags/example_bash_decorator.py took 0.068 seconds
[2025-10-24T14:48:20.388+0000] {processor.py:161} INFO - Started process (PID=9812) to work on /home/khaled/dbt-env/lib/python3.12/site-packages/airflow/example_dags/example_bash_decorator.py
[2025-10-24T14:48:20.390+0000] {processor.py:830} INFO - Processing file /home/khaled/dbt-env/lib/python3.12/site-packages/airflow/example_dags/example_bash_decorator.py for tasks to queue
[2025-10-24T14:48:20.391+0000] {logging_mixin.py:188} INFO - [2025-10-24T14:48:20.390+0000] {dagbag.py:545} INFO - Filling up the DagBag from /home/khaled/dbt-env/lib/python3.12/site-packages/airflow/example_dags/example_bash_decorator.py
[2025-10-24T14:48:20.401+0000] {processor.py:840} INFO - DAG(s) 'example_bash_decorator' retrieved from /home/khaled/dbt-env/lib/python3.12/site-packages/airflow/example_dags/example_bash_decorator.py
[2025-10-24T14:48:20.413+0000] {logging_mixin.py:188} INFO - [2025-10-24T14:48:20.413+0000] {dag.py:3089} INFO - Sync 1 DAGs
[2025-10-24T14:48:20.421+0000] {logging_mixin.py:188} INFO - [2025-10-24T14:48:20.421+0000] {dag.py:3947} INFO - Setting next_dagrun for example_bash_decorator to None, run_after=None
[2025-10-24T14:48:20.451+0000] {processor.py:183} INFO - Processing /home/khaled/dbt-env/lib/python3.12/site-packages/airflow/example_dags/example_bash_decorator.py took 0.069 seconds
[2025-10-24T14:49:24.736+0000] {processor.py:161} INFO - Started process (PID=9878) to work on /home/khaled/dbt-env/lib/python3.12/site-packages/airflow/example_dags/example_bash_decorator.py
[2025-10-24T14:49:24.737+0000] {processor.py:830} INFO - Processing file /home/khaled/dbt-env/lib/python3.12/site-packages/airflow/example_dags/example_bash_decorator.py for tasks to queue
[2025-10-24T14:49:24.738+0000] {logging_mixin.py:188} INFO - [2025-10-24T14:49:24.738+0000] {dagbag.py:545} INFO - Filling up the DagBag from /home/khaled/dbt-env/lib/python3.12/site-packages/airflow/example_dags/example_bash_decorator.py
[2025-10-24T14:49:24.748+0000] {processor.py:840} INFO - DAG(s) 'example_bash_decorator' retrieved from /home/khaled/dbt-env/lib/python3.12/site-packages/airflow/example_dags/example_bash_decorator.py
[2025-10-24T14:49:24.759+0000] {logging_mixin.py:188} INFO - [2025-10-24T14:49:24.759+0000] {dag.py:3089} INFO - Sync 1 DAGs
[2025-10-24T14:49:24.767+0000] {logging_mixin.py:188} INFO - [2025-10-24T14:49:24.767+0000] {dag.py:3947} INFO - Setting next_dagrun for example_bash_decorator to None, run_after=None
[2025-10-24T14:49:24.798+0000] {processor.py:183} INFO - Processing /home/khaled/dbt-env/lib/python3.12/site-packages/airflow/example_dags/example_bash_decorator.py took 0.067 seconds
[2025-10-24T14:50:28.893+0000] {processor.py:161} INFO - Started process (PID=9948) to work on /home/khaled/dbt-env/lib/python3.12/site-packages/airflow/example_dags/example_bash_decorator.py
[2025-10-24T14:50:28.894+0000] {processor.py:830} INFO - Processing file /home/khaled/dbt-env/lib/python3.12/site-packages/airflow/example_dags/example_bash_decorator.py for tasks to queue
[2025-10-24T14:50:28.896+0000] {logging_mixin.py:188} INFO - [2025-10-24T14:50:28.895+0000] {dagbag.py:545} INFO - Filling up the DagBag from /home/khaled/dbt-env/lib/python3.12/site-packages/airflow/example_dags/example_bash_decorator.py
[2025-10-24T14:50:28.906+0000] {processor.py:840} INFO - DAG(s) 'example_bash_decorator' retrieved from /home/khaled/dbt-env/lib/python3.12/site-packages/airflow/example_dags/example_bash_decorator.py
[2025-10-24T14:50:28.917+0000] {logging_mixin.py:188} INFO - [2025-10-24T14:50:28.917+0000] {dag.py:3089} INFO - Sync 1 DAGs
[2025-10-24T14:50:28.924+0000] {logging_mixin.py:188} INFO - [2025-10-24T14:50:28.924+0000] {dag.py:3947} INFO - Setting next_dagrun for example_bash_decorator to None, run_after=None
[2025-10-24T14:50:28.955+0000] {processor.py:183} INFO - Processing /home/khaled/dbt-env/lib/python3.12/site-packages/airflow/example_dags/example_bash_decorator.py took 0.067 seconds
[2025-10-24T14:51:48.893+0000] {processor.py:161} INFO - Started process (PID=10061) to work on /home/khaled/dbt-env/lib/python3.12/site-packages/airflow/example_dags/example_bash_decorator.py
[2025-10-24T14:51:48.905+0000] {processor.py:830} INFO - Processing file /home/khaled/dbt-env/lib/python3.12/site-packages/airflow/example_dags/example_bash_decorator.py for tasks to queue
[2025-10-24T14:51:48.906+0000] {logging_mixin.py:188} INFO - [2025-10-24T14:51:48.906+0000] {dagbag.py:545} INFO - Filling up the DagBag from /home/khaled/dbt-env/lib/python3.12/site-packages/airflow/example_dags/example_bash_decorator.py
[2025-10-24T14:51:48.915+0000] {processor.py:840} INFO - DAG(s) 'example_bash_decorator' retrieved from /home/khaled/dbt-env/lib/python3.12/site-packages/airflow/example_dags/example_bash_decorator.py
[2025-10-24T14:51:48.926+0000] {logging_mixin.py:188} INFO - [2025-10-24T14:51:48.925+0000] {dag.py:3089} INFO - Sync 1 DAGs
[2025-10-24T14:51:48.933+0000] {logging_mixin.py:188} INFO - [2025-10-24T14:51:48.932+0000] {dag.py:3947} INFO - Setting next_dagrun for example_bash_decorator to None, run_after=None
[2025-10-24T14:51:48.950+0000] {processor.py:183} INFO - Processing /home/khaled/dbt-env/lib/python3.12/site-packages/airflow/example_dags/example_bash_decorator.py took 0.062 seconds
[2025-10-24T14:53:08.120+0000] {processor.py:161} INFO - Started process (PID=10150) to work on /home/khaled/dbt-env/lib/python3.12/site-packages/airflow/example_dags/example_bash_decorator.py
[2025-10-24T14:53:08.121+0000] {processor.py:830} INFO - Processing file /home/khaled/dbt-env/lib/python3.12/site-packages/airflow/example_dags/example_bash_decorator.py for tasks to queue
[2025-10-24T14:53:08.122+0000] {logging_mixin.py:188} INFO - [2025-10-24T14:53:08.122+0000] {dagbag.py:545} INFO - Filling up the DagBag from /home/khaled/dbt-env/lib/python3.12/site-packages/airflow/example_dags/example_bash_decorator.py
[2025-10-24T14:53:08.132+0000] {processor.py:840} INFO - DAG(s) 'example_bash_decorator' retrieved from /home/khaled/dbt-env/lib/python3.12/site-packages/airflow/example_dags/example_bash_decorator.py
[2025-10-24T14:53:08.143+0000] {logging_mixin.py:188} INFO - [2025-10-24T14:53:08.143+0000] {dag.py:3089} INFO - Sync 1 DAGs
[2025-10-24T14:53:08.151+0000] {logging_mixin.py:188} INFO - [2025-10-24T14:53:08.151+0000] {dag.py:3947} INFO - Setting next_dagrun for example_bash_decorator to None, run_after=None
[2025-10-24T14:53:08.171+0000] {processor.py:183} INFO - Processing /home/khaled/dbt-env/lib/python3.12/site-packages/airflow/example_dags/example_bash_decorator.py took 0.055 seconds
[2025-10-24T14:54:28.550+0000] {processor.py:161} INFO - Started process (PID=10237) to work on /home/khaled/dbt-env/lib/python3.12/site-packages/airflow/example_dags/example_bash_decorator.py
[2025-10-24T14:54:28.551+0000] {processor.py:830} INFO - Processing file /home/khaled/dbt-env/lib/python3.12/site-packages/airflow/example_dags/example_bash_decorator.py for tasks to queue
[2025-10-24T14:54:28.552+0000] {logging_mixin.py:188} INFO - [2025-10-24T14:54:28.552+0000] {dagbag.py:545} INFO - Filling up the DagBag from /home/khaled/dbt-env/lib/python3.12/site-packages/airflow/example_dags/example_bash_decorator.py
[2025-10-24T14:54:28.565+0000] {processor.py:840} INFO - DAG(s) 'example_bash_decorator' retrieved from /home/khaled/dbt-env/lib/python3.12/site-packages/airflow/example_dags/example_bash_decorator.py
[2025-10-24T14:54:28.576+0000] {logging_mixin.py:188} INFO - [2025-10-24T14:54:28.576+0000] {dag.py:3089} INFO - Sync 1 DAGs
[2025-10-24T14:54:28.583+0000] {logging_mixin.py:188} INFO - [2025-10-24T14:54:28.583+0000] {dag.py:3947} INFO - Setting next_dagrun for example_bash_decorator to None, run_after=None
[2025-10-24T14:54:28.615+0000] {processor.py:183} INFO - Processing /home/khaled/dbt-env/lib/python3.12/site-packages/airflow/example_dags/example_bash_decorator.py took 0.070 seconds
[2025-10-24T14:55:31.794+0000] {processor.py:161} INFO - Started process (PID=10304) to work on /home/khaled/dbt-env/lib/python3.12/site-packages/airflow/example_dags/example_bash_decorator.py
[2025-10-24T14:55:31.796+0000] {processor.py:830} INFO - Processing file /home/khaled/dbt-env/lib/python3.12/site-packages/airflow/example_dags/example_bash_decorator.py for tasks to queue
[2025-10-24T14:55:31.797+0000] {logging_mixin.py:188} INFO - [2025-10-24T14:55:31.797+0000] {dagbag.py:545} INFO - Filling up the DagBag from /home/khaled/dbt-env/lib/python3.12/site-packages/airflow/example_dags/example_bash_decorator.py
[2025-10-24T14:55:31.806+0000] {processor.py:840} INFO - DAG(s) 'example_bash_decorator' retrieved from /home/khaled/dbt-env/lib/python3.12/site-packages/airflow/example_dags/example_bash_decorator.py
[2025-10-24T14:55:31.817+0000] {logging_mixin.py:188} INFO - [2025-10-24T14:55:31.817+0000] {dag.py:3089} INFO - Sync 1 DAGs
[2025-10-24T14:55:31.824+0000] {logging_mixin.py:188} INFO - [2025-10-24T14:55:31.824+0000] {dag.py:3947} INFO - Setting next_dagrun for example_bash_decorator to None, run_after=None
[2025-10-24T14:55:31.854+0000] {processor.py:183} INFO - Processing /home/khaled/dbt-env/lib/python3.12/site-packages/airflow/example_dags/example_bash_decorator.py took 0.065 seconds
[2025-10-24T14:56:27.178+0000] {processor.py:161} INFO - Started process (PID=10394) to work on /home/khaled/dbt-env/lib/python3.12/site-packages/airflow/example_dags/example_bash_decorator.py
[2025-10-24T14:56:27.179+0000] {processor.py:830} INFO - Processing file /home/khaled/dbt-env/lib/python3.12/site-packages/airflow/example_dags/example_bash_decorator.py for tasks to queue
[2025-10-24T14:56:27.181+0000] {logging_mixin.py:188} INFO - [2025-10-24T14:56:27.180+0000] {dagbag.py:545} INFO - Filling up the DagBag from /home/khaled/dbt-env/lib/python3.12/site-packages/airflow/example_dags/example_bash_decorator.py
[2025-10-24T14:56:27.190+0000] {processor.py:840} INFO - DAG(s) 'example_bash_decorator' retrieved from /home/khaled/dbt-env/lib/python3.12/site-packages/airflow/example_dags/example_bash_decorator.py
[2025-10-24T14:56:27.202+0000] {logging_mixin.py:188} INFO - [2025-10-24T14:56:27.202+0000] {dag.py:3089} INFO - Sync 1 DAGs
[2025-10-24T14:56:27.211+0000] {logging_mixin.py:188} INFO - [2025-10-24T14:56:27.210+0000] {dag.py:3947} INFO - Setting next_dagrun for example_bash_decorator to None, run_after=None
[2025-10-24T14:56:27.230+0000] {processor.py:183} INFO - Processing /home/khaled/dbt-env/lib/python3.12/site-packages/airflow/example_dags/example_bash_decorator.py took 0.057 seconds
[2025-10-24T14:57:47.240+0000] {processor.py:161} INFO - Started process (PID=10485) to work on /home/khaled/dbt-env/lib/python3.12/site-packages/airflow/example_dags/example_bash_decorator.py
[2025-10-24T14:57:47.251+0000] {processor.py:830} INFO - Processing file /home/khaled/dbt-env/lib/python3.12/site-packages/airflow/example_dags/example_bash_decorator.py for tasks to queue
[2025-10-24T14:57:47.252+0000] {logging_mixin.py:188} INFO - [2025-10-24T14:57:47.252+0000] {dagbag.py:545} INFO - Filling up the DagBag from /home/khaled/dbt-env/lib/python3.12/site-packages/airflow/example_dags/example_bash_decorator.py
[2025-10-24T14:57:47.264+0000] {processor.py:840} INFO - DAG(s) 'example_bash_decorator' retrieved from /home/khaled/dbt-env/lib/python3.12/site-packages/airflow/example_dags/example_bash_decorator.py
[2025-10-24T14:57:47.276+0000] {logging_mixin.py:188} INFO - [2025-10-24T14:57:47.276+0000] {dag.py:3089} INFO - Sync 1 DAGs
[2025-10-24T14:57:47.283+0000] {logging_mixin.py:188} INFO - [2025-10-24T14:57:47.283+0000] {dag.py:3947} INFO - Setting next_dagrun for example_bash_decorator to None, run_after=None
[2025-10-24T14:57:47.304+0000] {processor.py:183} INFO - Processing /home/khaled/dbt-env/lib/python3.12/site-packages/airflow/example_dags/example_bash_decorator.py took 0.069 seconds
[2025-10-24T14:58:46.430+0000] {processor.py:161} INFO - Started process (PID=10546) to work on /home/khaled/dbt-env/lib/python3.12/site-packages/airflow/example_dags/example_bash_decorator.py
[2025-10-24T14:58:46.431+0000] {processor.py:830} INFO - Processing file /home/khaled/dbt-env/lib/python3.12/site-packages/airflow/example_dags/example_bash_decorator.py for tasks to queue
[2025-10-24T14:58:46.432+0000] {logging_mixin.py:188} INFO - [2025-10-24T14:58:46.432+0000] {dagbag.py:545} INFO - Filling up the DagBag from /home/khaled/dbt-env/lib/python3.12/site-packages/airflow/example_dags/example_bash_decorator.py
[2025-10-24T14:58:46.441+0000] {processor.py:840} INFO - DAG(s) 'example_bash_decorator' retrieved from /home/khaled/dbt-env/lib/python3.12/site-packages/airflow/example_dags/example_bash_decorator.py
[2025-10-24T14:58:46.452+0000] {logging_mixin.py:188} INFO - [2025-10-24T14:58:46.452+0000] {dag.py:3089} INFO - Sync 1 DAGs
[2025-10-24T14:58:46.460+0000] {logging_mixin.py:188} INFO - [2025-10-24T14:58:46.460+0000] {dag.py:3947} INFO - Setting next_dagrun for example_bash_decorator to None, run_after=None
[2025-10-24T14:58:46.491+0000] {processor.py:183} INFO - Processing /home/khaled/dbt-env/lib/python3.12/site-packages/airflow/example_dags/example_bash_decorator.py took 0.066 seconds
[2025-10-24T15:00:19.287+0000] {processor.py:161} INFO - Started process (PID=10717) to work on /home/khaled/dbt-env/lib/python3.12/site-packages/airflow/example_dags/example_bash_decorator.py
[2025-10-24T15:00:19.288+0000] {processor.py:830} INFO - Processing file /home/khaled/dbt-env/lib/python3.12/site-packages/airflow/example_dags/example_bash_decorator.py for tasks to queue
[2025-10-24T15:00:19.289+0000] {logging_mixin.py:188} INFO - [2025-10-24T15:00:19.289+0000] {dagbag.py:545} INFO - Filling up the DagBag from /home/khaled/dbt-env/lib/python3.12/site-packages/airflow/example_dags/example_bash_decorator.py
[2025-10-24T15:00:19.298+0000] {processor.py:840} INFO - DAG(s) 'example_bash_decorator' retrieved from /home/khaled/dbt-env/lib/python3.12/site-packages/airflow/example_dags/example_bash_decorator.py
[2025-10-24T15:00:19.310+0000] {logging_mixin.py:188} INFO - [2025-10-24T15:00:19.309+0000] {dag.py:3089} INFO - Sync 1 DAGs
[2025-10-24T15:00:19.316+0000] {logging_mixin.py:188} INFO - [2025-10-24T15:00:19.316+0000] {dag.py:3947} INFO - Setting next_dagrun for example_bash_decorator to None, run_after=None
[2025-10-24T15:00:19.347+0000] {processor.py:183} INFO - Processing /home/khaled/dbt-env/lib/python3.12/site-packages/airflow/example_dags/example_bash_decorator.py took 0.065 seconds
[2025-10-24T15:01:26.701+0000] {processor.py:161} INFO - Started process (PID=10824) to work on /home/khaled/dbt-env/lib/python3.12/site-packages/airflow/example_dags/example_bash_decorator.py
[2025-10-24T15:01:26.702+0000] {processor.py:830} INFO - Processing file /home/khaled/dbt-env/lib/python3.12/site-packages/airflow/example_dags/example_bash_decorator.py for tasks to queue
[2025-10-24T15:01:26.704+0000] {logging_mixin.py:188} INFO - [2025-10-24T15:01:26.703+0000] {dagbag.py:545} INFO - Filling up the DagBag from /home/khaled/dbt-env/lib/python3.12/site-packages/airflow/example_dags/example_bash_decorator.py
[2025-10-24T15:01:26.713+0000] {processor.py:840} INFO - DAG(s) 'example_bash_decorator' retrieved from /home/khaled/dbt-env/lib/python3.12/site-packages/airflow/example_dags/example_bash_decorator.py
[2025-10-24T15:01:26.727+0000] {logging_mixin.py:188} INFO - [2025-10-24T15:01:26.727+0000] {dag.py:3089} INFO - Sync 1 DAGs
[2025-10-24T15:01:26.734+0000] {logging_mixin.py:188} INFO - [2025-10-24T15:01:26.734+0000] {dag.py:3947} INFO - Setting next_dagrun for example_bash_decorator to None, run_after=None
[2025-10-24T15:01:26.753+0000] {processor.py:183} INFO - Processing /home/khaled/dbt-env/lib/python3.12/site-packages/airflow/example_dags/example_bash_decorator.py took 0.057 seconds
[2025-10-24T15:02:32.537+0000] {processor.py:161} INFO - Started process (PID=10887) to work on /home/khaled/dbt-env/lib/python3.12/site-packages/airflow/example_dags/example_bash_decorator.py
[2025-10-24T15:02:32.538+0000] {processor.py:830} INFO - Processing file /home/khaled/dbt-env/lib/python3.12/site-packages/airflow/example_dags/example_bash_decorator.py for tasks to queue
[2025-10-24T15:02:32.540+0000] {logging_mixin.py:188} INFO - [2025-10-24T15:02:32.539+0000] {dagbag.py:545} INFO - Filling up the DagBag from /home/khaled/dbt-env/lib/python3.12/site-packages/airflow/example_dags/example_bash_decorator.py
[2025-10-24T15:02:32.549+0000] {processor.py:840} INFO - DAG(s) 'example_bash_decorator' retrieved from /home/khaled/dbt-env/lib/python3.12/site-packages/airflow/example_dags/example_bash_decorator.py
[2025-10-24T15:02:32.561+0000] {logging_mixin.py:188} INFO - [2025-10-24T15:02:32.561+0000] {dag.py:3089} INFO - Sync 1 DAGs
[2025-10-24T15:02:32.568+0000] {logging_mixin.py:188} INFO - [2025-10-24T15:02:32.568+0000] {dag.py:3947} INFO - Setting next_dagrun for example_bash_decorator to None, run_after=None
[2025-10-24T15:02:32.600+0000] {processor.py:183} INFO - Processing /home/khaled/dbt-env/lib/python3.12/site-packages/airflow/example_dags/example_bash_decorator.py took 0.068 seconds
[2025-10-24T15:03:38.738+0000] {processor.py:161} INFO - Started process (PID=10956) to work on /home/khaled/dbt-env/lib/python3.12/site-packages/airflow/example_dags/example_bash_decorator.py
[2025-10-24T15:03:38.739+0000] {processor.py:830} INFO - Processing file /home/khaled/dbt-env/lib/python3.12/site-packages/airflow/example_dags/example_bash_decorator.py for tasks to queue
[2025-10-24T15:03:38.741+0000] {logging_mixin.py:188} INFO - [2025-10-24T15:03:38.740+0000] {dagbag.py:545} INFO - Filling up the DagBag from /home/khaled/dbt-env/lib/python3.12/site-packages/airflow/example_dags/example_bash_decorator.py
[2025-10-24T15:03:38.750+0000] {processor.py:840} INFO - DAG(s) 'example_bash_decorator' retrieved from /home/khaled/dbt-env/lib/python3.12/site-packages/airflow/example_dags/example_bash_decorator.py
[2025-10-24T15:03:38.761+0000] {logging_mixin.py:188} INFO - [2025-10-24T15:03:38.761+0000] {dag.py:3089} INFO - Sync 1 DAGs
[2025-10-24T15:03:38.768+0000] {logging_mixin.py:188} INFO - [2025-10-24T15:03:38.768+0000] {dag.py:3947} INFO - Setting next_dagrun for example_bash_decorator to None, run_after=None
[2025-10-24T15:03:38.801+0000] {processor.py:183} INFO - Processing /home/khaled/dbt-env/lib/python3.12/site-packages/airflow/example_dags/example_bash_decorator.py took 0.069 seconds
[2025-10-24T15:04:38.616+0000] {processor.py:161} INFO - Started process (PID=11019) to work on /home/khaled/dbt-env/lib/python3.12/site-packages/airflow/example_dags/example_bash_decorator.py
[2025-10-24T15:04:38.617+0000] {processor.py:830} INFO - Processing file /home/khaled/dbt-env/lib/python3.12/site-packages/airflow/example_dags/example_bash_decorator.py for tasks to queue
[2025-10-24T15:04:38.618+0000] {logging_mixin.py:188} INFO - [2025-10-24T15:04:38.618+0000] {dagbag.py:545} INFO - Filling up the DagBag from /home/khaled/dbt-env/lib/python3.12/site-packages/airflow/example_dags/example_bash_decorator.py
[2025-10-24T15:04:38.629+0000] {processor.py:840} INFO - DAG(s) 'example_bash_decorator' retrieved from /home/khaled/dbt-env/lib/python3.12/site-packages/airflow/example_dags/example_bash_decorator.py
[2025-10-24T15:04:38.641+0000] {logging_mixin.py:188} INFO - [2025-10-24T15:04:38.641+0000] {dag.py:3089} INFO - Sync 1 DAGs
[2025-10-24T15:04:38.649+0000] {logging_mixin.py:188} INFO - [2025-10-24T15:04:38.648+0000] {dag.py:3947} INFO - Setting next_dagrun for example_bash_decorator to None, run_after=None
[2025-10-24T15:04:38.679+0000] {processor.py:183} INFO - Processing /home/khaled/dbt-env/lib/python3.12/site-packages/airflow/example_dags/example_bash_decorator.py took 0.067 seconds
[2025-10-24T15:06:08.740+0000] {processor.py:161} INFO - Started process (PID=11148) to work on /home/khaled/dbt-env/lib/python3.12/site-packages/airflow/example_dags/example_bash_decorator.py
[2025-10-24T15:06:08.742+0000] {processor.py:830} INFO - Processing file /home/khaled/dbt-env/lib/python3.12/site-packages/airflow/example_dags/example_bash_decorator.py for tasks to queue
[2025-10-24T15:06:08.743+0000] {logging_mixin.py:188} INFO - [2025-10-24T15:06:08.743+0000] {dagbag.py:545} INFO - Filling up the DagBag from /home/khaled/dbt-env/lib/python3.12/site-packages/airflow/example_dags/example_bash_decorator.py
[2025-10-24T15:06:08.752+0000] {processor.py:840} INFO - DAG(s) 'example_bash_decorator' retrieved from /home/khaled/dbt-env/lib/python3.12/site-packages/airflow/example_dags/example_bash_decorator.py
[2025-10-24T15:06:08.763+0000] {logging_mixin.py:188} INFO - [2025-10-24T15:06:08.763+0000] {dag.py:3089} INFO - Sync 1 DAGs
[2025-10-24T15:06:08.770+0000] {logging_mixin.py:188} INFO - [2025-10-24T15:06:08.770+0000] {dag.py:3947} INFO - Setting next_dagrun for example_bash_decorator to None, run_after=None
[2025-10-24T15:06:08.801+0000] {processor.py:183} INFO - Processing /home/khaled/dbt-env/lib/python3.12/site-packages/airflow/example_dags/example_bash_decorator.py took 0.065 seconds
[2025-10-24T15:07:28.691+0000] {processor.py:161} INFO - Started process (PID=11237) to work on /home/khaled/dbt-env/lib/python3.12/site-packages/airflow/example_dags/example_bash_decorator.py
[2025-10-24T15:07:28.704+0000] {processor.py:830} INFO - Processing file /home/khaled/dbt-env/lib/python3.12/site-packages/airflow/example_dags/example_bash_decorator.py for tasks to queue
[2025-10-24T15:07:28.705+0000] {logging_mixin.py:188} INFO - [2025-10-24T15:07:28.705+0000] {dagbag.py:545} INFO - Filling up the DagBag from /home/khaled/dbt-env/lib/python3.12/site-packages/airflow/example_dags/example_bash_decorator.py
[2025-10-24T15:07:28.714+0000] {processor.py:840} INFO - DAG(s) 'example_bash_decorator' retrieved from /home/khaled/dbt-env/lib/python3.12/site-packages/airflow/example_dags/example_bash_decorator.py
[2025-10-24T15:07:28.726+0000] {logging_mixin.py:188} INFO - [2025-10-24T15:07:28.726+0000] {dag.py:3089} INFO - Sync 1 DAGs
[2025-10-24T15:07:28.733+0000] {logging_mixin.py:188} INFO - [2025-10-24T15:07:28.733+0000] {dag.py:3947} INFO - Setting next_dagrun for example_bash_decorator to None, run_after=None
[2025-10-24T15:07:28.751+0000] {processor.py:183} INFO - Processing /home/khaled/dbt-env/lib/python3.12/site-packages/airflow/example_dags/example_bash_decorator.py took 0.065 seconds
[2025-10-24T15:08:25.998+0000] {processor.py:161} INFO - Started process (PID=11298) to work on /home/khaled/dbt-env/lib/python3.12/site-packages/airflow/example_dags/example_bash_decorator.py
[2025-10-24T15:08:25.999+0000] {processor.py:830} INFO - Processing file /home/khaled/dbt-env/lib/python3.12/site-packages/airflow/example_dags/example_bash_decorator.py for tasks to queue
[2025-10-24T15:08:26.001+0000] {logging_mixin.py:188} INFO - [2025-10-24T15:08:26.000+0000] {dagbag.py:545} INFO - Filling up the DagBag from /home/khaled/dbt-env/lib/python3.12/site-packages/airflow/example_dags/example_bash_decorator.py
[2025-10-24T15:08:26.012+0000] {processor.py:840} INFO - DAG(s) 'example_bash_decorator' retrieved from /home/khaled/dbt-env/lib/python3.12/site-packages/airflow/example_dags/example_bash_decorator.py
[2025-10-24T15:08:26.024+0000] {logging_mixin.py:188} INFO - [2025-10-24T15:08:26.024+0000] {dag.py:3089} INFO - Sync 1 DAGs
[2025-10-24T15:08:26.033+0000] {logging_mixin.py:188} INFO - [2025-10-24T15:08:26.032+0000] {dag.py:3947} INFO - Setting next_dagrun for example_bash_decorator to None, run_after=None
[2025-10-24T15:08:26.064+0000] {processor.py:183} INFO - Processing /home/khaled/dbt-env/lib/python3.12/site-packages/airflow/example_dags/example_bash_decorator.py took 0.070 seconds
[2025-10-24T15:09:47.684+0000] {processor.py:161} INFO - Started process (PID=11382) to work on /home/khaled/dbt-env/lib/python3.12/site-packages/airflow/example_dags/example_bash_decorator.py
[2025-10-24T15:09:47.685+0000] {processor.py:830} INFO - Processing file /home/khaled/dbt-env/lib/python3.12/site-packages/airflow/example_dags/example_bash_decorator.py for tasks to queue
[2025-10-24T15:09:47.686+0000] {logging_mixin.py:188} INFO - [2025-10-24T15:09:47.686+0000] {dagbag.py:545} INFO - Filling up the DagBag from /home/khaled/dbt-env/lib/python3.12/site-packages/airflow/example_dags/example_bash_decorator.py
[2025-10-24T15:09:47.695+0000] {processor.py:840} INFO - DAG(s) 'example_bash_decorator' retrieved from /home/khaled/dbt-env/lib/python3.12/site-packages/airflow/example_dags/example_bash_decorator.py
[2025-10-24T15:09:47.706+0000] {logging_mixin.py:188} INFO - [2025-10-24T15:09:47.706+0000] {dag.py:3089} INFO - Sync 1 DAGs
[2025-10-24T15:09:47.713+0000] {logging_mixin.py:188} INFO - [2025-10-24T15:09:47.713+0000] {dag.py:3947} INFO - Setting next_dagrun for example_bash_decorator to None, run_after=None
[2025-10-24T15:09:47.743+0000] {processor.py:183} INFO - Processing /home/khaled/dbt-env/lib/python3.12/site-packages/airflow/example_dags/example_bash_decorator.py took 0.064 seconds
[2025-10-24T15:10:47.051+0000] {processor.py:161} INFO - Started process (PID=11480) to work on /home/khaled/dbt-env/lib/python3.12/site-packages/airflow/example_dags/example_bash_decorator.py
[2025-10-24T15:10:47.062+0000] {processor.py:830} INFO - Processing file /home/khaled/dbt-env/lib/python3.12/site-packages/airflow/example_dags/example_bash_decorator.py for tasks to queue
[2025-10-24T15:10:47.064+0000] {logging_mixin.py:188} INFO - [2025-10-24T15:10:47.063+0000] {dagbag.py:545} INFO - Filling up the DagBag from /home/khaled/dbt-env/lib/python3.12/site-packages/airflow/example_dags/example_bash_decorator.py
[2025-10-24T15:10:47.074+0000] {processor.py:840} INFO - DAG(s) 'example_bash_decorator' retrieved from /home/khaled/dbt-env/lib/python3.12/site-packages/airflow/example_dags/example_bash_decorator.py
[2025-10-24T15:10:47.085+0000] {logging_mixin.py:188} INFO - [2025-10-24T15:10:47.085+0000] {dag.py:3089} INFO - Sync 1 DAGs
[2025-10-24T15:10:47.093+0000] {logging_mixin.py:188} INFO - [2025-10-24T15:10:47.092+0000] {dag.py:3947} INFO - Setting next_dagrun for example_bash_decorator to None, run_after=None
[2025-10-24T15:10:47.110+0000] {processor.py:183} INFO - Processing /home/khaled/dbt-env/lib/python3.12/site-packages/airflow/example_dags/example_bash_decorator.py took 0.063 seconds
[2025-10-24T15:11:56.149+0000] {processor.py:161} INFO - Started process (PID=11546) to work on /home/khaled/dbt-env/lib/python3.12/site-packages/airflow/example_dags/example_bash_decorator.py
[2025-10-24T15:11:56.150+0000] {processor.py:830} INFO - Processing file /home/khaled/dbt-env/lib/python3.12/site-packages/airflow/example_dags/example_bash_decorator.py for tasks to queue
[2025-10-24T15:11:56.152+0000] {logging_mixin.py:188} INFO - [2025-10-24T15:11:56.151+0000] {dagbag.py:545} INFO - Filling up the DagBag from /home/khaled/dbt-env/lib/python3.12/site-packages/airflow/example_dags/example_bash_decorator.py
[2025-10-24T15:11:56.161+0000] {processor.py:840} INFO - DAG(s) 'example_bash_decorator' retrieved from /home/khaled/dbt-env/lib/python3.12/site-packages/airflow/example_dags/example_bash_decorator.py
[2025-10-24T15:11:56.173+0000] {logging_mixin.py:188} INFO - [2025-10-24T15:11:56.173+0000] {dag.py:3089} INFO - Sync 1 DAGs
[2025-10-24T15:11:56.180+0000] {logging_mixin.py:188} INFO - [2025-10-24T15:11:56.180+0000] {dag.py:3947} INFO - Setting next_dagrun for example_bash_decorator to None, run_after=None
[2025-10-24T15:11:56.209+0000] {processor.py:183} INFO - Processing /home/khaled/dbt-env/lib/python3.12/site-packages/airflow/example_dags/example_bash_decorator.py took 0.066 seconds
[2025-10-24T15:12:55.812+0000] {processor.py:161} INFO - Started process (PID=11608) to work on /home/khaled/dbt-env/lib/python3.12/site-packages/airflow/example_dags/example_bash_decorator.py
[2025-10-24T15:12:55.814+0000] {processor.py:830} INFO - Processing file /home/khaled/dbt-env/lib/python3.12/site-packages/airflow/example_dags/example_bash_decorator.py for tasks to queue
[2025-10-24T15:12:55.815+0000] {logging_mixin.py:188} INFO - [2025-10-24T15:12:55.815+0000] {dagbag.py:545} INFO - Filling up the DagBag from /home/khaled/dbt-env/lib/python3.12/site-packages/airflow/example_dags/example_bash_decorator.py
[2025-10-24T15:12:55.824+0000] {processor.py:840} INFO - DAG(s) 'example_bash_decorator' retrieved from /home/khaled/dbt-env/lib/python3.12/site-packages/airflow/example_dags/example_bash_decorator.py
[2025-10-24T15:12:55.835+0000] {logging_mixin.py:188} INFO - [2025-10-24T15:12:55.835+0000] {dag.py:3089} INFO - Sync 1 DAGs
[2025-10-24T15:12:55.842+0000] {logging_mixin.py:188} INFO - [2025-10-24T15:12:55.842+0000] {dag.py:3947} INFO - Setting next_dagrun for example_bash_decorator to None, run_after=None
[2025-10-24T15:12:55.873+0000] {processor.py:183} INFO - Processing /home/khaled/dbt-env/lib/python3.12/site-packages/airflow/example_dags/example_bash_decorator.py took 0.065 seconds
[2025-10-24T15:14:02.825+0000] {processor.py:161} INFO - Started process (PID=11672) to work on /home/khaled/dbt-env/lib/python3.12/site-packages/airflow/example_dags/example_bash_decorator.py
[2025-10-24T15:14:02.826+0000] {processor.py:830} INFO - Processing file /home/khaled/dbt-env/lib/python3.12/site-packages/airflow/example_dags/example_bash_decorator.py for tasks to queue
[2025-10-24T15:14:02.827+0000] {logging_mixin.py:188} INFO - [2025-10-24T15:14:02.827+0000] {dagbag.py:545} INFO - Filling up the DagBag from /home/khaled/dbt-env/lib/python3.12/site-packages/airflow/example_dags/example_bash_decorator.py
[2025-10-24T15:14:02.837+0000] {processor.py:840} INFO - DAG(s) 'example_bash_decorator' retrieved from /home/khaled/dbt-env/lib/python3.12/site-packages/airflow/example_dags/example_bash_decorator.py
[2025-10-24T15:14:02.849+0000] {logging_mixin.py:188} INFO - [2025-10-24T15:14:02.849+0000] {dag.py:3089} INFO - Sync 1 DAGs
[2025-10-24T15:14:02.858+0000] {logging_mixin.py:188} INFO - [2025-10-24T15:14:02.858+0000] {dag.py:3947} INFO - Setting next_dagrun for example_bash_decorator to None, run_after=None
[2025-10-24T15:14:02.889+0000] {processor.py:183} INFO - Processing /home/khaled/dbt-env/lib/python3.12/site-packages/airflow/example_dags/example_bash_decorator.py took 0.069 seconds
[2025-10-24T15:15:05.575+0000] {processor.py:161} INFO - Started process (PID=11744) to work on /home/khaled/dbt-env/lib/python3.12/site-packages/airflow/example_dags/example_bash_decorator.py
[2025-10-24T15:15:05.576+0000] {processor.py:830} INFO - Processing file /home/khaled/dbt-env/lib/python3.12/site-packages/airflow/example_dags/example_bash_decorator.py for tasks to queue
[2025-10-24T15:15:05.578+0000] {logging_mixin.py:188} INFO - [2025-10-24T15:15:05.577+0000] {dagbag.py:545} INFO - Filling up the DagBag from /home/khaled/dbt-env/lib/python3.12/site-packages/airflow/example_dags/example_bash_decorator.py
[2025-10-24T15:15:05.589+0000] {processor.py:840} INFO - DAG(s) 'example_bash_decorator' retrieved from /home/khaled/dbt-env/lib/python3.12/site-packages/airflow/example_dags/example_bash_decorator.py
[2025-10-24T15:15:05.601+0000] {logging_mixin.py:188} INFO - [2025-10-24T15:15:05.600+0000] {dag.py:3089} INFO - Sync 1 DAGs
[2025-10-24T15:15:05.609+0000] {logging_mixin.py:188} INFO - [2025-10-24T15:15:05.609+0000] {dag.py:3947} INFO - Setting next_dagrun for example_bash_decorator to None, run_after=None
[2025-10-24T15:15:05.643+0000] {processor.py:183} INFO - Processing /home/khaled/dbt-env/lib/python3.12/site-packages/airflow/example_dags/example_bash_decorator.py took 0.072 seconds
[2025-10-24T15:16:13.127+0000] {processor.py:161} INFO - Started process (PID=11835) to work on /home/khaled/dbt-env/lib/python3.12/site-packages/airflow/example_dags/example_bash_decorator.py
[2025-10-24T15:16:13.128+0000] {processor.py:830} INFO - Processing file /home/khaled/dbt-env/lib/python3.12/site-packages/airflow/example_dags/example_bash_decorator.py for tasks to queue
[2025-10-24T15:16:13.129+0000] {logging_mixin.py:188} INFO - [2025-10-24T15:16:13.129+0000] {dagbag.py:545} INFO - Filling up the DagBag from /home/khaled/dbt-env/lib/python3.12/site-packages/airflow/example_dags/example_bash_decorator.py
[2025-10-24T15:16:13.139+0000] {processor.py:840} INFO - DAG(s) 'example_bash_decorator' retrieved from /home/khaled/dbt-env/lib/python3.12/site-packages/airflow/example_dags/example_bash_decorator.py
[2025-10-24T15:16:13.151+0000] {logging_mixin.py:188} INFO - [2025-10-24T15:16:13.151+0000] {dag.py:3089} INFO - Sync 1 DAGs
[2025-10-24T15:16:13.159+0000] {logging_mixin.py:188} INFO - [2025-10-24T15:16:13.158+0000] {dag.py:3947} INFO - Setting next_dagrun for example_bash_decorator to None, run_after=None
[2025-10-24T15:16:13.187+0000] {processor.py:183} INFO - Processing /home/khaled/dbt-env/lib/python3.12/site-packages/airflow/example_dags/example_bash_decorator.py took 0.065 seconds
[2025-10-24T15:17:20.522+0000] {processor.py:161} INFO - Started process (PID=11905) to work on /home/khaled/dbt-env/lib/python3.12/site-packages/airflow/example_dags/example_bash_decorator.py
[2025-10-24T15:17:20.523+0000] {processor.py:830} INFO - Processing file /home/khaled/dbt-env/lib/python3.12/site-packages/airflow/example_dags/example_bash_decorator.py for tasks to queue
[2025-10-24T15:17:20.524+0000] {logging_mixin.py:188} INFO - [2025-10-24T15:17:20.524+0000] {dagbag.py:545} INFO - Filling up the DagBag from /home/khaled/dbt-env/lib/python3.12/site-packages/airflow/example_dags/example_bash_decorator.py
[2025-10-24T15:17:20.533+0000] {processor.py:840} INFO - DAG(s) 'example_bash_decorator' retrieved from /home/khaled/dbt-env/lib/python3.12/site-packages/airflow/example_dags/example_bash_decorator.py
[2025-10-24T15:17:20.544+0000] {logging_mixin.py:188} INFO - [2025-10-24T15:17:20.544+0000] {dag.py:3089} INFO - Sync 1 DAGs
[2025-10-24T15:17:20.551+0000] {logging_mixin.py:188} INFO - [2025-10-24T15:17:20.551+0000] {dag.py:3947} INFO - Setting next_dagrun for example_bash_decorator to None, run_after=None
[2025-10-24T15:17:20.581+0000] {processor.py:183} INFO - Processing /home/khaled/dbt-env/lib/python3.12/site-packages/airflow/example_dags/example_bash_decorator.py took 0.066 seconds
[2025-10-24T15:18:36.009+0000] {processor.py:161} INFO - Started process (PID=11992) to work on /home/khaled/dbt-env/lib/python3.12/site-packages/airflow/example_dags/example_bash_decorator.py
[2025-10-24T15:18:36.010+0000] {processor.py:830} INFO - Processing file /home/khaled/dbt-env/lib/python3.12/site-packages/airflow/example_dags/example_bash_decorator.py for tasks to queue
[2025-10-24T15:18:36.011+0000] {logging_mixin.py:188} INFO - [2025-10-24T15:18:36.011+0000] {dagbag.py:545} INFO - Filling up the DagBag from /home/khaled/dbt-env/lib/python3.12/site-packages/airflow/example_dags/example_bash_decorator.py
[2025-10-24T15:18:36.021+0000] {processor.py:840} INFO - DAG(s) 'example_bash_decorator' retrieved from /home/khaled/dbt-env/lib/python3.12/site-packages/airflow/example_dags/example_bash_decorator.py
[2025-10-24T15:18:36.032+0000] {logging_mixin.py:188} INFO - [2025-10-24T15:18:36.032+0000] {dag.py:3089} INFO - Sync 1 DAGs
[2025-10-24T15:18:36.040+0000] {logging_mixin.py:188} INFO - [2025-10-24T15:18:36.040+0000] {dag.py:3947} INFO - Setting next_dagrun for example_bash_decorator to None, run_after=None
[2025-10-24T15:18:36.070+0000] {processor.py:183} INFO - Processing /home/khaled/dbt-env/lib/python3.12/site-packages/airflow/example_dags/example_bash_decorator.py took 0.066 seconds
[2025-10-24T15:19:59.746+0000] {processor.py:161} INFO - Started process (PID=12081) to work on /home/khaled/dbt-env/lib/python3.12/site-packages/airflow/example_dags/example_bash_decorator.py
[2025-10-24T15:19:59.747+0000] {processor.py:830} INFO - Processing file /home/khaled/dbt-env/lib/python3.12/site-packages/airflow/example_dags/example_bash_decorator.py for tasks to queue
[2025-10-24T15:19:59.749+0000] {logging_mixin.py:188} INFO - [2025-10-24T15:19:59.748+0000] {dagbag.py:545} INFO - Filling up the DagBag from /home/khaled/dbt-env/lib/python3.12/site-packages/airflow/example_dags/example_bash_decorator.py
[2025-10-24T15:19:59.757+0000] {processor.py:840} INFO - DAG(s) 'example_bash_decorator' retrieved from /home/khaled/dbt-env/lib/python3.12/site-packages/airflow/example_dags/example_bash_decorator.py
[2025-10-24T15:19:59.769+0000] {logging_mixin.py:188} INFO - [2025-10-24T15:19:59.768+0000] {dag.py:3089} INFO - Sync 1 DAGs
[2025-10-24T15:19:59.775+0000] {logging_mixin.py:188} INFO - [2025-10-24T15:19:59.775+0000] {dag.py:3947} INFO - Setting next_dagrun for example_bash_decorator to None, run_after=None
[2025-10-24T15:19:59.807+0000] {processor.py:183} INFO - Processing /home/khaled/dbt-env/lib/python3.12/site-packages/airflow/example_dags/example_bash_decorator.py took 0.066 seconds
[2025-10-24T15:21:29.610+0000] {processor.py:161} INFO - Started process (PID=12207) to work on /home/khaled/dbt-env/lib/python3.12/site-packages/airflow/example_dags/example_bash_decorator.py
[2025-10-24T15:21:29.620+0000] {processor.py:830} INFO - Processing file /home/khaled/dbt-env/lib/python3.12/site-packages/airflow/example_dags/example_bash_decorator.py for tasks to queue
[2025-10-24T15:21:29.621+0000] {logging_mixin.py:188} INFO - [2025-10-24T15:21:29.621+0000] {dagbag.py:545} INFO - Filling up the DagBag from /home/khaled/dbt-env/lib/python3.12/site-packages/airflow/example_dags/example_bash_decorator.py
[2025-10-24T15:21:29.631+0000] {processor.py:840} INFO - DAG(s) 'example_bash_decorator' retrieved from /home/khaled/dbt-env/lib/python3.12/site-packages/airflow/example_dags/example_bash_decorator.py
[2025-10-24T15:21:29.642+0000] {logging_mixin.py:188} INFO - [2025-10-24T15:21:29.642+0000] {dag.py:3089} INFO - Sync 1 DAGs
[2025-10-24T15:21:29.650+0000] {logging_mixin.py:188} INFO - [2025-10-24T15:21:29.650+0000] {dag.py:3947} INFO - Setting next_dagrun for example_bash_decorator to None, run_after=None
[2025-10-24T15:21:29.668+0000] {processor.py:183} INFO - Processing /home/khaled/dbt-env/lib/python3.12/site-packages/airflow/example_dags/example_bash_decorator.py took 0.062 seconds
[2025-10-24T15:22:36.037+0000] {processor.py:161} INFO - Started process (PID=12274) to work on /home/khaled/dbt-env/lib/python3.12/site-packages/airflow/example_dags/example_bash_decorator.py
[2025-10-24T15:22:36.038+0000] {processor.py:830} INFO - Processing file /home/khaled/dbt-env/lib/python3.12/site-packages/airflow/example_dags/example_bash_decorator.py for tasks to queue
[2025-10-24T15:22:36.039+0000] {logging_mixin.py:188} INFO - [2025-10-24T15:22:36.039+0000] {dagbag.py:545} INFO - Filling up the DagBag from /home/khaled/dbt-env/lib/python3.12/site-packages/airflow/example_dags/example_bash_decorator.py
[2025-10-24T15:22:36.049+0000] {processor.py:840} INFO - DAG(s) 'example_bash_decorator' retrieved from /home/khaled/dbt-env/lib/python3.12/site-packages/airflow/example_dags/example_bash_decorator.py
[2025-10-24T15:22:36.061+0000] {logging_mixin.py:188} INFO - [2025-10-24T15:22:36.061+0000] {dag.py:3089} INFO - Sync 1 DAGs
[2025-10-24T15:22:36.068+0000] {logging_mixin.py:188} INFO - [2025-10-24T15:22:36.068+0000] {dag.py:3947} INFO - Setting next_dagrun for example_bash_decorator to None, run_after=None
[2025-10-24T15:22:36.097+0000] {processor.py:183} INFO - Processing /home/khaled/dbt-env/lib/python3.12/site-packages/airflow/example_dags/example_bash_decorator.py took 0.064 seconds
[2025-10-24T15:23:38.922+0000] {processor.py:161} INFO - Started process (PID=12335) to work on /home/khaled/dbt-env/lib/python3.12/site-packages/airflow/example_dags/example_bash_decorator.py
[2025-10-24T15:23:38.924+0000] {processor.py:830} INFO - Processing file /home/khaled/dbt-env/lib/python3.12/site-packages/airflow/example_dags/example_bash_decorator.py for tasks to queue
[2025-10-24T15:23:38.925+0000] {logging_mixin.py:188} INFO - [2025-10-24T15:23:38.925+0000] {dagbag.py:545} INFO - Filling up the DagBag from /home/khaled/dbt-env/lib/python3.12/site-packages/airflow/example_dags/example_bash_decorator.py
[2025-10-24T15:23:38.935+0000] {processor.py:840} INFO - DAG(s) 'example_bash_decorator' retrieved from /home/khaled/dbt-env/lib/python3.12/site-packages/airflow/example_dags/example_bash_decorator.py
[2025-10-24T15:23:38.946+0000] {logging_mixin.py:188} INFO - [2025-10-24T15:23:38.946+0000] {dag.py:3089} INFO - Sync 1 DAGs
[2025-10-24T15:23:38.954+0000] {logging_mixin.py:188} INFO - [2025-10-24T15:23:38.954+0000] {dag.py:3947} INFO - Setting next_dagrun for example_bash_decorator to None, run_after=None
[2025-10-24T15:23:38.986+0000] {processor.py:183} INFO - Processing /home/khaled/dbt-env/lib/python3.12/site-packages/airflow/example_dags/example_bash_decorator.py took 0.068 seconds
[2025-10-24T15:24:39.093+0000] {processor.py:161} INFO - Started process (PID=12400) to work on /home/khaled/dbt-env/lib/python3.12/site-packages/airflow/example_dags/example_bash_decorator.py
[2025-10-24T15:24:39.104+0000] {processor.py:830} INFO - Processing file /home/khaled/dbt-env/lib/python3.12/site-packages/airflow/example_dags/example_bash_decorator.py for tasks to queue
[2025-10-24T15:24:39.105+0000] {logging_mixin.py:188} INFO - [2025-10-24T15:24:39.105+0000] {dagbag.py:545} INFO - Filling up the DagBag from /home/khaled/dbt-env/lib/python3.12/site-packages/airflow/example_dags/example_bash_decorator.py
[2025-10-24T15:24:39.114+0000] {processor.py:840} INFO - DAG(s) 'example_bash_decorator' retrieved from /home/khaled/dbt-env/lib/python3.12/site-packages/airflow/example_dags/example_bash_decorator.py
[2025-10-24T15:24:39.125+0000] {logging_mixin.py:188} INFO - [2025-10-24T15:24:39.124+0000] {dag.py:3089} INFO - Sync 1 DAGs
[2025-10-24T15:24:39.132+0000] {logging_mixin.py:188} INFO - [2025-10-24T15:24:39.132+0000] {dag.py:3947} INFO - Setting next_dagrun for example_bash_decorator to None, run_after=None
[2025-10-24T15:24:39.149+0000] {processor.py:183} INFO - Processing /home/khaled/dbt-env/lib/python3.12/site-packages/airflow/example_dags/example_bash_decorator.py took 0.063 seconds
[2025-10-24T15:25:40.523+0000] {processor.py:161} INFO - Started process (PID=12497) to work on /home/khaled/dbt-env/lib/python3.12/site-packages/airflow/example_dags/example_bash_decorator.py
[2025-10-24T15:25:40.524+0000] {processor.py:830} INFO - Processing file /home/khaled/dbt-env/lib/python3.12/site-packages/airflow/example_dags/example_bash_decorator.py for tasks to queue
[2025-10-24T15:25:40.526+0000] {logging_mixin.py:188} INFO - [2025-10-24T15:25:40.525+0000] {dagbag.py:545} INFO - Filling up the DagBag from /home/khaled/dbt-env/lib/python3.12/site-packages/airflow/example_dags/example_bash_decorator.py
[2025-10-24T15:25:40.536+0000] {processor.py:840} INFO - DAG(s) 'example_bash_decorator' retrieved from /home/khaled/dbt-env/lib/python3.12/site-packages/airflow/example_dags/example_bash_decorator.py
[2025-10-24T15:25:40.548+0000] {logging_mixin.py:188} INFO - [2025-10-24T15:25:40.547+0000] {dag.py:3089} INFO - Sync 1 DAGs
[2025-10-24T15:25:40.554+0000] {logging_mixin.py:188} INFO - [2025-10-24T15:25:40.554+0000] {dag.py:3947} INFO - Setting next_dagrun for example_bash_decorator to None, run_after=None
[2025-10-24T15:25:40.584+0000] {processor.py:183} INFO - Processing /home/khaled/dbt-env/lib/python3.12/site-packages/airflow/example_dags/example_bash_decorator.py took 0.067 seconds
[2025-10-24T15:26:53.398+0000] {processor.py:161} INFO - Started process (PID=12566) to work on /home/khaled/dbt-env/lib/python3.12/site-packages/airflow/example_dags/example_bash_decorator.py
[2025-10-24T15:26:53.400+0000] {processor.py:830} INFO - Processing file /home/khaled/dbt-env/lib/python3.12/site-packages/airflow/example_dags/example_bash_decorator.py for tasks to queue
[2025-10-24T15:26:53.401+0000] {logging_mixin.py:188} INFO - [2025-10-24T15:26:53.401+0000] {dagbag.py:545} INFO - Filling up the DagBag from /home/khaled/dbt-env/lib/python3.12/site-packages/airflow/example_dags/example_bash_decorator.py
[2025-10-24T15:26:53.412+0000] {processor.py:840} INFO - DAG(s) 'example_bash_decorator' retrieved from /home/khaled/dbt-env/lib/python3.12/site-packages/airflow/example_dags/example_bash_decorator.py
[2025-10-24T15:26:53.423+0000] {logging_mixin.py:188} INFO - [2025-10-24T15:26:53.423+0000] {dag.py:3089} INFO - Sync 1 DAGs
[2025-10-24T15:26:53.431+0000] {logging_mixin.py:188} INFO - [2025-10-24T15:26:53.431+0000] {dag.py:3947} INFO - Setting next_dagrun for example_bash_decorator to None, run_after=None
[2025-10-24T15:26:53.451+0000] {processor.py:183} INFO - Processing /home/khaled/dbt-env/lib/python3.12/site-packages/airflow/example_dags/example_bash_decorator.py took 0.057 seconds
[2025-10-24T15:28:07.169+0000] {processor.py:161} INFO - Started process (PID=12638) to work on /home/khaled/dbt-env/lib/python3.12/site-packages/airflow/example_dags/example_bash_decorator.py
[2025-10-24T15:28:07.179+0000] {processor.py:830} INFO - Processing file /home/khaled/dbt-env/lib/python3.12/site-packages/airflow/example_dags/example_bash_decorator.py for tasks to queue
[2025-10-24T15:28:07.181+0000] {logging_mixin.py:188} INFO - [2025-10-24T15:28:07.180+0000] {dagbag.py:545} INFO - Filling up the DagBag from /home/khaled/dbt-env/lib/python3.12/site-packages/airflow/example_dags/example_bash_decorator.py
[2025-10-24T15:28:07.191+0000] {processor.py:840} INFO - DAG(s) 'example_bash_decorator' retrieved from /home/khaled/dbt-env/lib/python3.12/site-packages/airflow/example_dags/example_bash_decorator.py
[2025-10-24T15:28:07.204+0000] {logging_mixin.py:188} INFO - [2025-10-24T15:28:07.204+0000] {dag.py:3089} INFO - Sync 1 DAGs
[2025-10-24T15:28:07.211+0000] {logging_mixin.py:188} INFO - [2025-10-24T15:28:07.211+0000] {dag.py:3947} INFO - Setting next_dagrun for example_bash_decorator to None, run_after=None
[2025-10-24T15:28:07.230+0000] {processor.py:183} INFO - Processing /home/khaled/dbt-env/lib/python3.12/site-packages/airflow/example_dags/example_bash_decorator.py took 0.065 seconds
[2025-10-24T15:29:08.598+0000] {processor.py:161} INFO - Started process (PID=12704) to work on /home/khaled/dbt-env/lib/python3.12/site-packages/airflow/example_dags/example_bash_decorator.py
[2025-10-24T15:29:08.599+0000] {processor.py:830} INFO - Processing file /home/khaled/dbt-env/lib/python3.12/site-packages/airflow/example_dags/example_bash_decorator.py for tasks to queue
[2025-10-24T15:29:08.601+0000] {logging_mixin.py:188} INFO - [2025-10-24T15:29:08.600+0000] {dagbag.py:545} INFO - Filling up the DagBag from /home/khaled/dbt-env/lib/python3.12/site-packages/airflow/example_dags/example_bash_decorator.py
[2025-10-24T15:29:08.610+0000] {processor.py:840} INFO - DAG(s) 'example_bash_decorator' retrieved from /home/khaled/dbt-env/lib/python3.12/site-packages/airflow/example_dags/example_bash_decorator.py
[2025-10-24T15:29:08.622+0000] {logging_mixin.py:188} INFO - [2025-10-24T15:29:08.622+0000] {dag.py:3089} INFO - Sync 1 DAGs
[2025-10-24T15:29:08.629+0000] {logging_mixin.py:188} INFO - [2025-10-24T15:29:08.629+0000] {dag.py:3947} INFO - Setting next_dagrun for example_bash_decorator to None, run_after=None
[2025-10-24T15:29:08.659+0000] {processor.py:183} INFO - Processing /home/khaled/dbt-env/lib/python3.12/site-packages/airflow/example_dags/example_bash_decorator.py took 0.066 seconds
[2025-10-24T15:30:11.791+0000] {processor.py:161} INFO - Started process (PID=12771) to work on /home/khaled/dbt-env/lib/python3.12/site-packages/airflow/example_dags/example_bash_decorator.py
[2025-10-24T15:30:11.801+0000] {processor.py:830} INFO - Processing file /home/khaled/dbt-env/lib/python3.12/site-packages/airflow/example_dags/example_bash_decorator.py for tasks to queue
[2025-10-24T15:30:11.802+0000] {logging_mixin.py:188} INFO - [2025-10-24T15:30:11.802+0000] {dagbag.py:545} INFO - Filling up the DagBag from /home/khaled/dbt-env/lib/python3.12/site-packages/airflow/example_dags/example_bash_decorator.py
[2025-10-24T15:30:11.811+0000] {processor.py:840} INFO - DAG(s) 'example_bash_decorator' retrieved from /home/khaled/dbt-env/lib/python3.12/site-packages/airflow/example_dags/example_bash_decorator.py
[2025-10-24T15:30:11.823+0000] {logging_mixin.py:188} INFO - [2025-10-24T15:30:11.823+0000] {dag.py:3089} INFO - Sync 1 DAGs
[2025-10-24T15:30:11.830+0000] {logging_mixin.py:188} INFO - [2025-10-24T15:30:11.830+0000] {dag.py:3947} INFO - Setting next_dagrun for example_bash_decorator to None, run_after=None
[2025-10-24T15:30:11.847+0000] {processor.py:183} INFO - Processing /home/khaled/dbt-env/lib/python3.12/site-packages/airflow/example_dags/example_bash_decorator.py took 0.060 seconds
[2025-10-24T15:31:32.133+0000] {processor.py:161} INFO - Started process (PID=12873) to work on /home/khaled/dbt-env/lib/python3.12/site-packages/airflow/example_dags/example_bash_decorator.py
[2025-10-24T15:31:32.134+0000] {processor.py:830} INFO - Processing file /home/khaled/dbt-env/lib/python3.12/site-packages/airflow/example_dags/example_bash_decorator.py for tasks to queue
[2025-10-24T15:31:32.135+0000] {logging_mixin.py:188} INFO - [2025-10-24T15:31:32.135+0000] {dagbag.py:545} INFO - Filling up the DagBag from /home/khaled/dbt-env/lib/python3.12/site-packages/airflow/example_dags/example_bash_decorator.py
[2025-10-24T15:31:32.146+0000] {processor.py:840} INFO - DAG(s) 'example_bash_decorator' retrieved from /home/khaled/dbt-env/lib/python3.12/site-packages/airflow/example_dags/example_bash_decorator.py
[2025-10-24T15:31:32.157+0000] {logging_mixin.py:188} INFO - [2025-10-24T15:31:32.157+0000] {dag.py:3089} INFO - Sync 1 DAGs
[2025-10-24T15:31:32.165+0000] {logging_mixin.py:188} INFO - [2025-10-24T15:31:32.165+0000] {dag.py:3947} INFO - Setting next_dagrun for example_bash_decorator to None, run_after=None
[2025-10-24T15:31:32.202+0000] {processor.py:183} INFO - Processing /home/khaled/dbt-env/lib/python3.12/site-packages/airflow/example_dags/example_bash_decorator.py took 0.073 seconds
[2025-10-24T15:32:33.444+0000] {processor.py:161} INFO - Started process (PID=12939) to work on /home/khaled/dbt-env/lib/python3.12/site-packages/airflow/example_dags/example_bash_decorator.py
[2025-10-24T15:32:33.447+0000] {processor.py:830} INFO - Processing file /home/khaled/dbt-env/lib/python3.12/site-packages/airflow/example_dags/example_bash_decorator.py for tasks to queue
[2025-10-24T15:32:33.448+0000] {logging_mixin.py:188} INFO - [2025-10-24T15:32:33.448+0000] {dagbag.py:545} INFO - Filling up the DagBag from /home/khaled/dbt-env/lib/python3.12/site-packages/airflow/example_dags/example_bash_decorator.py
[2025-10-24T15:32:33.458+0000] {processor.py:840} INFO - DAG(s) 'example_bash_decorator' retrieved from /home/khaled/dbt-env/lib/python3.12/site-packages/airflow/example_dags/example_bash_decorator.py
[2025-10-24T15:32:33.469+0000] {logging_mixin.py:188} INFO - [2025-10-24T15:32:33.469+0000] {dag.py:3089} INFO - Sync 1 DAGs
[2025-10-24T15:32:33.477+0000] {logging_mixin.py:188} INFO - [2025-10-24T15:32:33.477+0000] {dag.py:3947} INFO - Setting next_dagrun for example_bash_decorator to None, run_after=None
[2025-10-24T15:32:33.508+0000] {processor.py:183} INFO - Processing /home/khaled/dbt-env/lib/python3.12/site-packages/airflow/example_dags/example_bash_decorator.py took 0.071 seconds
[2025-10-24T15:33:58.391+0000] {processor.py:161} INFO - Started process (PID=13033) to work on /home/khaled/dbt-env/lib/python3.12/site-packages/airflow/example_dags/example_bash_decorator.py
[2025-10-24T15:33:58.393+0000] {processor.py:830} INFO - Processing file /home/khaled/dbt-env/lib/python3.12/site-packages/airflow/example_dags/example_bash_decorator.py for tasks to queue
[2025-10-24T15:33:58.394+0000] {logging_mixin.py:188} INFO - [2025-10-24T15:33:58.394+0000] {dagbag.py:545} INFO - Filling up the DagBag from /home/khaled/dbt-env/lib/python3.12/site-packages/airflow/example_dags/example_bash_decorator.py
[2025-10-24T15:33:58.403+0000] {processor.py:840} INFO - DAG(s) 'example_bash_decorator' retrieved from /home/khaled/dbt-env/lib/python3.12/site-packages/airflow/example_dags/example_bash_decorator.py
[2025-10-24T15:33:58.416+0000] {logging_mixin.py:188} INFO - [2025-10-24T15:33:58.416+0000] {dag.py:3089} INFO - Sync 1 DAGs
[2025-10-24T15:33:58.424+0000] {logging_mixin.py:188} INFO - [2025-10-24T15:33:58.423+0000] {dag.py:3947} INFO - Setting next_dagrun for example_bash_decorator to None, run_after=None
[2025-10-24T15:33:58.456+0000] {processor.py:183} INFO - Processing /home/khaled/dbt-env/lib/python3.12/site-packages/airflow/example_dags/example_bash_decorator.py took 0.070 seconds
[2025-10-24T15:34:55.923+0000] {processor.py:161} INFO - Started process (PID=13095) to work on /home/khaled/dbt-env/lib/python3.12/site-packages/airflow/example_dags/example_bash_decorator.py
[2025-10-24T15:34:55.924+0000] {processor.py:830} INFO - Processing file /home/khaled/dbt-env/lib/python3.12/site-packages/airflow/example_dags/example_bash_decorator.py for tasks to queue
[2025-10-24T15:34:55.925+0000] {logging_mixin.py:188} INFO - [2025-10-24T15:34:55.925+0000] {dagbag.py:545} INFO - Filling up the DagBag from /home/khaled/dbt-env/lib/python3.12/site-packages/airflow/example_dags/example_bash_decorator.py
[2025-10-24T15:34:55.935+0000] {processor.py:840} INFO - DAG(s) 'example_bash_decorator' retrieved from /home/khaled/dbt-env/lib/python3.12/site-packages/airflow/example_dags/example_bash_decorator.py
[2025-10-24T15:34:55.947+0000] {logging_mixin.py:188} INFO - [2025-10-24T15:34:55.947+0000] {dag.py:3089} INFO - Sync 1 DAGs
[2025-10-24T15:34:55.954+0000] {logging_mixin.py:188} INFO - [2025-10-24T15:34:55.954+0000] {dag.py:3947} INFO - Setting next_dagrun for example_bash_decorator to None, run_after=None
[2025-10-24T15:34:55.984+0000] {processor.py:183} INFO - Processing /home/khaled/dbt-env/lib/python3.12/site-packages/airflow/example_dags/example_bash_decorator.py took 0.065 seconds
[2025-10-24T15:36:12.380+0000] {processor.py:161} INFO - Started process (PID=13195) to work on /home/khaled/dbt-env/lib/python3.12/site-packages/airflow/example_dags/example_bash_decorator.py
[2025-10-24T15:36:12.381+0000] {processor.py:830} INFO - Processing file /home/khaled/dbt-env/lib/python3.12/site-packages/airflow/example_dags/example_bash_decorator.py for tasks to queue
[2025-10-24T15:36:12.383+0000] {logging_mixin.py:188} INFO - [2025-10-24T15:36:12.382+0000] {dagbag.py:545} INFO - Filling up the DagBag from /home/khaled/dbt-env/lib/python3.12/site-packages/airflow/example_dags/example_bash_decorator.py
[2025-10-24T15:36:12.394+0000] {processor.py:840} INFO - DAG(s) 'example_bash_decorator' retrieved from /home/khaled/dbt-env/lib/python3.12/site-packages/airflow/example_dags/example_bash_decorator.py
[2025-10-24T15:36:12.406+0000] {logging_mixin.py:188} INFO - [2025-10-24T15:36:12.406+0000] {dag.py:3089} INFO - Sync 1 DAGs
[2025-10-24T15:36:12.413+0000] {logging_mixin.py:188} INFO - [2025-10-24T15:36:12.413+0000] {dag.py:3947} INFO - Setting next_dagrun for example_bash_decorator to None, run_after=None
[2025-10-24T15:36:12.445+0000] {processor.py:183} INFO - Processing /home/khaled/dbt-env/lib/python3.12/site-packages/airflow/example_dags/example_bash_decorator.py took 0.069 seconds
[2025-10-24T15:37:12.132+0000] {processor.py:161} INFO - Started process (PID=13256) to work on /home/khaled/dbt-env/lib/python3.12/site-packages/airflow/example_dags/example_bash_decorator.py
[2025-10-24T15:37:12.133+0000] {processor.py:830} INFO - Processing file /home/khaled/dbt-env/lib/python3.12/site-packages/airflow/example_dags/example_bash_decorator.py for tasks to queue
[2025-10-24T15:37:12.135+0000] {logging_mixin.py:188} INFO - [2025-10-24T15:37:12.134+0000] {dagbag.py:545} INFO - Filling up the DagBag from /home/khaled/dbt-env/lib/python3.12/site-packages/airflow/example_dags/example_bash_decorator.py
[2025-10-24T15:37:12.144+0000] {processor.py:840} INFO - DAG(s) 'example_bash_decorator' retrieved from /home/khaled/dbt-env/lib/python3.12/site-packages/airflow/example_dags/example_bash_decorator.py
[2025-10-24T15:37:12.156+0000] {logging_mixin.py:188} INFO - [2025-10-24T15:37:12.156+0000] {dag.py:3089} INFO - Sync 1 DAGs
[2025-10-24T15:37:12.163+0000] {logging_mixin.py:188} INFO - [2025-10-24T15:37:12.162+0000] {dag.py:3947} INFO - Setting next_dagrun for example_bash_decorator to None, run_after=None
[2025-10-24T15:37:12.195+0000] {processor.py:183} INFO - Processing /home/khaled/dbt-env/lib/python3.12/site-packages/airflow/example_dags/example_bash_decorator.py took 0.067 seconds
[2025-10-24T15:38:44.229+0000] {processor.py:161} INFO - Started process (PID=13347) to work on /home/khaled/dbt-env/lib/python3.12/site-packages/airflow/example_dags/example_bash_decorator.py
[2025-10-24T15:38:44.230+0000] {processor.py:830} INFO - Processing file /home/khaled/dbt-env/lib/python3.12/site-packages/airflow/example_dags/example_bash_decorator.py for tasks to queue
[2025-10-24T15:38:44.231+0000] {logging_mixin.py:188} INFO - [2025-10-24T15:38:44.231+0000] {dagbag.py:545} INFO - Filling up the DagBag from /home/khaled/dbt-env/lib/python3.12/site-packages/airflow/example_dags/example_bash_decorator.py
[2025-10-24T15:38:44.242+0000] {processor.py:840} INFO - DAG(s) 'example_bash_decorator' retrieved from /home/khaled/dbt-env/lib/python3.12/site-packages/airflow/example_dags/example_bash_decorator.py
[2025-10-24T15:38:44.255+0000] {logging_mixin.py:188} INFO - [2025-10-24T15:38:44.255+0000] {dag.py:3089} INFO - Sync 1 DAGs
[2025-10-24T15:38:44.264+0000] {logging_mixin.py:188} INFO - [2025-10-24T15:38:44.263+0000] {dag.py:3947} INFO - Setting next_dagrun for example_bash_decorator to None, run_after=None
[2025-10-24T15:38:44.295+0000] {processor.py:183} INFO - Processing /home/khaled/dbt-env/lib/python3.12/site-packages/airflow/example_dags/example_bash_decorator.py took 0.070 seconds
[2025-10-24T15:39:44.990+0000] {processor.py:161} INFO - Started process (PID=13408) to work on /home/khaled/dbt-env/lib/python3.12/site-packages/airflow/example_dags/example_bash_decorator.py
[2025-10-24T15:39:44.992+0000] {processor.py:830} INFO - Processing file /home/khaled/dbt-env/lib/python3.12/site-packages/airflow/example_dags/example_bash_decorator.py for tasks to queue
[2025-10-24T15:39:44.993+0000] {logging_mixin.py:188} INFO - [2025-10-24T15:39:44.993+0000] {dagbag.py:545} INFO - Filling up the DagBag from /home/khaled/dbt-env/lib/python3.12/site-packages/airflow/example_dags/example_bash_decorator.py
[2025-10-24T15:39:45.003+0000] {processor.py:840} INFO - DAG(s) 'example_bash_decorator' retrieved from /home/khaled/dbt-env/lib/python3.12/site-packages/airflow/example_dags/example_bash_decorator.py
[2025-10-24T15:39:45.015+0000] {logging_mixin.py:188} INFO - [2025-10-24T15:39:45.014+0000] {dag.py:3089} INFO - Sync 1 DAGs
[2025-10-24T15:39:45.022+0000] {logging_mixin.py:188} INFO - [2025-10-24T15:39:45.022+0000] {dag.py:3947} INFO - Setting next_dagrun for example_bash_decorator to None, run_after=None
[2025-10-24T15:39:45.053+0000] {processor.py:183} INFO - Processing /home/khaled/dbt-env/lib/python3.12/site-packages/airflow/example_dags/example_bash_decorator.py took 0.068 seconds
[2025-10-24T15:40:49.428+0000] {processor.py:161} INFO - Started process (PID=13511) to work on /home/khaled/dbt-env/lib/python3.12/site-packages/airflow/example_dags/example_bash_decorator.py
[2025-10-24T15:40:49.429+0000] {processor.py:830} INFO - Processing file /home/khaled/dbt-env/lib/python3.12/site-packages/airflow/example_dags/example_bash_decorator.py for tasks to queue
[2025-10-24T15:40:49.431+0000] {logging_mixin.py:188} INFO - [2025-10-24T15:40:49.430+0000] {dagbag.py:545} INFO - Filling up the DagBag from /home/khaled/dbt-env/lib/python3.12/site-packages/airflow/example_dags/example_bash_decorator.py
[2025-10-24T15:40:49.441+0000] {processor.py:840} INFO - DAG(s) 'example_bash_decorator' retrieved from /home/khaled/dbt-env/lib/python3.12/site-packages/airflow/example_dags/example_bash_decorator.py
[2025-10-24T15:40:49.452+0000] {logging_mixin.py:188} INFO - [2025-10-24T15:40:49.452+0000] {dag.py:3089} INFO - Sync 1 DAGs
[2025-10-24T15:40:49.461+0000] {logging_mixin.py:188} INFO - [2025-10-24T15:40:49.461+0000] {dag.py:3947} INFO - Setting next_dagrun for example_bash_decorator to None, run_after=None
[2025-10-24T15:40:49.493+0000] {processor.py:183} INFO - Processing /home/khaled/dbt-env/lib/python3.12/site-packages/airflow/example_dags/example_bash_decorator.py took 0.069 seconds
[2025-10-24T15:41:55.863+0000] {processor.py:161} INFO - Started process (PID=13577) to work on /home/khaled/dbt-env/lib/python3.12/site-packages/airflow/example_dags/example_bash_decorator.py
[2025-10-24T15:41:55.864+0000] {processor.py:830} INFO - Processing file /home/khaled/dbt-env/lib/python3.12/site-packages/airflow/example_dags/example_bash_decorator.py for tasks to queue
[2025-10-24T15:41:55.865+0000] {logging_mixin.py:188} INFO - [2025-10-24T15:41:55.865+0000] {dagbag.py:545} INFO - Filling up the DagBag from /home/khaled/dbt-env/lib/python3.12/site-packages/airflow/example_dags/example_bash_decorator.py
[2025-10-24T15:41:55.875+0000] {processor.py:840} INFO - DAG(s) 'example_bash_decorator' retrieved from /home/khaled/dbt-env/lib/python3.12/site-packages/airflow/example_dags/example_bash_decorator.py
[2025-10-24T15:41:55.887+0000] {logging_mixin.py:188} INFO - [2025-10-24T15:41:55.886+0000] {dag.py:3089} INFO - Sync 1 DAGs
[2025-10-24T15:41:55.894+0000] {logging_mixin.py:188} INFO - [2025-10-24T15:41:55.894+0000] {dag.py:3947} INFO - Setting next_dagrun for example_bash_decorator to None, run_after=None
[2025-10-24T15:41:55.914+0000] {processor.py:183} INFO - Processing /home/khaled/dbt-env/lib/python3.12/site-packages/airflow/example_dags/example_bash_decorator.py took 0.055 seconds
[2025-10-24T15:43:01.200+0000] {processor.py:161} INFO - Started process (PID=13646) to work on /home/khaled/dbt-env/lib/python3.12/site-packages/airflow/example_dags/example_bash_decorator.py
[2025-10-24T15:43:01.201+0000] {processor.py:830} INFO - Processing file /home/khaled/dbt-env/lib/python3.12/site-packages/airflow/example_dags/example_bash_decorator.py for tasks to queue
[2025-10-24T15:43:01.202+0000] {logging_mixin.py:188} INFO - [2025-10-24T15:43:01.202+0000] {dagbag.py:545} INFO - Filling up the DagBag from /home/khaled/dbt-env/lib/python3.12/site-packages/airflow/example_dags/example_bash_decorator.py
[2025-10-24T15:43:01.212+0000] {processor.py:840} INFO - DAG(s) 'example_bash_decorator' retrieved from /home/khaled/dbt-env/lib/python3.12/site-packages/airflow/example_dags/example_bash_decorator.py
[2025-10-24T15:43:01.223+0000] {logging_mixin.py:188} INFO - [2025-10-24T15:43:01.223+0000] {dag.py:3089} INFO - Sync 1 DAGs
[2025-10-24T15:43:01.232+0000] {logging_mixin.py:188} INFO - [2025-10-24T15:43:01.232+0000] {dag.py:3947} INFO - Setting next_dagrun for example_bash_decorator to None, run_after=None
[2025-10-24T15:43:01.340+0000] {processor.py:183} INFO - Processing /home/khaled/dbt-env/lib/python3.12/site-packages/airflow/example_dags/example_bash_decorator.py took 0.145 seconds
[2025-10-24T15:44:08.217+0000] {processor.py:161} INFO - Started process (PID=13713) to work on /home/khaled/dbt-env/lib/python3.12/site-packages/airflow/example_dags/example_bash_decorator.py
[2025-10-24T15:44:08.218+0000] {processor.py:830} INFO - Processing file /home/khaled/dbt-env/lib/python3.12/site-packages/airflow/example_dags/example_bash_decorator.py for tasks to queue
[2025-10-24T15:44:08.219+0000] {logging_mixin.py:188} INFO - [2025-10-24T15:44:08.219+0000] {dagbag.py:545} INFO - Filling up the DagBag from /home/khaled/dbt-env/lib/python3.12/site-packages/airflow/example_dags/example_bash_decorator.py
[2025-10-24T15:44:08.230+0000] {processor.py:840} INFO - DAG(s) 'example_bash_decorator' retrieved from /home/khaled/dbt-env/lib/python3.12/site-packages/airflow/example_dags/example_bash_decorator.py
[2025-10-24T15:44:08.243+0000] {logging_mixin.py:188} INFO - [2025-10-24T15:44:08.243+0000] {dag.py:3089} INFO - Sync 1 DAGs
[2025-10-24T15:44:08.251+0000] {logging_mixin.py:188} INFO - [2025-10-24T15:44:08.251+0000] {dag.py:3947} INFO - Setting next_dagrun for example_bash_decorator to None, run_after=None
[2025-10-24T15:44:08.282+0000] {processor.py:183} INFO - Processing /home/khaled/dbt-env/lib/python3.12/site-packages/airflow/example_dags/example_bash_decorator.py took 0.070 seconds
