[2025-10-26T18:36:50.198+0000] {local_task_job_runner.py:123} INFO - ::group::Pre task execution logs
[2025-10-26T18:36:50.207+0000] {taskinstance.py:2612} INFO - Dependencies all met for dep_context=non-requeueable deps ti=<TaskInstance: dbt_full_pipeline_dag.upload_to_stage manual__2025-10-26T18:36:46.500470+00:00 [queued]>
[2025-10-26T18:36:50.212+0000] {taskinstance.py:2612} INFO - Dependencies all met for dep_context=requeueable deps ti=<TaskInstance: dbt_full_pipeline_dag.upload_to_stage manual__2025-10-26T18:36:46.500470+00:00 [queued]>
[2025-10-26T18:36:50.213+0000] {taskinstance.py:2865} INFO - Starting attempt 1 of 1
[2025-10-26T18:36:50.228+0000] {taskinstance.py:2888} INFO - Executing <Task(SnowflakeOperator): upload_to_stage> on 2025-10-26 18:36:46.500470+00:00
[2025-10-26T18:36:50.236+0000] {standard_task_runner.py:104} INFO - Running: ['airflow', 'tasks', 'run', 'dbt_full_pipeline_dag', 'upload_to_stage', 'manual__2025-10-26T18:36:46.500470+00:00', '--job-id', '54', '--raw', '--subdir', 'DAGS_FOLDER/test_dag.py', '--cfg-path', '/tmp/tmps8u87_8k']
[2025-10-26T18:36:50.237+0000] {standard_task_runner.py:105} INFO - Job 54: Subtask upload_to_stage
[2025-10-26T18:36:50.245+0000] {logging_mixin.py:190} WARNING - /home/khaled/airflow_venv/lib/python3.12/site-packages/airflow/task/task_runner/standard_task_runner.py:70 DeprecationWarning: This process (pid=4995) is multi-threaded, use of fork() may lead to deadlocks in the child.
[2025-10-26T18:36:50.246+0000] {standard_task_runner.py:72} INFO - Started process 5035 to run task
[2025-10-26T18:36:50.311+0000] {task_command.py:467} INFO - Running <TaskInstance: dbt_full_pipeline_dag.upload_to_stage manual__2025-10-26T18:36:46.500470+00:00 [running]> on host ubun
[2025-10-26T18:36:50.368+0000] {taskinstance.py:3131} INFO - Exporting env vars: AIRFLOW_CTX_DAG_OWNER='khaled' AIRFLOW_CTX_DAG_ID='dbt_full_pipeline_dag' AIRFLOW_CTX_TASK_ID='upload_to_stage' AIRFLOW_CTX_EXECUTION_DATE='2025-10-26T18:36:46.500470+00:00' AIRFLOW_CTX_TRY_NUMBER='1' AIRFLOW_CTX_DAG_RUN_ID='manual__2025-10-26T18:36:46.500470+00:00'
[2025-10-26T18:36:50.369+0000] {logging_mixin.py:190} INFO - Task instance is in running state
[2025-10-26T18:36:50.369+0000] {logging_mixin.py:190} INFO -  Previous state of the Task instance: queued
[2025-10-26T18:36:50.369+0000] {logging_mixin.py:190} INFO - Current task name:upload_to_stage state:running start_date:2025-10-26 18:36:50.207930+00:00
[2025-10-26T18:36:50.369+0000] {logging_mixin.py:190} INFO - Dag name:dbt_full_pipeline_dag and current dag run status:running
[2025-10-26T18:36:50.369+0000] {taskinstance.py:731} INFO - ::endgroup::
[2025-10-26T18:36:50.370+0000] {sql.py:266} INFO - Executing: 
        PUT file:///home/khaled/taxi_data/*.csv @taxi_stage
        OVERWRITE = TRUE;
        
[2025-10-26T18:36:50.374+0000] {taskinstance.py:3310} ERROR - Task failed with exception
Traceback (most recent call last):
  File "/home/khaled/airflow_venv/lib/python3.12/site-packages/airflow/models/taskinstance.py", line 767, in _execute_task
    result = _execute_callable(context=context, **execute_callable_kwargs)
             ^^^^^^^^^^^^^^^^^^^^^^^^^^^^^^^^^^^^^^^^^^^^^^^^^^^^^^^^^^^^^
  File "/home/khaled/airflow_venv/lib/python3.12/site-packages/airflow/models/taskinstance.py", line 733, in _execute_callable
    return ExecutionCallableRunner(
           ^^^^^^^^^^^^^^^^^^^^^^^^
  File "/home/khaled/airflow_venv/lib/python3.12/site-packages/airflow/utils/operator_helpers.py", line 252, in run
    return self.func(*args, **kwargs)
           ^^^^^^^^^^^^^^^^^^^^^^^^^^
  File "/home/khaled/airflow_venv/lib/python3.12/site-packages/airflow/models/baseoperator.py", line 406, in wrapper
    return func(self, *args, **kwargs)
           ^^^^^^^^^^^^^^^^^^^^^^^^^^^
  File "/home/khaled/airflow_venv/lib/python3.12/site-packages/airflow/providers/common/sql/operators/sql.py", line 267, in execute
    hook = self.get_db_hook()
           ^^^^^^^^^^^^^^^^^^
  File "/home/khaled/airflow_venv/lib/python3.12/site-packages/airflow/providers/common/sql/operators/sql.py", line 178, in get_db_hook
    return self._hook
           ^^^^^^^^^^
  File "/usr/lib/python3.12/functools.py", line 995, in __get__
    val = self.func(instance)
          ^^^^^^^^^^^^^^^^^^^
  File "/home/khaled/airflow_venv/lib/python3.12/site-packages/airflow/providers/common/sql/operators/sql.py", line 153, in _hook
    conn = BaseHook.get_connection(conn_id)
           ^^^^^^^^^^^^^^^^^^^^^^^^^^^^^^^^
  File "/home/khaled/airflow_venv/lib/python3.12/site-packages/airflow/hooks/base.py", line 83, in get_connection
    conn = Connection.get_connection_from_secrets(conn_id)
           ^^^^^^^^^^^^^^^^^^^^^^^^^^^^^^^^^^^^^^^^^^^^^^^
  File "/home/khaled/airflow_venv/lib/python3.12/site-packages/airflow/models/connection.py", line 537, in get_connection_from_secrets
    raise AirflowNotFoundException(f"The conn_id `{conn_id}` isn't defined")
airflow.exceptions.AirflowNotFoundException: The conn_id `snowflake_conn` isn't defined
[2025-10-26T18:36:50.382+0000] {logging_mixin.py:190} INFO - Task instance in failure state
[2025-10-26T18:36:50.382+0000] {logging_mixin.py:190} INFO - Task start:2025-10-26 18:36:50.207930+00:00 end:2025-10-26 18:36:50.382239+00:00 duration:0.174309
[2025-10-26T18:36:50.383+0000] {logging_mixin.py:190} INFO - Task:<Task(SnowflakeOperator): upload_to_stage> dag:<DAG: dbt_full_pipeline_dag> dagrun:<DagRun dbt_full_pipeline_dag @ 2025-10-26 18:36:46.500470+00:00: manual__2025-10-26T18:36:46.500470+00:00, state:running, queued_at: 2025-10-26 18:36:46.515754+00:00. externally triggered: True>
[2025-10-26T18:36:50.383+0000] {logging_mixin.py:190} INFO - Failure caused by The conn_id `snowflake_conn` isn't defined
[2025-10-26T18:36:50.383+0000] {taskinstance.py:1225} INFO - Marking task as FAILED. dag_id=dbt_full_pipeline_dag, task_id=upload_to_stage, run_id=manual__2025-10-26T18:36:46.500470+00:00, execution_date=20251026T183646, start_date=20251026T183650, end_date=20251026T183650
[2025-10-26T18:36:50.395+0000] {taskinstance.py:340} INFO - ::group::Post task execution logs
[2025-10-26T18:36:50.396+0000] {standard_task_runner.py:124} ERROR - Failed to execute job 54 for task upload_to_stage (The conn_id `snowflake_conn` isn't defined; 5035)
Traceback (most recent call last):
  File "/home/khaled/airflow_venv/lib/python3.12/site-packages/airflow/task/task_runner/standard_task_runner.py", line 117, in _start_by_fork
    ret = args.func(args, dag=self.dag)
          ^^^^^^^^^^^^^^^^^^^^^^^^^^^^^
  File "/home/khaled/airflow_venv/lib/python3.12/site-packages/airflow/cli/cli_config.py", line 49, in command
    return func(*args, **kwargs)
           ^^^^^^^^^^^^^^^^^^^^^
  File "/home/khaled/airflow_venv/lib/python3.12/site-packages/airflow/utils/cli.py", line 115, in wrapper
    return f(*args, **kwargs)
           ^^^^^^^^^^^^^^^^^^
  File "/home/khaled/airflow_venv/lib/python3.12/site-packages/airflow/cli/commands/task_command.py", line 483, in task_run
    task_return_code = _run_task_by_selected_method(args, _dag, ti)
                       ^^^^^^^^^^^^^^^^^^^^^^^^^^^^^^^^^^^^^^^^^^^^
  File "/home/khaled/airflow_venv/lib/python3.12/site-packages/airflow/cli/commands/task_command.py", line 256, in _run_task_by_selected_method
    return _run_raw_task(args, ti)
           ^^^^^^^^^^^^^^^^^^^^^^^
  File "/home/khaled/airflow_venv/lib/python3.12/site-packages/airflow/cli/commands/task_command.py", line 341, in _run_raw_task
    return ti._run_raw_task(
           ^^^^^^^^^^^^^^^^^
  File "/home/khaled/airflow_venv/lib/python3.12/site-packages/airflow/utils/session.py", line 97, in wrapper
    return func(*args, session=session, **kwargs)
           ^^^^^^^^^^^^^^^^^^^^^^^^^^^^^^^^^^^^^^
  File "/home/khaled/airflow_venv/lib/python3.12/site-packages/airflow/models/taskinstance.py", line 3004, in _run_raw_task
    return _run_raw_task(
           ^^^^^^^^^^^^^^
  File "/home/khaled/airflow_venv/lib/python3.12/site-packages/airflow/models/taskinstance.py", line 273, in _run_raw_task
    TaskInstance._execute_task_with_callbacks(
  File "/home/khaled/airflow_venv/lib/python3.12/site-packages/airflow/models/taskinstance.py", line 3158, in _execute_task_with_callbacks
    result = self._execute_task(context, task_orig)
             ^^^^^^^^^^^^^^^^^^^^^^^^^^^^^^^^^^^^^^
  File "/home/khaled/airflow_venv/lib/python3.12/site-packages/airflow/models/taskinstance.py", line 3182, in _execute_task
    return _execute_task(self, context, task_orig)
           ^^^^^^^^^^^^^^^^^^^^^^^^^^^^^^^^^^^^^^^
  File "/home/khaled/airflow_venv/lib/python3.12/site-packages/airflow/models/taskinstance.py", line 767, in _execute_task
    result = _execute_callable(context=context, **execute_callable_kwargs)
             ^^^^^^^^^^^^^^^^^^^^^^^^^^^^^^^^^^^^^^^^^^^^^^^^^^^^^^^^^^^^^
  File "/home/khaled/airflow_venv/lib/python3.12/site-packages/airflow/models/taskinstance.py", line 733, in _execute_callable
    return ExecutionCallableRunner(
           ^^^^^^^^^^^^^^^^^^^^^^^^
  File "/home/khaled/airflow_venv/lib/python3.12/site-packages/airflow/utils/operator_helpers.py", line 252, in run
    return self.func(*args, **kwargs)
           ^^^^^^^^^^^^^^^^^^^^^^^^^^
  File "/home/khaled/airflow_venv/lib/python3.12/site-packages/airflow/models/baseoperator.py", line 406, in wrapper
    return func(self, *args, **kwargs)
           ^^^^^^^^^^^^^^^^^^^^^^^^^^^
  File "/home/khaled/airflow_venv/lib/python3.12/site-packages/airflow/providers/common/sql/operators/sql.py", line 267, in execute
    hook = self.get_db_hook()
           ^^^^^^^^^^^^^^^^^^
  File "/home/khaled/airflow_venv/lib/python3.12/site-packages/airflow/providers/common/sql/operators/sql.py", line 178, in get_db_hook
    return self._hook
           ^^^^^^^^^^
  File "/usr/lib/python3.12/functools.py", line 995, in __get__
    val = self.func(instance)
          ^^^^^^^^^^^^^^^^^^^
  File "/home/khaled/airflow_venv/lib/python3.12/site-packages/airflow/providers/common/sql/operators/sql.py", line 153, in _hook
    conn = BaseHook.get_connection(conn_id)
           ^^^^^^^^^^^^^^^^^^^^^^^^^^^^^^^^
  File "/home/khaled/airflow_venv/lib/python3.12/site-packages/airflow/hooks/base.py", line 83, in get_connection
    conn = Connection.get_connection_from_secrets(conn_id)
           ^^^^^^^^^^^^^^^^^^^^^^^^^^^^^^^^^^^^^^^^^^^^^^^
  File "/home/khaled/airflow_venv/lib/python3.12/site-packages/airflow/models/connection.py", line 537, in get_connection_from_secrets
    raise AirflowNotFoundException(f"The conn_id `{conn_id}` isn't defined")
airflow.exceptions.AirflowNotFoundException: The conn_id `snowflake_conn` isn't defined
[2025-10-26T18:36:50.451+0000] {local_task_job_runner.py:266} INFO - Task exited with return code 1
[2025-10-26T18:36:50.462+0000] {logging_mixin.py:190} WARNING - /home/khaled/airflow_venv/lib/python3.12/site-packages/airflow/models/baseoperator.py:1378 AirflowProviderDeprecationWarning: Call to deprecated class SnowflakeOperator. (This class is deprecated. Please use `airflow.providers.common.sql.operators.sql.SQLExecuteQueryOperator`. Also, you can provide `hook_params={'warehouse': <warehouse>, 'database': <database>, 'role': <role>, 'schema': <schema>, 'authenticator': <authenticator>,'session_parameters': <session_parameters>}`.)
[2025-10-26T18:36:50.475+0000] {taskinstance.py:3900} INFO - 0 downstream tasks scheduled from follow-on schedule check
[2025-10-26T18:36:50.485+0000] {local_task_job_runner.py:245} INFO - ::endgroup::
