[2025-10-24T14:20:40.044+0000] {processor.py:161} INFO - Started process (PID=7026) to work on /home/khaled/dbt-env/lib/python3.12/site-packages/airflow/example_dags/plugins/event_listener.py
[2025-10-24T14:20:40.045+0000] {processor.py:830} INFO - Processing file /home/khaled/dbt-env/lib/python3.12/site-packages/airflow/example_dags/plugins/event_listener.py for tasks to queue
[2025-10-24T14:20:40.047+0000] {logging_mixin.py:188} INFO - [2025-10-24T14:20:40.046+0000] {dagbag.py:545} INFO - Filling up the DagBag from /home/khaled/dbt-env/lib/python3.12/site-packages/airflow/example_dags/plugins/event_listener.py
[2025-10-24T14:20:40.049+0000] {processor.py:842} WARNING - No viable dags retrieved from /home/khaled/dbt-env/lib/python3.12/site-packages/airflow/example_dags/plugins/event_listener.py
[2025-10-24T14:20:40.060+0000] {processor.py:183} INFO - Processing /home/khaled/dbt-env/lib/python3.12/site-packages/airflow/example_dags/plugins/event_listener.py took 0.020 seconds
[2025-10-24T14:21:36.260+0000] {processor.py:161} INFO - Started process (PID=7186) to work on /home/khaled/dbt-env/lib/python3.12/site-packages/airflow/example_dags/plugins/event_listener.py
[2025-10-24T14:21:36.261+0000] {processor.py:830} INFO - Processing file /home/khaled/dbt-env/lib/python3.12/site-packages/airflow/example_dags/plugins/event_listener.py for tasks to queue
[2025-10-24T14:21:36.263+0000] {logging_mixin.py:188} INFO - [2025-10-24T14:21:36.263+0000] {dagbag.py:545} INFO - Filling up the DagBag from /home/khaled/dbt-env/lib/python3.12/site-packages/airflow/example_dags/plugins/event_listener.py
[2025-10-24T14:21:36.265+0000] {processor.py:842} WARNING - No viable dags retrieved from /home/khaled/dbt-env/lib/python3.12/site-packages/airflow/example_dags/plugins/event_listener.py
[2025-10-24T14:21:36.280+0000] {processor.py:183} INFO - Processing /home/khaled/dbt-env/lib/python3.12/site-packages/airflow/example_dags/plugins/event_listener.py took 0.024 seconds
[2025-10-24T14:22:28.461+0000] {processor.py:161} INFO - Started process (PID=7299) to work on /home/khaled/dbt-env/lib/python3.12/site-packages/airflow/example_dags/plugins/event_listener.py
[2025-10-24T14:22:28.466+0000] {processor.py:830} INFO - Processing file /home/khaled/dbt-env/lib/python3.12/site-packages/airflow/example_dags/plugins/event_listener.py for tasks to queue
[2025-10-24T14:22:28.468+0000] {logging_mixin.py:188} INFO - [2025-10-24T14:22:28.468+0000] {dagbag.py:545} INFO - Filling up the DagBag from /home/khaled/dbt-env/lib/python3.12/site-packages/airflow/example_dags/plugins/event_listener.py
[2025-10-24T14:22:28.472+0000] {processor.py:842} WARNING - No viable dags retrieved from /home/khaled/dbt-env/lib/python3.12/site-packages/airflow/example_dags/plugins/event_listener.py
[2025-10-24T14:22:28.485+0000] {processor.py:183} INFO - Processing /home/khaled/dbt-env/lib/python3.12/site-packages/airflow/example_dags/plugins/event_listener.py took 0.031 seconds
[2025-10-24T14:23:15.174+0000] {processor.py:161} INFO - Started process (PID=7361) to work on /home/khaled/dbt-env/lib/python3.12/site-packages/airflow/example_dags/plugins/event_listener.py
[2025-10-24T14:23:15.175+0000] {processor.py:830} INFO - Processing file /home/khaled/dbt-env/lib/python3.12/site-packages/airflow/example_dags/plugins/event_listener.py for tasks to queue
[2025-10-24T14:23:15.176+0000] {logging_mixin.py:188} INFO - [2025-10-24T14:23:15.176+0000] {dagbag.py:545} INFO - Filling up the DagBag from /home/khaled/dbt-env/lib/python3.12/site-packages/airflow/example_dags/plugins/event_listener.py
[2025-10-24T14:23:15.178+0000] {processor.py:842} WARNING - No viable dags retrieved from /home/khaled/dbt-env/lib/python3.12/site-packages/airflow/example_dags/plugins/event_listener.py
[2025-10-24T14:23:15.186+0000] {processor.py:183} INFO - Processing /home/khaled/dbt-env/lib/python3.12/site-packages/airflow/example_dags/plugins/event_listener.py took 0.016 seconds
[2025-10-24T14:24:08.422+0000] {processor.py:161} INFO - Started process (PID=7416) to work on /home/khaled/dbt-env/lib/python3.12/site-packages/airflow/example_dags/plugins/event_listener.py
[2025-10-24T14:24:08.423+0000] {processor.py:830} INFO - Processing file /home/khaled/dbt-env/lib/python3.12/site-packages/airflow/example_dags/plugins/event_listener.py for tasks to queue
[2025-10-24T14:24:08.425+0000] {logging_mixin.py:188} INFO - [2025-10-24T14:24:08.424+0000] {dagbag.py:545} INFO - Filling up the DagBag from /home/khaled/dbt-env/lib/python3.12/site-packages/airflow/example_dags/plugins/event_listener.py
[2025-10-24T14:24:08.426+0000] {processor.py:842} WARNING - No viable dags retrieved from /home/khaled/dbt-env/lib/python3.12/site-packages/airflow/example_dags/plugins/event_listener.py
[2025-10-24T14:24:08.434+0000] {processor.py:183} INFO - Processing /home/khaled/dbt-env/lib/python3.12/site-packages/airflow/example_dags/plugins/event_listener.py took 0.016 seconds
[2025-10-24T14:25:05.654+0000] {processor.py:161} INFO - Started process (PID=7478) to work on /home/khaled/dbt-env/lib/python3.12/site-packages/airflow/example_dags/plugins/event_listener.py
[2025-10-24T14:25:05.655+0000] {processor.py:830} INFO - Processing file /home/khaled/dbt-env/lib/python3.12/site-packages/airflow/example_dags/plugins/event_listener.py for tasks to queue
[2025-10-24T14:25:05.657+0000] {logging_mixin.py:188} INFO - [2025-10-24T14:25:05.656+0000] {dagbag.py:545} INFO - Filling up the DagBag from /home/khaled/dbt-env/lib/python3.12/site-packages/airflow/example_dags/plugins/event_listener.py
[2025-10-24T14:25:05.658+0000] {processor.py:842} WARNING - No viable dags retrieved from /home/khaled/dbt-env/lib/python3.12/site-packages/airflow/example_dags/plugins/event_listener.py
[2025-10-24T14:25:05.665+0000] {processor.py:183} INFO - Processing /home/khaled/dbt-env/lib/python3.12/site-packages/airflow/example_dags/plugins/event_listener.py took 0.015 seconds
[2025-10-24T14:26:03.130+0000] {processor.py:161} INFO - Started process (PID=7655) to work on /home/khaled/dbt-env/lib/python3.12/site-packages/airflow/example_dags/plugins/event_listener.py
[2025-10-24T14:26:03.131+0000] {processor.py:830} INFO - Processing file /home/khaled/dbt-env/lib/python3.12/site-packages/airflow/example_dags/plugins/event_listener.py for tasks to queue
[2025-10-24T14:26:03.132+0000] {logging_mixin.py:188} INFO - [2025-10-24T14:26:03.132+0000] {dagbag.py:545} INFO - Filling up the DagBag from /home/khaled/dbt-env/lib/python3.12/site-packages/airflow/example_dags/plugins/event_listener.py
[2025-10-24T14:26:03.134+0000] {processor.py:842} WARNING - No viable dags retrieved from /home/khaled/dbt-env/lib/python3.12/site-packages/airflow/example_dags/plugins/event_listener.py
[2025-10-24T14:26:03.146+0000] {processor.py:183} INFO - Processing /home/khaled/dbt-env/lib/python3.12/site-packages/airflow/example_dags/plugins/event_listener.py took 0.022 seconds
[2025-10-24T14:26:59.312+0000] {processor.py:161} INFO - Started process (PID=7812) to work on /home/khaled/dbt-env/lib/python3.12/site-packages/airflow/example_dags/plugins/event_listener.py
[2025-10-24T14:26:59.313+0000] {processor.py:830} INFO - Processing file /home/khaled/dbt-env/lib/python3.12/site-packages/airflow/example_dags/plugins/event_listener.py for tasks to queue
[2025-10-24T14:26:59.314+0000] {logging_mixin.py:188} INFO - [2025-10-24T14:26:59.314+0000] {dagbag.py:545} INFO - Filling up the DagBag from /home/khaled/dbt-env/lib/python3.12/site-packages/airflow/example_dags/plugins/event_listener.py
[2025-10-24T14:26:59.316+0000] {processor.py:842} WARNING - No viable dags retrieved from /home/khaled/dbt-env/lib/python3.12/site-packages/airflow/example_dags/plugins/event_listener.py
[2025-10-24T14:26:59.323+0000] {processor.py:183} INFO - Processing /home/khaled/dbt-env/lib/python3.12/site-packages/airflow/example_dags/plugins/event_listener.py took 0.017 seconds
[2025-10-24T14:27:55.604+0000] {processor.py:161} INFO - Started process (PID=7924) to work on /home/khaled/dbt-env/lib/python3.12/site-packages/airflow/example_dags/plugins/event_listener.py
[2025-10-24T14:27:55.617+0000] {processor.py:830} INFO - Processing file /home/khaled/dbt-env/lib/python3.12/site-packages/airflow/example_dags/plugins/event_listener.py for tasks to queue
[2025-10-24T14:27:55.625+0000] {logging_mixin.py:188} INFO - [2025-10-24T14:27:55.623+0000] {dagbag.py:545} INFO - Filling up the DagBag from /home/khaled/dbt-env/lib/python3.12/site-packages/airflow/example_dags/plugins/event_listener.py
[2025-10-24T14:27:55.633+0000] {processor.py:842} WARNING - No viable dags retrieved from /home/khaled/dbt-env/lib/python3.12/site-packages/airflow/example_dags/plugins/event_listener.py
[2025-10-24T14:27:55.651+0000] {processor.py:183} INFO - Processing /home/khaled/dbt-env/lib/python3.12/site-packages/airflow/example_dags/plugins/event_listener.py took 0.054 seconds
[2025-10-24T14:28:58.216+0000] {processor.py:161} INFO - Started process (PID=8248) to work on /home/khaled/dbt-env/lib/python3.12/site-packages/airflow/example_dags/plugins/event_listener.py
[2025-10-24T14:28:58.227+0000] {processor.py:830} INFO - Processing file /home/khaled/dbt-env/lib/python3.12/site-packages/airflow/example_dags/plugins/event_listener.py for tasks to queue
[2025-10-24T14:28:58.229+0000] {logging_mixin.py:188} INFO - [2025-10-24T14:28:58.228+0000] {dagbag.py:545} INFO - Filling up the DagBag from /home/khaled/dbt-env/lib/python3.12/site-packages/airflow/example_dags/plugins/event_listener.py
[2025-10-24T14:28:58.230+0000] {processor.py:842} WARNING - No viable dags retrieved from /home/khaled/dbt-env/lib/python3.12/site-packages/airflow/example_dags/plugins/event_listener.py
[2025-10-24T14:28:58.248+0000] {processor.py:183} INFO - Processing /home/khaled/dbt-env/lib/python3.12/site-packages/airflow/example_dags/plugins/event_listener.py took 0.036 seconds
[2025-10-24T14:29:56.486+0000] {processor.py:161} INFO - Started process (PID=8451) to work on /home/khaled/dbt-env/lib/python3.12/site-packages/airflow/example_dags/plugins/event_listener.py
[2025-10-24T14:29:56.488+0000] {processor.py:830} INFO - Processing file /home/khaled/dbt-env/lib/python3.12/site-packages/airflow/example_dags/plugins/event_listener.py for tasks to queue
[2025-10-24T14:29:56.490+0000] {logging_mixin.py:188} INFO - [2025-10-24T14:29:56.489+0000] {dagbag.py:545} INFO - Filling up the DagBag from /home/khaled/dbt-env/lib/python3.12/site-packages/airflow/example_dags/plugins/event_listener.py
[2025-10-24T14:29:56.491+0000] {processor.py:842} WARNING - No viable dags retrieved from /home/khaled/dbt-env/lib/python3.12/site-packages/airflow/example_dags/plugins/event_listener.py
[2025-10-24T14:29:56.499+0000] {processor.py:183} INFO - Processing /home/khaled/dbt-env/lib/python3.12/site-packages/airflow/example_dags/plugins/event_listener.py took 0.017 seconds
[2025-10-24T14:30:52.663+0000] {processor.py:161} INFO - Started process (PID=8620) to work on /home/khaled/dbt-env/lib/python3.12/site-packages/airflow/example_dags/plugins/event_listener.py
[2025-10-24T14:30:52.664+0000] {processor.py:830} INFO - Processing file /home/khaled/dbt-env/lib/python3.12/site-packages/airflow/example_dags/plugins/event_listener.py for tasks to queue
[2025-10-24T14:30:52.665+0000] {logging_mixin.py:188} INFO - [2025-10-24T14:30:52.665+0000] {dagbag.py:545} INFO - Filling up the DagBag from /home/khaled/dbt-env/lib/python3.12/site-packages/airflow/example_dags/plugins/event_listener.py
[2025-10-24T14:30:52.667+0000] {processor.py:842} WARNING - No viable dags retrieved from /home/khaled/dbt-env/lib/python3.12/site-packages/airflow/example_dags/plugins/event_listener.py
[2025-10-24T14:30:52.674+0000] {processor.py:183} INFO - Processing /home/khaled/dbt-env/lib/python3.12/site-packages/airflow/example_dags/plugins/event_listener.py took 0.015 seconds
[2025-10-24T14:31:57.257+0000] {processor.py:161} INFO - Started process (PID=8683) to work on /home/khaled/dbt-env/lib/python3.12/site-packages/airflow/example_dags/plugins/event_listener.py
[2025-10-24T14:31:57.258+0000] {processor.py:830} INFO - Processing file /home/khaled/dbt-env/lib/python3.12/site-packages/airflow/example_dags/plugins/event_listener.py for tasks to queue
[2025-10-24T14:31:57.260+0000] {logging_mixin.py:188} INFO - [2025-10-24T14:31:57.260+0000] {dagbag.py:545} INFO - Filling up the DagBag from /home/khaled/dbt-env/lib/python3.12/site-packages/airflow/example_dags/plugins/event_listener.py
[2025-10-24T14:31:57.261+0000] {processor.py:842} WARNING - No viable dags retrieved from /home/khaled/dbt-env/lib/python3.12/site-packages/airflow/example_dags/plugins/event_listener.py
[2025-10-24T14:31:57.271+0000] {processor.py:183} INFO - Processing /home/khaled/dbt-env/lib/python3.12/site-packages/airflow/example_dags/plugins/event_listener.py took 0.019 seconds
[2025-10-24T14:33:04.608+0000] {processor.py:161} INFO - Started process (PID=8750) to work on /home/khaled/dbt-env/lib/python3.12/site-packages/airflow/example_dags/plugins/event_listener.py
[2025-10-24T14:33:04.609+0000] {processor.py:830} INFO - Processing file /home/khaled/dbt-env/lib/python3.12/site-packages/airflow/example_dags/plugins/event_listener.py for tasks to queue
[2025-10-24T14:33:04.611+0000] {logging_mixin.py:188} INFO - [2025-10-24T14:33:04.610+0000] {dagbag.py:545} INFO - Filling up the DagBag from /home/khaled/dbt-env/lib/python3.12/site-packages/airflow/example_dags/plugins/event_listener.py
[2025-10-24T14:33:04.613+0000] {processor.py:842} WARNING - No viable dags retrieved from /home/khaled/dbt-env/lib/python3.12/site-packages/airflow/example_dags/plugins/event_listener.py
[2025-10-24T14:33:04.619+0000] {processor.py:183} INFO - Processing /home/khaled/dbt-env/lib/python3.12/site-packages/airflow/example_dags/plugins/event_listener.py took 0.018 seconds
[2025-10-24T14:33:44.905+0000] {processor.py:161} INFO - Started process (PID=8783) to work on /home/khaled/dbt-env/lib/python3.12/site-packages/airflow/example_dags/plugins/event_listener.py
[2025-10-24T14:33:44.907+0000] {processor.py:830} INFO - Processing file /home/khaled/dbt-env/lib/python3.12/site-packages/airflow/example_dags/plugins/event_listener.py for tasks to queue
[2025-10-24T14:33:44.909+0000] {logging_mixin.py:188} INFO - [2025-10-24T14:33:44.908+0000] {dagbag.py:545} INFO - Filling up the DagBag from /home/khaled/dbt-env/lib/python3.12/site-packages/airflow/example_dags/plugins/event_listener.py
[2025-10-24T14:33:44.910+0000] {processor.py:842} WARNING - No viable dags retrieved from /home/khaled/dbt-env/lib/python3.12/site-packages/airflow/example_dags/plugins/event_listener.py
[2025-10-24T14:33:44.917+0000] {processor.py:183} INFO - Processing /home/khaled/dbt-env/lib/python3.12/site-packages/airflow/example_dags/plugins/event_listener.py took 0.015 seconds
[2025-10-24T14:34:22.629+0000] {processor.py:161} INFO - Started process (PID=8823) to work on /home/khaled/dbt-env/lib/python3.12/site-packages/airflow/example_dags/plugins/event_listener.py
[2025-10-24T14:34:22.630+0000] {processor.py:830} INFO - Processing file /home/khaled/dbt-env/lib/python3.12/site-packages/airflow/example_dags/plugins/event_listener.py for tasks to queue
[2025-10-24T14:34:22.631+0000] {logging_mixin.py:188} INFO - [2025-10-24T14:34:22.631+0000] {dagbag.py:545} INFO - Filling up the DagBag from /home/khaled/dbt-env/lib/python3.12/site-packages/airflow/example_dags/plugins/event_listener.py
[2025-10-24T14:34:22.633+0000] {processor.py:842} WARNING - No viable dags retrieved from /home/khaled/dbt-env/lib/python3.12/site-packages/airflow/example_dags/plugins/event_listener.py
[2025-10-24T14:34:22.641+0000] {processor.py:183} INFO - Processing /home/khaled/dbt-env/lib/python3.12/site-packages/airflow/example_dags/plugins/event_listener.py took 0.017 seconds
[2025-10-24T14:35:21.023+0000] {processor.py:161} INFO - Started process (PID=8906) to work on /home/khaled/dbt-env/lib/python3.12/site-packages/airflow/example_dags/plugins/event_listener.py
[2025-10-24T14:35:21.025+0000] {processor.py:830} INFO - Processing file /home/khaled/dbt-env/lib/python3.12/site-packages/airflow/example_dags/plugins/event_listener.py for tasks to queue
[2025-10-24T14:35:21.026+0000] {logging_mixin.py:188} INFO - [2025-10-24T14:35:21.026+0000] {dagbag.py:545} INFO - Filling up the DagBag from /home/khaled/dbt-env/lib/python3.12/site-packages/airflow/example_dags/plugins/event_listener.py
[2025-10-24T14:35:21.027+0000] {processor.py:842} WARNING - No viable dags retrieved from /home/khaled/dbt-env/lib/python3.12/site-packages/airflow/example_dags/plugins/event_listener.py
[2025-10-24T14:35:21.035+0000] {processor.py:183} INFO - Processing /home/khaled/dbt-env/lib/python3.12/site-packages/airflow/example_dags/plugins/event_listener.py took 0.016 seconds
[2025-10-24T14:36:17.886+0000] {processor.py:161} INFO - Started process (PID=8995) to work on /home/khaled/dbt-env/lib/python3.12/site-packages/airflow/example_dags/plugins/event_listener.py
[2025-10-24T14:36:17.888+0000] {processor.py:830} INFO - Processing file /home/khaled/dbt-env/lib/python3.12/site-packages/airflow/example_dags/plugins/event_listener.py for tasks to queue
[2025-10-24T14:36:17.889+0000] {logging_mixin.py:188} INFO - [2025-10-24T14:36:17.888+0000] {dagbag.py:545} INFO - Filling up the DagBag from /home/khaled/dbt-env/lib/python3.12/site-packages/airflow/example_dags/plugins/event_listener.py
[2025-10-24T14:36:17.890+0000] {processor.py:842} WARNING - No viable dags retrieved from /home/khaled/dbt-env/lib/python3.12/site-packages/airflow/example_dags/plugins/event_listener.py
[2025-10-24T14:36:17.898+0000] {processor.py:183} INFO - Processing /home/khaled/dbt-env/lib/python3.12/site-packages/airflow/example_dags/plugins/event_listener.py took 0.016 seconds
[2025-10-24T14:37:18.667+0000] {processor.py:161} INFO - Started process (PID=9055) to work on /home/khaled/dbt-env/lib/python3.12/site-packages/airflow/example_dags/plugins/event_listener.py
[2025-10-24T14:37:18.668+0000] {processor.py:830} INFO - Processing file /home/khaled/dbt-env/lib/python3.12/site-packages/airflow/example_dags/plugins/event_listener.py for tasks to queue
[2025-10-24T14:37:18.669+0000] {logging_mixin.py:188} INFO - [2025-10-24T14:37:18.669+0000] {dagbag.py:545} INFO - Filling up the DagBag from /home/khaled/dbt-env/lib/python3.12/site-packages/airflow/example_dags/plugins/event_listener.py
[2025-10-24T14:37:18.671+0000] {processor.py:842} WARNING - No viable dags retrieved from /home/khaled/dbt-env/lib/python3.12/site-packages/airflow/example_dags/plugins/event_listener.py
[2025-10-24T14:37:18.677+0000] {processor.py:183} INFO - Processing /home/khaled/dbt-env/lib/python3.12/site-packages/airflow/example_dags/plugins/event_listener.py took 0.015 seconds
[2025-10-24T14:37:56.132+0000] {processor.py:161} INFO - Started process (PID=9090) to work on /home/khaled/dbt-env/lib/python3.12/site-packages/airflow/example_dags/plugins/event_listener.py
[2025-10-24T14:37:56.133+0000] {processor.py:830} INFO - Processing file /home/khaled/dbt-env/lib/python3.12/site-packages/airflow/example_dags/plugins/event_listener.py for tasks to queue
[2025-10-24T14:37:56.134+0000] {logging_mixin.py:188} INFO - [2025-10-24T14:37:56.134+0000] {dagbag.py:545} INFO - Filling up the DagBag from /home/khaled/dbt-env/lib/python3.12/site-packages/airflow/example_dags/plugins/event_listener.py
[2025-10-24T14:37:56.135+0000] {processor.py:842} WARNING - No viable dags retrieved from /home/khaled/dbt-env/lib/python3.12/site-packages/airflow/example_dags/plugins/event_listener.py
[2025-10-24T14:37:56.142+0000] {processor.py:183} INFO - Processing /home/khaled/dbt-env/lib/python3.12/site-packages/airflow/example_dags/plugins/event_listener.py took 0.015 seconds
[2025-10-24T14:38:48.160+0000] {processor.py:161} INFO - Started process (PID=9148) to work on /home/khaled/dbt-env/lib/python3.12/site-packages/airflow/example_dags/plugins/event_listener.py
[2025-10-24T14:38:48.161+0000] {processor.py:830} INFO - Processing file /home/khaled/dbt-env/lib/python3.12/site-packages/airflow/example_dags/plugins/event_listener.py for tasks to queue
[2025-10-24T14:38:48.163+0000] {logging_mixin.py:188} INFO - [2025-10-24T14:38:48.162+0000] {dagbag.py:545} INFO - Filling up the DagBag from /home/khaled/dbt-env/lib/python3.12/site-packages/airflow/example_dags/plugins/event_listener.py
[2025-10-24T14:38:48.164+0000] {processor.py:842} WARNING - No viable dags retrieved from /home/khaled/dbt-env/lib/python3.12/site-packages/airflow/example_dags/plugins/event_listener.py
[2025-10-24T14:38:48.172+0000] {processor.py:183} INFO - Processing /home/khaled/dbt-env/lib/python3.12/site-packages/airflow/example_dags/plugins/event_listener.py took 0.017 seconds
[2025-10-24T14:39:41.926+0000] {processor.py:161} INFO - Started process (PID=9207) to work on /home/khaled/dbt-env/lib/python3.12/site-packages/airflow/example_dags/plugins/event_listener.py
[2025-10-24T14:39:41.927+0000] {processor.py:830} INFO - Processing file /home/khaled/dbt-env/lib/python3.12/site-packages/airflow/example_dags/plugins/event_listener.py for tasks to queue
[2025-10-24T14:39:41.928+0000] {logging_mixin.py:188} INFO - [2025-10-24T14:39:41.928+0000] {dagbag.py:545} INFO - Filling up the DagBag from /home/khaled/dbt-env/lib/python3.12/site-packages/airflow/example_dags/plugins/event_listener.py
[2025-10-24T14:39:41.929+0000] {processor.py:842} WARNING - No viable dags retrieved from /home/khaled/dbt-env/lib/python3.12/site-packages/airflow/example_dags/plugins/event_listener.py
[2025-10-24T14:39:41.936+0000] {processor.py:183} INFO - Processing /home/khaled/dbt-env/lib/python3.12/site-packages/airflow/example_dags/plugins/event_listener.py took 0.015 seconds
[2025-10-24T14:40:38.996+0000] {processor.py:161} INFO - Started process (PID=9304) to work on /home/khaled/dbt-env/lib/python3.12/site-packages/airflow/example_dags/plugins/event_listener.py
[2025-10-24T14:40:38.997+0000] {processor.py:830} INFO - Processing file /home/khaled/dbt-env/lib/python3.12/site-packages/airflow/example_dags/plugins/event_listener.py for tasks to queue
[2025-10-24T14:40:38.998+0000] {logging_mixin.py:188} INFO - [2025-10-24T14:40:38.998+0000] {dagbag.py:545} INFO - Filling up the DagBag from /home/khaled/dbt-env/lib/python3.12/site-packages/airflow/example_dags/plugins/event_listener.py
[2025-10-24T14:40:39.000+0000] {processor.py:842} WARNING - No viable dags retrieved from /home/khaled/dbt-env/lib/python3.12/site-packages/airflow/example_dags/plugins/event_listener.py
[2025-10-24T14:40:39.008+0000] {processor.py:183} INFO - Processing /home/khaled/dbt-env/lib/python3.12/site-packages/airflow/example_dags/plugins/event_listener.py took 0.017 seconds
[2025-10-24T14:41:34.956+0000] {processor.py:161} INFO - Started process (PID=9364) to work on /home/khaled/dbt-env/lib/python3.12/site-packages/airflow/example_dags/plugins/event_listener.py
[2025-10-24T14:41:34.957+0000] {processor.py:830} INFO - Processing file /home/khaled/dbt-env/lib/python3.12/site-packages/airflow/example_dags/plugins/event_listener.py for tasks to queue
[2025-10-24T14:41:34.959+0000] {logging_mixin.py:188} INFO - [2025-10-24T14:41:34.958+0000] {dagbag.py:545} INFO - Filling up the DagBag from /home/khaled/dbt-env/lib/python3.12/site-packages/airflow/example_dags/plugins/event_listener.py
[2025-10-24T14:41:34.961+0000] {processor.py:842} WARNING - No viable dags retrieved from /home/khaled/dbt-env/lib/python3.12/site-packages/airflow/example_dags/plugins/event_listener.py
[2025-10-24T14:41:34.968+0000] {processor.py:183} INFO - Processing /home/khaled/dbt-env/lib/python3.12/site-packages/airflow/example_dags/plugins/event_listener.py took 0.016 seconds
[2025-10-24T14:42:40.115+0000] {processor.py:161} INFO - Started process (PID=9434) to work on /home/khaled/dbt-env/lib/python3.12/site-packages/airflow/example_dags/plugins/event_listener.py
[2025-10-24T14:42:40.117+0000] {processor.py:830} INFO - Processing file /home/khaled/dbt-env/lib/python3.12/site-packages/airflow/example_dags/plugins/event_listener.py for tasks to queue
[2025-10-24T14:42:40.118+0000] {logging_mixin.py:188} INFO - [2025-10-24T14:42:40.117+0000] {dagbag.py:545} INFO - Filling up the DagBag from /home/khaled/dbt-env/lib/python3.12/site-packages/airflow/example_dags/plugins/event_listener.py
[2025-10-24T14:42:40.119+0000] {processor.py:842} WARNING - No viable dags retrieved from /home/khaled/dbt-env/lib/python3.12/site-packages/airflow/example_dags/plugins/event_listener.py
[2025-10-24T14:42:40.126+0000] {processor.py:183} INFO - Processing /home/khaled/dbt-env/lib/python3.12/site-packages/airflow/example_dags/plugins/event_listener.py took 0.015 seconds
[2025-10-24T14:43:40.999+0000] {processor.py:161} INFO - Started process (PID=9496) to work on /home/khaled/dbt-env/lib/python3.12/site-packages/airflow/example_dags/plugins/event_listener.py
[2025-10-24T14:43:41.010+0000] {processor.py:830} INFO - Processing file /home/khaled/dbt-env/lib/python3.12/site-packages/airflow/example_dags/plugins/event_listener.py for tasks to queue
[2025-10-24T14:43:41.012+0000] {logging_mixin.py:188} INFO - [2025-10-24T14:43:41.011+0000] {dagbag.py:545} INFO - Filling up the DagBag from /home/khaled/dbt-env/lib/python3.12/site-packages/airflow/example_dags/plugins/event_listener.py
[2025-10-24T14:43:41.013+0000] {processor.py:842} WARNING - No viable dags retrieved from /home/khaled/dbt-env/lib/python3.12/site-packages/airflow/example_dags/plugins/event_listener.py
[2025-10-24T14:43:41.020+0000] {processor.py:183} INFO - Processing /home/khaled/dbt-env/lib/python3.12/site-packages/airflow/example_dags/plugins/event_listener.py took 0.025 seconds
[2025-10-24T14:44:36.086+0000] {processor.py:161} INFO - Started process (PID=9555) to work on /home/khaled/dbt-env/lib/python3.12/site-packages/airflow/example_dags/plugins/event_listener.py
[2025-10-24T14:44:36.088+0000] {processor.py:830} INFO - Processing file /home/khaled/dbt-env/lib/python3.12/site-packages/airflow/example_dags/plugins/event_listener.py for tasks to queue
[2025-10-24T14:44:36.089+0000] {logging_mixin.py:188} INFO - [2025-10-24T14:44:36.089+0000] {dagbag.py:545} INFO - Filling up the DagBag from /home/khaled/dbt-env/lib/python3.12/site-packages/airflow/example_dags/plugins/event_listener.py
[2025-10-24T14:44:36.091+0000] {processor.py:842} WARNING - No viable dags retrieved from /home/khaled/dbt-env/lib/python3.12/site-packages/airflow/example_dags/plugins/event_listener.py
[2025-10-24T14:44:36.099+0000] {processor.py:183} INFO - Processing /home/khaled/dbt-env/lib/python3.12/site-packages/airflow/example_dags/plugins/event_listener.py took 0.018 seconds
[2025-10-24T14:45:11.465+0000] {processor.py:161} INFO - Started process (PID=9597) to work on /home/khaled/dbt-env/lib/python3.12/site-packages/airflow/example_dags/plugins/event_listener.py
[2025-10-24T14:45:11.466+0000] {processor.py:830} INFO - Processing file /home/khaled/dbt-env/lib/python3.12/site-packages/airflow/example_dags/plugins/event_listener.py for tasks to queue
[2025-10-24T14:45:11.468+0000] {logging_mixin.py:188} INFO - [2025-10-24T14:45:11.467+0000] {dagbag.py:545} INFO - Filling up the DagBag from /home/khaled/dbt-env/lib/python3.12/site-packages/airflow/example_dags/plugins/event_listener.py
[2025-10-24T14:45:11.469+0000] {processor.py:842} WARNING - No viable dags retrieved from /home/khaled/dbt-env/lib/python3.12/site-packages/airflow/example_dags/plugins/event_listener.py
[2025-10-24T14:45:11.476+0000] {processor.py:183} INFO - Processing /home/khaled/dbt-env/lib/python3.12/site-packages/airflow/example_dags/plugins/event_listener.py took 0.015 seconds
[2025-10-24T14:46:15.267+0000] {processor.py:161} INFO - Started process (PID=9686) to work on /home/khaled/dbt-env/lib/python3.12/site-packages/airflow/example_dags/plugins/event_listener.py
[2025-10-24T14:46:15.268+0000] {processor.py:830} INFO - Processing file /home/khaled/dbt-env/lib/python3.12/site-packages/airflow/example_dags/plugins/event_listener.py for tasks to queue
[2025-10-24T14:46:15.269+0000] {logging_mixin.py:188} INFO - [2025-10-24T14:46:15.269+0000] {dagbag.py:545} INFO - Filling up the DagBag from /home/khaled/dbt-env/lib/python3.12/site-packages/airflow/example_dags/plugins/event_listener.py
[2025-10-24T14:46:15.271+0000] {processor.py:842} WARNING - No viable dags retrieved from /home/khaled/dbt-env/lib/python3.12/site-packages/airflow/example_dags/plugins/event_listener.py
[2025-10-24T14:46:15.278+0000] {processor.py:183} INFO - Processing /home/khaled/dbt-env/lib/python3.12/site-packages/airflow/example_dags/plugins/event_listener.py took 0.017 seconds
[2025-10-24T14:47:14.098+0000] {processor.py:161} INFO - Started process (PID=9748) to work on /home/khaled/dbt-env/lib/python3.12/site-packages/airflow/example_dags/plugins/event_listener.py
[2025-10-24T14:47:14.099+0000] {processor.py:830} INFO - Processing file /home/khaled/dbt-env/lib/python3.12/site-packages/airflow/example_dags/plugins/event_listener.py for tasks to queue
[2025-10-24T14:47:14.101+0000] {logging_mixin.py:188} INFO - [2025-10-24T14:47:14.101+0000] {dagbag.py:545} INFO - Filling up the DagBag from /home/khaled/dbt-env/lib/python3.12/site-packages/airflow/example_dags/plugins/event_listener.py
[2025-10-24T14:47:14.103+0000] {processor.py:842} WARNING - No viable dags retrieved from /home/khaled/dbt-env/lib/python3.12/site-packages/airflow/example_dags/plugins/event_listener.py
[2025-10-24T14:47:14.110+0000] {processor.py:183} INFO - Processing /home/khaled/dbt-env/lib/python3.12/site-packages/airflow/example_dags/plugins/event_listener.py took 0.016 seconds
[2025-10-24T14:47:54.182+0000] {processor.py:161} INFO - Started process (PID=9782) to work on /home/khaled/dbt-env/lib/python3.12/site-packages/airflow/example_dags/plugins/event_listener.py
[2025-10-24T14:47:54.183+0000] {processor.py:830} INFO - Processing file /home/khaled/dbt-env/lib/python3.12/site-packages/airflow/example_dags/plugins/event_listener.py for tasks to queue
[2025-10-24T14:47:54.184+0000] {logging_mixin.py:188} INFO - [2025-10-24T14:47:54.184+0000] {dagbag.py:545} INFO - Filling up the DagBag from /home/khaled/dbt-env/lib/python3.12/site-packages/airflow/example_dags/plugins/event_listener.py
[2025-10-24T14:47:54.186+0000] {processor.py:842} WARNING - No viable dags retrieved from /home/khaled/dbt-env/lib/python3.12/site-packages/airflow/example_dags/plugins/event_listener.py
[2025-10-24T14:47:54.193+0000] {processor.py:183} INFO - Processing /home/khaled/dbt-env/lib/python3.12/site-packages/airflow/example_dags/plugins/event_listener.py took 0.016 seconds
[2025-10-24T14:48:57.476+0000] {processor.py:161} INFO - Started process (PID=9853) to work on /home/khaled/dbt-env/lib/python3.12/site-packages/airflow/example_dags/plugins/event_listener.py
[2025-10-24T14:48:57.478+0000] {processor.py:830} INFO - Processing file /home/khaled/dbt-env/lib/python3.12/site-packages/airflow/example_dags/plugins/event_listener.py for tasks to queue
[2025-10-24T14:48:57.479+0000] {logging_mixin.py:188} INFO - [2025-10-24T14:48:57.479+0000] {dagbag.py:545} INFO - Filling up the DagBag from /home/khaled/dbt-env/lib/python3.12/site-packages/airflow/example_dags/plugins/event_listener.py
[2025-10-24T14:48:57.481+0000] {processor.py:842} WARNING - No viable dags retrieved from /home/khaled/dbt-env/lib/python3.12/site-packages/airflow/example_dags/plugins/event_listener.py
[2025-10-24T14:48:57.489+0000] {processor.py:183} INFO - Processing /home/khaled/dbt-env/lib/python3.12/site-packages/airflow/example_dags/plugins/event_listener.py took 0.017 seconds
[2025-10-24T14:50:04.934+0000] {processor.py:161} INFO - Started process (PID=9921) to work on /home/khaled/dbt-env/lib/python3.12/site-packages/airflow/example_dags/plugins/event_listener.py
[2025-10-24T14:50:04.935+0000] {processor.py:830} INFO - Processing file /home/khaled/dbt-env/lib/python3.12/site-packages/airflow/example_dags/plugins/event_listener.py for tasks to queue
[2025-10-24T14:50:04.937+0000] {logging_mixin.py:188} INFO - [2025-10-24T14:50:04.936+0000] {dagbag.py:545} INFO - Filling up the DagBag from /home/khaled/dbt-env/lib/python3.12/site-packages/airflow/example_dags/plugins/event_listener.py
[2025-10-24T14:50:04.938+0000] {processor.py:842} WARNING - No viable dags retrieved from /home/khaled/dbt-env/lib/python3.12/site-packages/airflow/example_dags/plugins/event_listener.py
[2025-10-24T14:50:04.945+0000] {processor.py:183} INFO - Processing /home/khaled/dbt-env/lib/python3.12/site-packages/airflow/example_dags/plugins/event_listener.py took 0.015 seconds
[2025-10-24T14:50:58.288+0000] {processor.py:161} INFO - Started process (PID=10010) to work on /home/khaled/dbt-env/lib/python3.12/site-packages/airflow/example_dags/plugins/event_listener.py
[2025-10-24T14:50:58.289+0000] {processor.py:830} INFO - Processing file /home/khaled/dbt-env/lib/python3.12/site-packages/airflow/example_dags/plugins/event_listener.py for tasks to queue
[2025-10-24T14:50:58.291+0000] {logging_mixin.py:188} INFO - [2025-10-24T14:50:58.290+0000] {dagbag.py:545} INFO - Filling up the DagBag from /home/khaled/dbt-env/lib/python3.12/site-packages/airflow/example_dags/plugins/event_listener.py
[2025-10-24T14:50:58.292+0000] {processor.py:842} WARNING - No viable dags retrieved from /home/khaled/dbt-env/lib/python3.12/site-packages/airflow/example_dags/plugins/event_listener.py
[2025-10-24T14:50:58.300+0000] {processor.py:183} INFO - Processing /home/khaled/dbt-env/lib/python3.12/site-packages/airflow/example_dags/plugins/event_listener.py took 0.016 seconds
[2025-10-24T14:51:54.291+0000] {processor.py:161} INFO - Started process (PID=10067) to work on /home/khaled/dbt-env/lib/python3.12/site-packages/airflow/example_dags/plugins/event_listener.py
[2025-10-24T14:51:54.302+0000] {processor.py:830} INFO - Processing file /home/khaled/dbt-env/lib/python3.12/site-packages/airflow/example_dags/plugins/event_listener.py for tasks to queue
[2025-10-24T14:51:54.304+0000] {logging_mixin.py:188} INFO - [2025-10-24T14:51:54.303+0000] {dagbag.py:545} INFO - Filling up the DagBag from /home/khaled/dbt-env/lib/python3.12/site-packages/airflow/example_dags/plugins/event_listener.py
[2025-10-24T14:51:54.306+0000] {processor.py:842} WARNING - No viable dags retrieved from /home/khaled/dbt-env/lib/python3.12/site-packages/airflow/example_dags/plugins/event_listener.py
[2025-10-24T14:51:54.314+0000] {processor.py:183} INFO - Processing /home/khaled/dbt-env/lib/python3.12/site-packages/airflow/example_dags/plugins/event_listener.py took 0.029 seconds
[2025-10-24T14:52:48.008+0000] {processor.py:161} INFO - Started process (PID=10126) to work on /home/khaled/dbt-env/lib/python3.12/site-packages/airflow/example_dags/plugins/event_listener.py
[2025-10-24T14:52:48.009+0000] {processor.py:830} INFO - Processing file /home/khaled/dbt-env/lib/python3.12/site-packages/airflow/example_dags/plugins/event_listener.py for tasks to queue
[2025-10-24T14:52:48.011+0000] {logging_mixin.py:188} INFO - [2025-10-24T14:52:48.010+0000] {dagbag.py:545} INFO - Filling up the DagBag from /home/khaled/dbt-env/lib/python3.12/site-packages/airflow/example_dags/plugins/event_listener.py
[2025-10-24T14:52:48.012+0000] {processor.py:842} WARNING - No viable dags retrieved from /home/khaled/dbt-env/lib/python3.12/site-packages/airflow/example_dags/plugins/event_listener.py
[2025-10-24T14:52:48.019+0000] {processor.py:183} INFO - Processing /home/khaled/dbt-env/lib/python3.12/site-packages/airflow/example_dags/plugins/event_listener.py took 0.014 seconds
[2025-10-24T14:53:38.443+0000] {processor.py:161} INFO - Started process (PID=10183) to work on /home/khaled/dbt-env/lib/python3.12/site-packages/airflow/example_dags/plugins/event_listener.py
[2025-10-24T14:53:38.444+0000] {processor.py:830} INFO - Processing file /home/khaled/dbt-env/lib/python3.12/site-packages/airflow/example_dags/plugins/event_listener.py for tasks to queue
[2025-10-24T14:53:38.445+0000] {logging_mixin.py:188} INFO - [2025-10-24T14:53:38.445+0000] {dagbag.py:545} INFO - Filling up the DagBag from /home/khaled/dbt-env/lib/python3.12/site-packages/airflow/example_dags/plugins/event_listener.py
[2025-10-24T14:53:38.446+0000] {processor.py:842} WARNING - No viable dags retrieved from /home/khaled/dbt-env/lib/python3.12/site-packages/airflow/example_dags/plugins/event_listener.py
[2025-10-24T14:53:38.453+0000] {processor.py:183} INFO - Processing /home/khaled/dbt-env/lib/python3.12/site-packages/airflow/example_dags/plugins/event_listener.py took 0.016 seconds
[2025-10-24T14:54:33.867+0000] {processor.py:161} INFO - Started process (PID=10242) to work on /home/khaled/dbt-env/lib/python3.12/site-packages/airflow/example_dags/plugins/event_listener.py
[2025-10-24T14:54:33.869+0000] {processor.py:830} INFO - Processing file /home/khaled/dbt-env/lib/python3.12/site-packages/airflow/example_dags/plugins/event_listener.py for tasks to queue
[2025-10-24T14:54:33.870+0000] {logging_mixin.py:188} INFO - [2025-10-24T14:54:33.870+0000] {dagbag.py:545} INFO - Filling up the DagBag from /home/khaled/dbt-env/lib/python3.12/site-packages/airflow/example_dags/plugins/event_listener.py
[2025-10-24T14:54:33.872+0000] {processor.py:842} WARNING - No viable dags retrieved from /home/khaled/dbt-env/lib/python3.12/site-packages/airflow/example_dags/plugins/event_listener.py
[2025-10-24T14:54:33.881+0000] {processor.py:183} INFO - Processing /home/khaled/dbt-env/lib/python3.12/site-packages/airflow/example_dags/plugins/event_listener.py took 0.018 seconds
[2025-10-24T14:55:39.100+0000] {processor.py:161} INFO - Started process (PID=10340) to work on /home/khaled/dbt-env/lib/python3.12/site-packages/airflow/example_dags/plugins/event_listener.py
[2025-10-24T14:55:39.112+0000] {processor.py:830} INFO - Processing file /home/khaled/dbt-env/lib/python3.12/site-packages/airflow/example_dags/plugins/event_listener.py for tasks to queue
[2025-10-24T14:55:39.114+0000] {logging_mixin.py:188} INFO - [2025-10-24T14:55:39.114+0000] {dagbag.py:545} INFO - Filling up the DagBag from /home/khaled/dbt-env/lib/python3.12/site-packages/airflow/example_dags/plugins/event_listener.py
[2025-10-24T14:55:39.121+0000] {processor.py:842} WARNING - No viable dags retrieved from /home/khaled/dbt-env/lib/python3.12/site-packages/airflow/example_dags/plugins/event_listener.py
[2025-10-24T14:55:39.129+0000] {processor.py:183} INFO - Processing /home/khaled/dbt-env/lib/python3.12/site-packages/airflow/example_dags/plugins/event_listener.py took 0.034 seconds
[2025-10-24T14:56:33.498+0000] {processor.py:161} INFO - Started process (PID=10402) to work on /home/khaled/dbt-env/lib/python3.12/site-packages/airflow/example_dags/plugins/event_listener.py
[2025-10-24T14:56:33.499+0000] {processor.py:830} INFO - Processing file /home/khaled/dbt-env/lib/python3.12/site-packages/airflow/example_dags/plugins/event_listener.py for tasks to queue
[2025-10-24T14:56:33.500+0000] {logging_mixin.py:188} INFO - [2025-10-24T14:56:33.500+0000] {dagbag.py:545} INFO - Filling up the DagBag from /home/khaled/dbt-env/lib/python3.12/site-packages/airflow/example_dags/plugins/event_listener.py
[2025-10-24T14:56:33.501+0000] {processor.py:842} WARNING - No viable dags retrieved from /home/khaled/dbt-env/lib/python3.12/site-packages/airflow/example_dags/plugins/event_listener.py
[2025-10-24T14:56:33.509+0000] {processor.py:183} INFO - Processing /home/khaled/dbt-env/lib/python3.12/site-packages/airflow/example_dags/plugins/event_listener.py took 0.015 seconds
[2025-10-24T14:57:27.038+0000] {processor.py:161} INFO - Started process (PID=10465) to work on /home/khaled/dbt-env/lib/python3.12/site-packages/airflow/example_dags/plugins/event_listener.py
[2025-10-24T14:57:27.039+0000] {processor.py:830} INFO - Processing file /home/khaled/dbt-env/lib/python3.12/site-packages/airflow/example_dags/plugins/event_listener.py for tasks to queue
[2025-10-24T14:57:27.040+0000] {logging_mixin.py:188} INFO - [2025-10-24T14:57:27.040+0000] {dagbag.py:545} INFO - Filling up the DagBag from /home/khaled/dbt-env/lib/python3.12/site-packages/airflow/example_dags/plugins/event_listener.py
[2025-10-24T14:57:27.042+0000] {processor.py:842} WARNING - No viable dags retrieved from /home/khaled/dbt-env/lib/python3.12/site-packages/airflow/example_dags/plugins/event_listener.py
[2025-10-24T14:57:27.050+0000] {processor.py:183} INFO - Processing /home/khaled/dbt-env/lib/python3.12/site-packages/airflow/example_dags/plugins/event_listener.py took 0.017 seconds
[2025-10-24T14:58:24.671+0000] {processor.py:161} INFO - Started process (PID=10524) to work on /home/khaled/dbt-env/lib/python3.12/site-packages/airflow/example_dags/plugins/event_listener.py
[2025-10-24T14:58:24.672+0000] {processor.py:830} INFO - Processing file /home/khaled/dbt-env/lib/python3.12/site-packages/airflow/example_dags/plugins/event_listener.py for tasks to queue
[2025-10-24T14:58:24.673+0000] {logging_mixin.py:188} INFO - [2025-10-24T14:58:24.673+0000] {dagbag.py:545} INFO - Filling up the DagBag from /home/khaled/dbt-env/lib/python3.12/site-packages/airflow/example_dags/plugins/event_listener.py
[2025-10-24T14:58:24.675+0000] {processor.py:842} WARNING - No viable dags retrieved from /home/khaled/dbt-env/lib/python3.12/site-packages/airflow/example_dags/plugins/event_listener.py
[2025-10-24T14:58:24.683+0000] {processor.py:183} INFO - Processing /home/khaled/dbt-env/lib/python3.12/site-packages/airflow/example_dags/plugins/event_listener.py took 0.016 seconds
[2025-10-24T14:59:20.064+0000] {processor.py:161} INFO - Started process (PID=10585) to work on /home/khaled/dbt-env/lib/python3.12/site-packages/airflow/example_dags/plugins/event_listener.py
[2025-10-24T14:59:20.065+0000] {processor.py:830} INFO - Processing file /home/khaled/dbt-env/lib/python3.12/site-packages/airflow/example_dags/plugins/event_listener.py for tasks to queue
[2025-10-24T14:59:20.067+0000] {logging_mixin.py:188} INFO - [2025-10-24T14:59:20.066+0000] {dagbag.py:545} INFO - Filling up the DagBag from /home/khaled/dbt-env/lib/python3.12/site-packages/airflow/example_dags/plugins/event_listener.py
[2025-10-24T14:59:20.068+0000] {processor.py:842} WARNING - No viable dags retrieved from /home/khaled/dbt-env/lib/python3.12/site-packages/airflow/example_dags/plugins/event_listener.py
[2025-10-24T14:59:20.076+0000] {processor.py:183} INFO - Processing /home/khaled/dbt-env/lib/python3.12/site-packages/airflow/example_dags/plugins/event_listener.py took 0.017 seconds
[2025-10-24T15:00:27.009+0000] {processor.py:161} INFO - Started process (PID=10733) to work on /home/khaled/dbt-env/lib/python3.12/site-packages/airflow/example_dags/plugins/event_listener.py
[2025-10-24T15:00:27.012+0000] {processor.py:830} INFO - Processing file /home/khaled/dbt-env/lib/python3.12/site-packages/airflow/example_dags/plugins/event_listener.py for tasks to queue
[2025-10-24T15:00:27.013+0000] {logging_mixin.py:188} INFO - [2025-10-24T15:00:27.013+0000] {dagbag.py:545} INFO - Filling up the DagBag from /home/khaled/dbt-env/lib/python3.12/site-packages/airflow/example_dags/plugins/event_listener.py
[2025-10-24T15:00:27.015+0000] {processor.py:842} WARNING - No viable dags retrieved from /home/khaled/dbt-env/lib/python3.12/site-packages/airflow/example_dags/plugins/event_listener.py
[2025-10-24T15:00:27.024+0000] {processor.py:183} INFO - Processing /home/khaled/dbt-env/lib/python3.12/site-packages/airflow/example_dags/plugins/event_listener.py took 0.021 seconds
[2025-10-24T15:01:31.601+0000] {processor.py:161} INFO - Started process (PID=10829) to work on /home/khaled/dbt-env/lib/python3.12/site-packages/airflow/example_dags/plugins/event_listener.py
[2025-10-24T15:01:31.603+0000] {processor.py:830} INFO - Processing file /home/khaled/dbt-env/lib/python3.12/site-packages/airflow/example_dags/plugins/event_listener.py for tasks to queue
[2025-10-24T15:01:31.604+0000] {logging_mixin.py:188} INFO - [2025-10-24T15:01:31.604+0000] {dagbag.py:545} INFO - Filling up the DagBag from /home/khaled/dbt-env/lib/python3.12/site-packages/airflow/example_dags/plugins/event_listener.py
[2025-10-24T15:01:31.606+0000] {processor.py:842} WARNING - No viable dags retrieved from /home/khaled/dbt-env/lib/python3.12/site-packages/airflow/example_dags/plugins/event_listener.py
[2025-10-24T15:01:31.612+0000] {processor.py:183} INFO - Processing /home/khaled/dbt-env/lib/python3.12/site-packages/airflow/example_dags/plugins/event_listener.py took 0.016 seconds
[2025-10-24T15:02:39.359+0000] {processor.py:161} INFO - Started process (PID=10894) to work on /home/khaled/dbt-env/lib/python3.12/site-packages/airflow/example_dags/plugins/event_listener.py
[2025-10-24T15:02:39.361+0000] {processor.py:830} INFO - Processing file /home/khaled/dbt-env/lib/python3.12/site-packages/airflow/example_dags/plugins/event_listener.py for tasks to queue
[2025-10-24T15:02:39.362+0000] {logging_mixin.py:188} INFO - [2025-10-24T15:02:39.362+0000] {dagbag.py:545} INFO - Filling up the DagBag from /home/khaled/dbt-env/lib/python3.12/site-packages/airflow/example_dags/plugins/event_listener.py
[2025-10-24T15:02:39.363+0000] {processor.py:842} WARNING - No viable dags retrieved from /home/khaled/dbt-env/lib/python3.12/site-packages/airflow/example_dags/plugins/event_listener.py
[2025-10-24T15:02:39.371+0000] {processor.py:183} INFO - Processing /home/khaled/dbt-env/lib/python3.12/site-packages/airflow/example_dags/plugins/event_listener.py took 0.015 seconds
[2025-10-24T15:03:16.317+0000] {processor.py:161} INFO - Started process (PID=10931) to work on /home/khaled/dbt-env/lib/python3.12/site-packages/airflow/example_dags/plugins/event_listener.py
[2025-10-24T15:03:16.319+0000] {processor.py:830} INFO - Processing file /home/khaled/dbt-env/lib/python3.12/site-packages/airflow/example_dags/plugins/event_listener.py for tasks to queue
[2025-10-24T15:03:16.320+0000] {logging_mixin.py:188} INFO - [2025-10-24T15:03:16.320+0000] {dagbag.py:545} INFO - Filling up the DagBag from /home/khaled/dbt-env/lib/python3.12/site-packages/airflow/example_dags/plugins/event_listener.py
[2025-10-24T15:03:16.322+0000] {processor.py:842} WARNING - No viable dags retrieved from /home/khaled/dbt-env/lib/python3.12/site-packages/airflow/example_dags/plugins/event_listener.py
[2025-10-24T15:03:16.329+0000] {processor.py:183} INFO - Processing /home/khaled/dbt-env/lib/python3.12/site-packages/airflow/example_dags/plugins/event_listener.py took 0.016 seconds
[2025-10-24T15:04:15.675+0000] {processor.py:161} INFO - Started process (PID=10993) to work on /home/khaled/dbt-env/lib/python3.12/site-packages/airflow/example_dags/plugins/event_listener.py
[2025-10-24T15:04:15.685+0000] {processor.py:830} INFO - Processing file /home/khaled/dbt-env/lib/python3.12/site-packages/airflow/example_dags/plugins/event_listener.py for tasks to queue
[2025-10-24T15:04:15.687+0000] {logging_mixin.py:188} INFO - [2025-10-24T15:04:15.686+0000] {dagbag.py:545} INFO - Filling up the DagBag from /home/khaled/dbt-env/lib/python3.12/site-packages/airflow/example_dags/plugins/event_listener.py
[2025-10-24T15:04:15.688+0000] {processor.py:842} WARNING - No viable dags retrieved from /home/khaled/dbt-env/lib/python3.12/site-packages/airflow/example_dags/plugins/event_listener.py
[2025-10-24T15:04:15.696+0000] {processor.py:183} INFO - Processing /home/khaled/dbt-env/lib/python3.12/site-packages/airflow/example_dags/plugins/event_listener.py took 0.025 seconds
[2025-10-24T15:05:11.773+0000] {processor.py:161} INFO - Started process (PID=11062) to work on /home/khaled/dbt-env/lib/python3.12/site-packages/airflow/example_dags/plugins/event_listener.py
[2025-10-24T15:05:11.774+0000] {processor.py:830} INFO - Processing file /home/khaled/dbt-env/lib/python3.12/site-packages/airflow/example_dags/plugins/event_listener.py for tasks to queue
[2025-10-24T15:05:11.775+0000] {logging_mixin.py:188} INFO - [2025-10-24T15:05:11.775+0000] {dagbag.py:545} INFO - Filling up the DagBag from /home/khaled/dbt-env/lib/python3.12/site-packages/airflow/example_dags/plugins/event_listener.py
[2025-10-24T15:05:11.777+0000] {processor.py:842} WARNING - No viable dags retrieved from /home/khaled/dbt-env/lib/python3.12/site-packages/airflow/example_dags/plugins/event_listener.py
[2025-10-24T15:05:11.784+0000] {processor.py:183} INFO - Processing /home/khaled/dbt-env/lib/python3.12/site-packages/airflow/example_dags/plugins/event_listener.py took 0.018 seconds
[2025-10-24T15:06:15.638+0000] {processor.py:161} INFO - Started process (PID=11155) to work on /home/khaled/dbt-env/lib/python3.12/site-packages/airflow/example_dags/plugins/event_listener.py
[2025-10-24T15:06:15.639+0000] {processor.py:830} INFO - Processing file /home/khaled/dbt-env/lib/python3.12/site-packages/airflow/example_dags/plugins/event_listener.py for tasks to queue
[2025-10-24T15:06:15.641+0000] {logging_mixin.py:188} INFO - [2025-10-24T15:06:15.640+0000] {dagbag.py:545} INFO - Filling up the DagBag from /home/khaled/dbt-env/lib/python3.12/site-packages/airflow/example_dags/plugins/event_listener.py
[2025-10-24T15:06:15.643+0000] {processor.py:842} WARNING - No viable dags retrieved from /home/khaled/dbt-env/lib/python3.12/site-packages/airflow/example_dags/plugins/event_listener.py
[2025-10-24T15:06:15.651+0000] {processor.py:183} INFO - Processing /home/khaled/dbt-env/lib/python3.12/site-packages/airflow/example_dags/plugins/event_listener.py took 0.017 seconds
[2025-10-24T15:07:09.208+0000] {processor.py:161} INFO - Started process (PID=11217) to work on /home/khaled/dbt-env/lib/python3.12/site-packages/airflow/example_dags/plugins/event_listener.py
[2025-10-24T15:07:09.209+0000] {processor.py:830} INFO - Processing file /home/khaled/dbt-env/lib/python3.12/site-packages/airflow/example_dags/plugins/event_listener.py for tasks to queue
[2025-10-24T15:07:09.210+0000] {logging_mixin.py:188} INFO - [2025-10-24T15:07:09.210+0000] {dagbag.py:545} INFO - Filling up the DagBag from /home/khaled/dbt-env/lib/python3.12/site-packages/airflow/example_dags/plugins/event_listener.py
[2025-10-24T15:07:09.212+0000] {processor.py:842} WARNING - No viable dags retrieved from /home/khaled/dbt-env/lib/python3.12/site-packages/airflow/example_dags/plugins/event_listener.py
[2025-10-24T15:07:09.219+0000] {processor.py:183} INFO - Processing /home/khaled/dbt-env/lib/python3.12/site-packages/airflow/example_dags/plugins/event_listener.py took 0.017 seconds
[2025-10-24T15:08:05.312+0000] {processor.py:161} INFO - Started process (PID=11275) to work on /home/khaled/dbt-env/lib/python3.12/site-packages/airflow/example_dags/plugins/event_listener.py
[2025-10-24T15:08:05.314+0000] {processor.py:830} INFO - Processing file /home/khaled/dbt-env/lib/python3.12/site-packages/airflow/example_dags/plugins/event_listener.py for tasks to queue
[2025-10-24T15:08:05.315+0000] {logging_mixin.py:188} INFO - [2025-10-24T15:08:05.315+0000] {dagbag.py:545} INFO - Filling up the DagBag from /home/khaled/dbt-env/lib/python3.12/site-packages/airflow/example_dags/plugins/event_listener.py
[2025-10-24T15:08:05.317+0000] {processor.py:842} WARNING - No viable dags retrieved from /home/khaled/dbt-env/lib/python3.12/site-packages/airflow/example_dags/plugins/event_listener.py
[2025-10-24T15:08:05.324+0000] {processor.py:183} INFO - Processing /home/khaled/dbt-env/lib/python3.12/site-packages/airflow/example_dags/plugins/event_listener.py took 0.016 seconds
[2025-10-24T15:08:55.914+0000] {processor.py:161} INFO - Started process (PID=11330) to work on /home/khaled/dbt-env/lib/python3.12/site-packages/airflow/example_dags/plugins/event_listener.py
[2025-10-24T15:08:55.915+0000] {processor.py:830} INFO - Processing file /home/khaled/dbt-env/lib/python3.12/site-packages/airflow/example_dags/plugins/event_listener.py for tasks to queue
[2025-10-24T15:08:55.916+0000] {logging_mixin.py:188} INFO - [2025-10-24T15:08:55.916+0000] {dagbag.py:545} INFO - Filling up the DagBag from /home/khaled/dbt-env/lib/python3.12/site-packages/airflow/example_dags/plugins/event_listener.py
[2025-10-24T15:08:55.918+0000] {processor.py:842} WARNING - No viable dags retrieved from /home/khaled/dbt-env/lib/python3.12/site-packages/airflow/example_dags/plugins/event_listener.py
[2025-10-24T15:08:55.926+0000] {processor.py:183} INFO - Processing /home/khaled/dbt-env/lib/python3.12/site-packages/airflow/example_dags/plugins/event_listener.py took 0.016 seconds
[2025-10-24T15:09:54.498+0000] {processor.py:161} INFO - Started process (PID=11389) to work on /home/khaled/dbt-env/lib/python3.12/site-packages/airflow/example_dags/plugins/event_listener.py
[2025-10-24T15:09:54.499+0000] {processor.py:830} INFO - Processing file /home/khaled/dbt-env/lib/python3.12/site-packages/airflow/example_dags/plugins/event_listener.py for tasks to queue
[2025-10-24T15:09:54.500+0000] {logging_mixin.py:188} INFO - [2025-10-24T15:09:54.500+0000] {dagbag.py:545} INFO - Filling up the DagBag from /home/khaled/dbt-env/lib/python3.12/site-packages/airflow/example_dags/plugins/event_listener.py
[2025-10-24T15:09:54.502+0000] {processor.py:842} WARNING - No viable dags retrieved from /home/khaled/dbt-env/lib/python3.12/site-packages/airflow/example_dags/plugins/event_listener.py
[2025-10-24T15:09:54.509+0000] {processor.py:183} INFO - Processing /home/khaled/dbt-env/lib/python3.12/site-packages/airflow/example_dags/plugins/event_listener.py took 0.015 seconds
[2025-10-24T15:10:57.644+0000] {processor.py:161} INFO - Started process (PID=11487) to work on /home/khaled/dbt-env/lib/python3.12/site-packages/airflow/example_dags/plugins/event_listener.py
[2025-10-24T15:10:57.655+0000] {processor.py:830} INFO - Processing file /home/khaled/dbt-env/lib/python3.12/site-packages/airflow/example_dags/plugins/event_listener.py for tasks to queue
[2025-10-24T15:10:57.657+0000] {logging_mixin.py:188} INFO - [2025-10-24T15:10:57.656+0000] {dagbag.py:545} INFO - Filling up the DagBag from /home/khaled/dbt-env/lib/python3.12/site-packages/airflow/example_dags/plugins/event_listener.py
[2025-10-24T15:10:57.658+0000] {processor.py:842} WARNING - No viable dags retrieved from /home/khaled/dbt-env/lib/python3.12/site-packages/airflow/example_dags/plugins/event_listener.py
[2025-10-24T15:10:57.666+0000] {processor.py:183} INFO - Processing /home/khaled/dbt-env/lib/python3.12/site-packages/airflow/example_dags/plugins/event_listener.py took 0.025 seconds
[2025-10-24T15:12:04.883+0000] {processor.py:161} INFO - Started process (PID=11554) to work on /home/khaled/dbt-env/lib/python3.12/site-packages/airflow/example_dags/plugins/event_listener.py
[2025-10-24T15:12:04.885+0000] {processor.py:830} INFO - Processing file /home/khaled/dbt-env/lib/python3.12/site-packages/airflow/example_dags/plugins/event_listener.py for tasks to queue
[2025-10-24T15:12:04.886+0000] {logging_mixin.py:188} INFO - [2025-10-24T15:12:04.886+0000] {dagbag.py:545} INFO - Filling up the DagBag from /home/khaled/dbt-env/lib/python3.12/site-packages/airflow/example_dags/plugins/event_listener.py
[2025-10-24T15:12:04.887+0000] {processor.py:842} WARNING - No viable dags retrieved from /home/khaled/dbt-env/lib/python3.12/site-packages/airflow/example_dags/plugins/event_listener.py
[2025-10-24T15:12:04.895+0000] {processor.py:183} INFO - Processing /home/khaled/dbt-env/lib/python3.12/site-packages/airflow/example_dags/plugins/event_listener.py took 0.017 seconds
[2025-10-24T15:13:02.785+0000] {processor.py:161} INFO - Started process (PID=11614) to work on /home/khaled/dbt-env/lib/python3.12/site-packages/airflow/example_dags/plugins/event_listener.py
[2025-10-24T15:13:02.786+0000] {processor.py:830} INFO - Processing file /home/khaled/dbt-env/lib/python3.12/site-packages/airflow/example_dags/plugins/event_listener.py for tasks to queue
[2025-10-24T15:13:02.787+0000] {logging_mixin.py:188} INFO - [2025-10-24T15:13:02.787+0000] {dagbag.py:545} INFO - Filling up the DagBag from /home/khaled/dbt-env/lib/python3.12/site-packages/airflow/example_dags/plugins/event_listener.py
[2025-10-24T15:13:02.789+0000] {processor.py:842} WARNING - No viable dags retrieved from /home/khaled/dbt-env/lib/python3.12/site-packages/airflow/example_dags/plugins/event_listener.py
[2025-10-24T15:13:02.797+0000] {processor.py:183} INFO - Processing /home/khaled/dbt-env/lib/python3.12/site-packages/airflow/example_dags/plugins/event_listener.py took 0.017 seconds
[2025-10-24T15:14:10.510+0000] {processor.py:161} INFO - Started process (PID=11681) to work on /home/khaled/dbt-env/lib/python3.12/site-packages/airflow/example_dags/plugins/event_listener.py
[2025-10-24T15:14:10.512+0000] {processor.py:830} INFO - Processing file /home/khaled/dbt-env/lib/python3.12/site-packages/airflow/example_dags/plugins/event_listener.py for tasks to queue
[2025-10-24T15:14:10.513+0000] {logging_mixin.py:188} INFO - [2025-10-24T15:14:10.513+0000] {dagbag.py:545} INFO - Filling up the DagBag from /home/khaled/dbt-env/lib/python3.12/site-packages/airflow/example_dags/plugins/event_listener.py
[2025-10-24T15:14:10.515+0000] {processor.py:842} WARNING - No viable dags retrieved from /home/khaled/dbt-env/lib/python3.12/site-packages/airflow/example_dags/plugins/event_listener.py
[2025-10-24T15:14:10.523+0000] {processor.py:183} INFO - Processing /home/khaled/dbt-env/lib/python3.12/site-packages/airflow/example_dags/plugins/event_listener.py took 0.017 seconds
[2025-10-24T15:15:08.842+0000] {processor.py:161} INFO - Started process (PID=11749) to work on /home/khaled/dbt-env/lib/python3.12/site-packages/airflow/example_dags/plugins/event_listener.py
[2025-10-24T15:15:08.843+0000] {processor.py:830} INFO - Processing file /home/khaled/dbt-env/lib/python3.12/site-packages/airflow/example_dags/plugins/event_listener.py for tasks to queue
[2025-10-24T15:15:08.844+0000] {logging_mixin.py:188} INFO - [2025-10-24T15:15:08.844+0000] {dagbag.py:545} INFO - Filling up the DagBag from /home/khaled/dbt-env/lib/python3.12/site-packages/airflow/example_dags/plugins/event_listener.py
[2025-10-24T15:15:08.846+0000] {processor.py:842} WARNING - No viable dags retrieved from /home/khaled/dbt-env/lib/python3.12/site-packages/airflow/example_dags/plugins/event_listener.py
[2025-10-24T15:15:08.853+0000] {processor.py:183} INFO - Processing /home/khaled/dbt-env/lib/python3.12/site-packages/airflow/example_dags/plugins/event_listener.py took 0.017 seconds
[2025-10-24T15:16:20.728+0000] {processor.py:161} INFO - Started process (PID=11842) to work on /home/khaled/dbt-env/lib/python3.12/site-packages/airflow/example_dags/plugins/event_listener.py
[2025-10-24T15:16:20.729+0000] {processor.py:830} INFO - Processing file /home/khaled/dbt-env/lib/python3.12/site-packages/airflow/example_dags/plugins/event_listener.py for tasks to queue
[2025-10-24T15:16:20.730+0000] {logging_mixin.py:188} INFO - [2025-10-24T15:16:20.730+0000] {dagbag.py:545} INFO - Filling up the DagBag from /home/khaled/dbt-env/lib/python3.12/site-packages/airflow/example_dags/plugins/event_listener.py
[2025-10-24T15:16:20.732+0000] {processor.py:842} WARNING - No viable dags retrieved from /home/khaled/dbt-env/lib/python3.12/site-packages/airflow/example_dags/plugins/event_listener.py
[2025-10-24T15:16:20.738+0000] {processor.py:183} INFO - Processing /home/khaled/dbt-env/lib/python3.12/site-packages/airflow/example_dags/plugins/event_listener.py took 0.014 seconds
[2025-10-24T15:16:57.254+0000] {processor.py:161} INFO - Started process (PID=11878) to work on /home/khaled/dbt-env/lib/python3.12/site-packages/airflow/example_dags/plugins/event_listener.py
[2025-10-24T15:16:57.255+0000] {processor.py:830} INFO - Processing file /home/khaled/dbt-env/lib/python3.12/site-packages/airflow/example_dags/plugins/event_listener.py for tasks to queue
[2025-10-24T15:16:57.257+0000] {logging_mixin.py:188} INFO - [2025-10-24T15:16:57.256+0000] {dagbag.py:545} INFO - Filling up the DagBag from /home/khaled/dbt-env/lib/python3.12/site-packages/airflow/example_dags/plugins/event_listener.py
[2025-10-24T15:16:57.258+0000] {processor.py:842} WARNING - No viable dags retrieved from /home/khaled/dbt-env/lib/python3.12/site-packages/airflow/example_dags/plugins/event_listener.py
[2025-10-24T15:16:57.265+0000] {processor.py:183} INFO - Processing /home/khaled/dbt-env/lib/python3.12/site-packages/airflow/example_dags/plugins/event_listener.py took 0.014 seconds
[2025-10-24T15:17:52.275+0000] {processor.py:161} INFO - Started process (PID=11941) to work on /home/khaled/dbt-env/lib/python3.12/site-packages/airflow/example_dags/plugins/event_listener.py
[2025-10-24T15:17:52.276+0000] {processor.py:830} INFO - Processing file /home/khaled/dbt-env/lib/python3.12/site-packages/airflow/example_dags/plugins/event_listener.py for tasks to queue
[2025-10-24T15:17:52.277+0000] {logging_mixin.py:188} INFO - [2025-10-24T15:17:52.277+0000] {dagbag.py:545} INFO - Filling up the DagBag from /home/khaled/dbt-env/lib/python3.12/site-packages/airflow/example_dags/plugins/event_listener.py
[2025-10-24T15:17:52.279+0000] {processor.py:842} WARNING - No viable dags retrieved from /home/khaled/dbt-env/lib/python3.12/site-packages/airflow/example_dags/plugins/event_listener.py
[2025-10-24T15:17:52.286+0000] {processor.py:183} INFO - Processing /home/khaled/dbt-env/lib/python3.12/site-packages/airflow/example_dags/plugins/event_listener.py took 0.016 seconds
[2025-10-24T15:18:41.455+0000] {processor.py:161} INFO - Started process (PID=11999) to work on /home/khaled/dbt-env/lib/python3.12/site-packages/airflow/example_dags/plugins/event_listener.py
[2025-10-24T15:18:41.456+0000] {processor.py:830} INFO - Processing file /home/khaled/dbt-env/lib/python3.12/site-packages/airflow/example_dags/plugins/event_listener.py for tasks to queue
[2025-10-24T15:18:41.458+0000] {logging_mixin.py:188} INFO - [2025-10-24T15:18:41.457+0000] {dagbag.py:545} INFO - Filling up the DagBag from /home/khaled/dbt-env/lib/python3.12/site-packages/airflow/example_dags/plugins/event_listener.py
[2025-10-24T15:18:41.459+0000] {processor.py:842} WARNING - No viable dags retrieved from /home/khaled/dbt-env/lib/python3.12/site-packages/airflow/example_dags/plugins/event_listener.py
[2025-10-24T15:18:41.466+0000] {processor.py:183} INFO - Processing /home/khaled/dbt-env/lib/python3.12/site-packages/airflow/example_dags/plugins/event_listener.py took 0.015 seconds
[2025-10-24T15:19:39.006+0000] {processor.py:161} INFO - Started process (PID=12059) to work on /home/khaled/dbt-env/lib/python3.12/site-packages/airflow/example_dags/plugins/event_listener.py
[2025-10-24T15:19:39.007+0000] {processor.py:830} INFO - Processing file /home/khaled/dbt-env/lib/python3.12/site-packages/airflow/example_dags/plugins/event_listener.py for tasks to queue
[2025-10-24T15:19:39.009+0000] {logging_mixin.py:188} INFO - [2025-10-24T15:19:39.008+0000] {dagbag.py:545} INFO - Filling up the DagBag from /home/khaled/dbt-env/lib/python3.12/site-packages/airflow/example_dags/plugins/event_listener.py
[2025-10-24T15:19:39.011+0000] {processor.py:842} WARNING - No viable dags retrieved from /home/khaled/dbt-env/lib/python3.12/site-packages/airflow/example_dags/plugins/event_listener.py
[2025-10-24T15:19:39.017+0000] {processor.py:183} INFO - Processing /home/khaled/dbt-env/lib/python3.12/site-packages/airflow/example_dags/plugins/event_listener.py took 0.018 seconds
[2025-10-24T15:20:32.948+0000] {processor.py:161} INFO - Started process (PID=12121) to work on /home/khaled/dbt-env/lib/python3.12/site-packages/airflow/example_dags/plugins/event_listener.py
[2025-10-24T15:20:32.949+0000] {processor.py:830} INFO - Processing file /home/khaled/dbt-env/lib/python3.12/site-packages/airflow/example_dags/plugins/event_listener.py for tasks to queue
[2025-10-24T15:20:32.950+0000] {logging_mixin.py:188} INFO - [2025-10-24T15:20:32.950+0000] {dagbag.py:545} INFO - Filling up the DagBag from /home/khaled/dbt-env/lib/python3.12/site-packages/airflow/example_dags/plugins/event_listener.py
[2025-10-24T15:20:32.952+0000] {processor.py:842} WARNING - No viable dags retrieved from /home/khaled/dbt-env/lib/python3.12/site-packages/airflow/example_dags/plugins/event_listener.py
[2025-10-24T15:20:32.959+0000] {processor.py:183} INFO - Processing /home/khaled/dbt-env/lib/python3.12/site-packages/airflow/example_dags/plugins/event_listener.py took 0.018 seconds
[2025-10-24T15:21:37.470+0000] {processor.py:161} INFO - Started process (PID=12215) to work on /home/khaled/dbt-env/lib/python3.12/site-packages/airflow/example_dags/plugins/event_listener.py
[2025-10-24T15:21:37.472+0000] {processor.py:830} INFO - Processing file /home/khaled/dbt-env/lib/python3.12/site-packages/airflow/example_dags/plugins/event_listener.py for tasks to queue
[2025-10-24T15:21:37.473+0000] {logging_mixin.py:188} INFO - [2025-10-24T15:21:37.472+0000] {dagbag.py:545} INFO - Filling up the DagBag from /home/khaled/dbt-env/lib/python3.12/site-packages/airflow/example_dags/plugins/event_listener.py
[2025-10-24T15:21:37.474+0000] {processor.py:842} WARNING - No viable dags retrieved from /home/khaled/dbt-env/lib/python3.12/site-packages/airflow/example_dags/plugins/event_listener.py
[2025-10-24T15:21:37.484+0000] {processor.py:183} INFO - Processing /home/khaled/dbt-env/lib/python3.12/site-packages/airflow/example_dags/plugins/event_listener.py took 0.018 seconds
[2025-10-24T15:22:38.339+0000] {processor.py:161} INFO - Started process (PID=12277) to work on /home/khaled/dbt-env/lib/python3.12/site-packages/airflow/example_dags/plugins/event_listener.py
[2025-10-24T15:22:38.340+0000] {processor.py:830} INFO - Processing file /home/khaled/dbt-env/lib/python3.12/site-packages/airflow/example_dags/plugins/event_listener.py for tasks to queue
[2025-10-24T15:22:38.341+0000] {logging_mixin.py:188} INFO - [2025-10-24T15:22:38.341+0000] {dagbag.py:545} INFO - Filling up the DagBag from /home/khaled/dbt-env/lib/python3.12/site-packages/airflow/example_dags/plugins/event_listener.py
[2025-10-24T15:22:38.343+0000] {processor.py:842} WARNING - No viable dags retrieved from /home/khaled/dbt-env/lib/python3.12/site-packages/airflow/example_dags/plugins/event_listener.py
[2025-10-24T15:22:38.350+0000] {processor.py:183} INFO - Processing /home/khaled/dbt-env/lib/python3.12/site-packages/airflow/example_dags/plugins/event_listener.py took 0.016 seconds
[2025-10-24T15:23:47.930+0000] {processor.py:161} INFO - Started process (PID=12342) to work on /home/khaled/dbt-env/lib/python3.12/site-packages/airflow/example_dags/plugins/event_listener.py
[2025-10-24T15:23:47.932+0000] {processor.py:830} INFO - Processing file /home/khaled/dbt-env/lib/python3.12/site-packages/airflow/example_dags/plugins/event_listener.py for tasks to queue
[2025-10-24T15:23:47.933+0000] {logging_mixin.py:188} INFO - [2025-10-24T15:23:47.933+0000] {dagbag.py:545} INFO - Filling up the DagBag from /home/khaled/dbt-env/lib/python3.12/site-packages/airflow/example_dags/plugins/event_listener.py
[2025-10-24T15:23:47.934+0000] {processor.py:842} WARNING - No viable dags retrieved from /home/khaled/dbt-env/lib/python3.12/site-packages/airflow/example_dags/plugins/event_listener.py
[2025-10-24T15:23:47.942+0000] {processor.py:183} INFO - Processing /home/khaled/dbt-env/lib/python3.12/site-packages/airflow/example_dags/plugins/event_listener.py took 0.016 seconds
[2025-10-24T15:24:43.078+0000] {processor.py:161} INFO - Started process (PID=12404) to work on /home/khaled/dbt-env/lib/python3.12/site-packages/airflow/example_dags/plugins/event_listener.py
[2025-10-24T15:24:43.079+0000] {processor.py:830} INFO - Processing file /home/khaled/dbt-env/lib/python3.12/site-packages/airflow/example_dags/plugins/event_listener.py for tasks to queue
[2025-10-24T15:24:43.080+0000] {logging_mixin.py:188} INFO - [2025-10-24T15:24:43.080+0000] {dagbag.py:545} INFO - Filling up the DagBag from /home/khaled/dbt-env/lib/python3.12/site-packages/airflow/example_dags/plugins/event_listener.py
[2025-10-24T15:24:43.081+0000] {processor.py:842} WARNING - No viable dags retrieved from /home/khaled/dbt-env/lib/python3.12/site-packages/airflow/example_dags/plugins/event_listener.py
[2025-10-24T15:24:43.088+0000] {processor.py:183} INFO - Processing /home/khaled/dbt-env/lib/python3.12/site-packages/airflow/example_dags/plugins/event_listener.py took 0.015 seconds
[2025-10-24T15:25:47.480+0000] {processor.py:161} INFO - Started process (PID=12503) to work on /home/khaled/dbt-env/lib/python3.12/site-packages/airflow/example_dags/plugins/event_listener.py
[2025-10-24T15:25:47.481+0000] {processor.py:830} INFO - Processing file /home/khaled/dbt-env/lib/python3.12/site-packages/airflow/example_dags/plugins/event_listener.py for tasks to queue
[2025-10-24T15:25:47.482+0000] {logging_mixin.py:188} INFO - [2025-10-24T15:25:47.482+0000] {dagbag.py:545} INFO - Filling up the DagBag from /home/khaled/dbt-env/lib/python3.12/site-packages/airflow/example_dags/plugins/event_listener.py
[2025-10-24T15:25:47.483+0000] {processor.py:842} WARNING - No viable dags retrieved from /home/khaled/dbt-env/lib/python3.12/site-packages/airflow/example_dags/plugins/event_listener.py
[2025-10-24T15:25:47.491+0000] {processor.py:183} INFO - Processing /home/khaled/dbt-env/lib/python3.12/site-packages/airflow/example_dags/plugins/event_listener.py took 0.015 seconds
[2025-10-24T15:26:25.106+0000] {processor.py:161} INFO - Started process (PID=12539) to work on /home/khaled/dbt-env/lib/python3.12/site-packages/airflow/example_dags/plugins/event_listener.py
[2025-10-24T15:26:25.107+0000] {processor.py:830} INFO - Processing file /home/khaled/dbt-env/lib/python3.12/site-packages/airflow/example_dags/plugins/event_listener.py for tasks to queue
[2025-10-24T15:26:25.109+0000] {logging_mixin.py:188} INFO - [2025-10-24T15:26:25.108+0000] {dagbag.py:545} INFO - Filling up the DagBag from /home/khaled/dbt-env/lib/python3.12/site-packages/airflow/example_dags/plugins/event_listener.py
[2025-10-24T15:26:25.110+0000] {processor.py:842} WARNING - No viable dags retrieved from /home/khaled/dbt-env/lib/python3.12/site-packages/airflow/example_dags/plugins/event_listener.py
[2025-10-24T15:26:25.117+0000] {processor.py:183} INFO - Processing /home/khaled/dbt-env/lib/python3.12/site-packages/airflow/example_dags/plugins/event_listener.py took 0.014 seconds
[2025-10-24T15:27:02.752+0000] {processor.py:161} INFO - Started process (PID=12574) to work on /home/khaled/dbt-env/lib/python3.12/site-packages/airflow/example_dags/plugins/event_listener.py
[2025-10-24T15:27:02.754+0000] {processor.py:830} INFO - Processing file /home/khaled/dbt-env/lib/python3.12/site-packages/airflow/example_dags/plugins/event_listener.py for tasks to queue
[2025-10-24T15:27:02.755+0000] {logging_mixin.py:188} INFO - [2025-10-24T15:27:02.755+0000] {dagbag.py:545} INFO - Filling up the DagBag from /home/khaled/dbt-env/lib/python3.12/site-packages/airflow/example_dags/plugins/event_listener.py
[2025-10-24T15:27:02.756+0000] {processor.py:842} WARNING - No viable dags retrieved from /home/khaled/dbt-env/lib/python3.12/site-packages/airflow/example_dags/plugins/event_listener.py
[2025-10-24T15:27:02.764+0000] {processor.py:183} INFO - Processing /home/khaled/dbt-env/lib/python3.12/site-packages/airflow/example_dags/plugins/event_listener.py took 0.017 seconds
[2025-10-24T15:28:14.215+0000] {processor.py:161} INFO - Started process (PID=12647) to work on /home/khaled/dbt-env/lib/python3.12/site-packages/airflow/example_dags/plugins/event_listener.py
[2025-10-24T15:28:14.226+0000] {processor.py:830} INFO - Processing file /home/khaled/dbt-env/lib/python3.12/site-packages/airflow/example_dags/plugins/event_listener.py for tasks to queue
[2025-10-24T15:28:14.227+0000] {logging_mixin.py:188} INFO - [2025-10-24T15:28:14.227+0000] {dagbag.py:545} INFO - Filling up the DagBag from /home/khaled/dbt-env/lib/python3.12/site-packages/airflow/example_dags/plugins/event_listener.py
[2025-10-24T15:28:14.229+0000] {processor.py:842} WARNING - No viable dags retrieved from /home/khaled/dbt-env/lib/python3.12/site-packages/airflow/example_dags/plugins/event_listener.py
[2025-10-24T15:28:14.235+0000] {processor.py:183} INFO - Processing /home/khaled/dbt-env/lib/python3.12/site-packages/airflow/example_dags/plugins/event_listener.py took 0.024 seconds
[2025-10-24T15:29:13.581+0000] {processor.py:161} INFO - Started process (PID=12709) to work on /home/khaled/dbt-env/lib/python3.12/site-packages/airflow/example_dags/plugins/event_listener.py
[2025-10-24T15:29:13.583+0000] {processor.py:830} INFO - Processing file /home/khaled/dbt-env/lib/python3.12/site-packages/airflow/example_dags/plugins/event_listener.py for tasks to queue
[2025-10-24T15:29:13.585+0000] {logging_mixin.py:188} INFO - [2025-10-24T15:29:13.585+0000] {dagbag.py:545} INFO - Filling up the DagBag from /home/khaled/dbt-env/lib/python3.12/site-packages/airflow/example_dags/plugins/event_listener.py
[2025-10-24T15:29:13.587+0000] {processor.py:842} WARNING - No viable dags retrieved from /home/khaled/dbt-env/lib/python3.12/site-packages/airflow/example_dags/plugins/event_listener.py
[2025-10-24T15:29:13.596+0000] {processor.py:183} INFO - Processing /home/khaled/dbt-env/lib/python3.12/site-packages/airflow/example_dags/plugins/event_listener.py took 0.020 seconds
[2025-10-24T15:30:21.096+0000] {processor.py:161} INFO - Started process (PID=12780) to work on /home/khaled/dbt-env/lib/python3.12/site-packages/airflow/example_dags/plugins/event_listener.py
[2025-10-24T15:30:21.097+0000] {processor.py:830} INFO - Processing file /home/khaled/dbt-env/lib/python3.12/site-packages/airflow/example_dags/plugins/event_listener.py for tasks to queue
[2025-10-24T15:30:21.099+0000] {logging_mixin.py:188} INFO - [2025-10-24T15:30:21.098+0000] {dagbag.py:545} INFO - Filling up the DagBag from /home/khaled/dbt-env/lib/python3.12/site-packages/airflow/example_dags/plugins/event_listener.py
[2025-10-24T15:30:21.100+0000] {processor.py:842} WARNING - No viable dags retrieved from /home/khaled/dbt-env/lib/python3.12/site-packages/airflow/example_dags/plugins/event_listener.py
[2025-10-24T15:30:21.108+0000] {processor.py:183} INFO - Processing /home/khaled/dbt-env/lib/python3.12/site-packages/airflow/example_dags/plugins/event_listener.py took 0.017 seconds
[2025-10-24T15:31:01.727+0000] {processor.py:161} INFO - Started process (PID=12844) to work on /home/khaled/dbt-env/lib/python3.12/site-packages/airflow/example_dags/plugins/event_listener.py
[2025-10-24T15:31:01.729+0000] {processor.py:830} INFO - Processing file /home/khaled/dbt-env/lib/python3.12/site-packages/airflow/example_dags/plugins/event_listener.py for tasks to queue
[2025-10-24T15:31:01.730+0000] {logging_mixin.py:188} INFO - [2025-10-24T15:31:01.730+0000] {dagbag.py:545} INFO - Filling up the DagBag from /home/khaled/dbt-env/lib/python3.12/site-packages/airflow/example_dags/plugins/event_listener.py
[2025-10-24T15:31:01.731+0000] {processor.py:842} WARNING - No viable dags retrieved from /home/khaled/dbt-env/lib/python3.12/site-packages/airflow/example_dags/plugins/event_listener.py
[2025-10-24T15:31:01.738+0000] {processor.py:183} INFO - Processing /home/khaled/dbt-env/lib/python3.12/site-packages/airflow/example_dags/plugins/event_listener.py took 0.015 seconds
[2025-10-24T15:31:40.329+0000] {processor.py:161} INFO - Started process (PID=12880) to work on /home/khaled/dbt-env/lib/python3.12/site-packages/airflow/example_dags/plugins/event_listener.py
[2025-10-24T15:31:40.330+0000] {processor.py:830} INFO - Processing file /home/khaled/dbt-env/lib/python3.12/site-packages/airflow/example_dags/plugins/event_listener.py for tasks to queue
[2025-10-24T15:31:40.331+0000] {logging_mixin.py:188} INFO - [2025-10-24T15:31:40.331+0000] {dagbag.py:545} INFO - Filling up the DagBag from /home/khaled/dbt-env/lib/python3.12/site-packages/airflow/example_dags/plugins/event_listener.py
[2025-10-24T15:31:40.333+0000] {processor.py:842} WARNING - No viable dags retrieved from /home/khaled/dbt-env/lib/python3.12/site-packages/airflow/example_dags/plugins/event_listener.py
[2025-10-24T15:31:40.340+0000] {processor.py:183} INFO - Processing /home/khaled/dbt-env/lib/python3.12/site-packages/airflow/example_dags/plugins/event_listener.py took 0.016 seconds
[2025-10-24T15:32:37.519+0000] {processor.py:161} INFO - Started process (PID=12943) to work on /home/khaled/dbt-env/lib/python3.12/site-packages/airflow/example_dags/plugins/event_listener.py
[2025-10-24T15:32:37.520+0000] {processor.py:830} INFO - Processing file /home/khaled/dbt-env/lib/python3.12/site-packages/airflow/example_dags/plugins/event_listener.py for tasks to queue
[2025-10-24T15:32:37.522+0000] {logging_mixin.py:188} INFO - [2025-10-24T15:32:37.521+0000] {dagbag.py:545} INFO - Filling up the DagBag from /home/khaled/dbt-env/lib/python3.12/site-packages/airflow/example_dags/plugins/event_listener.py
[2025-10-24T15:32:37.524+0000] {processor.py:842} WARNING - No viable dags retrieved from /home/khaled/dbt-env/lib/python3.12/site-packages/airflow/example_dags/plugins/event_listener.py
[2025-10-24T15:32:37.532+0000] {processor.py:183} INFO - Processing /home/khaled/dbt-env/lib/python3.12/site-packages/airflow/example_dags/plugins/event_listener.py took 0.019 seconds
[2025-10-24T15:33:33.105+0000] {processor.py:161} INFO - Started process (PID=13004) to work on /home/khaled/dbt-env/lib/python3.12/site-packages/airflow/example_dags/plugins/event_listener.py
[2025-10-24T15:33:33.106+0000] {processor.py:830} INFO - Processing file /home/khaled/dbt-env/lib/python3.12/site-packages/airflow/example_dags/plugins/event_listener.py for tasks to queue
[2025-10-24T15:33:33.107+0000] {logging_mixin.py:188} INFO - [2025-10-24T15:33:33.107+0000] {dagbag.py:545} INFO - Filling up the DagBag from /home/khaled/dbt-env/lib/python3.12/site-packages/airflow/example_dags/plugins/event_listener.py
[2025-10-24T15:33:33.109+0000] {processor.py:842} WARNING - No viable dags retrieved from /home/khaled/dbt-env/lib/python3.12/site-packages/airflow/example_dags/plugins/event_listener.py
[2025-10-24T15:33:33.116+0000] {processor.py:183} INFO - Processing /home/khaled/dbt-env/lib/python3.12/site-packages/airflow/example_dags/plugins/event_listener.py took 0.016 seconds
[2025-10-24T15:34:32.009+0000] {processor.py:161} INFO - Started process (PID=13070) to work on /home/khaled/dbt-env/lib/python3.12/site-packages/airflow/example_dags/plugins/event_listener.py
[2025-10-24T15:34:32.011+0000] {processor.py:830} INFO - Processing file /home/khaled/dbt-env/lib/python3.12/site-packages/airflow/example_dags/plugins/event_listener.py for tasks to queue
[2025-10-24T15:34:32.012+0000] {logging_mixin.py:188} INFO - [2025-10-24T15:34:32.012+0000] {dagbag.py:545} INFO - Filling up the DagBag from /home/khaled/dbt-env/lib/python3.12/site-packages/airflow/example_dags/plugins/event_listener.py
[2025-10-24T15:34:32.015+0000] {processor.py:842} WARNING - No viable dags retrieved from /home/khaled/dbt-env/lib/python3.12/site-packages/airflow/example_dags/plugins/event_listener.py
[2025-10-24T15:34:32.023+0000] {processor.py:183} INFO - Processing /home/khaled/dbt-env/lib/python3.12/site-packages/airflow/example_dags/plugins/event_listener.py took 0.019 seconds
[2025-10-24T15:35:38.154+0000] {processor.py:161} INFO - Started process (PID=13137) to work on /home/khaled/dbt-env/lib/python3.12/site-packages/airflow/example_dags/plugins/event_listener.py
[2025-10-24T15:35:38.156+0000] {processor.py:830} INFO - Processing file /home/khaled/dbt-env/lib/python3.12/site-packages/airflow/example_dags/plugins/event_listener.py for tasks to queue
[2025-10-24T15:35:38.157+0000] {logging_mixin.py:188} INFO - [2025-10-24T15:35:38.157+0000] {dagbag.py:545} INFO - Filling up the DagBag from /home/khaled/dbt-env/lib/python3.12/site-packages/airflow/example_dags/plugins/event_listener.py
[2025-10-24T15:35:38.159+0000] {processor.py:842} WARNING - No viable dags retrieved from /home/khaled/dbt-env/lib/python3.12/site-packages/airflow/example_dags/plugins/event_listener.py
[2025-10-24T15:35:38.167+0000] {processor.py:183} INFO - Processing /home/khaled/dbt-env/lib/python3.12/site-packages/airflow/example_dags/plugins/event_listener.py took 0.019 seconds
[2025-10-24T15:36:20.863+0000] {processor.py:161} INFO - Started process (PID=13202) to work on /home/khaled/dbt-env/lib/python3.12/site-packages/airflow/example_dags/plugins/event_listener.py
[2025-10-24T15:36:20.865+0000] {processor.py:830} INFO - Processing file /home/khaled/dbt-env/lib/python3.12/site-packages/airflow/example_dags/plugins/event_listener.py for tasks to queue
[2025-10-24T15:36:20.866+0000] {logging_mixin.py:188} INFO - [2025-10-24T15:36:20.866+0000] {dagbag.py:545} INFO - Filling up the DagBag from /home/khaled/dbt-env/lib/python3.12/site-packages/airflow/example_dags/plugins/event_listener.py
[2025-10-24T15:36:20.867+0000] {processor.py:842} WARNING - No viable dags retrieved from /home/khaled/dbt-env/lib/python3.12/site-packages/airflow/example_dags/plugins/event_listener.py
[2025-10-24T15:36:20.874+0000] {processor.py:183} INFO - Processing /home/khaled/dbt-env/lib/python3.12/site-packages/airflow/example_dags/plugins/event_listener.py took 0.018 seconds
[2025-10-24T15:37:17.532+0000] {processor.py:161} INFO - Started process (PID=13262) to work on /home/khaled/dbt-env/lib/python3.12/site-packages/airflow/example_dags/plugins/event_listener.py
[2025-10-24T15:37:17.533+0000] {processor.py:830} INFO - Processing file /home/khaled/dbt-env/lib/python3.12/site-packages/airflow/example_dags/plugins/event_listener.py for tasks to queue
[2025-10-24T15:37:17.534+0000] {logging_mixin.py:188} INFO - [2025-10-24T15:37:17.534+0000] {dagbag.py:545} INFO - Filling up the DagBag from /home/khaled/dbt-env/lib/python3.12/site-packages/airflow/example_dags/plugins/event_listener.py
[2025-10-24T15:37:17.536+0000] {processor.py:842} WARNING - No viable dags retrieved from /home/khaled/dbt-env/lib/python3.12/site-packages/airflow/example_dags/plugins/event_listener.py
[2025-10-24T15:37:17.543+0000] {processor.py:183} INFO - Processing /home/khaled/dbt-env/lib/python3.12/site-packages/airflow/example_dags/plugins/event_listener.py took 0.015 seconds
[2025-10-24T15:38:17.944+0000] {processor.py:161} INFO - Started process (PID=13320) to work on /home/khaled/dbt-env/lib/python3.12/site-packages/airflow/example_dags/plugins/event_listener.py
[2025-10-24T15:38:17.945+0000] {processor.py:830} INFO - Processing file /home/khaled/dbt-env/lib/python3.12/site-packages/airflow/example_dags/plugins/event_listener.py for tasks to queue
[2025-10-24T15:38:17.946+0000] {logging_mixin.py:188} INFO - [2025-10-24T15:38:17.946+0000] {dagbag.py:545} INFO - Filling up the DagBag from /home/khaled/dbt-env/lib/python3.12/site-packages/airflow/example_dags/plugins/event_listener.py
[2025-10-24T15:38:17.948+0000] {processor.py:842} WARNING - No viable dags retrieved from /home/khaled/dbt-env/lib/python3.12/site-packages/airflow/example_dags/plugins/event_listener.py
[2025-10-24T15:38:17.955+0000] {processor.py:183} INFO - Processing /home/khaled/dbt-env/lib/python3.12/site-packages/airflow/example_dags/plugins/event_listener.py took 0.015 seconds
[2025-10-24T15:39:16.254+0000] {processor.py:161} INFO - Started process (PID=13380) to work on /home/khaled/dbt-env/lib/python3.12/site-packages/airflow/example_dags/plugins/event_listener.py
[2025-10-24T15:39:16.255+0000] {processor.py:830} INFO - Processing file /home/khaled/dbt-env/lib/python3.12/site-packages/airflow/example_dags/plugins/event_listener.py for tasks to queue
[2025-10-24T15:39:16.256+0000] {logging_mixin.py:188} INFO - [2025-10-24T15:39:16.256+0000] {dagbag.py:545} INFO - Filling up the DagBag from /home/khaled/dbt-env/lib/python3.12/site-packages/airflow/example_dags/plugins/event_listener.py
[2025-10-24T15:39:16.258+0000] {processor.py:842} WARNING - No viable dags retrieved from /home/khaled/dbt-env/lib/python3.12/site-packages/airflow/example_dags/plugins/event_listener.py
[2025-10-24T15:39:16.264+0000] {processor.py:183} INFO - Processing /home/khaled/dbt-env/lib/python3.12/site-packages/airflow/example_dags/plugins/event_listener.py took 0.015 seconds
[2025-10-24T15:40:22.839+0000] {processor.py:161} INFO - Started process (PID=13449) to work on /home/khaled/dbt-env/lib/python3.12/site-packages/airflow/example_dags/plugins/event_listener.py
[2025-10-24T15:40:22.840+0000] {processor.py:830} INFO - Processing file /home/khaled/dbt-env/lib/python3.12/site-packages/airflow/example_dags/plugins/event_listener.py for tasks to queue
[2025-10-24T15:40:22.841+0000] {logging_mixin.py:188} INFO - [2025-10-24T15:40:22.841+0000] {dagbag.py:545} INFO - Filling up the DagBag from /home/khaled/dbt-env/lib/python3.12/site-packages/airflow/example_dags/plugins/event_listener.py
[2025-10-24T15:40:22.843+0000] {processor.py:842} WARNING - No viable dags retrieved from /home/khaled/dbt-env/lib/python3.12/site-packages/airflow/example_dags/plugins/event_listener.py
[2025-10-24T15:40:22.850+0000] {processor.py:183} INFO - Processing /home/khaled/dbt-env/lib/python3.12/site-packages/airflow/example_dags/plugins/event_listener.py took 0.015 seconds
[2025-10-24T15:41:25.803+0000] {processor.py:161} INFO - Started process (PID=13549) to work on /home/khaled/dbt-env/lib/python3.12/site-packages/airflow/example_dags/plugins/event_listener.py
[2025-10-24T15:41:25.804+0000] {processor.py:830} INFO - Processing file /home/khaled/dbt-env/lib/python3.12/site-packages/airflow/example_dags/plugins/event_listener.py for tasks to queue
[2025-10-24T15:41:25.805+0000] {logging_mixin.py:188} INFO - [2025-10-24T15:41:25.805+0000] {dagbag.py:545} INFO - Filling up the DagBag from /home/khaled/dbt-env/lib/python3.12/site-packages/airflow/example_dags/plugins/event_listener.py
[2025-10-24T15:41:25.807+0000] {processor.py:842} WARNING - No viable dags retrieved from /home/khaled/dbt-env/lib/python3.12/site-packages/airflow/example_dags/plugins/event_listener.py
[2025-10-24T15:41:25.814+0000] {processor.py:183} INFO - Processing /home/khaled/dbt-env/lib/python3.12/site-packages/airflow/example_dags/plugins/event_listener.py took 0.015 seconds
[2025-10-24T15:42:01.460+0000] {processor.py:161} INFO - Started process (PID=13584) to work on /home/khaled/dbt-env/lib/python3.12/site-packages/airflow/example_dags/plugins/event_listener.py
[2025-10-24T15:42:01.462+0000] {processor.py:830} INFO - Processing file /home/khaled/dbt-env/lib/python3.12/site-packages/airflow/example_dags/plugins/event_listener.py for tasks to queue
[2025-10-24T15:42:01.463+0000] {logging_mixin.py:188} INFO - [2025-10-24T15:42:01.463+0000] {dagbag.py:545} INFO - Filling up the DagBag from /home/khaled/dbt-env/lib/python3.12/site-packages/airflow/example_dags/plugins/event_listener.py
[2025-10-24T15:42:01.464+0000] {processor.py:842} WARNING - No viable dags retrieved from /home/khaled/dbt-env/lib/python3.12/site-packages/airflow/example_dags/plugins/event_listener.py
[2025-10-24T15:42:01.471+0000] {processor.py:183} INFO - Processing /home/khaled/dbt-env/lib/python3.12/site-packages/airflow/example_dags/plugins/event_listener.py took 0.016 seconds
[2025-10-24T15:43:07.280+0000] {processor.py:161} INFO - Started process (PID=13651) to work on /home/khaled/dbt-env/lib/python3.12/site-packages/airflow/example_dags/plugins/event_listener.py
[2025-10-24T15:43:07.281+0000] {processor.py:830} INFO - Processing file /home/khaled/dbt-env/lib/python3.12/site-packages/airflow/example_dags/plugins/event_listener.py for tasks to queue
[2025-10-24T15:43:07.282+0000] {logging_mixin.py:188} INFO - [2025-10-24T15:43:07.282+0000] {dagbag.py:545} INFO - Filling up the DagBag from /home/khaled/dbt-env/lib/python3.12/site-packages/airflow/example_dags/plugins/event_listener.py
[2025-10-24T15:43:07.284+0000] {processor.py:842} WARNING - No viable dags retrieved from /home/khaled/dbt-env/lib/python3.12/site-packages/airflow/example_dags/plugins/event_listener.py
[2025-10-24T15:43:07.290+0000] {processor.py:183} INFO - Processing /home/khaled/dbt-env/lib/python3.12/site-packages/airflow/example_dags/plugins/event_listener.py took 0.014 seconds
                                                                                                                                                                                                                                                                                                                                                                                                                                                                                                                                                                                                                                                                                                                                                                                                                                                                                                                                                                                                                                