[2025-10-26T15:01:19.789+0000] {processor.py:186} INFO - Started process (PID=11804) to work on /home/khaled/airflow_venv/lib/python3.12/site-packages/airflow/example_dags/standard/example_trigger_controller_dag.py
[2025-10-26T15:01:19.790+0000] {processor.py:914} INFO - Processing file /home/khaled/airflow_venv/lib/python3.12/site-packages/airflow/example_dags/standard/example_trigger_controller_dag.py for tasks to queue
[2025-10-26T15:01:19.790+0000] {logging_mixin.py:190} INFO - [2025-10-26T15:01:19.790+0000] {dagbag.py:588} INFO - Filling up the DagBag from /home/khaled/airflow_venv/lib/python3.12/site-packages/airflow/example_dags/standard/example_trigger_controller_dag.py
[2025-10-26T15:01:19.794+0000] {logging_mixin.py:190} INFO - [2025-10-26T15:01:19.793+0000] {dagbag.py:387} ERROR - Failed to import: /home/khaled/airflow_venv/lib/python3.12/site-packages/airflow/example_dags/standard/example_trigger_controller_dag.py
Traceback (most recent call last):
  File "/home/khaled/airflow_venv/lib/python3.12/site-packages/airflow/models/dagbag.py", line 383, in parse
  File "<frozen importlib._bootstrap_external>", line 995, in exec_module
  File "<frozen importlib._bootstrap>", line 488, in _call_with_frames_removed
  File "/home/khaled/airflow_venv/lib/python3.12/site-packages/airflow/example_dags/standard/example_trigger_controller_dag.py", line 28, in <module>
    from airflow.providers.standard.operators.trigger_dagrun import TriggerDagRunOperator
  File "/home/khaled/airflow_venv/lib/python3.12/site-packages/airflow/providers/standard/operators/trigger_dagrun.py", line 40, in <module>
    from airflow.providers.common.compat.sdk import BaseOperatorLink, XCom, timezone
  File "/home/khaled/airflow_venv/lib/python3.12/site-packages/airflow/providers/common/compat/_compat_utils.py", line 94, in __getattr__
    module = __import__(module_path, fromlist=[name])
             ^^^^^^^^^^^^^^^^^^^^^^^^^^^^^^^^^^^^^^^^
  File "/home/khaled/airflow_venv/lib/python3.12/site-packages/airflow/sdk/execution_time/xcom.py", line 39, in <module>
    XCom = resolve_xcom_backend()
           ^^^^^^^^^^^^^^^^^^^^^^
  File "/home/khaled/airflow_venv/lib/python3.12/site-packages/airflow/sdk/execution_time/xcom.py", line 33, in resolve_xcom_backend
    raise TypeError(
TypeError: Your custom XCom class `BaseXCom` is not a subclass of `BaseXCom`.
[2025-10-26T15:01:19.795+0000] {processor.py:927} WARNING - No viable dags retrieved from /home/khaled/airflow_venv/lib/python3.12/site-packages/airflow/example_dags/standard/example_trigger_controller_dag.py
[2025-10-26T15:01:19.837+0000] {processor.py:208} INFO - Processing /home/khaled/airflow_venv/lib/python3.12/site-packages/airflow/example_dags/standard/example_trigger_controller_dag.py took 0.065 seconds
[2025-10-26T15:01:20.624+0000] {processor.py:186} INFO - Started process (PID=11816) to work on /home/khaled/airflow_venv/lib/python3.12/site-packages/airflow/example_dags/standard/example_trigger_controller_dag.py
[2025-10-26T15:01:20.624+0000] {processor.py:914} INFO - Processing file /home/khaled/airflow_venv/lib/python3.12/site-packages/airflow/example_dags/standard/example_trigger_controller_dag.py for tasks to queue
[2025-10-26T15:01:20.630+0000] {logging_mixin.py:190} INFO - [2025-10-26T15:01:20.629+0000] {dagbag.py:588} INFO - Filling up the DagBag from /home/khaled/airflow_venv/lib/python3.12/site-packages/airflow/example_dags/standard/example_trigger_controller_dag.py
[2025-10-26T15:01:20.636+0000] {logging_mixin.py:190} INFO - [2025-10-26T15:01:20.635+0000] {dagbag.py:387} ERROR - Failed to import: /home/khaled/airflow_venv/lib/python3.12/site-packages/airflow/example_dags/standard/example_trigger_controller_dag.py
Traceback (most recent call last):
  File "/home/khaled/airflow_venv/lib/python3.12/site-packages/airflow/models/dagbag.py", line 383, in parse
  File "<frozen importlib._bootstrap_external>", line 995, in exec_module
  File "<frozen importlib._bootstrap>", line 488, in _call_with_frames_removed
  File "/home/khaled/airflow_venv/lib/python3.12/site-packages/airflow/example_dags/standard/example_trigger_controller_dag.py", line 29, in <module>
    from airflow.sdk import DAG
  File "/home/khaled/airflow_venv/lib/python3.12/site-packages/airflow/sdk/__init__.py", line 134, in __getattr__
    mod = importlib.import_module(module_path, __name__)
          ^^^^^^^^^^^^^^^^^^^^^^^^^^^^^^^^^^^^^^^^^^^^^^
  File "/usr/lib/python3.12/importlib/__init__.py", line 90, in import_module
    return _bootstrap._gcd_import(name[level:], package, level)
           ^^^^^^^^^^^^^^^^^^^^^^^^^^^^^^^^^^^^^^^^^^^^^^^^^^^^
  File "/home/khaled/airflow_venv/lib/python3.12/site-packages/airflow/sdk/definitions/dag.py", line 40, in <module>
    from airflow.exceptions import (
ImportError: cannot import name 'RemovedInAirflow4Warning' from 'airflow.exceptions' (/home/khaled/airflow_venv/lib/python3.12/site-packages/airflow/exceptions.py)
[2025-10-26T15:01:20.637+0000] {processor.py:927} WARNING - No viable dags retrieved from /home/khaled/airflow_venv/lib/python3.12/site-packages/airflow/example_dags/standard/example_trigger_controller_dag.py
[2025-10-26T15:01:20.660+0000] {processor.py:208} INFO - Processing /home/khaled/airflow_venv/lib/python3.12/site-packages/airflow/example_dags/standard/example_trigger_controller_dag.py took 0.047 seconds
[2025-10-26T15:01:50.039+0000] {processor.py:186} INFO - Started process (PID=11968) to work on /home/khaled/airflow_venv/lib/python3.12/site-packages/airflow/example_dags/standard/example_trigger_controller_dag.py
[2025-10-26T15:01:50.039+0000] {processor.py:914} INFO - Processing file /home/khaled/airflow_venv/lib/python3.12/site-packages/airflow/example_dags/standard/example_trigger_controller_dag.py for tasks to queue
[2025-10-26T15:01:50.040+0000] {logging_mixin.py:190} INFO - [2025-10-26T15:01:50.040+0000] {dagbag.py:588} INFO - Filling up the DagBag from /home/khaled/airflow_venv/lib/python3.12/site-packages/airflow/example_dags/standard/example_trigger_controller_dag.py
[2025-10-26T15:01:50.044+0000] {logging_mixin.py:190} INFO - [2025-10-26T15:01:50.043+0000] {dagbag.py:387} ERROR - Failed to import: /home/khaled/airflow_venv/lib/python3.12/site-packages/airflow/example_dags/standard/example_trigger_controller_dag.py
Traceback (most recent call last):
  File "/home/khaled/airflow_venv/lib/python3.12/site-packages/airflow/models/dagbag.py", line 383, in parse
    loader.exec_module(new_module)
  File "<frozen importlib._bootstrap_external>", line 995, in exec_module
  File "<frozen importlib._bootstrap>", line 488, in _call_with_frames_removed
  File "/home/khaled/airflow_venv/lib/python3.12/site-packages/airflow/example_dags/standard/example_trigger_controller_dag.py", line 28, in <module>
    from airflow.providers.standard.operators.trigger_dagrun import TriggerDagRunOperator
  File "/home/khaled/airflow_venv/lib/python3.12/site-packages/airflow/providers/standard/operators/trigger_dagrun.py", line 40, in <module>
    from airflow.providers.common.compat.sdk import BaseOperatorLink, XCom, timezone
  File "/home/khaled/airflow_venv/lib/python3.12/site-packages/airflow/providers/common/compat/_compat_utils.py", line 94, in __getattr__
  File "/home/khaled/airflow_venv/lib/python3.12/site-packages/airflow/sdk/execution_time/xcom.py", line 39, in <module>
    XCom = resolve_xcom_backend()
           ^^^^^^^^^^^^^^^^^^^^^^
  File "/home/khaled/airflow_venv/lib/python3.12/site-packages/airflow/sdk/execution_time/xcom.py", line 33, in resolve_xcom_backend
    raise TypeError(
TypeError: Your custom XCom class `BaseXCom` is not a subclass of `BaseXCom`.
[2025-10-26T15:01:50.045+0000] {processor.py:927} WARNING - No viable dags retrieved from /home/khaled/airflow_venv/lib/python3.12/site-packages/airflow/example_dags/standard/example_trigger_controller_dag.py
[2025-10-26T15:01:50.085+0000] {processor.py:208} INFO - Processing /home/khaled/airflow_venv/lib/python3.12/site-packages/airflow/example_dags/standard/example_trigger_controller_dag.py took 0.052 seconds
[2025-10-26T15:01:52.686+0000] {processor.py:186} INFO - Started process (PID=11994) to work on /home/khaled/airflow_venv/lib/python3.12/site-packages/airflow/example_dags/standard/example_trigger_controller_dag.py
[2025-10-26T15:01:52.687+0000] {processor.py:914} INFO - Processing file /home/khaled/airflow_venv/lib/python3.12/site-packages/airflow/example_dags/standard/example_trigger_controller_dag.py for tasks to queue
[2025-10-26T15:01:52.688+0000] {logging_mixin.py:190} INFO - [2025-10-26T15:01:52.688+0000] {dagbag.py:588} INFO - Filling up the DagBag from /home/khaled/airflow_venv/lib/python3.12/site-packages/airflow/example_dags/standard/example_trigger_controller_dag.py
[2025-10-26T15:01:52.693+0000] {logging_mixin.py:190} INFO - [2025-10-26T15:01:52.691+0000] {dagbag.py:387} ERROR - Failed to import: /home/khaled/airflow_venv/lib/python3.12/site-packages/airflow/example_dags/standard/example_trigger_controller_dag.py
Traceback (most recent call last):
  File "/home/khaled/airflow_venv/lib/python3.12/site-packages/airflow/models/dagbag.py", line 383, in parse
    loader.exec_module(new_module)
  File "<frozen importlib._bootstrap_external>", line 995, in exec_module
  File "<frozen importlib._bootstrap>", line 488, in _call_with_frames_removed
  File "/home/khaled/airflow_venv/lib/python3.12/site-packages/airflow/example_dags/standard/example_trigger_controller_dag.py", line 29, in <module>
    from airflow.sdk import DAG
  File "/home/khaled/airflow_venv/lib/python3.12/site-packages/airflow/sdk/__init__.py", line 134, in __getattr__
    mod = importlib.import_module(module_path, __name__)
          ^^^^^^^^^^^^^^^^^^^^^^^^^^^^^^^^^^^^^^^^^^^^^^
  File "/usr/lib/python3.12/importlib/__init__.py", line 90, in import_module
    return _bootstrap._gcd_import(name[level:], package, level)
           ^^^^^^^^^^^^^^^^^^^^^^^^^^^^^^^^^^^^^^^^^^^^^^^^^^^^
  File "/home/khaled/airflow_venv/lib/python3.12/site-packages/airflow/sdk/definitions/dag.py", line 40, in <module>
    from airflow.exceptions import (
ImportError: cannot import name 'RemovedInAirflow4Warning' from 'airflow.exceptions' (/home/khaled/airflow_venv/lib/python3.12/site-packages/airflow/exceptions.py)
[2025-10-26T15:01:52.693+0000] {processor.py:927} WARNING - No viable dags retrieved from /home/khaled/airflow_venv/lib/python3.12/site-packages/airflow/example_dags/standard/example_trigger_controller_dag.py
[2025-10-26T15:01:52.727+0000] {processor.py:208} INFO - Processing /home/khaled/airflow_venv/lib/python3.12/site-packages/airflow/example_dags/standard/example_trigger_controller_dag.py took 0.048 seconds
