[2025-10-26T15:01:21.894+0000] {processor.py:186} INFO - Started process (PID=11828) to work on /home/khaled/airflow_venv/lib/python3.12/site-packages/airflow/example_dags/standard/example_sensors.py
[2025-10-26T15:01:21.895+0000] {processor.py:914} INFO - Processing file /home/khaled/airflow_venv/lib/python3.12/site-packages/airflow/example_dags/standard/example_sensors.py for tasks to queue
[2025-10-26T15:01:21.895+0000] {logging_mixin.py:190} INFO - [2025-10-26T15:01:21.895+0000] {dagbag.py:588} INFO - Filling up the DagBag from /home/khaled/airflow_venv/lib/python3.12/site-packages/airflow/example_dags/standard/example_sensors.py
[2025-10-26T15:01:21.900+0000] {logging_mixin.py:190} INFO - [2025-10-26T15:01:21.899+0000] {dagbag.py:387} ERROR - Failed to import: /home/khaled/airflow_venv/lib/python3.12/site-packages/airflow/example_dags/standard/example_sensors.py
Traceback (most recent call last):
  File "/home/khaled/airflow_venv/lib/python3.12/site-packages/airflow/models/dagbag.py", line 383, in parse
  File "<frozen importlib._bootstrap_external>", line 995, in exec_module
  File "<frozen importlib._bootstrap>", line 488, in _call_with_frames_removed
  File "/home/khaled/airflow_venv/lib/python3.12/site-packages/airflow/example_dags/standard/example_sensors.py", line 32, in <module>
    from airflow.sdk import DAG
  File "/home/khaled/airflow_venv/lib/python3.12/site-packages/airflow/sdk/__init__.py", line 134, in __getattr__
    mod = importlib.import_module(module_path, __name__)
          ^^^^^^^^^^^^^^^^^^^^^^^^^^^^^^^^^^^^^^^^^^^^^^
  File "/usr/lib/python3.12/importlib/__init__.py", line 90, in import_module
    return _bootstrap._gcd_import(name[level:], package, level)
           ^^^^^^^^^^^^^^^^^^^^^^^^^^^^^^^^^^^^^^^^^^^^^^^^^^^^
  File "/home/khaled/airflow_venv/lib/python3.12/site-packages/airflow/sdk/definitions/dag.py", line 40, in <module>
    from airflow.exceptions import (
ImportError: cannot import name 'RemovedInAirflow4Warning' from 'airflow.exceptions' (/home/khaled/airflow_venv/lib/python3.12/site-packages/airflow/exceptions.py)
[2025-10-26T15:01:21.901+0000] {processor.py:927} WARNING - No viable dags retrieved from /home/khaled/airflow_venv/lib/python3.12/site-packages/airflow/example_dags/standard/example_sensors.py
[2025-10-26T15:01:21.921+0000] {processor.py:208} INFO - Processing /home/khaled/airflow_venv/lib/python3.12/site-packages/airflow/example_dags/standard/example_sensors.py took 0.032 seconds
[2025-10-26T15:01:23.528+0000] {processor.py:186} INFO - Started process (PID=11831) to work on /home/khaled/airflow_venv/lib/python3.12/site-packages/airflow/example_dags/standard/example_sensors.py
[2025-10-26T15:01:23.529+0000] {processor.py:914} INFO - Processing file /home/khaled/airflow_venv/lib/python3.12/site-packages/airflow/example_dags/standard/example_sensors.py for tasks to queue
[2025-10-26T15:01:23.530+0000] {logging_mixin.py:190} INFO - [2025-10-26T15:01:23.530+0000] {dagbag.py:588} INFO - Filling up the DagBag from /home/khaled/airflow_venv/lib/python3.12/site-packages/airflow/example_dags/standard/example_sensors.py
[2025-10-26T15:01:23.533+0000] {logging_mixin.py:190} INFO - [2025-10-26T15:01:23.532+0000] {dagbag.py:387} ERROR - Failed to import: /home/khaled/airflow_venv/lib/python3.12/site-packages/airflow/example_dags/standard/example_sensors.py
Traceback (most recent call last):
  File "/home/khaled/airflow_venv/lib/python3.12/site-packages/airflow/models/dagbag.py", line 383, in parse
  File "<frozen importlib._bootstrap_external>", line 995, in exec_module
  File "<frozen importlib._bootstrap>", line 488, in _call_with_frames_removed
  File "/home/khaled/airflow_venv/lib/python3.12/site-packages/airflow/example_dags/standard/example_sensors.py", line 32, in <module>
    from airflow.sdk import DAG
  File "/home/khaled/airflow_venv/lib/python3.12/site-packages/airflow/sdk/__init__.py", line 134, in __getattr__
    mod = importlib.import_module(module_path, __name__)
          ^^^^^^^^^^^^^^^^^^^^^^^^^^^^^^^^^^^^^^^^^^^^^^
  File "/usr/lib/python3.12/importlib/__init__.py", line 90, in import_module
    return _bootstrap._gcd_import(name[level:], package, level)
           ^^^^^^^^^^^^^^^^^^^^^^^^^^^^^^^^^^^^^^^^^^^^^^^^^^^^
  File "/home/khaled/airflow_venv/lib/python3.12/site-packages/airflow/sdk/definitions/dag.py", line 40, in <module>
    from airflow.exceptions import (
ImportError: cannot import name 'RemovedInAirflow4Warning' from 'airflow.exceptions' (/home/khaled/airflow_venv/lib/python3.12/site-packages/airflow/exceptions.py)
[2025-10-26T15:01:23.534+0000] {processor.py:927} WARNING - No viable dags retrieved from /home/khaled/airflow_venv/lib/python3.12/site-packages/airflow/example_dags/standard/example_sensors.py
[2025-10-26T15:01:23.569+0000] {processor.py:208} INFO - Processing /home/khaled/airflow_venv/lib/python3.12/site-packages/airflow/example_dags/standard/example_sensors.py took 0.046 seconds
[2025-10-26T15:01:52.795+0000] {processor.py:186} INFO - Started process (PID=11995) to work on /home/khaled/airflow_venv/lib/python3.12/site-packages/airflow/example_dags/standard/example_sensors.py
[2025-10-26T15:01:52.796+0000] {processor.py:914} INFO - Processing file /home/khaled/airflow_venv/lib/python3.12/site-packages/airflow/example_dags/standard/example_sensors.py for tasks to queue
[2025-10-26T15:01:52.798+0000] {logging_mixin.py:190} INFO - [2025-10-26T15:01:52.798+0000] {dagbag.py:588} INFO - Filling up the DagBag from /home/khaled/airflow_venv/lib/python3.12/site-packages/airflow/example_dags/standard/example_sensors.py
[2025-10-26T15:01:52.807+0000] {logging_mixin.py:190} INFO - [2025-10-26T15:01:52.802+0000] {dagbag.py:387} ERROR - Failed to import: /home/khaled/airflow_venv/lib/python3.12/site-packages/airflow/example_dags/standard/example_sensors.py
Traceback (most recent call last):
  File "/home/khaled/airflow_venv/lib/python3.12/site-packages/airflow/models/dagbag.py", line 383, in parse
    loader.exec_module(new_module)
  File "<frozen importlib._bootstrap_external>", line 995, in exec_module
  File "<frozen importlib._bootstrap>", line 488, in _call_with_frames_removed
  File "/home/khaled/airflow_venv/lib/python3.12/site-packages/airflow/example_dags/standard/example_sensors.py", line 32, in <module>
    from airflow.sdk import DAG
  File "/home/khaled/airflow_venv/lib/python3.12/site-packages/airflow/sdk/__init__.py", line 134, in __getattr__
    mod = importlib.import_module(module_path, __name__)
          ^^^^^^^^^^^^^^^^^^^^^^^^^^^^^^^^^^^^^^^^^^^^^^
  File "/usr/lib/python3.12/importlib/__init__.py", line 90, in import_module
    return _bootstrap._gcd_import(name[level:], package, level)
           ^^^^^^^^^^^^^^^^^^^^^^^^^^^^^^^^^^^^^^^^^^^^^^^^^^^^
  File "/home/khaled/airflow_venv/lib/python3.12/site-packages/airflow/sdk/definitions/dag.py", line 40, in <module>
    from airflow.exceptions import (
ImportError: cannot import name 'RemovedInAirflow4Warning' from 'airflow.exceptions' (/home/khaled/airflow_venv/lib/python3.12/site-packages/airflow/exceptions.py)
[2025-10-26T15:01:52.807+0000] {processor.py:927} WARNING - No viable dags retrieved from /home/khaled/airflow_venv/lib/python3.12/site-packages/airflow/example_dags/standard/example_sensors.py
[2025-10-26T15:01:52.828+0000] {processor.py:208} INFO - Processing /home/khaled/airflow_venv/lib/python3.12/site-packages/airflow/example_dags/standard/example_sensors.py took 0.043 seconds
[2025-10-26T15:01:55.056+0000] {processor.py:186} INFO - Started process (PID=11999) to work on /home/khaled/airflow_venv/lib/python3.12/site-packages/airflow/example_dags/standard/example_sensors.py
[2025-10-26T15:01:55.057+0000] {processor.py:914} INFO - Processing file /home/khaled/airflow_venv/lib/python3.12/site-packages/airflow/example_dags/standard/example_sensors.py for tasks to queue
[2025-10-26T15:01:55.058+0000] {logging_mixin.py:190} INFO - [2025-10-26T15:01:55.057+0000] {dagbag.py:588} INFO - Filling up the DagBag from /home/khaled/airflow_venv/lib/python3.12/site-packages/airflow/example_dags/standard/example_sensors.py
[2025-10-26T15:01:55.062+0000] {logging_mixin.py:190} INFO - [2025-10-26T15:01:55.061+0000] {dagbag.py:387} ERROR - Failed to import: /home/khaled/airflow_venv/lib/python3.12/site-packages/airflow/example_dags/standard/example_sensors.py
Traceback (most recent call last):
  File "/home/khaled/airflow_venv/lib/python3.12/site-packages/airflow/models/dagbag.py", line 383, in parse
    loader.exec_module(new_module)
  File "<frozen importlib._bootstrap_external>", line 995, in exec_module
  File "<frozen importlib._bootstrap>", line 488, in _call_with_frames_removed
  File "/home/khaled/airflow_venv/lib/python3.12/site-packages/airflow/example_dags/standard/example_sensors.py", line 32, in <module>
    from airflow.sdk import DAG
  File "/home/khaled/airflow_venv/lib/python3.12/site-packages/airflow/sdk/__init__.py", line 134, in __getattr__
    mod = importlib.import_module(module_path, __name__)
          ^^^^^^^^^^^^^^^^^^^^^^^^^^^^^^^^^^^^^^^^^^^^^^
  File "/usr/lib/python3.12/importlib/__init__.py", line 90, in import_module
    return _bootstrap._gcd_import(name[level:], package, level)
           ^^^^^^^^^^^^^^^^^^^^^^^^^^^^^^^^^^^^^^^^^^^^^^^^^^^^
  File "/home/khaled/airflow_venv/lib/python3.12/site-packages/airflow/sdk/definitions/dag.py", line 40, in <module>
    from airflow.exceptions import (
ImportError: cannot import name 'RemovedInAirflow4Warning' from 'airflow.exceptions' (/home/khaled/airflow_venv/lib/python3.12/site-packages/airflow/exceptions.py)
[2025-10-26T15:01:55.063+0000] {processor.py:927} WARNING - No viable dags retrieved from /home/khaled/airflow_venv/lib/python3.12/site-packages/airflow/example_dags/standard/example_sensors.py
[2025-10-26T15:01:55.107+0000] {processor.py:208} INFO - Processing /home/khaled/airflow_venv/lib/python3.12/site-packages/airflow/example_dags/standard/example_sensors.py took 0.059 seconds
