[2025-10-26T15:01:26.430+0000] {processor.py:186} INFO - Started process (PID=11858) to work on /home/khaled/airflow_venv/lib/python3.12/site-packages/airflow/example_dags/standard/example_latest_only.py
[2025-10-26T15:01:26.431+0000] {processor.py:914} INFO - Processing file /home/khaled/airflow_venv/lib/python3.12/site-packages/airflow/example_dags/standard/example_latest_only.py for tasks to queue
[2025-10-26T15:01:26.432+0000] {logging_mixin.py:190} INFO - [2025-10-26T15:01:26.432+0000] {dagbag.py:588} INFO - Filling up the DagBag from /home/khaled/airflow_venv/lib/python3.12/site-packages/airflow/example_dags/standard/example_latest_only.py
[2025-10-26T15:01:26.436+0000] {logging_mixin.py:190} INFO - [2025-10-26T15:01:26.434+0000] {dagbag.py:387} ERROR - Failed to import: /home/khaled/airflow_venv/lib/python3.12/site-packages/airflow/example_dags/standard/example_latest_only.py
Traceback (most recent call last):
  File "/home/khaled/airflow_venv/lib/python3.12/site-packages/airflow/models/dagbag.py", line 383, in parse
  File "<frozen importlib._bootstrap_external>", line 995, in exec_module
  File "<frozen importlib._bootstrap>", line 488, in _call_with_frames_removed
  File "/home/khaled/airflow_venv/lib/python3.12/site-packages/airflow/example_dags/standard/example_latest_only.py", line 26, in <module>
    from airflow.sdk import DAG
  File "/home/khaled/airflow_venv/lib/python3.12/site-packages/airflow/sdk/__init__.py", line 134, in __getattr__
    mod = importlib.import_module(module_path, __name__)
          ^^^^^^^^^^^^^^^^^^^^^^^^^^^^^^^^^^^^^^^^^^^^^^
  File "/usr/lib/python3.12/importlib/__init__.py", line 90, in import_module
    return _bootstrap._gcd_import(name[level:], package, level)
           ^^^^^^^^^^^^^^^^^^^^^^^^^^^^^^^^^^^^^^^^^^^^^^^^^^^^
  File "/home/khaled/airflow_venv/lib/python3.12/site-packages/airflow/sdk/definitions/dag.py", line 40, in <module>
    from airflow.exceptions import (
ImportError: cannot import name 'RemovedInAirflow4Warning' from 'airflow.exceptions' (/home/khaled/airflow_venv/lib/python3.12/site-packages/airflow/exceptions.py)
[2025-10-26T15:01:26.436+0000] {processor.py:927} WARNING - No viable dags retrieved from /home/khaled/airflow_venv/lib/python3.12/site-packages/airflow/example_dags/standard/example_latest_only.py
[2025-10-26T15:01:26.452+0000] {processor.py:208} INFO - Processing /home/khaled/airflow_venv/lib/python3.12/site-packages/airflow/example_dags/standard/example_latest_only.py took 0.028 seconds
[2025-10-26T15:01:28.052+0000] {processor.py:186} INFO - Started process (PID=11863) to work on /home/khaled/airflow_venv/lib/python3.12/site-packages/airflow/example_dags/standard/example_latest_only.py
[2025-10-26T15:01:28.053+0000] {processor.py:914} INFO - Processing file /home/khaled/airflow_venv/lib/python3.12/site-packages/airflow/example_dags/standard/example_latest_only.py for tasks to queue
[2025-10-26T15:01:28.054+0000] {logging_mixin.py:190} INFO - [2025-10-26T15:01:28.054+0000] {dagbag.py:588} INFO - Filling up the DagBag from /home/khaled/airflow_venv/lib/python3.12/site-packages/airflow/example_dags/standard/example_latest_only.py
[2025-10-26T15:01:28.058+0000] {logging_mixin.py:190} INFO - [2025-10-26T15:01:28.057+0000] {dagbag.py:387} ERROR - Failed to import: /home/khaled/airflow_venv/lib/python3.12/site-packages/airflow/example_dags/standard/example_latest_only.py
Traceback (most recent call last):
  File "/home/khaled/airflow_venv/lib/python3.12/site-packages/airflow/models/dagbag.py", line 383, in parse
    loader.exec_module(new_module)
  File "<frozen importlib._bootstrap_external>", line 995, in exec_module
  File "<frozen importlib._bootstrap>", line 488, in _call_with_frames_removed
  File "/home/khaled/airflow_venv/lib/python3.12/site-packages/airflow/example_dags/standard/example_latest_only.py", line 26, in <module>
    from airflow.sdk import DAG
  File "/home/khaled/airflow_venv/lib/python3.12/site-packages/airflow/sdk/__init__.py", line 134, in __getattr__
    mod = importlib.import_module(module_path, __name__)
          ^^^^^^^^^^^^^^^^^^^^^^^^^^^^^^^^^^^^^^^^^^^^^^
  File "/usr/lib/python3.12/importlib/__init__.py", line 90, in import_module
    return _bootstrap._gcd_import(name[level:], package, level)
           ^^^^^^^^^^^^^^^^^^^^^^^^^^^^^^^^^^^^^^^^^^^^^^^^^^^^
  File "/home/khaled/airflow_venv/lib/python3.12/site-packages/airflow/sdk/definitions/dag.py", line 40, in <module>
    from airflow.exceptions import (
ImportError: cannot import name 'RemovedInAirflow4Warning' from 'airflow.exceptions' (/home/khaled/airflow_venv/lib/python3.12/site-packages/airflow/exceptions.py)
[2025-10-26T15:01:28.058+0000] {processor.py:927} WARNING - No viable dags retrieved from /home/khaled/airflow_venv/lib/python3.12/site-packages/airflow/example_dags/standard/example_latest_only.py
[2025-10-26T15:01:28.078+0000] {processor.py:208} INFO - Processing /home/khaled/airflow_venv/lib/python3.12/site-packages/airflow/example_dags/standard/example_latest_only.py took 0.032 seconds
[2025-10-26T15:01:57.520+0000] {processor.py:186} INFO - Started process (PID=12026) to work on /home/khaled/airflow_venv/lib/python3.12/site-packages/airflow/example_dags/standard/example_latest_only.py
[2025-10-26T15:01:57.521+0000] {processor.py:914} INFO - Processing file /home/khaled/airflow_venv/lib/python3.12/site-packages/airflow/example_dags/standard/example_latest_only.py for tasks to queue
[2025-10-26T15:01:57.522+0000] {logging_mixin.py:190} INFO - [2025-10-26T15:01:57.522+0000] {dagbag.py:588} INFO - Filling up the DagBag from /home/khaled/airflow_venv/lib/python3.12/site-packages/airflow/example_dags/standard/example_latest_only.py
[2025-10-26T15:01:57.526+0000] {logging_mixin.py:190} INFO - [2025-10-26T15:01:57.525+0000] {dagbag.py:387} ERROR - Failed to import: /home/khaled/airflow_venv/lib/python3.12/site-packages/airflow/example_dags/standard/example_latest_only.py
Traceback (most recent call last):
  File "/home/khaled/airflow_venv/lib/python3.12/site-packages/airflow/models/dagbag.py", line 383, in parse
    loader.exec_module(new_module)
  File "<frozen importlib._bootstrap_external>", line 995, in exec_module
  File "<frozen importlib._bootstrap>", line 488, in _call_with_frames_removed
  File "/home/khaled/airflow_venv/lib/python3.12/site-packages/airflow/example_dags/standard/example_latest_only.py", line 26, in <module>
    from airflow.sdk import DAG
  File "/home/khaled/airflow_venv/lib/python3.12/site-packages/airflow/sdk/__init__.py", line 134, in __getattr__
    mod = importlib.import_module(module_path, __name__)
          ^^^^^^^^^^^^^^^^^^^^^^^^^^^^^^^^^^^^^^^^^^^^^^
  File "/usr/lib/python3.12/importlib/__init__.py", line 90, in import_module
    return _bootstrap._gcd_import(name[level:], package, level)
           ^^^^^^^^^^^^^^^^^^^^^^^^^^^^^^^^^^^^^^^^^^^^^^^^^^^^
  File "/home/khaled/airflow_venv/lib/python3.12/site-packages/airflow/sdk/definitions/dag.py", line 40, in <module>
    from airflow.exceptions import (
ImportError: cannot import name 'RemovedInAirflow4Warning' from 'airflow.exceptions' (/home/khaled/airflow_venv/lib/python3.12/site-packages/airflow/exceptions.py)
[2025-10-26T15:01:57.527+0000] {processor.py:927} WARNING - No viable dags retrieved from /home/khaled/airflow_venv/lib/python3.12/site-packages/airflow/example_dags/standard/example_latest_only.py
[2025-10-26T15:01:57.546+0000] {processor.py:208} INFO - Processing /home/khaled/airflow_venv/lib/python3.12/site-packages/airflow/example_dags/standard/example_latest_only.py took 0.032 seconds
[2025-10-26T15:01:59.631+0000] {processor.py:186} INFO - Started process (PID=12030) to work on /home/khaled/airflow_venv/lib/python3.12/site-packages/airflow/example_dags/standard/example_latest_only.py
[2025-10-26T15:01:59.638+0000] {processor.py:914} INFO - Processing file /home/khaled/airflow_venv/lib/python3.12/site-packages/airflow/example_dags/standard/example_latest_only.py for tasks to queue
[2025-10-26T15:01:59.640+0000] {logging_mixin.py:190} INFO - [2025-10-26T15:01:59.639+0000] {dagbag.py:588} INFO - Filling up the DagBag from /home/khaled/airflow_venv/lib/python3.12/site-packages/airflow/example_dags/standard/example_latest_only.py
[2025-10-26T15:01:59.648+0000] {logging_mixin.py:190} INFO - [2025-10-26T15:01:59.646+0000] {dagbag.py:387} ERROR - Failed to import: /home/khaled/airflow_venv/lib/python3.12/site-packages/airflow/example_dags/standard/example_latest_only.py
Traceback (most recent call last):
  File "/home/khaled/airflow_venv/lib/python3.12/site-packages/airflow/models/dagbag.py", line 383, in parse
    loader.exec_module(new_module)
  File "<frozen importlib._bootstrap_external>", line 995, in exec_module
  File "<frozen importlib._bootstrap>", line 488, in _call_with_frames_removed
  File "/home/khaled/airflow_venv/lib/python3.12/site-packages/airflow/example_dags/standard/example_latest_only.py", line 26, in <module>
    from airflow.sdk import DAG
  File "/home/khaled/airflow_venv/lib/python3.12/site-packages/airflow/sdk/__init__.py", line 134, in __getattr__
    mod = importlib.import_module(module_path, __name__)
          ^^^^^^^^^^^^^^^^^^^^^^^^^^^^^^^^^^^^^^^^^^^^^^
  File "/usr/lib/python3.12/importlib/__init__.py", line 90, in import_module
    return _bootstrap._gcd_import(name[level:], package, level)
           ^^^^^^^^^^^^^^^^^^^^^^^^^^^^^^^^^^^^^^^^^^^^^^^^^^^^
  File "/home/khaled/airflow_venv/lib/python3.12/site-packages/airflow/sdk/definitions/dag.py", line 40, in <module>
    from airflow.exceptions import (
ImportError: cannot import name 'RemovedInAirflow4Warning' from 'airflow.exceptions' (/home/khaled/airflow_venv/lib/python3.12/site-packages/airflow/exceptions.py)
[2025-10-26T15:01:59.649+0000] {processor.py:927} WARNING - No viable dags retrieved from /home/khaled/airflow_venv/lib/python3.12/site-packages/airflow/example_dags/standard/example_latest_only.py
[2025-10-26T15:01:59.669+0000] {processor.py:208} INFO - Processing /home/khaled/airflow_venv/lib/python3.12/site-packages/airflow/example_dags/standard/example_latest_only.py took 0.052 seconds
