[2025-10-26T15:01:27.583+0000] {processor.py:186} INFO - Started process (PID=11860) to work on /home/khaled/airflow_venv/lib/python3.12/site-packages/airflow/example_dags/standard/example_hitl_operator.py
[2025-10-26T15:01:27.590+0000] {processor.py:914} INFO - Processing file /home/khaled/airflow_venv/lib/python3.12/site-packages/airflow/example_dags/standard/example_hitl_operator.py for tasks to queue
[2025-10-26T15:01:27.594+0000] {logging_mixin.py:190} INFO - [2025-10-26T15:01:27.593+0000] {dagbag.py:588} INFO - Filling up the DagBag from /home/khaled/airflow_venv/lib/python3.12/site-packages/airflow/example_dags/standard/example_hitl_operator.py
[2025-10-26T15:01:27.602+0000] {logging_mixin.py:190} INFO - [2025-10-26T15:01:27.601+0000] {dagbag.py:387} ERROR - Failed to import: /home/khaled/airflow_venv/lib/python3.12/site-packages/airflow/example_dags/standard/example_hitl_operator.py
Traceback (most recent call last):
  File "/home/khaled/airflow_venv/lib/python3.12/site-packages/airflow/models/dagbag.py", line 383, in parse
  File "<frozen importlib._bootstrap_external>", line 995, in exec_module
  File "<frozen importlib._bootstrap>", line 488, in _call_with_frames_removed
  File "/home/khaled/airflow_venv/lib/python3.12/site-packages/airflow/example_dags/standard/example_hitl_operator.py", line 25, in <module>
    from airflow.providers.standard.operators.hitl import (
  File "/home/khaled/airflow_venv/lib/python3.12/site-packages/airflow/providers/standard/operators/hitl.py", line 25, in <module>
    raise AirflowOptionalProviderFeatureException("Human in the loop functionality needs Airflow 3.1+.")
airflow.exceptions.AirflowOptionalProviderFeatureException: Human in the loop functionality needs Airflow 3.1+.
[2025-10-26T15:01:27.603+0000] {processor.py:927} WARNING - No viable dags retrieved from /home/khaled/airflow_venv/lib/python3.12/site-packages/airflow/example_dags/standard/example_hitl_operator.py
[2025-10-26T15:01:27.621+0000] {processor.py:208} INFO - Processing /home/khaled/airflow_venv/lib/python3.12/site-packages/airflow/example_dags/standard/example_hitl_operator.py took 0.048 seconds
[2025-10-26T15:01:28.680+0000] {processor.py:186} INFO - Started process (PID=11864) to work on /home/khaled/airflow_venv/lib/python3.12/site-packages/airflow/example_dags/standard/example_hitl_operator.py
[2025-10-26T15:01:28.680+0000] {processor.py:914} INFO - Processing file /home/khaled/airflow_venv/lib/python3.12/site-packages/airflow/example_dags/standard/example_hitl_operator.py for tasks to queue
[2025-10-26T15:01:28.681+0000] {logging_mixin.py:190} INFO - [2025-10-26T15:01:28.681+0000] {dagbag.py:588} INFO - Filling up the DagBag from /home/khaled/airflow_venv/lib/python3.12/site-packages/airflow/example_dags/standard/example_hitl_operator.py
[2025-10-26T15:01:28.683+0000] {logging_mixin.py:190} INFO - [2025-10-26T15:01:28.683+0000] {dagbag.py:387} ERROR - Failed to import: /home/khaled/airflow_venv/lib/python3.12/site-packages/airflow/example_dags/standard/example_hitl_operator.py
Traceback (most recent call last):
  File "/home/khaled/airflow_venv/lib/python3.12/site-packages/airflow/models/dagbag.py", line 383, in parse
    loader.exec_module(new_module)
  File "<frozen importlib._bootstrap_external>", line 995, in exec_module
  File "<frozen importlib._bootstrap>", line 488, in _call_with_frames_removed
  File "/home/khaled/airflow_venv/lib/python3.12/site-packages/airflow/example_dags/standard/example_hitl_operator.py", line 25, in <module>
    from airflow.providers.standard.operators.hitl import (
  File "/home/khaled/airflow_venv/lib/python3.12/site-packages/airflow/providers/standard/operators/hitl.py", line 25, in <module>
    raise AirflowOptionalProviderFeatureException("Human in the loop functionality needs Airflow 3.1+.")
airflow.exceptions.AirflowOptionalProviderFeatureException: Human in the loop functionality needs Airflow 3.1+.
[2025-10-26T15:01:28.684+0000] {processor.py:927} WARNING - No viable dags retrieved from /home/khaled/airflow_venv/lib/python3.12/site-packages/airflow/example_dags/standard/example_hitl_operator.py
[2025-10-26T15:01:28.713+0000] {processor.py:208} INFO - Processing /home/khaled/airflow_venv/lib/python3.12/site-packages/airflow/example_dags/standard/example_hitl_operator.py took 0.038 seconds
[2025-10-26T15:01:58.058+0000] {processor.py:186} INFO - Started process (PID=12027) to work on /home/khaled/airflow_venv/lib/python3.12/site-packages/airflow/example_dags/standard/example_hitl_operator.py
[2025-10-26T15:01:58.060+0000] {processor.py:914} INFO - Processing file /home/khaled/airflow_venv/lib/python3.12/site-packages/airflow/example_dags/standard/example_hitl_operator.py for tasks to queue
[2025-10-26T15:01:58.062+0000] {logging_mixin.py:190} INFO - [2025-10-26T15:01:58.061+0000] {dagbag.py:588} INFO - Filling up the DagBag from /home/khaled/airflow_venv/lib/python3.12/site-packages/airflow/example_dags/standard/example_hitl_operator.py
[2025-10-26T15:01:58.066+0000] {logging_mixin.py:190} INFO - [2025-10-26T15:01:58.064+0000] {dagbag.py:387} ERROR - Failed to import: /home/khaled/airflow_venv/lib/python3.12/site-packages/airflow/example_dags/standard/example_hitl_operator.py
Traceback (most recent call last):
  File "/home/khaled/airflow_venv/lib/python3.12/site-packages/airflow/models/dagbag.py", line 383, in parse
    loader.exec_module(new_module)
  File "<frozen importlib._bootstrap_external>", line 995, in exec_module
  File "<frozen importlib._bootstrap>", line 488, in _call_with_frames_removed
  File "/home/khaled/airflow_venv/lib/python3.12/site-packages/airflow/example_dags/standard/example_hitl_operator.py", line 25, in <module>
    from airflow.providers.standard.operators.hitl import (
  File "/home/khaled/airflow_venv/lib/python3.12/site-packages/airflow/providers/standard/operators/hitl.py", line 25, in <module>
    raise AirflowOptionalProviderFeatureException("Human in the loop functionality needs Airflow 3.1+.")
airflow.exceptions.AirflowOptionalProviderFeatureException: Human in the loop functionality needs Airflow 3.1+.
[2025-10-26T15:01:58.067+0000] {processor.py:927} WARNING - No viable dags retrieved from /home/khaled/airflow_venv/lib/python3.12/site-packages/airflow/example_dags/standard/example_hitl_operator.py
[2025-10-26T15:01:58.098+0000] {processor.py:208} INFO - Processing /home/khaled/airflow_venv/lib/python3.12/site-packages/airflow/example_dags/standard/example_hitl_operator.py took 0.047 seconds
[2025-10-26T15:02:00.789+0000] {processor.py:186} INFO - Started process (PID=12033) to work on /home/khaled/airflow_venv/lib/python3.12/site-packages/airflow/example_dags/standard/example_hitl_operator.py
[2025-10-26T15:02:00.790+0000] {processor.py:914} INFO - Processing file /home/khaled/airflow_venv/lib/python3.12/site-packages/airflow/example_dags/standard/example_hitl_operator.py for tasks to queue
[2025-10-26T15:02:00.791+0000] {logging_mixin.py:190} INFO - [2025-10-26T15:02:00.790+0000] {dagbag.py:588} INFO - Filling up the DagBag from /home/khaled/airflow_venv/lib/python3.12/site-packages/airflow/example_dags/standard/example_hitl_operator.py
[2025-10-26T15:02:00.794+0000] {logging_mixin.py:190} INFO - [2025-10-26T15:02:00.793+0000] {dagbag.py:387} ERROR - Failed to import: /home/khaled/airflow_venv/lib/python3.12/site-packages/airflow/example_dags/standard/example_hitl_operator.py
Traceback (most recent call last):
  File "/home/khaled/airflow_venv/lib/python3.12/site-packages/airflow/models/dagbag.py", line 383, in parse
    loader.exec_module(new_module)
  File "<frozen importlib._bootstrap_external>", line 995, in exec_module
  File "<frozen importlib._bootstrap>", line 488, in _call_with_frames_removed
  File "/home/khaled/airflow_venv/lib/python3.12/site-packages/airflow/example_dags/standard/example_hitl_operator.py", line 25, in <module>
    from airflow.providers.standard.operators.hitl import (
  File "/home/khaled/airflow_venv/lib/python3.12/site-packages/airflow/providers/standard/operators/hitl.py", line 25, in <module>
    raise AirflowOptionalProviderFeatureException("Human in the loop functionality needs Airflow 3.1+.")
airflow.exceptions.AirflowOptionalProviderFeatureException: Human in the loop functionality needs Airflow 3.1+.
[2025-10-26T15:02:00.794+0000] {processor.py:927} WARNING - No viable dags retrieved from /home/khaled/airflow_venv/lib/python3.12/site-packages/airflow/example_dags/standard/example_hitl_operator.py
[2025-10-26T15:02:00.814+0000] {processor.py:208} INFO - Processing /home/khaled/airflow_venv/lib/python3.12/site-packages/airflow/example_dags/standard/example_hitl_operator.py took 0.030 seconds
