[2025-10-22T12:12:04.776+0000] {processor.py:161} INFO - Started process (PID=8203) to work on /home/khaled/dbt-env/lib/python3.12/site-packages/airflow/example_dags/example_setup_teardown.py
[2025-10-22T12:12:04.779+0000] {processor.py:830} INFO - Processing file /home/khaled/dbt-env/lib/python3.12/site-packages/airflow/example_dags/example_setup_teardown.py for tasks to queue
[2025-10-22T12:12:04.782+0000] {logging_mixin.py:188} INFO - [2025-10-22T12:12:04.782+0000] {dagbag.py:545} INFO - Filling up the DagBag from /home/khaled/dbt-env/lib/python3.12/site-packages/airflow/example_dags/example_setup_teardown.py
[2025-10-22T12:12:04.788+0000] {processor.py:840} INFO - DAG(s) 'example_setup_teardown' retrieved from /home/khaled/dbt-env/lib/python3.12/site-packages/airflow/example_dags/example_setup_teardown.py
[2025-10-22T12:12:04.862+0000] {logging_mixin.py:188} INFO - [2025-10-22T12:12:04.862+0000] {dag.py:3089} INFO - Sync 1 DAGs
[2025-10-22T12:12:04.874+0000] {logging_mixin.py:188} INFO - [2025-10-22T12:12:04.874+0000] {dag.py:3947} INFO - Setting next_dagrun for example_setup_teardown to 2025-10-21 00:00:00+00:00, run_after=2025-10-22 00:00:00+00:00
[2025-10-22T12:12:04.906+0000] {processor.py:183} INFO - Processing /home/khaled/dbt-env/lib/python3.12/site-packages/airflow/example_dags/example_setup_teardown.py took 0.136 seconds
[2025-10-22T12:13:19.470+0000] {processor.py:161} INFO - Started process (PID=8983) to work on /home/khaled/dbt-env/lib/python3.12/site-packages/airflow/example_dags/example_setup_teardown.py
[2025-10-22T12:13:19.484+0000] {processor.py:830} INFO - Processing file /home/khaled/dbt-env/lib/python3.12/site-packages/airflow/example_dags/example_setup_teardown.py for tasks to queue
[2025-10-22T12:13:19.485+0000] {logging_mixin.py:188} INFO - [2025-10-22T12:13:19.485+0000] {dagbag.py:545} INFO - Filling up the DagBag from /home/khaled/dbt-env/lib/python3.12/site-packages/airflow/example_dags/example_setup_teardown.py
[2025-10-22T12:13:19.492+0000] {processor.py:840} INFO - DAG(s) 'example_setup_teardown' retrieved from /home/khaled/dbt-env/lib/python3.12/site-packages/airflow/example_dags/example_setup_teardown.py
[2025-10-22T12:13:19.508+0000] {logging_mixin.py:188} INFO - [2025-10-22T12:13:19.508+0000] {dag.py:3089} INFO - Sync 1 DAGs
[2025-10-22T12:13:19.527+0000] {logging_mixin.py:188} INFO - [2025-10-22T12:13:19.527+0000] {dag.py:3947} INFO - Setting next_dagrun for example_setup_teardown to 2025-10-21 00:00:00+00:00, run_after=2025-10-22 00:00:00+00:00
[2025-10-22T12:13:19.556+0000] {processor.py:183} INFO - Processing /home/khaled/dbt-env/lib/python3.12/site-packages/airflow/example_dags/example_setup_teardown.py took 0.094 seconds
[2025-10-22T12:14:16.447+0000] {processor.py:161} INFO - Started process (PID=9312) to work on /home/khaled/dbt-env/lib/python3.12/site-packages/airflow/example_dags/example_setup_teardown.py
[2025-10-22T12:14:16.461+0000] {processor.py:830} INFO - Processing file /home/khaled/dbt-env/lib/python3.12/site-packages/airflow/example_dags/example_setup_teardown.py for tasks to queue
[2025-10-22T12:14:16.463+0000] {logging_mixin.py:188} INFO - [2025-10-22T12:14:16.463+0000] {dagbag.py:545} INFO - Filling up the DagBag from /home/khaled/dbt-env/lib/python3.12/site-packages/airflow/example_dags/example_setup_teardown.py
[2025-10-22T12:14:16.470+0000] {processor.py:840} INFO - DAG(s) 'example_setup_teardown' retrieved from /home/khaled/dbt-env/lib/python3.12/site-packages/airflow/example_dags/example_setup_teardown.py
[2025-10-22T12:14:16.483+0000] {logging_mixin.py:188} INFO - [2025-10-22T12:14:16.483+0000] {dag.py:3089} INFO - Sync 1 DAGs
[2025-10-22T12:14:16.501+0000] {logging_mixin.py:188} INFO - [2025-10-22T12:14:16.501+0000] {dag.py:3947} INFO - Setting next_dagrun for example_setup_teardown to 2025-10-21 00:00:00+00:00, run_after=2025-10-22 00:00:00+00:00
[2025-10-22T12:14:16.533+0000] {processor.py:183} INFO - Processing /home/khaled/dbt-env/lib/python3.12/site-packages/airflow/example_dags/example_setup_teardown.py took 0.101 seconds
[2025-10-22T12:15:08.500+0000] {processor.py:161} INFO - Started process (PID=9483) to work on /home/khaled/dbt-env/lib/python3.12/site-packages/airflow/example_dags/example_setup_teardown.py
[2025-10-22T12:15:08.503+0000] {processor.py:830} INFO - Processing file /home/khaled/dbt-env/lib/python3.12/site-packages/airflow/example_dags/example_setup_teardown.py for tasks to queue
[2025-10-22T12:15:08.504+0000] {logging_mixin.py:188} INFO - [2025-10-22T12:15:08.504+0000] {dagbag.py:545} INFO - Filling up the DagBag from /home/khaled/dbt-env/lib/python3.12/site-packages/airflow/example_dags/example_setup_teardown.py
[2025-10-22T12:15:08.509+0000] {processor.py:840} INFO - DAG(s) 'example_setup_teardown' retrieved from /home/khaled/dbt-env/lib/python3.12/site-packages/airflow/example_dags/example_setup_teardown.py
[2025-10-22T12:15:08.524+0000] {logging_mixin.py:188} INFO - [2025-10-22T12:15:08.523+0000] {dag.py:3089} INFO - Sync 1 DAGs
[2025-10-22T12:15:08.540+0000] {logging_mixin.py:188} INFO - [2025-10-22T12:15:08.540+0000] {dag.py:3947} INFO - Setting next_dagrun for example_setup_teardown to 2025-10-21 00:00:00+00:00, run_after=2025-10-22 00:00:00+00:00
[2025-10-22T12:15:08.560+0000] {processor.py:183} INFO - Processing /home/khaled/dbt-env/lib/python3.12/site-packages/airflow/example_dags/example_setup_teardown.py took 0.064 seconds
[2025-10-22T12:15:56.356+0000] {processor.py:161} INFO - Started process (PID=9632) to work on /home/khaled/dbt-env/lib/python3.12/site-packages/airflow/example_dags/example_setup_teardown.py
[2025-10-22T12:15:56.367+0000] {processor.py:830} INFO - Processing file /home/khaled/dbt-env/lib/python3.12/site-packages/airflow/example_dags/example_setup_teardown.py for tasks to queue
[2025-10-22T12:15:56.369+0000] {logging_mixin.py:188} INFO - [2025-10-22T12:15:56.369+0000] {dagbag.py:545} INFO - Filling up the DagBag from /home/khaled/dbt-env/lib/python3.12/site-packages/airflow/example_dags/example_setup_teardown.py
[2025-10-22T12:15:56.375+0000] {processor.py:840} INFO - DAG(s) 'example_setup_teardown' retrieved from /home/khaled/dbt-env/lib/python3.12/site-packages/airflow/example_dags/example_setup_teardown.py
[2025-10-22T12:15:56.388+0000] {logging_mixin.py:188} INFO - [2025-10-22T12:15:56.388+0000] {dag.py:3089} INFO - Sync 1 DAGs
[2025-10-22T12:15:56.399+0000] {logging_mixin.py:188} INFO - [2025-10-22T12:15:56.399+0000] {dag.py:3947} INFO - Setting next_dagrun for example_setup_teardown to 2025-10-21 00:00:00+00:00, run_after=2025-10-22 00:00:00+00:00
[2025-10-22T12:15:56.420+0000] {processor.py:183} INFO - Processing /home/khaled/dbt-env/lib/python3.12/site-packages/airflow/example_dags/example_setup_teardown.py took 0.069 seconds
[2025-10-22T12:16:48.123+0000] {processor.py:161} INFO - Started process (PID=9787) to work on /home/khaled/dbt-env/lib/python3.12/site-packages/airflow/example_dags/example_setup_teardown.py
[2025-10-22T12:16:48.124+0000] {processor.py:830} INFO - Processing file /home/khaled/dbt-env/lib/python3.12/site-packages/airflow/example_dags/example_setup_teardown.py for tasks to queue
[2025-10-22T12:16:48.125+0000] {logging_mixin.py:188} INFO - [2025-10-22T12:16:48.125+0000] {dagbag.py:545} INFO - Filling up the DagBag from /home/khaled/dbt-env/lib/python3.12/site-packages/airflow/example_dags/example_setup_teardown.py
[2025-10-22T12:16:48.130+0000] {processor.py:840} INFO - DAG(s) 'example_setup_teardown' retrieved from /home/khaled/dbt-env/lib/python3.12/site-packages/airflow/example_dags/example_setup_teardown.py
[2025-10-22T12:16:48.142+0000] {logging_mixin.py:188} INFO - [2025-10-22T12:16:48.142+0000] {dag.py:3089} INFO - Sync 1 DAGs
[2025-10-22T12:16:48.156+0000] {logging_mixin.py:188} INFO - [2025-10-22T12:16:48.156+0000] {dag.py:3947} INFO - Setting next_dagrun for example_setup_teardown to 2025-10-21 00:00:00+00:00, run_after=2025-10-22 00:00:00+00:00
[2025-10-22T12:16:48.176+0000] {processor.py:183} INFO - Processing /home/khaled/dbt-env/lib/python3.12/site-packages/airflow/example_dags/example_setup_teardown.py took 0.057 seconds
[2025-10-22T12:17:46.747+0000] {processor.py:161} INFO - Started process (PID=10081) to work on /home/khaled/dbt-env/lib/python3.12/site-packages/airflow/example_dags/example_setup_teardown.py
[2025-10-22T12:17:46.749+0000] {processor.py:830} INFO - Processing file /home/khaled/dbt-env/lib/python3.12/site-packages/airflow/example_dags/example_setup_teardown.py for tasks to queue
[2025-10-22T12:17:46.750+0000] {logging_mixin.py:188} INFO - [2025-10-22T12:17:46.750+0000] {dagbag.py:545} INFO - Filling up the DagBag from /home/khaled/dbt-env/lib/python3.12/site-packages/airflow/example_dags/example_setup_teardown.py
[2025-10-22T12:17:46.754+0000] {processor.py:840} INFO - DAG(s) 'example_setup_teardown' retrieved from /home/khaled/dbt-env/lib/python3.12/site-packages/airflow/example_dags/example_setup_teardown.py
[2025-10-22T12:17:46.767+0000] {logging_mixin.py:188} INFO - [2025-10-22T12:17:46.766+0000] {dag.py:3089} INFO - Sync 1 DAGs
[2025-10-22T12:17:46.781+0000] {logging_mixin.py:188} INFO - [2025-10-22T12:17:46.780+0000] {dag.py:3947} INFO - Setting next_dagrun for example_setup_teardown to 2025-10-21 00:00:00+00:00, run_after=2025-10-22 00:00:00+00:00
[2025-10-22T12:17:46.813+0000] {processor.py:183} INFO - Processing /home/khaled/dbt-env/lib/python3.12/site-packages/airflow/example_dags/example_setup_teardown.py took 0.069 seconds
[2025-10-22T12:19:25.848+0000] {processor.py:161} INFO - Started process (PID=10366) to work on /home/khaled/dbt-env/lib/python3.12/site-packages/airflow/example_dags/example_setup_teardown.py
[2025-10-22T12:19:25.857+0000] {processor.py:830} INFO - Processing file /home/khaled/dbt-env/lib/python3.12/site-packages/airflow/example_dags/example_setup_teardown.py for tasks to queue
[2025-10-22T12:19:25.858+0000] {logging_mixin.py:188} INFO - [2025-10-22T12:19:25.858+0000] {dagbag.py:545} INFO - Filling up the DagBag from /home/khaled/dbt-env/lib/python3.12/site-packages/airflow/example_dags/example_setup_teardown.py
[2025-10-22T12:19:25.863+0000] {processor.py:840} INFO - DAG(s) 'example_setup_teardown' retrieved from /home/khaled/dbt-env/lib/python3.12/site-packages/airflow/example_dags/example_setup_teardown.py
[2025-10-22T12:19:25.875+0000] {logging_mixin.py:188} INFO - [2025-10-22T12:19:25.875+0000] {dag.py:3089} INFO - Sync 1 DAGs
[2025-10-22T12:19:25.887+0000] {logging_mixin.py:188} INFO - [2025-10-22T12:19:25.887+0000] {dag.py:3947} INFO - Setting next_dagrun for example_setup_teardown to 2025-10-21 00:00:00+00:00, run_after=2025-10-22 00:00:00+00:00
[2025-10-22T12:19:25.917+0000] {processor.py:183} INFO - Processing /home/khaled/dbt-env/lib/python3.12/site-packages/airflow/example_dags/example_setup_teardown.py took 0.074 seconds
[2025-10-22T12:22:32.777+0000] {processor.py:161} INFO - Started process (PID=10651) to work on /home/khaled/dbt-env/lib/python3.12/site-packages/airflow/example_dags/example_setup_teardown.py
[2025-10-22T12:22:32.787+0000] {processor.py:830} INFO - Processing file /home/khaled/dbt-env/lib/python3.12/site-packages/airflow/example_dags/example_setup_teardown.py for tasks to queue
[2025-10-22T12:22:32.795+0000] {logging_mixin.py:188} INFO - [2025-10-22T12:22:32.793+0000] {dagbag.py:545} INFO - Filling up the DagBag from /home/khaled/dbt-env/lib/python3.12/site-packages/airflow/example_dags/example_setup_teardown.py
[2025-10-22T12:22:32.800+0000] {processor.py:840} INFO - DAG(s) 'example_setup_teardown' retrieved from /home/khaled/dbt-env/lib/python3.12/site-packages/airflow/example_dags/example_setup_teardown.py
[2025-10-22T12:22:32.814+0000] {logging_mixin.py:188} INFO - [2025-10-22T12:22:32.814+0000] {dag.py:3089} INFO - Sync 1 DAGs
[2025-10-22T12:22:32.830+0000] {logging_mixin.py:188} INFO - [2025-10-22T12:22:32.830+0000] {dag.py:3947} INFO - Setting next_dagrun for example_setup_teardown to 2025-10-21 00:00:00+00:00, run_after=2025-10-22 00:00:00+00:00
[2025-10-22T12:22:32.850+0000] {processor.py:183} INFO - Processing /home/khaled/dbt-env/lib/python3.12/site-packages/airflow/example_dags/example_setup_teardown.py took 0.076 seconds
[2025-10-22T12:23:31.680+0000] {processor.py:161} INFO - Started process (PID=11128) to work on /home/khaled/dbt-env/lib/python3.12/site-packages/airflow/example_dags/example_setup_teardown.py
[2025-10-22T12:23:31.690+0000] {processor.py:830} INFO - Processing file /home/khaled/dbt-env/lib/python3.12/site-packages/airflow/example_dags/example_setup_teardown.py for tasks to queue
[2025-10-22T12:23:31.691+0000] {logging_mixin.py:188} INFO - [2025-10-22T12:23:31.691+0000] {dagbag.py:545} INFO - Filling up the DagBag from /home/khaled/dbt-env/lib/python3.12/site-packages/airflow/example_dags/example_setup_teardown.py
[2025-10-22T12:23:31.696+0000] {processor.py:840} INFO - DAG(s) 'example_setup_teardown' retrieved from /home/khaled/dbt-env/lib/python3.12/site-packages/airflow/example_dags/example_setup_teardown.py
[2025-10-22T12:23:31.706+0000] {logging_mixin.py:188} INFO - [2025-10-22T12:23:31.706+0000] {dag.py:3089} INFO - Sync 1 DAGs
[2025-10-22T12:23:31.719+0000] {logging_mixin.py:188} INFO - [2025-10-22T12:23:31.719+0000] {dag.py:3947} INFO - Setting next_dagrun for example_setup_teardown to 2025-10-21 00:00:00+00:00, run_after=2025-10-22 00:00:00+00:00
[2025-10-22T12:23:31.739+0000] {processor.py:183} INFO - Processing /home/khaled/dbt-env/lib/python3.12/site-packages/airflow/example_dags/example_setup_teardown.py took 0.063 seconds
[2025-10-22T12:24:26.906+0000] {processor.py:161} INFO - Started process (PID=11292) to work on /home/khaled/dbt-env/lib/python3.12/site-packages/airflow/example_dags/example_setup_teardown.py
[2025-10-22T12:24:26.908+0000] {processor.py:830} INFO - Processing file /home/khaled/dbt-env/lib/python3.12/site-packages/airflow/example_dags/example_setup_teardown.py for tasks to queue
[2025-10-22T12:24:26.909+0000] {logging_mixin.py:188} INFO - [2025-10-22T12:24:26.909+0000] {dagbag.py:545} INFO - Filling up the DagBag from /home/khaled/dbt-env/lib/python3.12/site-packages/airflow/example_dags/example_setup_teardown.py
[2025-10-22T12:24:26.916+0000] {processor.py:840} INFO - DAG(s) 'example_setup_teardown' retrieved from /home/khaled/dbt-env/lib/python3.12/site-packages/airflow/example_dags/example_setup_teardown.py
[2025-10-22T12:24:26.929+0000] {logging_mixin.py:188} INFO - [2025-10-22T12:24:26.929+0000] {dag.py:3089} INFO - Sync 1 DAGs
[2025-10-22T12:24:26.944+0000] {logging_mixin.py:188} INFO - [2025-10-22T12:24:26.944+0000] {dag.py:3947} INFO - Setting next_dagrun for example_setup_teardown to 2025-10-21 00:00:00+00:00, run_after=2025-10-22 00:00:00+00:00
[2025-10-22T12:24:26.981+0000] {processor.py:183} INFO - Processing /home/khaled/dbt-env/lib/python3.12/site-packages/airflow/example_dags/example_setup_teardown.py took 0.080 seconds
[2025-10-22T12:25:21.278+0000] {processor.py:161} INFO - Started process (PID=11406) to work on /home/khaled/dbt-env/lib/python3.12/site-packages/airflow/example_dags/example_setup_teardown.py
[2025-10-22T12:25:21.290+0000] {processor.py:830} INFO - Processing file /home/khaled/dbt-env/lib/python3.12/site-packages/airflow/example_dags/example_setup_teardown.py for tasks to queue
[2025-10-22T12:25:21.292+0000] {logging_mixin.py:188} INFO - [2025-10-22T12:25:21.291+0000] {dagbag.py:545} INFO - Filling up the DagBag from /home/khaled/dbt-env/lib/python3.12/site-packages/airflow/example_dags/example_setup_teardown.py
[2025-10-22T12:25:21.299+0000] {processor.py:840} INFO - DAG(s) 'example_setup_teardown' retrieved from /home/khaled/dbt-env/lib/python3.12/site-packages/airflow/example_dags/example_setup_teardown.py
[2025-10-22T12:25:21.314+0000] {logging_mixin.py:188} INFO - [2025-10-22T12:25:21.314+0000] {dag.py:3089} INFO - Sync 1 DAGs
[2025-10-22T12:25:21.329+0000] {logging_mixin.py:188} INFO - [2025-10-22T12:25:21.329+0000] {dag.py:3947} INFO - Setting next_dagrun for example_setup_teardown to 2025-10-21 00:00:00+00:00, run_after=2025-10-22 00:00:00+00:00
[2025-10-22T12:25:21.351+0000] {processor.py:183} INFO - Processing /home/khaled/dbt-env/lib/python3.12/site-packages/airflow/example_dags/example_setup_teardown.py took 0.080 seconds
[2025-10-22T12:26:21.129+0000] {processor.py:161} INFO - Started process (PID=11563) to work on /home/khaled/dbt-env/lib/python3.12/site-packages/airflow/example_dags/example_setup_teardown.py
[2025-10-22T12:26:21.130+0000] {processor.py:830} INFO - Processing file /home/khaled/dbt-env/lib/python3.12/site-packages/airflow/example_dags/example_setup_teardown.py for tasks to queue
[2025-10-22T12:26:21.133+0000] {logging_mixin.py:188} INFO - [2025-10-22T12:26:21.132+0000] {dagbag.py:545} INFO - Filling up the DagBag from /home/khaled/dbt-env/lib/python3.12/site-packages/airflow/example_dags/example_setup_teardown.py
[2025-10-22T12:26:21.138+0000] {processor.py:840} INFO - DAG(s) 'example_setup_teardown' retrieved from /home/khaled/dbt-env/lib/python3.12/site-packages/airflow/example_dags/example_setup_teardown.py
[2025-10-22T12:26:21.152+0000] {logging_mixin.py:188} INFO - [2025-10-22T12:26:21.152+0000] {dag.py:3089} INFO - Sync 1 DAGs
[2025-10-22T12:26:21.168+0000] {logging_mixin.py:188} INFO - [2025-10-22T12:26:21.168+0000] {dag.py:3947} INFO - Setting next_dagrun for example_setup_teardown to 2025-10-21 00:00:00+00:00, run_after=2025-10-22 00:00:00+00:00
[2025-10-22T12:26:21.200+0000] {processor.py:183} INFO - Processing /home/khaled/dbt-env/lib/python3.12/site-packages/airflow/example_dags/example_setup_teardown.py took 0.076 seconds
[2025-10-22T12:27:34.453+0000] {processor.py:161} INFO - Started process (PID=11944) to work on /home/khaled/dbt-env/lib/python3.12/site-packages/airflow/example_dags/example_setup_teardown.py
[2025-10-22T12:27:34.456+0000] {processor.py:830} INFO - Processing file /home/khaled/dbt-env/lib/python3.12/site-packages/airflow/example_dags/example_setup_teardown.py for tasks to queue
[2025-10-22T12:27:34.458+0000] {logging_mixin.py:188} INFO - [2025-10-22T12:27:34.458+0000] {dagbag.py:545} INFO - Filling up the DagBag from /home/khaled/dbt-env/lib/python3.12/site-packages/airflow/example_dags/example_setup_teardown.py
[2025-10-22T12:27:34.465+0000] {processor.py:840} INFO - DAG(s) 'example_setup_teardown' retrieved from /home/khaled/dbt-env/lib/python3.12/site-packages/airflow/example_dags/example_setup_teardown.py
[2025-10-22T12:27:34.483+0000] {logging_mixin.py:188} INFO - [2025-10-22T12:27:34.482+0000] {dag.py:3089} INFO - Sync 1 DAGs
[2025-10-22T12:27:34.527+0000] {logging_mixin.py:188} INFO - [2025-10-22T12:27:34.527+0000] {dag.py:3947} INFO - Setting next_dagrun for example_setup_teardown to 2025-10-21 00:00:00+00:00, run_after=2025-10-22 00:00:00+00:00
[2025-10-22T12:27:34.560+0000] {processor.py:183} INFO - Processing /home/khaled/dbt-env/lib/python3.12/site-packages/airflow/example_dags/example_setup_teardown.py took 0.118 seconds
[2025-10-22T12:28:30.510+0000] {processor.py:161} INFO - Started process (PID=12206) to work on /home/khaled/dbt-env/lib/python3.12/site-packages/airflow/example_dags/example_setup_teardown.py
[2025-10-22T12:28:30.512+0000] {processor.py:830} INFO - Processing file /home/khaled/dbt-env/lib/python3.12/site-packages/airflow/example_dags/example_setup_teardown.py for tasks to queue
[2025-10-22T12:28:30.514+0000] {logging_mixin.py:188} INFO - [2025-10-22T12:28:30.513+0000] {dagbag.py:545} INFO - Filling up the DagBag from /home/khaled/dbt-env/lib/python3.12/site-packages/airflow/example_dags/example_setup_teardown.py
[2025-10-22T12:28:30.524+0000] {processor.py:840} INFO - DAG(s) 'example_setup_teardown' retrieved from /home/khaled/dbt-env/lib/python3.12/site-packages/airflow/example_dags/example_setup_teardown.py
[2025-10-22T12:28:30.551+0000] {logging_mixin.py:188} INFO - [2025-10-22T12:28:30.550+0000] {dag.py:3089} INFO - Sync 1 DAGs
[2025-10-22T12:28:30.577+0000] {logging_mixin.py:188} INFO - [2025-10-22T12:28:30.577+0000] {dag.py:3947} INFO - Setting next_dagrun for example_setup_teardown to 2025-10-21 00:00:00+00:00, run_after=2025-10-22 00:00:00+00:00
[2025-10-22T12:28:30.604+0000] {processor.py:183} INFO - Processing /home/khaled/dbt-env/lib/python3.12/site-packages/airflow/example_dags/example_setup_teardown.py took 0.105 seconds
[2025-10-22T12:29:29.766+0000] {processor.py:161} INFO - Started process (PID=12456) to work on /home/khaled/dbt-env/lib/python3.12/site-packages/airflow/example_dags/example_setup_teardown.py
[2025-10-22T12:29:29.778+0000] {processor.py:830} INFO - Processing file /home/khaled/dbt-env/lib/python3.12/site-packages/airflow/example_dags/example_setup_teardown.py for tasks to queue
[2025-10-22T12:29:29.779+0000] {logging_mixin.py:188} INFO - [2025-10-22T12:29:29.779+0000] {dagbag.py:545} INFO - Filling up the DagBag from /home/khaled/dbt-env/lib/python3.12/site-packages/airflow/example_dags/example_setup_teardown.py
[2025-10-22T12:29:29.784+0000] {processor.py:840} INFO - DAG(s) 'example_setup_teardown' retrieved from /home/khaled/dbt-env/lib/python3.12/site-packages/airflow/example_dags/example_setup_teardown.py
[2025-10-22T12:29:29.800+0000] {logging_mixin.py:188} INFO - [2025-10-22T12:29:29.800+0000] {dag.py:3089} INFO - Sync 1 DAGs
[2025-10-22T12:29:29.829+0000] {logging_mixin.py:188} INFO - [2025-10-22T12:29:29.829+0000] {dag.py:3947} INFO - Setting next_dagrun for example_setup_teardown to 2025-10-21 00:00:00+00:00, run_after=2025-10-22 00:00:00+00:00
[2025-10-22T12:29:29.858+0000] {processor.py:183} INFO - Processing /home/khaled/dbt-env/lib/python3.12/site-packages/airflow/example_dags/example_setup_teardown.py took 0.103 seconds
[2025-10-22T12:30:22.668+0000] {processor.py:161} INFO - Started process (PID=12531) to work on /home/khaled/dbt-env/lib/python3.12/site-packages/airflow/example_dags/example_setup_teardown.py
[2025-10-22T12:30:22.670+0000] {processor.py:830} INFO - Processing file /home/khaled/dbt-env/lib/python3.12/site-packages/airflow/example_dags/example_setup_teardown.py for tasks to queue
[2025-10-22T12:30:22.673+0000] {logging_mixin.py:188} INFO - [2025-10-22T12:30:22.672+0000] {dagbag.py:545} INFO - Filling up the DagBag from /home/khaled/dbt-env/lib/python3.12/site-packages/airflow/example_dags/example_setup_teardown.py
[2025-10-22T12:30:22.679+0000] {processor.py:840} INFO - DAG(s) 'example_setup_teardown' retrieved from /home/khaled/dbt-env/lib/python3.12/site-packages/airflow/example_dags/example_setup_teardown.py
[2025-10-22T12:30:22.692+0000] {logging_mixin.py:188} INFO - [2025-10-22T12:30:22.692+0000] {dag.py:3089} INFO - Sync 1 DAGs
[2025-10-22T12:30:22.709+0000] {logging_mixin.py:188} INFO - [2025-10-22T12:30:22.709+0000] {dag.py:3947} INFO - Setting next_dagrun for example_setup_teardown to 2025-10-21 00:00:00+00:00, run_after=2025-10-22 00:00:00+00:00
[2025-10-22T12:30:22.731+0000] {processor.py:183} INFO - Processing /home/khaled/dbt-env/lib/python3.12/site-packages/airflow/example_dags/example_setup_teardown.py took 0.068 seconds
[2025-10-22T12:31:11.506+0000] {processor.py:161} INFO - Started process (PID=12582) to work on /home/khaled/dbt-env/lib/python3.12/site-packages/airflow/example_dags/example_setup_teardown.py
[2025-10-22T12:31:11.508+0000] {processor.py:830} INFO - Processing file /home/khaled/dbt-env/lib/python3.12/site-packages/airflow/example_dags/example_setup_teardown.py for tasks to queue
[2025-10-22T12:31:11.510+0000] {logging_mixin.py:188} INFO - [2025-10-22T12:31:11.509+0000] {dagbag.py:545} INFO - Filling up the DagBag from /home/khaled/dbt-env/lib/python3.12/site-packages/airflow/example_dags/example_setup_teardown.py
[2025-10-22T12:31:11.516+0000] {processor.py:840} INFO - DAG(s) 'example_setup_teardown' retrieved from /home/khaled/dbt-env/lib/python3.12/site-packages/airflow/example_dags/example_setup_teardown.py
[2025-10-22T12:31:11.528+0000] {logging_mixin.py:188} INFO - [2025-10-22T12:31:11.528+0000] {dag.py:3089} INFO - Sync 1 DAGs
[2025-10-22T12:31:11.542+0000] {logging_mixin.py:188} INFO - [2025-10-22T12:31:11.542+0000] {dag.py:3947} INFO - Setting next_dagrun for example_setup_teardown to 2025-10-21 00:00:00+00:00, run_after=2025-10-22 00:00:00+00:00
[2025-10-22T12:31:11.673+0000] {processor.py:183} INFO - Processing /home/khaled/dbt-env/lib/python3.12/site-packages/airflow/example_dags/example_setup_teardown.py took 0.172 seconds
[2025-10-22T12:32:40.036+0000] {processor.py:161} INFO - Started process (PID=12830) to work on /home/khaled/dbt-env/lib/python3.12/site-packages/airflow/example_dags/example_setup_teardown.py
[2025-10-22T12:32:40.041+0000] {processor.py:830} INFO - Processing file /home/khaled/dbt-env/lib/python3.12/site-packages/airflow/example_dags/example_setup_teardown.py for tasks to queue
[2025-10-22T12:32:40.044+0000] {logging_mixin.py:188} INFO - [2025-10-22T12:32:40.043+0000] {dagbag.py:545} INFO - Filling up the DagBag from /home/khaled/dbt-env/lib/python3.12/site-packages/airflow/example_dags/example_setup_teardown.py
[2025-10-22T12:32:40.051+0000] {processor.py:840} INFO - DAG(s) 'example_setup_teardown' retrieved from /home/khaled/dbt-env/lib/python3.12/site-packages/airflow/example_dags/example_setup_teardown.py
[2025-10-22T12:32:40.075+0000] {logging_mixin.py:188} INFO - [2025-10-22T12:32:40.075+0000] {dag.py:3089} INFO - Sync 1 DAGs
[2025-10-22T12:32:40.130+0000] {logging_mixin.py:188} INFO - [2025-10-22T12:32:40.130+0000] {dag.py:3947} INFO - Setting next_dagrun for example_setup_teardown to 2025-10-21 00:00:00+00:00, run_after=2025-10-22 00:00:00+00:00
[2025-10-22T12:32:40.221+0000] {processor.py:183} INFO - Processing /home/khaled/dbt-env/lib/python3.12/site-packages/airflow/example_dags/example_setup_teardown.py took 0.211 seconds
[2025-10-22T12:36:39.474+0000] {processor.py:161} INFO - Started process (PID=13071) to work on /home/khaled/dbt-env/lib/python3.12/site-packages/airflow/example_dags/example_setup_teardown.py
[2025-10-22T12:36:39.477+0000] {processor.py:830} INFO - Processing file /home/khaled/dbt-env/lib/python3.12/site-packages/airflow/example_dags/example_setup_teardown.py for tasks to queue
[2025-10-22T12:36:39.482+0000] {logging_mixin.py:188} INFO - [2025-10-22T12:36:39.480+0000] {dagbag.py:545} INFO - Filling up the DagBag from /home/khaled/dbt-env/lib/python3.12/site-packages/airflow/example_dags/example_setup_teardown.py
[2025-10-22T12:36:39.502+0000] {processor.py:840} INFO - DAG(s) 'example_setup_teardown' retrieved from /home/khaled/dbt-env/lib/python3.12/site-packages/airflow/example_dags/example_setup_teardown.py
[2025-10-22T12:36:39.529+0000] {logging_mixin.py:188} INFO - [2025-10-22T12:36:39.529+0000] {dag.py:3089} INFO - Sync 1 DAGs
[2025-10-22T12:36:39.571+0000] {logging_mixin.py:188} INFO - [2025-10-22T12:36:39.571+0000] {dag.py:3947} INFO - Setting next_dagrun for example_setup_teardown to 2025-10-21 00:00:00+00:00, run_after=2025-10-22 00:00:00+00:00
[2025-10-22T12:36:39.615+0000] {processor.py:183} INFO - Processing /home/khaled/dbt-env/lib/python3.12/site-packages/airflow/example_dags/example_setup_teardown.py took 0.157 seconds
[2025-10-22T12:37:57.963+0000] {processor.py:161} INFO - Started process (PID=13213) to work on /home/khaled/dbt-env/lib/python3.12/site-packages/airflow/example_dags/example_setup_teardown.py
[2025-10-22T12:37:57.966+0000] {processor.py:830} INFO - Processing file /home/khaled/dbt-env/lib/python3.12/site-packages/airflow/example_dags/example_setup_teardown.py for tasks to queue
[2025-10-22T12:37:57.968+0000] {logging_mixin.py:188} INFO - [2025-10-22T12:37:57.968+0000] {dagbag.py:545} INFO - Filling up the DagBag from /home/khaled/dbt-env/lib/python3.12/site-packages/airflow/example_dags/example_setup_teardown.py
[2025-10-22T12:37:57.973+0000] {processor.py:840} INFO - DAG(s) 'example_setup_teardown' retrieved from /home/khaled/dbt-env/lib/python3.12/site-packages/airflow/example_dags/example_setup_teardown.py
[2025-10-22T12:37:57.985+0000] {logging_mixin.py:188} INFO - [2025-10-22T12:37:57.985+0000] {dag.py:3089} INFO - Sync 1 DAGs
[2025-10-22T12:37:58.085+0000] {logging_mixin.py:188} INFO - [2025-10-22T12:37:58.085+0000] {dag.py:3947} INFO - Setting next_dagrun for example_setup_teardown to 2025-10-21 00:00:00+00:00, run_after=2025-10-22 00:00:00+00:00
[2025-10-22T12:37:58.113+0000] {processor.py:183} INFO - Processing /home/khaled/dbt-env/lib/python3.12/site-packages/airflow/example_dags/example_setup_teardown.py took 0.155 seconds
[2025-10-22T12:39:10.347+0000] {processor.py:161} INFO - Started process (PID=13276) to work on /home/khaled/dbt-env/lib/python3.12/site-packages/airflow/example_dags/example_setup_teardown.py
[2025-10-22T12:39:10.349+0000] {processor.py:830} INFO - Processing file /home/khaled/dbt-env/lib/python3.12/site-packages/airflow/example_dags/example_setup_teardown.py for tasks to queue
[2025-10-22T12:39:10.350+0000] {logging_mixin.py:188} INFO - [2025-10-22T12:39:10.350+0000] {dagbag.py:545} INFO - Filling up the DagBag from /home/khaled/dbt-env/lib/python3.12/site-packages/airflow/example_dags/example_setup_teardown.py
[2025-10-22T12:39:10.355+0000] {processor.py:840} INFO - DAG(s) 'example_setup_teardown' retrieved from /home/khaled/dbt-env/lib/python3.12/site-packages/airflow/example_dags/example_setup_teardown.py
[2025-10-22T12:39:10.366+0000] {logging_mixin.py:188} INFO - [2025-10-22T12:39:10.366+0000] {dag.py:3089} INFO - Sync 1 DAGs
[2025-10-22T12:39:10.379+0000] {logging_mixin.py:188} INFO - [2025-10-22T12:39:10.379+0000] {dag.py:3947} INFO - Setting next_dagrun for example_setup_teardown to 2025-10-21 00:00:00+00:00, run_after=2025-10-22 00:00:00+00:00
[2025-10-22T12:39:10.506+0000] {processor.py:183} INFO - Processing /home/khaled/dbt-env/lib/python3.12/site-packages/airflow/example_dags/example_setup_teardown.py took 0.164 seconds
[2025-10-22T12:40:31.234+0000] {processor.py:161} INFO - Started process (PID=13358) to work on /home/khaled/dbt-env/lib/python3.12/site-packages/airflow/example_dags/example_setup_teardown.py
[2025-10-22T12:40:31.246+0000] {processor.py:830} INFO - Processing file /home/khaled/dbt-env/lib/python3.12/site-packages/airflow/example_dags/example_setup_teardown.py for tasks to queue
[2025-10-22T12:40:31.248+0000] {logging_mixin.py:188} INFO - [2025-10-22T12:40:31.247+0000] {dagbag.py:545} INFO - Filling up the DagBag from /home/khaled/dbt-env/lib/python3.12/site-packages/airflow/example_dags/example_setup_teardown.py
[2025-10-22T12:40:31.252+0000] {processor.py:840} INFO - DAG(s) 'example_setup_teardown' retrieved from /home/khaled/dbt-env/lib/python3.12/site-packages/airflow/example_dags/example_setup_teardown.py
[2025-10-22T12:40:31.264+0000] {logging_mixin.py:188} INFO - [2025-10-22T12:40:31.264+0000] {dag.py:3089} INFO - Sync 1 DAGs
[2025-10-22T12:40:31.278+0000] {logging_mixin.py:188} INFO - [2025-10-22T12:40:31.278+0000] {dag.py:3947} INFO - Setting next_dagrun for example_setup_teardown to 2025-10-21 00:00:00+00:00, run_after=2025-10-22 00:00:00+00:00
[2025-10-22T12:40:31.304+0000] {processor.py:183} INFO - Processing /home/khaled/dbt-env/lib/python3.12/site-packages/airflow/example_dags/example_setup_teardown.py took 0.079 seconds
