[2025-10-22T12:11:51.358+0000] {processor.py:161} INFO - Started process (PID=8045) to work on /home/khaled/dbt-env/lib/python3.12/site-packages/airflow/example_dags/example_trigger_target_dag.py
[2025-10-22T12:11:51.359+0000] {processor.py:830} INFO - Processing file /home/khaled/dbt-env/lib/python3.12/site-packages/airflow/example_dags/example_trigger_target_dag.py for tasks to queue
[2025-10-22T12:11:51.360+0000] {logging_mixin.py:188} INFO - [2025-10-22T12:11:51.360+0000] {dagbag.py:545} INFO - Filling up the DagBag from /home/khaled/dbt-env/lib/python3.12/site-packages/airflow/example_dags/example_trigger_target_dag.py
[2025-10-22T12:11:51.368+0000] {processor.py:840} INFO - DAG(s) 'example_trigger_target_dag' retrieved from /home/khaled/dbt-env/lib/python3.12/site-packages/airflow/example_dags/example_trigger_target_dag.py
[2025-10-22T12:11:51.376+0000] {logging_mixin.py:188} INFO - [2025-10-22T12:11:51.376+0000] {dag.py:3089} INFO - Sync 1 DAGs
[2025-10-22T12:11:51.388+0000] {logging_mixin.py:188} INFO - [2025-10-22T12:11:51.388+0000] {dag.py:3947} INFO - Setting next_dagrun for example_trigger_target_dag to None, run_after=None
[2025-10-22T12:11:51.423+0000] {processor.py:183} INFO - Processing /home/khaled/dbt-env/lib/python3.12/site-packages/airflow/example_dags/example_trigger_target_dag.py took 0.070 seconds
[2025-10-22T12:13:04.732+0000] {processor.py:161} INFO - Started process (PID=8833) to work on /home/khaled/dbt-env/lib/python3.12/site-packages/airflow/example_dags/example_trigger_target_dag.py
[2025-10-22T12:13:04.739+0000] {processor.py:830} INFO - Processing file /home/khaled/dbt-env/lib/python3.12/site-packages/airflow/example_dags/example_trigger_target_dag.py for tasks to queue
[2025-10-22T12:13:04.742+0000] {logging_mixin.py:188} INFO - [2025-10-22T12:13:04.742+0000] {dagbag.py:545} INFO - Filling up the DagBag from /home/khaled/dbt-env/lib/python3.12/site-packages/airflow/example_dags/example_trigger_target_dag.py
[2025-10-22T12:13:04.760+0000] {processor.py:840} INFO - DAG(s) 'example_trigger_target_dag' retrieved from /home/khaled/dbt-env/lib/python3.12/site-packages/airflow/example_dags/example_trigger_target_dag.py
[2025-10-22T12:13:04.925+0000] {logging_mixin.py:188} INFO - [2025-10-22T12:13:04.925+0000] {dag.py:3089} INFO - Sync 1 DAGs
[2025-10-22T12:13:04.936+0000] {logging_mixin.py:188} INFO - [2025-10-22T12:13:04.936+0000] {dag.py:3947} INFO - Setting next_dagrun for example_trigger_target_dag to None, run_after=None
[2025-10-22T12:13:05.008+0000] {processor.py:183} INFO - Processing /home/khaled/dbt-env/lib/python3.12/site-packages/airflow/example_dags/example_trigger_target_dag.py took 0.293 seconds
[2025-10-22T12:13:47.583+0000] {processor.py:161} INFO - Started process (PID=9280) to work on /home/khaled/dbt-env/lib/python3.12/site-packages/airflow/example_dags/example_trigger_target_dag.py
[2025-10-22T12:13:47.585+0000] {processor.py:830} INFO - Processing file /home/khaled/dbt-env/lib/python3.12/site-packages/airflow/example_dags/example_trigger_target_dag.py for tasks to queue
[2025-10-22T12:13:47.586+0000] {logging_mixin.py:188} INFO - [2025-10-22T12:13:47.585+0000] {dagbag.py:545} INFO - Filling up the DagBag from /home/khaled/dbt-env/lib/python3.12/site-packages/airflow/example_dags/example_trigger_target_dag.py
[2025-10-22T12:13:47.591+0000] {processor.py:840} INFO - DAG(s) 'example_trigger_target_dag' retrieved from /home/khaled/dbt-env/lib/python3.12/site-packages/airflow/example_dags/example_trigger_target_dag.py
[2025-10-22T12:13:47.604+0000] {logging_mixin.py:188} INFO - [2025-10-22T12:13:47.604+0000] {dag.py:3089} INFO - Sync 1 DAGs
[2025-10-22T12:13:47.612+0000] {logging_mixin.py:188} INFO - [2025-10-22T12:13:47.612+0000] {dag.py:3947} INFO - Setting next_dagrun for example_trigger_target_dag to None, run_after=None
[2025-10-22T12:13:47.644+0000] {processor.py:183} INFO - Processing /home/khaled/dbt-env/lib/python3.12/site-packages/airflow/example_dags/example_trigger_target_dag.py took 0.065 seconds
[2025-10-22T12:14:43.294+0000] {processor.py:161} INFO - Started process (PID=9342) to work on /home/khaled/dbt-env/lib/python3.12/site-packages/airflow/example_dags/example_trigger_target_dag.py
[2025-10-22T12:14:43.305+0000] {processor.py:830} INFO - Processing file /home/khaled/dbt-env/lib/python3.12/site-packages/airflow/example_dags/example_trigger_target_dag.py for tasks to queue
[2025-10-22T12:14:43.307+0000] {logging_mixin.py:188} INFO - [2025-10-22T12:14:43.307+0000] {dagbag.py:545} INFO - Filling up the DagBag from /home/khaled/dbt-env/lib/python3.12/site-packages/airflow/example_dags/example_trigger_target_dag.py
[2025-10-22T12:14:43.314+0000] {processor.py:840} INFO - DAG(s) 'example_trigger_target_dag' retrieved from /home/khaled/dbt-env/lib/python3.12/site-packages/airflow/example_dags/example_trigger_target_dag.py
[2025-10-22T12:14:43.337+0000] {logging_mixin.py:188} INFO - [2025-10-22T12:14:43.337+0000] {dag.py:3089} INFO - Sync 1 DAGs
[2025-10-22T12:14:43.351+0000] {logging_mixin.py:188} INFO - [2025-10-22T12:14:43.351+0000] {dag.py:3947} INFO - Setting next_dagrun for example_trigger_target_dag to None, run_after=None
[2025-10-22T12:14:43.387+0000] {processor.py:183} INFO - Processing /home/khaled/dbt-env/lib/python3.12/site-packages/airflow/example_dags/example_trigger_target_dag.py took 0.098 seconds
[2025-10-22T12:15:34.189+0000] {processor.py:161} INFO - Started process (PID=9586) to work on /home/khaled/dbt-env/lib/python3.12/site-packages/airflow/example_dags/example_trigger_target_dag.py
[2025-10-22T12:15:34.191+0000] {processor.py:830} INFO - Processing file /home/khaled/dbt-env/lib/python3.12/site-packages/airflow/example_dags/example_trigger_target_dag.py for tasks to queue
[2025-10-22T12:15:34.193+0000] {logging_mixin.py:188} INFO - [2025-10-22T12:15:34.192+0000] {dagbag.py:545} INFO - Filling up the DagBag from /home/khaled/dbt-env/lib/python3.12/site-packages/airflow/example_dags/example_trigger_target_dag.py
[2025-10-22T12:15:34.200+0000] {processor.py:840} INFO - DAG(s) 'example_trigger_target_dag' retrieved from /home/khaled/dbt-env/lib/python3.12/site-packages/airflow/example_dags/example_trigger_target_dag.py
[2025-10-22T12:15:34.212+0000] {logging_mixin.py:188} INFO - [2025-10-22T12:15:34.212+0000] {dag.py:3089} INFO - Sync 1 DAGs
[2025-10-22T12:15:34.220+0000] {logging_mixin.py:188} INFO - [2025-10-22T12:15:34.220+0000] {dag.py:3947} INFO - Setting next_dagrun for example_trigger_target_dag to None, run_after=None
[2025-10-22T12:15:34.241+0000] {processor.py:183} INFO - Processing /home/khaled/dbt-env/lib/python3.12/site-packages/airflow/example_dags/example_trigger_target_dag.py took 0.057 seconds
[2025-10-22T12:16:25.214+0000] {processor.py:161} INFO - Started process (PID=9669) to work on /home/khaled/dbt-env/lib/python3.12/site-packages/airflow/example_dags/example_trigger_target_dag.py
[2025-10-22T12:16:25.215+0000] {processor.py:830} INFO - Processing file /home/khaled/dbt-env/lib/python3.12/site-packages/airflow/example_dags/example_trigger_target_dag.py for tasks to queue
[2025-10-22T12:16:25.217+0000] {logging_mixin.py:188} INFO - [2025-10-22T12:16:25.216+0000] {dagbag.py:545} INFO - Filling up the DagBag from /home/khaled/dbt-env/lib/python3.12/site-packages/airflow/example_dags/example_trigger_target_dag.py
[2025-10-22T12:16:25.223+0000] {processor.py:840} INFO - DAG(s) 'example_trigger_target_dag' retrieved from /home/khaled/dbt-env/lib/python3.12/site-packages/airflow/example_dags/example_trigger_target_dag.py
[2025-10-22T12:16:25.245+0000] {logging_mixin.py:188} INFO - [2025-10-22T12:16:25.241+0000] {dag.py:3089} INFO - Sync 1 DAGs
[2025-10-22T12:16:25.266+0000] {logging_mixin.py:188} INFO - [2025-10-22T12:16:25.265+0000] {dag.py:3947} INFO - Setting next_dagrun for example_trigger_target_dag to None, run_after=None
[2025-10-22T12:16:25.322+0000] {processor.py:183} INFO - Processing /home/khaled/dbt-env/lib/python3.12/site-packages/airflow/example_dags/example_trigger_target_dag.py took 0.114 seconds
[2025-10-22T12:17:16.184+0000] {processor.py:161} INFO - Started process (PID=9824) to work on /home/khaled/dbt-env/lib/python3.12/site-packages/airflow/example_dags/example_trigger_target_dag.py
[2025-10-22T12:17:16.195+0000] {processor.py:830} INFO - Processing file /home/khaled/dbt-env/lib/python3.12/site-packages/airflow/example_dags/example_trigger_target_dag.py for tasks to queue
[2025-10-22T12:17:16.205+0000] {logging_mixin.py:188} INFO - [2025-10-22T12:17:16.205+0000] {dagbag.py:545} INFO - Filling up the DagBag from /home/khaled/dbt-env/lib/python3.12/site-packages/airflow/example_dags/example_trigger_target_dag.py
[2025-10-22T12:17:16.240+0000] {processor.py:840} INFO - DAG(s) 'example_trigger_target_dag' retrieved from /home/khaled/dbt-env/lib/python3.12/site-packages/airflow/example_dags/example_trigger_target_dag.py
[2025-10-22T12:17:16.297+0000] {logging_mixin.py:188} INFO - [2025-10-22T12:17:16.297+0000] {dag.py:3089} INFO - Sync 1 DAGs
[2025-10-22T12:17:16.310+0000] {logging_mixin.py:188} INFO - [2025-10-22T12:17:16.310+0000] {dag.py:3947} INFO - Setting next_dagrun for example_trigger_target_dag to None, run_after=None
[2025-10-22T12:17:16.433+0000] {processor.py:183} INFO - Processing /home/khaled/dbt-env/lib/python3.12/site-packages/airflow/example_dags/example_trigger_target_dag.py took 0.265 seconds
[2025-10-22T12:18:17.028+0000] {processor.py:161} INFO - Started process (PID=10244) to work on /home/khaled/dbt-env/lib/python3.12/site-packages/airflow/example_dags/example_trigger_target_dag.py
[2025-10-22T12:18:17.044+0000] {processor.py:830} INFO - Processing file /home/khaled/dbt-env/lib/python3.12/site-packages/airflow/example_dags/example_trigger_target_dag.py for tasks to queue
[2025-10-22T12:18:17.046+0000] {logging_mixin.py:188} INFO - [2025-10-22T12:18:17.045+0000] {dagbag.py:545} INFO - Filling up the DagBag from /home/khaled/dbt-env/lib/python3.12/site-packages/airflow/example_dags/example_trigger_target_dag.py
[2025-10-22T12:18:17.051+0000] {processor.py:840} INFO - DAG(s) 'example_trigger_target_dag' retrieved from /home/khaled/dbt-env/lib/python3.12/site-packages/airflow/example_dags/example_trigger_target_dag.py
[2025-10-22T12:18:17.061+0000] {logging_mixin.py:188} INFO - [2025-10-22T12:18:17.061+0000] {dag.py:3089} INFO - Sync 1 DAGs
[2025-10-22T12:18:17.068+0000] {logging_mixin.py:188} INFO - [2025-10-22T12:18:17.068+0000] {dag.py:3947} INFO - Setting next_dagrun for example_trigger_target_dag to None, run_after=None
[2025-10-22T12:18:17.087+0000] {processor.py:183} INFO - Processing /home/khaled/dbt-env/lib/python3.12/site-packages/airflow/example_dags/example_trigger_target_dag.py took 0.064 seconds
[2025-10-22T12:19:14.797+0000] {processor.py:161} INFO - Started process (PID=10342) to work on /home/khaled/dbt-env/lib/python3.12/site-packages/airflow/example_dags/example_trigger_target_dag.py
[2025-10-22T12:19:14.799+0000] {processor.py:830} INFO - Processing file /home/khaled/dbt-env/lib/python3.12/site-packages/airflow/example_dags/example_trigger_target_dag.py for tasks to queue
[2025-10-22T12:19:14.801+0000] {logging_mixin.py:188} INFO - [2025-10-22T12:19:14.801+0000] {dagbag.py:545} INFO - Filling up the DagBag from /home/khaled/dbt-env/lib/python3.12/site-packages/airflow/example_dags/example_trigger_target_dag.py
[2025-10-22T12:19:14.810+0000] {processor.py:840} INFO - DAG(s) 'example_trigger_target_dag' retrieved from /home/khaled/dbt-env/lib/python3.12/site-packages/airflow/example_dags/example_trigger_target_dag.py
[2025-10-22T12:19:14.835+0000] {logging_mixin.py:188} INFO - [2025-10-22T12:19:14.835+0000] {dag.py:3089} INFO - Sync 1 DAGs
[2025-10-22T12:19:14.847+0000] {logging_mixin.py:188} INFO - [2025-10-22T12:19:14.846+0000] {dag.py:3947} INFO - Setting next_dagrun for example_trigger_target_dag to None, run_after=None
[2025-10-22T12:19:14.891+0000] {processor.py:183} INFO - Processing /home/khaled/dbt-env/lib/python3.12/site-packages/airflow/example_dags/example_trigger_target_dag.py took 0.100 seconds
[2025-10-22T12:22:21.173+0000] {processor.py:161} INFO - Started process (PID=10633) to work on /home/khaled/dbt-env/lib/python3.12/site-packages/airflow/example_dags/example_trigger_target_dag.py
[2025-10-22T12:22:21.177+0000] {processor.py:830} INFO - Processing file /home/khaled/dbt-env/lib/python3.12/site-packages/airflow/example_dags/example_trigger_target_dag.py for tasks to queue
[2025-10-22T12:22:21.188+0000] {logging_mixin.py:188} INFO - [2025-10-22T12:22:21.188+0000] {dagbag.py:545} INFO - Filling up the DagBag from /home/khaled/dbt-env/lib/python3.12/site-packages/airflow/example_dags/example_trigger_target_dag.py
[2025-10-22T12:22:21.210+0000] {processor.py:840} INFO - DAG(s) 'example_trigger_target_dag' retrieved from /home/khaled/dbt-env/lib/python3.12/site-packages/airflow/example_dags/example_trigger_target_dag.py
[2025-10-22T12:22:21.261+0000] {logging_mixin.py:188} INFO - [2025-10-22T12:22:21.261+0000] {dag.py:3089} INFO - Sync 1 DAGs
[2025-10-22T12:22:21.277+0000] {logging_mixin.py:188} INFO - [2025-10-22T12:22:21.277+0000] {dag.py:3947} INFO - Setting next_dagrun for example_trigger_target_dag to None, run_after=None
[2025-10-22T12:22:21.342+0000] {processor.py:183} INFO - Processing /home/khaled/dbt-env/lib/python3.12/site-packages/airflow/example_dags/example_trigger_target_dag.py took 0.179 seconds
[2025-10-22T12:23:18.318+0000] {processor.py:161} INFO - Started process (PID=11113) to work on /home/khaled/dbt-env/lib/python3.12/site-packages/airflow/example_dags/example_trigger_target_dag.py
[2025-10-22T12:23:18.329+0000] {processor.py:830} INFO - Processing file /home/khaled/dbt-env/lib/python3.12/site-packages/airflow/example_dags/example_trigger_target_dag.py for tasks to queue
[2025-10-22T12:23:18.331+0000] {logging_mixin.py:188} INFO - [2025-10-22T12:23:18.330+0000] {dagbag.py:545} INFO - Filling up the DagBag from /home/khaled/dbt-env/lib/python3.12/site-packages/airflow/example_dags/example_trigger_target_dag.py
[2025-10-22T12:23:18.337+0000] {processor.py:840} INFO - DAG(s) 'example_trigger_target_dag' retrieved from /home/khaled/dbt-env/lib/python3.12/site-packages/airflow/example_dags/example_trigger_target_dag.py
[2025-10-22T12:23:18.346+0000] {logging_mixin.py:188} INFO - [2025-10-22T12:23:18.346+0000] {dag.py:3089} INFO - Sync 1 DAGs
[2025-10-22T12:23:18.353+0000] {logging_mixin.py:188} INFO - [2025-10-22T12:23:18.353+0000] {dag.py:3947} INFO - Setting next_dagrun for example_trigger_target_dag to None, run_after=None
[2025-10-22T12:23:18.374+0000] {processor.py:183} INFO - Processing /home/khaled/dbt-env/lib/python3.12/site-packages/airflow/example_dags/example_trigger_target_dag.py took 0.060 seconds
[2025-10-22T12:24:14.620+0000] {processor.py:161} INFO - Started process (PID=11235) to work on /home/khaled/dbt-env/lib/python3.12/site-packages/airflow/example_dags/example_trigger_target_dag.py
[2025-10-22T12:24:14.621+0000] {processor.py:830} INFO - Processing file /home/khaled/dbt-env/lib/python3.12/site-packages/airflow/example_dags/example_trigger_target_dag.py for tasks to queue
[2025-10-22T12:24:14.622+0000] {logging_mixin.py:188} INFO - [2025-10-22T12:24:14.622+0000] {dagbag.py:545} INFO - Filling up the DagBag from /home/khaled/dbt-env/lib/python3.12/site-packages/airflow/example_dags/example_trigger_target_dag.py
[2025-10-22T12:24:14.627+0000] {processor.py:840} INFO - DAG(s) 'example_trigger_target_dag' retrieved from /home/khaled/dbt-env/lib/python3.12/site-packages/airflow/example_dags/example_trigger_target_dag.py
[2025-10-22T12:24:14.639+0000] {logging_mixin.py:188} INFO - [2025-10-22T12:24:14.639+0000] {dag.py:3089} INFO - Sync 1 DAGs
[2025-10-22T12:24:14.646+0000] {logging_mixin.py:188} INFO - [2025-10-22T12:24:14.646+0000] {dag.py:3947} INFO - Setting next_dagrun for example_trigger_target_dag to None, run_after=None
[2025-10-22T12:24:14.678+0000] {processor.py:183} INFO - Processing /home/khaled/dbt-env/lib/python3.12/site-packages/airflow/example_dags/example_trigger_target_dag.py took 0.062 seconds
[2025-10-22T12:25:07.346+0000] {processor.py:161} INFO - Started process (PID=11387) to work on /home/khaled/dbt-env/lib/python3.12/site-packages/airflow/example_dags/example_trigger_target_dag.py
[2025-10-22T12:25:07.349+0000] {processor.py:830} INFO - Processing file /home/khaled/dbt-env/lib/python3.12/site-packages/airflow/example_dags/example_trigger_target_dag.py for tasks to queue
[2025-10-22T12:25:07.351+0000] {logging_mixin.py:188} INFO - [2025-10-22T12:25:07.350+0000] {dagbag.py:545} INFO - Filling up the DagBag from /home/khaled/dbt-env/lib/python3.12/site-packages/airflow/example_dags/example_trigger_target_dag.py
[2025-10-22T12:25:07.357+0000] {processor.py:840} INFO - DAG(s) 'example_trigger_target_dag' retrieved from /home/khaled/dbt-env/lib/python3.12/site-packages/airflow/example_dags/example_trigger_target_dag.py
[2025-10-22T12:25:07.370+0000] {logging_mixin.py:188} INFO - [2025-10-22T12:25:07.370+0000] {dag.py:3089} INFO - Sync 1 DAGs
[2025-10-22T12:25:07.379+0000] {logging_mixin.py:188} INFO - [2025-10-22T12:25:07.379+0000] {dag.py:3947} INFO - Setting next_dagrun for example_trigger_target_dag to None, run_after=None
[2025-10-22T12:25:07.400+0000] {processor.py:183} INFO - Processing /home/khaled/dbt-env/lib/python3.12/site-packages/airflow/example_dags/example_trigger_target_dag.py took 0.058 seconds
[2025-10-22T12:26:01.052+0000] {processor.py:161} INFO - Started process (PID=11450) to work on /home/khaled/dbt-env/lib/python3.12/site-packages/airflow/example_dags/example_trigger_target_dag.py
[2025-10-22T12:26:01.055+0000] {processor.py:830} INFO - Processing file /home/khaled/dbt-env/lib/python3.12/site-packages/airflow/example_dags/example_trigger_target_dag.py for tasks to queue
[2025-10-22T12:26:01.057+0000] {logging_mixin.py:188} INFO - [2025-10-22T12:26:01.057+0000] {dagbag.py:545} INFO - Filling up the DagBag from /home/khaled/dbt-env/lib/python3.12/site-packages/airflow/example_dags/example_trigger_target_dag.py
[2025-10-22T12:26:01.088+0000] {processor.py:840} INFO - DAG(s) 'example_trigger_target_dag' retrieved from /home/khaled/dbt-env/lib/python3.12/site-packages/airflow/example_dags/example_trigger_target_dag.py
[2025-10-22T12:26:01.125+0000] {logging_mixin.py:188} INFO - [2025-10-22T12:26:01.124+0000] {dag.py:3089} INFO - Sync 1 DAGs
[2025-10-22T12:26:01.151+0000] {logging_mixin.py:188} INFO - [2025-10-22T12:26:01.151+0000] {dag.py:3947} INFO - Setting next_dagrun for example_trigger_target_dag to None, run_after=None
[2025-10-22T12:26:01.234+0000] {processor.py:183} INFO - Processing /home/khaled/dbt-env/lib/python3.12/site-packages/airflow/example_dags/example_trigger_target_dag.py took 0.192 seconds
[2025-10-22T12:26:58.201+0000] {processor.py:161} INFO - Started process (PID=11728) to work on /home/khaled/dbt-env/lib/python3.12/site-packages/airflow/example_dags/example_trigger_target_dag.py
[2025-10-22T12:26:58.203+0000] {processor.py:830} INFO - Processing file /home/khaled/dbt-env/lib/python3.12/site-packages/airflow/example_dags/example_trigger_target_dag.py for tasks to queue
[2025-10-22T12:26:58.209+0000] {logging_mixin.py:188} INFO - [2025-10-22T12:26:58.208+0000] {dagbag.py:545} INFO - Filling up the DagBag from /home/khaled/dbt-env/lib/python3.12/site-packages/airflow/example_dags/example_trigger_target_dag.py
[2025-10-22T12:26:58.221+0000] {processor.py:840} INFO - DAG(s) 'example_trigger_target_dag' retrieved from /home/khaled/dbt-env/lib/python3.12/site-packages/airflow/example_dags/example_trigger_target_dag.py
[2025-10-22T12:26:58.242+0000] {logging_mixin.py:188} INFO - [2025-10-22T12:26:58.241+0000] {dag.py:3089} INFO - Sync 1 DAGs
[2025-10-22T12:26:58.257+0000] {logging_mixin.py:188} INFO - [2025-10-22T12:26:58.256+0000] {dag.py:3947} INFO - Setting next_dagrun for example_trigger_target_dag to None, run_after=None
[2025-10-22T12:26:58.304+0000] {processor.py:183} INFO - Processing /home/khaled/dbt-env/lib/python3.12/site-packages/airflow/example_dags/example_trigger_target_dag.py took 0.108 seconds
[2025-10-22T12:28:12.114+0000] {processor.py:161} INFO - Started process (PID=12106) to work on /home/khaled/dbt-env/lib/python3.12/site-packages/airflow/example_dags/example_trigger_target_dag.py
[2025-10-22T12:28:12.115+0000] {processor.py:830} INFO - Processing file /home/khaled/dbt-env/lib/python3.12/site-packages/airflow/example_dags/example_trigger_target_dag.py for tasks to queue
[2025-10-22T12:28:12.117+0000] {logging_mixin.py:188} INFO - [2025-10-22T12:28:12.117+0000] {dagbag.py:545} INFO - Filling up the DagBag from /home/khaled/dbt-env/lib/python3.12/site-packages/airflow/example_dags/example_trigger_target_dag.py
[2025-10-22T12:28:12.123+0000] {processor.py:840} INFO - DAG(s) 'example_trigger_target_dag' retrieved from /home/khaled/dbt-env/lib/python3.12/site-packages/airflow/example_dags/example_trigger_target_dag.py
[2025-10-22T12:28:12.152+0000] {logging_mixin.py:188} INFO - [2025-10-22T12:28:12.152+0000] {dag.py:3089} INFO - Sync 1 DAGs
[2025-10-22T12:28:12.166+0000] {logging_mixin.py:188} INFO - [2025-10-22T12:28:12.165+0000] {dag.py:3947} INFO - Setting next_dagrun for example_trigger_target_dag to None, run_after=None
[2025-10-22T12:28:12.242+0000] {processor.py:183} INFO - Processing /home/khaled/dbt-env/lib/python3.12/site-packages/airflow/example_dags/example_trigger_target_dag.py took 0.136 seconds
[2025-10-22T12:29:08.487+0000] {processor.py:161} INFO - Started process (PID=12368) to work on /home/khaled/dbt-env/lib/python3.12/site-packages/airflow/example_dags/example_trigger_target_dag.py
[2025-10-22T12:29:08.498+0000] {processor.py:830} INFO - Processing file /home/khaled/dbt-env/lib/python3.12/site-packages/airflow/example_dags/example_trigger_target_dag.py for tasks to queue
[2025-10-22T12:29:08.500+0000] {logging_mixin.py:188} INFO - [2025-10-22T12:29:08.500+0000] {dagbag.py:545} INFO - Filling up the DagBag from /home/khaled/dbt-env/lib/python3.12/site-packages/airflow/example_dags/example_trigger_target_dag.py
[2025-10-22T12:29:08.504+0000] {processor.py:840} INFO - DAG(s) 'example_trigger_target_dag' retrieved from /home/khaled/dbt-env/lib/python3.12/site-packages/airflow/example_dags/example_trigger_target_dag.py
[2025-10-22T12:29:08.514+0000] {logging_mixin.py:188} INFO - [2025-10-22T12:29:08.514+0000] {dag.py:3089} INFO - Sync 1 DAGs
[2025-10-22T12:29:08.521+0000] {logging_mixin.py:188} INFO - [2025-10-22T12:29:08.521+0000] {dag.py:3947} INFO - Setting next_dagrun for example_trigger_target_dag to None, run_after=None
[2025-10-22T12:29:08.547+0000] {processor.py:183} INFO - Processing /home/khaled/dbt-env/lib/python3.12/site-packages/airflow/example_dags/example_trigger_target_dag.py took 0.073 seconds
[2025-10-22T12:30:05.354+0000] {processor.py:161} INFO - Started process (PID=12507) to work on /home/khaled/dbt-env/lib/python3.12/site-packages/airflow/example_dags/example_trigger_target_dag.py
[2025-10-22T12:30:05.357+0000] {processor.py:830} INFO - Processing file /home/khaled/dbt-env/lib/python3.12/site-packages/airflow/example_dags/example_trigger_target_dag.py for tasks to queue
[2025-10-22T12:30:05.358+0000] {logging_mixin.py:188} INFO - [2025-10-22T12:30:05.358+0000] {dagbag.py:545} INFO - Filling up the DagBag from /home/khaled/dbt-env/lib/python3.12/site-packages/airflow/example_dags/example_trigger_target_dag.py
[2025-10-22T12:30:05.362+0000] {processor.py:840} INFO - DAG(s) 'example_trigger_target_dag' retrieved from /home/khaled/dbt-env/lib/python3.12/site-packages/airflow/example_dags/example_trigger_target_dag.py
[2025-10-22T12:30:05.376+0000] {logging_mixin.py:188} INFO - [2025-10-22T12:30:05.376+0000] {dag.py:3089} INFO - Sync 1 DAGs
[2025-10-22T12:30:05.384+0000] {logging_mixin.py:188} INFO - [2025-10-22T12:30:05.384+0000] {dag.py:3947} INFO - Setting next_dagrun for example_trigger_target_dag to None, run_after=None
[2025-10-22T12:30:05.431+0000] {processor.py:183} INFO - Processing /home/khaled/dbt-env/lib/python3.12/site-packages/airflow/example_dags/example_trigger_target_dag.py took 0.082 seconds
[2025-10-22T12:30:54.616+0000] {processor.py:161} INFO - Started process (PID=12566) to work on /home/khaled/dbt-env/lib/python3.12/site-packages/airflow/example_dags/example_trigger_target_dag.py
[2025-10-22T12:30:54.618+0000] {processor.py:830} INFO - Processing file /home/khaled/dbt-env/lib/python3.12/site-packages/airflow/example_dags/example_trigger_target_dag.py for tasks to queue
[2025-10-22T12:30:54.621+0000] {logging_mixin.py:188} INFO - [2025-10-22T12:30:54.620+0000] {dagbag.py:545} INFO - Filling up the DagBag from /home/khaled/dbt-env/lib/python3.12/site-packages/airflow/example_dags/example_trigger_target_dag.py
[2025-10-22T12:30:54.627+0000] {processor.py:840} INFO - DAG(s) 'example_trigger_target_dag' retrieved from /home/khaled/dbt-env/lib/python3.12/site-packages/airflow/example_dags/example_trigger_target_dag.py
[2025-10-22T12:30:54.641+0000] {logging_mixin.py:188} INFO - [2025-10-22T12:30:54.641+0000] {dag.py:3089} INFO - Sync 1 DAGs
[2025-10-22T12:30:54.653+0000] {logging_mixin.py:188} INFO - [2025-10-22T12:30:54.652+0000] {dag.py:3947} INFO - Setting next_dagrun for example_trigger_target_dag to None, run_after=None
[2025-10-22T12:30:54.685+0000] {processor.py:183} INFO - Processing /home/khaled/dbt-env/lib/python3.12/site-packages/airflow/example_dags/example_trigger_target_dag.py took 0.073 seconds
[2025-10-22T12:31:46.813+0000] {processor.py:161} INFO - Started process (PID=12645) to work on /home/khaled/dbt-env/lib/python3.12/site-packages/airflow/example_dags/example_trigger_target_dag.py
[2025-10-22T12:31:46.825+0000] {processor.py:830} INFO - Processing file /home/khaled/dbt-env/lib/python3.12/site-packages/airflow/example_dags/example_trigger_target_dag.py for tasks to queue
[2025-10-22T12:31:46.827+0000] {logging_mixin.py:188} INFO - [2025-10-22T12:31:46.826+0000] {dagbag.py:545} INFO - Filling up the DagBag from /home/khaled/dbt-env/lib/python3.12/site-packages/airflow/example_dags/example_trigger_target_dag.py
[2025-10-22T12:31:46.839+0000] {processor.py:840} INFO - DAG(s) 'example_trigger_target_dag' retrieved from /home/khaled/dbt-env/lib/python3.12/site-packages/airflow/example_dags/example_trigger_target_dag.py
[2025-10-22T12:31:46.861+0000] {logging_mixin.py:188} INFO - [2025-10-22T12:31:46.860+0000] {dag.py:3089} INFO - Sync 1 DAGs
[2025-10-22T12:31:46.871+0000] {logging_mixin.py:188} INFO - [2025-10-22T12:31:46.871+0000] {dag.py:3947} INFO - Setting next_dagrun for example_trigger_target_dag to None, run_after=None
[2025-10-22T12:31:46.899+0000] {processor.py:183} INFO - Processing /home/khaled/dbt-env/lib/python3.12/site-packages/airflow/example_dags/example_trigger_target_dag.py took 0.100 seconds
[2025-10-22T12:32:33.012+0000] {processor.py:161} INFO - Started process (PID=12823) to work on /home/khaled/dbt-env/lib/python3.12/site-packages/airflow/example_dags/example_trigger_target_dag.py
[2025-10-22T12:32:33.013+0000] {processor.py:830} INFO - Processing file /home/khaled/dbt-env/lib/python3.12/site-packages/airflow/example_dags/example_trigger_target_dag.py for tasks to queue
[2025-10-22T12:32:33.015+0000] {logging_mixin.py:188} INFO - [2025-10-22T12:32:33.015+0000] {dagbag.py:545} INFO - Filling up the DagBag from /home/khaled/dbt-env/lib/python3.12/site-packages/airflow/example_dags/example_trigger_target_dag.py
[2025-10-22T12:32:33.021+0000] {processor.py:840} INFO - DAG(s) 'example_trigger_target_dag' retrieved from /home/khaled/dbt-env/lib/python3.12/site-packages/airflow/example_dags/example_trigger_target_dag.py
[2025-10-22T12:32:33.036+0000] {logging_mixin.py:188} INFO - [2025-10-22T12:32:33.035+0000] {dag.py:3089} INFO - Sync 1 DAGs
[2025-10-22T12:32:33.050+0000] {logging_mixin.py:188} INFO - [2025-10-22T12:32:33.050+0000] {dag.py:3947} INFO - Setting next_dagrun for example_trigger_target_dag to None, run_after=None
[2025-10-22T12:32:33.092+0000] {processor.py:183} INFO - Processing /home/khaled/dbt-env/lib/python3.12/site-packages/airflow/example_dags/example_trigger_target_dag.py took 0.091 seconds
[2025-10-22T12:35:46.373+0000] {processor.py:161} INFO - Started process (PID=12901) to work on /home/khaled/dbt-env/lib/python3.12/site-packages/airflow/example_dags/example_trigger_target_dag.py
[2025-10-22T12:35:46.382+0000] {processor.py:830} INFO - Processing file /home/khaled/dbt-env/lib/python3.12/site-packages/airflow/example_dags/example_trigger_target_dag.py for tasks to queue
[2025-10-22T12:35:46.391+0000] {logging_mixin.py:188} INFO - [2025-10-22T12:35:46.389+0000] {dagbag.py:545} INFO - Filling up the DagBag from /home/khaled/dbt-env/lib/python3.12/site-packages/airflow/example_dags/example_trigger_target_dag.py
[2025-10-22T12:35:46.436+0000] {processor.py:840} INFO - DAG(s) 'example_trigger_target_dag' retrieved from /home/khaled/dbt-env/lib/python3.12/site-packages/airflow/example_dags/example_trigger_target_dag.py
[2025-10-22T12:35:46.591+0000] {logging_mixin.py:188} INFO - [2025-10-22T12:35:46.591+0000] {dag.py:3089} INFO - Sync 1 DAGs
[2025-10-22T12:35:46.734+0000] {logging_mixin.py:188} INFO - [2025-10-22T12:35:46.733+0000] {dag.py:3947} INFO - Setting next_dagrun for example_trigger_target_dag to None, run_after=None
[2025-10-22T12:35:49.059+0000] {processor.py:183} INFO - Processing /home/khaled/dbt-env/lib/python3.12/site-packages/airflow/example_dags/example_trigger_target_dag.py took 3.339 seconds
[2025-10-22T12:37:44.514+0000] {processor.py:161} INFO - Started process (PID=13200) to work on /home/khaled/dbt-env/lib/python3.12/site-packages/airflow/example_dags/example_trigger_target_dag.py
[2025-10-22T12:37:44.525+0000] {processor.py:830} INFO - Processing file /home/khaled/dbt-env/lib/python3.12/site-packages/airflow/example_dags/example_trigger_target_dag.py for tasks to queue
[2025-10-22T12:37:44.527+0000] {logging_mixin.py:188} INFO - [2025-10-22T12:37:44.526+0000] {dagbag.py:545} INFO - Filling up the DagBag from /home/khaled/dbt-env/lib/python3.12/site-packages/airflow/example_dags/example_trigger_target_dag.py
[2025-10-22T12:37:44.534+0000] {processor.py:840} INFO - DAG(s) 'example_trigger_target_dag' retrieved from /home/khaled/dbt-env/lib/python3.12/site-packages/airflow/example_dags/example_trigger_target_dag.py
[2025-10-22T12:37:44.549+0000] {logging_mixin.py:188} INFO - [2025-10-22T12:37:44.549+0000] {dag.py:3089} INFO - Sync 1 DAGs
[2025-10-22T12:37:44.561+0000] {logging_mixin.py:188} INFO - [2025-10-22T12:37:44.560+0000] {dag.py:3947} INFO - Setting next_dagrun for example_trigger_target_dag to None, run_after=None
[2025-10-22T12:37:44.683+0000] {processor.py:183} INFO - Processing /home/khaled/dbt-env/lib/python3.12/site-packages/airflow/example_dags/example_trigger_target_dag.py took 0.177 seconds
[2025-10-22T12:38:56.631+0000] {processor.py:161} INFO - Started process (PID=13265) to work on /home/khaled/dbt-env/lib/python3.12/site-packages/airflow/example_dags/example_trigger_target_dag.py
[2025-10-22T12:38:56.642+0000] {processor.py:830} INFO - Processing file /home/khaled/dbt-env/lib/python3.12/site-packages/airflow/example_dags/example_trigger_target_dag.py for tasks to queue
[2025-10-22T12:38:56.643+0000] {logging_mixin.py:188} INFO - [2025-10-22T12:38:56.643+0000] {dagbag.py:545} INFO - Filling up the DagBag from /home/khaled/dbt-env/lib/python3.12/site-packages/airflow/example_dags/example_trigger_target_dag.py
[2025-10-22T12:38:56.647+0000] {processor.py:840} INFO - DAG(s) 'example_trigger_target_dag' retrieved from /home/khaled/dbt-env/lib/python3.12/site-packages/airflow/example_dags/example_trigger_target_dag.py
[2025-10-22T12:38:56.659+0000] {logging_mixin.py:188} INFO - [2025-10-22T12:38:56.658+0000] {dag.py:3089} INFO - Sync 1 DAGs
[2025-10-22T12:38:56.667+0000] {logging_mixin.py:188} INFO - [2025-10-22T12:38:56.667+0000] {dag.py:3947} INFO - Setting next_dagrun for example_trigger_target_dag to None, run_after=None
[2025-10-22T12:38:56.696+0000] {processor.py:183} INFO - Processing /home/khaled/dbt-env/lib/python3.12/site-packages/airflow/example_dags/example_trigger_target_dag.py took 0.070 seconds
[2025-10-22T12:40:18.516+0000] {processor.py:161} INFO - Started process (PID=13338) to work on /home/khaled/dbt-env/lib/python3.12/site-packages/airflow/example_dags/example_trigger_target_dag.py
[2025-10-22T12:40:18.518+0000] {processor.py:830} INFO - Processing file /home/khaled/dbt-env/lib/python3.12/site-packages/airflow/example_dags/example_trigger_target_dag.py for tasks to queue
[2025-10-22T12:40:18.520+0000] {logging_mixin.py:188} INFO - [2025-10-22T12:40:18.519+0000] {dagbag.py:545} INFO - Filling up the DagBag from /home/khaled/dbt-env/lib/python3.12/site-packages/airflow/example_dags/example_trigger_target_dag.py
[2025-10-22T12:40:18.525+0000] {processor.py:840} INFO - DAG(s) 'example_trigger_target_dag' retrieved from /home/khaled/dbt-env/lib/python3.12/site-packages/airflow/example_dags/example_trigger_target_dag.py
[2025-10-22T12:40:18.540+0000] {logging_mixin.py:188} INFO - [2025-10-22T12:40:18.540+0000] {dag.py:3089} INFO - Sync 1 DAGs
[2025-10-22T12:40:18.551+0000] {logging_mixin.py:188} INFO - [2025-10-22T12:40:18.551+0000] {dag.py:3947} INFO - Setting next_dagrun for example_trigger_target_dag to None, run_after=None
[2025-10-22T12:40:18.591+0000] {processor.py:183} INFO - Processing /home/khaled/dbt-env/lib/python3.12/site-packages/airflow/example_dags/example_trigger_target_dag.py took 0.083 seconds
