[2025-10-22T12:12:39.207+0000] {processor.py:161} INFO - Started process (PID=8559) to work on /home/khaled/dbt-env/lib/python3.12/site-packages/airflow/example_dags/example_branch_labels.py
[2025-10-22T12:12:39.208+0000] {processor.py:830} INFO - Processing file /home/khaled/dbt-env/lib/python3.12/site-packages/airflow/example_dags/example_branch_labels.py for tasks to queue
[2025-10-22T12:12:39.210+0000] {logging_mixin.py:188} INFO - [2025-10-22T12:12:39.210+0000] {dagbag.py:545} INFO - Filling up the DagBag from /home/khaled/dbt-env/lib/python3.12/site-packages/airflow/example_dags/example_branch_labels.py
[2025-10-22T12:12:39.221+0000] {processor.py:840} INFO - DAG(s) 'example_branch_labels' retrieved from /home/khaled/dbt-env/lib/python3.12/site-packages/airflow/example_dags/example_branch_labels.py
[2025-10-22T12:12:39.313+0000] {logging_mixin.py:188} INFO - [2025-10-22T12:12:39.312+0000] {dag.py:3089} INFO - Sync 1 DAGs
[2025-10-22T12:12:39.332+0000] {logging_mixin.py:188} INFO - [2025-10-22T12:12:39.331+0000] {dag.py:3947} INFO - Setting next_dagrun for example_branch_labels to 2025-10-21 00:00:00+00:00, run_after=2025-10-22 00:00:00+00:00
[2025-10-22T12:12:39.386+0000] {processor.py:183} INFO - Processing /home/khaled/dbt-env/lib/python3.12/site-packages/airflow/example_dags/example_branch_labels.py took 0.185 seconds
[2025-10-22T12:13:58.072+0000] {processor.py:161} INFO - Started process (PID=9290) to work on /home/khaled/dbt-env/lib/python3.12/site-packages/airflow/example_dags/example_branch_labels.py
[2025-10-22T12:13:58.087+0000] {processor.py:830} INFO - Processing file /home/khaled/dbt-env/lib/python3.12/site-packages/airflow/example_dags/example_branch_labels.py for tasks to queue
[2025-10-22T12:13:58.089+0000] {logging_mixin.py:188} INFO - [2025-10-22T12:13:58.088+0000] {dagbag.py:545} INFO - Filling up the DagBag from /home/khaled/dbt-env/lib/python3.12/site-packages/airflow/example_dags/example_branch_labels.py
[2025-10-22T12:13:58.103+0000] {processor.py:840} INFO - DAG(s) 'example_branch_labels' retrieved from /home/khaled/dbt-env/lib/python3.12/site-packages/airflow/example_dags/example_branch_labels.py
[2025-10-22T12:13:58.154+0000] {logging_mixin.py:188} INFO - [2025-10-22T12:13:58.154+0000] {dag.py:3089} INFO - Sync 1 DAGs
[2025-10-22T12:13:58.175+0000] {logging_mixin.py:188} INFO - [2025-10-22T12:13:58.174+0000] {dag.py:3947} INFO - Setting next_dagrun for example_branch_labels to 2025-10-21 00:00:00+00:00, run_after=2025-10-22 00:00:00+00:00
[2025-10-22T12:13:58.229+0000] {processor.py:183} INFO - Processing /home/khaled/dbt-env/lib/python3.12/site-packages/airflow/example_dags/example_branch_labels.py took 0.169 seconds
[2025-10-22T12:14:55.448+0000] {processor.py:161} INFO - Started process (PID=9453) to work on /home/khaled/dbt-env/lib/python3.12/site-packages/airflow/example_dags/example_branch_labels.py
[2025-10-22T12:14:55.461+0000] {processor.py:830} INFO - Processing file /home/khaled/dbt-env/lib/python3.12/site-packages/airflow/example_dags/example_branch_labels.py for tasks to queue
[2025-10-22T12:14:55.463+0000] {logging_mixin.py:188} INFO - [2025-10-22T12:14:55.463+0000] {dagbag.py:545} INFO - Filling up the DagBag from /home/khaled/dbt-env/lib/python3.12/site-packages/airflow/example_dags/example_branch_labels.py
[2025-10-22T12:14:55.469+0000] {processor.py:840} INFO - DAG(s) 'example_branch_labels' retrieved from /home/khaled/dbt-env/lib/python3.12/site-packages/airflow/example_dags/example_branch_labels.py
[2025-10-22T12:14:55.482+0000] {logging_mixin.py:188} INFO - [2025-10-22T12:14:55.482+0000] {dag.py:3089} INFO - Sync 1 DAGs
[2025-10-22T12:14:55.497+0000] {logging_mixin.py:188} INFO - [2025-10-22T12:14:55.497+0000] {dag.py:3947} INFO - Setting next_dagrun for example_branch_labels to 2025-10-21 00:00:00+00:00, run_after=2025-10-22 00:00:00+00:00
[2025-10-22T12:14:55.514+0000] {processor.py:183} INFO - Processing /home/khaled/dbt-env/lib/python3.12/site-packages/airflow/example_dags/example_branch_labels.py took 0.073 seconds
[2025-10-22T12:16:10.303+0000] {processor.py:161} INFO - Started process (PID=9649) to work on /home/khaled/dbt-env/lib/python3.12/site-packages/airflow/example_dags/example_branch_labels.py
[2025-10-22T12:16:10.304+0000] {processor.py:830} INFO - Processing file /home/khaled/dbt-env/lib/python3.12/site-packages/airflow/example_dags/example_branch_labels.py for tasks to queue
[2025-10-22T12:16:10.305+0000] {logging_mixin.py:188} INFO - [2025-10-22T12:16:10.305+0000] {dagbag.py:545} INFO - Filling up the DagBag from /home/khaled/dbt-env/lib/python3.12/site-packages/airflow/example_dags/example_branch_labels.py
[2025-10-22T12:16:10.311+0000] {processor.py:840} INFO - DAG(s) 'example_branch_labels' retrieved from /home/khaled/dbt-env/lib/python3.12/site-packages/airflow/example_dags/example_branch_labels.py
[2025-10-22T12:16:10.324+0000] {logging_mixin.py:188} INFO - [2025-10-22T12:16:10.324+0000] {dag.py:3089} INFO - Sync 1 DAGs
[2025-10-22T12:16:10.339+0000] {logging_mixin.py:188} INFO - [2025-10-22T12:16:10.339+0000] {dag.py:3947} INFO - Setting next_dagrun for example_branch_labels to 2025-10-21 00:00:00+00:00, run_after=2025-10-22 00:00:00+00:00
[2025-10-22T12:16:10.376+0000] {processor.py:183} INFO - Processing /home/khaled/dbt-env/lib/python3.12/site-packages/airflow/example_dags/example_branch_labels.py took 0.080 seconds
[2025-10-22T12:17:24.989+0000] {processor.py:161} INFO - Started process (PID=9836) to work on /home/khaled/dbt-env/lib/python3.12/site-packages/airflow/example_dags/example_branch_labels.py
[2025-10-22T12:17:24.991+0000] {processor.py:830} INFO - Processing file /home/khaled/dbt-env/lib/python3.12/site-packages/airflow/example_dags/example_branch_labels.py for tasks to queue
[2025-10-22T12:17:24.992+0000] {logging_mixin.py:188} INFO - [2025-10-22T12:17:24.992+0000] {dagbag.py:545} INFO - Filling up the DagBag from /home/khaled/dbt-env/lib/python3.12/site-packages/airflow/example_dags/example_branch_labels.py
[2025-10-22T12:17:24.998+0000] {processor.py:840} INFO - DAG(s) 'example_branch_labels' retrieved from /home/khaled/dbt-env/lib/python3.12/site-packages/airflow/example_dags/example_branch_labels.py
[2025-10-22T12:17:25.012+0000] {logging_mixin.py:188} INFO - [2025-10-22T12:17:25.012+0000] {dag.py:3089} INFO - Sync 1 DAGs
[2025-10-22T12:17:25.029+0000] {logging_mixin.py:188} INFO - [2025-10-22T12:17:25.029+0000] {dag.py:3947} INFO - Setting next_dagrun for example_branch_labels to 2025-10-21 00:00:00+00:00, run_after=2025-10-22 00:00:00+00:00
[2025-10-22T12:17:25.051+0000] {processor.py:183} INFO - Processing /home/khaled/dbt-env/lib/python3.12/site-packages/airflow/example_dags/example_branch_labels.py took 0.067 seconds
[2025-10-22T12:22:57.421+0000] {processor.py:161} INFO - Started process (PID=10749) to work on /home/khaled/dbt-env/lib/python3.12/site-packages/airflow/example_dags/example_branch_labels.py
[2025-10-22T12:22:57.423+0000] {processor.py:830} INFO - Processing file /home/khaled/dbt-env/lib/python3.12/site-packages/airflow/example_dags/example_branch_labels.py for tasks to queue
[2025-10-22T12:22:57.424+0000] {logging_mixin.py:188} INFO - [2025-10-22T12:22:57.424+0000] {dagbag.py:545} INFO - Filling up the DagBag from /home/khaled/dbt-env/lib/python3.12/site-packages/airflow/example_dags/example_branch_labels.py
[2025-10-22T12:22:57.429+0000] {processor.py:840} INFO - DAG(s) 'example_branch_labels' retrieved from /home/khaled/dbt-env/lib/python3.12/site-packages/airflow/example_dags/example_branch_labels.py
[2025-10-22T12:22:57.440+0000] {logging_mixin.py:188} INFO - [2025-10-22T12:22:57.440+0000] {dag.py:3089} INFO - Sync 1 DAGs
[2025-10-22T12:22:57.451+0000] {logging_mixin.py:188} INFO - [2025-10-22T12:22:57.451+0000] {dag.py:3947} INFO - Setting next_dagrun for example_branch_labels to 2025-10-21 00:00:00+00:00, run_after=2025-10-22 00:00:00+00:00
[2025-10-22T12:22:57.470+0000] {processor.py:183} INFO - Processing /home/khaled/dbt-env/lib/python3.12/site-packages/airflow/example_dags/example_branch_labels.py took 0.054 seconds
[2025-10-22T12:23:54.344+0000] {processor.py:161} INFO - Started process (PID=11216) to work on /home/khaled/dbt-env/lib/python3.12/site-packages/airflow/example_dags/example_branch_labels.py
[2025-10-22T12:23:54.354+0000] {processor.py:830} INFO - Processing file /home/khaled/dbt-env/lib/python3.12/site-packages/airflow/example_dags/example_branch_labels.py for tasks to queue
[2025-10-22T12:23:54.356+0000] {logging_mixin.py:188} INFO - [2025-10-22T12:23:54.356+0000] {dagbag.py:545} INFO - Filling up the DagBag from /home/khaled/dbt-env/lib/python3.12/site-packages/airflow/example_dags/example_branch_labels.py
[2025-10-22T12:23:54.362+0000] {processor.py:840} INFO - DAG(s) 'example_branch_labels' retrieved from /home/khaled/dbt-env/lib/python3.12/site-packages/airflow/example_dags/example_branch_labels.py
[2025-10-22T12:23:54.374+0000] {logging_mixin.py:188} INFO - [2025-10-22T12:23:54.374+0000] {dag.py:3089} INFO - Sync 1 DAGs
[2025-10-22T12:23:54.388+0000] {logging_mixin.py:188} INFO - [2025-10-22T12:23:54.388+0000] {dag.py:3947} INFO - Setting next_dagrun for example_branch_labels to 2025-10-21 00:00:00+00:00, run_after=2025-10-22 00:00:00+00:00
[2025-10-22T12:23:54.406+0000] {processor.py:183} INFO - Processing /home/khaled/dbt-env/lib/python3.12/site-packages/airflow/example_dags/example_branch_labels.py took 0.067 seconds
[2025-10-22T12:24:49.457+0000] {processor.py:161} INFO - Started process (PID=11359) to work on /home/khaled/dbt-env/lib/python3.12/site-packages/airflow/example_dags/example_branch_labels.py
[2025-10-22T12:24:49.458+0000] {processor.py:830} INFO - Processing file /home/khaled/dbt-env/lib/python3.12/site-packages/airflow/example_dags/example_branch_labels.py for tasks to queue
[2025-10-22T12:24:49.461+0000] {logging_mixin.py:188} INFO - [2025-10-22T12:24:49.461+0000] {dagbag.py:545} INFO - Filling up the DagBag from /home/khaled/dbt-env/lib/python3.12/site-packages/airflow/example_dags/example_branch_labels.py
[2025-10-22T12:24:49.472+0000] {processor.py:840} INFO - DAG(s) 'example_branch_labels' retrieved from /home/khaled/dbt-env/lib/python3.12/site-packages/airflow/example_dags/example_branch_labels.py
[2025-10-22T12:24:49.496+0000] {logging_mixin.py:188} INFO - [2025-10-22T12:24:49.496+0000] {dag.py:3089} INFO - Sync 1 DAGs
[2025-10-22T12:24:49.584+0000] {logging_mixin.py:188} INFO - [2025-10-22T12:24:49.582+0000] {dag.py:3947} INFO - Setting next_dagrun for example_branch_labels to 2025-10-21 00:00:00+00:00, run_after=2025-10-22 00:00:00+00:00
[2025-10-22T12:24:49.648+0000] {processor.py:183} INFO - Processing /home/khaled/dbt-env/lib/python3.12/site-packages/airflow/example_dags/example_branch_labels.py took 0.198 seconds
[2025-10-22T12:26:09.985+0000] {processor.py:161} INFO - Started process (PID=11510) to work on /home/khaled/dbt-env/lib/python3.12/site-packages/airflow/example_dags/example_branch_labels.py
[2025-10-22T12:26:09.998+0000] {processor.py:830} INFO - Processing file /home/khaled/dbt-env/lib/python3.12/site-packages/airflow/example_dags/example_branch_labels.py for tasks to queue
[2025-10-22T12:26:09.999+0000] {logging_mixin.py:188} INFO - [2025-10-22T12:26:09.999+0000] {dagbag.py:545} INFO - Filling up the DagBag from /home/khaled/dbt-env/lib/python3.12/site-packages/airflow/example_dags/example_branch_labels.py
[2025-10-22T12:26:10.010+0000] {processor.py:840} INFO - DAG(s) 'example_branch_labels' retrieved from /home/khaled/dbt-env/lib/python3.12/site-packages/airflow/example_dags/example_branch_labels.py
[2025-10-22T12:26:10.054+0000] {logging_mixin.py:188} INFO - [2025-10-22T12:26:10.054+0000] {dag.py:3089} INFO - Sync 1 DAGs
[2025-10-22T12:26:10.098+0000] {logging_mixin.py:188} INFO - [2025-10-22T12:26:10.097+0000] {dag.py:3947} INFO - Setting next_dagrun for example_branch_labels to 2025-10-21 00:00:00+00:00, run_after=2025-10-22 00:00:00+00:00
[2025-10-22T12:26:10.128+0000] {processor.py:183} INFO - Processing /home/khaled/dbt-env/lib/python3.12/site-packages/airflow/example_dags/example_branch_labels.py took 0.152 seconds
[2025-10-22T12:27:06.837+0000] {processor.py:161} INFO - Started process (PID=11769) to work on /home/khaled/dbt-env/lib/python3.12/site-packages/airflow/example_dags/example_branch_labels.py
[2025-10-22T12:27:06.851+0000] {processor.py:830} INFO - Processing file /home/khaled/dbt-env/lib/python3.12/site-packages/airflow/example_dags/example_branch_labels.py for tasks to queue
[2025-10-22T12:27:06.855+0000] {logging_mixin.py:188} INFO - [2025-10-22T12:27:06.854+0000] {dagbag.py:545} INFO - Filling up the DagBag from /home/khaled/dbt-env/lib/python3.12/site-packages/airflow/example_dags/example_branch_labels.py
[2025-10-22T12:27:06.870+0000] {processor.py:840} INFO - DAG(s) 'example_branch_labels' retrieved from /home/khaled/dbt-env/lib/python3.12/site-packages/airflow/example_dags/example_branch_labels.py
[2025-10-22T12:27:06.911+0000] {logging_mixin.py:188} INFO - [2025-10-22T12:27:06.908+0000] {dag.py:3089} INFO - Sync 1 DAGs
[2025-10-22T12:27:06.951+0000] {logging_mixin.py:188} INFO - [2025-10-22T12:27:06.951+0000] {dag.py:3947} INFO - Setting next_dagrun for example_branch_labels to 2025-10-21 00:00:00+00:00, run_after=2025-10-22 00:00:00+00:00
[2025-10-22T12:27:07.001+0000] {processor.py:183} INFO - Processing /home/khaled/dbt-env/lib/python3.12/site-packages/airflow/example_dags/example_branch_labels.py took 0.176 seconds
[2025-10-22T12:28:21.109+0000] {processor.py:161} INFO - Started process (PID=12118) to work on /home/khaled/dbt-env/lib/python3.12/site-packages/airflow/example_dags/example_branch_labels.py
[2025-10-22T12:28:21.125+0000] {processor.py:830} INFO - Processing file /home/khaled/dbt-env/lib/python3.12/site-packages/airflow/example_dags/example_branch_labels.py for tasks to queue
[2025-10-22T12:28:21.132+0000] {logging_mixin.py:188} INFO - [2025-10-22T12:28:21.131+0000] {dagbag.py:545} INFO - Filling up the DagBag from /home/khaled/dbt-env/lib/python3.12/site-packages/airflow/example_dags/example_branch_labels.py
[2025-10-22T12:28:21.145+0000] {processor.py:840} INFO - DAG(s) 'example_branch_labels' retrieved from /home/khaled/dbt-env/lib/python3.12/site-packages/airflow/example_dags/example_branch_labels.py
[2025-10-22T12:28:21.161+0000] {logging_mixin.py:188} INFO - [2025-10-22T12:28:21.161+0000] {dag.py:3089} INFO - Sync 1 DAGs
[2025-10-22T12:28:21.187+0000] {logging_mixin.py:188} INFO - [2025-10-22T12:28:21.185+0000] {dag.py:3947} INFO - Setting next_dagrun for example_branch_labels to 2025-10-21 00:00:00+00:00, run_after=2025-10-22 00:00:00+00:00
[2025-10-22T12:28:21.227+0000] {processor.py:183} INFO - Processing /home/khaled/dbt-env/lib/python3.12/site-packages/airflow/example_dags/example_branch_labels.py took 0.126 seconds
[2025-10-22T12:29:18.595+0000] {processor.py:161} INFO - Started process (PID=12427) to work on /home/khaled/dbt-env/lib/python3.12/site-packages/airflow/example_dags/example_branch_labels.py
[2025-10-22T12:29:18.605+0000] {processor.py:830} INFO - Processing file /home/khaled/dbt-env/lib/python3.12/site-packages/airflow/example_dags/example_branch_labels.py for tasks to queue
[2025-10-22T12:29:18.606+0000] {logging_mixin.py:188} INFO - [2025-10-22T12:29:18.606+0000] {dagbag.py:545} INFO - Filling up the DagBag from /home/khaled/dbt-env/lib/python3.12/site-packages/airflow/example_dags/example_branch_labels.py
[2025-10-22T12:29:18.612+0000] {processor.py:840} INFO - DAG(s) 'example_branch_labels' retrieved from /home/khaled/dbt-env/lib/python3.12/site-packages/airflow/example_dags/example_branch_labels.py
[2025-10-22T12:29:18.624+0000] {logging_mixin.py:188} INFO - [2025-10-22T12:29:18.624+0000] {dag.py:3089} INFO - Sync 1 DAGs
[2025-10-22T12:29:18.639+0000] {logging_mixin.py:188} INFO - [2025-10-22T12:29:18.639+0000] {dag.py:3947} INFO - Setting next_dagrun for example_branch_labels to 2025-10-21 00:00:00+00:00, run_after=2025-10-22 00:00:00+00:00
[2025-10-22T12:29:18.658+0000] {processor.py:183} INFO - Processing /home/khaled/dbt-env/lib/python3.12/site-packages/airflow/example_dags/example_branch_labels.py took 0.070 seconds
[2025-10-22T12:30:14.238+0000] {processor.py:161} INFO - Started process (PID=12516) to work on /home/khaled/dbt-env/lib/python3.12/site-packages/airflow/example_dags/example_branch_labels.py
[2025-10-22T12:30:14.252+0000] {processor.py:830} INFO - Processing file /home/khaled/dbt-env/lib/python3.12/site-packages/airflow/example_dags/example_branch_labels.py for tasks to queue
[2025-10-22T12:30:14.255+0000] {logging_mixin.py:188} INFO - [2025-10-22T12:30:14.254+0000] {dagbag.py:545} INFO - Filling up the DagBag from /home/khaled/dbt-env/lib/python3.12/site-packages/airflow/example_dags/example_branch_labels.py
[2025-10-22T12:30:14.269+0000] {processor.py:840} INFO - DAG(s) 'example_branch_labels' retrieved from /home/khaled/dbt-env/lib/python3.12/site-packages/airflow/example_dags/example_branch_labels.py
[2025-10-22T12:30:14.312+0000] {logging_mixin.py:188} INFO - [2025-10-22T12:30:14.312+0000] {dag.py:3089} INFO - Sync 1 DAGs
[2025-10-22T12:30:14.333+0000] {logging_mixin.py:188} INFO - [2025-10-22T12:30:14.333+0000] {dag.py:3947} INFO - Setting next_dagrun for example_branch_labels to 2025-10-21 00:00:00+00:00, run_after=2025-10-22 00:00:00+00:00
[2025-10-22T12:30:14.384+0000] {processor.py:183} INFO - Processing /home/khaled/dbt-env/lib/python3.12/site-packages/airflow/example_dags/example_branch_labels.py took 0.162 seconds
[2025-10-22T12:31:29.822+0000] {processor.py:161} INFO - Started process (PID=12619) to work on /home/khaled/dbt-env/lib/python3.12/site-packages/airflow/example_dags/example_branch_labels.py
[2025-10-22T12:31:29.832+0000] {processor.py:830} INFO - Processing file /home/khaled/dbt-env/lib/python3.12/site-packages/airflow/example_dags/example_branch_labels.py for tasks to queue
[2025-10-22T12:31:29.840+0000] {logging_mixin.py:188} INFO - [2025-10-22T12:31:29.840+0000] {dagbag.py:545} INFO - Filling up the DagBag from /home/khaled/dbt-env/lib/python3.12/site-packages/airflow/example_dags/example_branch_labels.py
[2025-10-22T12:31:29.854+0000] {processor.py:840} INFO - DAG(s) 'example_branch_labels' retrieved from /home/khaled/dbt-env/lib/python3.12/site-packages/airflow/example_dags/example_branch_labels.py
[2025-10-22T12:31:29.937+0000] {logging_mixin.py:188} INFO - [2025-10-22T12:31:29.937+0000] {dag.py:3089} INFO - Sync 1 DAGs
[2025-10-22T12:31:29.973+0000] {logging_mixin.py:188} INFO - [2025-10-22T12:31:29.973+0000] {dag.py:3947} INFO - Setting next_dagrun for example_branch_labels to 2025-10-21 00:00:00+00:00, run_after=2025-10-22 00:00:00+00:00
[2025-10-22T12:31:30.007+0000] {processor.py:183} INFO - Processing /home/khaled/dbt-env/lib/python3.12/site-packages/airflow/example_dags/example_branch_labels.py took 0.197 seconds
[2025-10-22T12:34:06.165+0000] {processor.py:161} INFO - Started process (PID=12861) to work on /home/khaled/dbt-env/lib/python3.12/site-packages/airflow/example_dags/example_branch_labels.py
[2025-10-22T12:34:06.177+0000] {processor.py:830} INFO - Processing file /home/khaled/dbt-env/lib/python3.12/site-packages/airflow/example_dags/example_branch_labels.py for tasks to queue
[2025-10-22T12:34:06.335+0000] {logging_mixin.py:188} INFO - [2025-10-22T12:34:06.312+0000] {dagbag.py:545} INFO - Filling up the DagBag from /home/khaled/dbt-env/lib/python3.12/site-packages/airflow/example_dags/example_branch_labels.py
[2025-10-22T12:34:06.520+0000] {processor.py:840} INFO - DAG(s) 'example_branch_labels' retrieved from /home/khaled/dbt-env/lib/python3.12/site-packages/airflow/example_dags/example_branch_labels.py
[2025-10-22T12:34:06.990+0000] {logging_mixin.py:188} INFO - [2025-10-22T12:34:06.982+0000] {dag.py:3089} INFO - Sync 1 DAGs
[2025-10-22T12:34:10.657+0000] {logging_mixin.py:188} INFO - [2025-10-22T12:34:10.648+0000] {dag.py:3947} INFO - Setting next_dagrun for example_branch_labels to 2025-10-21 00:00:00+00:00, run_after=2025-10-22 00:00:00+00:00
[2025-10-22T12:34:11.393+0000] {processor.py:183} INFO - Processing /home/khaled/dbt-env/lib/python3.12/site-packages/airflow/example_dags/example_branch_labels.py took 5.382 seconds
[2025-10-22T12:37:24.701+0000] {processor.py:161} INFO - Started process (PID=13182) to work on /home/khaled/dbt-env/lib/python3.12/site-packages/airflow/example_dags/example_branch_labels.py
[2025-10-22T12:37:24.704+0000] {processor.py:830} INFO - Processing file /home/khaled/dbt-env/lib/python3.12/site-packages/airflow/example_dags/example_branch_labels.py for tasks to queue
[2025-10-22T12:37:24.706+0000] {logging_mixin.py:188} INFO - [2025-10-22T12:37:24.706+0000] {dagbag.py:545} INFO - Filling up the DagBag from /home/khaled/dbt-env/lib/python3.12/site-packages/airflow/example_dags/example_branch_labels.py
[2025-10-22T12:37:24.712+0000] {processor.py:840} INFO - DAG(s) 'example_branch_labels' retrieved from /home/khaled/dbt-env/lib/python3.12/site-packages/airflow/example_dags/example_branch_labels.py
[2025-10-22T12:37:24.724+0000] {logging_mixin.py:188} INFO - [2025-10-22T12:37:24.723+0000] {dag.py:3089} INFO - Sync 1 DAGs
[2025-10-22T12:37:24.750+0000] {logging_mixin.py:188} INFO - [2025-10-22T12:37:24.750+0000] {dag.py:3947} INFO - Setting next_dagrun for example_branch_labels to 2025-10-21 00:00:00+00:00, run_after=2025-10-22 00:00:00+00:00
[2025-10-22T12:37:24.899+0000] {processor.py:183} INFO - Processing /home/khaled/dbt-env/lib/python3.12/site-packages/airflow/example_dags/example_branch_labels.py took 0.206 seconds
[2025-10-22T12:38:46.799+0000] {processor.py:161} INFO - Started process (PID=13256) to work on /home/khaled/dbt-env/lib/python3.12/site-packages/airflow/example_dags/example_branch_labels.py
[2025-10-22T12:38:46.810+0000] {processor.py:830} INFO - Processing file /home/khaled/dbt-env/lib/python3.12/site-packages/airflow/example_dags/example_branch_labels.py for tasks to queue
[2025-10-22T12:38:46.812+0000] {logging_mixin.py:188} INFO - [2025-10-22T12:38:46.812+0000] {dagbag.py:545} INFO - Filling up the DagBag from /home/khaled/dbt-env/lib/python3.12/site-packages/airflow/example_dags/example_branch_labels.py
[2025-10-22T12:38:46.818+0000] {processor.py:840} INFO - DAG(s) 'example_branch_labels' retrieved from /home/khaled/dbt-env/lib/python3.12/site-packages/airflow/example_dags/example_branch_labels.py
[2025-10-22T12:38:46.829+0000] {logging_mixin.py:188} INFO - [2025-10-22T12:38:46.829+0000] {dag.py:3089} INFO - Sync 1 DAGs
[2025-10-22T12:38:46.842+0000] {logging_mixin.py:188} INFO - [2025-10-22T12:38:46.842+0000] {dag.py:3947} INFO - Setting next_dagrun for example_branch_labels to 2025-10-21 00:00:00+00:00, run_after=2025-10-22 00:00:00+00:00
[2025-10-22T12:38:46.867+0000] {processor.py:183} INFO - Processing /home/khaled/dbt-env/lib/python3.12/site-packages/airflow/example_dags/example_branch_labels.py took 0.074 seconds
[2025-10-22T12:40:04.215+0000] {processor.py:161} INFO - Started process (PID=13319) to work on /home/khaled/dbt-env/lib/python3.12/site-packages/airflow/example_dags/example_branch_labels.py
[2025-10-22T12:40:04.217+0000] {processor.py:830} INFO - Processing file /home/khaled/dbt-env/lib/python3.12/site-packages/airflow/example_dags/example_branch_labels.py for tasks to queue
[2025-10-22T12:40:04.219+0000] {logging_mixin.py:188} INFO - [2025-10-22T12:40:04.219+0000] {dagbag.py:545} INFO - Filling up the DagBag from /home/khaled/dbt-env/lib/python3.12/site-packages/airflow/example_dags/example_branch_labels.py
[2025-10-22T12:40:04.224+0000] {processor.py:840} INFO - DAG(s) 'example_branch_labels' retrieved from /home/khaled/dbt-env/lib/python3.12/site-packages/airflow/example_dags/example_branch_labels.py
[2025-10-22T12:40:04.236+0000] {logging_mixin.py:188} INFO - [2025-10-22T12:40:04.236+0000] {dag.py:3089} INFO - Sync 1 DAGs
[2025-10-22T12:40:04.249+0000] {logging_mixin.py:188} INFO - [2025-10-22T12:40:04.249+0000] {dag.py:3947} INFO - Setting next_dagrun for example_branch_labels to 2025-10-21 00:00:00+00:00, run_after=2025-10-22 00:00:00+00:00
[2025-10-22T12:40:04.274+0000] {processor.py:183} INFO - Processing /home/khaled/dbt-env/lib/python3.12/site-packages/airflow/example_dags/example_branch_labels.py took 0.065 seconds
