[2025-10-22T12:12:08.592+0000] {processor.py:161} INFO - Started process (PID=8207) to work on /home/khaled/dbt-env/lib/python3.12/site-packages/airflow/example_dags/example_python_decorator.py
[2025-10-22T12:12:08.593+0000] {processor.py:830} INFO - Processing file /home/khaled/dbt-env/lib/python3.12/site-packages/airflow/example_dags/example_python_decorator.py for tasks to queue
[2025-10-22T12:12:08.595+0000] {logging_mixin.py:188} INFO - [2025-10-22T12:12:08.594+0000] {dagbag.py:545} INFO - Filling up the DagBag from /home/khaled/dbt-env/lib/python3.12/site-packages/airflow/example_dags/example_python_decorator.py
[2025-10-22T12:12:08.602+0000] {logging_mixin.py:188} INFO - [2025-10-22T12:12:08.602+0000] {example_python_decorator.py:80} WARNING - The virtalenv_python example task requires virtualenv, please install it.
[2025-10-22T12:12:08.603+0000] {processor.py:840} INFO - DAG(s) 'example_python_decorator' retrieved from /home/khaled/dbt-env/lib/python3.12/site-packages/airflow/example_dags/example_python_decorator.py
[2025-10-22T12:12:08.686+0000] {logging_mixin.py:188} INFO - [2025-10-22T12:12:08.685+0000] {dag.py:3089} INFO - Sync 1 DAGs
[2025-10-22T12:12:08.693+0000] {logging_mixin.py:188} INFO - [2025-10-22T12:12:08.692+0000] {dag.py:3947} INFO - Setting next_dagrun for example_python_decorator to None, run_after=None
[2025-10-22T12:12:08.725+0000] {processor.py:183} INFO - Processing /home/khaled/dbt-env/lib/python3.12/site-packages/airflow/example_dags/example_python_decorator.py took 0.138 seconds
[2025-10-22T12:13:24.165+0000] {processor.py:161} INFO - Started process (PID=9034) to work on /home/khaled/dbt-env/lib/python3.12/site-packages/airflow/example_dags/example_python_decorator.py
[2025-10-22T12:13:24.184+0000] {processor.py:830} INFO - Processing file /home/khaled/dbt-env/lib/python3.12/site-packages/airflow/example_dags/example_python_decorator.py for tasks to queue
[2025-10-22T12:13:24.188+0000] {logging_mixin.py:188} INFO - [2025-10-22T12:13:24.186+0000] {dagbag.py:545} INFO - Filling up the DagBag from /home/khaled/dbt-env/lib/python3.12/site-packages/airflow/example_dags/example_python_decorator.py
[2025-10-22T12:13:24.205+0000] {logging_mixin.py:188} INFO - [2025-10-22T12:13:24.205+0000] {example_python_decorator.py:80} WARNING - The virtalenv_python example task requires virtualenv, please install it.
[2025-10-22T12:13:24.206+0000] {processor.py:840} INFO - DAG(s) 'example_python_decorator' retrieved from /home/khaled/dbt-env/lib/python3.12/site-packages/airflow/example_dags/example_python_decorator.py
[2025-10-22T12:13:24.237+0000] {logging_mixin.py:188} INFO - [2025-10-22T12:13:24.237+0000] {dag.py:3089} INFO - Sync 1 DAGs
[2025-10-22T12:13:24.265+0000] {logging_mixin.py:188} INFO - [2025-10-22T12:13:24.264+0000] {dag.py:3947} INFO - Setting next_dagrun for example_python_decorator to None, run_after=None
[2025-10-22T12:13:24.314+0000] {processor.py:183} INFO - Processing /home/khaled/dbt-env/lib/python3.12/site-packages/airflow/example_dags/example_python_decorator.py took 0.164 seconds
[2025-10-22T12:14:21.568+0000] {processor.py:161} INFO - Started process (PID=9317) to work on /home/khaled/dbt-env/lib/python3.12/site-packages/airflow/example_dags/example_python_decorator.py
[2025-10-22T12:14:21.569+0000] {processor.py:830} INFO - Processing file /home/khaled/dbt-env/lib/python3.12/site-packages/airflow/example_dags/example_python_decorator.py for tasks to queue
[2025-10-22T12:14:21.570+0000] {logging_mixin.py:188} INFO - [2025-10-22T12:14:21.570+0000] {dagbag.py:545} INFO - Filling up the DagBag from /home/khaled/dbt-env/lib/python3.12/site-packages/airflow/example_dags/example_python_decorator.py
[2025-10-22T12:14:21.580+0000] {logging_mixin.py:188} INFO - [2025-10-22T12:14:21.580+0000] {example_python_decorator.py:80} WARNING - The virtalenv_python example task requires virtualenv, please install it.
[2025-10-22T12:14:21.581+0000] {processor.py:840} INFO - DAG(s) 'example_python_decorator' retrieved from /home/khaled/dbt-env/lib/python3.12/site-packages/airflow/example_dags/example_python_decorator.py
[2025-10-22T12:14:21.617+0000] {logging_mixin.py:188} INFO - [2025-10-22T12:14:21.617+0000] {dag.py:3089} INFO - Sync 1 DAGs
[2025-10-22T12:14:21.643+0000] {logging_mixin.py:188} INFO - [2025-10-22T12:14:21.643+0000] {dag.py:3947} INFO - Setting next_dagrun for example_python_decorator to None, run_after=None
[2025-10-22T12:14:21.712+0000] {processor.py:183} INFO - Processing /home/khaled/dbt-env/lib/python3.12/site-packages/airflow/example_dags/example_python_decorator.py took 0.154 seconds
[2025-10-22T12:15:12.331+0000] {processor.py:161} INFO - Started process (PID=9487) to work on /home/khaled/dbt-env/lib/python3.12/site-packages/airflow/example_dags/example_python_decorator.py
[2025-10-22T12:15:12.332+0000] {processor.py:830} INFO - Processing file /home/khaled/dbt-env/lib/python3.12/site-packages/airflow/example_dags/example_python_decorator.py for tasks to queue
[2025-10-22T12:15:12.334+0000] {logging_mixin.py:188} INFO - [2025-10-22T12:15:12.333+0000] {dagbag.py:545} INFO - Filling up the DagBag from /home/khaled/dbt-env/lib/python3.12/site-packages/airflow/example_dags/example_python_decorator.py
[2025-10-22T12:15:12.341+0000] {logging_mixin.py:188} INFO - [2025-10-22T12:15:12.341+0000] {example_python_decorator.py:80} WARNING - The virtalenv_python example task requires virtualenv, please install it.
[2025-10-22T12:15:12.341+0000] {processor.py:840} INFO - DAG(s) 'example_python_decorator' retrieved from /home/khaled/dbt-env/lib/python3.12/site-packages/airflow/example_dags/example_python_decorator.py
[2025-10-22T12:15:12.355+0000] {logging_mixin.py:188} INFO - [2025-10-22T12:15:12.354+0000] {dag.py:3089} INFO - Sync 1 DAGs
[2025-10-22T12:15:12.364+0000] {logging_mixin.py:188} INFO - [2025-10-22T12:15:12.364+0000] {dag.py:3947} INFO - Setting next_dagrun for example_python_decorator to None, run_after=None
[2025-10-22T12:15:12.396+0000] {processor.py:183} INFO - Processing /home/khaled/dbt-env/lib/python3.12/site-packages/airflow/example_dags/example_python_decorator.py took 0.072 seconds
[2025-10-22T12:16:01.434+0000] {processor.py:161} INFO - Started process (PID=9636) to work on /home/khaled/dbt-env/lib/python3.12/site-packages/airflow/example_dags/example_python_decorator.py
[2025-10-22T12:16:01.435+0000] {processor.py:830} INFO - Processing file /home/khaled/dbt-env/lib/python3.12/site-packages/airflow/example_dags/example_python_decorator.py for tasks to queue
[2025-10-22T12:16:01.436+0000] {logging_mixin.py:188} INFO - [2025-10-22T12:16:01.436+0000] {dagbag.py:545} INFO - Filling up the DagBag from /home/khaled/dbt-env/lib/python3.12/site-packages/airflow/example_dags/example_python_decorator.py
[2025-10-22T12:16:01.446+0000] {logging_mixin.py:188} INFO - [2025-10-22T12:16:01.445+0000] {example_python_decorator.py:80} WARNING - The virtalenv_python example task requires virtualenv, please install it.
[2025-10-22T12:16:01.446+0000] {processor.py:840} INFO - DAG(s) 'example_python_decorator' retrieved from /home/khaled/dbt-env/lib/python3.12/site-packages/airflow/example_dags/example_python_decorator.py
[2025-10-22T12:16:01.459+0000] {logging_mixin.py:188} INFO - [2025-10-22T12:16:01.459+0000] {dag.py:3089} INFO - Sync 1 DAGs
[2025-10-22T12:16:01.468+0000] {logging_mixin.py:188} INFO - [2025-10-22T12:16:01.468+0000] {dag.py:3947} INFO - Setting next_dagrun for example_python_decorator to None, run_after=None
[2025-10-22T12:16:01.499+0000] {processor.py:183} INFO - Processing /home/khaled/dbt-env/lib/python3.12/site-packages/airflow/example_dags/example_python_decorator.py took 0.071 seconds
[2025-10-22T12:16:52.823+0000] {processor.py:161} INFO - Started process (PID=9792) to work on /home/khaled/dbt-env/lib/python3.12/site-packages/airflow/example_dags/example_python_decorator.py
[2025-10-22T12:16:52.825+0000] {processor.py:830} INFO - Processing file /home/khaled/dbt-env/lib/python3.12/site-packages/airflow/example_dags/example_python_decorator.py for tasks to queue
[2025-10-22T12:16:52.828+0000] {logging_mixin.py:188} INFO - [2025-10-22T12:16:52.827+0000] {dagbag.py:545} INFO - Filling up the DagBag from /home/khaled/dbt-env/lib/python3.12/site-packages/airflow/example_dags/example_python_decorator.py
[2025-10-22T12:16:52.836+0000] {logging_mixin.py:188} INFO - [2025-10-22T12:16:52.836+0000] {example_python_decorator.py:80} WARNING - The virtalenv_python example task requires virtualenv, please install it.
[2025-10-22T12:16:52.837+0000] {processor.py:840} INFO - DAG(s) 'example_python_decorator' retrieved from /home/khaled/dbt-env/lib/python3.12/site-packages/airflow/example_dags/example_python_decorator.py
[2025-10-22T12:16:52.853+0000] {logging_mixin.py:188} INFO - [2025-10-22T12:16:52.853+0000] {dag.py:3089} INFO - Sync 1 DAGs
[2025-10-22T12:16:52.862+0000] {logging_mixin.py:188} INFO - [2025-10-22T12:16:52.861+0000] {dag.py:3947} INFO - Setting next_dagrun for example_python_decorator to None, run_after=None
[2025-10-22T12:16:52.900+0000] {processor.py:183} INFO - Processing /home/khaled/dbt-env/lib/python3.12/site-packages/airflow/example_dags/example_python_decorator.py took 0.081 seconds
[2025-10-22T12:17:52.638+0000] {processor.py:161} INFO - Started process (PID=10161) to work on /home/khaled/dbt-env/lib/python3.12/site-packages/airflow/example_dags/example_python_decorator.py
[2025-10-22T12:17:52.648+0000] {processor.py:830} INFO - Processing file /home/khaled/dbt-env/lib/python3.12/site-packages/airflow/example_dags/example_python_decorator.py for tasks to queue
[2025-10-22T12:17:52.650+0000] {logging_mixin.py:188} INFO - [2025-10-22T12:17:52.650+0000] {dagbag.py:545} INFO - Filling up the DagBag from /home/khaled/dbt-env/lib/python3.12/site-packages/airflow/example_dags/example_python_decorator.py
[2025-10-22T12:17:52.657+0000] {logging_mixin.py:188} INFO - [2025-10-22T12:17:52.657+0000] {example_python_decorator.py:80} WARNING - The virtalenv_python example task requires virtualenv, please install it.
[2025-10-22T12:17:52.657+0000] {processor.py:840} INFO - DAG(s) 'example_python_decorator' retrieved from /home/khaled/dbt-env/lib/python3.12/site-packages/airflow/example_dags/example_python_decorator.py
[2025-10-22T12:17:52.671+0000] {logging_mixin.py:188} INFO - [2025-10-22T12:17:52.671+0000] {dag.py:3089} INFO - Sync 1 DAGs
[2025-10-22T12:17:52.680+0000] {logging_mixin.py:188} INFO - [2025-10-22T12:17:52.680+0000] {dag.py:3947} INFO - Setting next_dagrun for example_python_decorator to None, run_after=None
[2025-10-22T12:17:52.701+0000] {processor.py:183} INFO - Processing /home/khaled/dbt-env/lib/python3.12/site-packages/airflow/example_dags/example_python_decorator.py took 0.067 seconds
[2025-10-22T12:22:36.647+0000] {processor.py:161} INFO - Started process (PID=10660) to work on /home/khaled/dbt-env/lib/python3.12/site-packages/airflow/example_dags/example_python_decorator.py
[2025-10-22T12:22:36.658+0000] {processor.py:830} INFO - Processing file /home/khaled/dbt-env/lib/python3.12/site-packages/airflow/example_dags/example_python_decorator.py for tasks to queue
[2025-10-22T12:22:36.659+0000] {logging_mixin.py:188} INFO - [2025-10-22T12:22:36.659+0000] {dagbag.py:545} INFO - Filling up the DagBag from /home/khaled/dbt-env/lib/python3.12/site-packages/airflow/example_dags/example_python_decorator.py
[2025-10-22T12:22:36.666+0000] {logging_mixin.py:188} INFO - [2025-10-22T12:22:36.666+0000] {example_python_decorator.py:80} WARNING - The virtalenv_python example task requires virtualenv, please install it.
[2025-10-22T12:22:36.666+0000] {processor.py:840} INFO - DAG(s) 'example_python_decorator' retrieved from /home/khaled/dbt-env/lib/python3.12/site-packages/airflow/example_dags/example_python_decorator.py
[2025-10-22T12:22:36.685+0000] {logging_mixin.py:188} INFO - [2025-10-22T12:22:36.685+0000] {dag.py:3089} INFO - Sync 1 DAGs
[2025-10-22T12:22:36.695+0000] {logging_mixin.py:188} INFO - [2025-10-22T12:22:36.695+0000] {dag.py:3947} INFO - Setting next_dagrun for example_python_decorator to None, run_after=None
[2025-10-22T12:22:36.720+0000] {processor.py:183} INFO - Processing /home/khaled/dbt-env/lib/python3.12/site-packages/airflow/example_dags/example_python_decorator.py took 0.077 seconds
[2025-10-22T12:23:35.679+0000] {processor.py:161} INFO - Started process (PID=11160) to work on /home/khaled/dbt-env/lib/python3.12/site-packages/airflow/example_dags/example_python_decorator.py
[2025-10-22T12:23:35.685+0000] {processor.py:830} INFO - Processing file /home/khaled/dbt-env/lib/python3.12/site-packages/airflow/example_dags/example_python_decorator.py for tasks to queue
[2025-10-22T12:23:35.686+0000] {logging_mixin.py:188} INFO - [2025-10-22T12:23:35.686+0000] {dagbag.py:545} INFO - Filling up the DagBag from /home/khaled/dbt-env/lib/python3.12/site-packages/airflow/example_dags/example_python_decorator.py
[2025-10-22T12:23:35.694+0000] {logging_mixin.py:188} INFO - [2025-10-22T12:23:35.694+0000] {example_python_decorator.py:80} WARNING - The virtalenv_python example task requires virtualenv, please install it.
[2025-10-22T12:23:35.695+0000] {processor.py:840} INFO - DAG(s) 'example_python_decorator' retrieved from /home/khaled/dbt-env/lib/python3.12/site-packages/airflow/example_dags/example_python_decorator.py
[2025-10-22T12:23:35.708+0000] {logging_mixin.py:188} INFO - [2025-10-22T12:23:35.708+0000] {dag.py:3089} INFO - Sync 1 DAGs
[2025-10-22T12:23:35.717+0000] {logging_mixin.py:188} INFO - [2025-10-22T12:23:35.717+0000] {dag.py:3947} INFO - Setting next_dagrun for example_python_decorator to None, run_after=None
[2025-10-22T12:23:35.735+0000] {processor.py:183} INFO - Processing /home/khaled/dbt-env/lib/python3.12/site-packages/airflow/example_dags/example_python_decorator.py took 0.062 seconds
[2025-10-22T12:24:30.217+0000] {processor.py:161} INFO - Started process (PID=11320) to work on /home/khaled/dbt-env/lib/python3.12/site-packages/airflow/example_dags/example_python_decorator.py
[2025-10-22T12:24:30.225+0000] {processor.py:830} INFO - Processing file /home/khaled/dbt-env/lib/python3.12/site-packages/airflow/example_dags/example_python_decorator.py for tasks to queue
[2025-10-22T12:24:30.226+0000] {logging_mixin.py:188} INFO - [2025-10-22T12:24:30.226+0000] {dagbag.py:545} INFO - Filling up the DagBag from /home/khaled/dbt-env/lib/python3.12/site-packages/airflow/example_dags/example_python_decorator.py
[2025-10-22T12:24:30.236+0000] {logging_mixin.py:188} INFO - [2025-10-22T12:24:30.235+0000] {example_python_decorator.py:80} WARNING - The virtalenv_python example task requires virtualenv, please install it.
[2025-10-22T12:24:30.236+0000] {processor.py:840} INFO - DAG(s) 'example_python_decorator' retrieved from /home/khaled/dbt-env/lib/python3.12/site-packages/airflow/example_dags/example_python_decorator.py
[2025-10-22T12:24:30.260+0000] {logging_mixin.py:188} INFO - [2025-10-22T12:24:30.260+0000] {dag.py:3089} INFO - Sync 1 DAGs
[2025-10-22T12:24:30.272+0000] {logging_mixin.py:188} INFO - [2025-10-22T12:24:30.272+0000] {dag.py:3947} INFO - Setting next_dagrun for example_python_decorator to None, run_after=None
[2025-10-22T12:24:30.311+0000] {processor.py:183} INFO - Processing /home/khaled/dbt-env/lib/python3.12/site-packages/airflow/example_dags/example_python_decorator.py took 0.100 seconds
[2025-10-22T12:25:25.286+0000] {processor.py:161} INFO - Started process (PID=11415) to work on /home/khaled/dbt-env/lib/python3.12/site-packages/airflow/example_dags/example_python_decorator.py
[2025-10-22T12:25:25.299+0000] {processor.py:830} INFO - Processing file /home/khaled/dbt-env/lib/python3.12/site-packages/airflow/example_dags/example_python_decorator.py for tasks to queue
[2025-10-22T12:25:25.301+0000] {logging_mixin.py:188} INFO - [2025-10-22T12:25:25.301+0000] {dagbag.py:545} INFO - Filling up the DagBag from /home/khaled/dbt-env/lib/python3.12/site-packages/airflow/example_dags/example_python_decorator.py
[2025-10-22T12:25:25.323+0000] {logging_mixin.py:188} INFO - [2025-10-22T12:25:25.321+0000] {example_python_decorator.py:80} WARNING - The virtalenv_python example task requires virtualenv, please install it.
[2025-10-22T12:25:25.331+0000] {processor.py:840} INFO - DAG(s) 'example_python_decorator' retrieved from /home/khaled/dbt-env/lib/python3.12/site-packages/airflow/example_dags/example_python_decorator.py
[2025-10-22T12:25:25.366+0000] {logging_mixin.py:188} INFO - [2025-10-22T12:25:25.364+0000] {dag.py:3089} INFO - Sync 1 DAGs
[2025-10-22T12:25:25.394+0000] {logging_mixin.py:188} INFO - [2025-10-22T12:25:25.394+0000] {dag.py:3947} INFO - Setting next_dagrun for example_python_decorator to None, run_after=None
[2025-10-22T12:25:25.469+0000] {processor.py:183} INFO - Processing /home/khaled/dbt-env/lib/python3.12/site-packages/airflow/example_dags/example_python_decorator.py took 0.194 seconds
[2025-10-22T12:26:24.298+0000] {processor.py:161} INFO - Started process (PID=11570) to work on /home/khaled/dbt-env/lib/python3.12/site-packages/airflow/example_dags/example_python_decorator.py
[2025-10-22T12:26:24.309+0000] {processor.py:830} INFO - Processing file /home/khaled/dbt-env/lib/python3.12/site-packages/airflow/example_dags/example_python_decorator.py for tasks to queue
[2025-10-22T12:26:24.312+0000] {logging_mixin.py:188} INFO - [2025-10-22T12:26:24.311+0000] {dagbag.py:545} INFO - Filling up the DagBag from /home/khaled/dbt-env/lib/python3.12/site-packages/airflow/example_dags/example_python_decorator.py
[2025-10-22T12:26:24.321+0000] {logging_mixin.py:188} INFO - [2025-10-22T12:26:24.321+0000] {example_python_decorator.py:80} WARNING - The virtalenv_python example task requires virtualenv, please install it.
[2025-10-22T12:26:24.321+0000] {processor.py:840} INFO - DAG(s) 'example_python_decorator' retrieved from /home/khaled/dbt-env/lib/python3.12/site-packages/airflow/example_dags/example_python_decorator.py
[2025-10-22T12:26:24.338+0000] {logging_mixin.py:188} INFO - [2025-10-22T12:26:24.338+0000] {dag.py:3089} INFO - Sync 1 DAGs
[2025-10-22T12:26:24.347+0000] {logging_mixin.py:188} INFO - [2025-10-22T12:26:24.347+0000] {dag.py:3947} INFO - Setting next_dagrun for example_python_decorator to None, run_after=None
[2025-10-22T12:26:24.378+0000] {processor.py:183} INFO - Processing /home/khaled/dbt-env/lib/python3.12/site-packages/airflow/example_dags/example_python_decorator.py took 0.086 seconds
[2025-10-22T12:27:39.370+0000] {processor.py:161} INFO - Started process (PID=12011) to work on /home/khaled/dbt-env/lib/python3.12/site-packages/airflow/example_dags/example_python_decorator.py
[2025-10-22T12:27:39.380+0000] {processor.py:830} INFO - Processing file /home/khaled/dbt-env/lib/python3.12/site-packages/airflow/example_dags/example_python_decorator.py for tasks to queue
[2025-10-22T12:27:39.382+0000] {logging_mixin.py:188} INFO - [2025-10-22T12:27:39.381+0000] {dagbag.py:545} INFO - Filling up the DagBag from /home/khaled/dbt-env/lib/python3.12/site-packages/airflow/example_dags/example_python_decorator.py
[2025-10-22T12:27:39.388+0000] {logging_mixin.py:188} INFO - [2025-10-22T12:27:39.388+0000] {example_python_decorator.py:80} WARNING - The virtalenv_python example task requires virtualenv, please install it.
[2025-10-22T12:27:39.389+0000] {processor.py:840} INFO - DAG(s) 'example_python_decorator' retrieved from /home/khaled/dbt-env/lib/python3.12/site-packages/airflow/example_dags/example_python_decorator.py
[2025-10-22T12:27:39.404+0000] {logging_mixin.py:188} INFO - [2025-10-22T12:27:39.404+0000] {dag.py:3089} INFO - Sync 1 DAGs
[2025-10-22T12:27:39.415+0000] {logging_mixin.py:188} INFO - [2025-10-22T12:27:39.415+0000] {dag.py:3947} INFO - Setting next_dagrun for example_python_decorator to None, run_after=None
[2025-10-22T12:27:39.435+0000] {processor.py:183} INFO - Processing /home/khaled/dbt-env/lib/python3.12/site-packages/airflow/example_dags/example_python_decorator.py took 0.071 seconds
[2025-10-22T12:28:35.401+0000] {processor.py:161} INFO - Started process (PID=12239) to work on /home/khaled/dbt-env/lib/python3.12/site-packages/airflow/example_dags/example_python_decorator.py
[2025-10-22T12:28:35.410+0000] {processor.py:830} INFO - Processing file /home/khaled/dbt-env/lib/python3.12/site-packages/airflow/example_dags/example_python_decorator.py for tasks to queue
[2025-10-22T12:28:35.413+0000] {logging_mixin.py:188} INFO - [2025-10-22T12:28:35.413+0000] {dagbag.py:545} INFO - Filling up the DagBag from /home/khaled/dbt-env/lib/python3.12/site-packages/airflow/example_dags/example_python_decorator.py
[2025-10-22T12:28:35.468+0000] {logging_mixin.py:188} INFO - [2025-10-22T12:28:35.467+0000] {example_python_decorator.py:80} WARNING - The virtalenv_python example task requires virtualenv, please install it.
[2025-10-22T12:28:35.468+0000] {processor.py:840} INFO - DAG(s) 'example_python_decorator' retrieved from /home/khaled/dbt-env/lib/python3.12/site-packages/airflow/example_dags/example_python_decorator.py
[2025-10-22T12:28:35.486+0000] {logging_mixin.py:188} INFO - [2025-10-22T12:28:35.485+0000] {dag.py:3089} INFO - Sync 1 DAGs
[2025-10-22T12:28:35.496+0000] {logging_mixin.py:188} INFO - [2025-10-22T12:28:35.495+0000] {dag.py:3947} INFO - Setting next_dagrun for example_python_decorator to None, run_after=None
[2025-10-22T12:28:35.596+0000] {processor.py:183} INFO - Processing /home/khaled/dbt-env/lib/python3.12/site-packages/airflow/example_dags/example_python_decorator.py took 0.226 seconds
[2025-10-22T12:29:33.586+0000] {processor.py:161} INFO - Started process (PID=12465) to work on /home/khaled/dbt-env/lib/python3.12/site-packages/airflow/example_dags/example_python_decorator.py
[2025-10-22T12:29:33.594+0000] {processor.py:830} INFO - Processing file /home/khaled/dbt-env/lib/python3.12/site-packages/airflow/example_dags/example_python_decorator.py for tasks to queue
[2025-10-22T12:29:33.599+0000] {logging_mixin.py:188} INFO - [2025-10-22T12:29:33.598+0000] {dagbag.py:545} INFO - Filling up the DagBag from /home/khaled/dbt-env/lib/python3.12/site-packages/airflow/example_dags/example_python_decorator.py
[2025-10-22T12:29:33.611+0000] {logging_mixin.py:188} INFO - [2025-10-22T12:29:33.610+0000] {example_python_decorator.py:80} WARNING - The virtalenv_python example task requires virtualenv, please install it.
[2025-10-22T12:29:33.611+0000] {processor.py:840} INFO - DAG(s) 'example_python_decorator' retrieved from /home/khaled/dbt-env/lib/python3.12/site-packages/airflow/example_dags/example_python_decorator.py
[2025-10-22T12:29:33.637+0000] {logging_mixin.py:188} INFO - [2025-10-22T12:29:33.637+0000] {dag.py:3089} INFO - Sync 1 DAGs
[2025-10-22T12:29:33.651+0000] {logging_mixin.py:188} INFO - [2025-10-22T12:29:33.650+0000] {dag.py:3947} INFO - Setting next_dagrun for example_python_decorator to None, run_after=None
[2025-10-22T12:29:33.797+0000] {processor.py:183} INFO - Processing /home/khaled/dbt-env/lib/python3.12/site-packages/airflow/example_dags/example_python_decorator.py took 0.221 seconds
[2025-10-22T12:30:26.742+0000] {processor.py:161} INFO - Started process (PID=12535) to work on /home/khaled/dbt-env/lib/python3.12/site-packages/airflow/example_dags/example_python_decorator.py
[2025-10-22T12:30:26.751+0000] {processor.py:830} INFO - Processing file /home/khaled/dbt-env/lib/python3.12/site-packages/airflow/example_dags/example_python_decorator.py for tasks to queue
[2025-10-22T12:30:26.752+0000] {logging_mixin.py:188} INFO - [2025-10-22T12:30:26.752+0000] {dagbag.py:545} INFO - Filling up the DagBag from /home/khaled/dbt-env/lib/python3.12/site-packages/airflow/example_dags/example_python_decorator.py
[2025-10-22T12:30:26.761+0000] {logging_mixin.py:188} INFO - [2025-10-22T12:30:26.761+0000] {example_python_decorator.py:80} WARNING - The virtalenv_python example task requires virtualenv, please install it.
[2025-10-22T12:30:26.762+0000] {processor.py:840} INFO - DAG(s) 'example_python_decorator' retrieved from /home/khaled/dbt-env/lib/python3.12/site-packages/airflow/example_dags/example_python_decorator.py
[2025-10-22T12:30:26.775+0000] {logging_mixin.py:188} INFO - [2025-10-22T12:30:26.774+0000] {dag.py:3089} INFO - Sync 1 DAGs
[2025-10-22T12:30:26.783+0000] {logging_mixin.py:188} INFO - [2025-10-22T12:30:26.783+0000] {dag.py:3947} INFO - Setting next_dagrun for example_python_decorator to None, run_after=None
[2025-10-22T12:30:26.805+0000] {processor.py:183} INFO - Processing /home/khaled/dbt-env/lib/python3.12/site-packages/airflow/example_dags/example_python_decorator.py took 0.070 seconds
[2025-10-22T12:31:15.585+0000] {processor.py:161} INFO - Started process (PID=12586) to work on /home/khaled/dbt-env/lib/python3.12/site-packages/airflow/example_dags/example_python_decorator.py
[2025-10-22T12:31:15.588+0000] {processor.py:830} INFO - Processing file /home/khaled/dbt-env/lib/python3.12/site-packages/airflow/example_dags/example_python_decorator.py for tasks to queue
[2025-10-22T12:31:15.589+0000] {logging_mixin.py:188} INFO - [2025-10-22T12:31:15.589+0000] {dagbag.py:545} INFO - Filling up the DagBag from /home/khaled/dbt-env/lib/python3.12/site-packages/airflow/example_dags/example_python_decorator.py
[2025-10-22T12:31:15.596+0000] {logging_mixin.py:188} INFO - [2025-10-22T12:31:15.595+0000] {example_python_decorator.py:80} WARNING - The virtalenv_python example task requires virtualenv, please install it.
[2025-10-22T12:31:15.597+0000] {processor.py:840} INFO - DAG(s) 'example_python_decorator' retrieved from /home/khaled/dbt-env/lib/python3.12/site-packages/airflow/example_dags/example_python_decorator.py
[2025-10-22T12:31:15.609+0000] {logging_mixin.py:188} INFO - [2025-10-22T12:31:15.609+0000] {dag.py:3089} INFO - Sync 1 DAGs
[2025-10-22T12:31:15.620+0000] {logging_mixin.py:188} INFO - [2025-10-22T12:31:15.620+0000] {dag.py:3947} INFO - Setting next_dagrun for example_python_decorator to None, run_after=None
[2025-10-22T12:31:15.766+0000] {processor.py:183} INFO - Processing /home/khaled/dbt-env/lib/python3.12/site-packages/airflow/example_dags/example_python_decorator.py took 0.189 seconds
[2025-10-22T12:32:43.974+0000] {processor.py:161} INFO - Started process (PID=12834) to work on /home/khaled/dbt-env/lib/python3.12/site-packages/airflow/example_dags/example_python_decorator.py
[2025-10-22T12:32:43.976+0000] {processor.py:830} INFO - Processing file /home/khaled/dbt-env/lib/python3.12/site-packages/airflow/example_dags/example_python_decorator.py for tasks to queue
[2025-10-22T12:32:43.978+0000] {logging_mixin.py:188} INFO - [2025-10-22T12:32:43.978+0000] {dagbag.py:545} INFO - Filling up the DagBag from /home/khaled/dbt-env/lib/python3.12/site-packages/airflow/example_dags/example_python_decorator.py
[2025-10-22T12:32:43.988+0000] {logging_mixin.py:188} INFO - [2025-10-22T12:32:43.988+0000] {example_python_decorator.py:80} WARNING - The virtalenv_python example task requires virtualenv, please install it.
[2025-10-22T12:32:43.989+0000] {processor.py:840} INFO - DAG(s) 'example_python_decorator' retrieved from /home/khaled/dbt-env/lib/python3.12/site-packages/airflow/example_dags/example_python_decorator.py
[2025-10-22T12:32:44.012+0000] {logging_mixin.py:188} INFO - [2025-10-22T12:32:44.012+0000] {dag.py:3089} INFO - Sync 1 DAGs
[2025-10-22T12:32:44.024+0000] {logging_mixin.py:188} INFO - [2025-10-22T12:32:44.023+0000] {dag.py:3947} INFO - Setting next_dagrun for example_python_decorator to None, run_after=None
[2025-10-22T12:32:44.054+0000] {processor.py:183} INFO - Processing /home/khaled/dbt-env/lib/python3.12/site-packages/airflow/example_dags/example_python_decorator.py took 0.089 seconds
[2025-10-22T12:36:44.399+0000] {processor.py:161} INFO - Started process (PID=13102) to work on /home/khaled/dbt-env/lib/python3.12/site-packages/airflow/example_dags/example_python_decorator.py
[2025-10-22T12:36:44.410+0000] {processor.py:830} INFO - Processing file /home/khaled/dbt-env/lib/python3.12/site-packages/airflow/example_dags/example_python_decorator.py for tasks to queue
[2025-10-22T12:36:44.412+0000] {logging_mixin.py:188} INFO - [2025-10-22T12:36:44.411+0000] {dagbag.py:545} INFO - Filling up the DagBag from /home/khaled/dbt-env/lib/python3.12/site-packages/airflow/example_dags/example_python_decorator.py
[2025-10-22T12:36:44.423+0000] {logging_mixin.py:188} INFO - [2025-10-22T12:36:44.423+0000] {example_python_decorator.py:80} WARNING - The virtalenv_python example task requires virtualenv, please install it.
[2025-10-22T12:36:44.424+0000] {processor.py:840} INFO - DAG(s) 'example_python_decorator' retrieved from /home/khaled/dbt-env/lib/python3.12/site-packages/airflow/example_dags/example_python_decorator.py
[2025-10-22T12:36:44.443+0000] {logging_mixin.py:188} INFO - [2025-10-22T12:36:44.443+0000] {dag.py:3089} INFO - Sync 1 DAGs
[2025-10-22T12:36:44.460+0000] {logging_mixin.py:188} INFO - [2025-10-22T12:36:44.460+0000] {dag.py:3947} INFO - Setting next_dagrun for example_python_decorator to None, run_after=None
[2025-10-22T12:36:44.493+0000] {processor.py:183} INFO - Processing /home/khaled/dbt-env/lib/python3.12/site-packages/airflow/example_dags/example_python_decorator.py took 0.101 seconds
[2025-10-22T12:38:02.820+0000] {processor.py:161} INFO - Started process (PID=13217) to work on /home/khaled/dbt-env/lib/python3.12/site-packages/airflow/example_dags/example_python_decorator.py
[2025-10-22T12:38:02.832+0000] {processor.py:830} INFO - Processing file /home/khaled/dbt-env/lib/python3.12/site-packages/airflow/example_dags/example_python_decorator.py for tasks to queue
[2025-10-22T12:38:02.833+0000] {logging_mixin.py:188} INFO - [2025-10-22T12:38:02.833+0000] {dagbag.py:545} INFO - Filling up the DagBag from /home/khaled/dbt-env/lib/python3.12/site-packages/airflow/example_dags/example_python_decorator.py
[2025-10-22T12:38:02.839+0000] {logging_mixin.py:188} INFO - [2025-10-22T12:38:02.839+0000] {example_python_decorator.py:80} WARNING - The virtalenv_python example task requires virtualenv, please install it.
[2025-10-22T12:38:02.840+0000] {processor.py:840} INFO - DAG(s) 'example_python_decorator' retrieved from /home/khaled/dbt-env/lib/python3.12/site-packages/airflow/example_dags/example_python_decorator.py
[2025-10-22T12:38:02.851+0000] {logging_mixin.py:188} INFO - [2025-10-22T12:38:02.851+0000] {dag.py:3089} INFO - Sync 1 DAGs
[2025-10-22T12:38:02.952+0000] {logging_mixin.py:188} INFO - [2025-10-22T12:38:02.952+0000] {dag.py:3947} INFO - Setting next_dagrun for example_python_decorator to None, run_after=None
[2025-10-22T12:38:02.973+0000] {processor.py:183} INFO - Processing /home/khaled/dbt-env/lib/python3.12/site-packages/airflow/example_dags/example_python_decorator.py took 0.158 seconds
[2025-10-22T12:39:15.017+0000] {processor.py:161} INFO - Started process (PID=13281) to work on /home/khaled/dbt-env/lib/python3.12/site-packages/airflow/example_dags/example_python_decorator.py
[2025-10-22T12:39:15.018+0000] {processor.py:830} INFO - Processing file /home/khaled/dbt-env/lib/python3.12/site-packages/airflow/example_dags/example_python_decorator.py for tasks to queue
[2025-10-22T12:39:15.021+0000] {logging_mixin.py:188} INFO - [2025-10-22T12:39:15.020+0000] {dagbag.py:545} INFO - Filling up the DagBag from /home/khaled/dbt-env/lib/python3.12/site-packages/airflow/example_dags/example_python_decorator.py
[2025-10-22T12:39:15.028+0000] {logging_mixin.py:188} INFO - [2025-10-22T12:39:15.028+0000] {example_python_decorator.py:80} WARNING - The virtalenv_python example task requires virtualenv, please install it.
[2025-10-22T12:39:15.029+0000] {processor.py:840} INFO - DAG(s) 'example_python_decorator' retrieved from /home/khaled/dbt-env/lib/python3.12/site-packages/airflow/example_dags/example_python_decorator.py
[2025-10-22T12:39:15.043+0000] {logging_mixin.py:188} INFO - [2025-10-22T12:39:15.043+0000] {dag.py:3089} INFO - Sync 1 DAGs
[2025-10-22T12:39:15.055+0000] {logging_mixin.py:188} INFO - [2025-10-22T12:39:15.055+0000] {dag.py:3947} INFO - Setting next_dagrun for example_python_decorator to None, run_after=None
[2025-10-22T12:39:15.185+0000] {processor.py:183} INFO - Processing /home/khaled/dbt-env/lib/python3.12/site-packages/airflow/example_dags/example_python_decorator.py took 0.180 seconds
[2025-10-22T12:40:36.208+0000] {processor.py:161} INFO - Started process (PID=13362) to work on /home/khaled/dbt-env/lib/python3.12/site-packages/airflow/example_dags/example_python_decorator.py
[2025-10-22T12:40:36.210+0000] {processor.py:830} INFO - Processing file /home/khaled/dbt-env/lib/python3.12/site-packages/airflow/example_dags/example_python_decorator.py for tasks to queue
[2025-10-22T12:40:36.211+0000] {logging_mixin.py:188} INFO - [2025-10-22T12:40:36.211+0000] {dagbag.py:545} INFO - Filling up the DagBag from /home/khaled/dbt-env/lib/python3.12/site-packages/airflow/example_dags/example_python_decorator.py
[2025-10-22T12:40:36.219+0000] {logging_mixin.py:188} INFO - [2025-10-22T12:40:36.219+0000] {example_python_decorator.py:80} WARNING - The virtalenv_python example task requires virtualenv, please install it.
[2025-10-22T12:40:36.220+0000] {processor.py:840} INFO - DAG(s) 'example_python_decorator' retrieved from /home/khaled/dbt-env/lib/python3.12/site-packages/airflow/example_dags/example_python_decorator.py
[2025-10-22T12:40:36.236+0000] {logging_mixin.py:188} INFO - [2025-10-22T12:40:36.236+0000] {dag.py:3089} INFO - Sync 1 DAGs
[2025-10-22T12:40:36.246+0000] {logging_mixin.py:188} INFO - [2025-10-22T12:40:36.246+0000] {dag.py:3947} INFO - Setting next_dagrun for example_python_decorator to None, run_after=None
[2025-10-22T12:40:36.293+0000] {processor.py:183} INFO - Processing /home/khaled/dbt-env/lib/python3.12/site-packages/airflow/example_dags/example_python_decorator.py took 0.100 seconds
