[2025-10-22T12:12:18.752+0000] {processor.py:161} INFO - Started process (PID=8298) to work on /home/khaled/dbt-env/lib/python3.12/site-packages/airflow/example_dags/example_external_task_marker_dag.py
[2025-10-22T12:12:18.752+0000] {processor.py:830} INFO - Processing file /home/khaled/dbt-env/lib/python3.12/site-packages/airflow/example_dags/example_external_task_marker_dag.py for tasks to queue
[2025-10-22T12:12:18.754+0000] {logging_mixin.py:188} INFO - [2025-10-22T12:12:18.753+0000] {dagbag.py:545} INFO - Filling up the DagBag from /home/khaled/dbt-env/lib/python3.12/site-packages/airflow/example_dags/example_external_task_marker_dag.py
[2025-10-22T12:12:18.761+0000] {processor.py:840} INFO - DAG(s) 'example_external_task_marker_parent', 'example_external_task_marker_child' retrieved from /home/khaled/dbt-env/lib/python3.12/site-packages/airflow/example_dags/example_external_task_marker_dag.py
[2025-10-22T12:12:18.834+0000] {logging_mixin.py:188} INFO - [2025-10-22T12:12:18.833+0000] {dag.py:3089} INFO - Sync 2 DAGs
[2025-10-22T12:12:18.839+0000] {logging_mixin.py:188} INFO - [2025-10-22T12:12:18.839+0000] {dag.py:3947} INFO - Setting next_dagrun for example_external_task_marker_child to None, run_after=None
[2025-10-22T12:12:18.841+0000] {logging_mixin.py:188} INFO - [2025-10-22T12:12:18.841+0000] {dag.py:3947} INFO - Setting next_dagrun for example_external_task_marker_parent to None, run_after=None
[2025-10-22T12:12:18.878+0000] {processor.py:183} INFO - Processing /home/khaled/dbt-env/lib/python3.12/site-packages/airflow/example_dags/example_external_task_marker_dag.py took 0.131 seconds
[2025-10-22T12:13:35.694+0000] {processor.py:161} INFO - Started process (PID=9134) to work on /home/khaled/dbt-env/lib/python3.12/site-packages/airflow/example_dags/example_external_task_marker_dag.py
[2025-10-22T12:13:35.706+0000] {processor.py:830} INFO - Processing file /home/khaled/dbt-env/lib/python3.12/site-packages/airflow/example_dags/example_external_task_marker_dag.py for tasks to queue
[2025-10-22T12:13:35.708+0000] {logging_mixin.py:188} INFO - [2025-10-22T12:13:35.707+0000] {dagbag.py:545} INFO - Filling up the DagBag from /home/khaled/dbt-env/lib/python3.12/site-packages/airflow/example_dags/example_external_task_marker_dag.py
[2025-10-22T12:13:35.714+0000] {processor.py:840} INFO - DAG(s) 'example_external_task_marker_parent', 'example_external_task_marker_child' retrieved from /home/khaled/dbt-env/lib/python3.12/site-packages/airflow/example_dags/example_external_task_marker_dag.py
[2025-10-22T12:13:35.729+0000] {logging_mixin.py:188} INFO - [2025-10-22T12:13:35.729+0000] {dag.py:3089} INFO - Sync 2 DAGs
[2025-10-22T12:13:35.736+0000] {logging_mixin.py:188} INFO - [2025-10-22T12:13:35.735+0000] {dag.py:3947} INFO - Setting next_dagrun for example_external_task_marker_child to None, run_after=None
[2025-10-22T12:13:35.737+0000] {logging_mixin.py:188} INFO - [2025-10-22T12:13:35.737+0000] {dag.py:3947} INFO - Setting next_dagrun for example_external_task_marker_parent to None, run_after=None
[2025-10-22T12:13:35.756+0000] {processor.py:183} INFO - Processing /home/khaled/dbt-env/lib/python3.12/site-packages/airflow/example_dags/example_external_task_marker_dag.py took 0.066 seconds
[2025-10-22T12:14:44.901+0000] {processor.py:161} INFO - Started process (PID=9344) to work on /home/khaled/dbt-env/lib/python3.12/site-packages/airflow/example_dags/example_external_task_marker_dag.py
[2025-10-22T12:14:44.903+0000] {processor.py:830} INFO - Processing file /home/khaled/dbt-env/lib/python3.12/site-packages/airflow/example_dags/example_external_task_marker_dag.py for tasks to queue
[2025-10-22T12:14:44.905+0000] {logging_mixin.py:188} INFO - [2025-10-22T12:14:44.904+0000] {dagbag.py:545} INFO - Filling up the DagBag from /home/khaled/dbt-env/lib/python3.12/site-packages/airflow/example_dags/example_external_task_marker_dag.py
[2025-10-22T12:14:44.915+0000] {processor.py:840} INFO - DAG(s) 'example_external_task_marker_child', 'example_external_task_marker_parent' retrieved from /home/khaled/dbt-env/lib/python3.12/site-packages/airflow/example_dags/example_external_task_marker_dag.py
[2025-10-22T12:14:44.971+0000] {logging_mixin.py:188} INFO - [2025-10-22T12:14:44.971+0000] {dag.py:3089} INFO - Sync 2 DAGs
[2025-10-22T12:14:44.982+0000] {logging_mixin.py:188} INFO - [2025-10-22T12:14:44.982+0000] {dag.py:3947} INFO - Setting next_dagrun for example_external_task_marker_child to None, run_after=None
[2025-10-22T12:14:44.985+0000] {logging_mixin.py:188} INFO - [2025-10-22T12:14:44.985+0000] {dag.py:3947} INFO - Setting next_dagrun for example_external_task_marker_parent to None, run_after=None
[2025-10-22T12:14:45.034+0000] {processor.py:183} INFO - Processing /home/khaled/dbt-env/lib/python3.12/site-packages/airflow/example_dags/example_external_task_marker_dag.py took 0.147 seconds
[2025-10-22T12:15:39.137+0000] {processor.py:161} INFO - Started process (PID=9615) to work on /home/khaled/dbt-env/lib/python3.12/site-packages/airflow/example_dags/example_external_task_marker_dag.py
[2025-10-22T12:15:39.140+0000] {processor.py:830} INFO - Processing file /home/khaled/dbt-env/lib/python3.12/site-packages/airflow/example_dags/example_external_task_marker_dag.py for tasks to queue
[2025-10-22T12:15:39.142+0000] {logging_mixin.py:188} INFO - [2025-10-22T12:15:39.141+0000] {dagbag.py:545} INFO - Filling up the DagBag from /home/khaled/dbt-env/lib/python3.12/site-packages/airflow/example_dags/example_external_task_marker_dag.py
[2025-10-22T12:15:39.147+0000] {processor.py:840} INFO - DAG(s) 'example_external_task_marker_parent', 'example_external_task_marker_child' retrieved from /home/khaled/dbt-env/lib/python3.12/site-packages/airflow/example_dags/example_external_task_marker_dag.py
[2025-10-22T12:15:39.159+0000] {logging_mixin.py:188} INFO - [2025-10-22T12:15:39.158+0000] {dag.py:3089} INFO - Sync 2 DAGs
[2025-10-22T12:15:39.165+0000] {logging_mixin.py:188} INFO - [2025-10-22T12:15:39.165+0000] {dag.py:3947} INFO - Setting next_dagrun for example_external_task_marker_child to None, run_after=None
[2025-10-22T12:15:39.167+0000] {logging_mixin.py:188} INFO - [2025-10-22T12:15:39.167+0000] {dag.py:3947} INFO - Setting next_dagrun for example_external_task_marker_parent to None, run_after=None
[2025-10-22T12:15:39.188+0000] {processor.py:183} INFO - Processing /home/khaled/dbt-env/lib/python3.12/site-packages/airflow/example_dags/example_external_task_marker_dag.py took 0.055 seconds
[2025-10-22T12:16:32.526+0000] {processor.py:161} INFO - Started process (PID=9676) to work on /home/khaled/dbt-env/lib/python3.12/site-packages/airflow/example_dags/example_external_task_marker_dag.py
[2025-10-22T12:16:32.532+0000] {processor.py:830} INFO - Processing file /home/khaled/dbt-env/lib/python3.12/site-packages/airflow/example_dags/example_external_task_marker_dag.py for tasks to queue
[2025-10-22T12:16:32.533+0000] {logging_mixin.py:188} INFO - [2025-10-22T12:16:32.533+0000] {dagbag.py:545} INFO - Filling up the DagBag from /home/khaled/dbt-env/lib/python3.12/site-packages/airflow/example_dags/example_external_task_marker_dag.py
[2025-10-22T12:16:32.540+0000] {processor.py:840} INFO - DAG(s) 'example_external_task_marker_parent', 'example_external_task_marker_child' retrieved from /home/khaled/dbt-env/lib/python3.12/site-packages/airflow/example_dags/example_external_task_marker_dag.py
[2025-10-22T12:16:32.557+0000] {logging_mixin.py:188} INFO - [2025-10-22T12:16:32.557+0000] {dag.py:3089} INFO - Sync 2 DAGs
[2025-10-22T12:16:32.566+0000] {logging_mixin.py:188} INFO - [2025-10-22T12:16:32.566+0000] {dag.py:3947} INFO - Setting next_dagrun for example_external_task_marker_child to None, run_after=None
[2025-10-22T12:16:32.571+0000] {logging_mixin.py:188} INFO - [2025-10-22T12:16:32.570+0000] {dag.py:3947} INFO - Setting next_dagrun for example_external_task_marker_parent to None, run_after=None
[2025-10-22T12:16:32.604+0000] {processor.py:183} INFO - Processing /home/khaled/dbt-env/lib/python3.12/site-packages/airflow/example_dags/example_external_task_marker_dag.py took 0.084 seconds
[2025-10-22T12:17:23.296+0000] {processor.py:161} INFO - Started process (PID=9834) to work on /home/khaled/dbt-env/lib/python3.12/site-packages/airflow/example_dags/example_external_task_marker_dag.py
[2025-10-22T12:17:23.297+0000] {processor.py:830} INFO - Processing file /home/khaled/dbt-env/lib/python3.12/site-packages/airflow/example_dags/example_external_task_marker_dag.py for tasks to queue
[2025-10-22T12:17:23.300+0000] {logging_mixin.py:188} INFO - [2025-10-22T12:17:23.299+0000] {dagbag.py:545} INFO - Filling up the DagBag from /home/khaled/dbt-env/lib/python3.12/site-packages/airflow/example_dags/example_external_task_marker_dag.py
[2025-10-22T12:17:23.309+0000] {processor.py:840} INFO - DAG(s) 'example_external_task_marker_parent', 'example_external_task_marker_child' retrieved from /home/khaled/dbt-env/lib/python3.12/site-packages/airflow/example_dags/example_external_task_marker_dag.py
[2025-10-22T12:17:23.326+0000] {logging_mixin.py:188} INFO - [2025-10-22T12:17:23.326+0000] {dag.py:3089} INFO - Sync 2 DAGs
[2025-10-22T12:17:23.337+0000] {logging_mixin.py:188} INFO - [2025-10-22T12:17:23.337+0000] {dag.py:3947} INFO - Setting next_dagrun for example_external_task_marker_child to None, run_after=None
[2025-10-22T12:17:23.339+0000] {logging_mixin.py:188} INFO - [2025-10-22T12:17:23.339+0000] {dag.py:3947} INFO - Setting next_dagrun for example_external_task_marker_parent to None, run_after=None
[2025-10-22T12:17:23.357+0000] {processor.py:183} INFO - Processing /home/khaled/dbt-env/lib/python3.12/site-packages/airflow/example_dags/example_external_task_marker_dag.py took 0.067 seconds
[2025-10-22T12:18:29.630+0000] {processor.py:161} INFO - Started process (PID=10261) to work on /home/khaled/dbt-env/lib/python3.12/site-packages/airflow/example_dags/example_external_task_marker_dag.py
[2025-10-22T12:18:29.640+0000] {processor.py:830} INFO - Processing file /home/khaled/dbt-env/lib/python3.12/site-packages/airflow/example_dags/example_external_task_marker_dag.py for tasks to queue
[2025-10-22T12:18:29.641+0000] {logging_mixin.py:188} INFO - [2025-10-22T12:18:29.641+0000] {dagbag.py:545} INFO - Filling up the DagBag from /home/khaled/dbt-env/lib/python3.12/site-packages/airflow/example_dags/example_external_task_marker_dag.py
[2025-10-22T12:18:29.649+0000] {processor.py:840} INFO - DAG(s) 'example_external_task_marker_parent', 'example_external_task_marker_child' retrieved from /home/khaled/dbt-env/lib/python3.12/site-packages/airflow/example_dags/example_external_task_marker_dag.py
[2025-10-22T12:18:29.664+0000] {logging_mixin.py:188} INFO - [2025-10-22T12:18:29.664+0000] {dag.py:3089} INFO - Sync 2 DAGs
[2025-10-22T12:18:29.673+0000] {logging_mixin.py:188} INFO - [2025-10-22T12:18:29.673+0000] {dag.py:3947} INFO - Setting next_dagrun for example_external_task_marker_child to None, run_after=None
[2025-10-22T12:18:29.676+0000] {logging_mixin.py:188} INFO - [2025-10-22T12:18:29.676+0000] {dag.py:3947} INFO - Setting next_dagrun for example_external_task_marker_parent to None, run_after=None
[2025-10-22T12:18:29.693+0000] {processor.py:183} INFO - Processing /home/khaled/dbt-env/lib/python3.12/site-packages/airflow/example_dags/example_external_task_marker_dag.py took 0.067 seconds
[2025-10-22T12:22:45.854+0000] {processor.py:161} INFO - Started process (PID=10694) to work on /home/khaled/dbt-env/lib/python3.12/site-packages/airflow/example_dags/example_external_task_marker_dag.py
[2025-10-22T12:22:45.866+0000] {processor.py:830} INFO - Processing file /home/khaled/dbt-env/lib/python3.12/site-packages/airflow/example_dags/example_external_task_marker_dag.py for tasks to queue
[2025-10-22T12:22:45.868+0000] {logging_mixin.py:188} INFO - [2025-10-22T12:22:45.867+0000] {dagbag.py:545} INFO - Filling up the DagBag from /home/khaled/dbt-env/lib/python3.12/site-packages/airflow/example_dags/example_external_task_marker_dag.py
[2025-10-22T12:22:45.873+0000] {processor.py:840} INFO - DAG(s) 'example_external_task_marker_parent', 'example_external_task_marker_child' retrieved from /home/khaled/dbt-env/lib/python3.12/site-packages/airflow/example_dags/example_external_task_marker_dag.py
[2025-10-22T12:22:45.888+0000] {logging_mixin.py:188} INFO - [2025-10-22T12:22:45.888+0000] {dag.py:3089} INFO - Sync 2 DAGs
[2025-10-22T12:22:45.897+0000] {logging_mixin.py:188} INFO - [2025-10-22T12:22:45.897+0000] {dag.py:3947} INFO - Setting next_dagrun for example_external_task_marker_child to None, run_after=None
[2025-10-22T12:22:45.901+0000] {logging_mixin.py:188} INFO - [2025-10-22T12:22:45.901+0000] {dag.py:3947} INFO - Setting next_dagrun for example_external_task_marker_parent to None, run_after=None
[2025-10-22T12:22:45.918+0000] {processor.py:183} INFO - Processing /home/khaled/dbt-env/lib/python3.12/site-packages/airflow/example_dags/example_external_task_marker_dag.py took 0.068 seconds
[2025-10-22T12:23:45.665+0000] {processor.py:161} INFO - Started process (PID=11206) to work on /home/khaled/dbt-env/lib/python3.12/site-packages/airflow/example_dags/example_external_task_marker_dag.py
[2025-10-22T12:23:45.668+0000] {processor.py:830} INFO - Processing file /home/khaled/dbt-env/lib/python3.12/site-packages/airflow/example_dags/example_external_task_marker_dag.py for tasks to queue
[2025-10-22T12:23:45.669+0000] {logging_mixin.py:188} INFO - [2025-10-22T12:23:45.669+0000] {dagbag.py:545} INFO - Filling up the DagBag from /home/khaled/dbt-env/lib/python3.12/site-packages/airflow/example_dags/example_external_task_marker_dag.py
[2025-10-22T12:23:45.673+0000] {processor.py:840} INFO - DAG(s) 'example_external_task_marker_parent', 'example_external_task_marker_child' retrieved from /home/khaled/dbt-env/lib/python3.12/site-packages/airflow/example_dags/example_external_task_marker_dag.py
[2025-10-22T12:23:45.691+0000] {logging_mixin.py:188} INFO - [2025-10-22T12:23:45.690+0000] {dag.py:3089} INFO - Sync 2 DAGs
[2025-10-22T12:23:45.699+0000] {logging_mixin.py:188} INFO - [2025-10-22T12:23:45.699+0000] {dag.py:3947} INFO - Setting next_dagrun for example_external_task_marker_child to None, run_after=None
[2025-10-22T12:23:45.701+0000] {logging_mixin.py:188} INFO - [2025-10-22T12:23:45.701+0000] {dag.py:3947} INFO - Setting next_dagrun for example_external_task_marker_parent to None, run_after=None
[2025-10-22T12:23:45.720+0000] {processor.py:183} INFO - Processing /home/khaled/dbt-env/lib/python3.12/site-packages/airflow/example_dags/example_external_task_marker_dag.py took 0.059 seconds
[2025-10-22T12:24:39.170+0000] {processor.py:161} INFO - Started process (PID=11345) to work on /home/khaled/dbt-env/lib/python3.12/site-packages/airflow/example_dags/example_external_task_marker_dag.py
[2025-10-22T12:24:39.172+0000] {processor.py:830} INFO - Processing file /home/khaled/dbt-env/lib/python3.12/site-packages/airflow/example_dags/example_external_task_marker_dag.py for tasks to queue
[2025-10-22T12:24:39.173+0000] {logging_mixin.py:188} INFO - [2025-10-22T12:24:39.173+0000] {dagbag.py:545} INFO - Filling up the DagBag from /home/khaled/dbt-env/lib/python3.12/site-packages/airflow/example_dags/example_external_task_marker_dag.py
[2025-10-22T12:24:39.179+0000] {processor.py:840} INFO - DAG(s) 'example_external_task_marker_child', 'example_external_task_marker_parent' retrieved from /home/khaled/dbt-env/lib/python3.12/site-packages/airflow/example_dags/example_external_task_marker_dag.py
[2025-10-22T12:24:39.196+0000] {logging_mixin.py:188} INFO - [2025-10-22T12:24:39.196+0000] {dag.py:3089} INFO - Sync 2 DAGs
[2025-10-22T12:24:39.206+0000] {logging_mixin.py:188} INFO - [2025-10-22T12:24:39.206+0000] {dag.py:3947} INFO - Setting next_dagrun for example_external_task_marker_child to None, run_after=None
[2025-10-22T12:24:39.209+0000] {logging_mixin.py:188} INFO - [2025-10-22T12:24:39.209+0000] {dag.py:3947} INFO - Setting next_dagrun for example_external_task_marker_parent to None, run_after=None
[2025-10-22T12:24:39.271+0000] {processor.py:183} INFO - Processing /home/khaled/dbt-env/lib/python3.12/site-packages/airflow/example_dags/example_external_task_marker_dag.py took 0.105 seconds
[2025-10-22T12:25:35.395+0000] {processor.py:161} INFO - Started process (PID=11427) to work on /home/khaled/dbt-env/lib/python3.12/site-packages/airflow/example_dags/example_external_task_marker_dag.py
[2025-10-22T12:25:35.405+0000] {processor.py:830} INFO - Processing file /home/khaled/dbt-env/lib/python3.12/site-packages/airflow/example_dags/example_external_task_marker_dag.py for tasks to queue
[2025-10-22T12:25:35.408+0000] {logging_mixin.py:188} INFO - [2025-10-22T12:25:35.407+0000] {dagbag.py:545} INFO - Filling up the DagBag from /home/khaled/dbt-env/lib/python3.12/site-packages/airflow/example_dags/example_external_task_marker_dag.py
[2025-10-22T12:25:35.417+0000] {processor.py:840} INFO - DAG(s) 'example_external_task_marker_parent', 'example_external_task_marker_child' retrieved from /home/khaled/dbt-env/lib/python3.12/site-packages/airflow/example_dags/example_external_task_marker_dag.py
[2025-10-22T12:25:35.434+0000] {logging_mixin.py:188} INFO - [2025-10-22T12:25:35.433+0000] {dag.py:3089} INFO - Sync 2 DAGs
[2025-10-22T12:25:35.446+0000] {logging_mixin.py:188} INFO - [2025-10-22T12:25:35.445+0000] {dag.py:3947} INFO - Setting next_dagrun for example_external_task_marker_child to None, run_after=None
[2025-10-22T12:25:35.448+0000] {logging_mixin.py:188} INFO - [2025-10-22T12:25:35.448+0000] {dag.py:3947} INFO - Setting next_dagrun for example_external_task_marker_parent to None, run_after=None
[2025-10-22T12:25:35.487+0000] {processor.py:183} INFO - Processing /home/khaled/dbt-env/lib/python3.12/site-packages/airflow/example_dags/example_external_task_marker_dag.py took 0.105 seconds
[2025-10-22T12:26:33.452+0000] {processor.py:161} INFO - Started process (PID=11606) to work on /home/khaled/dbt-env/lib/python3.12/site-packages/airflow/example_dags/example_external_task_marker_dag.py
[2025-10-22T12:26:33.463+0000] {processor.py:830} INFO - Processing file /home/khaled/dbt-env/lib/python3.12/site-packages/airflow/example_dags/example_external_task_marker_dag.py for tasks to queue
[2025-10-22T12:26:33.466+0000] {logging_mixin.py:188} INFO - [2025-10-22T12:26:33.466+0000] {dagbag.py:545} INFO - Filling up the DagBag from /home/khaled/dbt-env/lib/python3.12/site-packages/airflow/example_dags/example_external_task_marker_dag.py
[2025-10-22T12:26:33.472+0000] {processor.py:840} INFO - DAG(s) 'example_external_task_marker_child', 'example_external_task_marker_parent' retrieved from /home/khaled/dbt-env/lib/python3.12/site-packages/airflow/example_dags/example_external_task_marker_dag.py
[2025-10-22T12:26:33.486+0000] {logging_mixin.py:188} INFO - [2025-10-22T12:26:33.486+0000] {dag.py:3089} INFO - Sync 2 DAGs
[2025-10-22T12:26:33.497+0000] {logging_mixin.py:188} INFO - [2025-10-22T12:26:33.497+0000] {dag.py:3947} INFO - Setting next_dagrun for example_external_task_marker_child to None, run_after=None
[2025-10-22T12:26:33.501+0000] {logging_mixin.py:188} INFO - [2025-10-22T12:26:33.501+0000] {dag.py:3947} INFO - Setting next_dagrun for example_external_task_marker_parent to None, run_after=None
[2025-10-22T12:26:33.521+0000] {processor.py:183} INFO - Processing /home/khaled/dbt-env/lib/python3.12/site-packages/airflow/example_dags/example_external_task_marker_dag.py took 0.078 seconds
[2025-10-22T12:27:48.373+0000] {processor.py:161} INFO - Started process (PID=12067) to work on /home/khaled/dbt-env/lib/python3.12/site-packages/airflow/example_dags/example_external_task_marker_dag.py
[2025-10-22T12:27:48.376+0000] {processor.py:830} INFO - Processing file /home/khaled/dbt-env/lib/python3.12/site-packages/airflow/example_dags/example_external_task_marker_dag.py for tasks to queue
[2025-10-22T12:27:48.378+0000] {logging_mixin.py:188} INFO - [2025-10-22T12:27:48.377+0000] {dagbag.py:545} INFO - Filling up the DagBag from /home/khaled/dbt-env/lib/python3.12/site-packages/airflow/example_dags/example_external_task_marker_dag.py
[2025-10-22T12:27:48.383+0000] {processor.py:840} INFO - DAG(s) 'example_external_task_marker_parent', 'example_external_task_marker_child' retrieved from /home/khaled/dbt-env/lib/python3.12/site-packages/airflow/example_dags/example_external_task_marker_dag.py
[2025-10-22T12:27:48.398+0000] {logging_mixin.py:188} INFO - [2025-10-22T12:27:48.398+0000] {dag.py:3089} INFO - Sync 2 DAGs
[2025-10-22T12:27:48.408+0000] {logging_mixin.py:188} INFO - [2025-10-22T12:27:48.408+0000] {dag.py:3947} INFO - Setting next_dagrun for example_external_task_marker_child to None, run_after=None
[2025-10-22T12:27:48.412+0000] {logging_mixin.py:188} INFO - [2025-10-22T12:27:48.412+0000] {dag.py:3947} INFO - Setting next_dagrun for example_external_task_marker_parent to None, run_after=None
[2025-10-22T12:27:48.436+0000] {processor.py:183} INFO - Processing /home/khaled/dbt-env/lib/python3.12/site-packages/airflow/example_dags/example_external_task_marker_dag.py took 0.070 seconds
[2025-10-22T12:28:46.803+0000] {processor.py:161} INFO - Started process (PID=12284) to work on /home/khaled/dbt-env/lib/python3.12/site-packages/airflow/example_dags/example_external_task_marker_dag.py
[2025-10-22T12:28:46.807+0000] {processor.py:830} INFO - Processing file /home/khaled/dbt-env/lib/python3.12/site-packages/airflow/example_dags/example_external_task_marker_dag.py for tasks to queue
[2025-10-22T12:28:46.808+0000] {logging_mixin.py:188} INFO - [2025-10-22T12:28:46.808+0000] {dagbag.py:545} INFO - Filling up the DagBag from /home/khaled/dbt-env/lib/python3.12/site-packages/airflow/example_dags/example_external_task_marker_dag.py
[2025-10-22T12:28:46.814+0000] {processor.py:840} INFO - DAG(s) 'example_external_task_marker_parent', 'example_external_task_marker_child' retrieved from /home/khaled/dbt-env/lib/python3.12/site-packages/airflow/example_dags/example_external_task_marker_dag.py
[2025-10-22T12:28:46.841+0000] {logging_mixin.py:188} INFO - [2025-10-22T12:28:46.840+0000] {dag.py:3089} INFO - Sync 2 DAGs
[2025-10-22T12:28:46.852+0000] {logging_mixin.py:188} INFO - [2025-10-22T12:28:46.852+0000] {dag.py:3947} INFO - Setting next_dagrun for example_external_task_marker_child to None, run_after=None
[2025-10-22T12:28:46.855+0000] {logging_mixin.py:188} INFO - [2025-10-22T12:28:46.855+0000] {dag.py:3947} INFO - Setting next_dagrun for example_external_task_marker_parent to None, run_after=None
[2025-10-22T12:28:46.877+0000] {processor.py:183} INFO - Processing /home/khaled/dbt-env/lib/python3.12/site-packages/airflow/example_dags/example_external_task_marker_dag.py took 0.085 seconds
[2025-10-22T12:29:42.579+0000] {processor.py:161} INFO - Started process (PID=12479) to work on /home/khaled/dbt-env/lib/python3.12/site-packages/airflow/example_dags/example_external_task_marker_dag.py
[2025-10-22T12:29:42.592+0000] {processor.py:830} INFO - Processing file /home/khaled/dbt-env/lib/python3.12/site-packages/airflow/example_dags/example_external_task_marker_dag.py for tasks to queue
[2025-10-22T12:29:42.594+0000] {logging_mixin.py:188} INFO - [2025-10-22T12:29:42.593+0000] {dagbag.py:545} INFO - Filling up the DagBag from /home/khaled/dbt-env/lib/python3.12/site-packages/airflow/example_dags/example_external_task_marker_dag.py
[2025-10-22T12:29:42.599+0000] {processor.py:840} INFO - DAG(s) 'example_external_task_marker_child', 'example_external_task_marker_parent' retrieved from /home/khaled/dbt-env/lib/python3.12/site-packages/airflow/example_dags/example_external_task_marker_dag.py
[2025-10-22T12:29:42.614+0000] {logging_mixin.py:188} INFO - [2025-10-22T12:29:42.614+0000] {dag.py:3089} INFO - Sync 2 DAGs
[2025-10-22T12:29:42.623+0000] {logging_mixin.py:188} INFO - [2025-10-22T12:29:42.623+0000] {dag.py:3947} INFO - Setting next_dagrun for example_external_task_marker_child to None, run_after=None
[2025-10-22T12:29:42.626+0000] {logging_mixin.py:188} INFO - [2025-10-22T12:29:42.625+0000] {dag.py:3947} INFO - Setting next_dagrun for example_external_task_marker_parent to None, run_after=None
[2025-10-22T12:29:42.646+0000] {processor.py:183} INFO - Processing /home/khaled/dbt-env/lib/python3.12/site-packages/airflow/example_dags/example_external_task_marker_dag.py took 0.073 seconds
[2025-10-22T12:30:35.685+0000] {processor.py:161} INFO - Started process (PID=12546) to work on /home/khaled/dbt-env/lib/python3.12/site-packages/airflow/example_dags/example_external_task_marker_dag.py
[2025-10-22T12:30:35.686+0000] {processor.py:830} INFO - Processing file /home/khaled/dbt-env/lib/python3.12/site-packages/airflow/example_dags/example_external_task_marker_dag.py for tasks to queue
[2025-10-22T12:30:35.687+0000] {logging_mixin.py:188} INFO - [2025-10-22T12:30:35.687+0000] {dagbag.py:545} INFO - Filling up the DagBag from /home/khaled/dbt-env/lib/python3.12/site-packages/airflow/example_dags/example_external_task_marker_dag.py
[2025-10-22T12:30:35.691+0000] {processor.py:840} INFO - DAG(s) 'example_external_task_marker_parent', 'example_external_task_marker_child' retrieved from /home/khaled/dbt-env/lib/python3.12/site-packages/airflow/example_dags/example_external_task_marker_dag.py
[2025-10-22T12:30:35.703+0000] {logging_mixin.py:188} INFO - [2025-10-22T12:30:35.703+0000] {dag.py:3089} INFO - Sync 2 DAGs
[2025-10-22T12:30:35.710+0000] {logging_mixin.py:188} INFO - [2025-10-22T12:30:35.710+0000] {dag.py:3947} INFO - Setting next_dagrun for example_external_task_marker_child to None, run_after=None
[2025-10-22T12:30:35.712+0000] {logging_mixin.py:188} INFO - [2025-10-22T12:30:35.712+0000] {dag.py:3947} INFO - Setting next_dagrun for example_external_task_marker_parent to None, run_after=None
[2025-10-22T12:30:35.735+0000] {processor.py:183} INFO - Processing /home/khaled/dbt-env/lib/python3.12/site-packages/airflow/example_dags/example_external_task_marker_dag.py took 0.055 seconds
[2025-10-22T12:31:26.086+0000] {processor.py:161} INFO - Started process (PID=12600) to work on /home/khaled/dbt-env/lib/python3.12/site-packages/airflow/example_dags/example_external_task_marker_dag.py
[2025-10-22T12:31:26.088+0000] {processor.py:830} INFO - Processing file /home/khaled/dbt-env/lib/python3.12/site-packages/airflow/example_dags/example_external_task_marker_dag.py for tasks to queue
[2025-10-22T12:31:26.090+0000] {logging_mixin.py:188} INFO - [2025-10-22T12:31:26.089+0000] {dagbag.py:545} INFO - Filling up the DagBag from /home/khaled/dbt-env/lib/python3.12/site-packages/airflow/example_dags/example_external_task_marker_dag.py
[2025-10-22T12:31:26.096+0000] {processor.py:840} INFO - DAG(s) 'example_external_task_marker_parent', 'example_external_task_marker_child' retrieved from /home/khaled/dbt-env/lib/python3.12/site-packages/airflow/example_dags/example_external_task_marker_dag.py
[2025-10-22T12:31:26.114+0000] {logging_mixin.py:188} INFO - [2025-10-22T12:31:26.114+0000] {dag.py:3089} INFO - Sync 2 DAGs
[2025-10-22T12:31:26.131+0000] {logging_mixin.py:188} INFO - [2025-10-22T12:31:26.130+0000] {dag.py:3947} INFO - Setting next_dagrun for example_external_task_marker_child to None, run_after=None
[2025-10-22T12:31:26.134+0000] {logging_mixin.py:188} INFO - [2025-10-22T12:31:26.134+0000] {dag.py:3947} INFO - Setting next_dagrun for example_external_task_marker_parent to None, run_after=None
[2025-10-22T12:31:26.188+0000] {processor.py:183} INFO - Processing /home/khaled/dbt-env/lib/python3.12/site-packages/airflow/example_dags/example_external_task_marker_dag.py took 0.107 seconds
[2025-10-22T12:33:30.493+0000] {processor.py:161} INFO - Started process (PID=12852) to work on /home/khaled/dbt-env/lib/python3.12/site-packages/airflow/example_dags/example_external_task_marker_dag.py
[2025-10-22T12:33:30.546+0000] {processor.py:830} INFO - Processing file /home/khaled/dbt-env/lib/python3.12/site-packages/airflow/example_dags/example_external_task_marker_dag.py for tasks to queue
[2025-10-22T12:33:30.579+0000] {logging_mixin.py:188} INFO - [2025-10-22T12:33:30.575+0000] {dagbag.py:545} INFO - Filling up the DagBag from /home/khaled/dbt-env/lib/python3.12/site-packages/airflow/example_dags/example_external_task_marker_dag.py
[2025-10-22T12:33:30.626+0000] {processor.py:840} INFO - DAG(s) 'example_external_task_marker_parent', 'example_external_task_marker_child' retrieved from /home/khaled/dbt-env/lib/python3.12/site-packages/airflow/example_dags/example_external_task_marker_dag.py
[2025-10-22T12:33:30.715+0000] {logging_mixin.py:188} INFO - [2025-10-22T12:33:30.714+0000] {dag.py:3089} INFO - Sync 2 DAGs
[2025-10-22T12:33:30.781+0000] {logging_mixin.py:188} INFO - [2025-10-22T12:33:30.780+0000] {dag.py:3947} INFO - Setting next_dagrun for example_external_task_marker_child to None, run_after=None
[2025-10-22T12:33:30.787+0000] {logging_mixin.py:188} INFO - [2025-10-22T12:33:30.786+0000] {dag.py:3947} INFO - Setting next_dagrun for example_external_task_marker_parent to None, run_after=None
[2025-10-22T12:33:33.072+0000] {processor.py:183} INFO - Processing /home/khaled/dbt-env/lib/python3.12/site-packages/airflow/example_dags/example_external_task_marker_dag.py took 2.655 seconds
[2025-10-22T12:37:13.020+0000] {processor.py:161} INFO - Started process (PID=13169) to work on /home/khaled/dbt-env/lib/python3.12/site-packages/airflow/example_dags/example_external_task_marker_dag.py
[2025-10-22T12:37:13.032+0000] {processor.py:830} INFO - Processing file /home/khaled/dbt-env/lib/python3.12/site-packages/airflow/example_dags/example_external_task_marker_dag.py for tasks to queue
[2025-10-22T12:37:13.034+0000] {logging_mixin.py:188} INFO - [2025-10-22T12:37:13.034+0000] {dagbag.py:545} INFO - Filling up the DagBag from /home/khaled/dbt-env/lib/python3.12/site-packages/airflow/example_dags/example_external_task_marker_dag.py
[2025-10-22T12:37:13.042+0000] {processor.py:840} INFO - DAG(s) 'example_external_task_marker_child', 'example_external_task_marker_parent' retrieved from /home/khaled/dbt-env/lib/python3.12/site-packages/airflow/example_dags/example_external_task_marker_dag.py
[2025-10-22T12:37:13.056+0000] {logging_mixin.py:188} INFO - [2025-10-22T12:37:13.056+0000] {dag.py:3089} INFO - Sync 2 DAGs
[2025-10-22T12:37:13.064+0000] {logging_mixin.py:188} INFO - [2025-10-22T12:37:13.064+0000] {dag.py:3947} INFO - Setting next_dagrun for example_external_task_marker_child to None, run_after=None
[2025-10-22T12:37:13.067+0000] {logging_mixin.py:188} INFO - [2025-10-22T12:37:13.067+0000] {dag.py:3947} INFO - Setting next_dagrun for example_external_task_marker_parent to None, run_after=None
[2025-10-22T12:37:13.088+0000] {processor.py:183} INFO - Processing /home/khaled/dbt-env/lib/python3.12/site-packages/airflow/example_dags/example_external_task_marker_dag.py took 0.072 seconds
[2025-10-22T12:38:33.968+0000] {processor.py:161} INFO - Started process (PID=13246) to work on /home/khaled/dbt-env/lib/python3.12/site-packages/airflow/example_dags/example_external_task_marker_dag.py
[2025-10-22T12:38:33.980+0000] {processor.py:830} INFO - Processing file /home/khaled/dbt-env/lib/python3.12/site-packages/airflow/example_dags/example_external_task_marker_dag.py for tasks to queue
[2025-10-22T12:38:33.982+0000] {logging_mixin.py:188} INFO - [2025-10-22T12:38:33.981+0000] {dagbag.py:545} INFO - Filling up the DagBag from /home/khaled/dbt-env/lib/python3.12/site-packages/airflow/example_dags/example_external_task_marker_dag.py
[2025-10-22T12:38:33.987+0000] {processor.py:840} INFO - DAG(s) 'example_external_task_marker_child', 'example_external_task_marker_parent' retrieved from /home/khaled/dbt-env/lib/python3.12/site-packages/airflow/example_dags/example_external_task_marker_dag.py
[2025-10-22T12:38:34.004+0000] {logging_mixin.py:188} INFO - [2025-10-22T12:38:34.003+0000] {dag.py:3089} INFO - Sync 2 DAGs
[2025-10-22T12:38:34.014+0000] {logging_mixin.py:188} INFO - [2025-10-22T12:38:34.014+0000] {dag.py:3947} INFO - Setting next_dagrun for example_external_task_marker_child to None, run_after=None
[2025-10-22T12:38:34.017+0000] {logging_mixin.py:188} INFO - [2025-10-22T12:38:34.017+0000] {dag.py:3947} INFO - Setting next_dagrun for example_external_task_marker_parent to None, run_after=None
[2025-10-22T12:38:34.039+0000] {processor.py:183} INFO - Processing /home/khaled/dbt-env/lib/python3.12/site-packages/airflow/example_dags/example_external_task_marker_dag.py took 0.083 seconds
[2025-10-22T12:39:49.452+0000] {processor.py:161} INFO - Started process (PID=13309) to work on /home/khaled/dbt-env/lib/python3.12/site-packages/airflow/example_dags/example_external_task_marker_dag.py
[2025-10-22T12:39:49.462+0000] {processor.py:830} INFO - Processing file /home/khaled/dbt-env/lib/python3.12/site-packages/airflow/example_dags/example_external_task_marker_dag.py for tasks to queue
[2025-10-22T12:39:49.464+0000] {logging_mixin.py:188} INFO - [2025-10-22T12:39:49.464+0000] {dagbag.py:545} INFO - Filling up the DagBag from /home/khaled/dbt-env/lib/python3.12/site-packages/airflow/example_dags/example_external_task_marker_dag.py
[2025-10-22T12:39:49.470+0000] {processor.py:840} INFO - DAG(s) 'example_external_task_marker_parent', 'example_external_task_marker_child' retrieved from /home/khaled/dbt-env/lib/python3.12/site-packages/airflow/example_dags/example_external_task_marker_dag.py
[2025-10-22T12:39:49.591+0000] {logging_mixin.py:188} INFO - [2025-10-22T12:39:49.591+0000] {dag.py:3089} INFO - Sync 2 DAGs
[2025-10-22T12:39:49.599+0000] {logging_mixin.py:188} INFO - [2025-10-22T12:39:49.599+0000] {dag.py:3947} INFO - Setting next_dagrun for example_external_task_marker_child to None, run_after=None
[2025-10-22T12:39:49.602+0000] {logging_mixin.py:188} INFO - [2025-10-22T12:39:49.602+0000] {dag.py:3947} INFO - Setting next_dagrun for example_external_task_marker_parent to None, run_after=None
[2025-10-22T12:39:49.623+0000] {processor.py:183} INFO - Processing /home/khaled/dbt-env/lib/python3.12/site-packages/airflow/example_dags/example_external_task_marker_dag.py took 0.177 seconds
