[2025-10-22T12:11:55.171+0000] {processor.py:161} INFO - Started process (PID=8058) to work on /home/khaled/dbt-env/lib/python3.12/site-packages/airflow/example_dags/example_task_group.py
[2025-10-22T12:11:55.177+0000] {processor.py:830} INFO - Processing file /home/khaled/dbt-env/lib/python3.12/site-packages/airflow/example_dags/example_task_group.py for tasks to queue
[2025-10-22T12:11:55.201+0000] {logging_mixin.py:188} INFO - [2025-10-22T12:11:55.186+0000] {dagbag.py:545} INFO - Filling up the DagBag from /home/khaled/dbt-env/lib/python3.12/site-packages/airflow/example_dags/example_task_group.py
[2025-10-22T12:11:55.243+0000] {processor.py:840} INFO - DAG(s) 'example_task_group' retrieved from /home/khaled/dbt-env/lib/python3.12/site-packages/airflow/example_dags/example_task_group.py
[2025-10-22T12:11:55.273+0000] {logging_mixin.py:188} INFO - [2025-10-22T12:11:55.270+0000] {dag.py:3089} INFO - Sync 1 DAGs
[2025-10-22T12:11:55.477+0000] {logging_mixin.py:188} INFO - [2025-10-22T12:11:55.476+0000] {dag.py:3947} INFO - Setting next_dagrun for example_task_group to 2025-10-21 00:00:00+00:00, run_after=2025-10-22 00:00:00+00:00
[2025-10-22T12:11:55.725+0000] {processor.py:183} INFO - Processing /home/khaled/dbt-env/lib/python3.12/site-packages/airflow/example_dags/example_task_group.py took 0.613 seconds
[2025-10-22T12:13:09.721+0000] {processor.py:161} INFO - Started process (PID=8882) to work on /home/khaled/dbt-env/lib/python3.12/site-packages/airflow/example_dags/example_task_group.py
[2025-10-22T12:13:09.731+0000] {processor.py:830} INFO - Processing file /home/khaled/dbt-env/lib/python3.12/site-packages/airflow/example_dags/example_task_group.py for tasks to queue
[2025-10-22T12:13:09.733+0000] {logging_mixin.py:188} INFO - [2025-10-22T12:13:09.733+0000] {dagbag.py:545} INFO - Filling up the DagBag from /home/khaled/dbt-env/lib/python3.12/site-packages/airflow/example_dags/example_task_group.py
[2025-10-22T12:13:09.741+0000] {processor.py:840} INFO - DAG(s) 'example_task_group' retrieved from /home/khaled/dbt-env/lib/python3.12/site-packages/airflow/example_dags/example_task_group.py
[2025-10-22T12:13:09.893+0000] {logging_mixin.py:188} INFO - [2025-10-22T12:13:09.892+0000] {dag.py:3089} INFO - Sync 1 DAGs
[2025-10-22T12:13:09.921+0000] {logging_mixin.py:188} INFO - [2025-10-22T12:13:09.921+0000] {dag.py:3947} INFO - Setting next_dagrun for example_task_group to 2025-10-21 00:00:00+00:00, run_after=2025-10-22 00:00:00+00:00
[2025-10-22T12:13:09.997+0000] {processor.py:183} INFO - Processing /home/khaled/dbt-env/lib/python3.12/site-packages/airflow/example_dags/example_task_group.py took 0.285 seconds
[2025-10-22T12:14:07.236+0000] {processor.py:161} INFO - Started process (PID=9302) to work on /home/khaled/dbt-env/lib/python3.12/site-packages/airflow/example_dags/example_task_group.py
[2025-10-22T12:14:07.238+0000] {processor.py:830} INFO - Processing file /home/khaled/dbt-env/lib/python3.12/site-packages/airflow/example_dags/example_task_group.py for tasks to queue
[2025-10-22T12:14:07.240+0000] {logging_mixin.py:188} INFO - [2025-10-22T12:14:07.240+0000] {dagbag.py:545} INFO - Filling up the DagBag from /home/khaled/dbt-env/lib/python3.12/site-packages/airflow/example_dags/example_task_group.py
[2025-10-22T12:14:07.256+0000] {processor.py:840} INFO - DAG(s) 'example_task_group' retrieved from /home/khaled/dbt-env/lib/python3.12/site-packages/airflow/example_dags/example_task_group.py
[2025-10-22T12:14:07.275+0000] {logging_mixin.py:188} INFO - [2025-10-22T12:14:07.275+0000] {dag.py:3089} INFO - Sync 1 DAGs
[2025-10-22T12:14:07.296+0000] {logging_mixin.py:188} INFO - [2025-10-22T12:14:07.296+0000] {dag.py:3947} INFO - Setting next_dagrun for example_task_group to 2025-10-21 00:00:00+00:00, run_after=2025-10-22 00:00:00+00:00
[2025-10-22T12:14:07.325+0000] {processor.py:183} INFO - Processing /home/khaled/dbt-env/lib/python3.12/site-packages/airflow/example_dags/example_task_group.py took 0.100 seconds
[2025-10-22T12:15:00.814+0000] {processor.py:161} INFO - Started process (PID=9473) to work on /home/khaled/dbt-env/lib/python3.12/site-packages/airflow/example_dags/example_task_group.py
[2025-10-22T12:15:00.835+0000] {processor.py:830} INFO - Processing file /home/khaled/dbt-env/lib/python3.12/site-packages/airflow/example_dags/example_task_group.py for tasks to queue
[2025-10-22T12:15:00.848+0000] {logging_mixin.py:188} INFO - [2025-10-22T12:15:00.840+0000] {dagbag.py:545} INFO - Filling up the DagBag from /home/khaled/dbt-env/lib/python3.12/site-packages/airflow/example_dags/example_task_group.py
[2025-10-22T12:15:00.859+0000] {processor.py:840} INFO - DAG(s) 'example_task_group' retrieved from /home/khaled/dbt-env/lib/python3.12/site-packages/airflow/example_dags/example_task_group.py
[2025-10-22T12:15:00.932+0000] {logging_mixin.py:188} INFO - [2025-10-22T12:15:00.932+0000] {dag.py:3089} INFO - Sync 1 DAGs
[2025-10-22T12:15:00.957+0000] {logging_mixin.py:188} INFO - [2025-10-22T12:15:00.957+0000] {dag.py:3947} INFO - Setting next_dagrun for example_task_group to 2025-10-21 00:00:00+00:00, run_after=2025-10-22 00:00:00+00:00
[2025-10-22T12:15:00.986+0000] {processor.py:183} INFO - Processing /home/khaled/dbt-env/lib/python3.12/site-packages/airflow/example_dags/example_task_group.py took 0.199 seconds
[2025-10-22T12:15:49.496+0000] {processor.py:161} INFO - Started process (PID=9624) to work on /home/khaled/dbt-env/lib/python3.12/site-packages/airflow/example_dags/example_task_group.py
[2025-10-22T12:15:49.506+0000] {processor.py:830} INFO - Processing file /home/khaled/dbt-env/lib/python3.12/site-packages/airflow/example_dags/example_task_group.py for tasks to queue
[2025-10-22T12:15:49.508+0000] {logging_mixin.py:188} INFO - [2025-10-22T12:15:49.508+0000] {dagbag.py:545} INFO - Filling up the DagBag from /home/khaled/dbt-env/lib/python3.12/site-packages/airflow/example_dags/example_task_group.py
[2025-10-22T12:15:49.513+0000] {processor.py:840} INFO - DAG(s) 'example_task_group' retrieved from /home/khaled/dbt-env/lib/python3.12/site-packages/airflow/example_dags/example_task_group.py
[2025-10-22T12:15:49.526+0000] {logging_mixin.py:188} INFO - [2025-10-22T12:15:49.526+0000] {dag.py:3089} INFO - Sync 1 DAGs
[2025-10-22T12:15:49.540+0000] {logging_mixin.py:188} INFO - [2025-10-22T12:15:49.540+0000] {dag.py:3947} INFO - Setting next_dagrun for example_task_group to 2025-10-21 00:00:00+00:00, run_after=2025-10-22 00:00:00+00:00
[2025-10-22T12:15:49.559+0000] {processor.py:183} INFO - Processing /home/khaled/dbt-env/lib/python3.12/site-packages/airflow/example_dags/example_task_group.py took 0.067 seconds
[2025-10-22T12:16:41.653+0000] {processor.py:161} INFO - Started process (PID=9735) to work on /home/khaled/dbt-env/lib/python3.12/site-packages/airflow/example_dags/example_task_group.py
[2025-10-22T12:16:41.662+0000] {processor.py:830} INFO - Processing file /home/khaled/dbt-env/lib/python3.12/site-packages/airflow/example_dags/example_task_group.py for tasks to queue
[2025-10-22T12:16:41.664+0000] {logging_mixin.py:188} INFO - [2025-10-22T12:16:41.664+0000] {dagbag.py:545} INFO - Filling up the DagBag from /home/khaled/dbt-env/lib/python3.12/site-packages/airflow/example_dags/example_task_group.py
[2025-10-22T12:16:41.683+0000] {processor.py:840} INFO - DAG(s) 'example_task_group' retrieved from /home/khaled/dbt-env/lib/python3.12/site-packages/airflow/example_dags/example_task_group.py
[2025-10-22T12:16:41.703+0000] {logging_mixin.py:188} INFO - [2025-10-22T12:16:41.703+0000] {dag.py:3089} INFO - Sync 1 DAGs
[2025-10-22T12:16:41.723+0000] {logging_mixin.py:188} INFO - [2025-10-22T12:16:41.723+0000] {dag.py:3947} INFO - Setting next_dagrun for example_task_group to 2025-10-21 00:00:00+00:00, run_after=2025-10-22 00:00:00+00:00
[2025-10-22T12:16:41.792+0000] {processor.py:183} INFO - Processing /home/khaled/dbt-env/lib/python3.12/site-packages/airflow/example_dags/example_task_group.py took 0.148 seconds
[2025-10-22T12:17:30.154+0000] {processor.py:161} INFO - Started process (PID=9842) to work on /home/khaled/dbt-env/lib/python3.12/site-packages/airflow/example_dags/example_task_group.py
[2025-10-22T12:17:30.156+0000] {processor.py:830} INFO - Processing file /home/khaled/dbt-env/lib/python3.12/site-packages/airflow/example_dags/example_task_group.py for tasks to queue
[2025-10-22T12:17:30.157+0000] {logging_mixin.py:188} INFO - [2025-10-22T12:17:30.157+0000] {dagbag.py:545} INFO - Filling up the DagBag from /home/khaled/dbt-env/lib/python3.12/site-packages/airflow/example_dags/example_task_group.py
[2025-10-22T12:17:30.163+0000] {processor.py:840} INFO - DAG(s) 'example_task_group' retrieved from /home/khaled/dbt-env/lib/python3.12/site-packages/airflow/example_dags/example_task_group.py
[2025-10-22T12:17:30.175+0000] {logging_mixin.py:188} INFO - [2025-10-22T12:17:30.175+0000] {dag.py:3089} INFO - Sync 1 DAGs
[2025-10-22T12:17:30.191+0000] {logging_mixin.py:188} INFO - [2025-10-22T12:17:30.190+0000] {dag.py:3947} INFO - Setting next_dagrun for example_task_group to 2025-10-21 00:00:00+00:00, run_after=2025-10-22 00:00:00+00:00
[2025-10-22T12:17:30.223+0000] {processor.py:183} INFO - Processing /home/khaled/dbt-env/lib/python3.12/site-packages/airflow/example_dags/example_task_group.py took 0.073 seconds
[2025-10-22T12:18:22.024+0000] {processor.py:161} INFO - Started process (PID=10252) to work on /home/khaled/dbt-env/lib/python3.12/site-packages/airflow/example_dags/example_task_group.py
[2025-10-22T12:18:22.034+0000] {processor.py:830} INFO - Processing file /home/khaled/dbt-env/lib/python3.12/site-packages/airflow/example_dags/example_task_group.py for tasks to queue
[2025-10-22T12:18:22.036+0000] {logging_mixin.py:188} INFO - [2025-10-22T12:18:22.036+0000] {dagbag.py:545} INFO - Filling up the DagBag from /home/khaled/dbt-env/lib/python3.12/site-packages/airflow/example_dags/example_task_group.py
[2025-10-22T12:18:22.041+0000] {processor.py:840} INFO - DAG(s) 'example_task_group' retrieved from /home/khaled/dbt-env/lib/python3.12/site-packages/airflow/example_dags/example_task_group.py
[2025-10-22T12:18:22.052+0000] {logging_mixin.py:188} INFO - [2025-10-22T12:18:22.052+0000] {dag.py:3089} INFO - Sync 1 DAGs
[2025-10-22T12:18:22.064+0000] {logging_mixin.py:188} INFO - [2025-10-22T12:18:22.064+0000] {dag.py:3947} INFO - Setting next_dagrun for example_task_group to 2025-10-21 00:00:00+00:00, run_after=2025-10-22 00:00:00+00:00
[2025-10-22T12:18:22.084+0000] {processor.py:183} INFO - Processing /home/khaled/dbt-env/lib/python3.12/site-packages/airflow/example_dags/example_task_group.py took 0.064 seconds
[2025-10-22T12:19:19.227+0000] {processor.py:161} INFO - Started process (PID=10355) to work on /home/khaled/dbt-env/lib/python3.12/site-packages/airflow/example_dags/example_task_group.py
[2025-10-22T12:19:19.229+0000] {processor.py:830} INFO - Processing file /home/khaled/dbt-env/lib/python3.12/site-packages/airflow/example_dags/example_task_group.py for tasks to queue
[2025-10-22T12:19:19.231+0000] {logging_mixin.py:188} INFO - [2025-10-22T12:19:19.230+0000] {dagbag.py:545} INFO - Filling up the DagBag from /home/khaled/dbt-env/lib/python3.12/site-packages/airflow/example_dags/example_task_group.py
[2025-10-22T12:19:19.240+0000] {processor.py:840} INFO - DAG(s) 'example_task_group' retrieved from /home/khaled/dbt-env/lib/python3.12/site-packages/airflow/example_dags/example_task_group.py
[2025-10-22T12:19:19.259+0000] {logging_mixin.py:188} INFO - [2025-10-22T12:19:19.259+0000] {dag.py:3089} INFO - Sync 1 DAGs
[2025-10-22T12:19:19.279+0000] {logging_mixin.py:188} INFO - [2025-10-22T12:19:19.278+0000] {dag.py:3947} INFO - Setting next_dagrun for example_task_group to 2025-10-21 00:00:00+00:00, run_after=2025-10-22 00:00:00+00:00
[2025-10-22T12:19:19.315+0000] {processor.py:183} INFO - Processing /home/khaled/dbt-env/lib/python3.12/site-packages/airflow/example_dags/example_task_group.py took 0.098 seconds
[2025-10-22T12:22:25.494+0000] {processor.py:161} INFO - Started process (PID=10638) to work on /home/khaled/dbt-env/lib/python3.12/site-packages/airflow/example_dags/example_task_group.py
[2025-10-22T12:22:25.504+0000] {processor.py:830} INFO - Processing file /home/khaled/dbt-env/lib/python3.12/site-packages/airflow/example_dags/example_task_group.py for tasks to queue
[2025-10-22T12:22:25.506+0000] {logging_mixin.py:188} INFO - [2025-10-22T12:22:25.506+0000] {dagbag.py:545} INFO - Filling up the DagBag from /home/khaled/dbt-env/lib/python3.12/site-packages/airflow/example_dags/example_task_group.py
[2025-10-22T12:22:25.514+0000] {processor.py:840} INFO - DAG(s) 'example_task_group' retrieved from /home/khaled/dbt-env/lib/python3.12/site-packages/airflow/example_dags/example_task_group.py
[2025-10-22T12:22:25.528+0000] {logging_mixin.py:188} INFO - [2025-10-22T12:22:25.528+0000] {dag.py:3089} INFO - Sync 1 DAGs
[2025-10-22T12:22:25.543+0000] {logging_mixin.py:188} INFO - [2025-10-22T12:22:25.543+0000] {dag.py:3947} INFO - Setting next_dagrun for example_task_group to 2025-10-21 00:00:00+00:00, run_after=2025-10-22 00:00:00+00:00
[2025-10-22T12:22:25.562+0000] {processor.py:183} INFO - Processing /home/khaled/dbt-env/lib/python3.12/site-packages/airflow/example_dags/example_task_group.py took 0.073 seconds
[2025-10-22T12:23:23.409+0000] {processor.py:161} INFO - Started process (PID=11119) to work on /home/khaled/dbt-env/lib/python3.12/site-packages/airflow/example_dags/example_task_group.py
[2025-10-22T12:23:23.420+0000] {processor.py:830} INFO - Processing file /home/khaled/dbt-env/lib/python3.12/site-packages/airflow/example_dags/example_task_group.py for tasks to queue
[2025-10-22T12:23:23.422+0000] {logging_mixin.py:188} INFO - [2025-10-22T12:23:23.422+0000] {dagbag.py:545} INFO - Filling up the DagBag from /home/khaled/dbt-env/lib/python3.12/site-packages/airflow/example_dags/example_task_group.py
[2025-10-22T12:23:23.427+0000] {processor.py:840} INFO - DAG(s) 'example_task_group' retrieved from /home/khaled/dbt-env/lib/python3.12/site-packages/airflow/example_dags/example_task_group.py
[2025-10-22T12:23:23.438+0000] {logging_mixin.py:188} INFO - [2025-10-22T12:23:23.438+0000] {dag.py:3089} INFO - Sync 1 DAGs
[2025-10-22T12:23:23.450+0000] {logging_mixin.py:188} INFO - [2025-10-22T12:23:23.449+0000] {dag.py:3947} INFO - Setting next_dagrun for example_task_group to 2025-10-21 00:00:00+00:00, run_after=2025-10-22 00:00:00+00:00
[2025-10-22T12:23:23.470+0000] {processor.py:183} INFO - Processing /home/khaled/dbt-env/lib/python3.12/site-packages/airflow/example_dags/example_task_group.py took 0.065 seconds
[2025-10-22T12:24:19.784+0000] {processor.py:161} INFO - Started process (PID=11253) to work on /home/khaled/dbt-env/lib/python3.12/site-packages/airflow/example_dags/example_task_group.py
[2025-10-22T12:24:19.786+0000] {processor.py:830} INFO - Processing file /home/khaled/dbt-env/lib/python3.12/site-packages/airflow/example_dags/example_task_group.py for tasks to queue
[2025-10-22T12:24:19.788+0000] {logging_mixin.py:188} INFO - [2025-10-22T12:24:19.787+0000] {dagbag.py:545} INFO - Filling up the DagBag from /home/khaled/dbt-env/lib/python3.12/site-packages/airflow/example_dags/example_task_group.py
[2025-10-22T12:24:19.792+0000] {processor.py:840} INFO - DAG(s) 'example_task_group' retrieved from /home/khaled/dbt-env/lib/python3.12/site-packages/airflow/example_dags/example_task_group.py
[2025-10-22T12:24:19.803+0000] {logging_mixin.py:188} INFO - [2025-10-22T12:24:19.803+0000] {dag.py:3089} INFO - Sync 1 DAGs
[2025-10-22T12:24:19.814+0000] {logging_mixin.py:188} INFO - [2025-10-22T12:24:19.814+0000] {dag.py:3947} INFO - Setting next_dagrun for example_task_group to 2025-10-21 00:00:00+00:00, run_after=2025-10-22 00:00:00+00:00
[2025-10-22T12:24:19.845+0000] {processor.py:183} INFO - Processing /home/khaled/dbt-env/lib/python3.12/site-packages/airflow/example_dags/example_task_group.py took 0.065 seconds
[2025-10-22T12:25:11.122+0000] {processor.py:161} INFO - Started process (PID=11392) to work on /home/khaled/dbt-env/lib/python3.12/site-packages/airflow/example_dags/example_task_group.py
[2025-10-22T12:25:11.123+0000] {processor.py:830} INFO - Processing file /home/khaled/dbt-env/lib/python3.12/site-packages/airflow/example_dags/example_task_group.py for tasks to queue
[2025-10-22T12:25:11.125+0000] {logging_mixin.py:188} INFO - [2025-10-22T12:25:11.125+0000] {dagbag.py:545} INFO - Filling up the DagBag from /home/khaled/dbt-env/lib/python3.12/site-packages/airflow/example_dags/example_task_group.py
[2025-10-22T12:25:11.132+0000] {processor.py:840} INFO - DAG(s) 'example_task_group' retrieved from /home/khaled/dbt-env/lib/python3.12/site-packages/airflow/example_dags/example_task_group.py
[2025-10-22T12:25:11.145+0000] {logging_mixin.py:188} INFO - [2025-10-22T12:25:11.145+0000] {dag.py:3089} INFO - Sync 1 DAGs
[2025-10-22T12:25:11.156+0000] {logging_mixin.py:188} INFO - [2025-10-22T12:25:11.156+0000] {dag.py:3947} INFO - Setting next_dagrun for example_task_group to 2025-10-21 00:00:00+00:00, run_after=2025-10-22 00:00:00+00:00
[2025-10-22T12:25:11.179+0000] {processor.py:183} INFO - Processing /home/khaled/dbt-env/lib/python3.12/site-packages/airflow/example_dags/example_task_group.py took 0.061 seconds
[2025-10-22T12:26:06.109+0000] {processor.py:161} INFO - Started process (PID=11474) to work on /home/khaled/dbt-env/lib/python3.12/site-packages/airflow/example_dags/example_task_group.py
[2025-10-22T12:26:06.111+0000] {processor.py:830} INFO - Processing file /home/khaled/dbt-env/lib/python3.12/site-packages/airflow/example_dags/example_task_group.py for tasks to queue
[2025-10-22T12:26:06.113+0000] {logging_mixin.py:188} INFO - [2025-10-22T12:26:06.112+0000] {dagbag.py:545} INFO - Filling up the DagBag from /home/khaled/dbt-env/lib/python3.12/site-packages/airflow/example_dags/example_task_group.py
[2025-10-22T12:26:06.119+0000] {processor.py:840} INFO - DAG(s) 'example_task_group' retrieved from /home/khaled/dbt-env/lib/python3.12/site-packages/airflow/example_dags/example_task_group.py
[2025-10-22T12:26:06.138+0000] {logging_mixin.py:188} INFO - [2025-10-22T12:26:06.137+0000] {dag.py:3089} INFO - Sync 1 DAGs
[2025-10-22T12:26:06.162+0000] {logging_mixin.py:188} INFO - [2025-10-22T12:26:06.162+0000] {dag.py:3947} INFO - Setting next_dagrun for example_task_group to 2025-10-21 00:00:00+00:00, run_after=2025-10-22 00:00:00+00:00
[2025-10-22T12:26:06.184+0000] {processor.py:183} INFO - Processing /home/khaled/dbt-env/lib/python3.12/site-packages/airflow/example_dags/example_task_group.py took 0.094 seconds
[2025-10-22T12:27:02.770+0000] {processor.py:161} INFO - Started process (PID=11761) to work on /home/khaled/dbt-env/lib/python3.12/site-packages/airflow/example_dags/example_task_group.py
[2025-10-22T12:27:02.771+0000] {processor.py:830} INFO - Processing file /home/khaled/dbt-env/lib/python3.12/site-packages/airflow/example_dags/example_task_group.py for tasks to queue
[2025-10-22T12:27:02.774+0000] {logging_mixin.py:188} INFO - [2025-10-22T12:27:02.774+0000] {dagbag.py:545} INFO - Filling up the DagBag from /home/khaled/dbt-env/lib/python3.12/site-packages/airflow/example_dags/example_task_group.py
[2025-10-22T12:27:02.786+0000] {processor.py:840} INFO - DAG(s) 'example_task_group' retrieved from /home/khaled/dbt-env/lib/python3.12/site-packages/airflow/example_dags/example_task_group.py
[2025-10-22T12:27:02.803+0000] {logging_mixin.py:188} INFO - [2025-10-22T12:27:02.803+0000] {dag.py:3089} INFO - Sync 1 DAGs
[2025-10-22T12:27:02.825+0000] {logging_mixin.py:188} INFO - [2025-10-22T12:27:02.822+0000] {dag.py:3947} INFO - Setting next_dagrun for example_task_group to 2025-10-21 00:00:00+00:00, run_after=2025-10-22 00:00:00+00:00
[2025-10-22T12:27:02.869+0000] {processor.py:183} INFO - Processing /home/khaled/dbt-env/lib/python3.12/site-packages/airflow/example_dags/example_task_group.py took 0.106 seconds
[2025-10-22T12:28:17.121+0000] {processor.py:161} INFO - Started process (PID=12112) to work on /home/khaled/dbt-env/lib/python3.12/site-packages/airflow/example_dags/example_task_group.py
[2025-10-22T12:28:17.122+0000] {processor.py:830} INFO - Processing file /home/khaled/dbt-env/lib/python3.12/site-packages/airflow/example_dags/example_task_group.py for tasks to queue
[2025-10-22T12:28:17.124+0000] {logging_mixin.py:188} INFO - [2025-10-22T12:28:17.123+0000] {dagbag.py:545} INFO - Filling up the DagBag from /home/khaled/dbt-env/lib/python3.12/site-packages/airflow/example_dags/example_task_group.py
[2025-10-22T12:28:17.129+0000] {processor.py:840} INFO - DAG(s) 'example_task_group' retrieved from /home/khaled/dbt-env/lib/python3.12/site-packages/airflow/example_dags/example_task_group.py
[2025-10-22T12:28:17.144+0000] {logging_mixin.py:188} INFO - [2025-10-22T12:28:17.143+0000] {dag.py:3089} INFO - Sync 1 DAGs
[2025-10-22T12:28:17.160+0000] {logging_mixin.py:188} INFO - [2025-10-22T12:28:17.160+0000] {dag.py:3947} INFO - Setting next_dagrun for example_task_group to 2025-10-21 00:00:00+00:00, run_after=2025-10-22 00:00:00+00:00
[2025-10-22T12:28:17.206+0000] {processor.py:183} INFO - Processing /home/khaled/dbt-env/lib/python3.12/site-packages/airflow/example_dags/example_task_group.py took 0.092 seconds
[2025-10-22T12:29:13.217+0000] {processor.py:161} INFO - Started process (PID=12402) to work on /home/khaled/dbt-env/lib/python3.12/site-packages/airflow/example_dags/example_task_group.py
[2025-10-22T12:29:13.230+0000] {processor.py:830} INFO - Processing file /home/khaled/dbt-env/lib/python3.12/site-packages/airflow/example_dags/example_task_group.py for tasks to queue
[2025-10-22T12:29:13.233+0000] {logging_mixin.py:188} INFO - [2025-10-22T12:29:13.232+0000] {dagbag.py:545} INFO - Filling up the DagBag from /home/khaled/dbt-env/lib/python3.12/site-packages/airflow/example_dags/example_task_group.py
[2025-10-22T12:29:13.238+0000] {processor.py:840} INFO - DAG(s) 'example_task_group' retrieved from /home/khaled/dbt-env/lib/python3.12/site-packages/airflow/example_dags/example_task_group.py
[2025-10-22T12:29:13.249+0000] {logging_mixin.py:188} INFO - [2025-10-22T12:29:13.249+0000] {dag.py:3089} INFO - Sync 1 DAGs
[2025-10-22T12:29:13.260+0000] {logging_mixin.py:188} INFO - [2025-10-22T12:29:13.260+0000] {dag.py:3947} INFO - Setting next_dagrun for example_task_group to 2025-10-21 00:00:00+00:00, run_after=2025-10-22 00:00:00+00:00
[2025-10-22T12:29:13.299+0000] {processor.py:183} INFO - Processing /home/khaled/dbt-env/lib/python3.12/site-packages/airflow/example_dags/example_task_group.py took 0.087 seconds
[2025-10-22T12:30:09.263+0000] {processor.py:161} INFO - Started process (PID=12511) to work on /home/khaled/dbt-env/lib/python3.12/site-packages/airflow/example_dags/example_task_group.py
[2025-10-22T12:30:09.272+0000] {processor.py:830} INFO - Processing file /home/khaled/dbt-env/lib/python3.12/site-packages/airflow/example_dags/example_task_group.py for tasks to queue
[2025-10-22T12:30:09.274+0000] {logging_mixin.py:188} INFO - [2025-10-22T12:30:09.274+0000] {dagbag.py:545} INFO - Filling up the DagBag from /home/khaled/dbt-env/lib/python3.12/site-packages/airflow/example_dags/example_task_group.py
[2025-10-22T12:30:09.279+0000] {processor.py:840} INFO - DAG(s) 'example_task_group' retrieved from /home/khaled/dbt-env/lib/python3.12/site-packages/airflow/example_dags/example_task_group.py
[2025-10-22T12:30:09.290+0000] {logging_mixin.py:188} INFO - [2025-10-22T12:30:09.290+0000] {dag.py:3089} INFO - Sync 1 DAGs
[2025-10-22T12:30:09.301+0000] {logging_mixin.py:188} INFO - [2025-10-22T12:30:09.301+0000] {dag.py:3947} INFO - Setting next_dagrun for example_task_group to 2025-10-21 00:00:00+00:00, run_after=2025-10-22 00:00:00+00:00
[2025-10-22T12:30:09.323+0000] {processor.py:183} INFO - Processing /home/khaled/dbt-env/lib/python3.12/site-packages/airflow/example_dags/example_task_group.py took 0.066 seconds
[2025-10-22T12:30:58.718+0000] {processor.py:161} INFO - Started process (PID=12570) to work on /home/khaled/dbt-env/lib/python3.12/site-packages/airflow/example_dags/example_task_group.py
[2025-10-22T12:30:58.720+0000] {processor.py:830} INFO - Processing file /home/khaled/dbt-env/lib/python3.12/site-packages/airflow/example_dags/example_task_group.py for tasks to queue
[2025-10-22T12:30:58.721+0000] {logging_mixin.py:188} INFO - [2025-10-22T12:30:58.721+0000] {dagbag.py:545} INFO - Filling up the DagBag from /home/khaled/dbt-env/lib/python3.12/site-packages/airflow/example_dags/example_task_group.py
[2025-10-22T12:30:58.725+0000] {processor.py:840} INFO - DAG(s) 'example_task_group' retrieved from /home/khaled/dbt-env/lib/python3.12/site-packages/airflow/example_dags/example_task_group.py
[2025-10-22T12:30:58.740+0000] {logging_mixin.py:188} INFO - [2025-10-22T12:30:58.740+0000] {dag.py:3089} INFO - Sync 1 DAGs
[2025-10-22T12:30:58.756+0000] {logging_mixin.py:188} INFO - [2025-10-22T12:30:58.756+0000] {dag.py:3947} INFO - Setting next_dagrun for example_task_group to 2025-10-21 00:00:00+00:00, run_after=2025-10-22 00:00:00+00:00
[2025-10-22T12:30:58.789+0000] {processor.py:183} INFO - Processing /home/khaled/dbt-env/lib/python3.12/site-packages/airflow/example_dags/example_task_group.py took 0.075 seconds
[2025-10-22T12:31:50.770+0000] {processor.py:161} INFO - Started process (PID=12650) to work on /home/khaled/dbt-env/lib/python3.12/site-packages/airflow/example_dags/example_task_group.py
[2025-10-22T12:31:50.772+0000] {processor.py:830} INFO - Processing file /home/khaled/dbt-env/lib/python3.12/site-packages/airflow/example_dags/example_task_group.py for tasks to queue
[2025-10-22T12:31:50.773+0000] {logging_mixin.py:188} INFO - [2025-10-22T12:31:50.773+0000] {dagbag.py:545} INFO - Filling up the DagBag from /home/khaled/dbt-env/lib/python3.12/site-packages/airflow/example_dags/example_task_group.py
[2025-10-22T12:31:50.788+0000] {processor.py:840} INFO - DAG(s) 'example_task_group' retrieved from /home/khaled/dbt-env/lib/python3.12/site-packages/airflow/example_dags/example_task_group.py
[2025-10-22T12:31:50.814+0000] {logging_mixin.py:188} INFO - [2025-10-22T12:31:50.814+0000] {dag.py:3089} INFO - Sync 1 DAGs
[2025-10-22T12:31:50.848+0000] {logging_mixin.py:188} INFO - [2025-10-22T12:31:50.848+0000] {dag.py:3947} INFO - Setting next_dagrun for example_task_group to 2025-10-21 00:00:00+00:00, run_after=2025-10-22 00:00:00+00:00
[2025-10-22T12:31:50.889+0000] {processor.py:183} INFO - Processing /home/khaled/dbt-env/lib/python3.12/site-packages/airflow/example_dags/example_task_group.py took 0.128 seconds
[2025-10-22T12:36:11.124+0000] {processor.py:161} INFO - Started process (PID=12905) to work on /home/khaled/dbt-env/lib/python3.12/site-packages/airflow/example_dags/example_task_group.py
[2025-10-22T12:36:11.397+0000] {processor.py:830} INFO - Processing file /home/khaled/dbt-env/lib/python3.12/site-packages/airflow/example_dags/example_task_group.py for tasks to queue
[2025-10-22T12:36:11.450+0000] {logging_mixin.py:188} INFO - [2025-10-22T12:36:11.443+0000] {dagbag.py:545} INFO - Filling up the DagBag from /home/khaled/dbt-env/lib/python3.12/site-packages/airflow/example_dags/example_task_group.py
[2025-10-22T12:36:11.944+0000] {processor.py:840} INFO - DAG(s) 'example_task_group' retrieved from /home/khaled/dbt-env/lib/python3.12/site-packages/airflow/example_dags/example_task_group.py
[2025-10-22T12:36:12.379+0000] {logging_mixin.py:188} INFO - [2025-10-22T12:36:12.379+0000] {dag.py:3089} INFO - Sync 1 DAGs
[2025-10-22T12:36:13.519+0000] {logging_mixin.py:188} INFO - [2025-10-22T12:36:13.518+0000] {dag.py:3947} INFO - Setting next_dagrun for example_task_group to 2025-10-21 00:00:00+00:00, run_after=2025-10-22 00:00:00+00:00
[2025-10-22T12:36:13.567+0000] {processor.py:183} INFO - Processing /home/khaled/dbt-env/lib/python3.12/site-packages/airflow/example_dags/example_task_group.py took 2.487 seconds
[2025-10-22T12:37:49.608+0000] {processor.py:161} INFO - Started process (PID=13206) to work on /home/khaled/dbt-env/lib/python3.12/site-packages/airflow/example_dags/example_task_group.py
[2025-10-22T12:37:49.619+0000] {processor.py:830} INFO - Processing file /home/khaled/dbt-env/lib/python3.12/site-packages/airflow/example_dags/example_task_group.py for tasks to queue
[2025-10-22T12:37:49.622+0000] {logging_mixin.py:188} INFO - [2025-10-22T12:37:49.621+0000] {dagbag.py:545} INFO - Filling up the DagBag from /home/khaled/dbt-env/lib/python3.12/site-packages/airflow/example_dags/example_task_group.py
[2025-10-22T12:37:49.627+0000] {processor.py:840} INFO - DAG(s) 'example_task_group' retrieved from /home/khaled/dbt-env/lib/python3.12/site-packages/airflow/example_dags/example_task_group.py
[2025-10-22T12:37:49.638+0000] {logging_mixin.py:188} INFO - [2025-10-22T12:37:49.638+0000] {dag.py:3089} INFO - Sync 1 DAGs
[2025-10-22T12:37:49.755+0000] {logging_mixin.py:188} INFO - [2025-10-22T12:37:49.755+0000] {dag.py:3947} INFO - Setting next_dagrun for example_task_group to 2025-10-21 00:00:00+00:00, run_after=2025-10-22 00:00:00+00:00
[2025-10-22T12:37:49.779+0000] {processor.py:183} INFO - Processing /home/khaled/dbt-env/lib/python3.12/site-packages/airflow/example_dags/example_task_group.py took 0.176 seconds
[2025-10-22T12:39:01.065+0000] {processor.py:161} INFO - Started process (PID=13269) to work on /home/khaled/dbt-env/lib/python3.12/site-packages/airflow/example_dags/example_task_group.py
[2025-10-22T12:39:01.068+0000] {processor.py:830} INFO - Processing file /home/khaled/dbt-env/lib/python3.12/site-packages/airflow/example_dags/example_task_group.py for tasks to queue
[2025-10-22T12:39:01.069+0000] {logging_mixin.py:188} INFO - [2025-10-22T12:39:01.069+0000] {dagbag.py:545} INFO - Filling up the DagBag from /home/khaled/dbt-env/lib/python3.12/site-packages/airflow/example_dags/example_task_group.py
[2025-10-22T12:39:01.076+0000] {processor.py:840} INFO - DAG(s) 'example_task_group' retrieved from /home/khaled/dbt-env/lib/python3.12/site-packages/airflow/example_dags/example_task_group.py
[2025-10-22T12:39:01.094+0000] {logging_mixin.py:188} INFO - [2025-10-22T12:39:01.093+0000] {dag.py:3089} INFO - Sync 1 DAGs
[2025-10-22T12:39:01.113+0000] {logging_mixin.py:188} INFO - [2025-10-22T12:39:01.113+0000] {dag.py:3947} INFO - Setting next_dagrun for example_task_group to 2025-10-21 00:00:00+00:00, run_after=2025-10-22 00:00:00+00:00
[2025-10-22T12:39:01.237+0000] {processor.py:183} INFO - Processing /home/khaled/dbt-env/lib/python3.12/site-packages/airflow/example_dags/example_task_group.py took 0.180 seconds
[2025-10-22T12:40:23.536+0000] {processor.py:161} INFO - Started process (PID=13343) to work on /home/khaled/dbt-env/lib/python3.12/site-packages/airflow/example_dags/example_task_group.py
[2025-10-22T12:40:23.537+0000] {processor.py:830} INFO - Processing file /home/khaled/dbt-env/lib/python3.12/site-packages/airflow/example_dags/example_task_group.py for tasks to queue
[2025-10-22T12:40:23.539+0000] {logging_mixin.py:188} INFO - [2025-10-22T12:40:23.539+0000] {dagbag.py:545} INFO - Filling up the DagBag from /home/khaled/dbt-env/lib/python3.12/site-packages/airflow/example_dags/example_task_group.py
[2025-10-22T12:40:23.545+0000] {processor.py:840} INFO - DAG(s) 'example_task_group' retrieved from /home/khaled/dbt-env/lib/python3.12/site-packages/airflow/example_dags/example_task_group.py
[2025-10-22T12:40:23.557+0000] {logging_mixin.py:188} INFO - [2025-10-22T12:40:23.557+0000] {dag.py:3089} INFO - Sync 1 DAGs
[2025-10-22T12:40:23.571+0000] {logging_mixin.py:188} INFO - [2025-10-22T12:40:23.571+0000] {dag.py:3947} INFO - Setting next_dagrun for example_task_group to 2025-10-21 00:00:00+00:00, run_after=2025-10-22 00:00:00+00:00
[2025-10-22T12:40:23.606+0000] {processor.py:183} INFO - Processing /home/khaled/dbt-env/lib/python3.12/site-packages/airflow/example_dags/example_task_group.py took 0.077 seconds
