[2025-10-22T12:12:06.539+0000] {processor.py:161} INFO - Started process (PID=8205) to work on /home/khaled/dbt-env/lib/python3.12/site-packages/airflow/example_dags/example_sensor_decorator.py
[2025-10-22T12:12:06.541+0000] {processor.py:830} INFO - Processing file /home/khaled/dbt-env/lib/python3.12/site-packages/airflow/example_dags/example_sensor_decorator.py for tasks to queue
[2025-10-22T12:12:06.546+0000] {logging_mixin.py:188} INFO - [2025-10-22T12:12:06.543+0000] {dagbag.py:545} INFO - Filling up the DagBag from /home/khaled/dbt-env/lib/python3.12/site-packages/airflow/example_dags/example_sensor_decorator.py
[2025-10-22T12:12:06.560+0000] {processor.py:840} INFO - DAG(s) 'example_sensor_decorator' retrieved from /home/khaled/dbt-env/lib/python3.12/site-packages/airflow/example_dags/example_sensor_decorator.py
[2025-10-22T12:12:06.689+0000] {logging_mixin.py:188} INFO - [2025-10-22T12:12:06.689+0000] {dag.py:3089} INFO - Sync 1 DAGs
[2025-10-22T12:12:06.699+0000] {logging_mixin.py:188} INFO - [2025-10-22T12:12:06.699+0000] {dag.py:3947} INFO - Setting next_dagrun for example_sensor_decorator to None, run_after=None
[2025-10-22T12:12:06.735+0000] {processor.py:183} INFO - Processing /home/khaled/dbt-env/lib/python3.12/site-packages/airflow/example_dags/example_sensor_decorator.py took 0.206 seconds
[2025-10-22T12:13:21.559+0000] {processor.py:161} INFO - Started process (PID=8987) to work on /home/khaled/dbt-env/lib/python3.12/site-packages/airflow/example_dags/example_sensor_decorator.py
[2025-10-22T12:13:21.577+0000] {processor.py:830} INFO - Processing file /home/khaled/dbt-env/lib/python3.12/site-packages/airflow/example_dags/example_sensor_decorator.py for tasks to queue
[2025-10-22T12:13:21.584+0000] {logging_mixin.py:188} INFO - [2025-10-22T12:13:21.583+0000] {dagbag.py:545} INFO - Filling up the DagBag from /home/khaled/dbt-env/lib/python3.12/site-packages/airflow/example_dags/example_sensor_decorator.py
[2025-10-22T12:13:21.592+0000] {processor.py:840} INFO - DAG(s) 'example_sensor_decorator' retrieved from /home/khaled/dbt-env/lib/python3.12/site-packages/airflow/example_dags/example_sensor_decorator.py
[2025-10-22T12:13:21.615+0000] {logging_mixin.py:188} INFO - [2025-10-22T12:13:21.614+0000] {dag.py:3089} INFO - Sync 1 DAGs
[2025-10-22T12:13:21.626+0000] {logging_mixin.py:188} INFO - [2025-10-22T12:13:21.625+0000] {dag.py:3947} INFO - Setting next_dagrun for example_sensor_decorator to None, run_after=None
[2025-10-22T12:13:21.661+0000] {processor.py:183} INFO - Processing /home/khaled/dbt-env/lib/python3.12/site-packages/airflow/example_dags/example_sensor_decorator.py took 0.108 seconds
[2025-10-22T12:14:19.020+0000] {processor.py:161} INFO - Started process (PID=9315) to work on /home/khaled/dbt-env/lib/python3.12/site-packages/airflow/example_dags/example_sensor_decorator.py
[2025-10-22T12:14:19.021+0000] {processor.py:830} INFO - Processing file /home/khaled/dbt-env/lib/python3.12/site-packages/airflow/example_dags/example_sensor_decorator.py for tasks to queue
[2025-10-22T12:14:19.024+0000] {logging_mixin.py:188} INFO - [2025-10-22T12:14:19.024+0000] {dagbag.py:545} INFO - Filling up the DagBag from /home/khaled/dbt-env/lib/python3.12/site-packages/airflow/example_dags/example_sensor_decorator.py
[2025-10-22T12:14:19.031+0000] {processor.py:840} INFO - DAG(s) 'example_sensor_decorator' retrieved from /home/khaled/dbt-env/lib/python3.12/site-packages/airflow/example_dags/example_sensor_decorator.py
[2025-10-22T12:14:19.052+0000] {logging_mixin.py:188} INFO - [2025-10-22T12:14:19.052+0000] {dag.py:3089} INFO - Sync 1 DAGs
[2025-10-22T12:14:19.073+0000] {logging_mixin.py:188} INFO - [2025-10-22T12:14:19.073+0000] {dag.py:3947} INFO - Setting next_dagrun for example_sensor_decorator to None, run_after=None
[2025-10-22T12:14:19.122+0000] {processor.py:183} INFO - Processing /home/khaled/dbt-env/lib/python3.12/site-packages/airflow/example_dags/example_sensor_decorator.py took 0.110 seconds
[2025-10-22T12:15:09.940+0000] {processor.py:161} INFO - Started process (PID=9485) to work on /home/khaled/dbt-env/lib/python3.12/site-packages/airflow/example_dags/example_sensor_decorator.py
[2025-10-22T12:15:09.952+0000] {processor.py:830} INFO - Processing file /home/khaled/dbt-env/lib/python3.12/site-packages/airflow/example_dags/example_sensor_decorator.py for tasks to queue
[2025-10-22T12:15:09.955+0000] {logging_mixin.py:188} INFO - [2025-10-22T12:15:09.954+0000] {dagbag.py:545} INFO - Filling up the DagBag from /home/khaled/dbt-env/lib/python3.12/site-packages/airflow/example_dags/example_sensor_decorator.py
[2025-10-22T12:15:09.964+0000] {processor.py:840} INFO - DAG(s) 'example_sensor_decorator' retrieved from /home/khaled/dbt-env/lib/python3.12/site-packages/airflow/example_dags/example_sensor_decorator.py
[2025-10-22T12:15:09.979+0000] {logging_mixin.py:188} INFO - [2025-10-22T12:15:09.979+0000] {dag.py:3089} INFO - Sync 1 DAGs
[2025-10-22T12:15:09.986+0000] {logging_mixin.py:188} INFO - [2025-10-22T12:15:09.986+0000] {dag.py:3947} INFO - Setting next_dagrun for example_sensor_decorator to None, run_after=None
[2025-10-22T12:15:10.007+0000] {processor.py:183} INFO - Processing /home/khaled/dbt-env/lib/python3.12/site-packages/airflow/example_dags/example_sensor_decorator.py took 0.075 seconds
[2025-10-22T12:15:59.038+0000] {processor.py:161} INFO - Started process (PID=9634) to work on /home/khaled/dbt-env/lib/python3.12/site-packages/airflow/example_dags/example_sensor_decorator.py
[2025-10-22T12:15:59.041+0000] {processor.py:830} INFO - Processing file /home/khaled/dbt-env/lib/python3.12/site-packages/airflow/example_dags/example_sensor_decorator.py for tasks to queue
[2025-10-22T12:15:59.043+0000] {logging_mixin.py:188} INFO - [2025-10-22T12:15:59.042+0000] {dagbag.py:545} INFO - Filling up the DagBag from /home/khaled/dbt-env/lib/python3.12/site-packages/airflow/example_dags/example_sensor_decorator.py
[2025-10-22T12:15:59.049+0000] {processor.py:840} INFO - DAG(s) 'example_sensor_decorator' retrieved from /home/khaled/dbt-env/lib/python3.12/site-packages/airflow/example_dags/example_sensor_decorator.py
[2025-10-22T12:15:59.066+0000] {logging_mixin.py:188} INFO - [2025-10-22T12:15:59.066+0000] {dag.py:3089} INFO - Sync 1 DAGs
[2025-10-22T12:15:59.077+0000] {logging_mixin.py:188} INFO - [2025-10-22T12:15:59.076+0000] {dag.py:3947} INFO - Setting next_dagrun for example_sensor_decorator to None, run_after=None
[2025-10-22T12:15:59.099+0000] {processor.py:183} INFO - Processing /home/khaled/dbt-env/lib/python3.12/site-packages/airflow/example_dags/example_sensor_decorator.py took 0.071 seconds
[2025-10-22T12:16:50.482+0000] {processor.py:161} INFO - Started process (PID=9789) to work on /home/khaled/dbt-env/lib/python3.12/site-packages/airflow/example_dags/example_sensor_decorator.py
[2025-10-22T12:16:50.484+0000] {processor.py:830} INFO - Processing file /home/khaled/dbt-env/lib/python3.12/site-packages/airflow/example_dags/example_sensor_decorator.py for tasks to queue
[2025-10-22T12:16:50.485+0000] {logging_mixin.py:188} INFO - [2025-10-22T12:16:50.485+0000] {dagbag.py:545} INFO - Filling up the DagBag from /home/khaled/dbt-env/lib/python3.12/site-packages/airflow/example_dags/example_sensor_decorator.py
[2025-10-22T12:16:50.490+0000] {processor.py:840} INFO - DAG(s) 'example_sensor_decorator' retrieved from /home/khaled/dbt-env/lib/python3.12/site-packages/airflow/example_dags/example_sensor_decorator.py
[2025-10-22T12:16:50.501+0000] {logging_mixin.py:188} INFO - [2025-10-22T12:16:50.501+0000] {dag.py:3089} INFO - Sync 1 DAGs
[2025-10-22T12:16:50.513+0000] {logging_mixin.py:188} INFO - [2025-10-22T12:16:50.513+0000] {dag.py:3947} INFO - Setting next_dagrun for example_sensor_decorator to None, run_after=None
[2025-10-22T12:16:50.534+0000] {processor.py:183} INFO - Processing /home/khaled/dbt-env/lib/python3.12/site-packages/airflow/example_dags/example_sensor_decorator.py took 0.056 seconds
[2025-10-22T12:17:49.280+0000] {processor.py:161} INFO - Started process (PID=10110) to work on /home/khaled/dbt-env/lib/python3.12/site-packages/airflow/example_dags/example_sensor_decorator.py
[2025-10-22T12:17:49.288+0000] {processor.py:830} INFO - Processing file /home/khaled/dbt-env/lib/python3.12/site-packages/airflow/example_dags/example_sensor_decorator.py for tasks to queue
[2025-10-22T12:17:49.290+0000] {logging_mixin.py:188} INFO - [2025-10-22T12:17:49.290+0000] {dagbag.py:545} INFO - Filling up the DagBag from /home/khaled/dbt-env/lib/python3.12/site-packages/airflow/example_dags/example_sensor_decorator.py
[2025-10-22T12:17:49.297+0000] {processor.py:840} INFO - DAG(s) 'example_sensor_decorator' retrieved from /home/khaled/dbt-env/lib/python3.12/site-packages/airflow/example_dags/example_sensor_decorator.py
[2025-10-22T12:17:49.313+0000] {logging_mixin.py:188} INFO - [2025-10-22T12:17:49.313+0000] {dag.py:3089} INFO - Sync 1 DAGs
[2025-10-22T12:17:49.328+0000] {logging_mixin.py:188} INFO - [2025-10-22T12:17:49.327+0000] {dag.py:3947} INFO - Setting next_dagrun for example_sensor_decorator to None, run_after=None
[2025-10-22T12:17:49.359+0000] {processor.py:183} INFO - Processing /home/khaled/dbt-env/lib/python3.12/site-packages/airflow/example_dags/example_sensor_decorator.py took 0.083 seconds
[2025-10-22T12:22:34.251+0000] {processor.py:161} INFO - Started process (PID=10653) to work on /home/khaled/dbt-env/lib/python3.12/site-packages/airflow/example_dags/example_sensor_decorator.py
[2025-10-22T12:22:34.262+0000] {processor.py:830} INFO - Processing file /home/khaled/dbt-env/lib/python3.12/site-packages/airflow/example_dags/example_sensor_decorator.py for tasks to queue
[2025-10-22T12:22:34.264+0000] {logging_mixin.py:188} INFO - [2025-10-22T12:22:34.264+0000] {dagbag.py:545} INFO - Filling up the DagBag from /home/khaled/dbt-env/lib/python3.12/site-packages/airflow/example_dags/example_sensor_decorator.py
[2025-10-22T12:22:34.270+0000] {processor.py:840} INFO - DAG(s) 'example_sensor_decorator' retrieved from /home/khaled/dbt-env/lib/python3.12/site-packages/airflow/example_dags/example_sensor_decorator.py
[2025-10-22T12:22:34.283+0000] {logging_mixin.py:188} INFO - [2025-10-22T12:22:34.283+0000] {dag.py:3089} INFO - Sync 1 DAGs
[2025-10-22T12:22:34.293+0000] {logging_mixin.py:188} INFO - [2025-10-22T12:22:34.293+0000] {dag.py:3947} INFO - Setting next_dagrun for example_sensor_decorator to None, run_after=None
[2025-10-22T12:22:34.316+0000] {processor.py:183} INFO - Processing /home/khaled/dbt-env/lib/python3.12/site-packages/airflow/example_dags/example_sensor_decorator.py took 0.069 seconds
[2025-10-22T12:23:34.080+0000] {processor.py:161} INFO - Started process (PID=11158) to work on /home/khaled/dbt-env/lib/python3.12/site-packages/airflow/example_dags/example_sensor_decorator.py
[2025-10-22T12:23:34.089+0000] {processor.py:830} INFO - Processing file /home/khaled/dbt-env/lib/python3.12/site-packages/airflow/example_dags/example_sensor_decorator.py for tasks to queue
[2025-10-22T12:23:34.091+0000] {logging_mixin.py:188} INFO - [2025-10-22T12:23:34.091+0000] {dagbag.py:545} INFO - Filling up the DagBag from /home/khaled/dbt-env/lib/python3.12/site-packages/airflow/example_dags/example_sensor_decorator.py
[2025-10-22T12:23:34.101+0000] {processor.py:840} INFO - DAG(s) 'example_sensor_decorator' retrieved from /home/khaled/dbt-env/lib/python3.12/site-packages/airflow/example_dags/example_sensor_decorator.py
[2025-10-22T12:23:34.115+0000] {logging_mixin.py:188} INFO - [2025-10-22T12:23:34.114+0000] {dag.py:3089} INFO - Sync 1 DAGs
[2025-10-22T12:23:34.122+0000] {logging_mixin.py:188} INFO - [2025-10-22T12:23:34.122+0000] {dag.py:3947} INFO - Setting next_dagrun for example_sensor_decorator to None, run_after=None
[2025-10-22T12:23:34.141+0000] {processor.py:183} INFO - Processing /home/khaled/dbt-env/lib/python3.12/site-packages/airflow/example_dags/example_sensor_decorator.py took 0.067 seconds
[2025-10-22T12:24:28.811+0000] {processor.py:161} INFO - Started process (PID=11318) to work on /home/khaled/dbt-env/lib/python3.12/site-packages/airflow/example_dags/example_sensor_decorator.py
[2025-10-22T12:24:28.812+0000] {processor.py:830} INFO - Processing file /home/khaled/dbt-env/lib/python3.12/site-packages/airflow/example_dags/example_sensor_decorator.py for tasks to queue
[2025-10-22T12:24:28.814+0000] {logging_mixin.py:188} INFO - [2025-10-22T12:24:28.814+0000] {dagbag.py:545} INFO - Filling up the DagBag from /home/khaled/dbt-env/lib/python3.12/site-packages/airflow/example_dags/example_sensor_decorator.py
[2025-10-22T12:24:28.824+0000] {processor.py:840} INFO - DAG(s) 'example_sensor_decorator' retrieved from /home/khaled/dbt-env/lib/python3.12/site-packages/airflow/example_dags/example_sensor_decorator.py
[2025-10-22T12:24:28.840+0000] {logging_mixin.py:188} INFO - [2025-10-22T12:24:28.839+0000] {dag.py:3089} INFO - Sync 1 DAGs
[2025-10-22T12:24:28.852+0000] {logging_mixin.py:188} INFO - [2025-10-22T12:24:28.852+0000] {dag.py:3947} INFO - Setting next_dagrun for example_sensor_decorator to None, run_after=None
[2025-10-22T12:24:28.883+0000] {processor.py:183} INFO - Processing /home/khaled/dbt-env/lib/python3.12/site-packages/airflow/example_dags/example_sensor_decorator.py took 0.078 seconds
[2025-10-22T12:25:23.938+0000] {processor.py:161} INFO - Started process (PID=11411) to work on /home/khaled/dbt-env/lib/python3.12/site-packages/airflow/example_dags/example_sensor_decorator.py
[2025-10-22T12:25:23.940+0000] {processor.py:830} INFO - Processing file /home/khaled/dbt-env/lib/python3.12/site-packages/airflow/example_dags/example_sensor_decorator.py for tasks to queue
[2025-10-22T12:25:23.943+0000] {logging_mixin.py:188} INFO - [2025-10-22T12:25:23.942+0000] {dagbag.py:545} INFO - Filling up the DagBag from /home/khaled/dbt-env/lib/python3.12/site-packages/airflow/example_dags/example_sensor_decorator.py
[2025-10-22T12:25:23.950+0000] {processor.py:840} INFO - DAG(s) 'example_sensor_decorator' retrieved from /home/khaled/dbt-env/lib/python3.12/site-packages/airflow/example_dags/example_sensor_decorator.py
[2025-10-22T12:25:23.972+0000] {logging_mixin.py:188} INFO - [2025-10-22T12:25:23.970+0000] {dag.py:3089} INFO - Sync 1 DAGs
[2025-10-22T12:25:23.983+0000] {logging_mixin.py:188} INFO - [2025-10-22T12:25:23.983+0000] {dag.py:3947} INFO - Setting next_dagrun for example_sensor_decorator to None, run_after=None
[2025-10-22T12:25:24.048+0000] {processor.py:183} INFO - Processing /home/khaled/dbt-env/lib/python3.12/site-packages/airflow/example_dags/example_sensor_decorator.py took 0.115 seconds
[2025-10-22T12:26:22.498+0000] {processor.py:161} INFO - Started process (PID=11568) to work on /home/khaled/dbt-env/lib/python3.12/site-packages/airflow/example_dags/example_sensor_decorator.py
[2025-10-22T12:26:22.500+0000] {processor.py:830} INFO - Processing file /home/khaled/dbt-env/lib/python3.12/site-packages/airflow/example_dags/example_sensor_decorator.py for tasks to queue
[2025-10-22T12:26:22.502+0000] {logging_mixin.py:188} INFO - [2025-10-22T12:26:22.502+0000] {dagbag.py:545} INFO - Filling up the DagBag from /home/khaled/dbt-env/lib/python3.12/site-packages/airflow/example_dags/example_sensor_decorator.py
[2025-10-22T12:26:22.508+0000] {processor.py:840} INFO - DAG(s) 'example_sensor_decorator' retrieved from /home/khaled/dbt-env/lib/python3.12/site-packages/airflow/example_dags/example_sensor_decorator.py
[2025-10-22T12:26:22.521+0000] {logging_mixin.py:188} INFO - [2025-10-22T12:26:22.521+0000] {dag.py:3089} INFO - Sync 1 DAGs
[2025-10-22T12:26:22.532+0000] {logging_mixin.py:188} INFO - [2025-10-22T12:26:22.532+0000] {dag.py:3947} INFO - Setting next_dagrun for example_sensor_decorator to None, run_after=None
[2025-10-22T12:26:22.553+0000] {processor.py:183} INFO - Processing /home/khaled/dbt-env/lib/python3.12/site-packages/airflow/example_dags/example_sensor_decorator.py took 0.060 seconds
[2025-10-22T12:27:36.984+0000] {processor.py:161} INFO - Started process (PID=12006) to work on /home/khaled/dbt-env/lib/python3.12/site-packages/airflow/example_dags/example_sensor_decorator.py
[2025-10-22T12:27:37.002+0000] {processor.py:830} INFO - Processing file /home/khaled/dbt-env/lib/python3.12/site-packages/airflow/example_dags/example_sensor_decorator.py for tasks to queue
[2025-10-22T12:27:37.013+0000] {logging_mixin.py:188} INFO - [2025-10-22T12:27:37.012+0000] {dagbag.py:545} INFO - Filling up the DagBag from /home/khaled/dbt-env/lib/python3.12/site-packages/airflow/example_dags/example_sensor_decorator.py
[2025-10-22T12:27:37.019+0000] {processor.py:840} INFO - DAG(s) 'example_sensor_decorator' retrieved from /home/khaled/dbt-env/lib/python3.12/site-packages/airflow/example_dags/example_sensor_decorator.py
[2025-10-22T12:27:37.034+0000] {logging_mixin.py:188} INFO - [2025-10-22T12:27:37.034+0000] {dag.py:3089} INFO - Sync 1 DAGs
[2025-10-22T12:27:37.046+0000] {logging_mixin.py:188} INFO - [2025-10-22T12:27:37.046+0000] {dag.py:3947} INFO - Setting next_dagrun for example_sensor_decorator to None, run_after=None
[2025-10-22T12:27:37.082+0000] {processor.py:183} INFO - Processing /home/khaled/dbt-env/lib/python3.12/site-packages/airflow/example_dags/example_sensor_decorator.py took 0.104 seconds
[2025-10-22T12:28:32.810+0000] {processor.py:161} INFO - Started process (PID=12223) to work on /home/khaled/dbt-env/lib/python3.12/site-packages/airflow/example_dags/example_sensor_decorator.py
[2025-10-22T12:28:32.821+0000] {processor.py:830} INFO - Processing file /home/khaled/dbt-env/lib/python3.12/site-packages/airflow/example_dags/example_sensor_decorator.py for tasks to queue
[2025-10-22T12:28:32.827+0000] {logging_mixin.py:188} INFO - [2025-10-22T12:28:32.825+0000] {dagbag.py:545} INFO - Filling up the DagBag from /home/khaled/dbt-env/lib/python3.12/site-packages/airflow/example_dags/example_sensor_decorator.py
[2025-10-22T12:28:32.864+0000] {processor.py:840} INFO - DAG(s) 'example_sensor_decorator' retrieved from /home/khaled/dbt-env/lib/python3.12/site-packages/airflow/example_dags/example_sensor_decorator.py
[2025-10-22T12:28:32.899+0000] {logging_mixin.py:188} INFO - [2025-10-22T12:28:32.899+0000] {dag.py:3089} INFO - Sync 1 DAGs
[2025-10-22T12:28:32.909+0000] {logging_mixin.py:188} INFO - [2025-10-22T12:28:32.909+0000] {dag.py:3947} INFO - Setting next_dagrun for example_sensor_decorator to None, run_after=None
[2025-10-22T12:28:32.938+0000] {processor.py:183} INFO - Processing /home/khaled/dbt-env/lib/python3.12/site-packages/airflow/example_dags/example_sensor_decorator.py took 0.150 seconds
[2025-10-22T12:29:31.439+0000] {processor.py:161} INFO - Started process (PID=12459) to work on /home/khaled/dbt-env/lib/python3.12/site-packages/airflow/example_dags/example_sensor_decorator.py
[2025-10-22T12:29:31.453+0000] {processor.py:830} INFO - Processing file /home/khaled/dbt-env/lib/python3.12/site-packages/airflow/example_dags/example_sensor_decorator.py for tasks to queue
[2025-10-22T12:29:31.455+0000] {logging_mixin.py:188} INFO - [2025-10-22T12:29:31.455+0000] {dagbag.py:545} INFO - Filling up the DagBag from /home/khaled/dbt-env/lib/python3.12/site-packages/airflow/example_dags/example_sensor_decorator.py
[2025-10-22T12:29:31.461+0000] {processor.py:840} INFO - DAG(s) 'example_sensor_decorator' retrieved from /home/khaled/dbt-env/lib/python3.12/site-packages/airflow/example_dags/example_sensor_decorator.py
[2025-10-22T12:29:31.497+0000] {logging_mixin.py:188} INFO - [2025-10-22T12:29:31.497+0000] {dag.py:3089} INFO - Sync 1 DAGs
[2025-10-22T12:29:31.510+0000] {logging_mixin.py:188} INFO - [2025-10-22T12:29:31.510+0000] {dag.py:3947} INFO - Setting next_dagrun for example_sensor_decorator to None, run_after=None
[2025-10-22T12:29:31.594+0000] {processor.py:183} INFO - Processing /home/khaled/dbt-env/lib/python3.12/site-packages/airflow/example_dags/example_sensor_decorator.py took 0.180 seconds
[2025-10-22T12:30:24.414+0000] {processor.py:161} INFO - Started process (PID=12533) to work on /home/khaled/dbt-env/lib/python3.12/site-packages/airflow/example_dags/example_sensor_decorator.py
[2025-10-22T12:30:24.424+0000] {processor.py:830} INFO - Processing file /home/khaled/dbt-env/lib/python3.12/site-packages/airflow/example_dags/example_sensor_decorator.py for tasks to queue
[2025-10-22T12:30:24.425+0000] {logging_mixin.py:188} INFO - [2025-10-22T12:30:24.425+0000] {dagbag.py:545} INFO - Filling up the DagBag from /home/khaled/dbt-env/lib/python3.12/site-packages/airflow/example_dags/example_sensor_decorator.py
[2025-10-22T12:30:24.430+0000] {processor.py:840} INFO - DAG(s) 'example_sensor_decorator' retrieved from /home/khaled/dbt-env/lib/python3.12/site-packages/airflow/example_dags/example_sensor_decorator.py
[2025-10-22T12:30:24.443+0000] {logging_mixin.py:188} INFO - [2025-10-22T12:30:24.443+0000] {dag.py:3089} INFO - Sync 1 DAGs
[2025-10-22T12:30:24.451+0000] {logging_mixin.py:188} INFO - [2025-10-22T12:30:24.451+0000] {dag.py:3947} INFO - Setting next_dagrun for example_sensor_decorator to None, run_after=None
[2025-10-22T12:30:24.473+0000] {processor.py:183} INFO - Processing /home/khaled/dbt-env/lib/python3.12/site-packages/airflow/example_dags/example_sensor_decorator.py took 0.064 seconds
[2025-10-22T12:31:13.878+0000] {processor.py:161} INFO - Started process (PID=12584) to work on /home/khaled/dbt-env/lib/python3.12/site-packages/airflow/example_dags/example_sensor_decorator.py
[2025-10-22T12:31:13.879+0000] {processor.py:830} INFO - Processing file /home/khaled/dbt-env/lib/python3.12/site-packages/airflow/example_dags/example_sensor_decorator.py for tasks to queue
[2025-10-22T12:31:13.881+0000] {logging_mixin.py:188} INFO - [2025-10-22T12:31:13.881+0000] {dagbag.py:545} INFO - Filling up the DagBag from /home/khaled/dbt-env/lib/python3.12/site-packages/airflow/example_dags/example_sensor_decorator.py
[2025-10-22T12:31:13.887+0000] {processor.py:840} INFO - DAG(s) 'example_sensor_decorator' retrieved from /home/khaled/dbt-env/lib/python3.12/site-packages/airflow/example_dags/example_sensor_decorator.py
[2025-10-22T12:31:13.903+0000] {logging_mixin.py:188} INFO - [2025-10-22T12:31:13.903+0000] {dag.py:3089} INFO - Sync 1 DAGs
[2025-10-22T12:31:13.913+0000] {logging_mixin.py:188} INFO - [2025-10-22T12:31:13.913+0000] {dag.py:3947} INFO - Setting next_dagrun for example_sensor_decorator to None, run_after=None
[2025-10-22T12:31:13.951+0000] {processor.py:183} INFO - Processing /home/khaled/dbt-env/lib/python3.12/site-packages/airflow/example_dags/example_sensor_decorator.py took 0.078 seconds
[2025-10-22T12:32:42.622+0000] {processor.py:161} INFO - Started process (PID=12832) to work on /home/khaled/dbt-env/lib/python3.12/site-packages/airflow/example_dags/example_sensor_decorator.py
[2025-10-22T12:32:42.632+0000] {processor.py:830} INFO - Processing file /home/khaled/dbt-env/lib/python3.12/site-packages/airflow/example_dags/example_sensor_decorator.py for tasks to queue
[2025-10-22T12:32:42.634+0000] {logging_mixin.py:188} INFO - [2025-10-22T12:32:42.634+0000] {dagbag.py:545} INFO - Filling up the DagBag from /home/khaled/dbt-env/lib/python3.12/site-packages/airflow/example_dags/example_sensor_decorator.py
[2025-10-22T12:32:42.643+0000] {processor.py:840} INFO - DAG(s) 'example_sensor_decorator' retrieved from /home/khaled/dbt-env/lib/python3.12/site-packages/airflow/example_dags/example_sensor_decorator.py
[2025-10-22T12:32:42.689+0000] {logging_mixin.py:188} INFO - [2025-10-22T12:32:42.688+0000] {dag.py:3089} INFO - Sync 1 DAGs
[2025-10-22T12:32:42.701+0000] {logging_mixin.py:188} INFO - [2025-10-22T12:32:42.701+0000] {dag.py:3947} INFO - Setting next_dagrun for example_sensor_decorator to None, run_after=None
[2025-10-22T12:32:42.753+0000] {processor.py:183} INFO - Processing /home/khaled/dbt-env/lib/python3.12/site-packages/airflow/example_dags/example_sensor_decorator.py took 0.140 seconds
[2025-10-22T12:36:42.039+0000] {processor.py:161} INFO - Started process (PID=13100) to work on /home/khaled/dbt-env/lib/python3.12/site-packages/airflow/example_dags/example_sensor_decorator.py
[2025-10-22T12:36:42.051+0000] {processor.py:830} INFO - Processing file /home/khaled/dbt-env/lib/python3.12/site-packages/airflow/example_dags/example_sensor_decorator.py for tasks to queue
[2025-10-22T12:36:42.053+0000] {logging_mixin.py:188} INFO - [2025-10-22T12:36:42.053+0000] {dagbag.py:545} INFO - Filling up the DagBag from /home/khaled/dbt-env/lib/python3.12/site-packages/airflow/example_dags/example_sensor_decorator.py
[2025-10-22T12:36:42.060+0000] {processor.py:840} INFO - DAG(s) 'example_sensor_decorator' retrieved from /home/khaled/dbt-env/lib/python3.12/site-packages/airflow/example_dags/example_sensor_decorator.py
[2025-10-22T12:36:42.084+0000] {logging_mixin.py:188} INFO - [2025-10-22T12:36:42.083+0000] {dag.py:3089} INFO - Sync 1 DAGs
[2025-10-22T12:36:42.099+0000] {logging_mixin.py:188} INFO - [2025-10-22T12:36:42.099+0000] {dag.py:3947} INFO - Setting next_dagrun for example_sensor_decorator to None, run_after=None
[2025-10-22T12:36:42.133+0000] {processor.py:183} INFO - Processing /home/khaled/dbt-env/lib/python3.12/site-packages/airflow/example_dags/example_sensor_decorator.py took 0.103 seconds
[2025-10-22T12:38:00.077+0000] {processor.py:161} INFO - Started process (PID=13215) to work on /home/khaled/dbt-env/lib/python3.12/site-packages/airflow/example_dags/example_sensor_decorator.py
[2025-10-22T12:38:00.079+0000] {processor.py:830} INFO - Processing file /home/khaled/dbt-env/lib/python3.12/site-packages/airflow/example_dags/example_sensor_decorator.py for tasks to queue
[2025-10-22T12:38:00.080+0000] {logging_mixin.py:188} INFO - [2025-10-22T12:38:00.080+0000] {dagbag.py:545} INFO - Filling up the DagBag from /home/khaled/dbt-env/lib/python3.12/site-packages/airflow/example_dags/example_sensor_decorator.py
[2025-10-22T12:38:00.086+0000] {processor.py:840} INFO - DAG(s) 'example_sensor_decorator' retrieved from /home/khaled/dbt-env/lib/python3.12/site-packages/airflow/example_dags/example_sensor_decorator.py
[2025-10-22T12:38:00.098+0000] {logging_mixin.py:188} INFO - [2025-10-22T12:38:00.097+0000] {dag.py:3089} INFO - Sync 1 DAGs
[2025-10-22T12:38:00.216+0000] {logging_mixin.py:188} INFO - [2025-10-22T12:38:00.215+0000] {dag.py:3947} INFO - Setting next_dagrun for example_sensor_decorator to None, run_after=None
[2025-10-22T12:38:00.237+0000] {processor.py:183} INFO - Processing /home/khaled/dbt-env/lib/python3.12/site-packages/airflow/example_dags/example_sensor_decorator.py took 0.176 seconds
[2025-10-22T12:39:12.137+0000] {processor.py:161} INFO - Started process (PID=13278) to work on /home/khaled/dbt-env/lib/python3.12/site-packages/airflow/example_dags/example_sensor_decorator.py
[2025-10-22T12:39:12.140+0000] {processor.py:830} INFO - Processing file /home/khaled/dbt-env/lib/python3.12/site-packages/airflow/example_dags/example_sensor_decorator.py for tasks to queue
[2025-10-22T12:39:12.141+0000] {logging_mixin.py:188} INFO - [2025-10-22T12:39:12.141+0000] {dagbag.py:545} INFO - Filling up the DagBag from /home/khaled/dbt-env/lib/python3.12/site-packages/airflow/example_dags/example_sensor_decorator.py
[2025-10-22T12:39:12.146+0000] {processor.py:840} INFO - DAG(s) 'example_sensor_decorator' retrieved from /home/khaled/dbt-env/lib/python3.12/site-packages/airflow/example_dags/example_sensor_decorator.py
[2025-10-22T12:39:12.157+0000] {logging_mixin.py:188} INFO - [2025-10-22T12:39:12.157+0000] {dag.py:3089} INFO - Sync 1 DAGs
[2025-10-22T12:39:12.168+0000] {logging_mixin.py:188} INFO - [2025-10-22T12:39:12.168+0000] {dag.py:3947} INFO - Setting next_dagrun for example_sensor_decorator to None, run_after=None
[2025-10-22T12:39:12.190+0000] {processor.py:183} INFO - Processing /home/khaled/dbt-env/lib/python3.12/site-packages/airflow/example_dags/example_sensor_decorator.py took 0.061 seconds
[2025-10-22T12:40:33.742+0000] {processor.py:161} INFO - Started process (PID=13360) to work on /home/khaled/dbt-env/lib/python3.12/site-packages/airflow/example_dags/example_sensor_decorator.py
[2025-10-22T12:40:33.744+0000] {processor.py:830} INFO - Processing file /home/khaled/dbt-env/lib/python3.12/site-packages/airflow/example_dags/example_sensor_decorator.py for tasks to queue
[2025-10-22T12:40:33.745+0000] {logging_mixin.py:188} INFO - [2025-10-22T12:40:33.745+0000] {dagbag.py:545} INFO - Filling up the DagBag from /home/khaled/dbt-env/lib/python3.12/site-packages/airflow/example_dags/example_sensor_decorator.py
[2025-10-22T12:40:33.751+0000] {processor.py:840} INFO - DAG(s) 'example_sensor_decorator' retrieved from /home/khaled/dbt-env/lib/python3.12/site-packages/airflow/example_dags/example_sensor_decorator.py
[2025-10-22T12:40:33.767+0000] {logging_mixin.py:188} INFO - [2025-10-22T12:40:33.767+0000] {dag.py:3089} INFO - Sync 1 DAGs
[2025-10-22T12:40:33.777+0000] {logging_mixin.py:188} INFO - [2025-10-22T12:40:33.777+0000] {dag.py:3947} INFO - Setting next_dagrun for example_sensor_decorator to None, run_after=None
[2025-10-22T12:40:33.811+0000] {processor.py:183} INFO - Processing /home/khaled/dbt-env/lib/python3.12/site-packages/airflow/example_dags/example_sensor_decorator.py took 0.077 seconds
