[2025-10-22T12:12:26.800+0000] {processor.py:161} INFO - Started process (PID=8405) to work on /home/khaled/dbt-env/lib/python3.12/site-packages/airflow/example_dags/example_dag_decorator.py
[2025-10-22T12:12:26.801+0000] {processor.py:830} INFO - Processing file /home/khaled/dbt-env/lib/python3.12/site-packages/airflow/example_dags/example_dag_decorator.py for tasks to queue
[2025-10-22T12:12:26.811+0000] {logging_mixin.py:188} INFO - [2025-10-22T12:12:26.808+0000] {dagbag.py:545} INFO - Filling up the DagBag from /home/khaled/dbt-env/lib/python3.12/site-packages/airflow/example_dags/example_dag_decorator.py
[2025-10-22T12:12:27.098+0000] {processor.py:840} INFO - DAG(s) 'example_dag_decorator' retrieved from /home/khaled/dbt-env/lib/python3.12/site-packages/airflow/example_dags/example_dag_decorator.py
[2025-10-22T12:12:27.626+0000] {logging_mixin.py:188} INFO - [2025-10-22T12:12:27.626+0000] {dag.py:3089} INFO - Sync 1 DAGs
[2025-10-22T12:12:27.684+0000] {logging_mixin.py:188} INFO - [2025-10-22T12:12:27.684+0000] {dag.py:3947} INFO - Setting next_dagrun for example_dag_decorator to None, run_after=None
[2025-10-22T12:12:27.859+0000] {processor.py:183} INFO - Processing /home/khaled/dbt-env/lib/python3.12/site-packages/airflow/example_dags/example_dag_decorator.py took 1.073 seconds
[2025-10-22T12:13:52.894+0000] {processor.py:161} INFO - Started process (PID=9285) to work on /home/khaled/dbt-env/lib/python3.12/site-packages/airflow/example_dags/example_dag_decorator.py
[2025-10-22T12:13:52.907+0000] {processor.py:830} INFO - Processing file /home/khaled/dbt-env/lib/python3.12/site-packages/airflow/example_dags/example_dag_decorator.py for tasks to queue
[2025-10-22T12:13:52.912+0000] {logging_mixin.py:188} INFO - [2025-10-22T12:13:52.909+0000] {dagbag.py:545} INFO - Filling up the DagBag from /home/khaled/dbt-env/lib/python3.12/site-packages/airflow/example_dags/example_dag_decorator.py
[2025-10-22T12:13:53.007+0000] {processor.py:840} INFO - DAG(s) 'example_dag_decorator' retrieved from /home/khaled/dbt-env/lib/python3.12/site-packages/airflow/example_dags/example_dag_decorator.py
[2025-10-22T12:13:53.140+0000] {logging_mixin.py:188} INFO - [2025-10-22T12:13:53.139+0000] {dag.py:3089} INFO - Sync 1 DAGs
[2025-10-22T12:13:53.149+0000] {logging_mixin.py:188} INFO - [2025-10-22T12:13:53.149+0000] {dag.py:3947} INFO - Setting next_dagrun for example_dag_decorator to None, run_after=None
[2025-10-22T12:13:53.209+0000] {processor.py:183} INFO - Processing /home/khaled/dbt-env/lib/python3.12/site-packages/airflow/example_dags/example_dag_decorator.py took 0.321 seconds
[2025-10-22T12:14:50.253+0000] {processor.py:161} INFO - Started process (PID=9350) to work on /home/khaled/dbt-env/lib/python3.12/site-packages/airflow/example_dags/example_dag_decorator.py
[2025-10-22T12:14:50.257+0000] {processor.py:830} INFO - Processing file /home/khaled/dbt-env/lib/python3.12/site-packages/airflow/example_dags/example_dag_decorator.py for tasks to queue
[2025-10-22T12:14:50.259+0000] {logging_mixin.py:188} INFO - [2025-10-22T12:14:50.259+0000] {dagbag.py:545} INFO - Filling up the DagBag from /home/khaled/dbt-env/lib/python3.12/site-packages/airflow/example_dags/example_dag_decorator.py
[2025-10-22T12:14:50.342+0000] {processor.py:840} INFO - DAG(s) 'example_dag_decorator' retrieved from /home/khaled/dbt-env/lib/python3.12/site-packages/airflow/example_dags/example_dag_decorator.py
[2025-10-22T12:14:50.412+0000] {logging_mixin.py:188} INFO - [2025-10-22T12:14:50.412+0000] {dag.py:3089} INFO - Sync 1 DAGs
[2025-10-22T12:14:50.419+0000] {logging_mixin.py:188} INFO - [2025-10-22T12:14:50.419+0000] {dag.py:3947} INFO - Setting next_dagrun for example_dag_decorator to None, run_after=None
[2025-10-22T12:14:50.439+0000] {processor.py:183} INFO - Processing /home/khaled/dbt-env/lib/python3.12/site-packages/airflow/example_dags/example_dag_decorator.py took 0.192 seconds
[2025-10-22T12:15:44.353+0000] {processor.py:161} INFO - Started process (PID=9620) to work on /home/khaled/dbt-env/lib/python3.12/site-packages/airflow/example_dags/example_dag_decorator.py
[2025-10-22T12:15:44.354+0000] {processor.py:830} INFO - Processing file /home/khaled/dbt-env/lib/python3.12/site-packages/airflow/example_dags/example_dag_decorator.py for tasks to queue
[2025-10-22T12:15:44.355+0000] {logging_mixin.py:188} INFO - [2025-10-22T12:15:44.355+0000] {dagbag.py:545} INFO - Filling up the DagBag from /home/khaled/dbt-env/lib/python3.12/site-packages/airflow/example_dags/example_dag_decorator.py
[2025-10-22T12:15:44.425+0000] {processor.py:840} INFO - DAG(s) 'example_dag_decorator' retrieved from /home/khaled/dbt-env/lib/python3.12/site-packages/airflow/example_dags/example_dag_decorator.py
[2025-10-22T12:15:44.515+0000] {logging_mixin.py:188} INFO - [2025-10-22T12:15:44.515+0000] {dag.py:3089} INFO - Sync 1 DAGs
[2025-10-22T12:15:44.627+0000] {logging_mixin.py:188} INFO - [2025-10-22T12:15:44.627+0000] {dag.py:3947} INFO - Setting next_dagrun for example_dag_decorator to None, run_after=None
[2025-10-22T12:15:44.678+0000] {processor.py:183} INFO - Processing /home/khaled/dbt-env/lib/python3.12/site-packages/airflow/example_dags/example_dag_decorator.py took 0.329 seconds
[2025-10-22T12:16:58.599+0000] {processor.py:161} INFO - Started process (PID=9801) to work on /home/khaled/dbt-env/lib/python3.12/site-packages/airflow/example_dags/example_dag_decorator.py
[2025-10-22T12:16:58.601+0000] {processor.py:830} INFO - Processing file /home/khaled/dbt-env/lib/python3.12/site-packages/airflow/example_dags/example_dag_decorator.py for tasks to queue
[2025-10-22T12:16:58.604+0000] {logging_mixin.py:188} INFO - [2025-10-22T12:16:58.604+0000] {dagbag.py:545} INFO - Filling up the DagBag from /home/khaled/dbt-env/lib/python3.12/site-packages/airflow/example_dags/example_dag_decorator.py
[2025-10-22T12:16:58.695+0000] {processor.py:840} INFO - DAG(s) 'example_dag_decorator' retrieved from /home/khaled/dbt-env/lib/python3.12/site-packages/airflow/example_dags/example_dag_decorator.py
[2025-10-22T12:16:58.852+0000] {logging_mixin.py:188} INFO - [2025-10-22T12:16:58.852+0000] {dag.py:3089} INFO - Sync 1 DAGs
[2025-10-22T12:16:58.861+0000] {logging_mixin.py:188} INFO - [2025-10-22T12:16:58.861+0000] {dag.py:3947} INFO - Setting next_dagrun for example_dag_decorator to None, run_after=None
[2025-10-22T12:16:58.905+0000] {processor.py:183} INFO - Processing /home/khaled/dbt-env/lib/python3.12/site-packages/airflow/example_dags/example_dag_decorator.py took 0.310 seconds
[2025-10-22T12:18:32.736+0000] {processor.py:161} INFO - Started process (PID=10266) to work on /home/khaled/dbt-env/lib/python3.12/site-packages/airflow/example_dags/example_dag_decorator.py
[2025-10-22T12:18:32.738+0000] {processor.py:830} INFO - Processing file /home/khaled/dbt-env/lib/python3.12/site-packages/airflow/example_dags/example_dag_decorator.py for tasks to queue
[2025-10-22T12:18:32.740+0000] {logging_mixin.py:188} INFO - [2025-10-22T12:18:32.740+0000] {dagbag.py:545} INFO - Filling up the DagBag from /home/khaled/dbt-env/lib/python3.12/site-packages/airflow/example_dags/example_dag_decorator.py
[2025-10-22T12:18:32.800+0000] {processor.py:840} INFO - DAG(s) 'example_dag_decorator' retrieved from /home/khaled/dbt-env/lib/python3.12/site-packages/airflow/example_dags/example_dag_decorator.py
[2025-10-22T12:18:32.958+0000] {logging_mixin.py:188} INFO - [2025-10-22T12:18:32.958+0000] {dag.py:3089} INFO - Sync 1 DAGs
[2025-10-22T12:22:51.163+0000] {processor.py:161} INFO - Started process (PID=10703) to work on /home/khaled/dbt-env/lib/python3.12/site-packages/airflow/example_dags/example_dag_decorator.py
[2025-10-22T12:22:51.174+0000] {processor.py:830} INFO - Processing file /home/khaled/dbt-env/lib/python3.12/site-packages/airflow/example_dags/example_dag_decorator.py for tasks to queue
[2025-10-22T12:22:51.176+0000] {logging_mixin.py:188} INFO - [2025-10-22T12:22:51.175+0000] {dagbag.py:545} INFO - Filling up the DagBag from /home/khaled/dbt-env/lib/python3.12/site-packages/airflow/example_dags/example_dag_decorator.py
[2025-10-22T12:22:51.251+0000] {processor.py:840} INFO - DAG(s) 'example_dag_decorator' retrieved from /home/khaled/dbt-env/lib/python3.12/site-packages/airflow/example_dags/example_dag_decorator.py
[2025-10-22T12:22:51.314+0000] {logging_mixin.py:188} INFO - [2025-10-22T12:22:51.314+0000] {dag.py:3089} INFO - Sync 1 DAGs
[2025-10-22T12:22:51.321+0000] {logging_mixin.py:188} INFO - [2025-10-22T12:22:51.321+0000] {dag.py:3947} INFO - Setting next_dagrun for example_dag_decorator to None, run_after=None
[2025-10-22T12:22:51.341+0000] {processor.py:183} INFO - Processing /home/khaled/dbt-env/lib/python3.12/site-packages/airflow/example_dags/example_dag_decorator.py took 0.193 seconds
[2025-10-22T12:23:50.607+0000] {processor.py:161} INFO - Started process (PID=11211) to work on /home/khaled/dbt-env/lib/python3.12/site-packages/airflow/example_dags/example_dag_decorator.py
[2025-10-22T12:23:50.617+0000] {processor.py:830} INFO - Processing file /home/khaled/dbt-env/lib/python3.12/site-packages/airflow/example_dags/example_dag_decorator.py for tasks to queue
[2025-10-22T12:23:50.619+0000] {logging_mixin.py:188} INFO - [2025-10-22T12:23:50.619+0000] {dagbag.py:545} INFO - Filling up the DagBag from /home/khaled/dbt-env/lib/python3.12/site-packages/airflow/example_dags/example_dag_decorator.py
[2025-10-22T12:23:50.673+0000] {processor.py:840} INFO - DAG(s) 'example_dag_decorator' retrieved from /home/khaled/dbt-env/lib/python3.12/site-packages/airflow/example_dags/example_dag_decorator.py
[2025-10-22T12:23:50.737+0000] {logging_mixin.py:188} INFO - [2025-10-22T12:23:50.737+0000] {dag.py:3089} INFO - Sync 1 DAGs
[2025-10-22T12:23:50.744+0000] {logging_mixin.py:188} INFO - [2025-10-22T12:23:50.744+0000] {dag.py:3947} INFO - Setting next_dagrun for example_dag_decorator to None, run_after=None
[2025-10-22T12:23:50.766+0000] {processor.py:183} INFO - Processing /home/khaled/dbt-env/lib/python3.12/site-packages/airflow/example_dags/example_dag_decorator.py took 0.163 seconds
[2025-10-22T12:24:44.345+0000] {processor.py:161} INFO - Started process (PID=11350) to work on /home/khaled/dbt-env/lib/python3.12/site-packages/airflow/example_dags/example_dag_decorator.py
[2025-10-22T12:24:44.346+0000] {processor.py:830} INFO - Processing file /home/khaled/dbt-env/lib/python3.12/site-packages/airflow/example_dags/example_dag_decorator.py for tasks to queue
[2025-10-22T12:24:44.347+0000] {logging_mixin.py:188} INFO - [2025-10-22T12:24:44.347+0000] {dagbag.py:545} INFO - Filling up the DagBag from /home/khaled/dbt-env/lib/python3.12/site-packages/airflow/example_dags/example_dag_decorator.py
[2025-10-22T12:24:44.407+0000] {processor.py:840} INFO - DAG(s) 'example_dag_decorator' retrieved from /home/khaled/dbt-env/lib/python3.12/site-packages/airflow/example_dags/example_dag_decorator.py
[2025-10-22T12:24:44.477+0000] {logging_mixin.py:188} INFO - [2025-10-22T12:24:44.477+0000] {dag.py:3089} INFO - Sync 1 DAGs
[2025-10-22T12:24:44.484+0000] {logging_mixin.py:188} INFO - [2025-10-22T12:24:44.484+0000] {dag.py:3947} INFO - Setting next_dagrun for example_dag_decorator to None, run_after=None
[2025-10-22T12:24:44.515+0000] {processor.py:183} INFO - Processing /home/khaled/dbt-env/lib/python3.12/site-packages/airflow/example_dags/example_dag_decorator.py took 0.180 seconds
[2025-10-22T12:25:41.592+0000] {processor.py:161} INFO - Started process (PID=11432) to work on /home/khaled/dbt-env/lib/python3.12/site-packages/airflow/example_dags/example_dag_decorator.py
[2025-10-22T12:25:41.603+0000] {processor.py:830} INFO - Processing file /home/khaled/dbt-env/lib/python3.12/site-packages/airflow/example_dags/example_dag_decorator.py for tasks to queue
[2025-10-22T12:25:41.605+0000] {logging_mixin.py:188} INFO - [2025-10-22T12:25:41.605+0000] {dagbag.py:545} INFO - Filling up the DagBag from /home/khaled/dbt-env/lib/python3.12/site-packages/airflow/example_dags/example_dag_decorator.py
[2025-10-22T12:25:41.731+0000] {processor.py:840} INFO - DAG(s) 'example_dag_decorator' retrieved from /home/khaled/dbt-env/lib/python3.12/site-packages/airflow/example_dags/example_dag_decorator.py
[2025-10-22T12:25:41.837+0000] {logging_mixin.py:188} INFO - [2025-10-22T12:25:41.836+0000] {dag.py:3089} INFO - Sync 1 DAGs
[2025-10-22T12:25:42.015+0000] {logging_mixin.py:188} INFO - [2025-10-22T12:25:42.015+0000] {dag.py:3947} INFO - Setting next_dagrun for example_dag_decorator to None, run_after=None
[2025-10-22T12:25:42.058+0000] {processor.py:183} INFO - Processing /home/khaled/dbt-env/lib/python3.12/site-packages/airflow/example_dags/example_dag_decorator.py took 0.473 seconds
[2025-10-22T12:26:39.302+0000] {processor.py:161} INFO - Started process (PID=11649) to work on /home/khaled/dbt-env/lib/python3.12/site-packages/airflow/example_dags/example_dag_decorator.py
[2025-10-22T12:26:39.312+0000] {processor.py:830} INFO - Processing file /home/khaled/dbt-env/lib/python3.12/site-packages/airflow/example_dags/example_dag_decorator.py for tasks to queue
[2025-10-22T12:26:39.315+0000] {logging_mixin.py:188} INFO - [2025-10-22T12:26:39.314+0000] {dagbag.py:545} INFO - Filling up the DagBag from /home/khaled/dbt-env/lib/python3.12/site-packages/airflow/example_dags/example_dag_decorator.py
[2025-10-22T12:26:39.401+0000] {processor.py:840} INFO - DAG(s) 'example_dag_decorator' retrieved from /home/khaled/dbt-env/lib/python3.12/site-packages/airflow/example_dags/example_dag_decorator.py
[2025-10-22T12:26:39.659+0000] {logging_mixin.py:188} INFO - [2025-10-22T12:26:39.659+0000] {dag.py:3089} INFO - Sync 1 DAGs
[2025-10-22T12:26:39.665+0000] {logging_mixin.py:188} INFO - [2025-10-22T12:26:39.665+0000] {dag.py:3947} INFO - Setting next_dagrun for example_dag_decorator to None, run_after=None
[2025-10-22T12:26:39.705+0000] {processor.py:183} INFO - Processing /home/khaled/dbt-env/lib/python3.12/site-packages/airflow/example_dags/example_dag_decorator.py took 0.408 seconds
[2025-10-22T12:27:52.573+0000] {processor.py:161} INFO - Started process (PID=12085) to work on /home/khaled/dbt-env/lib/python3.12/site-packages/airflow/example_dags/example_dag_decorator.py
[2025-10-22T12:27:52.586+0000] {processor.py:830} INFO - Processing file /home/khaled/dbt-env/lib/python3.12/site-packages/airflow/example_dags/example_dag_decorator.py for tasks to queue
[2025-10-22T12:27:52.588+0000] {logging_mixin.py:188} INFO - [2025-10-22T12:27:52.587+0000] {dagbag.py:545} INFO - Filling up the DagBag from /home/khaled/dbt-env/lib/python3.12/site-packages/airflow/example_dags/example_dag_decorator.py
[2025-10-22T12:27:52.835+0000] {processor.py:840} INFO - DAG(s) 'example_dag_decorator' retrieved from /home/khaled/dbt-env/lib/python3.12/site-packages/airflow/example_dags/example_dag_decorator.py
[2025-10-22T12:27:52.956+0000] {logging_mixin.py:188} INFO - [2025-10-22T12:27:52.956+0000] {dag.py:3089} INFO - Sync 1 DAGs
[2025-10-22T12:27:52.966+0000] {logging_mixin.py:188} INFO - [2025-10-22T12:27:52.966+0000] {dag.py:3947} INFO - Setting next_dagrun for example_dag_decorator to None, run_after=None
[2025-10-22T12:27:53.032+0000] {processor.py:183} INFO - Processing /home/khaled/dbt-env/lib/python3.12/site-packages/airflow/example_dags/example_dag_decorator.py took 0.464 seconds
[2025-10-22T12:28:50.989+0000] {processor.py:161} INFO - Started process (PID=12299) to work on /home/khaled/dbt-env/lib/python3.12/site-packages/airflow/example_dags/example_dag_decorator.py
[2025-10-22T12:28:50.992+0000] {processor.py:830} INFO - Processing file /home/khaled/dbt-env/lib/python3.12/site-packages/airflow/example_dags/example_dag_decorator.py for tasks to queue
[2025-10-22T12:28:50.994+0000] {logging_mixin.py:188} INFO - [2025-10-22T12:28:50.994+0000] {dagbag.py:545} INFO - Filling up the DagBag from /home/khaled/dbt-env/lib/python3.12/site-packages/airflow/example_dags/example_dag_decorator.py
[2025-10-22T12:28:51.311+0000] {processor.py:840} INFO - DAG(s) 'example_dag_decorator' retrieved from /home/khaled/dbt-env/lib/python3.12/site-packages/airflow/example_dags/example_dag_decorator.py
[2025-10-22T12:28:51.420+0000] {logging_mixin.py:188} INFO - [2025-10-22T12:28:51.420+0000] {dag.py:3089} INFO - Sync 1 DAGs
[2025-10-22T12:28:51.436+0000] {logging_mixin.py:188} INFO - [2025-10-22T12:28:51.436+0000] {dag.py:3947} INFO - Setting next_dagrun for example_dag_decorator to None, run_after=None
[2025-10-22T12:28:51.474+0000] {processor.py:183} INFO - Processing /home/khaled/dbt-env/lib/python3.12/site-packages/airflow/example_dags/example_dag_decorator.py took 0.495 seconds
[2025-10-22T12:29:48.385+0000] {processor.py:161} INFO - Started process (PID=12485) to work on /home/khaled/dbt-env/lib/python3.12/site-packages/airflow/example_dags/example_dag_decorator.py
[2025-10-22T12:29:48.386+0000] {processor.py:830} INFO - Processing file /home/khaled/dbt-env/lib/python3.12/site-packages/airflow/example_dags/example_dag_decorator.py for tasks to queue
[2025-10-22T12:29:48.388+0000] {logging_mixin.py:188} INFO - [2025-10-22T12:29:48.388+0000] {dagbag.py:545} INFO - Filling up the DagBag from /home/khaled/dbt-env/lib/python3.12/site-packages/airflow/example_dags/example_dag_decorator.py
[2025-10-22T12:29:48.532+0000] {processor.py:840} INFO - DAG(s) 'example_dag_decorator' retrieved from /home/khaled/dbt-env/lib/python3.12/site-packages/airflow/example_dags/example_dag_decorator.py
[2025-10-22T12:29:48.589+0000] {logging_mixin.py:188} INFO - [2025-10-22T12:29:48.589+0000] {dag.py:3089} INFO - Sync 1 DAGs
[2025-10-22T12:29:48.597+0000] {logging_mixin.py:188} INFO - [2025-10-22T12:29:48.597+0000] {dag.py:3947} INFO - Setting next_dagrun for example_dag_decorator to None, run_after=None
[2025-10-22T12:29:48.621+0000] {processor.py:183} INFO - Processing /home/khaled/dbt-env/lib/python3.12/site-packages/airflow/example_dags/example_dag_decorator.py took 0.242 seconds
[2025-10-22T12:31:03.318+0000] {processor.py:161} INFO - Started process (PID=12574) to work on /home/khaled/dbt-env/lib/python3.12/site-packages/airflow/example_dags/example_dag_decorator.py
[2025-10-22T12:31:03.332+0000] {processor.py:830} INFO - Processing file /home/khaled/dbt-env/lib/python3.12/site-packages/airflow/example_dags/example_dag_decorator.py for tasks to queue
[2025-10-22T12:31:03.334+0000] {logging_mixin.py:188} INFO - [2025-10-22T12:31:03.334+0000] {dagbag.py:545} INFO - Filling up the DagBag from /home/khaled/dbt-env/lib/python3.12/site-packages/airflow/example_dags/example_dag_decorator.py
[2025-10-22T12:31:03.488+0000] {processor.py:840} INFO - DAG(s) 'example_dag_decorator' retrieved from /home/khaled/dbt-env/lib/python3.12/site-packages/airflow/example_dags/example_dag_decorator.py
[2025-10-22T12:31:03.550+0000] {logging_mixin.py:188} INFO - [2025-10-22T12:31:03.550+0000] {dag.py:3089} INFO - Sync 1 DAGs
[2025-10-22T12:31:03.555+0000] {logging_mixin.py:188} INFO - [2025-10-22T12:31:03.555+0000] {dag.py:3947} INFO - Setting next_dagrun for example_dag_decorator to None, run_after=None
[2025-10-22T12:31:03.581+0000] {processor.py:183} INFO - Processing /home/khaled/dbt-env/lib/python3.12/site-packages/airflow/example_dags/example_dag_decorator.py took 0.271 seconds
[2025-10-22T12:32:15.770+0000] {processor.py:161} INFO - Started process (PID=12776) to work on /home/khaled/dbt-env/lib/python3.12/site-packages/airflow/example_dags/example_dag_decorator.py
[2025-10-22T12:32:15.772+0000] {processor.py:830} INFO - Processing file /home/khaled/dbt-env/lib/python3.12/site-packages/airflow/example_dags/example_dag_decorator.py for tasks to queue
[2025-10-22T12:32:15.774+0000] {logging_mixin.py:188} INFO - [2025-10-22T12:32:15.774+0000] {dagbag.py:545} INFO - Filling up the DagBag from /home/khaled/dbt-env/lib/python3.12/site-packages/airflow/example_dags/example_dag_decorator.py
[2025-10-22T12:32:16.118+0000] {processor.py:840} INFO - DAG(s) 'example_dag_decorator' retrieved from /home/khaled/dbt-env/lib/python3.12/site-packages/airflow/example_dags/example_dag_decorator.py
[2025-10-22T12:32:16.251+0000] {logging_mixin.py:188} INFO - [2025-10-22T12:32:16.251+0000] {dag.py:3089} INFO - Sync 1 DAGs
[2025-10-22T12:32:16.263+0000] {logging_mixin.py:188} INFO - [2025-10-22T12:32:16.262+0000] {dag.py:3947} INFO - Setting next_dagrun for example_dag_decorator to None, run_after=None
[2025-10-22T12:32:16.296+0000] {processor.py:183} INFO - Processing /home/khaled/dbt-env/lib/python3.12/site-packages/airflow/example_dags/example_dag_decorator.py took 0.539 seconds
[2025-10-22T12:37:19.520+0000] {processor.py:161} INFO - Started process (PID=13176) to work on /home/khaled/dbt-env/lib/python3.12/site-packages/airflow/example_dags/example_dag_decorator.py
[2025-10-22T12:37:19.530+0000] {processor.py:830} INFO - Processing file /home/khaled/dbt-env/lib/python3.12/site-packages/airflow/example_dags/example_dag_decorator.py for tasks to queue
[2025-10-22T12:37:19.532+0000] {logging_mixin.py:188} INFO - [2025-10-22T12:37:19.531+0000] {dagbag.py:545} INFO - Filling up the DagBag from /home/khaled/dbt-env/lib/python3.12/site-packages/airflow/example_dags/example_dag_decorator.py
[2025-10-22T12:37:19.692+0000] {processor.py:840} INFO - DAG(s) 'example_dag_decorator' retrieved from /home/khaled/dbt-env/lib/python3.12/site-packages/airflow/example_dags/example_dag_decorator.py
[2025-10-22T12:37:19.753+0000] {logging_mixin.py:188} INFO - [2025-10-22T12:37:19.753+0000] {dag.py:3089} INFO - Sync 1 DAGs
[2025-10-22T12:37:19.758+0000] {logging_mixin.py:188} INFO - [2025-10-22T12:37:19.758+0000] {dag.py:3947} INFO - Setting next_dagrun for example_dag_decorator to None, run_after=None
[2025-10-22T12:37:19.830+0000] {processor.py:183} INFO - Processing /home/khaled/dbt-env/lib/python3.12/site-packages/airflow/example_dags/example_dag_decorator.py took 0.315 seconds
[2025-10-22T12:38:39.369+0000] {processor.py:161} INFO - Started process (PID=13251) to work on /home/khaled/dbt-env/lib/python3.12/site-packages/airflow/example_dags/example_dag_decorator.py
[2025-10-22T12:38:39.371+0000] {processor.py:830} INFO - Processing file /home/khaled/dbt-env/lib/python3.12/site-packages/airflow/example_dags/example_dag_decorator.py for tasks to queue
[2025-10-22T12:38:39.373+0000] {logging_mixin.py:188} INFO - [2025-10-22T12:38:39.373+0000] {dagbag.py:545} INFO - Filling up the DagBag from /home/khaled/dbt-env/lib/python3.12/site-packages/airflow/example_dags/example_dag_decorator.py
[2025-10-22T12:38:39.518+0000] {processor.py:840} INFO - DAG(s) 'example_dag_decorator' retrieved from /home/khaled/dbt-env/lib/python3.12/site-packages/airflow/example_dags/example_dag_decorator.py
[2025-10-22T12:38:39.569+0000] {logging_mixin.py:188} INFO - [2025-10-22T12:38:39.568+0000] {dag.py:3089} INFO - Sync 1 DAGs
[2025-10-22T12:38:39.575+0000] {logging_mixin.py:188} INFO - [2025-10-22T12:38:39.574+0000] {dag.py:3947} INFO - Setting next_dagrun for example_dag_decorator to None, run_after=None
[2025-10-22T12:38:39.613+0000] {processor.py:183} INFO - Processing /home/khaled/dbt-env/lib/python3.12/site-packages/airflow/example_dags/example_dag_decorator.py took 0.249 seconds
[2025-10-22T12:39:55.971+0000] {processor.py:161} INFO - Started process (PID=13314) to work on /home/khaled/dbt-env/lib/python3.12/site-packages/airflow/example_dags/example_dag_decorator.py
[2025-10-22T12:39:55.973+0000] {processor.py:830} INFO - Processing file /home/khaled/dbt-env/lib/python3.12/site-packages/airflow/example_dags/example_dag_decorator.py for tasks to queue
[2025-10-22T12:39:55.975+0000] {logging_mixin.py:188} INFO - [2025-10-22T12:39:55.974+0000] {dagbag.py:545} INFO - Filling up the DagBag from /home/khaled/dbt-env/lib/python3.12/site-packages/airflow/example_dags/example_dag_decorator.py
[2025-10-22T12:39:56.162+0000] {processor.py:840} INFO - DAG(s) 'example_dag_decorator' retrieved from /home/khaled/dbt-env/lib/python3.12/site-packages/airflow/example_dags/example_dag_decorator.py
[2025-10-22T12:39:56.227+0000] {logging_mixin.py:188} INFO - [2025-10-22T12:39:56.227+0000] {dag.py:3089} INFO - Sync 1 DAGs
[2025-10-22T12:39:56.233+0000] {logging_mixin.py:188} INFO - [2025-10-22T12:39:56.233+0000] {dag.py:3947} INFO - Setting next_dagrun for example_dag_decorator to None, run_after=None
[2025-10-22T12:39:56.256+0000] {processor.py:183} INFO - Processing /home/khaled/dbt-env/lib/python3.12/site-packages/airflow/example_dags/example_dag_decorator.py took 0.292 seconds
