[2025-10-22T12:12:28.946+0000] {processor.py:161} INFO - Started process (PID=8451) to work on /home/khaled/dbt-env/lib/python3.12/site-packages/airflow/example_dags/example_complex.py
[2025-10-22T12:12:28.955+0000] {processor.py:830} INFO - Processing file /home/khaled/dbt-env/lib/python3.12/site-packages/airflow/example_dags/example_complex.py for tasks to queue
[2025-10-22T12:12:28.958+0000] {logging_mixin.py:188} INFO - [2025-10-22T12:12:28.957+0000] {dagbag.py:545} INFO - Filling up the DagBag from /home/khaled/dbt-env/lib/python3.12/site-packages/airflow/example_dags/example_complex.py
[2025-10-22T12:12:28.992+0000] {processor.py:840} INFO - DAG(s) 'example_complex' retrieved from /home/khaled/dbt-env/lib/python3.12/site-packages/airflow/example_dags/example_complex.py
[2025-10-22T12:12:29.351+0000] {logging_mixin.py:188} INFO - [2025-10-22T12:12:29.351+0000] {dag.py:3089} INFO - Sync 1 DAGs
[2025-10-22T12:12:29.365+0000] {logging_mixin.py:188} INFO - [2025-10-22T12:12:29.365+0000] {dag.py:3947} INFO - Setting next_dagrun for example_complex to None, run_after=None
[2025-10-22T12:12:29.493+0000] {processor.py:183} INFO - Processing /home/khaled/dbt-env/lib/python3.12/site-packages/airflow/example_dags/example_complex.py took 0.576 seconds
[2025-10-22T12:13:53.424+0000] {processor.py:161} INFO - Started process (PID=9286) to work on /home/khaled/dbt-env/lib/python3.12/site-packages/airflow/example_dags/example_complex.py
[2025-10-22T12:13:53.427+0000] {processor.py:830} INFO - Processing file /home/khaled/dbt-env/lib/python3.12/site-packages/airflow/example_dags/example_complex.py for tasks to queue
[2025-10-22T12:13:53.428+0000] {logging_mixin.py:188} INFO - [2025-10-22T12:13:53.428+0000] {dagbag.py:545} INFO - Filling up the DagBag from /home/khaled/dbt-env/lib/python3.12/site-packages/airflow/example_dags/example_complex.py
[2025-10-22T12:13:53.437+0000] {processor.py:840} INFO - DAG(s) 'example_complex' retrieved from /home/khaled/dbt-env/lib/python3.12/site-packages/airflow/example_dags/example_complex.py
[2025-10-22T12:13:53.463+0000] {logging_mixin.py:188} INFO - [2025-10-22T12:13:53.463+0000] {dag.py:3089} INFO - Sync 1 DAGs
[2025-10-22T12:13:53.474+0000] {logging_mixin.py:188} INFO - [2025-10-22T12:13:53.474+0000] {dag.py:3947} INFO - Setting next_dagrun for example_complex to None, run_after=None
[2025-10-22T12:13:53.507+0000] {processor.py:183} INFO - Processing /home/khaled/dbt-env/lib/python3.12/site-packages/airflow/example_dags/example_complex.py took 0.088 seconds
[2025-10-22T12:14:51.513+0000] {processor.py:161} INFO - Started process (PID=9351) to work on /home/khaled/dbt-env/lib/python3.12/site-packages/airflow/example_dags/example_complex.py
[2025-10-22T12:14:51.514+0000] {processor.py:830} INFO - Processing file /home/khaled/dbt-env/lib/python3.12/site-packages/airflow/example_dags/example_complex.py for tasks to queue
[2025-10-22T12:14:51.516+0000] {logging_mixin.py:188} INFO - [2025-10-22T12:14:51.516+0000] {dagbag.py:545} INFO - Filling up the DagBag from /home/khaled/dbt-env/lib/python3.12/site-packages/airflow/example_dags/example_complex.py
[2025-10-22T12:14:51.524+0000] {processor.py:840} INFO - DAG(s) 'example_complex' retrieved from /home/khaled/dbt-env/lib/python3.12/site-packages/airflow/example_dags/example_complex.py
[2025-10-22T12:14:51.546+0000] {logging_mixin.py:188} INFO - [2025-10-22T12:14:51.546+0000] {dag.py:3089} INFO - Sync 1 DAGs
[2025-10-22T12:14:51.557+0000] {logging_mixin.py:188} INFO - [2025-10-22T12:14:51.556+0000] {dag.py:3947} INFO - Setting next_dagrun for example_complex to None, run_after=None
[2025-10-22T12:14:51.584+0000] {processor.py:183} INFO - Processing /home/khaled/dbt-env/lib/python3.12/site-packages/airflow/example_dags/example_complex.py took 0.076 seconds
[2025-10-22T12:16:05.867+0000] {processor.py:161} INFO - Started process (PID=9644) to work on /home/khaled/dbt-env/lib/python3.12/site-packages/airflow/example_dags/example_complex.py
[2025-10-22T12:16:05.868+0000] {processor.py:830} INFO - Processing file /home/khaled/dbt-env/lib/python3.12/site-packages/airflow/example_dags/example_complex.py for tasks to queue
[2025-10-22T12:16:05.870+0000] {logging_mixin.py:188} INFO - [2025-10-22T12:16:05.870+0000] {dagbag.py:545} INFO - Filling up the DagBag from /home/khaled/dbt-env/lib/python3.12/site-packages/airflow/example_dags/example_complex.py
[2025-10-22T12:16:05.879+0000] {processor.py:840} INFO - DAG(s) 'example_complex' retrieved from /home/khaled/dbt-env/lib/python3.12/site-packages/airflow/example_dags/example_complex.py
[2025-10-22T12:16:05.900+0000] {logging_mixin.py:188} INFO - [2025-10-22T12:16:05.900+0000] {dag.py:3089} INFO - Sync 1 DAGs
[2025-10-22T12:16:05.910+0000] {logging_mixin.py:188} INFO - [2025-10-22T12:16:05.910+0000] {dag.py:3947} INFO - Setting next_dagrun for example_complex to None, run_after=None
[2025-10-22T12:16:05.943+0000] {processor.py:183} INFO - Processing /home/khaled/dbt-env/lib/python3.12/site-packages/airflow/example_dags/example_complex.py took 0.080 seconds
[2025-10-22T12:17:00.065+0000] {processor.py:161} INFO - Started process (PID=9802) to work on /home/khaled/dbt-env/lib/python3.12/site-packages/airflow/example_dags/example_complex.py
[2025-10-22T12:17:00.068+0000] {processor.py:830} INFO - Processing file /home/khaled/dbt-env/lib/python3.12/site-packages/airflow/example_dags/example_complex.py for tasks to queue
[2025-10-22T12:17:00.070+0000] {logging_mixin.py:188} INFO - [2025-10-22T12:17:00.070+0000] {dagbag.py:545} INFO - Filling up the DagBag from /home/khaled/dbt-env/lib/python3.12/site-packages/airflow/example_dags/example_complex.py
[2025-10-22T12:17:00.079+0000] {processor.py:840} INFO - DAG(s) 'example_complex' retrieved from /home/khaled/dbt-env/lib/python3.12/site-packages/airflow/example_dags/example_complex.py
[2025-10-22T12:17:00.114+0000] {logging_mixin.py:188} INFO - [2025-10-22T12:17:00.113+0000] {dag.py:3089} INFO - Sync 1 DAGs
[2025-10-22T12:17:00.126+0000] {logging_mixin.py:188} INFO - [2025-10-22T12:17:00.126+0000] {dag.py:3947} INFO - Setting next_dagrun for example_complex to None, run_after=None
[2025-10-22T12:17:00.168+0000] {processor.py:183} INFO - Processing /home/khaled/dbt-env/lib/python3.12/site-packages/airflow/example_dags/example_complex.py took 0.107 seconds
[2025-10-22T12:22:53.345+0000] {processor.py:161} INFO - Started process (PID=10722) to work on /home/khaled/dbt-env/lib/python3.12/site-packages/airflow/example_dags/example_complex.py
[2025-10-22T12:22:53.358+0000] {processor.py:830} INFO - Processing file /home/khaled/dbt-env/lib/python3.12/site-packages/airflow/example_dags/example_complex.py for tasks to queue
[2025-10-22T12:22:53.360+0000] {logging_mixin.py:188} INFO - [2025-10-22T12:22:53.359+0000] {dagbag.py:545} INFO - Filling up the DagBag from /home/khaled/dbt-env/lib/python3.12/site-packages/airflow/example_dags/example_complex.py
[2025-10-22T12:22:53.368+0000] {processor.py:840} INFO - DAG(s) 'example_complex' retrieved from /home/khaled/dbt-env/lib/python3.12/site-packages/airflow/example_dags/example_complex.py
[2025-10-22T12:22:53.389+0000] {logging_mixin.py:188} INFO - [2025-10-22T12:22:53.389+0000] {dag.py:3089} INFO - Sync 1 DAGs
[2025-10-22T12:22:53.396+0000] {logging_mixin.py:188} INFO - [2025-10-22T12:22:53.396+0000] {dag.py:3947} INFO - Setting next_dagrun for example_complex to None, run_after=None
[2025-10-22T12:22:53.416+0000] {processor.py:183} INFO - Processing /home/khaled/dbt-env/lib/python3.12/site-packages/airflow/example_dags/example_complex.py took 0.076 seconds
[2025-10-22T12:23:51.260+0000] {processor.py:161} INFO - Started process (PID=11212) to work on /home/khaled/dbt-env/lib/python3.12/site-packages/airflow/example_dags/example_complex.py
[2025-10-22T12:23:51.264+0000] {processor.py:830} INFO - Processing file /home/khaled/dbt-env/lib/python3.12/site-packages/airflow/example_dags/example_complex.py for tasks to queue
[2025-10-22T12:23:51.266+0000] {logging_mixin.py:188} INFO - [2025-10-22T12:23:51.265+0000] {dagbag.py:545} INFO - Filling up the DagBag from /home/khaled/dbt-env/lib/python3.12/site-packages/airflow/example_dags/example_complex.py
[2025-10-22T12:23:51.272+0000] {processor.py:840} INFO - DAG(s) 'example_complex' retrieved from /home/khaled/dbt-env/lib/python3.12/site-packages/airflow/example_dags/example_complex.py
[2025-10-22T12:23:51.292+0000] {logging_mixin.py:188} INFO - [2025-10-22T12:23:51.292+0000] {dag.py:3089} INFO - Sync 1 DAGs
[2025-10-22T12:23:51.302+0000] {logging_mixin.py:188} INFO - [2025-10-22T12:23:51.301+0000] {dag.py:3947} INFO - Setting next_dagrun for example_complex to None, run_after=None
[2025-10-22T12:23:51.322+0000] {processor.py:183} INFO - Processing /home/khaled/dbt-env/lib/python3.12/site-packages/airflow/example_dags/example_complex.py took 0.066 seconds
[2025-10-22T12:24:45.617+0000] {processor.py:161} INFO - Started process (PID=11351) to work on /home/khaled/dbt-env/lib/python3.12/site-packages/airflow/example_dags/example_complex.py
[2025-10-22T12:24:45.618+0000] {processor.py:830} INFO - Processing file /home/khaled/dbt-env/lib/python3.12/site-packages/airflow/example_dags/example_complex.py for tasks to queue
[2025-10-22T12:24:45.620+0000] {logging_mixin.py:188} INFO - [2025-10-22T12:24:45.619+0000] {dagbag.py:545} INFO - Filling up the DagBag from /home/khaled/dbt-env/lib/python3.12/site-packages/airflow/example_dags/example_complex.py
[2025-10-22T12:24:45.625+0000] {processor.py:840} INFO - DAG(s) 'example_complex' retrieved from /home/khaled/dbt-env/lib/python3.12/site-packages/airflow/example_dags/example_complex.py
[2025-10-22T12:24:45.639+0000] {logging_mixin.py:188} INFO - [2025-10-22T12:24:45.639+0000] {dag.py:3089} INFO - Sync 1 DAGs
[2025-10-22T12:24:45.647+0000] {logging_mixin.py:188} INFO - [2025-10-22T12:24:45.646+0000] {dag.py:3947} INFO - Setting next_dagrun for example_complex to None, run_after=None
[2025-10-22T12:24:45.679+0000] {processor.py:183} INFO - Processing /home/khaled/dbt-env/lib/python3.12/site-packages/airflow/example_dags/example_complex.py took 0.066 seconds
[2025-10-22T12:25:43.217+0000] {processor.py:161} INFO - Started process (PID=11433) to work on /home/khaled/dbt-env/lib/python3.12/site-packages/airflow/example_dags/example_complex.py
[2025-10-22T12:25:43.230+0000] {processor.py:830} INFO - Processing file /home/khaled/dbt-env/lib/python3.12/site-packages/airflow/example_dags/example_complex.py for tasks to queue
[2025-10-22T12:25:43.234+0000] {logging_mixin.py:188} INFO - [2025-10-22T12:25:43.234+0000] {dagbag.py:545} INFO - Filling up the DagBag from /home/khaled/dbt-env/lib/python3.12/site-packages/airflow/example_dags/example_complex.py
[2025-10-22T12:25:43.245+0000] {processor.py:840} INFO - DAG(s) 'example_complex' retrieved from /home/khaled/dbt-env/lib/python3.12/site-packages/airflow/example_dags/example_complex.py
[2025-10-22T12:25:43.284+0000] {logging_mixin.py:188} INFO - [2025-10-22T12:25:43.283+0000] {dag.py:3089} INFO - Sync 1 DAGs
[2025-10-22T12:25:43.309+0000] {logging_mixin.py:188} INFO - [2025-10-22T12:25:43.309+0000] {dag.py:3947} INFO - Setting next_dagrun for example_complex to None, run_after=None
[2025-10-22T12:25:43.350+0000] {processor.py:183} INFO - Processing /home/khaled/dbt-env/lib/python3.12/site-packages/airflow/example_dags/example_complex.py took 0.151 seconds
[2025-10-22T12:26:40.773+0000] {processor.py:161} INFO - Started process (PID=11664) to work on /home/khaled/dbt-env/lib/python3.12/site-packages/airflow/example_dags/example_complex.py
[2025-10-22T12:26:40.785+0000] {processor.py:830} INFO - Processing file /home/khaled/dbt-env/lib/python3.12/site-packages/airflow/example_dags/example_complex.py for tasks to queue
[2025-10-22T12:26:40.786+0000] {logging_mixin.py:188} INFO - [2025-10-22T12:26:40.786+0000] {dagbag.py:545} INFO - Filling up the DagBag from /home/khaled/dbt-env/lib/python3.12/site-packages/airflow/example_dags/example_complex.py
[2025-10-22T12:26:40.793+0000] {processor.py:840} INFO - DAG(s) 'example_complex' retrieved from /home/khaled/dbt-env/lib/python3.12/site-packages/airflow/example_dags/example_complex.py
[2025-10-22T12:26:40.811+0000] {logging_mixin.py:188} INFO - [2025-10-22T12:26:40.810+0000] {dag.py:3089} INFO - Sync 1 DAGs
[2025-10-22T12:26:40.820+0000] {logging_mixin.py:188} INFO - [2025-10-22T12:26:40.820+0000] {dag.py:3947} INFO - Setting next_dagrun for example_complex to None, run_after=None
[2025-10-22T12:26:40.840+0000] {processor.py:183} INFO - Processing /home/khaled/dbt-env/lib/python3.12/site-packages/airflow/example_dags/example_complex.py took 0.071 seconds
[2025-10-22T12:27:53.473+0000] {processor.py:161} INFO - Started process (PID=12086) to work on /home/khaled/dbt-env/lib/python3.12/site-packages/airflow/example_dags/example_complex.py
[2025-10-22T12:27:53.478+0000] {processor.py:830} INFO - Processing file /home/khaled/dbt-env/lib/python3.12/site-packages/airflow/example_dags/example_complex.py for tasks to queue
[2025-10-22T12:27:53.481+0000] {logging_mixin.py:188} INFO - [2025-10-22T12:27:53.480+0000] {dagbag.py:545} INFO - Filling up the DagBag from /home/khaled/dbt-env/lib/python3.12/site-packages/airflow/example_dags/example_complex.py
[2025-10-22T12:27:53.490+0000] {processor.py:840} INFO - DAG(s) 'example_complex' retrieved from /home/khaled/dbt-env/lib/python3.12/site-packages/airflow/example_dags/example_complex.py
[2025-10-22T12:27:53.527+0000] {logging_mixin.py:188} INFO - [2025-10-22T12:27:53.526+0000] {dag.py:3089} INFO - Sync 1 DAGs
[2025-10-22T12:27:53.543+0000] {logging_mixin.py:188} INFO - [2025-10-22T12:27:53.542+0000] {dag.py:3947} INFO - Setting next_dagrun for example_complex to None, run_after=None
[2025-10-22T12:27:53.592+0000] {processor.py:183} INFO - Processing /home/khaled/dbt-env/lib/python3.12/site-packages/airflow/example_dags/example_complex.py took 0.130 seconds
[2025-10-22T12:28:52.546+0000] {processor.py:161} INFO - Started process (PID=12305) to work on /home/khaled/dbt-env/lib/python3.12/site-packages/airflow/example_dags/example_complex.py
[2025-10-22T12:28:52.548+0000] {processor.py:830} INFO - Processing file /home/khaled/dbt-env/lib/python3.12/site-packages/airflow/example_dags/example_complex.py for tasks to queue
[2025-10-22T12:28:52.551+0000] {logging_mixin.py:188} INFO - [2025-10-22T12:28:52.550+0000] {dagbag.py:545} INFO - Filling up the DagBag from /home/khaled/dbt-env/lib/python3.12/site-packages/airflow/example_dags/example_complex.py
[2025-10-22T12:28:52.562+0000] {processor.py:840} INFO - DAG(s) 'example_complex' retrieved from /home/khaled/dbt-env/lib/python3.12/site-packages/airflow/example_dags/example_complex.py
[2025-10-22T12:28:52.592+0000] {logging_mixin.py:188} INFO - [2025-10-22T12:28:52.592+0000] {dag.py:3089} INFO - Sync 1 DAGs
[2025-10-22T12:28:52.605+0000] {logging_mixin.py:188} INFO - [2025-10-22T12:28:52.602+0000] {dag.py:3947} INFO - Setting next_dagrun for example_complex to None, run_after=None
[2025-10-22T12:28:52.660+0000] {processor.py:183} INFO - Processing /home/khaled/dbt-env/lib/python3.12/site-packages/airflow/example_dags/example_complex.py took 0.128 seconds
[2025-10-22T12:29:49.736+0000] {processor.py:161} INFO - Started process (PID=12486) to work on /home/khaled/dbt-env/lib/python3.12/site-packages/airflow/example_dags/example_complex.py
[2025-10-22T12:29:49.747+0000] {processor.py:830} INFO - Processing file /home/khaled/dbt-env/lib/python3.12/site-packages/airflow/example_dags/example_complex.py for tasks to queue
[2025-10-22T12:29:49.749+0000] {logging_mixin.py:188} INFO - [2025-10-22T12:29:49.749+0000] {dagbag.py:545} INFO - Filling up the DagBag from /home/khaled/dbt-env/lib/python3.12/site-packages/airflow/example_dags/example_complex.py
[2025-10-22T12:29:49.758+0000] {processor.py:840} INFO - DAG(s) 'example_complex' retrieved from /home/khaled/dbt-env/lib/python3.12/site-packages/airflow/example_dags/example_complex.py
[2025-10-22T12:29:49.777+0000] {logging_mixin.py:188} INFO - [2025-10-22T12:29:49.776+0000] {dag.py:3089} INFO - Sync 1 DAGs
[2025-10-22T12:29:49.787+0000] {logging_mixin.py:188} INFO - [2025-10-22T12:29:49.786+0000] {dag.py:3947} INFO - Setting next_dagrun for example_complex to None, run_after=None
[2025-10-22T12:29:49.907+0000] {processor.py:183} INFO - Processing /home/khaled/dbt-env/lib/python3.12/site-packages/airflow/example_dags/example_complex.py took 0.176 seconds
[2025-10-22T12:31:03.732+0000] {processor.py:161} INFO - Started process (PID=12575) to work on /home/khaled/dbt-env/lib/python3.12/site-packages/airflow/example_dags/example_complex.py
[2025-10-22T12:31:03.734+0000] {processor.py:830} INFO - Processing file /home/khaled/dbt-env/lib/python3.12/site-packages/airflow/example_dags/example_complex.py for tasks to queue
[2025-10-22T12:31:03.736+0000] {logging_mixin.py:188} INFO - [2025-10-22T12:31:03.735+0000] {dagbag.py:545} INFO - Filling up the DagBag from /home/khaled/dbt-env/lib/python3.12/site-packages/airflow/example_dags/example_complex.py
[2025-10-22T12:31:03.742+0000] {processor.py:840} INFO - DAG(s) 'example_complex' retrieved from /home/khaled/dbt-env/lib/python3.12/site-packages/airflow/example_dags/example_complex.py
[2025-10-22T12:31:03.760+0000] {logging_mixin.py:188} INFO - [2025-10-22T12:31:03.760+0000] {dag.py:3089} INFO - Sync 1 DAGs
[2025-10-22T12:31:03.769+0000] {logging_mixin.py:188} INFO - [2025-10-22T12:31:03.769+0000] {dag.py:3947} INFO - Setting next_dagrun for example_complex to None, run_after=None
[2025-10-22T12:31:03.789+0000] {processor.py:183} INFO - Processing /home/khaled/dbt-env/lib/python3.12/site-packages/airflow/example_dags/example_complex.py took 0.062 seconds
[2025-10-22T12:32:17.434+0000] {processor.py:161} INFO - Started process (PID=12777) to work on /home/khaled/dbt-env/lib/python3.12/site-packages/airflow/example_dags/example_complex.py
[2025-10-22T12:32:17.435+0000] {processor.py:830} INFO - Processing file /home/khaled/dbt-env/lib/python3.12/site-packages/airflow/example_dags/example_complex.py for tasks to queue
[2025-10-22T12:32:17.438+0000] {logging_mixin.py:188} INFO - [2025-10-22T12:32:17.437+0000] {dagbag.py:545} INFO - Filling up the DagBag from /home/khaled/dbt-env/lib/python3.12/site-packages/airflow/example_dags/example_complex.py
[2025-10-22T12:32:17.447+0000] {processor.py:840} INFO - DAG(s) 'example_complex' retrieved from /home/khaled/dbt-env/lib/python3.12/site-packages/airflow/example_dags/example_complex.py
[2025-10-22T12:32:17.472+0000] {logging_mixin.py:188} INFO - [2025-10-22T12:32:17.472+0000] {dag.py:3089} INFO - Sync 1 DAGs
[2025-10-22T12:32:17.488+0000] {logging_mixin.py:188} INFO - [2025-10-22T12:32:17.488+0000] {dag.py:3947} INFO - Setting next_dagrun for example_complex to None, run_after=None
[2025-10-22T12:32:17.531+0000] {processor.py:183} INFO - Processing /home/khaled/dbt-env/lib/python3.12/site-packages/airflow/example_dags/example_complex.py took 0.107 seconds
[2025-10-22T12:37:20.952+0000] {processor.py:161} INFO - Started process (PID=13177) to work on /home/khaled/dbt-env/lib/python3.12/site-packages/airflow/example_dags/example_complex.py
[2025-10-22T12:37:20.954+0000] {processor.py:830} INFO - Processing file /home/khaled/dbt-env/lib/python3.12/site-packages/airflow/example_dags/example_complex.py for tasks to queue
[2025-10-22T12:37:20.956+0000] {logging_mixin.py:188} INFO - [2025-10-22T12:37:20.955+0000] {dagbag.py:545} INFO - Filling up the DagBag from /home/khaled/dbt-env/lib/python3.12/site-packages/airflow/example_dags/example_complex.py
[2025-10-22T12:37:20.964+0000] {processor.py:840} INFO - DAG(s) 'example_complex' retrieved from /home/khaled/dbt-env/lib/python3.12/site-packages/airflow/example_dags/example_complex.py
[2025-10-22T12:37:20.985+0000] {logging_mixin.py:188} INFO - [2025-10-22T12:37:20.985+0000] {dag.py:3089} INFO - Sync 1 DAGs
[2025-10-22T12:37:20.996+0000] {logging_mixin.py:188} INFO - [2025-10-22T12:37:20.996+0000] {dag.py:3947} INFO - Setting next_dagrun for example_complex to None, run_after=None
[2025-10-22T12:37:21.040+0000] {processor.py:183} INFO - Processing /home/khaled/dbt-env/lib/python3.12/site-packages/airflow/example_dags/example_complex.py took 0.094 seconds
[2025-10-22T12:38:40.974+0000] {processor.py:161} INFO - Started process (PID=13252) to work on /home/khaled/dbt-env/lib/python3.12/site-packages/airflow/example_dags/example_complex.py
[2025-10-22T12:38:40.976+0000] {processor.py:830} INFO - Processing file /home/khaled/dbt-env/lib/python3.12/site-packages/airflow/example_dags/example_complex.py for tasks to queue
[2025-10-22T12:38:40.978+0000] {logging_mixin.py:188} INFO - [2025-10-22T12:38:40.977+0000] {dagbag.py:545} INFO - Filling up the DagBag from /home/khaled/dbt-env/lib/python3.12/site-packages/airflow/example_dags/example_complex.py
[2025-10-22T12:38:40.988+0000] {processor.py:840} INFO - DAG(s) 'example_complex' retrieved from /home/khaled/dbt-env/lib/python3.12/site-packages/airflow/example_dags/example_complex.py
[2025-10-22T12:38:41.012+0000] {logging_mixin.py:188} INFO - [2025-10-22T12:38:41.012+0000] {dag.py:3089} INFO - Sync 1 DAGs
[2025-10-22T12:38:41.026+0000] {logging_mixin.py:188} INFO - [2025-10-22T12:38:41.026+0000] {dag.py:3947} INFO - Setting next_dagrun for example_complex to None, run_after=None
[2025-10-22T12:38:41.082+0000] {processor.py:183} INFO - Processing /home/khaled/dbt-env/lib/python3.12/site-packages/airflow/example_dags/example_complex.py took 0.116 seconds
[2025-10-22T12:39:57.389+0000] {processor.py:161} INFO - Started process (PID=13315) to work on /home/khaled/dbt-env/lib/python3.12/site-packages/airflow/example_dags/example_complex.py
[2025-10-22T12:39:57.391+0000] {processor.py:830} INFO - Processing file /home/khaled/dbt-env/lib/python3.12/site-packages/airflow/example_dags/example_complex.py for tasks to queue
[2025-10-22T12:39:57.494+0000] {logging_mixin.py:188} INFO - [2025-10-22T12:39:57.494+0000] {dagbag.py:545} INFO - Filling up the DagBag from /home/khaled/dbt-env/lib/python3.12/site-packages/airflow/example_dags/example_complex.py
[2025-10-22T12:39:57.499+0000] {processor.py:840} INFO - DAG(s) 'example_complex' retrieved from /home/khaled/dbt-env/lib/python3.12/site-packages/airflow/example_dags/example_complex.py
[2025-10-22T12:39:57.511+0000] {logging_mixin.py:188} INFO - [2025-10-22T12:39:57.511+0000] {dag.py:3089} INFO - Sync 1 DAGs
[2025-10-22T12:39:57.518+0000] {logging_mixin.py:188} INFO - [2025-10-22T12:39:57.517+0000] {dag.py:3947} INFO - Setting next_dagrun for example_complex to None, run_after=None
[2025-10-22T12:39:57.553+0000] {processor.py:183} INFO - Processing /home/khaled/dbt-env/lib/python3.12/site-packages/airflow/example_dags/example_complex.py took 0.170 seconds
