[2025-10-22T12:12:21.310+0000] {processor.py:161} INFO - Started process (PID=8310) to work on /home/khaled/dbt-env/lib/python3.12/site-packages/airflow/example_dags/example_dynamic_task_mapping.py
[2025-10-22T12:12:21.312+0000] {processor.py:830} INFO - Processing file /home/khaled/dbt-env/lib/python3.12/site-packages/airflow/example_dags/example_dynamic_task_mapping.py for tasks to queue
[2025-10-22T12:12:21.319+0000] {logging_mixin.py:188} INFO - [2025-10-22T12:12:21.318+0000] {dagbag.py:545} INFO - Filling up the DagBag from /home/khaled/dbt-env/lib/python3.12/site-packages/airflow/example_dags/example_dynamic_task_mapping.py
[2025-10-22T12:12:21.345+0000] {processor.py:840} INFO - DAG(s) 'example_dynamic_task_mapping' retrieved from /home/khaled/dbt-env/lib/python3.12/site-packages/airflow/example_dags/example_dynamic_task_mapping.py
[2025-10-22T12:12:21.863+0000] {logging_mixin.py:188} INFO - [2025-10-22T12:12:21.863+0000] {dag.py:3089} INFO - Sync 1 DAGs
[2025-10-22T12:12:21.943+0000] {logging_mixin.py:188} INFO - [2025-10-22T12:12:21.943+0000] {dag.py:3947} INFO - Setting next_dagrun for example_dynamic_task_mapping to 2022-03-04 00:00:00+00:00, run_after=2022-03-05 00:00:00+00:00
[2025-10-22T12:12:22.044+0000] {processor.py:183} INFO - Processing /home/khaled/dbt-env/lib/python3.12/site-packages/airflow/example_dags/example_dynamic_task_mapping.py took 0.761 seconds
[2025-10-22T12:13:50.041+0000] {processor.py:161} INFO - Started process (PID=9282) to work on /home/khaled/dbt-env/lib/python3.12/site-packages/airflow/example_dags/example_dynamic_task_mapping.py
[2025-10-22T12:13:50.054+0000] {processor.py:830} INFO - Processing file /home/khaled/dbt-env/lib/python3.12/site-packages/airflow/example_dags/example_dynamic_task_mapping.py for tasks to queue
[2025-10-22T12:13:50.060+0000] {logging_mixin.py:188} INFO - [2025-10-22T12:13:50.060+0000] {dagbag.py:545} INFO - Filling up the DagBag from /home/khaled/dbt-env/lib/python3.12/site-packages/airflow/example_dags/example_dynamic_task_mapping.py
[2025-10-22T12:13:50.071+0000] {processor.py:840} INFO - DAG(s) 'example_dynamic_task_mapping' retrieved from /home/khaled/dbt-env/lib/python3.12/site-packages/airflow/example_dags/example_dynamic_task_mapping.py
[2025-10-22T12:13:50.090+0000] {logging_mixin.py:188} INFO - [2025-10-22T12:13:50.090+0000] {dag.py:3089} INFO - Sync 1 DAGs
[2025-10-22T12:13:50.111+0000] {logging_mixin.py:188} INFO - [2025-10-22T12:13:50.111+0000] {dag.py:3947} INFO - Setting next_dagrun for example_dynamic_task_mapping to 2022-03-04 00:00:00+00:00, run_after=2022-03-05 00:00:00+00:00
[2025-10-22T12:13:50.142+0000] {processor.py:183} INFO - Processing /home/khaled/dbt-env/lib/python3.12/site-packages/airflow/example_dags/example_dynamic_task_mapping.py took 0.116 seconds
[2025-10-22T12:14:47.329+0000] {processor.py:161} INFO - Started process (PID=9347) to work on /home/khaled/dbt-env/lib/python3.12/site-packages/airflow/example_dags/example_dynamic_task_mapping.py
[2025-10-22T12:14:47.339+0000] {processor.py:830} INFO - Processing file /home/khaled/dbt-env/lib/python3.12/site-packages/airflow/example_dags/example_dynamic_task_mapping.py for tasks to queue
[2025-10-22T12:14:47.341+0000] {logging_mixin.py:188} INFO - [2025-10-22T12:14:47.341+0000] {dagbag.py:545} INFO - Filling up the DagBag from /home/khaled/dbt-env/lib/python3.12/site-packages/airflow/example_dags/example_dynamic_task_mapping.py
[2025-10-22T12:14:47.348+0000] {processor.py:840} INFO - DAG(s) 'example_dynamic_task_mapping' retrieved from /home/khaled/dbt-env/lib/python3.12/site-packages/airflow/example_dags/example_dynamic_task_mapping.py
[2025-10-22T12:14:47.375+0000] {logging_mixin.py:188} INFO - [2025-10-22T12:14:47.374+0000] {dag.py:3089} INFO - Sync 1 DAGs
[2025-10-22T12:14:47.389+0000] {logging_mixin.py:188} INFO - [2025-10-22T12:14:47.389+0000] {dag.py:3947} INFO - Setting next_dagrun for example_dynamic_task_mapping to 2022-03-04 00:00:00+00:00, run_after=2022-03-05 00:00:00+00:00
[2025-10-22T12:14:47.413+0000] {processor.py:183} INFO - Processing /home/khaled/dbt-env/lib/python3.12/site-packages/airflow/example_dags/example_dynamic_task_mapping.py took 0.091 seconds
[2025-10-22T12:15:40.872+0000] {processor.py:161} INFO - Started process (PID=9617) to work on /home/khaled/dbt-env/lib/python3.12/site-packages/airflow/example_dags/example_dynamic_task_mapping.py
[2025-10-22T12:15:40.874+0000] {processor.py:830} INFO - Processing file /home/khaled/dbt-env/lib/python3.12/site-packages/airflow/example_dags/example_dynamic_task_mapping.py for tasks to queue
[2025-10-22T12:15:40.876+0000] {logging_mixin.py:188} INFO - [2025-10-22T12:15:40.875+0000] {dagbag.py:545} INFO - Filling up the DagBag from /home/khaled/dbt-env/lib/python3.12/site-packages/airflow/example_dags/example_dynamic_task_mapping.py
[2025-10-22T12:15:40.881+0000] {processor.py:840} INFO - DAG(s) 'example_dynamic_task_mapping' retrieved from /home/khaled/dbt-env/lib/python3.12/site-packages/airflow/example_dags/example_dynamic_task_mapping.py
[2025-10-22T12:15:40.891+0000] {logging_mixin.py:188} INFO - [2025-10-22T12:15:40.891+0000] {dag.py:3089} INFO - Sync 1 DAGs
[2025-10-22T12:15:40.905+0000] {logging_mixin.py:188} INFO - [2025-10-22T12:15:40.905+0000] {dag.py:3947} INFO - Setting next_dagrun for example_dynamic_task_mapping to 2022-03-04 00:00:00+00:00, run_after=2022-03-05 00:00:00+00:00
[2025-10-22T12:15:40.945+0000] {processor.py:183} INFO - Processing /home/khaled/dbt-env/lib/python3.12/site-packages/airflow/example_dags/example_dynamic_task_mapping.py took 0.076 seconds
[2025-10-22T12:16:34.188+0000] {processor.py:161} INFO - Started process (PID=9678) to work on /home/khaled/dbt-env/lib/python3.12/site-packages/airflow/example_dags/example_dynamic_task_mapping.py
[2025-10-22T12:16:34.191+0000] {processor.py:830} INFO - Processing file /home/khaled/dbt-env/lib/python3.12/site-packages/airflow/example_dags/example_dynamic_task_mapping.py for tasks to queue
[2025-10-22T12:16:34.192+0000] {logging_mixin.py:188} INFO - [2025-10-22T12:16:34.192+0000] {dagbag.py:545} INFO - Filling up the DagBag from /home/khaled/dbt-env/lib/python3.12/site-packages/airflow/example_dags/example_dynamic_task_mapping.py
[2025-10-22T12:16:34.198+0000] {processor.py:840} INFO - DAG(s) 'example_dynamic_task_mapping' retrieved from /home/khaled/dbt-env/lib/python3.12/site-packages/airflow/example_dags/example_dynamic_task_mapping.py
[2025-10-22T12:16:34.213+0000] {logging_mixin.py:188} INFO - [2025-10-22T12:16:34.212+0000] {dag.py:3089} INFO - Sync 1 DAGs
[2025-10-22T12:16:34.231+0000] {logging_mixin.py:188} INFO - [2025-10-22T12:16:34.231+0000] {dag.py:3947} INFO - Setting next_dagrun for example_dynamic_task_mapping to 2022-03-04 00:00:00+00:00, run_after=2022-03-05 00:00:00+00:00
[2025-10-22T12:16:34.271+0000] {processor.py:183} INFO - Processing /home/khaled/dbt-env/lib/python3.12/site-packages/airflow/example_dags/example_dynamic_task_mapping.py took 0.088 seconds
[2025-10-22T12:17:57.724+0000] {processor.py:161} INFO - Started process (PID=10212) to work on /home/khaled/dbt-env/lib/python3.12/site-packages/airflow/example_dags/example_dynamic_task_mapping.py
[2025-10-22T12:17:57.726+0000] {processor.py:830} INFO - Processing file /home/khaled/dbt-env/lib/python3.12/site-packages/airflow/example_dags/example_dynamic_task_mapping.py for tasks to queue
[2025-10-22T12:17:57.727+0000] {logging_mixin.py:188} INFO - [2025-10-22T12:17:57.727+0000] {dagbag.py:545} INFO - Filling up the DagBag from /home/khaled/dbt-env/lib/python3.12/site-packages/airflow/example_dags/example_dynamic_task_mapping.py
[2025-10-22T12:17:57.733+0000] {processor.py:840} INFO - DAG(s) 'example_dynamic_task_mapping' retrieved from /home/khaled/dbt-env/lib/python3.12/site-packages/airflow/example_dags/example_dynamic_task_mapping.py
[2025-10-22T12:17:57.744+0000] {logging_mixin.py:188} INFO - [2025-10-22T12:17:57.744+0000] {dag.py:3089} INFO - Sync 1 DAGs
[2025-10-22T12:17:57.757+0000] {logging_mixin.py:188} INFO - [2025-10-22T12:17:57.757+0000] {dag.py:3947} INFO - Setting next_dagrun for example_dynamic_task_mapping to 2022-03-04 00:00:00+00:00, run_after=2022-03-05 00:00:00+00:00
[2025-10-22T12:17:57.788+0000] {processor.py:183} INFO - Processing /home/khaled/dbt-env/lib/python3.12/site-packages/airflow/example_dags/example_dynamic_task_mapping.py took 0.069 seconds
[2025-10-22T12:22:47.773+0000] {processor.py:161} INFO - Started process (PID=10700) to work on /home/khaled/dbt-env/lib/python3.12/site-packages/airflow/example_dags/example_dynamic_task_mapping.py
[2025-10-22T12:22:47.785+0000] {processor.py:830} INFO - Processing file /home/khaled/dbt-env/lib/python3.12/site-packages/airflow/example_dags/example_dynamic_task_mapping.py for tasks to queue
[2025-10-22T12:22:47.786+0000] {logging_mixin.py:188} INFO - [2025-10-22T12:22:47.786+0000] {dagbag.py:545} INFO - Filling up the DagBag from /home/khaled/dbt-env/lib/python3.12/site-packages/airflow/example_dags/example_dynamic_task_mapping.py
[2025-10-22T12:22:47.791+0000] {processor.py:840} INFO - DAG(s) 'example_dynamic_task_mapping' retrieved from /home/khaled/dbt-env/lib/python3.12/site-packages/airflow/example_dags/example_dynamic_task_mapping.py
[2025-10-22T12:22:47.802+0000] {logging_mixin.py:188} INFO - [2025-10-22T12:22:47.801+0000] {dag.py:3089} INFO - Sync 1 DAGs
[2025-10-22T12:22:47.812+0000] {logging_mixin.py:188} INFO - [2025-10-22T12:22:47.812+0000] {dag.py:3947} INFO - Setting next_dagrun for example_dynamic_task_mapping to 2022-03-04 00:00:00+00:00, run_after=2022-03-05 00:00:00+00:00
[2025-10-22T12:22:47.832+0000] {processor.py:183} INFO - Processing /home/khaled/dbt-env/lib/python3.12/site-packages/airflow/example_dags/example_dynamic_task_mapping.py took 0.063 seconds
[2025-10-22T12:23:47.254+0000] {processor.py:161} INFO - Started process (PID=11208) to work on /home/khaled/dbt-env/lib/python3.12/site-packages/airflow/example_dags/example_dynamic_task_mapping.py
[2025-10-22T12:23:47.256+0000] {processor.py:830} INFO - Processing file /home/khaled/dbt-env/lib/python3.12/site-packages/airflow/example_dags/example_dynamic_task_mapping.py for tasks to queue
[2025-10-22T12:23:47.257+0000] {logging_mixin.py:188} INFO - [2025-10-22T12:23:47.257+0000] {dagbag.py:545} INFO - Filling up the DagBag from /home/khaled/dbt-env/lib/python3.12/site-packages/airflow/example_dags/example_dynamic_task_mapping.py
[2025-10-22T12:23:47.264+0000] {processor.py:840} INFO - DAG(s) 'example_dynamic_task_mapping' retrieved from /home/khaled/dbt-env/lib/python3.12/site-packages/airflow/example_dags/example_dynamic_task_mapping.py
[2025-10-22T12:23:47.276+0000] {logging_mixin.py:188} INFO - [2025-10-22T12:23:47.275+0000] {dag.py:3089} INFO - Sync 1 DAGs
[2025-10-22T12:23:47.291+0000] {logging_mixin.py:188} INFO - [2025-10-22T12:23:47.291+0000] {dag.py:3947} INFO - Setting next_dagrun for example_dynamic_task_mapping to 2022-03-04 00:00:00+00:00, run_after=2022-03-05 00:00:00+00:00
[2025-10-22T12:23:47.312+0000] {processor.py:183} INFO - Processing /home/khaled/dbt-env/lib/python3.12/site-packages/airflow/example_dags/example_dynamic_task_mapping.py took 0.063 seconds
[2025-10-22T12:24:40.478+0000] {processor.py:161} INFO - Started process (PID=11347) to work on /home/khaled/dbt-env/lib/python3.12/site-packages/airflow/example_dags/example_dynamic_task_mapping.py
[2025-10-22T12:24:40.480+0000] {processor.py:830} INFO - Processing file /home/khaled/dbt-env/lib/python3.12/site-packages/airflow/example_dags/example_dynamic_task_mapping.py for tasks to queue
[2025-10-22T12:24:40.482+0000] {logging_mixin.py:188} INFO - [2025-10-22T12:24:40.482+0000] {dagbag.py:545} INFO - Filling up the DagBag from /home/khaled/dbt-env/lib/python3.12/site-packages/airflow/example_dags/example_dynamic_task_mapping.py
[2025-10-22T12:24:40.486+0000] {processor.py:840} INFO - DAG(s) 'example_dynamic_task_mapping' retrieved from /home/khaled/dbt-env/lib/python3.12/site-packages/airflow/example_dags/example_dynamic_task_mapping.py
[2025-10-22T12:24:40.499+0000] {logging_mixin.py:188} INFO - [2025-10-22T12:24:40.499+0000] {dag.py:3089} INFO - Sync 1 DAGs
[2025-10-22T12:24:40.510+0000] {logging_mixin.py:188} INFO - [2025-10-22T12:24:40.510+0000] {dag.py:3947} INFO - Setting next_dagrun for example_dynamic_task_mapping to 2022-03-04 00:00:00+00:00, run_after=2022-03-05 00:00:00+00:00
[2025-10-22T12:24:40.545+0000] {processor.py:183} INFO - Processing /home/khaled/dbt-env/lib/python3.12/site-packages/airflow/example_dags/example_dynamic_task_mapping.py took 0.071 seconds
[2025-10-22T12:25:37.948+0000] {processor.py:161} INFO - Started process (PID=11429) to work on /home/khaled/dbt-env/lib/python3.12/site-packages/airflow/example_dags/example_dynamic_task_mapping.py
[2025-10-22T12:25:37.952+0000] {processor.py:830} INFO - Processing file /home/khaled/dbt-env/lib/python3.12/site-packages/airflow/example_dags/example_dynamic_task_mapping.py for tasks to queue
[2025-10-22T12:25:37.954+0000] {logging_mixin.py:188} INFO - [2025-10-22T12:25:37.953+0000] {dagbag.py:545} INFO - Filling up the DagBag from /home/khaled/dbt-env/lib/python3.12/site-packages/airflow/example_dags/example_dynamic_task_mapping.py
[2025-10-22T12:25:37.964+0000] {processor.py:840} INFO - DAG(s) 'example_dynamic_task_mapping' retrieved from /home/khaled/dbt-env/lib/python3.12/site-packages/airflow/example_dags/example_dynamic_task_mapping.py
[2025-10-22T12:25:37.985+0000] {logging_mixin.py:188} INFO - [2025-10-22T12:25:37.985+0000] {dag.py:3089} INFO - Sync 1 DAGs
[2025-10-22T12:25:38.004+0000] {logging_mixin.py:188} INFO - [2025-10-22T12:25:38.004+0000] {dag.py:3947} INFO - Setting next_dagrun for example_dynamic_task_mapping to 2022-03-04 00:00:00+00:00, run_after=2022-03-05 00:00:00+00:00
[2025-10-22T12:25:38.034+0000] {processor.py:183} INFO - Processing /home/khaled/dbt-env/lib/python3.12/site-packages/airflow/example_dags/example_dynamic_task_mapping.py took 0.099 seconds
[2025-10-22T12:26:36.035+0000] {processor.py:161} INFO - Started process (PID=11638) to work on /home/khaled/dbt-env/lib/python3.12/site-packages/airflow/example_dags/example_dynamic_task_mapping.py
[2025-10-22T12:26:36.037+0000] {processor.py:830} INFO - Processing file /home/khaled/dbt-env/lib/python3.12/site-packages/airflow/example_dags/example_dynamic_task_mapping.py for tasks to queue
[2025-10-22T12:26:36.038+0000] {logging_mixin.py:188} INFO - [2025-10-22T12:26:36.038+0000] {dagbag.py:545} INFO - Filling up the DagBag from /home/khaled/dbt-env/lib/python3.12/site-packages/airflow/example_dags/example_dynamic_task_mapping.py
[2025-10-22T12:26:36.044+0000] {processor.py:840} INFO - DAG(s) 'example_dynamic_task_mapping' retrieved from /home/khaled/dbt-env/lib/python3.12/site-packages/airflow/example_dags/example_dynamic_task_mapping.py
[2025-10-22T12:26:36.056+0000] {logging_mixin.py:188} INFO - [2025-10-22T12:26:36.056+0000] {dag.py:3089} INFO - Sync 1 DAGs
[2025-10-22T12:26:36.070+0000] {logging_mixin.py:188} INFO - [2025-10-22T12:26:36.070+0000] {dag.py:3947} INFO - Setting next_dagrun for example_dynamic_task_mapping to 2022-03-04 00:00:00+00:00, run_after=2022-03-05 00:00:00+00:00
[2025-10-22T12:26:36.093+0000] {processor.py:183} INFO - Processing /home/khaled/dbt-env/lib/python3.12/site-packages/airflow/example_dags/example_dynamic_task_mapping.py took 0.063 seconds
[2025-10-22T12:27:49.827+0000] {processor.py:161} INFO - Started process (PID=12069) to work on /home/khaled/dbt-env/lib/python3.12/site-packages/airflow/example_dags/example_dynamic_task_mapping.py
[2025-10-22T12:27:49.828+0000] {processor.py:830} INFO - Processing file /home/khaled/dbt-env/lib/python3.12/site-packages/airflow/example_dags/example_dynamic_task_mapping.py for tasks to queue
[2025-10-22T12:27:49.829+0000] {logging_mixin.py:188} INFO - [2025-10-22T12:27:49.829+0000] {dagbag.py:545} INFO - Filling up the DagBag from /home/khaled/dbt-env/lib/python3.12/site-packages/airflow/example_dags/example_dynamic_task_mapping.py
[2025-10-22T12:27:49.835+0000] {processor.py:840} INFO - DAG(s) 'example_dynamic_task_mapping' retrieved from /home/khaled/dbt-env/lib/python3.12/site-packages/airflow/example_dags/example_dynamic_task_mapping.py
[2025-10-22T12:27:49.851+0000] {logging_mixin.py:188} INFO - [2025-10-22T12:27:49.850+0000] {dag.py:3089} INFO - Sync 1 DAGs
[2025-10-22T12:27:49.864+0000] {logging_mixin.py:188} INFO - [2025-10-22T12:27:49.863+0000] {dag.py:3947} INFO - Setting next_dagrun for example_dynamic_task_mapping to 2022-03-04 00:00:00+00:00, run_after=2022-03-05 00:00:00+00:00
[2025-10-22T12:27:49.900+0000] {processor.py:183} INFO - Processing /home/khaled/dbt-env/lib/python3.12/site-packages/airflow/example_dags/example_dynamic_task_mapping.py took 0.078 seconds
[2025-10-22T12:28:48.163+0000] {processor.py:161} INFO - Started process (PID=12286) to work on /home/khaled/dbt-env/lib/python3.12/site-packages/airflow/example_dags/example_dynamic_task_mapping.py
[2025-10-22T12:28:48.165+0000] {processor.py:830} INFO - Processing file /home/khaled/dbt-env/lib/python3.12/site-packages/airflow/example_dags/example_dynamic_task_mapping.py for tasks to queue
[2025-10-22T12:28:48.167+0000] {logging_mixin.py:188} INFO - [2025-10-22T12:28:48.167+0000] {dagbag.py:545} INFO - Filling up the DagBag from /home/khaled/dbt-env/lib/python3.12/site-packages/airflow/example_dags/example_dynamic_task_mapping.py
[2025-10-22T12:28:48.172+0000] {processor.py:840} INFO - DAG(s) 'example_dynamic_task_mapping' retrieved from /home/khaled/dbt-env/lib/python3.12/site-packages/airflow/example_dags/example_dynamic_task_mapping.py
[2025-10-22T12:28:48.182+0000] {logging_mixin.py:188} INFO - [2025-10-22T12:28:48.182+0000] {dag.py:3089} INFO - Sync 1 DAGs
[2025-10-22T12:28:48.198+0000] {logging_mixin.py:188} INFO - [2025-10-22T12:28:48.197+0000] {dag.py:3947} INFO - Setting next_dagrun for example_dynamic_task_mapping to 2022-03-04 00:00:00+00:00, run_after=2022-03-05 00:00:00+00:00
[2025-10-22T12:28:48.218+0000] {processor.py:183} INFO - Processing /home/khaled/dbt-env/lib/python3.12/site-packages/airflow/example_dags/example_dynamic_task_mapping.py took 0.060 seconds
[2025-10-22T12:29:44.870+0000] {processor.py:161} INFO - Started process (PID=12482) to work on /home/khaled/dbt-env/lib/python3.12/site-packages/airflow/example_dags/example_dynamic_task_mapping.py
[2025-10-22T12:29:44.882+0000] {processor.py:830} INFO - Processing file /home/khaled/dbt-env/lib/python3.12/site-packages/airflow/example_dags/example_dynamic_task_mapping.py for tasks to queue
[2025-10-22T12:29:44.883+0000] {logging_mixin.py:188} INFO - [2025-10-22T12:29:44.883+0000] {dagbag.py:545} INFO - Filling up the DagBag from /home/khaled/dbt-env/lib/python3.12/site-packages/airflow/example_dags/example_dynamic_task_mapping.py
[2025-10-22T12:29:44.889+0000] {processor.py:840} INFO - DAG(s) 'example_dynamic_task_mapping' retrieved from /home/khaled/dbt-env/lib/python3.12/site-packages/airflow/example_dags/example_dynamic_task_mapping.py
[2025-10-22T12:29:44.902+0000] {logging_mixin.py:188} INFO - [2025-10-22T12:29:44.902+0000] {dag.py:3089} INFO - Sync 1 DAGs
[2025-10-22T12:29:44.915+0000] {logging_mixin.py:188} INFO - [2025-10-22T12:29:44.914+0000] {dag.py:3947} INFO - Setting next_dagrun for example_dynamic_task_mapping to 2022-03-04 00:00:00+00:00, run_after=2022-03-05 00:00:00+00:00
[2025-10-22T12:29:45.036+0000] {processor.py:183} INFO - Processing /home/khaled/dbt-env/lib/python3.12/site-packages/airflow/example_dags/example_dynamic_task_mapping.py took 0.172 seconds
[2025-10-22T12:30:38.007+0000] {processor.py:161} INFO - Started process (PID=12548) to work on /home/khaled/dbt-env/lib/python3.12/site-packages/airflow/example_dags/example_dynamic_task_mapping.py
[2025-10-22T12:30:38.009+0000] {processor.py:830} INFO - Processing file /home/khaled/dbt-env/lib/python3.12/site-packages/airflow/example_dags/example_dynamic_task_mapping.py for tasks to queue
[2025-10-22T12:30:38.011+0000] {logging_mixin.py:188} INFO - [2025-10-22T12:30:38.010+0000] {dagbag.py:545} INFO - Filling up the DagBag from /home/khaled/dbt-env/lib/python3.12/site-packages/airflow/example_dags/example_dynamic_task_mapping.py
[2025-10-22T12:30:38.016+0000] {processor.py:840} INFO - DAG(s) 'example_dynamic_task_mapping' retrieved from /home/khaled/dbt-env/lib/python3.12/site-packages/airflow/example_dags/example_dynamic_task_mapping.py
[2025-10-22T12:30:38.029+0000] {logging_mixin.py:188} INFO - [2025-10-22T12:30:38.029+0000] {dag.py:3089} INFO - Sync 1 DAGs
[2025-10-22T12:30:38.045+0000] {logging_mixin.py:188} INFO - [2025-10-22T12:30:38.045+0000] {dag.py:3947} INFO - Setting next_dagrun for example_dynamic_task_mapping to 2022-03-04 00:00:00+00:00, run_after=2022-03-05 00:00:00+00:00
[2025-10-22T12:30:38.076+0000] {processor.py:183} INFO - Processing /home/khaled/dbt-env/lib/python3.12/site-packages/airflow/example_dags/example_dynamic_task_mapping.py took 0.074 seconds
[2025-10-22T12:31:53.906+0000] {processor.py:161} INFO - Started process (PID=12654) to work on /home/khaled/dbt-env/lib/python3.12/site-packages/airflow/example_dags/example_dynamic_task_mapping.py
[2025-10-22T12:31:53.909+0000] {processor.py:830} INFO - Processing file /home/khaled/dbt-env/lib/python3.12/site-packages/airflow/example_dags/example_dynamic_task_mapping.py for tasks to queue
[2025-10-22T12:31:53.915+0000] {logging_mixin.py:188} INFO - [2025-10-22T12:31:53.912+0000] {dagbag.py:545} INFO - Filling up the DagBag from /home/khaled/dbt-env/lib/python3.12/site-packages/airflow/example_dags/example_dynamic_task_mapping.py
[2025-10-22T12:31:53.939+0000] {processor.py:840} INFO - DAG(s) 'example_dynamic_task_mapping' retrieved from /home/khaled/dbt-env/lib/python3.12/site-packages/airflow/example_dags/example_dynamic_task_mapping.py
[2025-10-22T12:31:53.963+0000] {logging_mixin.py:188} INFO - [2025-10-22T12:31:53.963+0000] {dag.py:3089} INFO - Sync 1 DAGs
[2025-10-22T12:31:54.009+0000] {logging_mixin.py:188} INFO - [2025-10-22T12:31:54.008+0000] {dag.py:3947} INFO - Setting next_dagrun for example_dynamic_task_mapping to 2022-03-04 00:00:00+00:00, run_after=2022-03-05 00:00:00+00:00
[2025-10-22T12:31:54.085+0000] {processor.py:183} INFO - Processing /home/khaled/dbt-env/lib/python3.12/site-packages/airflow/example_dags/example_dynamic_task_mapping.py took 0.186 seconds
[2025-10-22T12:37:15.482+0000] {processor.py:161} INFO - Started process (PID=13171) to work on /home/khaled/dbt-env/lib/python3.12/site-packages/airflow/example_dags/example_dynamic_task_mapping.py
[2025-10-22T12:37:15.483+0000] {processor.py:830} INFO - Processing file /home/khaled/dbt-env/lib/python3.12/site-packages/airflow/example_dags/example_dynamic_task_mapping.py for tasks to queue
[2025-10-22T12:37:15.485+0000] {logging_mixin.py:188} INFO - [2025-10-22T12:37:15.484+0000] {dagbag.py:545} INFO - Filling up the DagBag from /home/khaled/dbt-env/lib/python3.12/site-packages/airflow/example_dags/example_dynamic_task_mapping.py
[2025-10-22T12:37:15.490+0000] {processor.py:840} INFO - DAG(s) 'example_dynamic_task_mapping' retrieved from /home/khaled/dbt-env/lib/python3.12/site-packages/airflow/example_dags/example_dynamic_task_mapping.py
[2025-10-22T12:37:15.500+0000] {logging_mixin.py:188} INFO - [2025-10-22T12:37:15.500+0000] {dag.py:3089} INFO - Sync 1 DAGs
[2025-10-22T12:37:15.516+0000] {logging_mixin.py:188} INFO - [2025-10-22T12:37:15.516+0000] {dag.py:3947} INFO - Setting next_dagrun for example_dynamic_task_mapping to 2022-03-04 00:00:00+00:00, run_after=2022-03-05 00:00:00+00:00
[2025-10-22T12:37:15.551+0000] {processor.py:183} INFO - Processing /home/khaled/dbt-env/lib/python3.12/site-packages/airflow/example_dags/example_dynamic_task_mapping.py took 0.074 seconds
[2025-10-22T12:38:36.370+0000] {processor.py:161} INFO - Started process (PID=13248) to work on /home/khaled/dbt-env/lib/python3.12/site-packages/airflow/example_dags/example_dynamic_task_mapping.py
[2025-10-22T12:38:36.376+0000] {processor.py:830} INFO - Processing file /home/khaled/dbt-env/lib/python3.12/site-packages/airflow/example_dags/example_dynamic_task_mapping.py for tasks to queue
[2025-10-22T12:38:36.377+0000] {logging_mixin.py:188} INFO - [2025-10-22T12:38:36.377+0000] {dagbag.py:545} INFO - Filling up the DagBag from /home/khaled/dbt-env/lib/python3.12/site-packages/airflow/example_dags/example_dynamic_task_mapping.py
[2025-10-22T12:38:36.382+0000] {processor.py:840} INFO - DAG(s) 'example_dynamic_task_mapping' retrieved from /home/khaled/dbt-env/lib/python3.12/site-packages/airflow/example_dags/example_dynamic_task_mapping.py
[2025-10-22T12:38:36.393+0000] {logging_mixin.py:188} INFO - [2025-10-22T12:38:36.393+0000] {dag.py:3089} INFO - Sync 1 DAGs
[2025-10-22T12:38:36.406+0000] {logging_mixin.py:188} INFO - [2025-10-22T12:38:36.406+0000] {dag.py:3947} INFO - Setting next_dagrun for example_dynamic_task_mapping to 2022-03-04 00:00:00+00:00, run_after=2022-03-05 00:00:00+00:00
[2025-10-22T12:38:36.442+0000] {processor.py:183} INFO - Processing /home/khaled/dbt-env/lib/python3.12/site-packages/airflow/example_dags/example_dynamic_task_mapping.py took 0.080 seconds
[2025-10-22T12:39:52.035+0000] {processor.py:161} INFO - Started process (PID=13311) to work on /home/khaled/dbt-env/lib/python3.12/site-packages/airflow/example_dags/example_dynamic_task_mapping.py
[2025-10-22T12:39:52.039+0000] {processor.py:830} INFO - Processing file /home/khaled/dbt-env/lib/python3.12/site-packages/airflow/example_dags/example_dynamic_task_mapping.py for tasks to queue
[2025-10-22T12:39:52.041+0000] {logging_mixin.py:188} INFO - [2025-10-22T12:39:52.041+0000] {dagbag.py:545} INFO - Filling up the DagBag from /home/khaled/dbt-env/lib/python3.12/site-packages/airflow/example_dags/example_dynamic_task_mapping.py
[2025-10-22T12:39:52.048+0000] {processor.py:840} INFO - DAG(s) 'example_dynamic_task_mapping' retrieved from /home/khaled/dbt-env/lib/python3.12/site-packages/airflow/example_dags/example_dynamic_task_mapping.py
[2025-10-22T12:39:52.157+0000] {logging_mixin.py:188} INFO - [2025-10-22T12:39:52.156+0000] {dag.py:3089} INFO - Sync 1 DAGs
[2025-10-22T12:39:52.170+0000] {logging_mixin.py:188} INFO - [2025-10-22T12:39:52.169+0000] {dag.py:3947} INFO - Setting next_dagrun for example_dynamic_task_mapping to 2022-03-04 00:00:00+00:00, run_after=2022-03-05 00:00:00+00:00
[2025-10-22T12:39:52.192+0000] {processor.py:183} INFO - Processing /home/khaled/dbt-env/lib/python3.12/site-packages/airflow/example_dags/example_dynamic_task_mapping.py took 0.168 seconds
