[2025-10-22T12:12:03.465+0000] {processor.py:161} INFO - Started process (PID=8194) to work on /home/khaled/dbt-env/lib/python3.12/site-packages/airflow/example_dags/example_setup_teardown_taskflow.py
[2025-10-22T12:12:03.466+0000] {processor.py:830} INFO - Processing file /home/khaled/dbt-env/lib/python3.12/site-packages/airflow/example_dags/example_setup_teardown_taskflow.py for tasks to queue
[2025-10-22T12:12:03.475+0000] {logging_mixin.py:188} INFO - [2025-10-22T12:12:03.472+0000] {dagbag.py:545} INFO - Filling up the DagBag from /home/khaled/dbt-env/lib/python3.12/site-packages/airflow/example_dags/example_setup_teardown_taskflow.py
[2025-10-22T12:12:03.490+0000] {processor.py:840} INFO - DAG(s) 'example_setup_teardown_taskflow' retrieved from /home/khaled/dbt-env/lib/python3.12/site-packages/airflow/example_dags/example_setup_teardown_taskflow.py
[2025-10-22T12:12:03.499+0000] {logging_mixin.py:188} INFO - [2025-10-22T12:12:03.498+0000] {dag.py:3089} INFO - Sync 1 DAGs
[2025-10-22T12:12:03.520+0000] {logging_mixin.py:188} INFO - [2025-10-22T12:12:03.520+0000] {dag.py:3947} INFO - Setting next_dagrun for example_setup_teardown_taskflow to 2025-10-21 00:00:00+00:00, run_after=2025-10-22 00:00:00+00:00
[2025-10-22T12:12:03.560+0000] {processor.py:183} INFO - Processing /home/khaled/dbt-env/lib/python3.12/site-packages/airflow/example_dags/example_setup_teardown_taskflow.py took 0.100 seconds
[2025-10-22T12:13:18.014+0000] {processor.py:161} INFO - Started process (PID=8957) to work on /home/khaled/dbt-env/lib/python3.12/site-packages/airflow/example_dags/example_setup_teardown_taskflow.py
[2025-10-22T12:13:18.031+0000] {processor.py:830} INFO - Processing file /home/khaled/dbt-env/lib/python3.12/site-packages/airflow/example_dags/example_setup_teardown_taskflow.py for tasks to queue
[2025-10-22T12:13:18.033+0000] {logging_mixin.py:188} INFO - [2025-10-22T12:13:18.033+0000] {dagbag.py:545} INFO - Filling up the DagBag from /home/khaled/dbt-env/lib/python3.12/site-packages/airflow/example_dags/example_setup_teardown_taskflow.py
[2025-10-22T12:13:18.057+0000] {processor.py:840} INFO - DAG(s) 'example_setup_teardown_taskflow' retrieved from /home/khaled/dbt-env/lib/python3.12/site-packages/airflow/example_dags/example_setup_teardown_taskflow.py
[2025-10-22T12:13:18.280+0000] {logging_mixin.py:188} INFO - [2025-10-22T12:13:18.279+0000] {dag.py:3089} INFO - Sync 1 DAGs
[2025-10-22T12:13:18.301+0000] {logging_mixin.py:188} INFO - [2025-10-22T12:13:18.301+0000] {dag.py:3947} INFO - Setting next_dagrun for example_setup_teardown_taskflow to 2025-10-21 00:00:00+00:00, run_after=2025-10-22 00:00:00+00:00
[2025-10-22T12:13:18.350+0000] {processor.py:183} INFO - Processing /home/khaled/dbt-env/lib/python3.12/site-packages/airflow/example_dags/example_setup_teardown_taskflow.py took 0.348 seconds
[2025-10-22T12:14:15.189+0000] {processor.py:161} INFO - Started process (PID=9309) to work on /home/khaled/dbt-env/lib/python3.12/site-packages/airflow/example_dags/example_setup_teardown_taskflow.py
[2025-10-22T12:14:15.200+0000] {processor.py:830} INFO - Processing file /home/khaled/dbt-env/lib/python3.12/site-packages/airflow/example_dags/example_setup_teardown_taskflow.py for tasks to queue
[2025-10-22T12:14:15.202+0000] {logging_mixin.py:188} INFO - [2025-10-22T12:14:15.202+0000] {dagbag.py:545} INFO - Filling up the DagBag from /home/khaled/dbt-env/lib/python3.12/site-packages/airflow/example_dags/example_setup_teardown_taskflow.py
[2025-10-22T12:14:15.228+0000] {processor.py:840} INFO - DAG(s) 'example_setup_teardown_taskflow' retrieved from /home/khaled/dbt-env/lib/python3.12/site-packages/airflow/example_dags/example_setup_teardown_taskflow.py
[2025-10-22T12:14:15.245+0000] {logging_mixin.py:188} INFO - [2025-10-22T12:14:15.244+0000] {dag.py:3089} INFO - Sync 1 DAGs
[2025-10-22T12:14:15.258+0000] {logging_mixin.py:188} INFO - [2025-10-22T12:14:15.258+0000] {dag.py:3947} INFO - Setting next_dagrun for example_setup_teardown_taskflow to 2025-10-21 00:00:00+00:00, run_after=2025-10-22 00:00:00+00:00
[2025-10-22T12:14:15.288+0000] {processor.py:183} INFO - Processing /home/khaled/dbt-env/lib/python3.12/site-packages/airflow/example_dags/example_setup_teardown_taskflow.py took 0.119 seconds
[2025-10-22T12:15:07.229+0000] {processor.py:161} INFO - Started process (PID=9482) to work on /home/khaled/dbt-env/lib/python3.12/site-packages/airflow/example_dags/example_setup_teardown_taskflow.py
[2025-10-22T12:15:07.247+0000] {processor.py:830} INFO - Processing file /home/khaled/dbt-env/lib/python3.12/site-packages/airflow/example_dags/example_setup_teardown_taskflow.py for tasks to queue
[2025-10-22T12:15:07.254+0000] {logging_mixin.py:188} INFO - [2025-10-22T12:15:07.254+0000] {dagbag.py:545} INFO - Filling up the DagBag from /home/khaled/dbt-env/lib/python3.12/site-packages/airflow/example_dags/example_setup_teardown_taskflow.py
[2025-10-22T12:15:07.280+0000] {processor.py:840} INFO - DAG(s) 'example_setup_teardown_taskflow' retrieved from /home/khaled/dbt-env/lib/python3.12/site-packages/airflow/example_dags/example_setup_teardown_taskflow.py
[2025-10-22T12:15:07.315+0000] {logging_mixin.py:188} INFO - [2025-10-22T12:15:07.315+0000] {dag.py:3089} INFO - Sync 1 DAGs
[2025-10-22T12:15:07.334+0000] {logging_mixin.py:188} INFO - [2025-10-22T12:15:07.334+0000] {dag.py:3947} INFO - Setting next_dagrun for example_setup_teardown_taskflow to 2025-10-21 00:00:00+00:00, run_after=2025-10-22 00:00:00+00:00
[2025-10-22T12:15:07.371+0000] {processor.py:183} INFO - Processing /home/khaled/dbt-env/lib/python3.12/site-packages/airflow/example_dags/example_setup_teardown_taskflow.py took 0.147 seconds
[2025-10-22T12:15:55.173+0000] {processor.py:161} INFO - Started process (PID=9631) to work on /home/khaled/dbt-env/lib/python3.12/site-packages/airflow/example_dags/example_setup_teardown_taskflow.py
[2025-10-22T12:15:55.174+0000] {processor.py:830} INFO - Processing file /home/khaled/dbt-env/lib/python3.12/site-packages/airflow/example_dags/example_setup_teardown_taskflow.py for tasks to queue
[2025-10-22T12:15:55.175+0000] {logging_mixin.py:188} INFO - [2025-10-22T12:15:55.175+0000] {dagbag.py:545} INFO - Filling up the DagBag from /home/khaled/dbt-env/lib/python3.12/site-packages/airflow/example_dags/example_setup_teardown_taskflow.py
[2025-10-22T12:15:55.184+0000] {processor.py:840} INFO - DAG(s) 'example_setup_teardown_taskflow' retrieved from /home/khaled/dbt-env/lib/python3.12/site-packages/airflow/example_dags/example_setup_teardown_taskflow.py
[2025-10-22T12:15:55.198+0000] {logging_mixin.py:188} INFO - [2025-10-22T12:15:55.198+0000] {dag.py:3089} INFO - Sync 1 DAGs
[2025-10-22T12:15:55.212+0000] {logging_mixin.py:188} INFO - [2025-10-22T12:15:55.212+0000] {dag.py:3947} INFO - Setting next_dagrun for example_setup_teardown_taskflow to 2025-10-21 00:00:00+00:00, run_after=2025-10-22 00:00:00+00:00
[2025-10-22T12:15:55.244+0000] {processor.py:183} INFO - Processing /home/khaled/dbt-env/lib/python3.12/site-packages/airflow/example_dags/example_setup_teardown_taskflow.py took 0.080 seconds
[2025-10-22T12:16:47.952+0000] {processor.py:161} INFO - Started process (PID=9786) to work on /home/khaled/dbt-env/lib/python3.12/site-packages/airflow/example_dags/example_setup_teardown_taskflow.py
[2025-10-22T12:16:47.953+0000] {processor.py:830} INFO - Processing file /home/khaled/dbt-env/lib/python3.12/site-packages/airflow/example_dags/example_setup_teardown_taskflow.py for tasks to queue
[2025-10-22T12:16:47.954+0000] {logging_mixin.py:188} INFO - [2025-10-22T12:16:47.954+0000] {dagbag.py:545} INFO - Filling up the DagBag from /home/khaled/dbt-env/lib/python3.12/site-packages/airflow/example_dags/example_setup_teardown_taskflow.py
[2025-10-22T12:16:47.963+0000] {processor.py:840} INFO - DAG(s) 'example_setup_teardown_taskflow' retrieved from /home/khaled/dbt-env/lib/python3.12/site-packages/airflow/example_dags/example_setup_teardown_taskflow.py
[2025-10-22T12:16:47.978+0000] {logging_mixin.py:188} INFO - [2025-10-22T12:16:47.977+0000] {dag.py:3089} INFO - Sync 1 DAGs
[2025-10-22T12:16:47.993+0000] {logging_mixin.py:188} INFO - [2025-10-22T12:16:47.993+0000] {dag.py:3947} INFO - Setting next_dagrun for example_setup_teardown_taskflow to 2025-10-21 00:00:00+00:00, run_after=2025-10-22 00:00:00+00:00
[2025-10-22T12:16:48.028+0000] {processor.py:183} INFO - Processing /home/khaled/dbt-env/lib/python3.12/site-packages/airflow/example_dags/example_setup_teardown_taskflow.py took 0.087 seconds
[2025-10-22T12:17:45.466+0000] {processor.py:161} INFO - Started process (PID=10060) to work on /home/khaled/dbt-env/lib/python3.12/site-packages/airflow/example_dags/example_setup_teardown_taskflow.py
[2025-10-22T12:17:45.478+0000] {processor.py:830} INFO - Processing file /home/khaled/dbt-env/lib/python3.12/site-packages/airflow/example_dags/example_setup_teardown_taskflow.py for tasks to queue
[2025-10-22T12:17:45.481+0000] {logging_mixin.py:188} INFO - [2025-10-22T12:17:45.481+0000] {dagbag.py:545} INFO - Filling up the DagBag from /home/khaled/dbt-env/lib/python3.12/site-packages/airflow/example_dags/example_setup_teardown_taskflow.py
[2025-10-22T12:17:45.494+0000] {processor.py:840} INFO - DAG(s) 'example_setup_teardown_taskflow' retrieved from /home/khaled/dbt-env/lib/python3.12/site-packages/airflow/example_dags/example_setup_teardown_taskflow.py
[2025-10-22T12:17:45.513+0000] {logging_mixin.py:188} INFO - [2025-10-22T12:17:45.512+0000] {dag.py:3089} INFO - Sync 1 DAGs
[2025-10-22T12:17:45.561+0000] {logging_mixin.py:188} INFO - [2025-10-22T12:17:45.561+0000] {dag.py:3947} INFO - Setting next_dagrun for example_setup_teardown_taskflow to 2025-10-21 00:00:00+00:00, run_after=2025-10-22 00:00:00+00:00
[2025-10-22T12:17:45.604+0000] {processor.py:183} INFO - Processing /home/khaled/dbt-env/lib/python3.12/site-packages/airflow/example_dags/example_setup_teardown_taskflow.py took 0.143 seconds
[2025-10-22T12:19:25.341+0000] {processor.py:161} INFO - Started process (PID=10365) to work on /home/khaled/dbt-env/lib/python3.12/site-packages/airflow/example_dags/example_setup_teardown_taskflow.py
[2025-10-22T12:19:25.343+0000] {processor.py:830} INFO - Processing file /home/khaled/dbt-env/lib/python3.12/site-packages/airflow/example_dags/example_setup_teardown_taskflow.py for tasks to queue
[2025-10-22T12:19:25.344+0000] {logging_mixin.py:188} INFO - [2025-10-22T12:19:25.344+0000] {dagbag.py:545} INFO - Filling up the DagBag from /home/khaled/dbt-env/lib/python3.12/site-packages/airflow/example_dags/example_setup_teardown_taskflow.py
[2025-10-22T12:19:25.354+0000] {processor.py:840} INFO - DAG(s) 'example_setup_teardown_taskflow' retrieved from /home/khaled/dbt-env/lib/python3.12/site-packages/airflow/example_dags/example_setup_teardown_taskflow.py
[2025-10-22T12:19:25.371+0000] {logging_mixin.py:188} INFO - [2025-10-22T12:19:25.371+0000] {dag.py:3089} INFO - Sync 1 DAGs
[2025-10-22T12:19:25.390+0000] {logging_mixin.py:188} INFO - [2025-10-22T12:19:25.389+0000] {dag.py:3947} INFO - Setting next_dagrun for example_setup_teardown_taskflow to 2025-10-21 00:00:00+00:00, run_after=2025-10-22 00:00:00+00:00
[2025-10-22T12:19:25.414+0000] {processor.py:183} INFO - Processing /home/khaled/dbt-env/lib/python3.12/site-packages/airflow/example_dags/example_setup_teardown_taskflow.py took 0.078 seconds
[2025-10-22T12:22:31.595+0000] {processor.py:161} INFO - Started process (PID=10650) to work on /home/khaled/dbt-env/lib/python3.12/site-packages/airflow/example_dags/example_setup_teardown_taskflow.py
[2025-10-22T12:22:31.608+0000] {processor.py:830} INFO - Processing file /home/khaled/dbt-env/lib/python3.12/site-packages/airflow/example_dags/example_setup_teardown_taskflow.py for tasks to queue
[2025-10-22T12:22:31.609+0000] {logging_mixin.py:188} INFO - [2025-10-22T12:22:31.609+0000] {dagbag.py:545} INFO - Filling up the DagBag from /home/khaled/dbt-env/lib/python3.12/site-packages/airflow/example_dags/example_setup_teardown_taskflow.py
[2025-10-22T12:22:31.616+0000] {processor.py:840} INFO - DAG(s) 'example_setup_teardown_taskflow' retrieved from /home/khaled/dbt-env/lib/python3.12/site-packages/airflow/example_dags/example_setup_teardown_taskflow.py
[2025-10-22T12:22:31.631+0000] {logging_mixin.py:188} INFO - [2025-10-22T12:22:31.631+0000] {dag.py:3089} INFO - Sync 1 DAGs
[2025-10-22T12:22:31.645+0000] {logging_mixin.py:188} INFO - [2025-10-22T12:22:31.644+0000] {dag.py:3947} INFO - Setting next_dagrun for example_setup_teardown_taskflow to 2025-10-21 00:00:00+00:00, run_after=2025-10-22 00:00:00+00:00
[2025-10-22T12:22:31.663+0000] {processor.py:183} INFO - Processing /home/khaled/dbt-env/lib/python3.12/site-packages/airflow/example_dags/example_setup_teardown_taskflow.py took 0.071 seconds
[2025-10-22T12:23:30.408+0000] {processor.py:161} INFO - Started process (PID=11125) to work on /home/khaled/dbt-env/lib/python3.12/site-packages/airflow/example_dags/example_setup_teardown_taskflow.py
[2025-10-22T12:23:30.420+0000] {processor.py:830} INFO - Processing file /home/khaled/dbt-env/lib/python3.12/site-packages/airflow/example_dags/example_setup_teardown_taskflow.py for tasks to queue
[2025-10-22T12:23:30.422+0000] {logging_mixin.py:188} INFO - [2025-10-22T12:23:30.421+0000] {dagbag.py:545} INFO - Filling up the DagBag from /home/khaled/dbt-env/lib/python3.12/site-packages/airflow/example_dags/example_setup_teardown_taskflow.py
[2025-10-22T12:23:30.429+0000] {processor.py:840} INFO - DAG(s) 'example_setup_teardown_taskflow' retrieved from /home/khaled/dbt-env/lib/python3.12/site-packages/airflow/example_dags/example_setup_teardown_taskflow.py
[2025-10-22T12:23:30.444+0000] {logging_mixin.py:188} INFO - [2025-10-22T12:23:30.444+0000] {dag.py:3089} INFO - Sync 1 DAGs
[2025-10-22T12:23:30.458+0000] {logging_mixin.py:188} INFO - [2025-10-22T12:23:30.458+0000] {dag.py:3947} INFO - Setting next_dagrun for example_setup_teardown_taskflow to 2025-10-21 00:00:00+00:00, run_after=2025-10-22 00:00:00+00:00
[2025-10-22T12:23:30.479+0000] {processor.py:183} INFO - Processing /home/khaled/dbt-env/lib/python3.12/site-packages/airflow/example_dags/example_setup_teardown_taskflow.py took 0.076 seconds
[2025-10-22T12:24:25.766+0000] {processor.py:161} INFO - Started process (PID=11287) to work on /home/khaled/dbt-env/lib/python3.12/site-packages/airflow/example_dags/example_setup_teardown_taskflow.py
[2025-10-22T12:24:25.767+0000] {processor.py:830} INFO - Processing file /home/khaled/dbt-env/lib/python3.12/site-packages/airflow/example_dags/example_setup_teardown_taskflow.py for tasks to queue
[2025-10-22T12:24:25.768+0000] {logging_mixin.py:188} INFO - [2025-10-22T12:24:25.768+0000] {dagbag.py:545} INFO - Filling up the DagBag from /home/khaled/dbt-env/lib/python3.12/site-packages/airflow/example_dags/example_setup_teardown_taskflow.py
[2025-10-22T12:24:25.774+0000] {processor.py:840} INFO - DAG(s) 'example_setup_teardown_taskflow' retrieved from /home/khaled/dbt-env/lib/python3.12/site-packages/airflow/example_dags/example_setup_teardown_taskflow.py
[2025-10-22T12:24:25.791+0000] {logging_mixin.py:188} INFO - [2025-10-22T12:24:25.791+0000] {dag.py:3089} INFO - Sync 1 DAGs
[2025-10-22T12:24:25.818+0000] {logging_mixin.py:188} INFO - [2025-10-22T12:24:25.817+0000] {dag.py:3947} INFO - Setting next_dagrun for example_setup_teardown_taskflow to 2025-10-21 00:00:00+00:00, run_after=2025-10-22 00:00:00+00:00
[2025-10-22T12:24:25.856+0000] {processor.py:183} INFO - Processing /home/khaled/dbt-env/lib/python3.12/site-packages/airflow/example_dags/example_setup_teardown_taskflow.py took 0.094 seconds
[2025-10-22T12:25:20.805+0000] {processor.py:161} INFO - Started process (PID=11404) to work on /home/khaled/dbt-env/lib/python3.12/site-packages/airflow/example_dags/example_setup_teardown_taskflow.py
[2025-10-22T12:25:20.809+0000] {processor.py:830} INFO - Processing file /home/khaled/dbt-env/lib/python3.12/site-packages/airflow/example_dags/example_setup_teardown_taskflow.py for tasks to queue
[2025-10-22T12:25:20.811+0000] {logging_mixin.py:188} INFO - [2025-10-22T12:25:20.811+0000] {dagbag.py:545} INFO - Filling up the DagBag from /home/khaled/dbt-env/lib/python3.12/site-packages/airflow/example_dags/example_setup_teardown_taskflow.py
[2025-10-22T12:25:20.824+0000] {processor.py:840} INFO - DAG(s) 'example_setup_teardown_taskflow' retrieved from /home/khaled/dbt-env/lib/python3.12/site-packages/airflow/example_dags/example_setup_teardown_taskflow.py
[2025-10-22T12:25:20.851+0000] {logging_mixin.py:188} INFO - [2025-10-22T12:25:20.849+0000] {dag.py:3089} INFO - Sync 1 DAGs
[2025-10-22T12:25:20.889+0000] {logging_mixin.py:188} INFO - [2025-10-22T12:25:20.889+0000] {dag.py:3947} INFO - Setting next_dagrun for example_setup_teardown_taskflow to 2025-10-21 00:00:00+00:00, run_after=2025-10-22 00:00:00+00:00
[2025-10-22T12:25:20.918+0000] {processor.py:183} INFO - Processing /home/khaled/dbt-env/lib/python3.12/site-packages/airflow/example_dags/example_setup_teardown_taskflow.py took 0.118 seconds
[2025-10-22T12:26:19.969+0000] {processor.py:161} INFO - Started process (PID=11553) to work on /home/khaled/dbt-env/lib/python3.12/site-packages/airflow/example_dags/example_setup_teardown_taskflow.py
[2025-10-22T12:26:19.978+0000] {processor.py:830} INFO - Processing file /home/khaled/dbt-env/lib/python3.12/site-packages/airflow/example_dags/example_setup_teardown_taskflow.py for tasks to queue
[2025-10-22T12:26:19.981+0000] {logging_mixin.py:188} INFO - [2025-10-22T12:26:19.980+0000] {dagbag.py:545} INFO - Filling up the DagBag from /home/khaled/dbt-env/lib/python3.12/site-packages/airflow/example_dags/example_setup_teardown_taskflow.py
[2025-10-22T12:26:19.989+0000] {processor.py:840} INFO - DAG(s) 'example_setup_teardown_taskflow' retrieved from /home/khaled/dbt-env/lib/python3.12/site-packages/airflow/example_dags/example_setup_teardown_taskflow.py
[2025-10-22T12:26:20.004+0000] {logging_mixin.py:188} INFO - [2025-10-22T12:26:20.003+0000] {dag.py:3089} INFO - Sync 1 DAGs
[2025-10-22T12:26:20.019+0000] {logging_mixin.py:188} INFO - [2025-10-22T12:26:20.019+0000] {dag.py:3947} INFO - Setting next_dagrun for example_setup_teardown_taskflow to 2025-10-21 00:00:00+00:00, run_after=2025-10-22 00:00:00+00:00
[2025-10-22T12:26:20.039+0000] {processor.py:183} INFO - Processing /home/khaled/dbt-env/lib/python3.12/site-packages/airflow/example_dags/example_setup_teardown_taskflow.py took 0.081 seconds
[2025-10-22T12:27:34.177+0000] {processor.py:161} INFO - Started process (PID=11939) to work on /home/khaled/dbt-env/lib/python3.12/site-packages/airflow/example_dags/example_setup_teardown_taskflow.py
[2025-10-22T12:27:34.192+0000] {processor.py:830} INFO - Processing file /home/khaled/dbt-env/lib/python3.12/site-packages/airflow/example_dags/example_setup_teardown_taskflow.py for tasks to queue
[2025-10-22T12:27:34.194+0000] {logging_mixin.py:188} INFO - [2025-10-22T12:27:34.194+0000] {dagbag.py:545} INFO - Filling up the DagBag from /home/khaled/dbt-env/lib/python3.12/site-packages/airflow/example_dags/example_setup_teardown_taskflow.py
[2025-10-22T12:27:34.203+0000] {processor.py:840} INFO - DAG(s) 'example_setup_teardown_taskflow' retrieved from /home/khaled/dbt-env/lib/python3.12/site-packages/airflow/example_dags/example_setup_teardown_taskflow.py
[2025-10-22T12:27:34.223+0000] {logging_mixin.py:188} INFO - [2025-10-22T12:27:34.223+0000] {dag.py:3089} INFO - Sync 1 DAGs
[2025-10-22T12:27:34.254+0000] {logging_mixin.py:188} INFO - [2025-10-22T12:27:34.253+0000] {dag.py:3947} INFO - Setting next_dagrun for example_setup_teardown_taskflow to 2025-10-21 00:00:00+00:00, run_after=2025-10-22 00:00:00+00:00
[2025-10-22T12:27:34.288+0000] {processor.py:183} INFO - Processing /home/khaled/dbt-env/lib/python3.12/site-packages/airflow/example_dags/example_setup_teardown_taskflow.py took 0.116 seconds
[2025-10-22T12:28:29.791+0000] {processor.py:161} INFO - Started process (PID=12194) to work on /home/khaled/dbt-env/lib/python3.12/site-packages/airflow/example_dags/example_setup_teardown_taskflow.py
[2025-10-22T12:28:29.793+0000] {processor.py:830} INFO - Processing file /home/khaled/dbt-env/lib/python3.12/site-packages/airflow/example_dags/example_setup_teardown_taskflow.py for tasks to queue
[2025-10-22T12:28:29.794+0000] {logging_mixin.py:188} INFO - [2025-10-22T12:28:29.794+0000] {dagbag.py:545} INFO - Filling up the DagBag from /home/khaled/dbt-env/lib/python3.12/site-packages/airflow/example_dags/example_setup_teardown_taskflow.py
[2025-10-22T12:28:29.800+0000] {processor.py:840} INFO - DAG(s) 'example_setup_teardown_taskflow' retrieved from /home/khaled/dbt-env/lib/python3.12/site-packages/airflow/example_dags/example_setup_teardown_taskflow.py
[2025-10-22T12:28:29.810+0000] {logging_mixin.py:188} INFO - [2025-10-22T12:28:29.810+0000] {dag.py:3089} INFO - Sync 1 DAGs
[2025-10-22T12:28:29.822+0000] {logging_mixin.py:188} INFO - [2025-10-22T12:28:29.822+0000] {dag.py:3947} INFO - Setting next_dagrun for example_setup_teardown_taskflow to 2025-10-21 00:00:00+00:00, run_after=2025-10-22 00:00:00+00:00
[2025-10-22T12:28:29.848+0000] {processor.py:183} INFO - Processing /home/khaled/dbt-env/lib/python3.12/site-packages/airflow/example_dags/example_setup_teardown_taskflow.py took 0.062 seconds
[2025-10-22T12:29:28.630+0000] {processor.py:161} INFO - Started process (PID=12454) to work on /home/khaled/dbt-env/lib/python3.12/site-packages/airflow/example_dags/example_setup_teardown_taskflow.py
[2025-10-22T12:29:28.632+0000] {processor.py:830} INFO - Processing file /home/khaled/dbt-env/lib/python3.12/site-packages/airflow/example_dags/example_setup_teardown_taskflow.py for tasks to queue
[2025-10-22T12:29:28.634+0000] {logging_mixin.py:188} INFO - [2025-10-22T12:29:28.634+0000] {dagbag.py:545} INFO - Filling up the DagBag from /home/khaled/dbt-env/lib/python3.12/site-packages/airflow/example_dags/example_setup_teardown_taskflow.py
[2025-10-22T12:29:28.644+0000] {processor.py:840} INFO - DAG(s) 'example_setup_teardown_taskflow' retrieved from /home/khaled/dbt-env/lib/python3.12/site-packages/airflow/example_dags/example_setup_teardown_taskflow.py
[2025-10-22T12:29:28.661+0000] {logging_mixin.py:188} INFO - [2025-10-22T12:29:28.661+0000] {dag.py:3089} INFO - Sync 1 DAGs
[2025-10-22T12:29:28.678+0000] {logging_mixin.py:188} INFO - [2025-10-22T12:29:28.678+0000] {dag.py:3947} INFO - Setting next_dagrun for example_setup_teardown_taskflow to 2025-10-21 00:00:00+00:00, run_after=2025-10-22 00:00:00+00:00
[2025-10-22T12:29:28.715+0000] {processor.py:183} INFO - Processing /home/khaled/dbt-env/lib/python3.12/site-packages/airflow/example_dags/example_setup_teardown_taskflow.py took 0.094 seconds
[2025-10-22T12:30:21.675+0000] {processor.py:161} INFO - Started process (PID=12530) to work on /home/khaled/dbt-env/lib/python3.12/site-packages/airflow/example_dags/example_setup_teardown_taskflow.py
[2025-10-22T12:30:21.685+0000] {processor.py:830} INFO - Processing file /home/khaled/dbt-env/lib/python3.12/site-packages/airflow/example_dags/example_setup_teardown_taskflow.py for tasks to queue
[2025-10-22T12:30:21.687+0000] {logging_mixin.py:188} INFO - [2025-10-22T12:30:21.686+0000] {dagbag.py:545} INFO - Filling up the DagBag from /home/khaled/dbt-env/lib/python3.12/site-packages/airflow/example_dags/example_setup_teardown_taskflow.py
[2025-10-22T12:30:21.696+0000] {processor.py:840} INFO - DAG(s) 'example_setup_teardown_taskflow' retrieved from /home/khaled/dbt-env/lib/python3.12/site-packages/airflow/example_dags/example_setup_teardown_taskflow.py
[2025-10-22T12:30:21.708+0000] {logging_mixin.py:188} INFO - [2025-10-22T12:30:21.708+0000] {dag.py:3089} INFO - Sync 1 DAGs
[2025-10-22T12:30:21.726+0000] {logging_mixin.py:188} INFO - [2025-10-22T12:30:21.726+0000] {dag.py:3947} INFO - Setting next_dagrun for example_setup_teardown_taskflow to 2025-10-21 00:00:00+00:00, run_after=2025-10-22 00:00:00+00:00
[2025-10-22T12:30:21.744+0000] {processor.py:183} INFO - Processing /home/khaled/dbt-env/lib/python3.12/site-packages/airflow/example_dags/example_setup_teardown_taskflow.py took 0.074 seconds
[2025-10-22T12:31:10.217+0000] {processor.py:161} INFO - Started process (PID=12581) to work on /home/khaled/dbt-env/lib/python3.12/site-packages/airflow/example_dags/example_setup_teardown_taskflow.py
[2025-10-22T12:31:10.219+0000] {processor.py:830} INFO - Processing file /home/khaled/dbt-env/lib/python3.12/site-packages/airflow/example_dags/example_setup_teardown_taskflow.py for tasks to queue
[2025-10-22T12:31:10.220+0000] {logging_mixin.py:188} INFO - [2025-10-22T12:31:10.220+0000] {dagbag.py:545} INFO - Filling up the DagBag from /home/khaled/dbt-env/lib/python3.12/site-packages/airflow/example_dags/example_setup_teardown_taskflow.py
[2025-10-22T12:31:10.229+0000] {processor.py:840} INFO - DAG(s) 'example_setup_teardown_taskflow' retrieved from /home/khaled/dbt-env/lib/python3.12/site-packages/airflow/example_dags/example_setup_teardown_taskflow.py
[2025-10-22T12:31:10.242+0000] {logging_mixin.py:188} INFO - [2025-10-22T12:31:10.241+0000] {dag.py:3089} INFO - Sync 1 DAGs
[2025-10-22T12:31:10.256+0000] {logging_mixin.py:188} INFO - [2025-10-22T12:31:10.256+0000] {dag.py:3947} INFO - Setting next_dagrun for example_setup_teardown_taskflow to 2025-10-21 00:00:00+00:00, run_after=2025-10-22 00:00:00+00:00
[2025-10-22T12:31:10.382+0000] {processor.py:183} INFO - Processing /home/khaled/dbt-env/lib/python3.12/site-packages/airflow/example_dags/example_setup_teardown_taskflow.py took 0.170 seconds
[2025-10-22T12:32:38.694+0000] {processor.py:161} INFO - Started process (PID=12829) to work on /home/khaled/dbt-env/lib/python3.12/site-packages/airflow/example_dags/example_setup_teardown_taskflow.py
[2025-10-22T12:32:38.697+0000] {processor.py:830} INFO - Processing file /home/khaled/dbt-env/lib/python3.12/site-packages/airflow/example_dags/example_setup_teardown_taskflow.py for tasks to queue
[2025-10-22T12:32:38.699+0000] {logging_mixin.py:188} INFO - [2025-10-22T12:32:38.699+0000] {dagbag.py:545} INFO - Filling up the DagBag from /home/khaled/dbt-env/lib/python3.12/site-packages/airflow/example_dags/example_setup_teardown_taskflow.py
[2025-10-22T12:32:38.719+0000] {processor.py:840} INFO - DAG(s) 'example_setup_teardown_taskflow' retrieved from /home/khaled/dbt-env/lib/python3.12/site-packages/airflow/example_dags/example_setup_teardown_taskflow.py
[2025-10-22T12:32:38.752+0000] {logging_mixin.py:188} INFO - [2025-10-22T12:32:38.752+0000] {dag.py:3089} INFO - Sync 1 DAGs
[2025-10-22T12:32:38.789+0000] {logging_mixin.py:188} INFO - [2025-10-22T12:32:38.789+0000] {dag.py:3947} INFO - Setting next_dagrun for example_setup_teardown_taskflow to 2025-10-21 00:00:00+00:00, run_after=2025-10-22 00:00:00+00:00
[2025-10-22T12:32:38.861+0000] {processor.py:183} INFO - Processing /home/khaled/dbt-env/lib/python3.12/site-packages/airflow/example_dags/example_setup_teardown_taskflow.py took 0.182 seconds
[2025-10-22T12:36:20.984+0000] {processor.py:161} INFO - Started process (PID=12931) to work on /home/khaled/dbt-env/lib/python3.12/site-packages/airflow/example_dags/example_setup_teardown_taskflow.py
[2025-10-22T12:36:20.987+0000] {processor.py:830} INFO - Processing file /home/khaled/dbt-env/lib/python3.12/site-packages/airflow/example_dags/example_setup_teardown_taskflow.py for tasks to queue
[2025-10-22T12:36:20.990+0000] {logging_mixin.py:188} INFO - [2025-10-22T12:36:20.990+0000] {dagbag.py:545} INFO - Filling up the DagBag from /home/khaled/dbt-env/lib/python3.12/site-packages/airflow/example_dags/example_setup_teardown_taskflow.py
[2025-10-22T12:36:21.031+0000] {processor.py:840} INFO - DAG(s) 'example_setup_teardown_taskflow' retrieved from /home/khaled/dbt-env/lib/python3.12/site-packages/airflow/example_dags/example_setup_teardown_taskflow.py
[2025-10-22T12:36:21.119+0000] {logging_mixin.py:188} INFO - [2025-10-22T12:36:21.118+0000] {dag.py:3089} INFO - Sync 1 DAGs
[2025-10-22T12:36:21.183+0000] {logging_mixin.py:188} INFO - [2025-10-22T12:36:21.183+0000] {dag.py:3947} INFO - Setting next_dagrun for example_setup_teardown_taskflow to 2025-10-21 00:00:00+00:00, run_after=2025-10-22 00:00:00+00:00
[2025-10-22T12:36:21.319+0000] {processor.py:183} INFO - Processing /home/khaled/dbt-env/lib/python3.12/site-packages/airflow/example_dags/example_setup_teardown_taskflow.py took 0.356 seconds
[2025-10-22T12:37:56.672+0000] {processor.py:161} INFO - Started process (PID=13212) to work on /home/khaled/dbt-env/lib/python3.12/site-packages/airflow/example_dags/example_setup_teardown_taskflow.py
[2025-10-22T12:37:56.684+0000] {processor.py:830} INFO - Processing file /home/khaled/dbt-env/lib/python3.12/site-packages/airflow/example_dags/example_setup_teardown_taskflow.py for tasks to queue
[2025-10-22T12:37:56.686+0000] {logging_mixin.py:188} INFO - [2025-10-22T12:37:56.685+0000] {dagbag.py:545} INFO - Filling up the DagBag from /home/khaled/dbt-env/lib/python3.12/site-packages/airflow/example_dags/example_setup_teardown_taskflow.py
[2025-10-22T12:37:56.693+0000] {processor.py:840} INFO - DAG(s) 'example_setup_teardown_taskflow' retrieved from /home/khaled/dbt-env/lib/python3.12/site-packages/airflow/example_dags/example_setup_teardown_taskflow.py
[2025-10-22T12:37:56.706+0000] {logging_mixin.py:188} INFO - [2025-10-22T12:37:56.706+0000] {dag.py:3089} INFO - Sync 1 DAGs
[2025-10-22T12:37:56.817+0000] {logging_mixin.py:188} INFO - [2025-10-22T12:37:56.817+0000] {dag.py:3947} INFO - Setting next_dagrun for example_setup_teardown_taskflow to 2025-10-21 00:00:00+00:00, run_after=2025-10-22 00:00:00+00:00
[2025-10-22T12:37:56.838+0000] {processor.py:183} INFO - Processing /home/khaled/dbt-env/lib/python3.12/site-packages/airflow/example_dags/example_setup_teardown_taskflow.py took 0.171 seconds
[2025-10-22T12:39:09.644+0000] {processor.py:161} INFO - Started process (PID=13275) to work on /home/khaled/dbt-env/lib/python3.12/site-packages/airflow/example_dags/example_setup_teardown_taskflow.py
[2025-10-22T12:39:09.656+0000] {processor.py:830} INFO - Processing file /home/khaled/dbt-env/lib/python3.12/site-packages/airflow/example_dags/example_setup_teardown_taskflow.py for tasks to queue
[2025-10-22T12:39:09.657+0000] {logging_mixin.py:188} INFO - [2025-10-22T12:39:09.657+0000] {dagbag.py:545} INFO - Filling up the DagBag from /home/khaled/dbt-env/lib/python3.12/site-packages/airflow/example_dags/example_setup_teardown_taskflow.py
[2025-10-22T12:39:09.665+0000] {processor.py:840} INFO - DAG(s) 'example_setup_teardown_taskflow' retrieved from /home/khaled/dbt-env/lib/python3.12/site-packages/airflow/example_dags/example_setup_teardown_taskflow.py
[2025-10-22T12:39:09.680+0000] {logging_mixin.py:188} INFO - [2025-10-22T12:39:09.680+0000] {dag.py:3089} INFO - Sync 1 DAGs
[2025-10-22T12:39:09.698+0000] {logging_mixin.py:188} INFO - [2025-10-22T12:39:09.698+0000] {dag.py:3947} INFO - Setting next_dagrun for example_setup_teardown_taskflow to 2025-10-21 00:00:00+00:00, run_after=2025-10-22 00:00:00+00:00
[2025-10-22T12:39:09.830+0000] {processor.py:183} INFO - Processing /home/khaled/dbt-env/lib/python3.12/site-packages/airflow/example_dags/example_setup_teardown_taskflow.py took 0.194 seconds
[2025-10-22T12:40:30.771+0000] {processor.py:161} INFO - Started process (PID=13357) to work on /home/khaled/dbt-env/lib/python3.12/site-packages/airflow/example_dags/example_setup_teardown_taskflow.py
[2025-10-22T12:40:30.773+0000] {processor.py:830} INFO - Processing file /home/khaled/dbt-env/lib/python3.12/site-packages/airflow/example_dags/example_setup_teardown_taskflow.py for tasks to queue
[2025-10-22T12:40:30.775+0000] {logging_mixin.py:188} INFO - [2025-10-22T12:40:30.775+0000] {dagbag.py:545} INFO - Filling up the DagBag from /home/khaled/dbt-env/lib/python3.12/site-packages/airflow/example_dags/example_setup_teardown_taskflow.py
[2025-10-22T12:40:30.784+0000] {processor.py:840} INFO - DAG(s) 'example_setup_teardown_taskflow' retrieved from /home/khaled/dbt-env/lib/python3.12/site-packages/airflow/example_dags/example_setup_teardown_taskflow.py
[2025-10-22T12:40:30.803+0000] {logging_mixin.py:188} INFO - [2025-10-22T12:40:30.803+0000] {dag.py:3089} INFO - Sync 1 DAGs
[2025-10-22T12:40:30.821+0000] {logging_mixin.py:188} INFO - [2025-10-22T12:40:30.821+0000] {dag.py:3947} INFO - Setting next_dagrun for example_setup_teardown_taskflow to 2025-10-21 00:00:00+00:00, run_after=2025-10-22 00:00:00+00:00
[2025-10-22T12:40:30.845+0000] {processor.py:183} INFO - Processing /home/khaled/dbt-env/lib/python3.12/site-packages/airflow/example_dags/example_setup_teardown_taskflow.py took 0.081 seconds
