[2025-10-22T12:12:20.014+0000] {processor.py:161} INFO - Started process (PID=8299) to work on /home/khaled/dbt-env/lib/python3.12/site-packages/airflow/example_dags/example_dynamic_task_mapping_with_no_taskflow_operators.py
[2025-10-22T12:12:20.015+0000] {processor.py:830} INFO - Processing file /home/khaled/dbt-env/lib/python3.12/site-packages/airflow/example_dags/example_dynamic_task_mapping_with_no_taskflow_operators.py for tasks to queue
[2025-10-22T12:12:20.016+0000] {logging_mixin.py:188} INFO - [2025-10-22T12:12:20.016+0000] {dagbag.py:545} INFO - Filling up the DagBag from /home/khaled/dbt-env/lib/python3.12/site-packages/airflow/example_dags/example_dynamic_task_mapping_with_no_taskflow_operators.py
[2025-10-22T12:12:20.022+0000] {processor.py:840} INFO - DAG(s) 'example_dynamic_task_mapping_with_no_taskflow_operators' retrieved from /home/khaled/dbt-env/lib/python3.12/site-packages/airflow/example_dags/example_dynamic_task_mapping_with_no_taskflow_operators.py
[2025-10-22T12:12:20.081+0000] {logging_mixin.py:188} INFO - [2025-10-22T12:12:20.081+0000] {dag.py:3089} INFO - Sync 1 DAGs
[2025-10-22T12:12:20.094+0000] {logging_mixin.py:188} INFO - [2025-10-22T12:12:20.094+0000] {dag.py:3947} INFO - Setting next_dagrun for example_dynamic_task_mapping_with_no_taskflow_operators to 2025-10-21 00:00:00+00:00, run_after=2025-10-22 00:00:00+00:00
[2025-10-22T12:12:20.132+0000] {processor.py:183} INFO - Processing /home/khaled/dbt-env/lib/python3.12/site-packages/airflow/example_dags/example_dynamic_task_mapping_with_no_taskflow_operators.py took 0.125 seconds
[2025-10-22T12:13:48.847+0000] {processor.py:161} INFO - Started process (PID=9281) to work on /home/khaled/dbt-env/lib/python3.12/site-packages/airflow/example_dags/example_dynamic_task_mapping_with_no_taskflow_operators.py
[2025-10-22T12:13:48.859+0000] {processor.py:830} INFO - Processing file /home/khaled/dbt-env/lib/python3.12/site-packages/airflow/example_dags/example_dynamic_task_mapping_with_no_taskflow_operators.py for tasks to queue
[2025-10-22T12:13:48.860+0000] {logging_mixin.py:188} INFO - [2025-10-22T12:13:48.860+0000] {dagbag.py:545} INFO - Filling up the DagBag from /home/khaled/dbt-env/lib/python3.12/site-packages/airflow/example_dags/example_dynamic_task_mapping_with_no_taskflow_operators.py
[2025-10-22T12:13:48.866+0000] {processor.py:840} INFO - DAG(s) 'example_dynamic_task_mapping_with_no_taskflow_operators' retrieved from /home/khaled/dbt-env/lib/python3.12/site-packages/airflow/example_dags/example_dynamic_task_mapping_with_no_taskflow_operators.py
[2025-10-22T12:13:48.877+0000] {logging_mixin.py:188} INFO - [2025-10-22T12:13:48.877+0000] {dag.py:3089} INFO - Sync 1 DAGs
[2025-10-22T12:13:48.888+0000] {logging_mixin.py:188} INFO - [2025-10-22T12:13:48.888+0000] {dag.py:3947} INFO - Setting next_dagrun for example_dynamic_task_mapping_with_no_taskflow_operators to 2025-10-21 00:00:00+00:00, run_after=2025-10-22 00:00:00+00:00
[2025-10-22T12:13:48.909+0000] {processor.py:183} INFO - Processing /home/khaled/dbt-env/lib/python3.12/site-packages/airflow/example_dags/example_dynamic_task_mapping_with_no_taskflow_operators.py took 0.067 seconds
[2025-10-22T12:14:46.140+0000] {processor.py:161} INFO - Started process (PID=9345) to work on /home/khaled/dbt-env/lib/python3.12/site-packages/airflow/example_dags/example_dynamic_task_mapping_with_no_taskflow_operators.py
[2025-10-22T12:14:46.143+0000] {processor.py:830} INFO - Processing file /home/khaled/dbt-env/lib/python3.12/site-packages/airflow/example_dags/example_dynamic_task_mapping_with_no_taskflow_operators.py for tasks to queue
[2025-10-22T12:14:46.145+0000] {logging_mixin.py:188} INFO - [2025-10-22T12:14:46.144+0000] {dagbag.py:545} INFO - Filling up the DagBag from /home/khaled/dbt-env/lib/python3.12/site-packages/airflow/example_dags/example_dynamic_task_mapping_with_no_taskflow_operators.py
[2025-10-22T12:14:46.150+0000] {processor.py:840} INFO - DAG(s) 'example_dynamic_task_mapping_with_no_taskflow_operators' retrieved from /home/khaled/dbt-env/lib/python3.12/site-packages/airflow/example_dags/example_dynamic_task_mapping_with_no_taskflow_operators.py
[2025-10-22T12:14:46.165+0000] {logging_mixin.py:188} INFO - [2025-10-22T12:14:46.165+0000] {dag.py:3089} INFO - Sync 1 DAGs
[2025-10-22T12:14:46.182+0000] {logging_mixin.py:188} INFO - [2025-10-22T12:14:46.181+0000] {dag.py:3947} INFO - Setting next_dagrun for example_dynamic_task_mapping_with_no_taskflow_operators to 2025-10-21 00:00:00+00:00, run_after=2025-10-22 00:00:00+00:00
[2025-10-22T12:14:46.204+0000] {processor.py:183} INFO - Processing /home/khaled/dbt-env/lib/python3.12/site-packages/airflow/example_dags/example_dynamic_task_mapping_with_no_taskflow_operators.py took 0.070 seconds
[2025-10-22T12:15:39.979+0000] {processor.py:161} INFO - Started process (PID=9616) to work on /home/khaled/dbt-env/lib/python3.12/site-packages/airflow/example_dags/example_dynamic_task_mapping_with_no_taskflow_operators.py
[2025-10-22T12:15:39.981+0000] {processor.py:830} INFO - Processing file /home/khaled/dbt-env/lib/python3.12/site-packages/airflow/example_dags/example_dynamic_task_mapping_with_no_taskflow_operators.py for tasks to queue
[2025-10-22T12:15:39.982+0000] {logging_mixin.py:188} INFO - [2025-10-22T12:15:39.982+0000] {dagbag.py:545} INFO - Filling up the DagBag from /home/khaled/dbt-env/lib/python3.12/site-packages/airflow/example_dags/example_dynamic_task_mapping_with_no_taskflow_operators.py
[2025-10-22T12:15:39.987+0000] {processor.py:840} INFO - DAG(s) 'example_dynamic_task_mapping_with_no_taskflow_operators' retrieved from /home/khaled/dbt-env/lib/python3.12/site-packages/airflow/example_dags/example_dynamic_task_mapping_with_no_taskflow_operators.py
[2025-10-22T12:15:39.997+0000] {logging_mixin.py:188} INFO - [2025-10-22T12:15:39.997+0000] {dag.py:3089} INFO - Sync 1 DAGs
[2025-10-22T12:15:40.008+0000] {logging_mixin.py:188} INFO - [2025-10-22T12:15:40.008+0000] {dag.py:3947} INFO - Setting next_dagrun for example_dynamic_task_mapping_with_no_taskflow_operators to 2025-10-21 00:00:00+00:00, run_after=2025-10-22 00:00:00+00:00
[2025-10-22T12:15:40.043+0000] {processor.py:183} INFO - Processing /home/khaled/dbt-env/lib/python3.12/site-packages/airflow/example_dags/example_dynamic_task_mapping_with_no_taskflow_operators.py took 0.068 seconds
[2025-10-22T12:16:33.791+0000] {processor.py:161} INFO - Started process (PID=9677) to work on /home/khaled/dbt-env/lib/python3.12/site-packages/airflow/example_dags/example_dynamic_task_mapping_with_no_taskflow_operators.py
[2025-10-22T12:16:33.792+0000] {processor.py:830} INFO - Processing file /home/khaled/dbt-env/lib/python3.12/site-packages/airflow/example_dags/example_dynamic_task_mapping_with_no_taskflow_operators.py for tasks to queue
[2025-10-22T12:16:33.795+0000] {logging_mixin.py:188} INFO - [2025-10-22T12:16:33.795+0000] {dagbag.py:545} INFO - Filling up the DagBag from /home/khaled/dbt-env/lib/python3.12/site-packages/airflow/example_dags/example_dynamic_task_mapping_with_no_taskflow_operators.py
[2025-10-22T12:16:33.804+0000] {processor.py:840} INFO - DAG(s) 'example_dynamic_task_mapping_with_no_taskflow_operators' retrieved from /home/khaled/dbt-env/lib/python3.12/site-packages/airflow/example_dags/example_dynamic_task_mapping_with_no_taskflow_operators.py
[2025-10-22T12:16:33.818+0000] {logging_mixin.py:188} INFO - [2025-10-22T12:16:33.818+0000] {dag.py:3089} INFO - Sync 1 DAGs
[2025-10-22T12:16:33.839+0000] {logging_mixin.py:188} INFO - [2025-10-22T12:16:33.839+0000] {dag.py:3947} INFO - Setting next_dagrun for example_dynamic_task_mapping_with_no_taskflow_operators to 2025-10-21 00:00:00+00:00, run_after=2025-10-22 00:00:00+00:00
[2025-10-22T12:16:33.886+0000] {processor.py:183} INFO - Processing /home/khaled/dbt-env/lib/python3.12/site-packages/airflow/example_dags/example_dynamic_task_mapping_with_no_taskflow_operators.py took 0.101 seconds
[2025-10-22T12:17:56.487+0000] {processor.py:161} INFO - Started process (PID=10185) to work on /home/khaled/dbt-env/lib/python3.12/site-packages/airflow/example_dags/example_dynamic_task_mapping_with_no_taskflow_operators.py
[2025-10-22T12:17:56.488+0000] {processor.py:830} INFO - Processing file /home/khaled/dbt-env/lib/python3.12/site-packages/airflow/example_dags/example_dynamic_task_mapping_with_no_taskflow_operators.py for tasks to queue
[2025-10-22T12:17:56.490+0000] {logging_mixin.py:188} INFO - [2025-10-22T12:17:56.489+0000] {dagbag.py:545} INFO - Filling up the DagBag from /home/khaled/dbt-env/lib/python3.12/site-packages/airflow/example_dags/example_dynamic_task_mapping_with_no_taskflow_operators.py
[2025-10-22T12:17:56.495+0000] {processor.py:840} INFO - DAG(s) 'example_dynamic_task_mapping_with_no_taskflow_operators' retrieved from /home/khaled/dbt-env/lib/python3.12/site-packages/airflow/example_dags/example_dynamic_task_mapping_with_no_taskflow_operators.py
[2025-10-22T12:17:56.508+0000] {logging_mixin.py:188} INFO - [2025-10-22T12:17:56.508+0000] {dag.py:3089} INFO - Sync 1 DAGs
[2025-10-22T12:17:56.522+0000] {logging_mixin.py:188} INFO - [2025-10-22T12:17:56.522+0000] {dag.py:3947} INFO - Setting next_dagrun for example_dynamic_task_mapping_with_no_taskflow_operators to 2025-10-21 00:00:00+00:00, run_after=2025-10-22 00:00:00+00:00
[2025-10-22T12:17:56.556+0000] {processor.py:183} INFO - Processing /home/khaled/dbt-env/lib/python3.12/site-packages/airflow/example_dags/example_dynamic_task_mapping_with_no_taskflow_operators.py took 0.073 seconds
[2025-10-22T12:22:47.004+0000] {processor.py:161} INFO - Started process (PID=10699) to work on /home/khaled/dbt-env/lib/python3.12/site-packages/airflow/example_dags/example_dynamic_task_mapping_with_no_taskflow_operators.py
[2025-10-22T12:22:47.015+0000] {processor.py:830} INFO - Processing file /home/khaled/dbt-env/lib/python3.12/site-packages/airflow/example_dags/example_dynamic_task_mapping_with_no_taskflow_operators.py for tasks to queue
[2025-10-22T12:22:47.017+0000] {logging_mixin.py:188} INFO - [2025-10-22T12:22:47.017+0000] {dagbag.py:545} INFO - Filling up the DagBag from /home/khaled/dbt-env/lib/python3.12/site-packages/airflow/example_dags/example_dynamic_task_mapping_with_no_taskflow_operators.py
[2025-10-22T12:22:47.022+0000] {processor.py:840} INFO - DAG(s) 'example_dynamic_task_mapping_with_no_taskflow_operators' retrieved from /home/khaled/dbt-env/lib/python3.12/site-packages/airflow/example_dags/example_dynamic_task_mapping_with_no_taskflow_operators.py
[2025-10-22T12:22:47.036+0000] {logging_mixin.py:188} INFO - [2025-10-22T12:22:47.036+0000] {dag.py:3089} INFO - Sync 1 DAGs
[2025-10-22T12:22:47.051+0000] {logging_mixin.py:188} INFO - [2025-10-22T12:22:47.051+0000] {dag.py:3947} INFO - Setting next_dagrun for example_dynamic_task_mapping_with_no_taskflow_operators to 2025-10-21 00:00:00+00:00, run_after=2025-10-22 00:00:00+00:00
[2025-10-22T12:22:47.070+0000] {processor.py:183} INFO - Processing /home/khaled/dbt-env/lib/python3.12/site-packages/airflow/example_dags/example_dynamic_task_mapping_with_no_taskflow_operators.py took 0.070 seconds
[2025-10-22T12:23:46.093+0000] {processor.py:161} INFO - Started process (PID=11207) to work on /home/khaled/dbt-env/lib/python3.12/site-packages/airflow/example_dags/example_dynamic_task_mapping_with_no_taskflow_operators.py
[2025-10-22T12:23:46.096+0000] {processor.py:830} INFO - Processing file /home/khaled/dbt-env/lib/python3.12/site-packages/airflow/example_dags/example_dynamic_task_mapping_with_no_taskflow_operators.py for tasks to queue
[2025-10-22T12:23:46.097+0000] {logging_mixin.py:188} INFO - [2025-10-22T12:23:46.097+0000] {dagbag.py:545} INFO - Filling up the DagBag from /home/khaled/dbt-env/lib/python3.12/site-packages/airflow/example_dags/example_dynamic_task_mapping_with_no_taskflow_operators.py
[2025-10-22T12:23:46.101+0000] {processor.py:840} INFO - DAG(s) 'example_dynamic_task_mapping_with_no_taskflow_operators' retrieved from /home/khaled/dbt-env/lib/python3.12/site-packages/airflow/example_dags/example_dynamic_task_mapping_with_no_taskflow_operators.py
[2025-10-22T12:23:46.112+0000] {logging_mixin.py:188} INFO - [2025-10-22T12:23:46.111+0000] {dag.py:3089} INFO - Sync 1 DAGs
[2025-10-22T12:23:46.128+0000] {logging_mixin.py:188} INFO - [2025-10-22T12:23:46.128+0000] {dag.py:3947} INFO - Setting next_dagrun for example_dynamic_task_mapping_with_no_taskflow_operators to 2025-10-21 00:00:00+00:00, run_after=2025-10-22 00:00:00+00:00
[2025-10-22T12:23:46.148+0000] {processor.py:183} INFO - Processing /home/khaled/dbt-env/lib/python3.12/site-packages/airflow/example_dags/example_dynamic_task_mapping_with_no_taskflow_operators.py took 0.060 seconds
[2025-10-22T12:24:39.771+0000] {processor.py:161} INFO - Started process (PID=11346) to work on /home/khaled/dbt-env/lib/python3.12/site-packages/airflow/example_dags/example_dynamic_task_mapping_with_no_taskflow_operators.py
[2025-10-22T12:24:39.772+0000] {processor.py:830} INFO - Processing file /home/khaled/dbt-env/lib/python3.12/site-packages/airflow/example_dags/example_dynamic_task_mapping_with_no_taskflow_operators.py for tasks to queue
[2025-10-22T12:24:39.773+0000] {logging_mixin.py:188} INFO - [2025-10-22T12:24:39.773+0000] {dagbag.py:545} INFO - Filling up the DagBag from /home/khaled/dbt-env/lib/python3.12/site-packages/airflow/example_dags/example_dynamic_task_mapping_with_no_taskflow_operators.py
[2025-10-22T12:24:39.778+0000] {processor.py:840} INFO - DAG(s) 'example_dynamic_task_mapping_with_no_taskflow_operators' retrieved from /home/khaled/dbt-env/lib/python3.12/site-packages/airflow/example_dags/example_dynamic_task_mapping_with_no_taskflow_operators.py
[2025-10-22T12:24:39.792+0000] {logging_mixin.py:188} INFO - [2025-10-22T12:24:39.792+0000] {dag.py:3089} INFO - Sync 1 DAGs
[2025-10-22T12:24:39.809+0000] {logging_mixin.py:188} INFO - [2025-10-22T12:24:39.809+0000] {dag.py:3947} INFO - Setting next_dagrun for example_dynamic_task_mapping_with_no_taskflow_operators to 2025-10-21 00:00:00+00:00, run_after=2025-10-22 00:00:00+00:00
[2025-10-22T12:24:39.836+0000] {processor.py:183} INFO - Processing /home/khaled/dbt-env/lib/python3.12/site-packages/airflow/example_dags/example_dynamic_task_mapping_with_no_taskflow_operators.py took 0.070 seconds
[2025-10-22T12:25:36.685+0000] {processor.py:161} INFO - Started process (PID=11428) to work on /home/khaled/dbt-env/lib/python3.12/site-packages/airflow/example_dags/example_dynamic_task_mapping_with_no_taskflow_operators.py
[2025-10-22T12:25:36.696+0000] {processor.py:830} INFO - Processing file /home/khaled/dbt-env/lib/python3.12/site-packages/airflow/example_dags/example_dynamic_task_mapping_with_no_taskflow_operators.py for tasks to queue
[2025-10-22T12:25:36.697+0000] {logging_mixin.py:188} INFO - [2025-10-22T12:25:36.697+0000] {dagbag.py:545} INFO - Filling up the DagBag from /home/khaled/dbt-env/lib/python3.12/site-packages/airflow/example_dags/example_dynamic_task_mapping_with_no_taskflow_operators.py
[2025-10-22T12:25:36.709+0000] {processor.py:840} INFO - DAG(s) 'example_dynamic_task_mapping_with_no_taskflow_operators' retrieved from /home/khaled/dbt-env/lib/python3.12/site-packages/airflow/example_dags/example_dynamic_task_mapping_with_no_taskflow_operators.py
[2025-10-22T12:25:36.728+0000] {logging_mixin.py:188} INFO - [2025-10-22T12:25:36.728+0000] {dag.py:3089} INFO - Sync 1 DAGs
[2025-10-22T12:25:36.761+0000] {logging_mixin.py:188} INFO - [2025-10-22T12:25:36.760+0000] {dag.py:3947} INFO - Setting next_dagrun for example_dynamic_task_mapping_with_no_taskflow_operators to 2025-10-21 00:00:00+00:00, run_after=2025-10-22 00:00:00+00:00
[2025-10-22T12:25:36.840+0000] {processor.py:183} INFO - Processing /home/khaled/dbt-env/lib/python3.12/site-packages/airflow/example_dags/example_dynamic_task_mapping_with_no_taskflow_operators.py took 0.160 seconds
[2025-10-22T12:26:34.730+0000] {processor.py:161} INFO - Started process (PID=11623) to work on /home/khaled/dbt-env/lib/python3.12/site-packages/airflow/example_dags/example_dynamic_task_mapping_with_no_taskflow_operators.py
[2025-10-22T12:26:34.741+0000] {processor.py:830} INFO - Processing file /home/khaled/dbt-env/lib/python3.12/site-packages/airflow/example_dags/example_dynamic_task_mapping_with_no_taskflow_operators.py for tasks to queue
[2025-10-22T12:26:34.743+0000] {logging_mixin.py:188} INFO - [2025-10-22T12:26:34.743+0000] {dagbag.py:545} INFO - Filling up the DagBag from /home/khaled/dbt-env/lib/python3.12/site-packages/airflow/example_dags/example_dynamic_task_mapping_with_no_taskflow_operators.py
[2025-10-22T12:26:34.748+0000] {processor.py:840} INFO - DAG(s) 'example_dynamic_task_mapping_with_no_taskflow_operators' retrieved from /home/khaled/dbt-env/lib/python3.12/site-packages/airflow/example_dags/example_dynamic_task_mapping_with_no_taskflow_operators.py
[2025-10-22T12:26:34.758+0000] {logging_mixin.py:188} INFO - [2025-10-22T12:26:34.758+0000] {dag.py:3089} INFO - Sync 1 DAGs
[2025-10-22T12:26:34.773+0000] {logging_mixin.py:188} INFO - [2025-10-22T12:26:34.772+0000] {dag.py:3947} INFO - Setting next_dagrun for example_dynamic_task_mapping_with_no_taskflow_operators to 2025-10-21 00:00:00+00:00, run_after=2025-10-22 00:00:00+00:00
[2025-10-22T12:26:34.789+0000] {processor.py:183} INFO - Processing /home/khaled/dbt-env/lib/python3.12/site-packages/airflow/example_dags/example_dynamic_task_mapping_with_no_taskflow_operators.py took 0.067 seconds
[2025-10-22T12:27:49.535+0000] {processor.py:161} INFO - Started process (PID=12068) to work on /home/khaled/dbt-env/lib/python3.12/site-packages/airflow/example_dags/example_dynamic_task_mapping_with_no_taskflow_operators.py
[2025-10-22T12:27:49.538+0000] {processor.py:830} INFO - Processing file /home/khaled/dbt-env/lib/python3.12/site-packages/airflow/example_dags/example_dynamic_task_mapping_with_no_taskflow_operators.py for tasks to queue
[2025-10-22T12:27:49.540+0000] {logging_mixin.py:188} INFO - [2025-10-22T12:27:49.539+0000] {dagbag.py:545} INFO - Filling up the DagBag from /home/khaled/dbt-env/lib/python3.12/site-packages/airflow/example_dags/example_dynamic_task_mapping_with_no_taskflow_operators.py
[2025-10-22T12:27:49.545+0000] {processor.py:840} INFO - DAG(s) 'example_dynamic_task_mapping_with_no_taskflow_operators' retrieved from /home/khaled/dbt-env/lib/python3.12/site-packages/airflow/example_dags/example_dynamic_task_mapping_with_no_taskflow_operators.py
[2025-10-22T12:27:49.556+0000] {logging_mixin.py:188} INFO - [2025-10-22T12:27:49.556+0000] {dag.py:3089} INFO - Sync 1 DAGs
[2025-10-22T12:27:49.570+0000] {logging_mixin.py:188} INFO - [2025-10-22T12:27:49.570+0000] {dag.py:3947} INFO - Setting next_dagrun for example_dynamic_task_mapping_with_no_taskflow_operators to 2025-10-21 00:00:00+00:00, run_after=2025-10-22 00:00:00+00:00
[2025-10-22T12:27:49.599+0000] {processor.py:183} INFO - Processing /home/khaled/dbt-env/lib/python3.12/site-packages/airflow/example_dags/example_dynamic_task_mapping_with_no_taskflow_operators.py took 0.068 seconds
[2025-10-22T12:28:47.951+0000] {processor.py:161} INFO - Started process (PID=12285) to work on /home/khaled/dbt-env/lib/python3.12/site-packages/airflow/example_dags/example_dynamic_task_mapping_with_no_taskflow_operators.py
[2025-10-22T12:28:47.953+0000] {processor.py:830} INFO - Processing file /home/khaled/dbt-env/lib/python3.12/site-packages/airflow/example_dags/example_dynamic_task_mapping_with_no_taskflow_operators.py for tasks to queue
[2025-10-22T12:28:47.957+0000] {logging_mixin.py:188} INFO - [2025-10-22T12:28:47.957+0000] {dagbag.py:545} INFO - Filling up the DagBag from /home/khaled/dbt-env/lib/python3.12/site-packages/airflow/example_dags/example_dynamic_task_mapping_with_no_taskflow_operators.py
[2025-10-22T12:28:47.962+0000] {processor.py:840} INFO - DAG(s) 'example_dynamic_task_mapping_with_no_taskflow_operators' retrieved from /home/khaled/dbt-env/lib/python3.12/site-packages/airflow/example_dags/example_dynamic_task_mapping_with_no_taskflow_operators.py
[2025-10-22T12:28:47.975+0000] {logging_mixin.py:188} INFO - [2025-10-22T12:28:47.975+0000] {dag.py:3089} INFO - Sync 1 DAGs
[2025-10-22T12:28:47.989+0000] {logging_mixin.py:188} INFO - [2025-10-22T12:28:47.989+0000] {dag.py:3947} INFO - Setting next_dagrun for example_dynamic_task_mapping_with_no_taskflow_operators to 2025-10-21 00:00:00+00:00, run_after=2025-10-22 00:00:00+00:00
[2025-10-22T12:28:48.024+0000] {processor.py:183} INFO - Processing /home/khaled/dbt-env/lib/python3.12/site-packages/airflow/example_dags/example_dynamic_task_mapping_with_no_taskflow_operators.py took 0.083 seconds
[2025-10-22T12:29:43.719+0000] {processor.py:161} INFO - Started process (PID=12481) to work on /home/khaled/dbt-env/lib/python3.12/site-packages/airflow/example_dags/example_dynamic_task_mapping_with_no_taskflow_operators.py
[2025-10-22T12:29:43.721+0000] {processor.py:830} INFO - Processing file /home/khaled/dbt-env/lib/python3.12/site-packages/airflow/example_dags/example_dynamic_task_mapping_with_no_taskflow_operators.py for tasks to queue
[2025-10-22T12:29:43.723+0000] {logging_mixin.py:188} INFO - [2025-10-22T12:29:43.723+0000] {dagbag.py:545} INFO - Filling up the DagBag from /home/khaled/dbt-env/lib/python3.12/site-packages/airflow/example_dags/example_dynamic_task_mapping_with_no_taskflow_operators.py
[2025-10-22T12:29:43.727+0000] {processor.py:840} INFO - DAG(s) 'example_dynamic_task_mapping_with_no_taskflow_operators' retrieved from /home/khaled/dbt-env/lib/python3.12/site-packages/airflow/example_dags/example_dynamic_task_mapping_with_no_taskflow_operators.py
[2025-10-22T12:29:43.737+0000] {logging_mixin.py:188} INFO - [2025-10-22T12:29:43.737+0000] {dag.py:3089} INFO - Sync 1 DAGs
[2025-10-22T12:29:43.748+0000] {logging_mixin.py:188} INFO - [2025-10-22T12:29:43.748+0000] {dag.py:3947} INFO - Setting next_dagrun for example_dynamic_task_mapping_with_no_taskflow_operators to 2025-10-21 00:00:00+00:00, run_after=2025-10-22 00:00:00+00:00
[2025-10-22T12:29:43.768+0000] {processor.py:183} INFO - Processing /home/khaled/dbt-env/lib/python3.12/site-packages/airflow/example_dags/example_dynamic_task_mapping_with_no_taskflow_operators.py took 0.055 seconds
[2025-10-22T12:30:36.836+0000] {processor.py:161} INFO - Started process (PID=12547) to work on /home/khaled/dbt-env/lib/python3.12/site-packages/airflow/example_dags/example_dynamic_task_mapping_with_no_taskflow_operators.py
[2025-10-22T12:30:36.838+0000] {processor.py:830} INFO - Processing file /home/khaled/dbt-env/lib/python3.12/site-packages/airflow/example_dags/example_dynamic_task_mapping_with_no_taskflow_operators.py for tasks to queue
[2025-10-22T12:30:36.840+0000] {logging_mixin.py:188} INFO - [2025-10-22T12:30:36.840+0000] {dagbag.py:545} INFO - Filling up the DagBag from /home/khaled/dbt-env/lib/python3.12/site-packages/airflow/example_dags/example_dynamic_task_mapping_with_no_taskflow_operators.py
[2025-10-22T12:30:36.845+0000] {processor.py:840} INFO - DAG(s) 'example_dynamic_task_mapping_with_no_taskflow_operators' retrieved from /home/khaled/dbt-env/lib/python3.12/site-packages/airflow/example_dags/example_dynamic_task_mapping_with_no_taskflow_operators.py
[2025-10-22T12:30:36.854+0000] {logging_mixin.py:188} INFO - [2025-10-22T12:30:36.854+0000] {dag.py:3089} INFO - Sync 1 DAGs
[2025-10-22T12:30:36.865+0000] {logging_mixin.py:188} INFO - [2025-10-22T12:30:36.865+0000] {dag.py:3947} INFO - Setting next_dagrun for example_dynamic_task_mapping_with_no_taskflow_operators to 2025-10-21 00:00:00+00:00, run_after=2025-10-22 00:00:00+00:00
[2025-10-22T12:30:36.895+0000] {processor.py:183} INFO - Processing /home/khaled/dbt-env/lib/python3.12/site-packages/airflow/example_dags/example_dynamic_task_mapping_with_no_taskflow_operators.py took 0.063 seconds
[2025-10-22T12:31:27.332+0000] {processor.py:161} INFO - Started process (PID=12602) to work on /home/khaled/dbt-env/lib/python3.12/site-packages/airflow/example_dags/example_dynamic_task_mapping_with_no_taskflow_operators.py
[2025-10-22T12:31:27.333+0000] {processor.py:830} INFO - Processing file /home/khaled/dbt-env/lib/python3.12/site-packages/airflow/example_dags/example_dynamic_task_mapping_with_no_taskflow_operators.py for tasks to queue
[2025-10-22T12:31:27.335+0000] {logging_mixin.py:188} INFO - [2025-10-22T12:31:27.335+0000] {dagbag.py:545} INFO - Filling up the DagBag from /home/khaled/dbt-env/lib/python3.12/site-packages/airflow/example_dags/example_dynamic_task_mapping_with_no_taskflow_operators.py
[2025-10-22T12:31:27.343+0000] {processor.py:840} INFO - DAG(s) 'example_dynamic_task_mapping_with_no_taskflow_operators' retrieved from /home/khaled/dbt-env/lib/python3.12/site-packages/airflow/example_dags/example_dynamic_task_mapping_with_no_taskflow_operators.py
[2025-10-22T12:31:27.359+0000] {logging_mixin.py:188} INFO - [2025-10-22T12:31:27.358+0000] {dag.py:3089} INFO - Sync 1 DAGs
[2025-10-22T12:31:27.376+0000] {logging_mixin.py:188} INFO - [2025-10-22T12:31:27.376+0000] {dag.py:3947} INFO - Setting next_dagrun for example_dynamic_task_mapping_with_no_taskflow_operators to 2025-10-21 00:00:00+00:00, run_after=2025-10-22 00:00:00+00:00
[2025-10-22T12:31:27.448+0000] {processor.py:183} INFO - Processing /home/khaled/dbt-env/lib/python3.12/site-packages/airflow/example_dags/example_dynamic_task_mapping_with_no_taskflow_operators.py took 0.122 seconds
[2025-10-22T12:33:36.014+0000] {processor.py:161} INFO - Started process (PID=12854) to work on /home/khaled/dbt-env/lib/python3.12/site-packages/airflow/example_dags/example_dynamic_task_mapping_with_no_taskflow_operators.py
[2025-10-22T12:33:36.045+0000] {processor.py:830} INFO - Processing file /home/khaled/dbt-env/lib/python3.12/site-packages/airflow/example_dags/example_dynamic_task_mapping_with_no_taskflow_operators.py for tasks to queue
[2025-10-22T12:33:36.088+0000] {logging_mixin.py:188} INFO - [2025-10-22T12:33:36.086+0000] {dagbag.py:545} INFO - Filling up the DagBag from /home/khaled/dbt-env/lib/python3.12/site-packages/airflow/example_dags/example_dynamic_task_mapping_with_no_taskflow_operators.py
[2025-10-22T12:33:36.340+0000] {processor.py:840} INFO - DAG(s) 'example_dynamic_task_mapping_with_no_taskflow_operators' retrieved from /home/khaled/dbt-env/lib/python3.12/site-packages/airflow/example_dags/example_dynamic_task_mapping_with_no_taskflow_operators.py
[2025-10-22T12:33:37.034+0000] {logging_mixin.py:188} INFO - [2025-10-22T12:33:37.033+0000] {dag.py:3089} INFO - Sync 1 DAGs
[2025-10-22T12:33:41.122+0000] {logging_mixin.py:188} INFO - [2025-10-22T12:33:41.121+0000] {dag.py:3947} INFO - Setting next_dagrun for example_dynamic_task_mapping_with_no_taskflow_operators to 2025-10-21 00:00:00+00:00, run_after=2025-10-22 00:00:00+00:00
[2025-10-22T12:33:42.551+0000] {processor.py:183} INFO - Processing /home/khaled/dbt-env/lib/python3.12/site-packages/airflow/example_dags/example_dynamic_task_mapping_with_no_taskflow_operators.py took 6.643 seconds
[2025-10-22T12:37:14.279+0000] {processor.py:161} INFO - Started process (PID=13170) to work on /home/khaled/dbt-env/lib/python3.12/site-packages/airflow/example_dags/example_dynamic_task_mapping_with_no_taskflow_operators.py
[2025-10-22T12:37:14.290+0000] {processor.py:830} INFO - Processing file /home/khaled/dbt-env/lib/python3.12/site-packages/airflow/example_dags/example_dynamic_task_mapping_with_no_taskflow_operators.py for tasks to queue
[2025-10-22T12:37:14.296+0000] {logging_mixin.py:188} INFO - [2025-10-22T12:37:14.295+0000] {dagbag.py:545} INFO - Filling up the DagBag from /home/khaled/dbt-env/lib/python3.12/site-packages/airflow/example_dags/example_dynamic_task_mapping_with_no_taskflow_operators.py
[2025-10-22T12:37:14.301+0000] {processor.py:840} INFO - DAG(s) 'example_dynamic_task_mapping_with_no_taskflow_operators' retrieved from /home/khaled/dbt-env/lib/python3.12/site-packages/airflow/example_dags/example_dynamic_task_mapping_with_no_taskflow_operators.py
[2025-10-22T12:37:14.314+0000] {logging_mixin.py:188} INFO - [2025-10-22T12:37:14.314+0000] {dag.py:3089} INFO - Sync 1 DAGs
[2025-10-22T12:37:14.331+0000] {logging_mixin.py:188} INFO - [2025-10-22T12:37:14.330+0000] {dag.py:3947} INFO - Setting next_dagrun for example_dynamic_task_mapping_with_no_taskflow_operators to 2025-10-21 00:00:00+00:00, run_after=2025-10-22 00:00:00+00:00
[2025-10-22T12:37:14.355+0000] {processor.py:183} INFO - Processing /home/khaled/dbt-env/lib/python3.12/site-packages/airflow/example_dags/example_dynamic_task_mapping_with_no_taskflow_operators.py took 0.081 seconds
[2025-10-22T12:38:35.173+0000] {processor.py:161} INFO - Started process (PID=13247) to work on /home/khaled/dbt-env/lib/python3.12/site-packages/airflow/example_dags/example_dynamic_task_mapping_with_no_taskflow_operators.py
[2025-10-22T12:38:35.185+0000] {processor.py:830} INFO - Processing file /home/khaled/dbt-env/lib/python3.12/site-packages/airflow/example_dags/example_dynamic_task_mapping_with_no_taskflow_operators.py for tasks to queue
[2025-10-22T12:38:35.188+0000] {logging_mixin.py:188} INFO - [2025-10-22T12:38:35.187+0000] {dagbag.py:545} INFO - Filling up the DagBag from /home/khaled/dbt-env/lib/python3.12/site-packages/airflow/example_dags/example_dynamic_task_mapping_with_no_taskflow_operators.py
[2025-10-22T12:38:35.194+0000] {processor.py:840} INFO - DAG(s) 'example_dynamic_task_mapping_with_no_taskflow_operators' retrieved from /home/khaled/dbt-env/lib/python3.12/site-packages/airflow/example_dags/example_dynamic_task_mapping_with_no_taskflow_operators.py
[2025-10-22T12:38:35.205+0000] {logging_mixin.py:188} INFO - [2025-10-22T12:38:35.205+0000] {dag.py:3089} INFO - Sync 1 DAGs
[2025-10-22T12:38:35.218+0000] {logging_mixin.py:188} INFO - [2025-10-22T12:38:35.218+0000] {dag.py:3947} INFO - Setting next_dagrun for example_dynamic_task_mapping_with_no_taskflow_operators to 2025-10-21 00:00:00+00:00, run_after=2025-10-22 00:00:00+00:00
[2025-10-22T12:38:35.240+0000] {processor.py:183} INFO - Processing /home/khaled/dbt-env/lib/python3.12/site-packages/airflow/example_dags/example_dynamic_task_mapping_with_no_taskflow_operators.py took 0.077 seconds
[2025-10-22T12:39:50.727+0000] {processor.py:161} INFO - Started process (PID=13310) to work on /home/khaled/dbt-env/lib/python3.12/site-packages/airflow/example_dags/example_dynamic_task_mapping_with_no_taskflow_operators.py
[2025-10-22T12:39:50.738+0000] {processor.py:830} INFO - Processing file /home/khaled/dbt-env/lib/python3.12/site-packages/airflow/example_dags/example_dynamic_task_mapping_with_no_taskflow_operators.py for tasks to queue
[2025-10-22T12:39:50.740+0000] {logging_mixin.py:188} INFO - [2025-10-22T12:39:50.740+0000] {dagbag.py:545} INFO - Filling up the DagBag from /home/khaled/dbt-env/lib/python3.12/site-packages/airflow/example_dags/example_dynamic_task_mapping_with_no_taskflow_operators.py
[2025-10-22T12:39:50.746+0000] {processor.py:840} INFO - DAG(s) 'example_dynamic_task_mapping_with_no_taskflow_operators' retrieved from /home/khaled/dbt-env/lib/python3.12/site-packages/airflow/example_dags/example_dynamic_task_mapping_with_no_taskflow_operators.py
[2025-10-22T12:39:50.848+0000] {logging_mixin.py:188} INFO - [2025-10-22T12:39:50.848+0000] {dag.py:3089} INFO - Sync 1 DAGs
[2025-10-22T12:39:50.860+0000] {logging_mixin.py:188} INFO - [2025-10-22T12:39:50.860+0000] {dag.py:3947} INFO - Setting next_dagrun for example_dynamic_task_mapping_with_no_taskflow_operators to 2025-10-21 00:00:00+00:00, run_after=2025-10-22 00:00:00+00:00
[2025-10-22T12:39:50.884+0000] {processor.py:183} INFO - Processing /home/khaled/dbt-env/lib/python3.12/site-packages/airflow/example_dags/example_dynamic_task_mapping_with_no_taskflow_operators.py took 0.164 seconds
