[2025-10-22T12:12:17.578+0000] {processor.py:161} INFO - Started process (PID=8296) to work on /home/khaled/dbt-env/lib/python3.12/site-packages/airflow/example_dags/example_kubernetes_executor.py
[2025-10-22T12:12:17.578+0000] {processor.py:830} INFO - Processing file /home/khaled/dbt-env/lib/python3.12/site-packages/airflow/example_dags/example_kubernetes_executor.py for tasks to queue
[2025-10-22T12:12:17.580+0000] {logging_mixin.py:188} INFO - [2025-10-22T12:12:17.579+0000] {dagbag.py:545} INFO - Filling up the DagBag from /home/khaled/dbt-env/lib/python3.12/site-packages/airflow/example_dags/example_kubernetes_executor.py
[2025-10-22T12:12:17.581+0000] {logging_mixin.py:188} INFO - [2025-10-22T12:12:17.581+0000] {example_kubernetes_executor.py:39} WARNING - The example_kubernetes_executor example DAG requires the kubernetes provider. Please install it with: pip install apache-airflow[cncf.kubernetes]
[2025-10-22T12:12:17.582+0000] {processor.py:842} WARNING - No viable dags retrieved from /home/khaled/dbt-env/lib/python3.12/site-packages/airflow/example_dags/example_kubernetes_executor.py
[2025-10-22T12:12:17.593+0000] {processor.py:183} INFO - Processing /home/khaled/dbt-env/lib/python3.12/site-packages/airflow/example_dags/example_kubernetes_executor.py took 0.019 seconds
[2025-10-22T12:13:34.495+0000] {processor.py:161} INFO - Started process (PID=9133) to work on /home/khaled/dbt-env/lib/python3.12/site-packages/airflow/example_dags/example_kubernetes_executor.py
[2025-10-22T12:13:34.497+0000] {processor.py:830} INFO - Processing file /home/khaled/dbt-env/lib/python3.12/site-packages/airflow/example_dags/example_kubernetes_executor.py for tasks to queue
[2025-10-22T12:13:34.499+0000] {logging_mixin.py:188} INFO - [2025-10-22T12:13:34.498+0000] {dagbag.py:545} INFO - Filling up the DagBag from /home/khaled/dbt-env/lib/python3.12/site-packages/airflow/example_dags/example_kubernetes_executor.py
[2025-10-22T12:13:34.502+0000] {logging_mixin.py:188} INFO - [2025-10-22T12:13:34.502+0000] {example_kubernetes_executor.py:39} WARNING - The example_kubernetes_executor example DAG requires the kubernetes provider. Please install it with: pip install apache-airflow[cncf.kubernetes]
[2025-10-22T12:13:34.502+0000] {processor.py:842} WARNING - No viable dags retrieved from /home/khaled/dbt-env/lib/python3.12/site-packages/airflow/example_dags/example_kubernetes_executor.py
[2025-10-22T12:13:34.519+0000] {processor.py:183} INFO - Processing /home/khaled/dbt-env/lib/python3.12/site-packages/airflow/example_dags/example_kubernetes_executor.py took 0.030 seconds
[2025-10-22T12:14:43.674+0000] {processor.py:161} INFO - Started process (PID=9343) to work on /home/khaled/dbt-env/lib/python3.12/site-packages/airflow/example_dags/example_kubernetes_executor.py
[2025-10-22T12:14:43.676+0000] {processor.py:830} INFO - Processing file /home/khaled/dbt-env/lib/python3.12/site-packages/airflow/example_dags/example_kubernetes_executor.py for tasks to queue
[2025-10-22T12:14:43.677+0000] {logging_mixin.py:188} INFO - [2025-10-22T12:14:43.677+0000] {dagbag.py:545} INFO - Filling up the DagBag from /home/khaled/dbt-env/lib/python3.12/site-packages/airflow/example_dags/example_kubernetes_executor.py
[2025-10-22T12:14:43.680+0000] {logging_mixin.py:188} INFO - [2025-10-22T12:14:43.679+0000] {example_kubernetes_executor.py:39} WARNING - The example_kubernetes_executor example DAG requires the kubernetes provider. Please install it with: pip install apache-airflow[cncf.kubernetes]
[2025-10-22T12:14:43.680+0000] {processor.py:842} WARNING - No viable dags retrieved from /home/khaled/dbt-env/lib/python3.12/site-packages/airflow/example_dags/example_kubernetes_executor.py
[2025-10-22T12:14:43.692+0000] {processor.py:183} INFO - Processing /home/khaled/dbt-env/lib/python3.12/site-packages/airflow/example_dags/example_kubernetes_executor.py took 0.022 seconds
[2025-10-22T12:15:37.928+0000] {processor.py:161} INFO - Started process (PID=9608) to work on /home/khaled/dbt-env/lib/python3.12/site-packages/airflow/example_dags/example_kubernetes_executor.py
[2025-10-22T12:15:37.931+0000] {processor.py:830} INFO - Processing file /home/khaled/dbt-env/lib/python3.12/site-packages/airflow/example_dags/example_kubernetes_executor.py for tasks to queue
[2025-10-22T12:15:37.934+0000] {logging_mixin.py:188} INFO - [2025-10-22T12:15:37.933+0000] {dagbag.py:545} INFO - Filling up the DagBag from /home/khaled/dbt-env/lib/python3.12/site-packages/airflow/example_dags/example_kubernetes_executor.py
[2025-10-22T12:15:37.939+0000] {logging_mixin.py:188} INFO - [2025-10-22T12:15:37.939+0000] {example_kubernetes_executor.py:39} WARNING - The example_kubernetes_executor example DAG requires the kubernetes provider. Please install it with: pip install apache-airflow[cncf.kubernetes]
[2025-10-22T12:15:37.939+0000] {processor.py:842} WARNING - No viable dags retrieved from /home/khaled/dbt-env/lib/python3.12/site-packages/airflow/example_dags/example_kubernetes_executor.py
[2025-10-22T12:15:37.948+0000] {processor.py:183} INFO - Processing /home/khaled/dbt-env/lib/python3.12/site-packages/airflow/example_dags/example_kubernetes_executor.py took 0.024 seconds
[2025-10-22T12:16:31.324+0000] {processor.py:161} INFO - Started process (PID=9675) to work on /home/khaled/dbt-env/lib/python3.12/site-packages/airflow/example_dags/example_kubernetes_executor.py
[2025-10-22T12:16:31.340+0000] {processor.py:830} INFO - Processing file /home/khaled/dbt-env/lib/python3.12/site-packages/airflow/example_dags/example_kubernetes_executor.py for tasks to queue
[2025-10-22T12:16:31.342+0000] {logging_mixin.py:188} INFO - [2025-10-22T12:16:31.342+0000] {dagbag.py:545} INFO - Filling up the DagBag from /home/khaled/dbt-env/lib/python3.12/site-packages/airflow/example_dags/example_kubernetes_executor.py
[2025-10-22T12:16:31.348+0000] {logging_mixin.py:188} INFO - [2025-10-22T12:16:31.348+0000] {example_kubernetes_executor.py:39} WARNING - The example_kubernetes_executor example DAG requires the kubernetes provider. Please install it with: pip install apache-airflow[cncf.kubernetes]
[2025-10-22T12:16:31.354+0000] {processor.py:842} WARNING - No viable dags retrieved from /home/khaled/dbt-env/lib/python3.12/site-packages/airflow/example_dags/example_kubernetes_executor.py
[2025-10-22T12:16:31.377+0000] {processor.py:183} INFO - Processing /home/khaled/dbt-env/lib/python3.12/site-packages/airflow/example_dags/example_kubernetes_executor.py took 0.067 seconds
[2025-10-22T12:17:22.126+0000] {processor.py:161} INFO - Started process (PID=9831) to work on /home/khaled/dbt-env/lib/python3.12/site-packages/airflow/example_dags/example_kubernetes_executor.py
[2025-10-22T12:17:22.128+0000] {processor.py:830} INFO - Processing file /home/khaled/dbt-env/lib/python3.12/site-packages/airflow/example_dags/example_kubernetes_executor.py for tasks to queue
[2025-10-22T12:17:22.129+0000] {logging_mixin.py:188} INFO - [2025-10-22T12:17:22.129+0000] {dagbag.py:545} INFO - Filling up the DagBag from /home/khaled/dbt-env/lib/python3.12/site-packages/airflow/example_dags/example_kubernetes_executor.py
[2025-10-22T12:17:22.132+0000] {logging_mixin.py:188} INFO - [2025-10-22T12:17:22.132+0000] {example_kubernetes_executor.py:39} WARNING - The example_kubernetes_executor example DAG requires the kubernetes provider. Please install it with: pip install apache-airflow[cncf.kubernetes]
[2025-10-22T12:17:22.132+0000] {processor.py:842} WARNING - No viable dags retrieved from /home/khaled/dbt-env/lib/python3.12/site-packages/airflow/example_dags/example_kubernetes_executor.py
[2025-10-22T12:17:22.142+0000] {processor.py:183} INFO - Processing /home/khaled/dbt-env/lib/python3.12/site-packages/airflow/example_dags/example_kubernetes_executor.py took 0.020 seconds
[2025-10-22T12:18:28.828+0000] {processor.py:161} INFO - Started process (PID=10260) to work on /home/khaled/dbt-env/lib/python3.12/site-packages/airflow/example_dags/example_kubernetes_executor.py
[2025-10-22T12:18:28.829+0000] {processor.py:830} INFO - Processing file /home/khaled/dbt-env/lib/python3.12/site-packages/airflow/example_dags/example_kubernetes_executor.py for tasks to queue
[2025-10-22T12:18:28.831+0000] {logging_mixin.py:188} INFO - [2025-10-22T12:18:28.830+0000] {dagbag.py:545} INFO - Filling up the DagBag from /home/khaled/dbt-env/lib/python3.12/site-packages/airflow/example_dags/example_kubernetes_executor.py
[2025-10-22T12:18:28.832+0000] {logging_mixin.py:188} INFO - [2025-10-22T12:18:28.832+0000] {example_kubernetes_executor.py:39} WARNING - The example_kubernetes_executor example DAG requires the kubernetes provider. Please install it with: pip install apache-airflow[cncf.kubernetes]
[2025-10-22T12:18:28.833+0000] {processor.py:842} WARNING - No viable dags retrieved from /home/khaled/dbt-env/lib/python3.12/site-packages/airflow/example_dags/example_kubernetes_executor.py
[2025-10-22T12:18:28.840+0000] {processor.py:183} INFO - Processing /home/khaled/dbt-env/lib/python3.12/site-packages/airflow/example_dags/example_kubernetes_executor.py took 0.016 seconds
[2025-10-22T12:22:44.691+0000] {processor.py:161} INFO - Started process (PID=10689) to work on /home/khaled/dbt-env/lib/python3.12/site-packages/airflow/example_dags/example_kubernetes_executor.py
[2025-10-22T12:22:44.703+0000] {processor.py:830} INFO - Processing file /home/khaled/dbt-env/lib/python3.12/site-packages/airflow/example_dags/example_kubernetes_executor.py for tasks to queue
[2025-10-22T12:22:44.704+0000] {logging_mixin.py:188} INFO - [2025-10-22T12:22:44.704+0000] {dagbag.py:545} INFO - Filling up the DagBag from /home/khaled/dbt-env/lib/python3.12/site-packages/airflow/example_dags/example_kubernetes_executor.py
[2025-10-22T12:22:44.706+0000] {logging_mixin.py:188} INFO - [2025-10-22T12:22:44.706+0000] {example_kubernetes_executor.py:39} WARNING - The example_kubernetes_executor example DAG requires the kubernetes provider. Please install it with: pip install apache-airflow[cncf.kubernetes]
[2025-10-22T12:22:44.706+0000] {processor.py:842} WARNING - No viable dags retrieved from /home/khaled/dbt-env/lib/python3.12/site-packages/airflow/example_dags/example_kubernetes_executor.py
[2025-10-22T12:22:44.715+0000] {processor.py:183} INFO - Processing /home/khaled/dbt-env/lib/python3.12/site-packages/airflow/example_dags/example_kubernetes_executor.py took 0.029 seconds
[2025-10-22T12:23:44.501+0000] {processor.py:161} INFO - Started process (PID=11205) to work on /home/khaled/dbt-env/lib/python3.12/site-packages/airflow/example_dags/example_kubernetes_executor.py
[2025-10-22T12:23:44.511+0000] {processor.py:830} INFO - Processing file /home/khaled/dbt-env/lib/python3.12/site-packages/airflow/example_dags/example_kubernetes_executor.py for tasks to queue
[2025-10-22T12:23:44.513+0000] {logging_mixin.py:188} INFO - [2025-10-22T12:23:44.512+0000] {dagbag.py:545} INFO - Filling up the DagBag from /home/khaled/dbt-env/lib/python3.12/site-packages/airflow/example_dags/example_kubernetes_executor.py
[2025-10-22T12:23:44.515+0000] {logging_mixin.py:188} INFO - [2025-10-22T12:23:44.515+0000] {example_kubernetes_executor.py:39} WARNING - The example_kubernetes_executor example DAG requires the kubernetes provider. Please install it with: pip install apache-airflow[cncf.kubernetes]
[2025-10-22T12:23:44.515+0000] {processor.py:842} WARNING - No viable dags retrieved from /home/khaled/dbt-env/lib/python3.12/site-packages/airflow/example_dags/example_kubernetes_executor.py
[2025-10-22T12:23:44.522+0000] {processor.py:183} INFO - Processing /home/khaled/dbt-env/lib/python3.12/site-packages/airflow/example_dags/example_kubernetes_executor.py took 0.026 seconds
[2025-10-22T12:24:38.008+0000] {processor.py:161} INFO - Started process (PID=11344) to work on /home/khaled/dbt-env/lib/python3.12/site-packages/airflow/example_dags/example_kubernetes_executor.py
[2025-10-22T12:24:38.009+0000] {processor.py:830} INFO - Processing file /home/khaled/dbt-env/lib/python3.12/site-packages/airflow/example_dags/example_kubernetes_executor.py for tasks to queue
[2025-10-22T12:24:38.013+0000] {logging_mixin.py:188} INFO - [2025-10-22T12:24:38.010+0000] {dagbag.py:545} INFO - Filling up the DagBag from /home/khaled/dbt-env/lib/python3.12/site-packages/airflow/example_dags/example_kubernetes_executor.py
[2025-10-22T12:24:38.015+0000] {logging_mixin.py:188} INFO - [2025-10-22T12:24:38.015+0000] {example_kubernetes_executor.py:39} WARNING - The example_kubernetes_executor example DAG requires the kubernetes provider. Please install it with: pip install apache-airflow[cncf.kubernetes]
[2025-10-22T12:24:38.016+0000] {processor.py:842} WARNING - No viable dags retrieved from /home/khaled/dbt-env/lib/python3.12/site-packages/airflow/example_dags/example_kubernetes_executor.py
[2025-10-22T12:24:38.025+0000] {processor.py:183} INFO - Processing /home/khaled/dbt-env/lib/python3.12/site-packages/airflow/example_dags/example_kubernetes_executor.py took 0.020 seconds
[2025-10-22T12:25:34.886+0000] {processor.py:161} INFO - Started process (PID=11426) to work on /home/khaled/dbt-env/lib/python3.12/site-packages/airflow/example_dags/example_kubernetes_executor.py
[2025-10-22T12:25:34.897+0000] {processor.py:830} INFO - Processing file /home/khaled/dbt-env/lib/python3.12/site-packages/airflow/example_dags/example_kubernetes_executor.py for tasks to queue
[2025-10-22T12:25:34.899+0000] {logging_mixin.py:188} INFO - [2025-10-22T12:25:34.898+0000] {dagbag.py:545} INFO - Filling up the DagBag from /home/khaled/dbt-env/lib/python3.12/site-packages/airflow/example_dags/example_kubernetes_executor.py
[2025-10-22T12:25:34.903+0000] {logging_mixin.py:188} INFO - [2025-10-22T12:25:34.903+0000] {example_kubernetes_executor.py:39} WARNING - The example_kubernetes_executor example DAG requires the kubernetes provider. Please install it with: pip install apache-airflow[cncf.kubernetes]
[2025-10-22T12:25:34.903+0000] {processor.py:842} WARNING - No viable dags retrieved from /home/khaled/dbt-env/lib/python3.12/site-packages/airflow/example_dags/example_kubernetes_executor.py
[2025-10-22T12:25:34.917+0000] {processor.py:183} INFO - Processing /home/khaled/dbt-env/lib/python3.12/site-packages/airflow/example_dags/example_kubernetes_executor.py took 0.039 seconds
[2025-10-22T12:26:32.865+0000] {processor.py:161} INFO - Started process (PID=11605) to work on /home/khaled/dbt-env/lib/python3.12/site-packages/airflow/example_dags/example_kubernetes_executor.py
[2025-10-22T12:26:32.868+0000] {processor.py:830} INFO - Processing file /home/khaled/dbt-env/lib/python3.12/site-packages/airflow/example_dags/example_kubernetes_executor.py for tasks to queue
[2025-10-22T12:26:32.869+0000] {logging_mixin.py:188} INFO - [2025-10-22T12:26:32.869+0000] {dagbag.py:545} INFO - Filling up the DagBag from /home/khaled/dbt-env/lib/python3.12/site-packages/airflow/example_dags/example_kubernetes_executor.py
[2025-10-22T12:26:32.871+0000] {logging_mixin.py:188} INFO - [2025-10-22T12:26:32.871+0000] {example_kubernetes_executor.py:39} WARNING - The example_kubernetes_executor example DAG requires the kubernetes provider. Please install it with: pip install apache-airflow[cncf.kubernetes]
[2025-10-22T12:26:32.871+0000] {processor.py:842} WARNING - No viable dags retrieved from /home/khaled/dbt-env/lib/python3.12/site-packages/airflow/example_dags/example_kubernetes_executor.py
[2025-10-22T12:26:32.878+0000] {processor.py:183} INFO - Processing /home/khaled/dbt-env/lib/python3.12/site-packages/airflow/example_dags/example_kubernetes_executor.py took 0.017 seconds
[2025-10-22T12:27:47.222+0000] {processor.py:161} INFO - Started process (PID=12066) to work on /home/khaled/dbt-env/lib/python3.12/site-packages/airflow/example_dags/example_kubernetes_executor.py
[2025-10-22T12:27:47.223+0000] {processor.py:830} INFO - Processing file /home/khaled/dbt-env/lib/python3.12/site-packages/airflow/example_dags/example_kubernetes_executor.py for tasks to queue
[2025-10-22T12:27:47.224+0000] {logging_mixin.py:188} INFO - [2025-10-22T12:27:47.224+0000] {dagbag.py:545} INFO - Filling up the DagBag from /home/khaled/dbt-env/lib/python3.12/site-packages/airflow/example_dags/example_kubernetes_executor.py
[2025-10-22T12:27:47.227+0000] {logging_mixin.py:188} INFO - [2025-10-22T12:27:47.227+0000] {example_kubernetes_executor.py:39} WARNING - The example_kubernetes_executor example DAG requires the kubernetes provider. Please install it with: pip install apache-airflow[cncf.kubernetes]
[2025-10-22T12:27:47.227+0000] {processor.py:842} WARNING - No viable dags retrieved from /home/khaled/dbt-env/lib/python3.12/site-packages/airflow/example_dags/example_kubernetes_executor.py
[2025-10-22T12:27:47.236+0000] {processor.py:183} INFO - Processing /home/khaled/dbt-env/lib/python3.12/site-packages/airflow/example_dags/example_kubernetes_executor.py took 0.020 seconds
[2025-10-22T12:28:45.652+0000] {processor.py:161} INFO - Started process (PID=12278) to work on /home/khaled/dbt-env/lib/python3.12/site-packages/airflow/example_dags/example_kubernetes_executor.py
[2025-10-22T12:28:45.664+0000] {processor.py:830} INFO - Processing file /home/khaled/dbt-env/lib/python3.12/site-packages/airflow/example_dags/example_kubernetes_executor.py for tasks to queue
[2025-10-22T12:28:45.666+0000] {logging_mixin.py:188} INFO - [2025-10-22T12:28:45.666+0000] {dagbag.py:545} INFO - Filling up the DagBag from /home/khaled/dbt-env/lib/python3.12/site-packages/airflow/example_dags/example_kubernetes_executor.py
[2025-10-22T12:28:45.671+0000] {logging_mixin.py:188} INFO - [2025-10-22T12:28:45.670+0000] {example_kubernetes_executor.py:39} WARNING - The example_kubernetes_executor example DAG requires the kubernetes provider. Please install it with: pip install apache-airflow[cncf.kubernetes]
[2025-10-22T12:28:45.671+0000] {processor.py:842} WARNING - No viable dags retrieved from /home/khaled/dbt-env/lib/python3.12/site-packages/airflow/example_dags/example_kubernetes_executor.py
[2025-10-22T12:28:45.680+0000] {processor.py:183} INFO - Processing /home/khaled/dbt-env/lib/python3.12/site-packages/airflow/example_dags/example_kubernetes_executor.py took 0.036 seconds
[2025-10-22T12:29:41.884+0000] {processor.py:161} INFO - Started process (PID=12478) to work on /home/khaled/dbt-env/lib/python3.12/site-packages/airflow/example_dags/example_kubernetes_executor.py
[2025-10-22T12:29:41.896+0000] {processor.py:830} INFO - Processing file /home/khaled/dbt-env/lib/python3.12/site-packages/airflow/example_dags/example_kubernetes_executor.py for tasks to queue
[2025-10-22T12:29:41.897+0000] {logging_mixin.py:188} INFO - [2025-10-22T12:29:41.897+0000] {dagbag.py:545} INFO - Filling up the DagBag from /home/khaled/dbt-env/lib/python3.12/site-packages/airflow/example_dags/example_kubernetes_executor.py
[2025-10-22T12:29:41.900+0000] {logging_mixin.py:188} INFO - [2025-10-22T12:29:41.900+0000] {example_kubernetes_executor.py:39} WARNING - The example_kubernetes_executor example DAG requires the kubernetes provider. Please install it with: pip install apache-airflow[cncf.kubernetes]
[2025-10-22T12:29:41.900+0000] {processor.py:842} WARNING - No viable dags retrieved from /home/khaled/dbt-env/lib/python3.12/site-packages/airflow/example_dags/example_kubernetes_executor.py
[2025-10-22T12:29:41.909+0000] {processor.py:183} INFO - Processing /home/khaled/dbt-env/lib/python3.12/site-packages/airflow/example_dags/example_kubernetes_executor.py took 0.031 seconds
[2025-10-22T12:30:34.551+0000] {processor.py:161} INFO - Started process (PID=12545) to work on /home/khaled/dbt-env/lib/python3.12/site-packages/airflow/example_dags/example_kubernetes_executor.py
[2025-10-22T12:30:34.553+0000] {processor.py:830} INFO - Processing file /home/khaled/dbt-env/lib/python3.12/site-packages/airflow/example_dags/example_kubernetes_executor.py for tasks to queue
[2025-10-22T12:30:34.555+0000] {logging_mixin.py:188} INFO - [2025-10-22T12:30:34.555+0000] {dagbag.py:545} INFO - Filling up the DagBag from /home/khaled/dbt-env/lib/python3.12/site-packages/airflow/example_dags/example_kubernetes_executor.py
[2025-10-22T12:30:34.558+0000] {logging_mixin.py:188} INFO - [2025-10-22T12:30:34.557+0000] {example_kubernetes_executor.py:39} WARNING - The example_kubernetes_executor example DAG requires the kubernetes provider. Please install it with: pip install apache-airflow[cncf.kubernetes]
[2025-10-22T12:30:34.558+0000] {processor.py:842} WARNING - No viable dags retrieved from /home/khaled/dbt-env/lib/python3.12/site-packages/airflow/example_dags/example_kubernetes_executor.py
[2025-10-22T12:30:34.568+0000] {processor.py:183} INFO - Processing /home/khaled/dbt-env/lib/python3.12/site-packages/airflow/example_dags/example_kubernetes_executor.py took 0.022 seconds
[2025-10-22T12:31:24.903+0000] {processor.py:161} INFO - Started process (PID=12599) to work on /home/khaled/dbt-env/lib/python3.12/site-packages/airflow/example_dags/example_kubernetes_executor.py
[2025-10-22T12:31:24.904+0000] {processor.py:830} INFO - Processing file /home/khaled/dbt-env/lib/python3.12/site-packages/airflow/example_dags/example_kubernetes_executor.py for tasks to queue
[2025-10-22T12:31:24.906+0000] {logging_mixin.py:188} INFO - [2025-10-22T12:31:24.905+0000] {dagbag.py:545} INFO - Filling up the DagBag from /home/khaled/dbt-env/lib/python3.12/site-packages/airflow/example_dags/example_kubernetes_executor.py
[2025-10-22T12:31:24.908+0000] {logging_mixin.py:188} INFO - [2025-10-22T12:31:24.908+0000] {example_kubernetes_executor.py:39} WARNING - The example_kubernetes_executor example DAG requires the kubernetes provider. Please install it with: pip install apache-airflow[cncf.kubernetes]
[2025-10-22T12:31:24.909+0000] {processor.py:842} WARNING - No viable dags retrieved from /home/khaled/dbt-env/lib/python3.12/site-packages/airflow/example_dags/example_kubernetes_executor.py
[2025-10-22T12:31:24.916+0000] {processor.py:183} INFO - Processing /home/khaled/dbt-env/lib/python3.12/site-packages/airflow/example_dags/example_kubernetes_executor.py took 0.019 seconds
[2025-10-22T12:33:27.014+0000] {processor.py:161} INFO - Started process (PID=12850) to work on /home/khaled/dbt-env/lib/python3.12/site-packages/airflow/example_dags/example_kubernetes_executor.py
[2025-10-22T12:33:27.067+0000] {processor.py:830} INFO - Processing file /home/khaled/dbt-env/lib/python3.12/site-packages/airflow/example_dags/example_kubernetes_executor.py for tasks to queue
[2025-10-22T12:33:27.245+0000] {logging_mixin.py:188} INFO - [2025-10-22T12:33:27.162+0000] {dagbag.py:545} INFO - Filling up the DagBag from /home/khaled/dbt-env/lib/python3.12/site-packages/airflow/example_dags/example_kubernetes_executor.py
[2025-10-22T12:33:27.517+0000] {logging_mixin.py:188} INFO - [2025-10-22T12:33:27.481+0000] {example_kubernetes_executor.py:39} WARNING - The example_kubernetes_executor example DAG requires the kubernetes provider. Please install it with: pip install apache-airflow[cncf.kubernetes]
[2025-10-22T12:33:27.598+0000] {processor.py:842} WARNING - No viable dags retrieved from /home/khaled/dbt-env/lib/python3.12/site-packages/airflow/example_dags/example_kubernetes_executor.py
[2025-10-22T12:33:28.159+0000] {processor.py:183} INFO - Processing /home/khaled/dbt-env/lib/python3.12/site-packages/airflow/example_dags/example_kubernetes_executor.py took 1.342 seconds
[2025-10-22T12:37:11.725+0000] {processor.py:161} INFO - Started process (PID=13168) to work on /home/khaled/dbt-env/lib/python3.12/site-packages/airflow/example_dags/example_kubernetes_executor.py
[2025-10-22T12:37:11.736+0000] {processor.py:830} INFO - Processing file /home/khaled/dbt-env/lib/python3.12/site-packages/airflow/example_dags/example_kubernetes_executor.py for tasks to queue
[2025-10-22T12:37:11.738+0000] {logging_mixin.py:188} INFO - [2025-10-22T12:37:11.738+0000] {dagbag.py:545} INFO - Filling up the DagBag from /home/khaled/dbt-env/lib/python3.12/site-packages/airflow/example_dags/example_kubernetes_executor.py
[2025-10-22T12:37:11.740+0000] {logging_mixin.py:188} INFO - [2025-10-22T12:37:11.740+0000] {example_kubernetes_executor.py:39} WARNING - The example_kubernetes_executor example DAG requires the kubernetes provider. Please install it with: pip install apache-airflow[cncf.kubernetes]
[2025-10-22T12:37:11.741+0000] {processor.py:842} WARNING - No viable dags retrieved from /home/khaled/dbt-env/lib/python3.12/site-packages/airflow/example_dags/example_kubernetes_executor.py
[2025-10-22T12:37:11.755+0000] {processor.py:183} INFO - Processing /home/khaled/dbt-env/lib/python3.12/site-packages/airflow/example_dags/example_kubernetes_executor.py took 0.037 seconds
[2025-10-22T12:38:32.739+0000] {processor.py:161} INFO - Started process (PID=13245) to work on /home/khaled/dbt-env/lib/python3.12/site-packages/airflow/example_dags/example_kubernetes_executor.py
[2025-10-22T12:38:32.749+0000] {processor.py:830} INFO - Processing file /home/khaled/dbt-env/lib/python3.12/site-packages/airflow/example_dags/example_kubernetes_executor.py for tasks to queue
[2025-10-22T12:38:32.750+0000] {logging_mixin.py:188} INFO - [2025-10-22T12:38:32.750+0000] {dagbag.py:545} INFO - Filling up the DagBag from /home/khaled/dbt-env/lib/python3.12/site-packages/airflow/example_dags/example_kubernetes_executor.py
[2025-10-22T12:38:32.753+0000] {logging_mixin.py:188} INFO - [2025-10-22T12:38:32.753+0000] {example_kubernetes_executor.py:39} WARNING - The example_kubernetes_executor example DAG requires the kubernetes provider. Please install it with: pip install apache-airflow[cncf.kubernetes]
[2025-10-22T12:38:32.753+0000] {processor.py:842} WARNING - No viable dags retrieved from /home/khaled/dbt-env/lib/python3.12/site-packages/airflow/example_dags/example_kubernetes_executor.py
[2025-10-22T12:38:32.761+0000] {processor.py:183} INFO - Processing /home/khaled/dbt-env/lib/python3.12/site-packages/airflow/example_dags/example_kubernetes_executor.py took 0.027 seconds
[2025-10-22T12:39:47.497+0000] {processor.py:161} INFO - Started process (PID=13308) to work on /home/khaled/dbt-env/lib/python3.12/site-packages/airflow/example_dags/example_kubernetes_executor.py
[2025-10-22T12:39:47.499+0000] {processor.py:830} INFO - Processing file /home/khaled/dbt-env/lib/python3.12/site-packages/airflow/example_dags/example_kubernetes_executor.py for tasks to queue
[2025-10-22T12:39:47.501+0000] {logging_mixin.py:188} INFO - [2025-10-22T12:39:47.501+0000] {dagbag.py:545} INFO - Filling up the DagBag from /home/khaled/dbt-env/lib/python3.12/site-packages/airflow/example_dags/example_kubernetes_executor.py
[2025-10-22T12:39:47.503+0000] {logging_mixin.py:188} INFO - [2025-10-22T12:39:47.503+0000] {example_kubernetes_executor.py:39} WARNING - The example_kubernetes_executor example DAG requires the kubernetes provider. Please install it with: pip install apache-airflow[cncf.kubernetes]
[2025-10-22T12:39:47.503+0000] {processor.py:842} WARNING - No viable dags retrieved from /home/khaled/dbt-env/lib/python3.12/site-packages/airflow/example_dags/example_kubernetes_executor.py
[2025-10-22T12:39:47.511+0000] {processor.py:183} INFO - Processing /home/khaled/dbt-env/lib/python3.12/site-packages/airflow/example_dags/example_kubernetes_executor.py took 0.019 seconds
