[2025-10-22T12:12:11.070+0000] {processor.py:161} INFO - Started process (PID=8209) to work on /home/khaled/dbt-env/lib/python3.12/site-packages/airflow/example_dags/example_params_ui_tutorial.py
[2025-10-22T12:12:11.071+0000] {processor.py:830} INFO - Processing file /home/khaled/dbt-env/lib/python3.12/site-packages/airflow/example_dags/example_params_ui_tutorial.py for tasks to queue
[2025-10-22T12:12:11.072+0000] {logging_mixin.py:188} INFO - [2025-10-22T12:12:11.072+0000] {dagbag.py:545} INFO - Filling up the DagBag from /home/khaled/dbt-env/lib/python3.12/site-packages/airflow/example_dags/example_params_ui_tutorial.py
[2025-10-22T12:12:11.077+0000] {processor.py:840} INFO - DAG(s) 'example_params_ui_tutorial' retrieved from /home/khaled/dbt-env/lib/python3.12/site-packages/airflow/example_dags/example_params_ui_tutorial.py
[2025-10-22T12:12:11.158+0000] {logging_mixin.py:188} INFO - [2025-10-22T12:12:11.158+0000] {dag.py:3089} INFO - Sync 1 DAGs
[2025-10-22T12:12:11.166+0000] {logging_mixin.py:188} INFO - [2025-10-22T12:12:11.165+0000] {dag.py:3947} INFO - Setting next_dagrun for example_params_ui_tutorial to None, run_after=None
[2025-10-22T12:12:11.203+0000] {processor.py:183} INFO - Processing /home/khaled/dbt-env/lib/python3.12/site-packages/airflow/example_dags/example_params_ui_tutorial.py took 0.137 seconds
[2025-10-22T12:13:26.778+0000] {processor.py:161} INFO - Started process (PID=9036) to work on /home/khaled/dbt-env/lib/python3.12/site-packages/airflow/example_dags/example_params_ui_tutorial.py
[2025-10-22T12:13:26.784+0000] {processor.py:830} INFO - Processing file /home/khaled/dbt-env/lib/python3.12/site-packages/airflow/example_dags/example_params_ui_tutorial.py for tasks to queue
[2025-10-22T12:13:26.789+0000] {logging_mixin.py:188} INFO - [2025-10-22T12:13:26.786+0000] {dagbag.py:545} INFO - Filling up the DagBag from /home/khaled/dbt-env/lib/python3.12/site-packages/airflow/example_dags/example_params_ui_tutorial.py
[2025-10-22T12:13:26.818+0000] {processor.py:840} INFO - DAG(s) 'example_params_ui_tutorial' retrieved from /home/khaled/dbt-env/lib/python3.12/site-packages/airflow/example_dags/example_params_ui_tutorial.py
[2025-10-22T12:13:26.871+0000] {logging_mixin.py:188} INFO - [2025-10-22T12:13:26.871+0000] {dag.py:3089} INFO - Sync 1 DAGs
[2025-10-22T12:13:26.892+0000] {logging_mixin.py:188} INFO - [2025-10-22T12:13:26.892+0000] {dag.py:3947} INFO - Setting next_dagrun for example_params_ui_tutorial to None, run_after=None
[2025-10-22T12:13:26.924+0000] {processor.py:183} INFO - Processing /home/khaled/dbt-env/lib/python3.12/site-packages/airflow/example_dags/example_params_ui_tutorial.py took 0.160 seconds
[2025-10-22T12:14:23.826+0000] {processor.py:161} INFO - Started process (PID=9321) to work on /home/khaled/dbt-env/lib/python3.12/site-packages/airflow/example_dags/example_params_ui_tutorial.py
[2025-10-22T12:14:23.828+0000] {processor.py:830} INFO - Processing file /home/khaled/dbt-env/lib/python3.12/site-packages/airflow/example_dags/example_params_ui_tutorial.py for tasks to queue
[2025-10-22T12:14:23.833+0000] {logging_mixin.py:188} INFO - [2025-10-22T12:14:23.833+0000] {dagbag.py:545} INFO - Filling up the DagBag from /home/khaled/dbt-env/lib/python3.12/site-packages/airflow/example_dags/example_params_ui_tutorial.py
[2025-10-22T12:14:23.848+0000] {processor.py:840} INFO - DAG(s) 'example_params_ui_tutorial' retrieved from /home/khaled/dbt-env/lib/python3.12/site-packages/airflow/example_dags/example_params_ui_tutorial.py
[2025-10-22T12:14:23.881+0000] {logging_mixin.py:188} INFO - [2025-10-22T12:14:23.881+0000] {dag.py:3089} INFO - Sync 1 DAGs
[2025-10-22T12:14:23.892+0000] {logging_mixin.py:188} INFO - [2025-10-22T12:14:23.891+0000] {dag.py:3947} INFO - Setting next_dagrun for example_params_ui_tutorial to None, run_after=None
[2025-10-22T12:14:23.923+0000] {processor.py:183} INFO - Processing /home/khaled/dbt-env/lib/python3.12/site-packages/airflow/example_dags/example_params_ui_tutorial.py took 0.103 seconds
[2025-10-22T12:15:13.956+0000] {processor.py:161} INFO - Started process (PID=9490) to work on /home/khaled/dbt-env/lib/python3.12/site-packages/airflow/example_dags/example_params_ui_tutorial.py
[2025-10-22T12:15:13.957+0000] {processor.py:830} INFO - Processing file /home/khaled/dbt-env/lib/python3.12/site-packages/airflow/example_dags/example_params_ui_tutorial.py for tasks to queue
[2025-10-22T12:15:13.959+0000] {logging_mixin.py:188} INFO - [2025-10-22T12:15:13.959+0000] {dagbag.py:545} INFO - Filling up the DagBag from /home/khaled/dbt-env/lib/python3.12/site-packages/airflow/example_dags/example_params_ui_tutorial.py
[2025-10-22T12:15:13.968+0000] {processor.py:840} INFO - DAG(s) 'example_params_ui_tutorial' retrieved from /home/khaled/dbt-env/lib/python3.12/site-packages/airflow/example_dags/example_params_ui_tutorial.py
[2025-10-22T12:15:14.006+0000] {logging_mixin.py:188} INFO - [2025-10-22T12:15:14.005+0000] {dag.py:3089} INFO - Sync 1 DAGs
[2025-10-22T12:15:14.025+0000] {logging_mixin.py:188} INFO - [2025-10-22T12:15:14.024+0000] {dag.py:3947} INFO - Setting next_dagrun for example_params_ui_tutorial to None, run_after=None
[2025-10-22T12:15:14.058+0000] {processor.py:183} INFO - Processing /home/khaled/dbt-env/lib/python3.12/site-packages/airflow/example_dags/example_params_ui_tutorial.py took 0.109 seconds
[2025-10-22T12:16:03.537+0000] {processor.py:161} INFO - Started process (PID=9641) to work on /home/khaled/dbt-env/lib/python3.12/site-packages/airflow/example_dags/example_params_ui_tutorial.py
[2025-10-22T12:16:03.539+0000] {processor.py:830} INFO - Processing file /home/khaled/dbt-env/lib/python3.12/site-packages/airflow/example_dags/example_params_ui_tutorial.py for tasks to queue
[2025-10-22T12:16:03.540+0000] {logging_mixin.py:188} INFO - [2025-10-22T12:16:03.540+0000] {dagbag.py:545} INFO - Filling up the DagBag from /home/khaled/dbt-env/lib/python3.12/site-packages/airflow/example_dags/example_params_ui_tutorial.py
[2025-10-22T12:16:03.545+0000] {processor.py:840} INFO - DAG(s) 'example_params_ui_tutorial' retrieved from /home/khaled/dbt-env/lib/python3.12/site-packages/airflow/example_dags/example_params_ui_tutorial.py
[2025-10-22T12:16:03.568+0000] {logging_mixin.py:188} INFO - [2025-10-22T12:16:03.567+0000] {dag.py:3089} INFO - Sync 1 DAGs
[2025-10-22T12:16:03.575+0000] {logging_mixin.py:188} INFO - [2025-10-22T12:16:03.575+0000] {dag.py:3947} INFO - Setting next_dagrun for example_params_ui_tutorial to None, run_after=None
[2025-10-22T12:16:03.595+0000] {processor.py:183} INFO - Processing /home/khaled/dbt-env/lib/python3.12/site-packages/airflow/example_dags/example_params_ui_tutorial.py took 0.062 seconds
[2025-10-22T12:16:54.566+0000] {processor.py:161} INFO - Started process (PID=9797) to work on /home/khaled/dbt-env/lib/python3.12/site-packages/airflow/example_dags/example_params_ui_tutorial.py
[2025-10-22T12:16:54.568+0000] {processor.py:830} INFO - Processing file /home/khaled/dbt-env/lib/python3.12/site-packages/airflow/example_dags/example_params_ui_tutorial.py for tasks to queue
[2025-10-22T12:16:54.569+0000] {logging_mixin.py:188} INFO - [2025-10-22T12:16:54.569+0000] {dagbag.py:545} INFO - Filling up the DagBag from /home/khaled/dbt-env/lib/python3.12/site-packages/airflow/example_dags/example_params_ui_tutorial.py
[2025-10-22T12:16:54.574+0000] {processor.py:840} INFO - DAG(s) 'example_params_ui_tutorial' retrieved from /home/khaled/dbt-env/lib/python3.12/site-packages/airflow/example_dags/example_params_ui_tutorial.py
[2025-10-22T12:16:54.597+0000] {logging_mixin.py:188} INFO - [2025-10-22T12:16:54.596+0000] {dag.py:3089} INFO - Sync 1 DAGs
[2025-10-22T12:16:54.611+0000] {logging_mixin.py:188} INFO - [2025-10-22T12:16:54.611+0000] {dag.py:3947} INFO - Setting next_dagrun for example_params_ui_tutorial to None, run_after=None
[2025-10-22T12:16:54.650+0000] {processor.py:183} INFO - Processing /home/khaled/dbt-env/lib/python3.12/site-packages/airflow/example_dags/example_params_ui_tutorial.py took 0.087 seconds
[2025-10-22T12:17:54.340+0000] {processor.py:161} INFO - Started process (PID=10163) to work on /home/khaled/dbt-env/lib/python3.12/site-packages/airflow/example_dags/example_params_ui_tutorial.py
[2025-10-22T12:17:54.341+0000] {processor.py:830} INFO - Processing file /home/khaled/dbt-env/lib/python3.12/site-packages/airflow/example_dags/example_params_ui_tutorial.py for tasks to queue
[2025-10-22T12:17:54.342+0000] {logging_mixin.py:188} INFO - [2025-10-22T12:17:54.342+0000] {dagbag.py:545} INFO - Filling up the DagBag from /home/khaled/dbt-env/lib/python3.12/site-packages/airflow/example_dags/example_params_ui_tutorial.py
[2025-10-22T12:17:54.347+0000] {processor.py:840} INFO - DAG(s) 'example_params_ui_tutorial' retrieved from /home/khaled/dbt-env/lib/python3.12/site-packages/airflow/example_dags/example_params_ui_tutorial.py
[2025-10-22T12:17:54.370+0000] {logging_mixin.py:188} INFO - [2025-10-22T12:17:54.370+0000] {dag.py:3089} INFO - Sync 1 DAGs
[2025-10-22T12:17:54.378+0000] {logging_mixin.py:188} INFO - [2025-10-22T12:17:54.378+0000] {dag.py:3947} INFO - Setting next_dagrun for example_params_ui_tutorial to None, run_after=None
[2025-10-22T12:17:54.409+0000] {processor.py:183} INFO - Processing /home/khaled/dbt-env/lib/python3.12/site-packages/airflow/example_dags/example_params_ui_tutorial.py took 0.073 seconds
[2025-10-22T12:22:38.222+0000] {processor.py:161} INFO - Started process (PID=10662) to work on /home/khaled/dbt-env/lib/python3.12/site-packages/airflow/example_dags/example_params_ui_tutorial.py
[2025-10-22T12:22:38.235+0000] {processor.py:830} INFO - Processing file /home/khaled/dbt-env/lib/python3.12/site-packages/airflow/example_dags/example_params_ui_tutorial.py for tasks to queue
[2025-10-22T12:22:38.241+0000] {logging_mixin.py:188} INFO - [2025-10-22T12:22:38.240+0000] {dagbag.py:545} INFO - Filling up the DagBag from /home/khaled/dbt-env/lib/python3.12/site-packages/airflow/example_dags/example_params_ui_tutorial.py
[2025-10-22T12:22:38.251+0000] {processor.py:840} INFO - DAG(s) 'example_params_ui_tutorial' retrieved from /home/khaled/dbt-env/lib/python3.12/site-packages/airflow/example_dags/example_params_ui_tutorial.py
[2025-10-22T12:22:38.287+0000] {logging_mixin.py:188} INFO - [2025-10-22T12:22:38.287+0000] {dag.py:3089} INFO - Sync 1 DAGs
[2025-10-22T12:22:38.297+0000] {logging_mixin.py:188} INFO - [2025-10-22T12:22:38.297+0000] {dag.py:3947} INFO - Setting next_dagrun for example_params_ui_tutorial to None, run_after=None
[2025-10-22T12:22:38.320+0000] {processor.py:183} INFO - Processing /home/khaled/dbt-env/lib/python3.12/site-packages/airflow/example_dags/example_params_ui_tutorial.py took 0.105 seconds
[2025-10-22T12:23:38.185+0000] {processor.py:161} INFO - Started process (PID=11176) to work on /home/khaled/dbt-env/lib/python3.12/site-packages/airflow/example_dags/example_params_ui_tutorial.py
[2025-10-22T12:23:38.206+0000] {processor.py:830} INFO - Processing file /home/khaled/dbt-env/lib/python3.12/site-packages/airflow/example_dags/example_params_ui_tutorial.py for tasks to queue
[2025-10-22T12:23:38.212+0000] {logging_mixin.py:188} INFO - [2025-10-22T12:23:38.211+0000] {dagbag.py:545} INFO - Filling up the DagBag from /home/khaled/dbt-env/lib/python3.12/site-packages/airflow/example_dags/example_params_ui_tutorial.py
[2025-10-22T12:23:38.220+0000] {processor.py:840} INFO - DAG(s) 'example_params_ui_tutorial' retrieved from /home/khaled/dbt-env/lib/python3.12/site-packages/airflow/example_dags/example_params_ui_tutorial.py
[2025-10-22T12:23:38.254+0000] {logging_mixin.py:188} INFO - [2025-10-22T12:23:38.253+0000] {dag.py:3089} INFO - Sync 1 DAGs
[2025-10-22T12:23:38.265+0000] {logging_mixin.py:188} INFO - [2025-10-22T12:23:38.265+0000] {dag.py:3947} INFO - Setting next_dagrun for example_params_ui_tutorial to None, run_after=None
[2025-10-22T12:23:38.288+0000] {processor.py:183} INFO - Processing /home/khaled/dbt-env/lib/python3.12/site-packages/airflow/example_dags/example_params_ui_tutorial.py took 0.111 seconds
[2025-10-22T12:24:32.640+0000] {processor.py:161} INFO - Started process (PID=11335) to work on /home/khaled/dbt-env/lib/python3.12/site-packages/airflow/example_dags/example_params_ui_tutorial.py
[2025-10-22T12:24:32.641+0000] {processor.py:830} INFO - Processing file /home/khaled/dbt-env/lib/python3.12/site-packages/airflow/example_dags/example_params_ui_tutorial.py for tasks to queue
[2025-10-22T12:24:32.643+0000] {logging_mixin.py:188} INFO - [2025-10-22T12:24:32.642+0000] {dagbag.py:545} INFO - Filling up the DagBag from /home/khaled/dbt-env/lib/python3.12/site-packages/airflow/example_dags/example_params_ui_tutorial.py
[2025-10-22T12:24:32.648+0000] {processor.py:840} INFO - DAG(s) 'example_params_ui_tutorial' retrieved from /home/khaled/dbt-env/lib/python3.12/site-packages/airflow/example_dags/example_params_ui_tutorial.py
[2025-10-22T12:24:32.677+0000] {logging_mixin.py:188} INFO - [2025-10-22T12:24:32.677+0000] {dag.py:3089} INFO - Sync 1 DAGs
[2025-10-22T12:24:32.686+0000] {logging_mixin.py:188} INFO - [2025-10-22T12:24:32.686+0000] {dag.py:3947} INFO - Setting next_dagrun for example_params_ui_tutorial to None, run_after=None
[2025-10-22T12:24:32.718+0000] {processor.py:183} INFO - Processing /home/khaled/dbt-env/lib/python3.12/site-packages/airflow/example_dags/example_params_ui_tutorial.py took 0.084 seconds
[2025-10-22T12:25:27.784+0000] {processor.py:161} INFO - Started process (PID=11418) to work on /home/khaled/dbt-env/lib/python3.12/site-packages/airflow/example_dags/example_params_ui_tutorial.py
[2025-10-22T12:25:27.786+0000] {processor.py:830} INFO - Processing file /home/khaled/dbt-env/lib/python3.12/site-packages/airflow/example_dags/example_params_ui_tutorial.py for tasks to queue
[2025-10-22T12:25:27.788+0000] {logging_mixin.py:188} INFO - [2025-10-22T12:25:27.788+0000] {dagbag.py:545} INFO - Filling up the DagBag from /home/khaled/dbt-env/lib/python3.12/site-packages/airflow/example_dags/example_params_ui_tutorial.py
[2025-10-22T12:25:27.795+0000] {processor.py:840} INFO - DAG(s) 'example_params_ui_tutorial' retrieved from /home/khaled/dbt-env/lib/python3.12/site-packages/airflow/example_dags/example_params_ui_tutorial.py
[2025-10-22T12:25:27.829+0000] {logging_mixin.py:188} INFO - [2025-10-22T12:25:27.829+0000] {dag.py:3089} INFO - Sync 1 DAGs
[2025-10-22T12:25:27.840+0000] {logging_mixin.py:188} INFO - [2025-10-22T12:25:27.839+0000] {dag.py:3947} INFO - Setting next_dagrun for example_params_ui_tutorial to None, run_after=None
[2025-10-22T12:25:27.869+0000] {processor.py:183} INFO - Processing /home/khaled/dbt-env/lib/python3.12/site-packages/airflow/example_dags/example_params_ui_tutorial.py took 0.091 seconds
[2025-10-22T12:26:26.621+0000] {processor.py:161} INFO - Started process (PID=11573) to work on /home/khaled/dbt-env/lib/python3.12/site-packages/airflow/example_dags/example_params_ui_tutorial.py
[2025-10-22T12:26:26.632+0000] {processor.py:830} INFO - Processing file /home/khaled/dbt-env/lib/python3.12/site-packages/airflow/example_dags/example_params_ui_tutorial.py for tasks to queue
[2025-10-22T12:26:26.634+0000] {logging_mixin.py:188} INFO - [2025-10-22T12:26:26.634+0000] {dagbag.py:545} INFO - Filling up the DagBag from /home/khaled/dbt-env/lib/python3.12/site-packages/airflow/example_dags/example_params_ui_tutorial.py
[2025-10-22T12:26:26.639+0000] {processor.py:840} INFO - DAG(s) 'example_params_ui_tutorial' retrieved from /home/khaled/dbt-env/lib/python3.12/site-packages/airflow/example_dags/example_params_ui_tutorial.py
[2025-10-22T12:26:26.663+0000] {logging_mixin.py:188} INFO - [2025-10-22T12:26:26.663+0000] {dag.py:3089} INFO - Sync 1 DAGs
[2025-10-22T12:26:26.670+0000] {logging_mixin.py:188} INFO - [2025-10-22T12:26:26.670+0000] {dag.py:3947} INFO - Setting next_dagrun for example_params_ui_tutorial to None, run_after=None
[2025-10-22T12:26:26.689+0000] {processor.py:183} INFO - Processing /home/khaled/dbt-env/lib/python3.12/site-packages/airflow/example_dags/example_params_ui_tutorial.py took 0.074 seconds
[2025-10-22T12:27:40.900+0000] {processor.py:161} INFO - Started process (PID=12013) to work on /home/khaled/dbt-env/lib/python3.12/site-packages/airflow/example_dags/example_params_ui_tutorial.py
[2025-10-22T12:27:40.909+0000] {processor.py:830} INFO - Processing file /home/khaled/dbt-env/lib/python3.12/site-packages/airflow/example_dags/example_params_ui_tutorial.py for tasks to queue
[2025-10-22T12:27:40.911+0000] {logging_mixin.py:188} INFO - [2025-10-22T12:27:40.911+0000] {dagbag.py:545} INFO - Filling up the DagBag from /home/khaled/dbt-env/lib/python3.12/site-packages/airflow/example_dags/example_params_ui_tutorial.py
[2025-10-22T12:27:40.918+0000] {processor.py:840} INFO - DAG(s) 'example_params_ui_tutorial' retrieved from /home/khaled/dbt-env/lib/python3.12/site-packages/airflow/example_dags/example_params_ui_tutorial.py
[2025-10-22T12:27:40.951+0000] {logging_mixin.py:188} INFO - [2025-10-22T12:27:40.951+0000] {dag.py:3089} INFO - Sync 1 DAGs
[2025-10-22T12:27:40.963+0000] {logging_mixin.py:188} INFO - [2025-10-22T12:27:40.962+0000] {dag.py:3947} INFO - Setting next_dagrun for example_params_ui_tutorial to None, run_after=None
[2025-10-22T12:27:40.984+0000] {processor.py:183} INFO - Processing /home/khaled/dbt-env/lib/python3.12/site-packages/airflow/example_dags/example_params_ui_tutorial.py took 0.094 seconds
[2025-10-22T12:28:38.441+0000] {processor.py:161} INFO - Started process (PID=12246) to work on /home/khaled/dbt-env/lib/python3.12/site-packages/airflow/example_dags/example_params_ui_tutorial.py
[2025-10-22T12:28:38.443+0000] {processor.py:830} INFO - Processing file /home/khaled/dbt-env/lib/python3.12/site-packages/airflow/example_dags/example_params_ui_tutorial.py for tasks to queue
[2025-10-22T12:28:38.445+0000] {logging_mixin.py:188} INFO - [2025-10-22T12:28:38.444+0000] {dagbag.py:545} INFO - Filling up the DagBag from /home/khaled/dbt-env/lib/python3.12/site-packages/airflow/example_dags/example_params_ui_tutorial.py
[2025-10-22T12:28:38.451+0000] {processor.py:840} INFO - DAG(s) 'example_params_ui_tutorial' retrieved from /home/khaled/dbt-env/lib/python3.12/site-packages/airflow/example_dags/example_params_ui_tutorial.py
[2025-10-22T12:28:38.490+0000] {logging_mixin.py:188} INFO - [2025-10-22T12:28:38.490+0000] {dag.py:3089} INFO - Sync 1 DAGs
[2025-10-22T12:28:38.500+0000] {logging_mixin.py:188} INFO - [2025-10-22T12:28:38.500+0000] {dag.py:3947} INFO - Setting next_dagrun for example_params_ui_tutorial to None, run_after=None
[2025-10-22T12:28:38.521+0000] {processor.py:183} INFO - Processing /home/khaled/dbt-env/lib/python3.12/site-packages/airflow/example_dags/example_params_ui_tutorial.py took 0.086 seconds
[2025-10-22T12:29:35.424+0000] {processor.py:161} INFO - Started process (PID=12472) to work on /home/khaled/dbt-env/lib/python3.12/site-packages/airflow/example_dags/example_params_ui_tutorial.py
[2025-10-22T12:29:35.437+0000] {processor.py:830} INFO - Processing file /home/khaled/dbt-env/lib/python3.12/site-packages/airflow/example_dags/example_params_ui_tutorial.py for tasks to queue
[2025-10-22T12:29:35.443+0000] {logging_mixin.py:188} INFO - [2025-10-22T12:29:35.442+0000] {dagbag.py:545} INFO - Filling up the DagBag from /home/khaled/dbt-env/lib/python3.12/site-packages/airflow/example_dags/example_params_ui_tutorial.py
[2025-10-22T12:29:35.448+0000] {processor.py:840} INFO - DAG(s) 'example_params_ui_tutorial' retrieved from /home/khaled/dbt-env/lib/python3.12/site-packages/airflow/example_dags/example_params_ui_tutorial.py
[2025-10-22T12:29:35.480+0000] {logging_mixin.py:188} INFO - [2025-10-22T12:29:35.480+0000] {dag.py:3089} INFO - Sync 1 DAGs
[2025-10-22T12:29:35.493+0000] {logging_mixin.py:188} INFO - [2025-10-22T12:29:35.493+0000] {dag.py:3947} INFO - Setting next_dagrun for example_params_ui_tutorial to None, run_after=None
[2025-10-22T12:29:35.518+0000] {processor.py:183} INFO - Processing /home/khaled/dbt-env/lib/python3.12/site-packages/airflow/example_dags/example_params_ui_tutorial.py took 0.104 seconds
[2025-10-22T12:30:28.989+0000] {processor.py:161} INFO - Started process (PID=12538) to work on /home/khaled/dbt-env/lib/python3.12/site-packages/airflow/example_dags/example_params_ui_tutorial.py
[2025-10-22T12:30:28.991+0000] {processor.py:830} INFO - Processing file /home/khaled/dbt-env/lib/python3.12/site-packages/airflow/example_dags/example_params_ui_tutorial.py for tasks to queue
[2025-10-22T12:30:28.992+0000] {logging_mixin.py:188} INFO - [2025-10-22T12:30:28.992+0000] {dagbag.py:545} INFO - Filling up the DagBag from /home/khaled/dbt-env/lib/python3.12/site-packages/airflow/example_dags/example_params_ui_tutorial.py
[2025-10-22T12:30:28.997+0000] {processor.py:840} INFO - DAG(s) 'example_params_ui_tutorial' retrieved from /home/khaled/dbt-env/lib/python3.12/site-packages/airflow/example_dags/example_params_ui_tutorial.py
[2025-10-22T12:30:29.022+0000] {logging_mixin.py:188} INFO - [2025-10-22T12:30:29.022+0000] {dag.py:3089} INFO - Sync 1 DAGs
[2025-10-22T12:30:29.032+0000] {logging_mixin.py:188} INFO - [2025-10-22T12:30:29.032+0000] {dag.py:3947} INFO - Setting next_dagrun for example_params_ui_tutorial to None, run_after=None
[2025-10-22T12:30:29.053+0000] {processor.py:183} INFO - Processing /home/khaled/dbt-env/lib/python3.12/site-packages/airflow/example_dags/example_params_ui_tutorial.py took 0.070 seconds
[2025-10-22T12:31:18.205+0000] {processor.py:161} INFO - Started process (PID=12591) to work on /home/khaled/dbt-env/lib/python3.12/site-packages/airflow/example_dags/example_params_ui_tutorial.py
[2025-10-22T12:31:18.207+0000] {processor.py:830} INFO - Processing file /home/khaled/dbt-env/lib/python3.12/site-packages/airflow/example_dags/example_params_ui_tutorial.py for tasks to queue
[2025-10-22T12:31:18.211+0000] {logging_mixin.py:188} INFO - [2025-10-22T12:31:18.208+0000] {dagbag.py:545} INFO - Filling up the DagBag from /home/khaled/dbt-env/lib/python3.12/site-packages/airflow/example_dags/example_params_ui_tutorial.py
[2025-10-22T12:31:18.219+0000] {processor.py:840} INFO - DAG(s) 'example_params_ui_tutorial' retrieved from /home/khaled/dbt-env/lib/python3.12/site-packages/airflow/example_dags/example_params_ui_tutorial.py
[2025-10-22T12:31:18.248+0000] {logging_mixin.py:188} INFO - [2025-10-22T12:31:18.248+0000] {dag.py:3089} INFO - Sync 1 DAGs
[2025-10-22T12:31:18.361+0000] {logging_mixin.py:188} INFO - [2025-10-22T12:31:18.361+0000] {dag.py:3947} INFO - Setting next_dagrun for example_params_ui_tutorial to None, run_after=None
[2025-10-22T12:31:18.392+0000] {processor.py:183} INFO - Processing /home/khaled/dbt-env/lib/python3.12/site-packages/airflow/example_dags/example_params_ui_tutorial.py took 0.192 seconds
[2025-10-22T12:32:52.508+0000] {processor.py:161} INFO - Started process (PID=12837) to work on /home/khaled/dbt-env/lib/python3.12/site-packages/airflow/example_dags/example_params_ui_tutorial.py
[2025-10-22T12:32:52.647+0000] {processor.py:830} INFO - Processing file /home/khaled/dbt-env/lib/python3.12/site-packages/airflow/example_dags/example_params_ui_tutorial.py for tasks to queue
[2025-10-22T12:32:52.739+0000] {logging_mixin.py:188} INFO - [2025-10-22T12:32:52.694+0000] {dagbag.py:545} INFO - Filling up the DagBag from /home/khaled/dbt-env/lib/python3.12/site-packages/airflow/example_dags/example_params_ui_tutorial.py
[2025-10-22T12:32:53.112+0000] {processor.py:840} INFO - DAG(s) 'example_params_ui_tutorial' retrieved from /home/khaled/dbt-env/lib/python3.12/site-packages/airflow/example_dags/example_params_ui_tutorial.py
[2025-10-22T12:32:56.178+0000] {logging_mixin.py:188} INFO - [2025-10-22T12:32:56.173+0000] {dag.py:3089} INFO - Sync 1 DAGs
[2025-10-22T12:32:57.480+0000] {logging_mixin.py:188} INFO - [2025-10-22T12:32:57.479+0000] {dag.py:3947} INFO - Setting next_dagrun for example_params_ui_tutorial to None, run_after=None
[2025-10-22T12:32:59.687+0000] {processor.py:183} INFO - Processing /home/khaled/dbt-env/lib/python3.12/site-packages/airflow/example_dags/example_params_ui_tutorial.py took 7.570 seconds
[2025-10-22T12:36:46.908+0000] {processor.py:161} INFO - Started process (PID=13131) to work on /home/khaled/dbt-env/lib/python3.12/site-packages/airflow/example_dags/example_params_ui_tutorial.py
[2025-10-22T12:36:46.910+0000] {processor.py:830} INFO - Processing file /home/khaled/dbt-env/lib/python3.12/site-packages/airflow/example_dags/example_params_ui_tutorial.py for tasks to queue
[2025-10-22T12:36:46.912+0000] {logging_mixin.py:188} INFO - [2025-10-22T12:36:46.912+0000] {dagbag.py:545} INFO - Filling up the DagBag from /home/khaled/dbt-env/lib/python3.12/site-packages/airflow/example_dags/example_params_ui_tutorial.py
[2025-10-22T12:36:46.928+0000] {processor.py:840} INFO - DAG(s) 'example_params_ui_tutorial' retrieved from /home/khaled/dbt-env/lib/python3.12/site-packages/airflow/example_dags/example_params_ui_tutorial.py
[2025-10-22T12:36:46.979+0000] {logging_mixin.py:188} INFO - [2025-10-22T12:36:46.978+0000] {dag.py:3089} INFO - Sync 1 DAGs
[2025-10-22T12:36:46.992+0000] {logging_mixin.py:188} INFO - [2025-10-22T12:36:46.992+0000] {dag.py:3947} INFO - Setting next_dagrun for example_params_ui_tutorial to None, run_after=None
[2025-10-22T12:36:47.060+0000] {processor.py:183} INFO - Processing /home/khaled/dbt-env/lib/python3.12/site-packages/airflow/example_dags/example_params_ui_tutorial.py took 0.157 seconds
[2025-10-22T12:38:05.855+0000] {processor.py:161} INFO - Started process (PID=13219) to work on /home/khaled/dbt-env/lib/python3.12/site-packages/airflow/example_dags/example_params_ui_tutorial.py
[2025-10-22T12:38:05.867+0000] {processor.py:830} INFO - Processing file /home/khaled/dbt-env/lib/python3.12/site-packages/airflow/example_dags/example_params_ui_tutorial.py for tasks to queue
[2025-10-22T12:38:05.868+0000] {logging_mixin.py:188} INFO - [2025-10-22T12:38:05.868+0000] {dagbag.py:545} INFO - Filling up the DagBag from /home/khaled/dbt-env/lib/python3.12/site-packages/airflow/example_dags/example_params_ui_tutorial.py
[2025-10-22T12:38:05.877+0000] {processor.py:840} INFO - DAG(s) 'example_params_ui_tutorial' retrieved from /home/khaled/dbt-env/lib/python3.12/site-packages/airflow/example_dags/example_params_ui_tutorial.py
[2025-10-22T12:38:05.920+0000] {logging_mixin.py:188} INFO - [2025-10-22T12:38:05.920+0000] {dag.py:3089} INFO - Sync 1 DAGs
[2025-10-22T12:38:05.930+0000] {logging_mixin.py:188} INFO - [2025-10-22T12:38:05.930+0000] {dag.py:3947} INFO - Setting next_dagrun for example_params_ui_tutorial to None, run_after=None
[2025-10-22T12:38:05.961+0000] {processor.py:183} INFO - Processing /home/khaled/dbt-env/lib/python3.12/site-packages/airflow/example_dags/example_params_ui_tutorial.py took 0.115 seconds
[2025-10-22T12:39:17.572+0000] {processor.py:161} INFO - Started process (PID=13285) to work on /home/khaled/dbt-env/lib/python3.12/site-packages/airflow/example_dags/example_params_ui_tutorial.py
[2025-10-22T12:39:17.575+0000] {processor.py:830} INFO - Processing file /home/khaled/dbt-env/lib/python3.12/site-packages/airflow/example_dags/example_params_ui_tutorial.py for tasks to queue
[2025-10-22T12:39:17.578+0000] {logging_mixin.py:188} INFO - [2025-10-22T12:39:17.577+0000] {dagbag.py:545} INFO - Filling up the DagBag from /home/khaled/dbt-env/lib/python3.12/site-packages/airflow/example_dags/example_params_ui_tutorial.py
[2025-10-22T12:39:17.585+0000] {processor.py:840} INFO - DAG(s) 'example_params_ui_tutorial' retrieved from /home/khaled/dbt-env/lib/python3.12/site-packages/airflow/example_dags/example_params_ui_tutorial.py
[2025-10-22T12:39:17.619+0000] {logging_mixin.py:188} INFO - [2025-10-22T12:39:17.618+0000] {dag.py:3089} INFO - Sync 1 DAGs
[2025-10-22T12:39:17.738+0000] {logging_mixin.py:188} INFO - [2025-10-22T12:39:17.738+0000] {dag.py:3947} INFO - Setting next_dagrun for example_params_ui_tutorial to None, run_after=None
[2025-10-22T12:39:17.762+0000] {processor.py:183} INFO - Processing /home/khaled/dbt-env/lib/python3.12/site-packages/airflow/example_dags/example_params_ui_tutorial.py took 0.197 seconds
[2025-10-22T12:40:38.864+0000] {processor.py:161} INFO - Started process (PID=13365) to work on /home/khaled/dbt-env/lib/python3.12/site-packages/airflow/example_dags/example_params_ui_tutorial.py
[2025-10-22T12:40:38.866+0000] {processor.py:830} INFO - Processing file /home/khaled/dbt-env/lib/python3.12/site-packages/airflow/example_dags/example_params_ui_tutorial.py for tasks to queue
[2025-10-22T12:40:38.868+0000] {logging_mixin.py:188} INFO - [2025-10-22T12:40:38.868+0000] {dagbag.py:545} INFO - Filling up the DagBag from /home/khaled/dbt-env/lib/python3.12/site-packages/airflow/example_dags/example_params_ui_tutorial.py
[2025-10-22T12:40:38.875+0000] {processor.py:840} INFO - DAG(s) 'example_params_ui_tutorial' retrieved from /home/khaled/dbt-env/lib/python3.12/site-packages/airflow/example_dags/example_params_ui_tutorial.py
[2025-10-22T12:40:38.910+0000] {logging_mixin.py:188} INFO - [2025-10-22T12:40:38.910+0000] {dag.py:3089} INFO - Sync 1 DAGs
[2025-10-22T12:40:38.920+0000] {logging_mixin.py:188} INFO - [2025-10-22T12:40:38.919+0000] {dag.py:3947} INFO - Setting next_dagrun for example_params_ui_tutorial to None, run_after=None
[2025-10-22T12:40:38.959+0000] {processor.py:183} INFO - Processing /home/khaled/dbt-env/lib/python3.12/site-packages/airflow/example_dags/example_params_ui_tutorial.py took 0.103 seconds
