[2025-10-22T12:11:51.564+0000] {processor.py:161} INFO - Started process (PID=8046) to work on /home/khaled/dbt-env/lib/python3.12/site-packages/airflow/example_dags/example_trigger_controller_dag.py
[2025-10-22T12:11:51.565+0000] {processor.py:830} INFO - Processing file /home/khaled/dbt-env/lib/python3.12/site-packages/airflow/example_dags/example_trigger_controller_dag.py for tasks to queue
[2025-10-22T12:11:51.566+0000] {logging_mixin.py:188} INFO - [2025-10-22T12:11:51.566+0000] {dagbag.py:545} INFO - Filling up the DagBag from /home/khaled/dbt-env/lib/python3.12/site-packages/airflow/example_dags/example_trigger_controller_dag.py
[2025-10-22T12:11:51.571+0000] {processor.py:840} INFO - DAG(s) 'example_trigger_controller_dag' retrieved from /home/khaled/dbt-env/lib/python3.12/site-packages/airflow/example_dags/example_trigger_controller_dag.py
[2025-10-22T12:11:51.577+0000] {logging_mixin.py:188} INFO - [2025-10-22T12:11:51.577+0000] {dag.py:3089} INFO - Sync 1 DAGs
[2025-10-22T12:11:51.589+0000] {logging_mixin.py:188} INFO - [2025-10-22T12:11:51.589+0000] {dag.py:3947} INFO - Setting next_dagrun for example_trigger_controller_dag to 2021-01-01 00:00:00+00:00, run_after=2021-01-01 00:00:00+00:00
[2025-10-22T12:11:51.622+0000] {processor.py:183} INFO - Processing /home/khaled/dbt-env/lib/python3.12/site-packages/airflow/example_dags/example_trigger_controller_dag.py took 0.064 seconds
[2025-10-22T12:13:06.124+0000] {processor.py:161} INFO - Started process (PID=8834) to work on /home/khaled/dbt-env/lib/python3.12/site-packages/airflow/example_dags/example_trigger_controller_dag.py
[2025-10-22T12:13:06.126+0000] {processor.py:830} INFO - Processing file /home/khaled/dbt-env/lib/python3.12/site-packages/airflow/example_dags/example_trigger_controller_dag.py for tasks to queue
[2025-10-22T12:13:06.136+0000] {logging_mixin.py:188} INFO - [2025-10-22T12:13:06.136+0000] {dagbag.py:545} INFO - Filling up the DagBag from /home/khaled/dbt-env/lib/python3.12/site-packages/airflow/example_dags/example_trigger_controller_dag.py
[2025-10-22T12:13:06.146+0000] {processor.py:840} INFO - DAG(s) 'example_trigger_controller_dag' retrieved from /home/khaled/dbt-env/lib/python3.12/site-packages/airflow/example_dags/example_trigger_controller_dag.py
[2025-10-22T12:13:06.317+0000] {logging_mixin.py:188} INFO - [2025-10-22T12:13:06.317+0000] {dag.py:3089} INFO - Sync 1 DAGs
[2025-10-22T12:13:06.334+0000] {logging_mixin.py:188} INFO - [2025-10-22T12:13:06.334+0000] {dag.py:3947} INFO - Setting next_dagrun for example_trigger_controller_dag to 2021-01-01 00:00:00+00:00, run_after=2021-01-01 00:00:00+00:00
[2025-10-22T12:13:06.421+0000] {processor.py:183} INFO - Processing /home/khaled/dbt-env/lib/python3.12/site-packages/airflow/example_dags/example_trigger_controller_dag.py took 0.303 seconds
[2025-10-22T12:14:04.409+0000] {processor.py:161} INFO - Started process (PID=9298) to work on /home/khaled/dbt-env/lib/python3.12/site-packages/airflow/example_dags/example_trigger_controller_dag.py
[2025-10-22T12:14:04.430+0000] {processor.py:830} INFO - Processing file /home/khaled/dbt-env/lib/python3.12/site-packages/airflow/example_dags/example_trigger_controller_dag.py for tasks to queue
[2025-10-22T12:14:04.436+0000] {logging_mixin.py:188} INFO - [2025-10-22T12:14:04.435+0000] {dagbag.py:545} INFO - Filling up the DagBag from /home/khaled/dbt-env/lib/python3.12/site-packages/airflow/example_dags/example_trigger_controller_dag.py
[2025-10-22T12:14:04.444+0000] {processor.py:840} INFO - DAG(s) 'example_trigger_controller_dag' retrieved from /home/khaled/dbt-env/lib/python3.12/site-packages/airflow/example_dags/example_trigger_controller_dag.py
[2025-10-22T12:14:04.475+0000] {logging_mixin.py:188} INFO - [2025-10-22T12:14:04.474+0000] {dag.py:3089} INFO - Sync 1 DAGs
[2025-10-22T12:14:04.536+0000] {logging_mixin.py:188} INFO - [2025-10-22T12:14:04.534+0000] {dag.py:3947} INFO - Setting next_dagrun for example_trigger_controller_dag to 2021-01-01 00:00:00+00:00, run_after=2021-01-01 00:00:00+00:00
[2025-10-22T12:14:04.612+0000] {processor.py:183} INFO - Processing /home/khaled/dbt-env/lib/python3.12/site-packages/airflow/example_dags/example_trigger_controller_dag.py took 0.219 seconds
[2025-10-22T12:14:57.759+0000] {processor.py:161} INFO - Started process (PID=9458) to work on /home/khaled/dbt-env/lib/python3.12/site-packages/airflow/example_dags/example_trigger_controller_dag.py
[2025-10-22T12:14:57.771+0000] {processor.py:830} INFO - Processing file /home/khaled/dbt-env/lib/python3.12/site-packages/airflow/example_dags/example_trigger_controller_dag.py for tasks to queue
[2025-10-22T12:14:57.775+0000] {logging_mixin.py:188} INFO - [2025-10-22T12:14:57.774+0000] {dagbag.py:545} INFO - Filling up the DagBag from /home/khaled/dbt-env/lib/python3.12/site-packages/airflow/example_dags/example_trigger_controller_dag.py
[2025-10-22T12:14:57.779+0000] {processor.py:840} INFO - DAG(s) 'example_trigger_controller_dag' retrieved from /home/khaled/dbt-env/lib/python3.12/site-packages/airflow/example_dags/example_trigger_controller_dag.py
[2025-10-22T12:14:57.792+0000] {logging_mixin.py:188} INFO - [2025-10-22T12:14:57.792+0000] {dag.py:3089} INFO - Sync 1 DAGs
[2025-10-22T12:14:57.807+0000] {logging_mixin.py:188} INFO - [2025-10-22T12:14:57.807+0000] {dag.py:3947} INFO - Setting next_dagrun for example_trigger_controller_dag to 2021-01-01 00:00:00+00:00, run_after=2021-01-01 00:00:00+00:00
[2025-10-22T12:14:57.827+0000] {processor.py:183} INFO - Processing /home/khaled/dbt-env/lib/python3.12/site-packages/airflow/example_dags/example_trigger_controller_dag.py took 0.072 seconds
[2025-10-22T12:15:45.833+0000] {processor.py:161} INFO - Started process (PID=9621) to work on /home/khaled/dbt-env/lib/python3.12/site-packages/airflow/example_dags/example_trigger_controller_dag.py
[2025-10-22T12:15:45.834+0000] {processor.py:830} INFO - Processing file /home/khaled/dbt-env/lib/python3.12/site-packages/airflow/example_dags/example_trigger_controller_dag.py for tasks to queue
[2025-10-22T12:15:45.836+0000] {logging_mixin.py:188} INFO - [2025-10-22T12:15:45.836+0000] {dagbag.py:545} INFO - Filling up the DagBag from /home/khaled/dbt-env/lib/python3.12/site-packages/airflow/example_dags/example_trigger_controller_dag.py
[2025-10-22T12:15:45.841+0000] {processor.py:840} INFO - DAG(s) 'example_trigger_controller_dag' retrieved from /home/khaled/dbt-env/lib/python3.12/site-packages/airflow/example_dags/example_trigger_controller_dag.py
[2025-10-22T12:15:45.862+0000] {logging_mixin.py:188} INFO - [2025-10-22T12:15:45.861+0000] {dag.py:3089} INFO - Sync 1 DAGs
[2025-10-22T12:15:45.889+0000] {logging_mixin.py:188} INFO - [2025-10-22T12:15:45.889+0000] {dag.py:3947} INFO - Setting next_dagrun for example_trigger_controller_dag to 2021-01-01 00:00:00+00:00, run_after=2021-01-01 00:00:00+00:00
[2025-10-22T12:15:45.932+0000] {processor.py:183} INFO - Processing /home/khaled/dbt-env/lib/python3.12/site-packages/airflow/example_dags/example_trigger_controller_dag.py took 0.114 seconds
[2025-10-22T12:16:38.969+0000] {processor.py:161} INFO - Started process (PID=9732) to work on /home/khaled/dbt-env/lib/python3.12/site-packages/airflow/example_dags/example_trigger_controller_dag.py
[2025-10-22T12:16:38.971+0000] {processor.py:830} INFO - Processing file /home/khaled/dbt-env/lib/python3.12/site-packages/airflow/example_dags/example_trigger_controller_dag.py for tasks to queue
[2025-10-22T12:16:38.973+0000] {logging_mixin.py:188} INFO - [2025-10-22T12:16:38.972+0000] {dagbag.py:545} INFO - Filling up the DagBag from /home/khaled/dbt-env/lib/python3.12/site-packages/airflow/example_dags/example_trigger_controller_dag.py
[2025-10-22T12:16:38.977+0000] {processor.py:840} INFO - DAG(s) 'example_trigger_controller_dag' retrieved from /home/khaled/dbt-env/lib/python3.12/site-packages/airflow/example_dags/example_trigger_controller_dag.py
[2025-10-22T12:16:38.990+0000] {logging_mixin.py:188} INFO - [2025-10-22T12:16:38.990+0000] {dag.py:3089} INFO - Sync 1 DAGs
[2025-10-22T12:16:39.005+0000] {logging_mixin.py:188} INFO - [2025-10-22T12:16:39.005+0000] {dag.py:3947} INFO - Setting next_dagrun for example_trigger_controller_dag to 2021-01-01 00:00:00+00:00, run_after=2021-01-01 00:00:00+00:00
[2025-10-22T12:16:39.047+0000] {processor.py:183} INFO - Processing /home/khaled/dbt-env/lib/python3.12/site-packages/airflow/example_dags/example_trigger_controller_dag.py took 0.082 seconds
[2025-10-22T12:17:27.457+0000] {processor.py:161} INFO - Started process (PID=9839) to work on /home/khaled/dbt-env/lib/python3.12/site-packages/airflow/example_dags/example_trigger_controller_dag.py
[2025-10-22T12:17:27.460+0000] {processor.py:830} INFO - Processing file /home/khaled/dbt-env/lib/python3.12/site-packages/airflow/example_dags/example_trigger_controller_dag.py for tasks to queue
[2025-10-22T12:17:27.462+0000] {logging_mixin.py:188} INFO - [2025-10-22T12:17:27.461+0000] {dagbag.py:545} INFO - Filling up the DagBag from /home/khaled/dbt-env/lib/python3.12/site-packages/airflow/example_dags/example_trigger_controller_dag.py
[2025-10-22T12:17:27.469+0000] {processor.py:840} INFO - DAG(s) 'example_trigger_controller_dag' retrieved from /home/khaled/dbt-env/lib/python3.12/site-packages/airflow/example_dags/example_trigger_controller_dag.py
[2025-10-22T12:17:27.483+0000] {logging_mixin.py:188} INFO - [2025-10-22T12:17:27.482+0000] {dag.py:3089} INFO - Sync 1 DAGs
[2025-10-22T12:17:27.498+0000] {logging_mixin.py:188} INFO - [2025-10-22T12:17:27.498+0000] {dag.py:3947} INFO - Setting next_dagrun for example_trigger_controller_dag to 2021-01-01 00:00:00+00:00, run_after=2021-01-01 00:00:00+00:00
[2025-10-22T12:17:27.518+0000] {processor.py:183} INFO - Processing /home/khaled/dbt-env/lib/python3.12/site-packages/airflow/example_dags/example_trigger_controller_dag.py took 0.066 seconds
[2025-10-22T12:18:18.342+0000] {processor.py:161} INFO - Started process (PID=10245) to work on /home/khaled/dbt-env/lib/python3.12/site-packages/airflow/example_dags/example_trigger_controller_dag.py
[2025-10-22T12:18:18.344+0000] {processor.py:830} INFO - Processing file /home/khaled/dbt-env/lib/python3.12/site-packages/airflow/example_dags/example_trigger_controller_dag.py for tasks to queue
[2025-10-22T12:18:18.345+0000] {logging_mixin.py:188} INFO - [2025-10-22T12:18:18.345+0000] {dagbag.py:545} INFO - Filling up the DagBag from /home/khaled/dbt-env/lib/python3.12/site-packages/airflow/example_dags/example_trigger_controller_dag.py
[2025-10-22T12:18:18.349+0000] {processor.py:840} INFO - DAG(s) 'example_trigger_controller_dag' retrieved from /home/khaled/dbt-env/lib/python3.12/site-packages/airflow/example_dags/example_trigger_controller_dag.py
[2025-10-22T12:18:18.359+0000] {logging_mixin.py:188} INFO - [2025-10-22T12:18:18.359+0000] {dag.py:3089} INFO - Sync 1 DAGs
[2025-10-22T12:18:18.370+0000] {logging_mixin.py:188} INFO - [2025-10-22T12:18:18.370+0000] {dag.py:3947} INFO - Setting next_dagrun for example_trigger_controller_dag to 2021-01-01 00:00:00+00:00, run_after=2021-01-01 00:00:00+00:00
[2025-10-22T12:18:18.403+0000] {processor.py:183} INFO - Processing /home/khaled/dbt-env/lib/python3.12/site-packages/airflow/example_dags/example_trigger_controller_dag.py took 0.064 seconds
[2025-10-22T12:19:15.409+0000] {processor.py:161} INFO - Started process (PID=10344) to work on /home/khaled/dbt-env/lib/python3.12/site-packages/airflow/example_dags/example_trigger_controller_dag.py
[2025-10-22T12:19:15.412+0000] {processor.py:830} INFO - Processing file /home/khaled/dbt-env/lib/python3.12/site-packages/airflow/example_dags/example_trigger_controller_dag.py for tasks to queue
[2025-10-22T12:19:15.413+0000] {logging_mixin.py:188} INFO - [2025-10-22T12:19:15.413+0000] {dagbag.py:545} INFO - Filling up the DagBag from /home/khaled/dbt-env/lib/python3.12/site-packages/airflow/example_dags/example_trigger_controller_dag.py
[2025-10-22T12:19:15.425+0000] {processor.py:840} INFO - DAG(s) 'example_trigger_controller_dag' retrieved from /home/khaled/dbt-env/lib/python3.12/site-packages/airflow/example_dags/example_trigger_controller_dag.py
[2025-10-22T12:19:15.455+0000] {logging_mixin.py:188} INFO - [2025-10-22T12:19:15.455+0000] {dag.py:3089} INFO - Sync 1 DAGs
[2025-10-22T12:19:15.473+0000] {logging_mixin.py:188} INFO - [2025-10-22T12:19:15.473+0000] {dag.py:3947} INFO - Setting next_dagrun for example_trigger_controller_dag to 2021-01-01 00:00:00+00:00, run_after=2021-01-01 00:00:00+00:00
[2025-10-22T12:19:15.521+0000] {processor.py:183} INFO - Processing /home/khaled/dbt-env/lib/python3.12/site-packages/airflow/example_dags/example_trigger_controller_dag.py took 0.122 seconds
[2025-10-22T12:22:22.435+0000] {processor.py:161} INFO - Started process (PID=10634) to work on /home/khaled/dbt-env/lib/python3.12/site-packages/airflow/example_dags/example_trigger_controller_dag.py
[2025-10-22T12:22:22.441+0000] {processor.py:830} INFO - Processing file /home/khaled/dbt-env/lib/python3.12/site-packages/airflow/example_dags/example_trigger_controller_dag.py for tasks to queue
[2025-10-22T12:22:22.443+0000] {logging_mixin.py:188} INFO - [2025-10-22T12:22:22.443+0000] {dagbag.py:545} INFO - Filling up the DagBag from /home/khaled/dbt-env/lib/python3.12/site-packages/airflow/example_dags/example_trigger_controller_dag.py
[2025-10-22T12:22:22.450+0000] {processor.py:840} INFO - DAG(s) 'example_trigger_controller_dag' retrieved from /home/khaled/dbt-env/lib/python3.12/site-packages/airflow/example_dags/example_trigger_controller_dag.py
[2025-10-22T12:22:22.478+0000] {logging_mixin.py:188} INFO - [2025-10-22T12:22:22.477+0000] {dag.py:3089} INFO - Sync 1 DAGs
[2025-10-22T12:22:22.495+0000] {logging_mixin.py:188} INFO - [2025-10-22T12:22:22.495+0000] {dag.py:3947} INFO - Setting next_dagrun for example_trigger_controller_dag to 2021-01-01 00:00:00+00:00, run_after=2021-01-01 00:00:00+00:00
[2025-10-22T12:22:22.528+0000] {processor.py:183} INFO - Processing /home/khaled/dbt-env/lib/python3.12/site-packages/airflow/example_dags/example_trigger_controller_dag.py took 0.099 seconds
[2025-10-22T12:23:19.694+0000] {processor.py:161} INFO - Started process (PID=11114) to work on /home/khaled/dbt-env/lib/python3.12/site-packages/airflow/example_dags/example_trigger_controller_dag.py
[2025-10-22T12:23:19.706+0000] {processor.py:830} INFO - Processing file /home/khaled/dbt-env/lib/python3.12/site-packages/airflow/example_dags/example_trigger_controller_dag.py for tasks to queue
[2025-10-22T12:23:19.708+0000] {logging_mixin.py:188} INFO - [2025-10-22T12:23:19.707+0000] {dagbag.py:545} INFO - Filling up the DagBag from /home/khaled/dbt-env/lib/python3.12/site-packages/airflow/example_dags/example_trigger_controller_dag.py
[2025-10-22T12:23:19.714+0000] {processor.py:840} INFO - DAG(s) 'example_trigger_controller_dag' retrieved from /home/khaled/dbt-env/lib/python3.12/site-packages/airflow/example_dags/example_trigger_controller_dag.py
[2025-10-22T12:23:19.727+0000] {logging_mixin.py:188} INFO - [2025-10-22T12:23:19.727+0000] {dag.py:3089} INFO - Sync 1 DAGs
[2025-10-22T12:23:19.742+0000] {logging_mixin.py:188} INFO - [2025-10-22T12:23:19.741+0000] {dag.py:3947} INFO - Setting next_dagrun for example_trigger_controller_dag to 2021-01-01 00:00:00+00:00, run_after=2021-01-01 00:00:00+00:00
[2025-10-22T12:23:19.762+0000] {processor.py:183} INFO - Processing /home/khaled/dbt-env/lib/python3.12/site-packages/airflow/example_dags/example_trigger_controller_dag.py took 0.073 seconds
[2025-10-22T12:24:15.800+0000] {processor.py:161} INFO - Started process (PID=11247) to work on /home/khaled/dbt-env/lib/python3.12/site-packages/airflow/example_dags/example_trigger_controller_dag.py
[2025-10-22T12:24:15.801+0000] {processor.py:830} INFO - Processing file /home/khaled/dbt-env/lib/python3.12/site-packages/airflow/example_dags/example_trigger_controller_dag.py for tasks to queue
[2025-10-22T12:24:15.803+0000] {logging_mixin.py:188} INFO - [2025-10-22T12:24:15.803+0000] {dagbag.py:545} INFO - Filling up the DagBag from /home/khaled/dbt-env/lib/python3.12/site-packages/airflow/example_dags/example_trigger_controller_dag.py
[2025-10-22T12:24:15.809+0000] {processor.py:840} INFO - DAG(s) 'example_trigger_controller_dag' retrieved from /home/khaled/dbt-env/lib/python3.12/site-packages/airflow/example_dags/example_trigger_controller_dag.py
[2025-10-22T12:24:15.833+0000] {logging_mixin.py:188} INFO - [2025-10-22T12:24:15.832+0000] {dag.py:3089} INFO - Sync 1 DAGs
[2025-10-22T12:24:15.856+0000] {logging_mixin.py:188} INFO - [2025-10-22T12:24:15.856+0000] {dag.py:3947} INFO - Setting next_dagrun for example_trigger_controller_dag to 2021-01-01 00:00:00+00:00, run_after=2021-01-01 00:00:00+00:00
[2025-10-22T12:24:15.895+0000] {processor.py:183} INFO - Processing /home/khaled/dbt-env/lib/python3.12/site-packages/airflow/example_dags/example_trigger_controller_dag.py took 0.099 seconds
[2025-10-22T12:25:08.507+0000] {processor.py:161} INFO - Started process (PID=11388) to work on /home/khaled/dbt-env/lib/python3.12/site-packages/airflow/example_dags/example_trigger_controller_dag.py
[2025-10-22T12:25:08.510+0000] {processor.py:830} INFO - Processing file /home/khaled/dbt-env/lib/python3.12/site-packages/airflow/example_dags/example_trigger_controller_dag.py for tasks to queue
[2025-10-22T12:25:08.513+0000] {logging_mixin.py:188} INFO - [2025-10-22T12:25:08.512+0000] {dagbag.py:545} INFO - Filling up the DagBag from /home/khaled/dbt-env/lib/python3.12/site-packages/airflow/example_dags/example_trigger_controller_dag.py
[2025-10-22T12:25:08.526+0000] {processor.py:840} INFO - DAG(s) 'example_trigger_controller_dag' retrieved from /home/khaled/dbt-env/lib/python3.12/site-packages/airflow/example_dags/example_trigger_controller_dag.py
[2025-10-22T12:25:08.542+0000] {logging_mixin.py:188} INFO - [2025-10-22T12:25:08.542+0000] {dag.py:3089} INFO - Sync 1 DAGs
[2025-10-22T12:25:08.567+0000] {logging_mixin.py:188} INFO - [2025-10-22T12:25:08.567+0000] {dag.py:3947} INFO - Setting next_dagrun for example_trigger_controller_dag to 2021-01-01 00:00:00+00:00, run_after=2021-01-01 00:00:00+00:00
[2025-10-22T12:25:08.591+0000] {processor.py:183} INFO - Processing /home/khaled/dbt-env/lib/python3.12/site-packages/airflow/example_dags/example_trigger_controller_dag.py took 0.088 seconds
[2025-10-22T12:26:02.329+0000] {processor.py:161} INFO - Started process (PID=11451) to work on /home/khaled/dbt-env/lib/python3.12/site-packages/airflow/example_dags/example_trigger_controller_dag.py
[2025-10-22T12:26:02.340+0000] {processor.py:830} INFO - Processing file /home/khaled/dbt-env/lib/python3.12/site-packages/airflow/example_dags/example_trigger_controller_dag.py for tasks to queue
[2025-10-22T12:26:02.344+0000] {logging_mixin.py:188} INFO - [2025-10-22T12:26:02.343+0000] {dagbag.py:545} INFO - Filling up the DagBag from /home/khaled/dbt-env/lib/python3.12/site-packages/airflow/example_dags/example_trigger_controller_dag.py
[2025-10-22T12:26:02.356+0000] {processor.py:840} INFO - DAG(s) 'example_trigger_controller_dag' retrieved from /home/khaled/dbt-env/lib/python3.12/site-packages/airflow/example_dags/example_trigger_controller_dag.py
[2025-10-22T12:26:02.373+0000] {logging_mixin.py:188} INFO - [2025-10-22T12:26:02.373+0000] {dag.py:3089} INFO - Sync 1 DAGs
[2025-10-22T12:26:02.387+0000] {logging_mixin.py:188} INFO - [2025-10-22T12:26:02.387+0000] {dag.py:3947} INFO - Setting next_dagrun for example_trigger_controller_dag to 2021-01-01 00:00:00+00:00, run_after=2021-01-01 00:00:00+00:00
[2025-10-22T12:26:02.417+0000] {processor.py:183} INFO - Processing /home/khaled/dbt-env/lib/python3.12/site-packages/airflow/example_dags/example_trigger_controller_dag.py took 0.094 seconds
[2025-10-22T12:26:59.023+0000] {processor.py:161} INFO - Started process (PID=11729) to work on /home/khaled/dbt-env/lib/python3.12/site-packages/airflow/example_dags/example_trigger_controller_dag.py
[2025-10-22T12:26:59.034+0000] {processor.py:830} INFO - Processing file /home/khaled/dbt-env/lib/python3.12/site-packages/airflow/example_dags/example_trigger_controller_dag.py for tasks to queue
[2025-10-22T12:26:59.039+0000] {logging_mixin.py:188} INFO - [2025-10-22T12:26:59.037+0000] {dagbag.py:545} INFO - Filling up the DagBag from /home/khaled/dbt-env/lib/python3.12/site-packages/airflow/example_dags/example_trigger_controller_dag.py
[2025-10-22T12:26:59.048+0000] {processor.py:840} INFO - DAG(s) 'example_trigger_controller_dag' retrieved from /home/khaled/dbt-env/lib/python3.12/site-packages/airflow/example_dags/example_trigger_controller_dag.py
[2025-10-22T12:26:59.065+0000] {logging_mixin.py:188} INFO - [2025-10-22T12:26:59.064+0000] {dag.py:3089} INFO - Sync 1 DAGs
[2025-10-22T12:26:59.090+0000] {logging_mixin.py:188} INFO - [2025-10-22T12:26:59.090+0000] {dag.py:3947} INFO - Setting next_dagrun for example_trigger_controller_dag to 2021-01-01 00:00:00+00:00, run_after=2021-01-01 00:00:00+00:00
[2025-10-22T12:26:59.126+0000] {processor.py:183} INFO - Processing /home/khaled/dbt-env/lib/python3.12/site-packages/airflow/example_dags/example_trigger_controller_dag.py took 0.110 seconds
[2025-10-22T12:28:13.391+0000] {processor.py:161} INFO - Started process (PID=12107) to work on /home/khaled/dbt-env/lib/python3.12/site-packages/airflow/example_dags/example_trigger_controller_dag.py
[2025-10-22T12:28:13.403+0000] {processor.py:830} INFO - Processing file /home/khaled/dbt-env/lib/python3.12/site-packages/airflow/example_dags/example_trigger_controller_dag.py for tasks to queue
[2025-10-22T12:28:13.405+0000] {logging_mixin.py:188} INFO - [2025-10-22T12:28:13.404+0000] {dagbag.py:545} INFO - Filling up the DagBag from /home/khaled/dbt-env/lib/python3.12/site-packages/airflow/example_dags/example_trigger_controller_dag.py
[2025-10-22T12:28:13.412+0000] {processor.py:840} INFO - DAG(s) 'example_trigger_controller_dag' retrieved from /home/khaled/dbt-env/lib/python3.12/site-packages/airflow/example_dags/example_trigger_controller_dag.py
[2025-10-22T12:28:13.435+0000] {logging_mixin.py:188} INFO - [2025-10-22T12:28:13.435+0000] {dag.py:3089} INFO - Sync 1 DAGs
[2025-10-22T12:28:13.474+0000] {logging_mixin.py:188} INFO - [2025-10-22T12:28:13.474+0000] {dag.py:3947} INFO - Setting next_dagrun for example_trigger_controller_dag to 2021-01-01 00:00:00+00:00, run_after=2021-01-01 00:00:00+00:00
[2025-10-22T12:28:13.525+0000] {processor.py:183} INFO - Processing /home/khaled/dbt-env/lib/python3.12/site-packages/airflow/example_dags/example_trigger_controller_dag.py took 0.160 seconds
[2025-10-22T12:29:09.406+0000] {processor.py:161} INFO - Started process (PID=12373) to work on /home/khaled/dbt-env/lib/python3.12/site-packages/airflow/example_dags/example_trigger_controller_dag.py
[2025-10-22T12:29:09.417+0000] {processor.py:830} INFO - Processing file /home/khaled/dbt-env/lib/python3.12/site-packages/airflow/example_dags/example_trigger_controller_dag.py for tasks to queue
[2025-10-22T12:29:09.418+0000] {logging_mixin.py:188} INFO - [2025-10-22T12:29:09.418+0000] {dagbag.py:545} INFO - Filling up the DagBag from /home/khaled/dbt-env/lib/python3.12/site-packages/airflow/example_dags/example_trigger_controller_dag.py
[2025-10-22T12:29:09.422+0000] {processor.py:840} INFO - DAG(s) 'example_trigger_controller_dag' retrieved from /home/khaled/dbt-env/lib/python3.12/site-packages/airflow/example_dags/example_trigger_controller_dag.py
[2025-10-22T12:29:09.432+0000] {logging_mixin.py:188} INFO - [2025-10-22T12:29:09.432+0000] {dag.py:3089} INFO - Sync 1 DAGs
[2025-10-22T12:29:09.443+0000] {logging_mixin.py:188} INFO - [2025-10-22T12:29:09.443+0000] {dag.py:3947} INFO - Setting next_dagrun for example_trigger_controller_dag to 2021-01-01 00:00:00+00:00, run_after=2021-01-01 00:00:00+00:00
[2025-10-22T12:29:09.462+0000] {processor.py:183} INFO - Processing /home/khaled/dbt-env/lib/python3.12/site-packages/airflow/example_dags/example_trigger_controller_dag.py took 0.062 seconds
[2025-10-22T12:30:06.526+0000] {processor.py:161} INFO - Started process (PID=12508) to work on /home/khaled/dbt-env/lib/python3.12/site-packages/airflow/example_dags/example_trigger_controller_dag.py
[2025-10-22T12:30:06.528+0000] {processor.py:830} INFO - Processing file /home/khaled/dbt-env/lib/python3.12/site-packages/airflow/example_dags/example_trigger_controller_dag.py for tasks to queue
[2025-10-22T12:30:06.529+0000] {logging_mixin.py:188} INFO - [2025-10-22T12:30:06.529+0000] {dagbag.py:545} INFO - Filling up the DagBag from /home/khaled/dbt-env/lib/python3.12/site-packages/airflow/example_dags/example_trigger_controller_dag.py
[2025-10-22T12:30:06.533+0000] {processor.py:840} INFO - DAG(s) 'example_trigger_controller_dag' retrieved from /home/khaled/dbt-env/lib/python3.12/site-packages/airflow/example_dags/example_trigger_controller_dag.py
[2025-10-22T12:30:06.545+0000] {logging_mixin.py:188} INFO - [2025-10-22T12:30:06.544+0000] {dag.py:3089} INFO - Sync 1 DAGs
[2025-10-22T12:30:06.560+0000] {logging_mixin.py:188} INFO - [2025-10-22T12:30:06.559+0000] {dag.py:3947} INFO - Setting next_dagrun for example_trigger_controller_dag to 2021-01-01 00:00:00+00:00, run_after=2021-01-01 00:00:00+00:00
[2025-10-22T12:30:06.582+0000] {processor.py:183} INFO - Processing /home/khaled/dbt-env/lib/python3.12/site-packages/airflow/example_dags/example_trigger_controller_dag.py took 0.062 seconds
[2025-10-22T12:30:55.861+0000] {processor.py:161} INFO - Started process (PID=12567) to work on /home/khaled/dbt-env/lib/python3.12/site-packages/airflow/example_dags/example_trigger_controller_dag.py
[2025-10-22T12:30:55.862+0000] {processor.py:830} INFO - Processing file /home/khaled/dbt-env/lib/python3.12/site-packages/airflow/example_dags/example_trigger_controller_dag.py for tasks to queue
[2025-10-22T12:30:55.863+0000] {logging_mixin.py:188} INFO - [2025-10-22T12:30:55.863+0000] {dagbag.py:545} INFO - Filling up the DagBag from /home/khaled/dbt-env/lib/python3.12/site-packages/airflow/example_dags/example_trigger_controller_dag.py
[2025-10-22T12:30:55.868+0000] {processor.py:840} INFO - DAG(s) 'example_trigger_controller_dag' retrieved from /home/khaled/dbt-env/lib/python3.12/site-packages/airflow/example_dags/example_trigger_controller_dag.py
[2025-10-22T12:30:55.882+0000] {logging_mixin.py:188} INFO - [2025-10-22T12:30:55.881+0000] {dag.py:3089} INFO - Sync 1 DAGs
[2025-10-22T12:30:55.898+0000] {logging_mixin.py:188} INFO - [2025-10-22T12:30:55.898+0000] {dag.py:3947} INFO - Setting next_dagrun for example_trigger_controller_dag to 2021-01-01 00:00:00+00:00, run_after=2021-01-01 00:00:00+00:00
[2025-10-22T12:30:55.920+0000] {processor.py:183} INFO - Processing /home/khaled/dbt-env/lib/python3.12/site-packages/airflow/example_dags/example_trigger_controller_dag.py took 0.064 seconds
[2025-10-22T12:31:48.051+0000] {processor.py:161} INFO - Started process (PID=12646) to work on /home/khaled/dbt-env/lib/python3.12/site-packages/airflow/example_dags/example_trigger_controller_dag.py
[2025-10-22T12:31:48.052+0000] {processor.py:830} INFO - Processing file /home/khaled/dbt-env/lib/python3.12/site-packages/airflow/example_dags/example_trigger_controller_dag.py for tasks to queue
[2025-10-22T12:31:48.054+0000] {logging_mixin.py:188} INFO - [2025-10-22T12:31:48.053+0000] {dagbag.py:545} INFO - Filling up the DagBag from /home/khaled/dbt-env/lib/python3.12/site-packages/airflow/example_dags/example_trigger_controller_dag.py
[2025-10-22T12:31:48.060+0000] {processor.py:840} INFO - DAG(s) 'example_trigger_controller_dag' retrieved from /home/khaled/dbt-env/lib/python3.12/site-packages/airflow/example_dags/example_trigger_controller_dag.py
[2025-10-22T12:31:48.075+0000] {logging_mixin.py:188} INFO - [2025-10-22T12:31:48.075+0000] {dag.py:3089} INFO - Sync 1 DAGs
[2025-10-22T12:31:48.091+0000] {logging_mixin.py:188} INFO - [2025-10-22T12:31:48.091+0000] {dag.py:3947} INFO - Setting next_dagrun for example_trigger_controller_dag to 2021-01-01 00:00:00+00:00, run_after=2021-01-01 00:00:00+00:00
[2025-10-22T12:31:48.128+0000] {processor.py:183} INFO - Processing /home/khaled/dbt-env/lib/python3.12/site-packages/airflow/example_dags/example_trigger_controller_dag.py took 0.087 seconds
[2025-10-22T12:32:33.632+0000] {processor.py:161} INFO - Started process (PID=12824) to work on /home/khaled/dbt-env/lib/python3.12/site-packages/airflow/example_dags/example_trigger_controller_dag.py
[2025-10-22T12:32:33.633+0000] {processor.py:830} INFO - Processing file /home/khaled/dbt-env/lib/python3.12/site-packages/airflow/example_dags/example_trigger_controller_dag.py for tasks to queue
[2025-10-22T12:32:33.638+0000] {logging_mixin.py:188} INFO - [2025-10-22T12:32:33.636+0000] {dagbag.py:545} INFO - Filling up the DagBag from /home/khaled/dbt-env/lib/python3.12/site-packages/airflow/example_dags/example_trigger_controller_dag.py
[2025-10-22T12:32:33.642+0000] {processor.py:840} INFO - DAG(s) 'example_trigger_controller_dag' retrieved from /home/khaled/dbt-env/lib/python3.12/site-packages/airflow/example_dags/example_trigger_controller_dag.py
[2025-10-22T12:32:33.660+0000] {logging_mixin.py:188} INFO - [2025-10-22T12:32:33.660+0000] {dag.py:3089} INFO - Sync 1 DAGs
[2025-10-22T12:32:33.684+0000] {logging_mixin.py:188} INFO - [2025-10-22T12:32:33.684+0000] {dag.py:3947} INFO - Setting next_dagrun for example_trigger_controller_dag to 2021-01-01 00:00:00+00:00, run_after=2021-01-01 00:00:00+00:00
[2025-10-22T12:32:33.734+0000] {processor.py:183} INFO - Processing /home/khaled/dbt-env/lib/python3.12/site-packages/airflow/example_dags/example_trigger_controller_dag.py took 0.115 seconds
[2025-10-22T12:35:53.346+0000] {processor.py:161} INFO - Started process (PID=12902) to work on /home/khaled/dbt-env/lib/python3.12/site-packages/airflow/example_dags/example_trigger_controller_dag.py
[2025-10-22T12:35:53.363+0000] {processor.py:830} INFO - Processing file /home/khaled/dbt-env/lib/python3.12/site-packages/airflow/example_dags/example_trigger_controller_dag.py for tasks to queue
[2025-10-22T12:35:53.383+0000] {logging_mixin.py:188} INFO - [2025-10-22T12:35:53.376+0000] {dagbag.py:545} INFO - Filling up the DagBag from /home/khaled/dbt-env/lib/python3.12/site-packages/airflow/example_dags/example_trigger_controller_dag.py
[2025-10-22T12:35:53.603+0000] {processor.py:840} INFO - DAG(s) 'example_trigger_controller_dag' retrieved from /home/khaled/dbt-env/lib/python3.12/site-packages/airflow/example_dags/example_trigger_controller_dag.py
[2025-10-22T12:35:54.111+0000] {logging_mixin.py:188} INFO - [2025-10-22T12:35:54.102+0000] {dag.py:3089} INFO - Sync 1 DAGs
[2025-10-22T12:35:55.271+0000] {logging_mixin.py:188} INFO - [2025-10-22T12:35:55.262+0000] {dag.py:3947} INFO - Setting next_dagrun for example_trigger_controller_dag to 2021-01-01 00:00:00+00:00, run_after=2021-01-01 00:00:00+00:00
[2025-10-22T12:35:57.405+0000] {processor.py:183} INFO - Processing /home/khaled/dbt-env/lib/python3.12/site-packages/airflow/example_dags/example_trigger_controller_dag.py took 4.193 seconds
[2025-10-22T12:37:45.788+0000] {processor.py:161} INFO - Started process (PID=13201) to work on /home/khaled/dbt-env/lib/python3.12/site-packages/airflow/example_dags/example_trigger_controller_dag.py
[2025-10-22T12:37:45.800+0000] {processor.py:830} INFO - Processing file /home/khaled/dbt-env/lib/python3.12/site-packages/airflow/example_dags/example_trigger_controller_dag.py for tasks to queue
[2025-10-22T12:37:45.802+0000] {logging_mixin.py:188} INFO - [2025-10-22T12:37:45.802+0000] {dagbag.py:545} INFO - Filling up the DagBag from /home/khaled/dbt-env/lib/python3.12/site-packages/airflow/example_dags/example_trigger_controller_dag.py
[2025-10-22T12:37:45.807+0000] {processor.py:840} INFO - DAG(s) 'example_trigger_controller_dag' retrieved from /home/khaled/dbt-env/lib/python3.12/site-packages/airflow/example_dags/example_trigger_controller_dag.py
[2025-10-22T12:37:45.820+0000] {logging_mixin.py:188} INFO - [2025-10-22T12:37:45.820+0000] {dag.py:3089} INFO - Sync 1 DAGs
[2025-10-22T12:37:45.933+0000] {logging_mixin.py:188} INFO - [2025-10-22T12:37:45.932+0000] {dag.py:3947} INFO - Setting next_dagrun for example_trigger_controller_dag to 2021-01-01 00:00:00+00:00, run_after=2021-01-01 00:00:00+00:00
[2025-10-22T12:37:45.955+0000] {processor.py:183} INFO - Processing /home/khaled/dbt-env/lib/python3.12/site-packages/airflow/example_dags/example_trigger_controller_dag.py took 0.174 seconds
[2025-10-22T12:38:57.902+0000] {processor.py:161} INFO - Started process (PID=13266) to work on /home/khaled/dbt-env/lib/python3.12/site-packages/airflow/example_dags/example_trigger_controller_dag.py
[2025-10-22T12:38:57.912+0000] {processor.py:830} INFO - Processing file /home/khaled/dbt-env/lib/python3.12/site-packages/airflow/example_dags/example_trigger_controller_dag.py for tasks to queue
[2025-10-22T12:38:57.914+0000] {logging_mixin.py:188} INFO - [2025-10-22T12:38:57.914+0000] {dagbag.py:545} INFO - Filling up the DagBag from /home/khaled/dbt-env/lib/python3.12/site-packages/airflow/example_dags/example_trigger_controller_dag.py
[2025-10-22T12:38:57.917+0000] {processor.py:840} INFO - DAG(s) 'example_trigger_controller_dag' retrieved from /home/khaled/dbt-env/lib/python3.12/site-packages/airflow/example_dags/example_trigger_controller_dag.py
[2025-10-22T12:38:57.928+0000] {logging_mixin.py:188} INFO - [2025-10-22T12:38:57.928+0000] {dag.py:3089} INFO - Sync 1 DAGs
[2025-10-22T12:38:57.943+0000] {logging_mixin.py:188} INFO - [2025-10-22T12:38:57.943+0000] {dag.py:3947} INFO - Setting next_dagrun for example_trigger_controller_dag to 2021-01-01 00:00:00+00:00, run_after=2021-01-01 00:00:00+00:00
[2025-10-22T12:38:58.070+0000] {processor.py:183} INFO - Processing /home/khaled/dbt-env/lib/python3.12/site-packages/airflow/example_dags/example_trigger_controller_dag.py took 0.175 seconds
[2025-10-22T12:40:19.969+0000] {processor.py:161} INFO - Started process (PID=13339) to work on /home/khaled/dbt-env/lib/python3.12/site-packages/airflow/example_dags/example_trigger_controller_dag.py
[2025-10-22T12:40:19.981+0000] {processor.py:830} INFO - Processing file /home/khaled/dbt-env/lib/python3.12/site-packages/airflow/example_dags/example_trigger_controller_dag.py for tasks to queue
[2025-10-22T12:40:19.983+0000] {logging_mixin.py:188} INFO - [2025-10-22T12:40:19.982+0000] {dagbag.py:545} INFO - Filling up the DagBag from /home/khaled/dbt-env/lib/python3.12/site-packages/airflow/example_dags/example_trigger_controller_dag.py
[2025-10-22T12:40:19.987+0000] {processor.py:840} INFO - DAG(s) 'example_trigger_controller_dag' retrieved from /home/khaled/dbt-env/lib/python3.12/site-packages/airflow/example_dags/example_trigger_controller_dag.py
[2025-10-22T12:40:20.004+0000] {logging_mixin.py:188} INFO - [2025-10-22T12:40:20.004+0000] {dag.py:3089} INFO - Sync 1 DAGs
[2025-10-22T12:40:20.025+0000] {logging_mixin.py:188} INFO - [2025-10-22T12:40:20.025+0000] {dag.py:3947} INFO - Setting next_dagrun for example_trigger_controller_dag to 2021-01-01 00:00:00+00:00, run_after=2021-01-01 00:00:00+00:00
[2025-10-22T12:40:20.061+0000] {processor.py:183} INFO - Processing /home/khaled/dbt-env/lib/python3.12/site-packages/airflow/example_dags/example_trigger_controller_dag.py took 0.100 seconds
