[2025-10-22T12:12:40.577+0000] {processor.py:161} INFO - Started process (PID=8560) to work on /home/khaled/dbt-env/lib/python3.12/site-packages/airflow/example_dags/example_branch_day_of_week_operator.py
[2025-10-22T12:12:40.577+0000] {processor.py:830} INFO - Processing file /home/khaled/dbt-env/lib/python3.12/site-packages/airflow/example_dags/example_branch_day_of_week_operator.py for tasks to queue
[2025-10-22T12:12:40.580+0000] {logging_mixin.py:188} INFO - [2025-10-22T12:12:40.580+0000] {dagbag.py:545} INFO - Filling up the DagBag from /home/khaled/dbt-env/lib/python3.12/site-packages/airflow/example_dags/example_branch_day_of_week_operator.py
[2025-10-22T12:12:40.597+0000] {processor.py:840} INFO - DAG(s) 'example_weekday_branch_operator' retrieved from /home/khaled/dbt-env/lib/python3.12/site-packages/airflow/example_dags/example_branch_day_of_week_operator.py
[2025-10-22T12:12:40.699+0000] {logging_mixin.py:188} INFO - [2025-10-22T12:12:40.699+0000] {dag.py:3089} INFO - Sync 1 DAGs
[2025-10-22T12:12:40.714+0000] {logging_mixin.py:188} INFO - [2025-10-22T12:12:40.713+0000] {dag.py:3947} INFO - Setting next_dagrun for example_weekday_branch_operator to 2025-10-21 00:00:00+00:00, run_after=2025-10-22 00:00:00+00:00
[2025-10-22T12:12:40.757+0000] {processor.py:183} INFO - Processing /home/khaled/dbt-env/lib/python3.12/site-packages/airflow/example_dags/example_branch_day_of_week_operator.py took 0.187 seconds
[2025-10-22T12:13:59.317+0000] {processor.py:161} INFO - Started process (PID=9292) to work on /home/khaled/dbt-env/lib/python3.12/site-packages/airflow/example_dags/example_branch_day_of_week_operator.py
[2025-10-22T12:13:59.328+0000] {processor.py:830} INFO - Processing file /home/khaled/dbt-env/lib/python3.12/site-packages/airflow/example_dags/example_branch_day_of_week_operator.py for tasks to queue
[2025-10-22T12:13:59.329+0000] {logging_mixin.py:188} INFO - [2025-10-22T12:13:59.329+0000] {dagbag.py:545} INFO - Filling up the DagBag from /home/khaled/dbt-env/lib/python3.12/site-packages/airflow/example_dags/example_branch_day_of_week_operator.py
[2025-10-22T12:13:59.334+0000] {processor.py:840} INFO - DAG(s) 'example_weekday_branch_operator' retrieved from /home/khaled/dbt-env/lib/python3.12/site-packages/airflow/example_dags/example_branch_day_of_week_operator.py
[2025-10-22T12:13:59.351+0000] {logging_mixin.py:188} INFO - [2025-10-22T12:13:59.351+0000] {dag.py:3089} INFO - Sync 1 DAGs
[2025-10-22T12:13:59.365+0000] {logging_mixin.py:188} INFO - [2025-10-22T12:13:59.365+0000] {dag.py:3947} INFO - Setting next_dagrun for example_weekday_branch_operator to 2025-10-21 00:00:00+00:00, run_after=2025-10-22 00:00:00+00:00
[2025-10-22T12:13:59.389+0000] {processor.py:183} INFO - Processing /home/khaled/dbt-env/lib/python3.12/site-packages/airflow/example_dags/example_branch_day_of_week_operator.py took 0.076 seconds
[2025-10-22T12:14:56.612+0000] {processor.py:161} INFO - Started process (PID=9457) to work on /home/khaled/dbt-env/lib/python3.12/site-packages/airflow/example_dags/example_branch_day_of_week_operator.py
[2025-10-22T12:14:56.613+0000] {processor.py:830} INFO - Processing file /home/khaled/dbt-env/lib/python3.12/site-packages/airflow/example_dags/example_branch_day_of_week_operator.py for tasks to queue
[2025-10-22T12:14:56.614+0000] {logging_mixin.py:188} INFO - [2025-10-22T12:14:56.614+0000] {dagbag.py:545} INFO - Filling up the DagBag from /home/khaled/dbt-env/lib/python3.12/site-packages/airflow/example_dags/example_branch_day_of_week_operator.py
[2025-10-22T12:14:56.621+0000] {processor.py:840} INFO - DAG(s) 'example_weekday_branch_operator' retrieved from /home/khaled/dbt-env/lib/python3.12/site-packages/airflow/example_dags/example_branch_day_of_week_operator.py
[2025-10-22T12:14:56.635+0000] {logging_mixin.py:188} INFO - [2025-10-22T12:14:56.635+0000] {dag.py:3089} INFO - Sync 1 DAGs
[2025-10-22T12:14:56.649+0000] {logging_mixin.py:188} INFO - [2025-10-22T12:14:56.648+0000] {dag.py:3947} INFO - Setting next_dagrun for example_weekday_branch_operator to 2025-10-21 00:00:00+00:00, run_after=2025-10-22 00:00:00+00:00
[2025-10-22T12:14:56.680+0000] {processor.py:183} INFO - Processing /home/khaled/dbt-env/lib/python3.12/site-packages/airflow/example_dags/example_branch_day_of_week_operator.py took 0.073 seconds
[2025-10-22T12:16:11.475+0000] {processor.py:161} INFO - Started process (PID=9650) to work on /home/khaled/dbt-env/lib/python3.12/site-packages/airflow/example_dags/example_branch_day_of_week_operator.py
[2025-10-22T12:16:11.485+0000] {processor.py:830} INFO - Processing file /home/khaled/dbt-env/lib/python3.12/site-packages/airflow/example_dags/example_branch_day_of_week_operator.py for tasks to queue
[2025-10-22T12:16:11.487+0000] {logging_mixin.py:188} INFO - [2025-10-22T12:16:11.486+0000] {dagbag.py:545} INFO - Filling up the DagBag from /home/khaled/dbt-env/lib/python3.12/site-packages/airflow/example_dags/example_branch_day_of_week_operator.py
[2025-10-22T12:16:11.492+0000] {processor.py:840} INFO - DAG(s) 'example_weekday_branch_operator' retrieved from /home/khaled/dbt-env/lib/python3.12/site-packages/airflow/example_dags/example_branch_day_of_week_operator.py
[2025-10-22T12:16:11.506+0000] {logging_mixin.py:188} INFO - [2025-10-22T12:16:11.506+0000] {dag.py:3089} INFO - Sync 1 DAGs
[2025-10-22T12:16:11.521+0000] {logging_mixin.py:188} INFO - [2025-10-22T12:16:11.521+0000] {dag.py:3947} INFO - Setting next_dagrun for example_weekday_branch_operator to 2025-10-21 00:00:00+00:00, run_after=2025-10-22 00:00:00+00:00
[2025-10-22T12:16:11.542+0000] {processor.py:183} INFO - Processing /home/khaled/dbt-env/lib/python3.12/site-packages/airflow/example_dags/example_branch_day_of_week_operator.py took 0.072 seconds
[2025-10-22T12:17:25.178+0000] {processor.py:161} INFO - Started process (PID=9837) to work on /home/khaled/dbt-env/lib/python3.12/site-packages/airflow/example_dags/example_branch_day_of_week_operator.py
[2025-10-22T12:17:25.180+0000] {processor.py:830} INFO - Processing file /home/khaled/dbt-env/lib/python3.12/site-packages/airflow/example_dags/example_branch_day_of_week_operator.py for tasks to queue
[2025-10-22T12:17:25.182+0000] {logging_mixin.py:188} INFO - [2025-10-22T12:17:25.182+0000] {dagbag.py:545} INFO - Filling up the DagBag from /home/khaled/dbt-env/lib/python3.12/site-packages/airflow/example_dags/example_branch_day_of_week_operator.py
[2025-10-22T12:17:25.188+0000] {processor.py:840} INFO - DAG(s) 'example_weekday_branch_operator' retrieved from /home/khaled/dbt-env/lib/python3.12/site-packages/airflow/example_dags/example_branch_day_of_week_operator.py
[2025-10-22T12:17:25.202+0000] {logging_mixin.py:188} INFO - [2025-10-22T12:17:25.201+0000] {dag.py:3089} INFO - Sync 1 DAGs
[2025-10-22T12:17:25.217+0000] {logging_mixin.py:188} INFO - [2025-10-22T12:17:25.217+0000] {dag.py:3947} INFO - Setting next_dagrun for example_weekday_branch_operator to 2025-10-21 00:00:00+00:00, run_after=2025-10-22 00:00:00+00:00
[2025-10-22T12:17:25.237+0000] {processor.py:183} INFO - Processing /home/khaled/dbt-env/lib/python3.12/site-packages/airflow/example_dags/example_branch_day_of_week_operator.py took 0.067 seconds
[2025-10-22T12:22:57.926+0000] {processor.py:161} INFO - Started process (PID=10758) to work on /home/khaled/dbt-env/lib/python3.12/site-packages/airflow/example_dags/example_branch_day_of_week_operator.py
[2025-10-22T12:22:57.941+0000] {processor.py:830} INFO - Processing file /home/khaled/dbt-env/lib/python3.12/site-packages/airflow/example_dags/example_branch_day_of_week_operator.py for tasks to queue
[2025-10-22T12:22:57.942+0000] {logging_mixin.py:188} INFO - [2025-10-22T12:22:57.942+0000] {dagbag.py:545} INFO - Filling up the DagBag from /home/khaled/dbt-env/lib/python3.12/site-packages/airflow/example_dags/example_branch_day_of_week_operator.py
[2025-10-22T12:22:57.949+0000] {processor.py:840} INFO - DAG(s) 'example_weekday_branch_operator' retrieved from /home/khaled/dbt-env/lib/python3.12/site-packages/airflow/example_dags/example_branch_day_of_week_operator.py
[2025-10-22T12:22:57.961+0000] {logging_mixin.py:188} INFO - [2025-10-22T12:22:57.961+0000] {dag.py:3089} INFO - Sync 1 DAGs
[2025-10-22T12:22:57.979+0000] {logging_mixin.py:188} INFO - [2025-10-22T12:22:57.979+0000] {dag.py:3947} INFO - Setting next_dagrun for example_weekday_branch_operator to 2025-10-21 00:00:00+00:00, run_after=2025-10-22 00:00:00+00:00
[2025-10-22T12:22:58.001+0000] {processor.py:183} INFO - Processing /home/khaled/dbt-env/lib/python3.12/site-packages/airflow/example_dags/example_branch_day_of_week_operator.py took 0.079 seconds
[2025-10-22T12:23:55.525+0000] {processor.py:161} INFO - Started process (PID=11217) to work on /home/khaled/dbt-env/lib/python3.12/site-packages/airflow/example_dags/example_branch_day_of_week_operator.py
[2025-10-22T12:23:55.538+0000] {processor.py:830} INFO - Processing file /home/khaled/dbt-env/lib/python3.12/site-packages/airflow/example_dags/example_branch_day_of_week_operator.py for tasks to queue
[2025-10-22T12:23:55.540+0000] {logging_mixin.py:188} INFO - [2025-10-22T12:23:55.540+0000] {dagbag.py:545} INFO - Filling up the DagBag from /home/khaled/dbt-env/lib/python3.12/site-packages/airflow/example_dags/example_branch_day_of_week_operator.py
[2025-10-22T12:23:55.549+0000] {processor.py:840} INFO - DAG(s) 'example_weekday_branch_operator' retrieved from /home/khaled/dbt-env/lib/python3.12/site-packages/airflow/example_dags/example_branch_day_of_week_operator.py
[2025-10-22T12:23:55.569+0000] {logging_mixin.py:188} INFO - [2025-10-22T12:23:55.568+0000] {dag.py:3089} INFO - Sync 1 DAGs
[2025-10-22T12:23:55.608+0000] {logging_mixin.py:188} INFO - [2025-10-22T12:23:55.607+0000] {dag.py:3947} INFO - Setting next_dagrun for example_weekday_branch_operator to 2025-10-21 00:00:00+00:00, run_after=2025-10-22 00:00:00+00:00
[2025-10-22T12:23:55.640+0000] {processor.py:183} INFO - Processing /home/khaled/dbt-env/lib/python3.12/site-packages/airflow/example_dags/example_branch_day_of_week_operator.py took 0.125 seconds
[2025-10-22T12:24:50.695+0000] {processor.py:161} INFO - Started process (PID=11361) to work on /home/khaled/dbt-env/lib/python3.12/site-packages/airflow/example_dags/example_branch_day_of_week_operator.py
[2025-10-22T12:24:50.706+0000] {processor.py:830} INFO - Processing file /home/khaled/dbt-env/lib/python3.12/site-packages/airflow/example_dags/example_branch_day_of_week_operator.py for tasks to queue
[2025-10-22T12:24:50.713+0000] {logging_mixin.py:188} INFO - [2025-10-22T12:24:50.712+0000] {dagbag.py:545} INFO - Filling up the DagBag from /home/khaled/dbt-env/lib/python3.12/site-packages/airflow/example_dags/example_branch_day_of_week_operator.py
[2025-10-22T12:24:50.733+0000] {processor.py:840} INFO - DAG(s) 'example_weekday_branch_operator' retrieved from /home/khaled/dbt-env/lib/python3.12/site-packages/airflow/example_dags/example_branch_day_of_week_operator.py
[2025-10-22T12:24:50.786+0000] {logging_mixin.py:188} INFO - [2025-10-22T12:24:50.785+0000] {dag.py:3089} INFO - Sync 1 DAGs
[2025-10-22T12:24:50.841+0000] {logging_mixin.py:188} INFO - [2025-10-22T12:24:50.839+0000] {dag.py:3947} INFO - Setting next_dagrun for example_weekday_branch_operator to 2025-10-21 00:00:00+00:00, run_after=2025-10-22 00:00:00+00:00
[2025-10-22T12:24:50.942+0000] {processor.py:183} INFO - Processing /home/khaled/dbt-env/lib/python3.12/site-packages/airflow/example_dags/example_branch_day_of_week_operator.py took 0.261 seconds
[2025-10-22T12:26:11.053+0000] {processor.py:161} INFO - Started process (PID=11514) to work on /home/khaled/dbt-env/lib/python3.12/site-packages/airflow/example_dags/example_branch_day_of_week_operator.py
[2025-10-22T12:26:11.082+0000] {processor.py:830} INFO - Processing file /home/khaled/dbt-env/lib/python3.12/site-packages/airflow/example_dags/example_branch_day_of_week_operator.py for tasks to queue
[2025-10-22T12:26:11.094+0000] {logging_mixin.py:188} INFO - [2025-10-22T12:26:11.094+0000] {dagbag.py:545} INFO - Filling up the DagBag from /home/khaled/dbt-env/lib/python3.12/site-packages/airflow/example_dags/example_branch_day_of_week_operator.py
[2025-10-22T12:26:11.129+0000] {processor.py:840} INFO - DAG(s) 'example_weekday_branch_operator' retrieved from /home/khaled/dbt-env/lib/python3.12/site-packages/airflow/example_dags/example_branch_day_of_week_operator.py
[2025-10-22T12:26:11.193+0000] {logging_mixin.py:188} INFO - [2025-10-22T12:26:11.193+0000] {dag.py:3089} INFO - Sync 1 DAGs
[2025-10-22T12:26:11.330+0000] {logging_mixin.py:188} INFO - [2025-10-22T12:26:11.329+0000] {dag.py:3947} INFO - Setting next_dagrun for example_weekday_branch_operator to 2025-10-21 00:00:00+00:00, run_after=2025-10-22 00:00:00+00:00
[2025-10-22T12:26:11.413+0000] {processor.py:183} INFO - Processing /home/khaled/dbt-env/lib/python3.12/site-packages/airflow/example_dags/example_branch_day_of_week_operator.py took 0.401 seconds
[2025-10-22T12:27:19.458+0000] {processor.py:161} INFO - Started process (PID=11866) to work on /home/khaled/dbt-env/lib/python3.12/site-packages/airflow/example_dags/example_branch_day_of_week_operator.py
[2025-10-22T12:27:19.467+0000] {processor.py:830} INFO - Processing file /home/khaled/dbt-env/lib/python3.12/site-packages/airflow/example_dags/example_branch_day_of_week_operator.py for tasks to queue
[2025-10-22T12:27:19.469+0000] {logging_mixin.py:188} INFO - [2025-10-22T12:27:19.469+0000] {dagbag.py:545} INFO - Filling up the DagBag from /home/khaled/dbt-env/lib/python3.12/site-packages/airflow/example_dags/example_branch_day_of_week_operator.py
[2025-10-22T12:27:19.496+0000] {processor.py:840} INFO - DAG(s) 'example_weekday_branch_operator' retrieved from /home/khaled/dbt-env/lib/python3.12/site-packages/airflow/example_dags/example_branch_day_of_week_operator.py
[2025-10-22T12:27:19.550+0000] {logging_mixin.py:188} INFO - [2025-10-22T12:27:19.550+0000] {dag.py:3089} INFO - Sync 1 DAGs
[2025-10-22T12:27:19.611+0000] {logging_mixin.py:188} INFO - [2025-10-22T12:27:19.611+0000] {dag.py:3947} INFO - Setting next_dagrun for example_weekday_branch_operator to 2025-10-21 00:00:00+00:00, run_after=2025-10-22 00:00:00+00:00
[2025-10-22T12:27:19.673+0000] {processor.py:183} INFO - Processing /home/khaled/dbt-env/lib/python3.12/site-packages/airflow/example_dags/example_branch_day_of_week_operator.py took 0.236 seconds
[2025-10-22T12:28:22.373+0000] {processor.py:161} INFO - Started process (PID=12119) to work on /home/khaled/dbt-env/lib/python3.12/site-packages/airflow/example_dags/example_branch_day_of_week_operator.py
[2025-10-22T12:28:22.374+0000] {processor.py:830} INFO - Processing file /home/khaled/dbt-env/lib/python3.12/site-packages/airflow/example_dags/example_branch_day_of_week_operator.py for tasks to queue
[2025-10-22T12:28:22.376+0000] {logging_mixin.py:188} INFO - [2025-10-22T12:28:22.375+0000] {dagbag.py:545} INFO - Filling up the DagBag from /home/khaled/dbt-env/lib/python3.12/site-packages/airflow/example_dags/example_branch_day_of_week_operator.py
[2025-10-22T12:28:22.383+0000] {processor.py:840} INFO - DAG(s) 'example_weekday_branch_operator' retrieved from /home/khaled/dbt-env/lib/python3.12/site-packages/airflow/example_dags/example_branch_day_of_week_operator.py
[2025-10-22T12:28:22.401+0000] {logging_mixin.py:188} INFO - [2025-10-22T12:28:22.400+0000] {dag.py:3089} INFO - Sync 1 DAGs
[2025-10-22T12:28:22.422+0000] {logging_mixin.py:188} INFO - [2025-10-22T12:28:22.422+0000] {dag.py:3947} INFO - Setting next_dagrun for example_weekday_branch_operator to 2025-10-21 00:00:00+00:00, run_after=2025-10-22 00:00:00+00:00
[2025-10-22T12:28:22.448+0000] {processor.py:183} INFO - Processing /home/khaled/dbt-env/lib/python3.12/site-packages/airflow/example_dags/example_branch_day_of_week_operator.py took 0.084 seconds
[2025-10-22T12:29:19.816+0000] {processor.py:161} INFO - Started process (PID=12432) to work on /home/khaled/dbt-env/lib/python3.12/site-packages/airflow/example_dags/example_branch_day_of_week_operator.py
[2025-10-22T12:29:19.826+0000] {processor.py:830} INFO - Processing file /home/khaled/dbt-env/lib/python3.12/site-packages/airflow/example_dags/example_branch_day_of_week_operator.py for tasks to queue
[2025-10-22T12:29:19.827+0000] {logging_mixin.py:188} INFO - [2025-10-22T12:29:19.827+0000] {dagbag.py:545} INFO - Filling up the DagBag from /home/khaled/dbt-env/lib/python3.12/site-packages/airflow/example_dags/example_branch_day_of_week_operator.py
[2025-10-22T12:29:19.832+0000] {processor.py:840} INFO - DAG(s) 'example_weekday_branch_operator' retrieved from /home/khaled/dbt-env/lib/python3.12/site-packages/airflow/example_dags/example_branch_day_of_week_operator.py
[2025-10-22T12:29:19.846+0000] {logging_mixin.py:188} INFO - [2025-10-22T12:29:19.846+0000] {dag.py:3089} INFO - Sync 1 DAGs
[2025-10-22T12:29:19.858+0000] {logging_mixin.py:188} INFO - [2025-10-22T12:29:19.858+0000] {dag.py:3947} INFO - Setting next_dagrun for example_weekday_branch_operator to 2025-10-21 00:00:00+00:00, run_after=2025-10-22 00:00:00+00:00
[2025-10-22T12:29:19.878+0000] {processor.py:183} INFO - Processing /home/khaled/dbt-env/lib/python3.12/site-packages/airflow/example_dags/example_branch_day_of_week_operator.py took 0.067 seconds
[2025-10-22T12:30:15.485+0000] {processor.py:161} INFO - Started process (PID=12520) to work on /home/khaled/dbt-env/lib/python3.12/site-packages/airflow/example_dags/example_branch_day_of_week_operator.py
[2025-10-22T12:30:15.499+0000] {processor.py:830} INFO - Processing file /home/khaled/dbt-env/lib/python3.12/site-packages/airflow/example_dags/example_branch_day_of_week_operator.py for tasks to queue
[2025-10-22T12:30:15.508+0000] {logging_mixin.py:188} INFO - [2025-10-22T12:30:15.506+0000] {dagbag.py:545} INFO - Filling up the DagBag from /home/khaled/dbt-env/lib/python3.12/site-packages/airflow/example_dags/example_branch_day_of_week_operator.py
[2025-10-22T12:30:15.518+0000] {processor.py:840} INFO - DAG(s) 'example_weekday_branch_operator' retrieved from /home/khaled/dbt-env/lib/python3.12/site-packages/airflow/example_dags/example_branch_day_of_week_operator.py
[2025-10-22T12:30:15.547+0000] {logging_mixin.py:188} INFO - [2025-10-22T12:30:15.546+0000] {dag.py:3089} INFO - Sync 1 DAGs
[2025-10-22T12:30:15.583+0000] {logging_mixin.py:188} INFO - [2025-10-22T12:30:15.582+0000] {dag.py:3947} INFO - Setting next_dagrun for example_weekday_branch_operator to 2025-10-21 00:00:00+00:00, run_after=2025-10-22 00:00:00+00:00
[2025-10-22T12:30:15.610+0000] {processor.py:183} INFO - Processing /home/khaled/dbt-env/lib/python3.12/site-packages/airflow/example_dags/example_branch_day_of_week_operator.py took 0.133 seconds
[2025-10-22T12:31:31.129+0000] {processor.py:161} INFO - Started process (PID=12621) to work on /home/khaled/dbt-env/lib/python3.12/site-packages/airflow/example_dags/example_branch_day_of_week_operator.py
[2025-10-22T12:31:31.140+0000] {processor.py:830} INFO - Processing file /home/khaled/dbt-env/lib/python3.12/site-packages/airflow/example_dags/example_branch_day_of_week_operator.py for tasks to queue
[2025-10-22T12:31:31.142+0000] {logging_mixin.py:188} INFO - [2025-10-22T12:31:31.142+0000] {dagbag.py:545} INFO - Filling up the DagBag from /home/khaled/dbt-env/lib/python3.12/site-packages/airflow/example_dags/example_branch_day_of_week_operator.py
[2025-10-22T12:31:31.150+0000] {processor.py:840} INFO - DAG(s) 'example_weekday_branch_operator' retrieved from /home/khaled/dbt-env/lib/python3.12/site-packages/airflow/example_dags/example_branch_day_of_week_operator.py
[2025-10-22T12:31:31.173+0000] {logging_mixin.py:188} INFO - [2025-10-22T12:31:31.171+0000] {dag.py:3089} INFO - Sync 1 DAGs
[2025-10-22T12:31:31.207+0000] {logging_mixin.py:188} INFO - [2025-10-22T12:31:31.204+0000] {dag.py:3947} INFO - Setting next_dagrun for example_weekday_branch_operator to 2025-10-21 00:00:00+00:00, run_after=2025-10-22 00:00:00+00:00
[2025-10-22T12:31:31.237+0000] {processor.py:183} INFO - Processing /home/khaled/dbt-env/lib/python3.12/site-packages/airflow/example_dags/example_branch_day_of_week_operator.py took 0.117 seconds
[2025-10-22T12:34:13.900+0000] {processor.py:161} INFO - Started process (PID=12864) to work on /home/khaled/dbt-env/lib/python3.12/site-packages/airflow/example_dags/example_branch_day_of_week_operator.py
[2025-10-22T12:34:13.976+0000] {processor.py:830} INFO - Processing file /home/khaled/dbt-env/lib/python3.12/site-packages/airflow/example_dags/example_branch_day_of_week_operator.py for tasks to queue
[2025-10-22T12:34:14.013+0000] {logging_mixin.py:188} INFO - [2025-10-22T12:34:14.007+0000] {dagbag.py:545} INFO - Filling up the DagBag from /home/khaled/dbt-env/lib/python3.12/site-packages/airflow/example_dags/example_branch_day_of_week_operator.py
[2025-10-22T12:34:14.192+0000] {processor.py:840} INFO - DAG(s) 'example_weekday_branch_operator' retrieved from /home/khaled/dbt-env/lib/python3.12/site-packages/airflow/example_dags/example_branch_day_of_week_operator.py
[2025-10-22T12:34:14.558+0000] {logging_mixin.py:188} INFO - [2025-10-22T12:34:14.557+0000] {dag.py:3089} INFO - Sync 1 DAGs
[2025-10-22T12:34:17.093+0000] {logging_mixin.py:188} INFO - [2025-10-22T12:34:17.088+0000] {dag.py:3947} INFO - Setting next_dagrun for example_weekday_branch_operator to 2025-10-21 00:00:00+00:00, run_after=2025-10-22 00:00:00+00:00
[2025-10-22T12:34:18.411+0000] {processor.py:183} INFO - Processing /home/khaled/dbt-env/lib/python3.12/site-packages/airflow/example_dags/example_branch_day_of_week_operator.py took 4.785 seconds
[2025-10-22T12:38:10.445+0000] {processor.py:161} INFO - Started process (PID=13222) to work on /home/khaled/dbt-env/lib/python3.12/site-packages/airflow/example_dags/example_branch_day_of_week_operator.py
[2025-10-22T12:38:10.455+0000] {processor.py:830} INFO - Processing file /home/khaled/dbt-env/lib/python3.12/site-packages/airflow/example_dags/example_branch_day_of_week_operator.py for tasks to queue
[2025-10-22T12:38:10.457+0000] {logging_mixin.py:188} INFO - [2025-10-22T12:38:10.457+0000] {dagbag.py:545} INFO - Filling up the DagBag from /home/khaled/dbt-env/lib/python3.12/site-packages/airflow/example_dags/example_branch_day_of_week_operator.py
[2025-10-22T12:38:10.464+0000] {processor.py:840} INFO - DAG(s) 'example_weekday_branch_operator' retrieved from /home/khaled/dbt-env/lib/python3.12/site-packages/airflow/example_dags/example_branch_day_of_week_operator.py
[2025-10-22T12:38:10.485+0000] {logging_mixin.py:188} INFO - [2025-10-22T12:38:10.485+0000] {dag.py:3089} INFO - Sync 1 DAGs
[2025-10-22T12:38:10.500+0000] {logging_mixin.py:188} INFO - [2025-10-22T12:38:10.500+0000] {dag.py:3947} INFO - Setting next_dagrun for example_weekday_branch_operator to 2025-10-21 00:00:00+00:00, run_after=2025-10-22 00:00:00+00:00
[2025-10-22T12:38:10.520+0000] {processor.py:183} INFO - Processing /home/khaled/dbt-env/lib/python3.12/site-packages/airflow/example_dags/example_branch_day_of_week_operator.py took 0.082 seconds
[2025-10-22T12:39:22.085+0000] {processor.py:161} INFO - Started process (PID=13288) to work on /home/khaled/dbt-env/lib/python3.12/site-packages/airflow/example_dags/example_branch_day_of_week_operator.py
[2025-10-22T12:39:22.097+0000] {processor.py:830} INFO - Processing file /home/khaled/dbt-env/lib/python3.12/site-packages/airflow/example_dags/example_branch_day_of_week_operator.py for tasks to queue
[2025-10-22T12:39:22.099+0000] {logging_mixin.py:188} INFO - [2025-10-22T12:39:22.098+0000] {dagbag.py:545} INFO - Filling up the DagBag from /home/khaled/dbt-env/lib/python3.12/site-packages/airflow/example_dags/example_branch_day_of_week_operator.py
[2025-10-22T12:39:22.105+0000] {processor.py:840} INFO - DAG(s) 'example_weekday_branch_operator' retrieved from /home/khaled/dbt-env/lib/python3.12/site-packages/airflow/example_dags/example_branch_day_of_week_operator.py
[2025-10-22T12:39:22.120+0000] {logging_mixin.py:188} INFO - [2025-10-22T12:39:22.120+0000] {dag.py:3089} INFO - Sync 1 DAGs
[2025-10-22T12:39:22.250+0000] {logging_mixin.py:188} INFO - [2025-10-22T12:39:22.250+0000] {dag.py:3947} INFO - Setting next_dagrun for example_weekday_branch_operator to 2025-10-21 00:00:00+00:00, run_after=2025-10-22 00:00:00+00:00
[2025-10-22T12:39:22.272+0000] {processor.py:183} INFO - Processing /home/khaled/dbt-env/lib/python3.12/site-packages/airflow/example_dags/example_branch_day_of_week_operator.py took 0.194 seconds
[2025-10-22T12:40:41.969+0000] {processor.py:161} INFO - Started process (PID=13368) to work on /home