[2025-10-22T12:12:07.310+0000] {processor.py:161} INFO - Started process (PID=8206) to work on /home/khaled/dbt-env/lib/python3.12/site-packages/airflow/example_dags/example_python_operator.py
[2025-10-22T12:12:07.311+0000] {processor.py:830} INFO - Processing file /home/khaled/dbt-env/lib/python3.12/site-packages/airflow/example_dags/example_python_operator.py for tasks to queue
[2025-10-22T12:12:07.312+0000] {logging_mixin.py:188} INFO - [2025-10-22T12:12:07.312+0000] {dagbag.py:545} INFO - Filling up the DagBag from /home/khaled/dbt-env/lib/python3.12/site-packages/airflow/example_dags/example_python_operator.py
[2025-10-22T12:12:07.317+0000] {logging_mixin.py:188} INFO - [2025-10-22T12:12:07.317+0000] {example_python_operator.py:93} WARNING - The virtalenv_python example task requires virtualenv, please install it.
[2025-10-22T12:12:07.317+0000] {processor.py:840} INFO - DAG(s) 'example_python_operator' retrieved from /home/khaled/dbt-env/lib/python3.12/site-packages/airflow/example_dags/example_python_operator.py
[2025-10-22T12:12:07.390+0000] {logging_mixin.py:188} INFO - [2025-10-22T12:12:07.390+0000] {dag.py:3089} INFO - Sync 1 DAGs
[2025-10-22T12:12:07.397+0000] {logging_mixin.py:188} INFO - [2025-10-22T12:12:07.397+0000] {dag.py:3947} INFO - Setting next_dagrun for example_python_operator to None, run_after=None
[2025-10-22T12:12:07.434+0000] {processor.py:183} INFO - Processing /home/khaled/dbt-env/lib/python3.12/site-packages/airflow/example_dags/example_python_operator.py took 0.128 seconds
[2025-10-22T12:13:22.848+0000] {processor.py:161} INFO - Started process (PID=9008) to work on /home/khaled/dbt-env/lib/python3.12/site-packages/airflow/example_dags/example_python_operator.py
[2025-10-22T12:13:22.862+0000] {processor.py:830} INFO - Processing file /home/khaled/dbt-env/lib/python3.12/site-packages/airflow/example_dags/example_python_operator.py for tasks to queue
[2025-10-22T12:13:22.865+0000] {logging_mixin.py:188} INFO - [2025-10-22T12:13:22.865+0000] {dagbag.py:545} INFO - Filling up the DagBag from /home/khaled/dbt-env/lib/python3.12/site-packages/airflow/example_dags/example_python_operator.py
[2025-10-22T12:13:22.873+0000] {logging_mixin.py:188} INFO - [2025-10-22T12:13:22.873+0000] {example_python_operator.py:93} WARNING - The virtalenv_python example task requires virtualenv, please install it.
[2025-10-22T12:13:22.874+0000] {processor.py:840} INFO - DAG(s) 'example_python_operator' retrieved from /home/khaled/dbt-env/lib/python3.12/site-packages/airflow/example_dags/example_python_operator.py
[2025-10-22T12:13:22.900+0000] {logging_mixin.py:188} INFO - [2025-10-22T12:13:22.900+0000] {dag.py:3089} INFO - Sync 1 DAGs
[2025-10-22T12:13:22.919+0000] {logging_mixin.py:188} INFO - [2025-10-22T12:13:22.918+0000] {dag.py:3947} INFO - Setting next_dagrun for example_python_operator to None, run_after=None
[2025-10-22T12:13:22.983+0000] {processor.py:183} INFO - Processing /home/khaled/dbt-env/lib/python3.12/site-packages/airflow/example_dags/example_python_operator.py took 0.141 seconds
[2025-10-22T12:14:20.270+0000] {processor.py:161} INFO - Started process (PID=9316) to work on /home/khaled/dbt-env/lib/python3.12/site-packages/airflow/example_dags/example_python_operator.py
[2025-10-22T12:14:20.282+0000] {processor.py:830} INFO - Processing file /home/khaled/dbt-env/lib/python3.12/site-packages/airflow/example_dags/example_python_operator.py for tasks to queue
[2025-10-22T12:14:20.283+0000] {logging_mixin.py:188} INFO - [2025-10-22T12:14:20.283+0000] {dagbag.py:545} INFO - Filling up the DagBag from /home/khaled/dbt-env/lib/python3.12/site-packages/airflow/example_dags/example_python_operator.py
[2025-10-22T12:14:20.290+0000] {logging_mixin.py:188} INFO - [2025-10-22T12:14:20.290+0000] {example_python_operator.py:93} WARNING - The virtalenv_python example task requires virtualenv, please install it.
[2025-10-22T12:14:20.292+0000] {processor.py:840} INFO - DAG(s) 'example_python_operator' retrieved from /home/khaled/dbt-env/lib/python3.12/site-packages/airflow/example_dags/example_python_operator.py
[2025-10-22T12:14:20.325+0000] {logging_mixin.py:188} INFO - [2025-10-22T12:14:20.324+0000] {dag.py:3089} INFO - Sync 1 DAGs
[2025-10-22T12:14:20.339+0000] {logging_mixin.py:188} INFO - [2025-10-22T12:14:20.338+0000] {dag.py:3947} INFO - Setting next_dagrun for example_python_operator to None, run_after=None
[2025-10-22T12:14:20.377+0000] {processor.py:183} INFO - Processing /home/khaled/dbt-env/lib/python3.12/site-packages/airflow/example_dags/example_python_operator.py took 0.112 seconds
[2025-10-22T12:15:11.158+0000] {processor.py:161} INFO - Started process (PID=9486) to work on /home/khaled/dbt-env/lib/python3.12/site-packages/airflow/example_dags/example_python_operator.py
[2025-10-22T12:15:11.168+0000] {processor.py:830} INFO - Processing file /home/khaled/dbt-env/lib/python3.12/site-packages/airflow/example_dags/example_python_operator.py for tasks to queue
[2025-10-22T12:15:11.171+0000] {logging_mixin.py:188} INFO - [2025-10-22T12:15:11.170+0000] {dagbag.py:545} INFO - Filling up the DagBag from /home/khaled/dbt-env/lib/python3.12/site-packages/airflow/example_dags/example_python_operator.py
[2025-10-22T12:15:11.176+0000] {logging_mixin.py:188} INFO - [2025-10-22T12:15:11.176+0000] {example_python_operator.py:93} WARNING - The virtalenv_python example task requires virtualenv, please install it.
[2025-10-22T12:15:11.176+0000] {processor.py:840} INFO - DAG(s) 'example_python_operator' retrieved from /home/khaled/dbt-env/lib/python3.12/site-packages/airflow/example_dags/example_python_operator.py
[2025-10-22T12:15:11.187+0000] {logging_mixin.py:188} INFO - [2025-10-22T12:15:11.187+0000] {dag.py:3089} INFO - Sync 1 DAGs
[2025-10-22T12:15:11.197+0000] {logging_mixin.py:188} INFO - [2025-10-22T12:15:11.197+0000] {dag.py:3947} INFO - Setting next_dagrun for example_python_operator to None, run_after=None
[2025-10-22T12:15:11.215+0000] {processor.py:183} INFO - Processing /home/khaled/dbt-env/lib/python3.12/site-packages/airflow/example_dags/example_python_operator.py took 0.063 seconds
[2025-10-22T12:16:00.286+0000] {processor.py:161} INFO - Started process (PID=9635) to work on /home/khaled/dbt-env/lib/python3.12/site-packages/airflow/example_dags/example_python_operator.py
[2025-10-22T12:16:00.287+0000] {processor.py:830} INFO - Processing file /home/khaled/dbt-env/lib/python3.12/site-packages/airflow/example_dags/example_python_operator.py for tasks to queue
[2025-10-22T12:16:00.289+0000] {logging_mixin.py:188} INFO - [2025-10-22T12:16:00.289+0000] {dagbag.py:545} INFO - Filling up the DagBag from /home/khaled/dbt-env/lib/python3.12/site-packages/airflow/example_dags/example_python_operator.py
[2025-10-22T12:16:00.294+0000] {logging_mixin.py:188} INFO - [2025-10-22T12:16:00.294+0000] {example_python_operator.py:93} WARNING - The virtalenv_python example task requires virtualenv, please install it.
[2025-10-22T12:16:00.294+0000] {processor.py:840} INFO - DAG(s) 'example_python_operator' retrieved from /home/khaled/dbt-env/lib/python3.12/site-packages/airflow/example_dags/example_python_operator.py
[2025-10-22T12:16:00.310+0000] {logging_mixin.py:188} INFO - [2025-10-22T12:16:00.309+0000] {dag.py:3089} INFO - Sync 1 DAGs
[2025-10-22T12:16:00.321+0000] {logging_mixin.py:188} INFO - [2025-10-22T12:16:00.321+0000] {dag.py:3947} INFO - Setting next_dagrun for example_python_operator to None, run_after=None
[2025-10-22T12:16:00.341+0000] {processor.py:183} INFO - Processing /home/khaled/dbt-env/lib/python3.12/site-packages/airflow/example_dags/example_python_operator.py took 0.060 seconds
[2025-10-22T12:16:51.683+0000] {processor.py:161} INFO - Started process (PID=9790) to work on /home/khaled/dbt-env/lib/python3.12/site-packages/airflow/example_dags/example_python_operator.py
[2025-10-22T12:16:51.684+0000] {processor.py:830} INFO - Processing file /home/khaled/dbt-env/lib/python3.12/site-packages/airflow/example_dags/example_python_operator.py for tasks to queue
[2025-10-22T12:16:51.686+0000] {logging_mixin.py:188} INFO - [2025-10-22T12:16:51.686+0000] {dagbag.py:545} INFO - Filling up the DagBag from /home/khaled/dbt-env/lib/python3.12/site-packages/airflow/example_dags/example_python_operator.py
[2025-10-22T12:16:51.693+0000] {logging_mixin.py:188} INFO - [2025-10-22T12:16:51.693+0000] {example_python_operator.py:93} WARNING - The virtalenv_python example task requires virtualenv, please install it.
[2025-10-22T12:16:51.693+0000] {processor.py:840} INFO - DAG(s) 'example_python_operator' retrieved from /home/khaled/dbt-env/lib/python3.12/site-packages/airflow/example_dags/example_python_operator.py
[2025-10-22T12:16:51.713+0000] {logging_mixin.py:188} INFO - [2025-10-22T12:16:51.713+0000] {dag.py:3089} INFO - Sync 1 DAGs
[2025-10-22T12:16:51.725+0000] {logging_mixin.py:188} INFO - [2025-10-22T12:16:51.725+0000] {dag.py:3947} INFO - Setting next_dagrun for example_python_operator to None, run_after=None
[2025-10-22T12:16:51.762+0000] {processor.py:183} INFO - Processing /home/khaled/dbt-env/lib/python3.12/site-packages/airflow/example_dags/example_python_operator.py took 0.095 seconds
[2025-10-22T12:17:51.486+0000] {processor.py:161} INFO - Started process (PID=10134) to work on /home/khaled/dbt-env/lib/python3.12/site-packages/airflow/example_dags/example_python_operator.py
[2025-10-22T12:17:51.487+0000] {processor.py:830} INFO - Processing file /home/khaled/dbt-env/lib/python3.12/site-packages/airflow/example_dags/example_python_operator.py for tasks to queue
[2025-10-22T12:17:51.489+0000] {logging_mixin.py:188} INFO - [2025-10-22T12:17:51.488+0000] {dagbag.py:545} INFO - Filling up the DagBag from /home/khaled/dbt-env/lib/python3.12/site-packages/airflow/example_dags/example_python_operator.py
[2025-10-22T12:17:51.494+0000] {logging_mixin.py:188} INFO - [2025-10-22T12:17:51.494+0000] {example_python_operator.py:93} WARNING - The virtalenv_python example task requires virtualenv, please install it.
[2025-10-22T12:17:51.494+0000] {processor.py:840} INFO - DAG(s) 'example_python_operator' retrieved from /home/khaled/dbt-env/lib/python3.12/site-packages/airflow/example_dags/example_python_operator.py
[2025-10-22T12:17:51.508+0000] {logging_mixin.py:188} INFO - [2025-10-22T12:17:51.508+0000] {dag.py:3089} INFO - Sync 1 DAGs
[2025-10-22T12:17:51.516+0000] {logging_mixin.py:188} INFO - [2025-10-22T12:17:51.516+0000] {dag.py:3947} INFO - Setting next_dagrun for example_python_operator to None, run_after=None
[2025-10-22T12:17:51.535+0000] {processor.py:183} INFO - Processing /home/khaled/dbt-env/lib/python3.12/site-packages/airflow/example_dags/example_python_operator.py took 0.054 seconds
[2025-10-22T12:22:35.459+0000] {processor.py:161} INFO - Started process (PID=10658) to work on /home/khaled/dbt-env/lib/python3.12/site-packages/airflow/example_dags/example_python_operator.py
[2025-10-22T12:22:35.468+0000] {processor.py:830} INFO - Processing file /home/khaled/dbt-env/lib/python3.12/site-packages/airflow/example_dags/example_python_operator.py for tasks to queue
[2025-10-22T12:22:35.469+0000] {logging_mixin.py:188} INFO - [2025-10-22T12:22:35.469+0000] {dagbag.py:545} INFO - Filling up the DagBag from /home/khaled/dbt-env/lib/python3.12/site-packages/airflow/example_dags/example_python_operator.py
[2025-10-22T12:22:35.475+0000] {logging_mixin.py:188} INFO - [2025-10-22T12:22:35.474+0000] {example_python_operator.py:93} WARNING - The virtalenv_python example task requires virtualenv, please install it.
[2025-10-22T12:22:35.475+0000] {processor.py:840} INFO - DAG(s) 'example_python_operator' retrieved from /home/khaled/dbt-env/lib/python3.12/site-packages/airflow/example_dags/example_python_operator.py
[2025-10-22T12:22:35.491+0000] {logging_mixin.py:188} INFO - [2025-10-22T12:22:35.491+0000] {dag.py:3089} INFO - Sync 1 DAGs
[2025-10-22T12:22:35.501+0000] {logging_mixin.py:188} INFO - [2025-10-22T12:22:35.501+0000] {dag.py:3947} INFO - Setting next_dagrun for example_python_operator to None, run_after=None
[2025-10-22T12:22:35.521+0000] {processor.py:183} INFO - Processing /home/khaled/dbt-env/lib/python3.12/site-packages/airflow/example_dags/example_python_operator.py took 0.066 seconds
[2025-10-22T12:23:35.268+0000] {processor.py:161} INFO - Started process (PID=11159) to work on /home/khaled/dbt-env/lib/python3.12/site-packages/airflow/example_dags/example_python_operator.py
[2025-10-22T12:23:35.278+0000] {processor.py:830} INFO - Processing file /home/khaled/dbt-env/lib/python3.12/site-packages/airflow/example_dags/example_python_operator.py for tasks to queue
[2025-10-22T12:23:35.280+0000] {logging_mixin.py:188} INFO - [2025-10-22T12:23:35.280+0000] {dagbag.py:545} INFO - Filling up the DagBag from /home/khaled/dbt-env/lib/python3.12/site-packages/airflow/example_dags/example_python_operator.py
[2025-10-22T12:23:35.288+0000] {logging_mixin.py:188} INFO - [2025-10-22T12:23:35.287+0000] {example_python_operator.py:93} WARNING - The virtalenv_python example task requires virtualenv, please install it.
[2025-10-22T12:23:35.288+0000] {processor.py:840} INFO - DAG(s) 'example_python_operator' retrieved from /home/khaled/dbt-env/lib/python3.12/site-packages/airflow/example_dags/example_python_operator.py
[2025-10-22T12:23:35.304+0000] {logging_mixin.py:188} INFO - [2025-10-22T12:23:35.303+0000] {dag.py:3089} INFO - Sync 1 DAGs
[2025-10-22T12:23:35.315+0000] {logging_mixin.py:188} INFO - [2025-10-22T12:23:35.315+0000] {dag.py:3947} INFO - Setting next_dagrun for example_python_operator to None, run_after=None
[2025-10-22T12:23:35.334+0000] {processor.py:183} INFO - Processing /home/khaled/dbt-env/lib/python3.12/site-packages/airflow/example_dags/example_python_operator.py took 0.071 seconds
[2025-10-22T12:24:29.997+0000] {processor.py:161} INFO - Started process (PID=11319) to work on /home/khaled/dbt-env/lib/python3.12/site-packages/airflow/example_dags/example_python_operator.py
[2025-10-22T12:24:29.998+0000] {processor.py:830} INFO - Processing file /home/khaled/dbt-env/lib/python3.12/site-packages/airflow/example_dags/example_python_operator.py for tasks to queue
[2025-10-22T12:24:30.000+0000] {logging_mixin.py:188} INFO - [2025-10-22T12:24:29.999+0000] {dagbag.py:545} INFO - Filling up the DagBag from /home/khaled/dbt-env/lib/python3.12/site-packages/airflow/example_dags/example_python_operator.py
[2025-10-22T12:24:30.007+0000] {logging_mixin.py:188} INFO - [2025-10-22T12:24:30.007+0000] {example_python_operator.py:93} WARNING - The virtalenv_python example task requires virtualenv, please install it.
[2025-10-22T12:24:30.007+0000] {processor.py:840} INFO - DAG(s) 'example_python_operator' retrieved from /home/khaled/dbt-env/lib/python3.12/site-packages/airflow/example_dags/example_python_operator.py
[2025-10-22T12:24:30.029+0000] {logging_mixin.py:188} INFO - [2025-10-22T12:24:30.029+0000] {dag.py:3089} INFO - Sync 1 DAGs
[2025-10-22T12:24:30.040+0000] {logging_mixin.py:188} INFO - [2025-10-22T12:24:30.040+0000] {dag.py:3947} INFO - Setting next_dagrun for example_python_operator to None, run_after=None
[2025-10-22T12:24:30.076+0000] {processor.py:183} INFO - Processing /home/khaled/dbt-env/lib/python3.12/site-packages/airflow/example_dags/example_python_operator.py took 0.087 seconds
[2025-10-22T12:25:24.773+0000] {processor.py:161} INFO - Started process (PID=11412) to work on /home/khaled/dbt-env/lib/python3.12/site-packages/airflow/example_dags/example_python_operator.py
[2025-10-22T12:25:24.776+0000] {processor.py:830} INFO - Processing file /home/khaled/dbt-env/lib/python3.12/site-packages/airflow/example_dags/example_python_operator.py for tasks to queue
[2025-10-22T12:25:24.781+0000] {logging_mixin.py:188} INFO - [2025-10-22T12:25:24.781+0000] {dagbag.py:545} INFO - Filling up the DagBag from /home/khaled/dbt-env/lib/python3.12/site-packages/airflow/example_dags/example_python_operator.py
[2025-10-22T12:25:24.790+0000] {logging_mixin.py:188} INFO - [2025-10-22T12:25:24.790+0000] {example_python_operator.py:93} WARNING - The virtalenv_python example task requires virtualenv, please install it.
[2025-10-22T12:25:24.791+0000] {processor.py:840} INFO - DAG(s) 'example_python_operator' retrieved from /home/khaled/dbt-env/lib/python3.12/site-packages/airflow/example_dags/example_python_operator.py
[2025-10-22T12:25:24.815+0000] {logging_mixin.py:188} INFO - [2025-10-22T12:25:24.814+0000] {dag.py:3089} INFO - Sync 1 DAGs
[2025-10-22T12:25:24.837+0000] {logging_mixin.py:188} INFO - [2025-10-22T12:25:24.835+0000] {dag.py:3947} INFO - Setting next_dagrun for example_python_operator to None, run_after=None
[2025-10-22T12:25:24.901+0000] {processor.py:183} INFO - Processing /home/khaled/dbt-env/lib/python3.12/site-packages/airflow/example_dags/example_python_operator.py took 0.134 seconds
[2025-10-22T12:26:23.121+0000] {processor.py:161} INFO - Started process (PID=11569) to work on /home/khaled/dbt-env/lib/python3.12/site-packages/airflow/example_dags/example_python_operator.py
[2025-10-22T12:26:23.134+0000] {processor.py:830} INFO - Processing file /home/khaled/dbt-env/lib/python3.12/site-packages/airflow/example_dags/example_python_operator.py for tasks to queue
[2025-10-22T12:26:23.136+0000] {logging_mixin.py:188} INFO - [2025-10-22T12:26:23.135+0000] {dagbag.py:545} INFO - Filling up the DagBag from /home/khaled/dbt-env/lib/python3.12/site-packages/airflow/example_dags/example_python_operator.py
[2025-10-22T12:26:23.142+0000] {logging_mixin.py:188} INFO - [2025-10-22T12:26:23.142+0000] {example_python_operator.py:93} WARNING - The virtalenv_python example task requires virtualenv, please install it.
[2025-10-22T12:26:23.143+0000] {processor.py:840} INFO - DAG(s) 'example_python_operator' retrieved from /home/khaled/dbt-env/lib/python3.12/site-packages/airflow/example_dags/example_python_operator.py
[2025-10-22T12:26:23.157+0000] {logging_mixin.py:188} INFO - [2025-10-22T12:26:23.157+0000] {dag.py:3089} INFO - Sync 1 DAGs
[2025-10-22T12:26:23.164+0000] {logging_mixin.py:188} INFO - [2025-10-22T12:26:23.164+0000] {dag.py:3947} INFO - Setting next_dagrun for example_python_operator to None, run_after=None
[2025-10-22T12:26:23.185+0000] {processor.py:183} INFO - Processing /home/khaled/dbt-env/lib/python3.12/site-packages/airflow/example_dags/example_python_operator.py took 0.071 seconds
[2025-10-22T12:27:38.230+0000] {processor.py:161} INFO - Started process (PID=12010) to work on /home/khaled/dbt-env/lib/python3.12/site-packages/airflow/example_dags/example_python_operator.py
[2025-10-22T12:27:38.240+0000] {processor.py:830} INFO - Processing file /home/khaled/dbt-env/lib/python3.12/site-packages/airflow/example_dags/example_python_operator.py for tasks to queue
[2025-10-22T12:27:38.242+0000] {logging_mixin.py:188} INFO - [2025-10-22T12:27:38.242+0000] {dagbag.py:545} INFO - Filling up the DagBag from /home/khaled/dbt-env/lib/python3.12/site-packages/airflow/example_dags/example_python_operator.py
[2025-10-22T12:27:38.248+0000] {logging_mixin.py:188} INFO - [2025-10-22T12:27:38.248+0000] {example_python_operator.py:93} WARNING - The virtalenv_python example task requires virtualenv, please install it.
[2025-10-22T12:27:38.249+0000] {processor.py:840} INFO - DAG(s) 'example_python_operator' retrieved from /home/khaled/dbt-env/lib/python3.12/site-packages/airflow/example_dags/example_python_operator.py
[2025-10-22T12:27:38.265+0000] {logging_mixin.py:188} INFO - [2025-10-22T12:27:38.264+0000] {dag.py:3089} INFO - Sync 1 DAGs
[2025-10-22T12:27:38.277+0000] {logging_mixin.py:188} INFO - [2025-10-22T12:27:38.276+0000] {dag.py:3947} INFO - Setting next_dagrun for example_python_operator to None, run_after=None
[2025-10-22T12:27:38.311+0000] {processor.py:183} INFO - Processing /home/khaled/dbt-env/lib/python3.12/site-packages/airflow/example_dags/example_python_operator.py took 0.088 seconds
[2025-10-22T12:28:34.059+0000] {processor.py:161} INFO - Started process (PID=12228) to work on /home/khaled/dbt-env/lib/python3.12/site-packages/airflow/example_dags/example_python_operator.py
[2025-10-22T12:28:34.061+0000] {processor.py:830} INFO - Processing file /home/khaled/dbt-env/lib/python3.12/site-packages/airflow/example_dags/example_python_operator.py for tasks to queue
[2025-10-22T12:28:34.063+0000] {logging_mixin.py:188} INFO - [2025-10-22T12:28:34.063+0000] {dagbag.py:545} INFO - Filling up the DagBag from /home/khaled/dbt-env/lib/python3.12/site-packages/airflow/example_dags/example_python_operator.py
[2025-10-22T12:28:34.078+0000] {logging_mixin.py:188} INFO - [2025-10-22T12:28:34.077+0000] {example_python_operator.py:93} WARNING - The virtalenv_python example task requires virtualenv, please install it.
[2025-10-22T12:28:34.078+0000] {processor.py:840} INFO - DAG(s) 'example_python_operator' retrieved from /home/khaled/dbt-env/lib/python3.12/site-packages/airflow/example_dags/example_python_operator.py
[2025-10-22T12:28:34.105+0000] {logging_mixin.py:188} INFO - [2025-10-22T12:28:34.105+0000] {dag.py:3089} INFO - Sync 1 DAGs
[2025-10-22T12:28:34.119+0000] {logging_mixin.py:188} INFO - [2025-10-22T12:28:34.119+0000] {dag.py:3947} INFO - Setting next_dagrun for example_python_operator to None, run_after=None
[2025-10-22T12:28:34.221+0000] {processor.py:183} INFO - Processing /home/khaled/dbt-env/lib/python3.12/site-packages/airflow/example_dags/example_python_operator.py took 0.173 seconds
[2025-10-22T12:29:32.345+0000] {processor.py:161} INFO - Started process (PID=12460) to work on /home/khaled/dbt-env/lib/python3.12/site-packages/airflow/example_dags/example_python_operator.py
[2025-10-22T12:29:32.359+0000] {processor.py:830} INFO - Processing file /home/khaled/dbt-env/lib/python3.12/site-packages/airflow/example_dags/example_python_operator.py for tasks to queue
[2025-10-22T12:29:32.364+0000] {logging_mixin.py:188} INFO - [2025-10-22T12:29:32.362+0000] {dagbag.py:545} INFO - Filling up the DagBag from /home/khaled/dbt-env/lib/python3.12/site-packages/airflow/example_dags/example_python_operator.py
[2025-10-22T12:29:32.378+0000] {logging_mixin.py:188} INFO - [2025-10-22T12:29:32.375+0000] {example_python_operator.py:93} WARNING - The virtalenv_python example task requires virtualenv, please install it.
[2025-10-22T12:29:32.379+0000] {processor.py:840} INFO - DAG(s) 'example_python_operator' retrieved from /home/khaled/dbt-env/lib/python3.12/site-packages/airflow/example_dags/example_python_operator.py
[2025-10-22T12:29:32.397+0000] {logging_mixin.py:188} INFO - [2025-10-22T12:29:32.397+0000] {dag.py:3089} INFO - Sync 1 DAGs
[2025-10-22T12:29:32.407+0000] {logging_mixin.py:188} INFO - [2025-10-22T12:29:32.407+0000] {dag.py:3947} INFO - Setting next_dagrun for example_python_operator to None, run_after=None
[2025-10-22T12:29:32.437+0000] {processor.py:183} INFO - Processing /home/khaled/dbt-env/lib/python3.12/site-packages/airflow/example_dags/example_python_operator.py took 0.104 seconds
[2025-10-22T12:30:25.550+0000] {processor.py:161} INFO - Started process (PID=12534) to work on /home/khaled/dbt-env/lib/python3.12/site-packages/airflow/example_dags/example_python_operator.py
[2025-10-22T12:30:25.554+0000] {processor.py:830} INFO - Processing file /home/khaled/dbt-env/lib/python3.12/site-packages/airflow/example_dags/example_python_operator.py for tasks to queue
[2025-10-22T12:30:25.557+0000] {logging_mixin.py:188} INFO - [2025-10-22T12:30:25.556+0000] {dagbag.py:545} INFO - Filling up the DagBag from /home/khaled/dbt-env/lib/python3.12/site-packages/airflow/example_dags/example_python_operator.py
[2025-10-22T12:30:25.561+0000] {logging_mixin.py:188} INFO - [2025-10-22T12:30:25.561+0000] {example_python_operator.py:93} WARNING - The virtalenv_python example task requires virtualenv, please install it.
[2025-10-22T12:30:25.561+0000] {processor.py:840} INFO - DAG(s) 'example_python_operator' retrieved from /home/khaled/dbt-env/lib/python3.12/site-packages/airflow/example_dags/example_python_operator.py
[2025-10-22T12:30:25.574+0000] {logging_mixin.py:188} INFO - [2025-10-22T12:30:25.574+0000] {dag.py:3089} INFO - Sync 1 DAGs
[2025-10-22T12:30:25.584+0000] {logging_mixin.py:188} INFO - [2025-10-22T12:30:25.584+0000] {dag.py:3947} INFO - Setting next_dagrun for example_python_operator to None, run_after=None
[2025-10-22T12:30:25.603+0000] {processor.py:183} INFO - Processing /home/khaled/dbt-env/lib/python3.12/site-packages/airflow/example_dags/example_python_operator.py took 0.057 seconds
[2025-10-22T12:31:14.212+0000] {processor.py:161} INFO - Started process (PID=12585) to work on /home/khaled/dbt-env/lib/python3.12/site-packages/airflow/example_dags/example_python_operator.py
[2025-10-22T12:31:14.215+0000] {processor.py:830} INFO - Processing file /home/khaled/dbt-env/lib/python3.12/site-packages/airflow/example_dags/example_python_operator.py for tasks to queue
[2025-10-22T12:31:14.217+0000] {logging_mixin.py:188} INFO - [2025-10-22T12:31:14.217+0000] {dagbag.py:545} INFO - Filling up the DagBag from /home/khaled/dbt-env/lib/python3.12/site-packages/airflow/example_dags/example_python_operator.py
[2025-10-22T12:31:14.222+0000] {logging_mixin.py:188} INFO - [2025-10-22T12:31:14.222+0000] {example_python_operator.py:93} WARNING - The virtalenv_python example task requires virtualenv, please install it.
[2025-10-22T12:31:14.223+0000] {processor.py:840} INFO - DAG(s) 'example_python_operator' retrieved from /home/khaled/dbt-env/lib/python3.12/site-packages/airflow/example_dags/example_python_operator.py
[2025-10-22T12:31:14.239+0000] {logging_mixin.py:188} INFO - [2025-10-22T12:31:14.239+0000] {dag.py:3089} INFO - Sync 1 DAGs
[2025-10-22T12:31:14.250+0000] {logging_mixin.py:188} INFO - [2025-10-22T12:31:14.250+0000] {dag.py:3947} INFO - Setting next_dagrun for example_python_operator to None, run_after=None
[2025-10-22T12:31:14.407+0000] {processor.py:183} INFO - Processing /home/khaled/dbt-env/lib/python3.12/site-packages/airflow/example_dags/example_python_operator.py took 0.203 seconds
[2025-10-22T12:32:43.114+0000] {processor.py:161} INFO - Started process (PID=12833) to work on /home/khaled/dbt-env/lib/python3.12/site-packages/airflow/example_dags/example_python_operator.py
[2025-10-22T12:32:43.125+0000] {processor.py:830} INFO - Processing file /home/khaled/dbt-env/lib/python3.12/site-packages/airflow/example_dags/example_python_operator.py for tasks to queue
[2025-10-22T12:32:43.129+0000] {logging_mixin.py:188} INFO - [2025-10-22T12:32:43.128+0000] {dagbag.py:545} INFO - Filling up the DagBag from /home/khaled/dbt-env/lib/python3.12/site-packages/airflow/example_dags/example_python_operator.py
[2025-10-22T12:32:43.135+0000] {logging_mixin.py:188} INFO - [2025-10-22T12:32:43.135+0000] {example_python_operator.py:93} WARNING - The virtalenv_python example task requires virtualenv, please install it.
[2025-10-22T12:32:43.136+0000] {processor.py:840} INFO - DAG(s) 'example_python_operator' retrieved from /home/khaled/dbt-env/lib/python3.12/site-packages/airflow/example_dags/example_python_operator.py
[2025-10-22T12:32:43.157+0000] {logging_mixin.py:188} INFO - [2025-10-22T12:32:43.157+0000] {dag.py:3089} INFO - Sync 1 DAGs
[2025-10-22T12:32:43.168+0000] {logging_mixin.py:188} INFO - [2025-10-22T12:32:43.167+0000] {dag.py:3947} INFO - Setting next_dagrun for example_python_operator to None, run_after=None
[2025-10-22T12:32:43.198+0000] {processor.py:183} INFO - Processing /home/khaled/dbt-env/lib/python3.12/site-packages/airflow/example_dags/example_python_operator.py took 0.089 seconds
[2025-10-22T12:36:43.288+0000] {processor.py:161} INFO - Started process (PID=13101) to work on /home/khaled/dbt-env/lib/python3.12/site-packages/airflow/example_dags/example_python_operator.py
[2025-10-22T12:36:43.300+0000] {processor.py:830} INFO - Processing file /home/khaled/dbt-env/lib/python3.12/site-packages/airflow/example_dags/example_python_operator.py for tasks to queue
[2025-10-22T12:36:43.302+0000] {logging_mixin.py:188} INFO - [2025-10-22T12:36:43.301+0000] {dagbag.py:545} INFO - Filling up the DagBag from /home/khaled/dbt-env/lib/python3.12/site-packages/airflow/example_dags/example_python_operator.py
[2025-10-22T12:36:43.311+0000] {logging_mixin.py:188} INFO - [2025-10-22T12:36:43.310+0000] {example_python_operator.py:93} WARNING - The virtalenv_python example task requires virtualenv, please install it.
[2025-10-22T12:36:43.311+0000] {processor.py:840} INFO - DAG(s) 'example_python_operator' retrieved from /home/khaled/dbt-env/lib/python3.12/site-packages/airflow/example_dags/example_python_operator.py
[2025-10-22T12:36:43.331+0000] {logging_mixin.py:188} INFO - [2025-10-22T12:36:43.331+0000] {dag.py:3089} INFO - Sync 1 DAGs
[2025-10-22T12:36:43.345+0000] {logging_mixin.py:188} INFO - [2025-10-22T12:36:43.345+0000] {dag.py:3947} INFO - Setting next_dagrun for example_python_operator to None, run_after=None
[2025-10-22T12:36:43.389+0000] {processor.py:183} INFO - Processing /home/khaled/dbt-env/lib/python3.12/site-packages/airflow/example_dags/example_python_operator.py took 0.109 seconds
[2025-10-22T12:38:01.532+0000] {processor.py:161} INFO - Started process (PID=13216) to work on /home/khaled/dbt-env/lib/python3.12/site-packages/airflow/example_dags/example_python_operator.py
[2025-10-22T12:38:01.542+0000] {processor.py:830} INFO - Processing file /home/khaled/dbt-env/lib/python3.12/site-packages/airflow/example_dags/example_python_operator.py for tasks to queue
[2025-10-22T12:38:01.544+0000] {logging_mixin.py:188} INFO - [2025-10-22T12:38:01.544+0000] {dagbag.py:545} INFO - Filling up the DagBag from /home/khaled/dbt-env/lib/python3.12/site-packages/airflow/example_dags/example_python_operator.py
[2025-10-22T12:38:01.551+0000] {logging_mixin.py:188} INFO - [2025-10-22T12:38:01.551+0000] {example_python_operator.py:93} WARNING - The virtalenv_python example task requires virtualenv, please install it.
[2025-10-22T12:38:01.551+0000] {processor.py:840} INFO - DAG(s) 'example_python_operator' retrieved from /home/khaled/dbt-env/lib/python3.12/site-packages/airflow/example_dags/example_python_operator.py
[2025-10-22T12:38:01.568+0000] {logging_mixin.py:188} INFO - [2025-10-22T12:38:01.568+0000] {dag.py:3089} INFO - Sync 1 DAGs
[2025-10-22T12:38:01.688+0000] {logging_mixin.py:188} INFO - [2025-10-22T12:38:01.688+0000] {dag.py:3947} INFO - Setting next_dagrun for example_python_operator to None, run_after=None
[2025-10-22T12:38:01.711+0000] {processor.py:183} INFO - Processing /home/khaled/dbt-env/lib/python3.12/site-packages/airflow/example_dags/example_python_operator.py took 0.185 seconds
[2025-10-22T12:39:13.371+0000] {processor.py:161} INFO - Started process (PID=13279) to work on /home/khaled/dbt-env/lib/python3.12/site-packages/airflow/example_dags/example_python_operator.py
[2025-10-22T12:39:13.381+0000] {processor.py:830} INFO - Processing file /home/khaled/dbt-env/lib/python3.12/site-packages/airflow/example_dags/example_python_operator.py for tasks to queue
[2025-10-22T12:39:13.384+0000] {logging_mixin.py:188} INFO - [2025-10-22T12:39:13.384+0000] {dagbag.py:545} INFO - Filling up the DagBag from /home/khaled/dbt-env/lib/python3.12/site-packages/airflow/example_dags/example_python_operator.py
[2025-10-22T12:39:13.390+0000] {logging_mixin.py:188} INFO - [2025-10-22T12:39:13.390+0000] {example_python_operator.py:93} WARNING - The virtalenv_python example task requires virtualenv, please install it.
[2025-10-22T12:39:13.390+0000] {processor.py:840} INFO - DAG(s) 'example_python_operator' retrieved from /home/khaled/dbt-env/lib/python3.12/site-packages/airflow/example_dags/example_python_operator.py
[2025-10-22T12:39:13.405+0000] {logging_mixin.py:188} INFO - [2025-10-22T12:39:13.405+0000] {dag.py:3089} INFO - Sync 1 DAGs
[2025-10-22T12:39:13.416+0000] {logging_mixin.py:188} INFO - [2025-10-22T12:39:13.415+0000] {dag.py:3947} INFO - Setting next_dagrun for example_python_operator to None, run_after=None
[2025-10-22T12:39:13.552+0000] {processor.py:183} INFO - Processing /home/khaled/dbt-env/lib/python3.12/site-packages/airflow/example_dags/example_python_operator.py took 0.189 seconds
[2025-10-22T12:40:34.925+0000] {processor.py:161} INFO - Started process (PID=13361) to work on /home/khaled/dbt-env/lib/python3.12/site-packages/airflow/example_dags/example_python_operator.py
[2025-10-22T12:40:34.926+0000] {processor.py:830} INFO - Processing file /home/khaled/dbt-env/lib/python3.12/site-packages/airflow/example_dags/example_python_operator.py for tasks to queue
[2025-10-22T12:40:34.928+0000] {logging_mixin.py:188} INFO - [2025-10-22T12:40:34.928+0000] {dagbag.py:545} INFO - Filling up the DagBag from /home/khaled/dbt-env/lib/python3.12/site-packages/airflow/example_dags/example_python_operator.py
[2025-10-22T12:40:34.934+0000] {logging_mixin.py:188} INFO - [2025-10-22T12:40:34.934+0000] {example_python_operator.py:93} WARNING - The virtalenv_python example task requires virtualenv, please install it.
[2025-10-22T12:40:34.935+0000] {processor.py:840} INFO - DAG(s) 'example_python_operator' retrieved from /home/khaled/dbt-env/lib/python3.12/site-packages/airflow/example_dags/example_python_operator.py
[2025-10-22T12:40:34.950+0000] {logging_mixin.py:188} INFO - [2025-10-22T12:40:34.950+0000] {dag.py:3089} INFO - Sync 1 DAGs
[2025-10-22T12:40:34.962+0000] {logging_mixin.py:188} INFO - [2025-10-22T12:40:34.961+0000] {dag.py:3947} INFO - Setting next_dagrun for example_python_operator to None, run_after=None
[2025-10-22T12:40:35.002+0000] {processor.py:183} INFO - Processing /home/khaled/dbt-env/lib/python3.12/site-packages/airflow/example_dags/example_python_operator.py took 0.086 seconds
