[2025-10-22T12:12:01.111+0000] {processor.py:161} INFO - Started process (PID=8167) to work on /home/khaled/dbt-env/lib/python3.12/site-packages/airflow/example_dags/example_short_circuit_operator.py
[2025-10-22T12:12:01.112+0000] {processor.py:830} INFO - Processing file /home/khaled/dbt-env/lib/python3.12/site-packages/airflow/example_dags/example_short_circuit_operator.py for tasks to queue
[2025-10-22T12:12:01.113+0000] {logging_mixin.py:188} INFO - [2025-10-22T12:12:01.113+0000] {dagbag.py:545} INFO - Filling up the DagBag from /home/khaled/dbt-env/lib/python3.12/site-packages/airflow/example_dags/example_short_circuit_operator.py
[2025-10-22T12:12:01.126+0000] {processor.py:840} INFO - DAG(s) 'example_short_circuit_operator' retrieved from /home/khaled/dbt-env/lib/python3.12/site-packages/airflow/example_dags/example_short_circuit_operator.py
[2025-10-22T12:12:01.134+0000] {logging_mixin.py:188} INFO - [2025-10-22T12:12:01.134+0000] {dag.py:3089} INFO - Sync 1 DAGs
[2025-10-22T12:12:01.153+0000] {logging_mixin.py:188} INFO - [2025-10-22T12:12:01.152+0000] {dag.py:3947} INFO - Setting next_dagrun for example_short_circuit_operator to 2025-10-21 00:00:00+00:00, run_after=2025-10-22 00:00:00+00:00
[2025-10-22T12:12:01.220+0000] {processor.py:183} INFO - Processing /home/khaled/dbt-env/lib/python3.12/site-packages/airflow/example_dags/example_short_circuit_operator.py took 0.114 seconds
[2025-10-22T12:13:15.188+0000] {processor.py:161} INFO - Started process (PID=8933) to work on /home/khaled/dbt-env/lib/python3.12/site-packages/airflow/example_dags/example_short_circuit_operator.py
[2025-10-22T12:13:15.200+0000] {processor.py:830} INFO - Processing file /home/khaled/dbt-env/lib/python3.12/site-packages/airflow/example_dags/example_short_circuit_operator.py for tasks to queue
[2025-10-22T12:13:15.203+0000] {logging_mixin.py:188} INFO - [2025-10-22T12:13:15.202+0000] {dagbag.py:545} INFO - Filling up the DagBag from /home/khaled/dbt-env/lib/python3.12/site-packages/airflow/example_dags/example_short_circuit_operator.py
[2025-10-22T12:13:15.216+0000] {processor.py:840} INFO - DAG(s) 'example_short_circuit_operator' retrieved from /home/khaled/dbt-env/lib/python3.12/site-packages/airflow/example_dags/example_short_circuit_operator.py
[2025-10-22T12:13:15.305+0000] {logging_mixin.py:188} INFO - [2025-10-22T12:13:15.305+0000] {dag.py:3089} INFO - Sync 1 DAGs
[2025-10-22T12:13:15.321+0000] {logging_mixin.py:188} INFO - [2025-10-22T12:13:15.320+0000] {dag.py:3947} INFO - Setting next_dagrun for example_short_circuit_operator to 2025-10-21 00:00:00+00:00, run_after=2025-10-22 00:00:00+00:00
[2025-10-22T12:13:15.359+0000] {processor.py:183} INFO - Processing /home/khaled/dbt-env/lib/python3.12/site-packages/airflow/example_dags/example_short_circuit_operator.py took 0.176 seconds
[2025-10-22T12:14:12.555+0000] {processor.py:161} INFO - Started process (PID=9306) to work on /home/khaled/dbt-env/lib/python3.12/site-packages/airflow/example_dags/example_short_circuit_operator.py
[2025-10-22T12:14:12.565+0000] {processor.py:830} INFO - Processing file /home/khaled/dbt-env/lib/python3.12/site-packages/airflow/example_dags/example_short_circuit_operator.py for tasks to queue
[2025-10-22T12:14:12.567+0000] {logging_mixin.py:188} INFO - [2025-10-22T12:14:12.566+0000] {dagbag.py:545} INFO - Filling up the DagBag from /home/khaled/dbt-env/lib/python3.12/site-packages/airflow/example_dags/example_short_circuit_operator.py
[2025-10-22T12:14:12.572+0000] {processor.py:840} INFO - DAG(s) 'example_short_circuit_operator' retrieved from /home/khaled/dbt-env/lib/python3.12/site-packages/airflow/example_dags/example_short_circuit_operator.py
[2025-10-22T12:14:12.585+0000] {logging_mixin.py:188} INFO - [2025-10-22T12:14:12.584+0000] {dag.py:3089} INFO - Sync 1 DAGs
[2025-10-22T12:14:12.601+0000] {logging_mixin.py:188} INFO - [2025-10-22T12:14:12.601+0000] {dag.py:3947} INFO - Setting next_dagrun for example_short_circuit_operator to 2025-10-21 00:00:00+00:00, run_after=2025-10-22 00:00:00+00:00
[2025-10-22T12:14:12.629+0000] {processor.py:183} INFO - Processing /home/khaled/dbt-env/lib/python3.12/site-packages/airflow/example_dags/example_short_circuit_operator.py took 0.080 seconds
[2025-10-22T12:15:04.754+0000] {processor.py:161} INFO - Started process (PID=9480) to work on /home/khaled/dbt-env/lib/python3.12/site-packages/airflow/example_dags/example_short_circuit_operator.py
[2025-10-22T12:15:04.758+0000] {processor.py:830} INFO - Processing file /home/khaled/dbt-env/lib/python3.12/site-packages/airflow/example_dags/example_short_circuit_operator.py for tasks to queue
[2025-10-22T12:15:04.764+0000] {logging_mixin.py:188} INFO - [2025-10-22T12:15:04.761+0000] {dagbag.py:545} INFO - Filling up the DagBag from /home/khaled/dbt-env/lib/python3.12/site-packages/airflow/example_dags/example_short_circuit_operator.py
[2025-10-22T12:15:04.773+0000] {processor.py:840} INFO - DAG(s) 'example_short_circuit_operator' retrieved from /home/khaled/dbt-env/lib/python3.12/site-packages/airflow/example_dags/example_short_circuit_operator.py
[2025-10-22T12:15:04.792+0000] {logging_mixin.py:188} INFO - [2025-10-22T12:15:04.792+0000] {dag.py:3089} INFO - Sync 1 DAGs
[2025-10-22T12:15:04.806+0000] {logging_mixin.py:188} INFO - [2025-10-22T12:15:04.806+0000] {dag.py:3947} INFO - Setting next_dagrun for example_short_circuit_operator to 2025-10-21 00:00:00+00:00, run_after=2025-10-22 00:00:00+00:00
[2025-10-22T12:15:04.828+0000] {processor.py:183} INFO - Processing /home/khaled/dbt-env/lib/python3.12/site-packages/airflow/example_dags/example_short_circuit_operator.py took 0.079 seconds
[2025-10-22T12:15:53.368+0000] {processor.py:161} INFO - Started process (PID=9629) to work on /home/khaled/dbt-env/lib/python3.12/site-packages/airflow/example_dags/example_short_circuit_operator.py
[2025-10-22T12:15:53.381+0000] {processor.py:830} INFO - Processing file /home/khaled/dbt-env/lib/python3.12/site-packages/airflow/example_dags/example_short_circuit_operator.py for tasks to queue
[2025-10-22T12:15:53.382+0000] {logging_mixin.py:188} INFO - [2025-10-22T12:15:53.382+0000] {dagbag.py:545} INFO - Filling up the DagBag from /home/khaled/dbt-env/lib/python3.12/site-packages/airflow/example_dags/example_short_circuit_operator.py
[2025-10-22T12:15:53.387+0000] {processor.py:840} INFO - DAG(s) 'example_short_circuit_operator' retrieved from /home/khaled/dbt-env/lib/python3.12/site-packages/airflow/example_dags/example_short_circuit_operator.py
[2025-10-22T12:15:53.398+0000] {logging_mixin.py:188} INFO - [2025-10-22T12:15:53.398+0000] {dag.py:3089} INFO - Sync 1 DAGs
[2025-10-22T12:15:53.409+0000] {logging_mixin.py:188} INFO - [2025-10-22T12:15:53.409+0000] {dag.py:3947} INFO - Setting next_dagrun for example_short_circuit_operator to 2025-10-21 00:00:00+00:00, run_after=2025-10-22 00:00:00+00:00
[2025-10-22T12:15:53.441+0000] {processor.py:183} INFO - Processing /home/khaled/dbt-env/lib/python3.12/site-packages/airflow/example_dags/example_short_circuit_operator.py took 0.077 seconds
[2025-10-22T12:16:45.562+0000] {processor.py:161} INFO - Started process (PID=9784) to work on /home/khaled/dbt-env/lib/python3.12/site-packages/airflow/example_dags/example_short_circuit_operator.py
[2025-10-22T12:16:45.564+0000] {processor.py:830} INFO - Processing file /home/khaled/dbt-env/lib/python3.12/site-packages/airflow/example_dags/example_short_circuit_operator.py for tasks to queue
[2025-10-22T12:16:45.565+0000] {logging_mixin.py:188} INFO - [2025-10-22T12:16:45.565+0000] {dagbag.py:545} INFO - Filling up the DagBag from /home/khaled/dbt-env/lib/python3.12/site-packages/airflow/example_dags/example_short_circuit_operator.py
[2025-10-22T12:16:45.572+0000] {processor.py:840} INFO - DAG(s) 'example_short_circuit_operator' retrieved from /home/khaled/dbt-env/lib/python3.12/site-packages/airflow/example_dags/example_short_circuit_operator.py
[2025-10-22T12:16:45.589+0000] {logging_mixin.py:188} INFO - [2025-10-22T12:16:45.589+0000] {dag.py:3089} INFO - Sync 1 DAGs
[2025-10-22T12:16:45.603+0000] {logging_mixin.py:188} INFO - [2025-10-22T12:16:45.603+0000] {dag.py:3947} INFO - Setting next_dagrun for example_short_circuit_operator to 2025-10-21 00:00:00+00:00, run_after=2025-10-22 00:00:00+00:00
[2025-10-22T12:16:45.638+0000] {processor.py:183} INFO - Processing /home/khaled/dbt-env/lib/python3.12/site-packages/airflow/example_dags/example_short_circuit_operator.py took 0.084 seconds
[2025-10-22T12:17:35.151+0000] {processor.py:161} INFO - Started process (PID=9898) to work on /home/khaled/dbt-env/lib/python3.12/site-packages/airflow/example_dags/example_short_circuit_operator.py
[2025-10-22T12:17:35.153+0000] {processor.py:830} INFO - Processing file /home/khaled/dbt-env/lib/python3.12/site-packages/airflow/example_dags/example_short_circuit_operator.py for tasks to queue
[2025-10-22T12:17:35.154+0000] {logging_mixin.py:188} INFO - [2025-10-22T12:17:35.154+0000] {dagbag.py:545} INFO - Filling up the DagBag from /home/khaled/dbt-env/lib/python3.12/site-packages/airflow/example_dags/example_short_circuit_operator.py
[2025-10-22T12:17:35.158+0000] {processor.py:840} INFO - DAG(s) 'example_short_circuit_operator' retrieved from /home/khaled/dbt-env/lib/python3.12/site-packages/airflow/example_dags/example_short_circuit_operator.py
[2025-10-22T12:17:35.169+0000] {logging_mixin.py:188} INFO - [2025-10-22T12:17:35.169+0000] {dag.py:3089} INFO - Sync 1 DAGs
[2025-10-22T12:17:35.180+0000] {logging_mixin.py:188} INFO - [2025-10-22T12:17:35.180+0000] {dag.py:3947} INFO - Setting next_dagrun for example_short_circuit_operator to 2025-10-21 00:00:00+00:00, run_after=2025-10-22 00:00:00+00:00
[2025-10-22T12:17:35.214+0000] {processor.py:183} INFO - Processing /home/khaled/dbt-env/lib/python3.12/site-packages/airflow/example_dags/example_short_circuit_operator.py took 0.069 seconds
[2025-10-22T12:19:23.010+0000] {processor.py:161} INFO - Started process (PID=10360) to work on /home/khaled/dbt-env/lib/python3.12/site-packages/airflow/example_dags/example_short_circuit_operator.py
[2025-10-22T12:19:23.012+0000] {processor.py:830} INFO - Processing file /home/khaled/dbt-env/lib/python3.12/site-packages/airflow/example_dags/example_short_circuit_operator.py for tasks to queue
[2025-10-22T12:19:23.013+0000] {logging_mixin.py:188} INFO - [2025-10-22T12:19:23.013+0000] {dagbag.py:545} INFO - Filling up the DagBag from /home/khaled/dbt-env/lib/python3.12/site-packages/airflow/example_dags/example_short_circuit_operator.py
[2025-10-22T12:19:23.022+0000] {processor.py:840} INFO - DAG(s) 'example_short_circuit_operator' retrieved from /home/khaled/dbt-env/lib/python3.12/site-packages/airflow/example_dags/example_short_circuit_operator.py
[2025-10-22T12:19:23.037+0000] {logging_mixin.py:188} INFO - [2025-10-22T12:19:23.037+0000] {dag.py:3089} INFO - Sync 1 DAGs
[2025-10-22T12:19:23.050+0000] {logging_mixin.py:188} INFO - [2025-10-22T12:19:23.050+0000] {dag.py:3947} INFO - Setting next_dagrun for example_short_circuit_operator to 2025-10-21 00:00:00+00:00, run_after=2025-10-22 00:00:00+00:00
[2025-10-22T12:19:23.086+0000] {processor.py:183} INFO - Processing /home/khaled/dbt-env/lib/python3.12/site-packages/airflow/example_dags/example_short_circuit_operator.py took 0.083 seconds
[2025-10-22T12:22:29.069+0000] {processor.py:161} INFO - Started process (PID=10643) to work on /home/khaled/dbt-env/lib/python3.12/site-packages/airflow/example_dags/example_short_circuit_operator.py
[2025-10-22T12:22:29.084+0000] {processor.py:830} INFO - Processing file /home/khaled/dbt-env/lib/python3.12/site-packages/airflow/example_dags/example_short_circuit_operator.py for tasks to queue
[2025-10-22T12:22:29.088+0000] {logging_mixin.py:188} INFO - [2025-10-22T12:22:29.086+0000] {dagbag.py:545} INFO - Filling up the DagBag from /home/khaled/dbt-env/lib/python3.12/site-packages/airflow/example_dags/example_short_circuit_operator.py
[2025-10-22T12:22:29.097+0000] {processor.py:840} INFO - DAG(s) 'example_short_circuit_operator' retrieved from /home/khaled/dbt-env/lib/python3.12/site-packages/airflow/example_dags/example_short_circuit_operator.py
[2025-10-22T12:22:29.123+0000] {logging_mixin.py:188} INFO - [2025-10-22T12:22:29.122+0000] {dag.py:3089} INFO - Sync 1 DAGs
[2025-10-22T12:22:29.145+0000] {logging_mixin.py:188} INFO - [2025-10-22T12:22:29.145+0000] {dag.py:3947} INFO - Setting next_dagrun for example_short_circuit_operator to 2025-10-21 00:00:00+00:00, run_after=2025-10-22 00:00:00+00:00
[2025-10-22T12:22:29.175+0000] {processor.py:183} INFO - Processing /home/khaled/dbt-env/lib/python3.12/site-packages/airflow/example_dags/example_short_circuit_operator.py took 0.111 seconds
[2025-10-22T12:23:27.659+0000] {processor.py:161} INFO - Started process (PID=11123) to work on /home/khaled/dbt-env/lib/python3.12/site-packages/airflow/example_dags/example_short_circuit_operator.py
[2025-10-22T12:23:27.663+0000] {processor.py:830} INFO - Processing file /home/khaled/dbt-env/lib/python3.12/site-packages/airflow/example_dags/example_short_circuit_operator.py for tasks to queue
[2025-10-22T12:23:27.668+0000] {logging_mixin.py:188} INFO - [2025-10-22T12:23:27.667+0000] {dagbag.py:545} INFO - Filling up the DagBag from /home/khaled/dbt-env/lib/python3.12/site-packages/airflow/example_dags/example_short_circuit_operator.py
[2025-10-22T12:23:27.673+0000] {processor.py:840} INFO - DAG(s) 'example_short_circuit_operator' retrieved from /home/khaled/dbt-env/lib/python3.12/site-packages/airflow/example_dags/example_short_circuit_operator.py
[2025-10-22T12:23:27.684+0000] {logging_mixin.py:188} INFO - [2025-10-22T12:23:27.684+0000] {dag.py:3089} INFO - Sync 1 DAGs
[2025-10-22T12:23:27.695+0000] {logging_mixin.py:188} INFO - [2025-10-22T12:23:27.695+0000] {dag.py:3947} INFO - Setting next_dagrun for example_short_circuit_operator to 2025-10-21 00:00:00+00:00, run_after=2025-10-22 00:00:00+00:00
[2025-10-22T12:23:27.718+0000] {processor.py:183} INFO - Processing /home/khaled/dbt-env/lib/python3.12/site-packages/airflow/example_dags/example_short_circuit_operator.py took 0.062 seconds
[2025-10-22T12:24:23.543+0000] {processor.py:161} INFO - Started process (PID=11262) to work on /home/khaled/dbt-env/lib/python3.12/site-packages/airflow/example_dags/example_short_circuit_operator.py
[2025-10-22T12:24:23.545+0000] {processor.py:830} INFO - Processing file /home/khaled/dbt-env/lib/python3.12/site-packages/airflow/example_dags/example_short_circuit_operator.py for tasks to queue
[2025-10-22T12:24:23.547+0000] {logging_mixin.py:188} INFO - [2025-10-22T12:24:23.547+0000] {dagbag.py:545} INFO - Filling up the DagBag from /home/khaled/dbt-env/lib/python3.12/site-packages/airflow/example_dags/example_short_circuit_operator.py
[2025-10-22T12:24:23.554+0000] {processor.py:840} INFO - DAG(s) 'example_short_circuit_operator' retrieved from /home/khaled/dbt-env/lib/python3.12/site-packages/airflow/example_dags/example_short_circuit_operator.py
[2025-10-22T12:24:23.574+0000] {logging_mixin.py:188} INFO - [2025-10-22T12:24:23.573+0000] {dag.py:3089} INFO - Sync 1 DAGs
[2025-10-22T12:24:23.608+0000] {logging_mixin.py:188} INFO - [2025-10-22T12:24:23.608+0000] {dag.py:3947} INFO - Setting next_dagrun for example_short_circuit_operator to 2025-10-21 00:00:00+00:00, run_after=2025-10-22 00:00:00+00:00
[2025-10-22T12:24:23.649+0000] {processor.py:183} INFO - Processing /home/khaled/dbt-env/lib/python3.12/site-packages/airflow/example_dags/example_short_circuit_operator.py took 0.113 seconds
[2025-10-22T12:25:19.040+0000] {processor.py:161} INFO - Started process (PID=11402) to work on /home/khaled/dbt-env/lib/python3.12/site-packages/airflow/example_dags/example_short_circuit_operator.py
[2025-10-22T12:25:19.052+0000] {processor.py:830} INFO - Processing file /home/khaled/dbt-env/lib/python3.12/site-packages/airflow/example_dags/example_short_circuit_operator.py for tasks to queue
[2025-10-22T12:25:19.063+0000] {logging_mixin.py:188} INFO - [2025-10-22T12:25:19.062+0000] {dagbag.py:545} INFO - Filling up the DagBag from /home/khaled/dbt-env/lib/python3.12/site-packages/airflow/example_dags/example_short_circuit_operator.py
[2025-10-22T12:25:19.092+0000] {processor.py:840} INFO - DAG(s) 'example_short_circuit_operator' retrieved from /home/khaled/dbt-env/lib/python3.12/site-packages/airflow/example_dags/example_short_circuit_operator.py
[2025-10-22T12:25:19.131+0000] {logging_mixin.py:188} INFO - [2025-10-22T12:25:19.131+0000] {dag.py:3089} INFO - Sync 1 DAGs
[2025-10-22T12:25:19.160+0000] {logging_mixin.py:188} INFO - [2025-10-22T12:25:19.160+0000] {dag.py:3947} INFO - Setting next_dagrun for example_short_circuit_operator to 2025-10-21 00:00:00+00:00, run_after=2025-10-22 00:00:00+00:00
[2025-10-22T12:25:19.216+0000] {processor.py:183} INFO - Processing /home/khaled/dbt-env/lib/python3.12/site-packages/airflow/example_dags/example_short_circuit_operator.py took 0.181 seconds
[2025-10-22T12:26:17.288+0000] {processor.py:161} INFO - Started process (PID=11544) to work on /home/khaled/dbt-env/lib/python3.12/site-packages/airflow/example_dags/example_short_circuit_operator.py
[2025-10-22T12:26:17.290+0000] {processor.py:830} INFO - Processing file /home/khaled/dbt-env/lib/python3.12/site-packages/airflow/example_dags/example_short_circuit_operator.py for tasks to queue
[2025-10-22T12:26:17.292+0000] {logging_mixin.py:188} INFO - [2025-10-22T12:26:17.291+0000] {dagbag.py:545} INFO - Filling up the DagBag from /home/khaled/dbt-env/lib/python3.12/site-packages/airflow/example_dags/example_short_circuit_operator.py
[2025-10-22T12:26:17.313+0000] {processor.py:840} INFO - DAG(s) 'example_short_circuit_operator' retrieved from /home/khaled/dbt-env/lib/python3.12/site-packages/airflow/example_dags/example_short_circuit_operator.py
[2025-10-22T12:26:17.333+0000] {logging_mixin.py:188} INFO - [2025-10-22T12:26:17.333+0000] {dag.py:3089} INFO - Sync 1 DAGs
[2025-10-22T12:26:17.352+0000] {logging_mixin.py:188} INFO - [2025-10-22T12:26:17.352+0000] {dag.py:3947} INFO - Setting next_dagrun for example_short_circuit_operator to 2025-10-21 00:00:00+00:00, run_after=2025-10-22 00:00:00+00:00
[2025-10-22T12:26:17.410+0000] {processor.py:183} INFO - Processing /home/khaled/dbt-env/lib/python3.12/site-packages/airflow/example_dags/example_short_circuit_operator.py took 0.177 seconds
[2025-10-22T12:27:31.872+0000] {processor.py:161} INFO - Started process (PID=11936) to work on /home/khaled/dbt-env/lib/python3.12/site-packages/airflow/example_dags/example_short_circuit_operator.py
[2025-10-22T12:27:31.874+0000] {processor.py:830} INFO - Processing file /home/khaled/dbt-env/lib/python3.12/site-packages/airflow/example_dags/example_short_circuit_operator.py for tasks to queue
[2025-10-22T12:27:31.876+0000] {logging_mixin.py:188} INFO - [2025-10-22T12:27:31.875+0000] {dagbag.py:545} INFO - Filling up the DagBag from /home/khaled/dbt-env/lib/python3.12/site-packages/airflow/example_dags/example_short_circuit_operator.py
[2025-10-22T12:27:31.883+0000] {processor.py:840} INFO - DAG(s) 'example_short_circuit_operator' retrieved from /home/khaled/dbt-env/lib/python3.12/site-packages/airflow/example_dags/example_short_circuit_operator.py
[2025-10-22T12:27:31.902+0000] {logging_mixin.py:188} INFO - [2025-10-22T12:27:31.902+0000] {dag.py:3089} INFO - Sync 1 DAGs
[2025-10-22T12:27:31.918+0000] {logging_mixin.py:188} INFO - [2025-10-22T12:27:31.918+0000] {dag.py:3947} INFO - Setting next_dagrun for example_short_circuit_operator to 2025-10-21 00:00:00+00:00, run_after=2025-10-22 00:00:00+00:00
[2025-10-22T12:27:31.943+0000] {processor.py:183} INFO - Processing /home/khaled/dbt-env/lib/python3.12/site-packages/airflow/example_dags/example_short_circuit_operator.py took 0.077 seconds
[2025-10-22T12:28:27.487+0000] {processor.py:161} INFO - Started process (PID=12174) to work on /home/khaled/dbt-env/lib/python3.12/site-packages/airflow/example_dags/example_short_circuit_operator.py
[2025-10-22T12:28:27.489+0000] {processor.py:830} INFO - Processing file /home/khaled/dbt-env/lib/python3.12/site-packages/airflow/example_dags/example_short_circuit_operator.py for tasks to queue
[2025-10-22T12:28:27.490+0000] {logging_mixin.py:188} INFO - [2025-10-22T12:28:27.490+0000] {dagbag.py:545} INFO - Filling up the DagBag from /home/khaled/dbt-env/lib/python3.12/site-packages/airflow/example_dags/example_short_circuit_operator.py
[2025-10-22T12:28:27.496+0000] {processor.py:840} INFO - DAG(s) 'example_short_circuit_operator' retrieved from /home/khaled/dbt-env/lib/python3.12/site-packages/airflow/example_dags/example_short_circuit_operator.py
[2025-10-22T12:28:27.508+0000] {logging_mixin.py:188} INFO - [2025-10-22T12:28:27.508+0000] {dag.py:3089} INFO - Sync 1 DAGs
[2025-10-22T12:28:27.524+0000] {logging_mixin.py:188} INFO - [2025-10-22T12:28:27.523+0000] {dag.py:3947} INFO - Setting next_dagrun for example_short_circuit_operator to 2025-10-21 00:00:00+00:00, run_after=2025-10-22 00:00:00+00:00
[2025-10-22T12:28:27.543+0000] {processor.py:183} INFO - Processing /home/khaled/dbt-env/lib/python3.12/site-packages/airflow/example_dags/example_short_circuit_operator.py took 0.061 seconds
[2025-10-22T12:29:26.237+0000] {processor.py:161} INFO - Started process (PID=12451) to work on /home/khaled/dbt-env/lib/python3.12/site-packages/airflow/example_dags/example_short_circuit_operator.py
[2025-10-22T12:29:26.248+0000] {processor.py:830} INFO - Processing file /home/khaled/dbt-env/lib/python3.12/site-packages/airflow/example_dags/example_short_circuit_operator.py for tasks to queue
[2025-10-22T12:29:26.250+0000] {logging_mixin.py:188} INFO - [2025-10-22T12:29:26.249+0000] {dagbag.py:545} INFO - Filling up the DagBag from /home/khaled/dbt-env/lib/python3.12/site-packages/airflow/example_dags/example_short_circuit_operator.py
[2025-10-22T12:29:26.256+0000] {processor.py:840} INFO - DAG(s) 'example_short_circuit_operator' retrieved from /home/khaled/dbt-env/lib/python3.12/site-packages/airflow/example_dags/example_short_circuit_operator.py
[2025-10-22T12:29:26.272+0000] {logging_mixin.py:188} INFO - [2025-10-22T12:29:26.271+0000] {dag.py:3089} INFO - Sync 1 DAGs
[2025-10-22T12:29:26.286+0000] {logging_mixin.py:188} INFO - [2025-10-22T12:29:26.286+0000] {dag.py:3947} INFO - Setting next_dagrun for example_short_circuit_operator to 2025-10-21 00:00:00+00:00, run_after=2025-10-22 00:00:00+00:00
[2025-10-22T12:29:26.315+0000] {processor.py:183} INFO - Processing /home/khaled/dbt-env/lib/python3.12/site-packages/airflow/example_dags/example_short_circuit_operator.py took 0.092 seconds
[2025-10-22T12:30:19.806+0000] {processor.py:161} INFO - Started process (PID=12528) to work on /home/khaled/dbt-env/lib/python3.12/site-packages/airflow/example_dags/example_short_circuit_operator.py
[2025-10-22T12:30:19.817+0000] {processor.py:830} INFO - Processing file /home/khaled/dbt-env/lib/python3.12/site-packages/airflow/example_dags/example_short_circuit_operator.py for tasks to queue
[2025-10-22T12:30:19.818+0000] {logging_mixin.py:188} INFO - [2025-10-22T12:30:19.818+0000] {dagbag.py:545} INFO - Filling up the DagBag from /home/khaled/dbt-env/lib/python3.12/site-packages/airflow/example_dags/example_short_circuit_operator.py
[2025-10-22T12:30:19.832+0000] {processor.py:840} INFO - DAG(s) 'example_short_circuit_operator' retrieved from /home/khaled/dbt-env/lib/python3.12/site-packages/airflow/example_dags/example_short_circuit_operator.py
[2025-10-22T12:30:19.855+0000] {logging_mixin.py:188} INFO - [2025-10-22T12:30:19.855+0000] {dag.py:3089} INFO - Sync 1 DAGs
[2025-10-22T12:30:19.874+0000] {logging_mixin.py:188} INFO - [2025-10-22T12:30:19.874+0000] {dag.py:3947} INFO - Setting next_dagrun for example_short_circuit_operator to 2025-10-21 00:00:00+00:00, run_after=2025-10-22 00:00:00+00:00
[2025-10-22T12:30:19.906+0000] {processor.py:183} INFO - Processing /home/khaled/dbt-env/lib/python3.12/site-packages/airflow/example_dags/example_short_circuit_operator.py took 0.111 seconds
[2025-10-22T12:31:08.307+0000] {processor.py:161} INFO - Started process (PID=12579) to work on /home/khaled/dbt-env/lib/python3.12/site-packages/airflow/example_dags/example_short_circuit_operator.py
[2025-10-22T12:31:08.308+0000] {processor.py:830} INFO - Processing file /home/khaled/dbt-env/lib/python3.12/site-packages/airflow/example_dags/example_short_circuit_operator.py for tasks to queue
[2025-10-22T12:31:08.310+0000] {logging_mixin.py:188} INFO - [2025-10-22T12:31:08.309+0000] {dagbag.py:545} INFO - Filling up the DagBag from /home/khaled/dbt-env/lib/python3.12/site-packages/airflow/example_dags/example_short_circuit_operator.py
[2025-10-22T12:31:08.315+0000] {processor.py:840} INFO - DAG(s) 'example_short_circuit_operator' retrieved from /home/khaled/dbt-env/lib/python3.12/site-packages/airflow/example_dags/example_short_circuit_operator.py
[2025-10-22T12:31:08.328+0000] {logging_mixin.py:188} INFO - [2025-10-22T12:31:08.328+0000] {dag.py:3089} INFO - Sync 1 DAGs
[2025-10-22T12:31:08.342+0000] {logging_mixin.py:188} INFO - [2025-10-22T12:31:08.341+0000] {dag.py:3947} INFO - Setting next_dagrun for example_short_circuit_operator to 2025-10-21 00:00:00+00:00, run_after=2025-10-22 00:00:00+00:00
[2025-10-22T12:31:08.472+0000] {processor.py:183} INFO - Processing /home/khaled/dbt-env/lib/python3.12/site-packages/airflow/example_dags/example_short_circuit_operator.py took 0.172 seconds
[2025-10-22T12:32:36.174+0000] {processor.py:161} INFO - Started process (PID=12827) to work on /home/khaled/dbt-env/lib/python3.12/site-packages/airflow/example_dags/example_short_circuit_operator.py
[2025-10-22T12:32:36.176+0000] {processor.py:830} INFO - Processing file /home/khaled/dbt-env/lib/python3.12/site-packages/airflow/example_dags/example_short_circuit_operator.py for tasks to queue
[2025-10-22T12:32:36.177+0000] {logging_mixin.py:188} INFO - [2025-10-22T12:32:36.177+0000] {dagbag.py:545} INFO - Filling up the DagBag from /home/khaled/dbt-env/lib/python3.12/site-packages/airflow/example_dags/example_short_circuit_operator.py
[2025-10-22T12:32:36.184+0000] {processor.py:840} INFO - DAG(s) 'example_short_circuit_operator' retrieved from /home/khaled/dbt-env/lib/python3.12/site-packages/airflow/example_dags/example_short_circuit_operator.py
[2025-10-22T12:32:36.197+0000] {logging_mixin.py:188} INFO - [2025-10-22T12:32:36.197+0000] {dag.py:3089} INFO - Sync 1 DAGs
[2025-10-22T12:32:36.209+0000] {logging_mixin.py:188} INFO - [2025-10-22T12:32:36.209+0000] {dag.py:3947} INFO - Setting next_dagrun for example_short_circuit_operator to 2025-10-21 00:00:00+00:00, run_after=2025-10-22 00:00:00+00:00
[2025-10-22T12:32:36.228+0000] {processor.py:183} INFO - Processing /home/khaled/dbt-env/lib/python3.12/site-packages/airflow/example_dags/example_short_circuit_operator.py took 0.061 seconds
[2025-10-22T12:36:18.475+0000] {processor.py:161} INFO - Started process (PID=12929) to work on /home/khaled/dbt-env/lib/python3.12/site-packages/airflow/example_dags/example_short_circuit_operator.py
[2025-10-22T12:36:18.478+0000] {processor.py:830} INFO - Processing file /home/khaled/dbt-env/lib/python3.12/site-packages/airflow/example_dags/example_short_circuit_operator.py for tasks to queue
[2025-10-22T12:36:18.483+0000] {logging_mixin.py:188} INFO - [2025-10-22T12:36:18.483+0000] {dagbag.py:545} INFO - Filling up the DagBag from /home/khaled/dbt-env/lib/python3.12/site-packages/airflow/example_dags/example_short_circuit_operator.py
[2025-10-22T12:36:18.496+0000] {processor.py:840} INFO - DAG(s) 'example_short_circuit_operator' retrieved from /home/khaled/dbt-env/lib/python3.12/site-packages/airflow/example_dags/example_short_circuit_operator.py
[2025-10-22T12:36:18.547+0000] {logging_mixin.py:188} INFO - [2025-10-22T12:36:18.547+0000] {dag.py:3089} INFO - Sync 1 DAGs
[2025-10-22T12:36:18.599+0000] {logging_mixin.py:188} INFO - [2025-10-22T12:36:18.599+0000] {dag.py:3947} INFO - Setting next_dagrun for example_short_circuit_operator to 2025-10-21 00:00:00+00:00, run_after=2025-10-22 00:00:00+00:00
[2025-10-22T12:36:18.654+0000] {processor.py:183} INFO - Processing /home/khaled/dbt-env/lib/python3.12/site-packages/airflow/example_dags/example_short_circuit_operator.py took 0.194 seconds
[2025-10-22T12:37:54.546+0000] {processor.py:161} INFO - Started process (PID=13210) to work on /home/khaled/dbt-env/lib/python3.12/site-packages/airflow/example_dags/example_short_circuit_operator.py
[2025-10-22T12:37:54.558+0000] {processor.py:830} INFO - Processing file /home/khaled/dbt-env/lib/python3.12/site-packages/airflow/example_dags/example_short_circuit_operator.py for tasks to queue
[2025-10-22T12:37:54.560+0000] {logging_mixin.py:188} INFO - [2025-10-22T12:37:54.560+0000] {dagbag.py:545} INFO - Filling up the DagBag from /home/khaled/dbt-env/lib/python3.12/site-packages/airflow/example_dags/example_short_circuit_operator.py
[2025-10-22T12:37:54.566+0000] {processor.py:840} INFO - DAG(s) 'example_short_circuit_operator' retrieved from /home/khaled/dbt-env/lib/python3.12/site-packages/airflow/example_dags/example_short_circuit_operator.py
[2025-10-22T12:37:54.579+0000] {logging_mixin.py:188} INFO - [2025-10-22T12:37:54.579+0000] {dag.py:3089} INFO - Sync 1 DAGs
[2025-10-22T12:37:54.689+0000] {logging_mixin.py:188} INFO - [2025-10-22T12:37:54.689+0000] {dag.py:3947} INFO - Setting next_dagrun for example_short_circuit_operator to 2025-10-21 00:00:00+00:00, run_after=2025-10-22 00:00:00+00:00
[2025-10-22T12:37:54.711+0000] {processor.py:183} INFO - Processing /home/khaled/dbt-env/lib/python3.12/site-packages/airflow/example_dags/example_short_circuit_operator.py took 0.173 seconds
[2025-10-22T12:39:06.398+0000] {processor.py:161} INFO - Started process (PID=13273) to work on /home/khaled/dbt-env/lib/python3.12/site-packages/airflow/example_dags/example_short_circuit_operator.py
[2025-10-22T12:39:06.399+0000] {processor.py:830} INFO - Processing file /home/khaled/dbt-env/lib/python3.12/site-packages/airflow/example_dags/example_short_circuit_operator.py for tasks to queue
[2025-10-22T12:39:06.400+0000] {logging_mixin.py:188} INFO - [2025-10-22T12:39:06.400+0000] {dagbag.py:545} INFO - Filling up the DagBag from /home/khaled/dbt-env/lib/python3.12/site-packages/airflow/example_dags/example_short_circuit_operator.py
[2025-10-22T12:39:06.405+0000] {processor.py:840} INFO - DAG(s) 'example_short_circuit_operator' retrieved from /home/khaled/dbt-env/lib/python3.12/site-packages/airflow/example_dags/example_short_circuit_operator.py
[2025-10-22T12:39:06.420+0000] {logging_mixin.py:188} INFO - [2025-10-22T12:39:06.420+0000] {dag.py:3089} INFO - Sync 1 DAGs
[2025-10-22T12:39:06.437+0000] {logging_mixin.py:188} INFO - [2025-10-22T12:39:06.437+0000] {dag.py:3947} INFO - Setting next_dagrun for example_short_circuit_operator to 2025-10-21 00:00:00+00:00, run_after=2025-10-22 00:00:00+00:00
[2025-10-22T12:39:06.556+0000] {processor.py:183} INFO - Processing /home/khaled/dbt-env/lib/python3.12/site-packages/airflow/example_dags/example_short_circuit_operator.py took 0.165 seconds
[2025-10-22T12:40:28.092+0000] {processor.py:161} INFO - Started process (PID=13355) to work on /home/khaled/dbt-env/lib/python3.12/site-packages/airflow/example_dags/example_short_circuit_operator.py
[2025-10-22T12:40:28.093+0000] {processor.py:830} INFO - Processing file /home/khaled/dbt-env/lib/python3.12/site-packages/airflow/example_dags/example_short_circuit_operator.py for tasks to queue
[2025-10-22T12:40:28.095+0000] {logging_mixin.py:188} INFO - [2025-10-22T12:40:28.094+0000] {dagbag.py:545} INFO - Filling up the DagBag from /home/khaled/dbt-env/lib/python3.12/site-packages/airflow/example_dags/example_short_circuit_operator.py
[2025-10-22T12:40:28.102+0000] {processor.py:840} INFO - DAG(s) 'example_short_circuit_operator' retrieved from /home/khaled/dbt-env/lib/python3.12/site-packages/airflow/example_dags/example_short_circuit_operator.py
[2025-10-22T12:40:28.119+0000] {logging_mixin.py:188} INFO - [2025-10-22T12:40:28.119+0000] {dag.py:3089} INFO - Sync 1 DAGs
[2025-10-22T12:40:28.137+0000] {logging_mixin.py:188} INFO - [2025-10-22T12:40:28.137+0000] {dag.py:3947} INFO - Setting next_dagrun for example_short_circuit_operator to 2025-10-21 00:00:00+00:00, run_after=2025-10-22 00:00:00+00:00
[2025-10-22T12:40:28.195+0000] {processor.py:183} INFO - Processing /home/khaled/dbt-env/lib/python3.12/site-packages/airflow/example_dags/example_short_circuit_operator.py took 0.112 seconds
