[2025-10-22T12:11:52.733+0000] {processor.py:161} INFO - Started process (PID=8047) to work on /home/khaled/dbt-env/lib/python3.12/site-packages/airflow/example_dags/example_time_delta_sensor_async.py
[2025-10-22T12:11:52.733+0000] {processor.py:830} INFO - Processing file /home/khaled/dbt-env/lib/python3.12/site-packages/airflow/example_dags/example_time_delta_sensor_async.py for tasks to queue
[2025-10-22T12:11:52.735+0000] {logging_mixin.py:188} INFO - [2025-10-22T12:11:52.734+0000] {dagbag.py:545} INFO - Filling up the DagBag from /home/khaled/dbt-env/lib/python3.12/site-packages/airflow/example_dags/example_time_delta_sensor_async.py
[2025-10-22T12:11:52.740+0000] {processor.py:840} INFO - DAG(s) 'example_time_delta_sensor_async' retrieved from /home/khaled/dbt-env/lib/python3.12/site-packages/airflow/example_dags/example_time_delta_sensor_async.py
[2025-10-22T12:11:52.748+0000] {logging_mixin.py:188} INFO - [2025-10-22T12:11:52.747+0000] {dag.py:3089} INFO - Sync 1 DAGs
[2025-10-22T12:11:52.759+0000] {logging_mixin.py:188} INFO - [2025-10-22T12:11:52.758+0000] {dag.py:3947} INFO - Setting next_dagrun for example_time_delta_sensor_async to None, run_after=None
[2025-10-22T12:11:52.778+0000] {processor.py:183} INFO - Processing /home/khaled/dbt-env/lib/python3.12/site-packages/airflow/example_dags/example_time_delta_sensor_async.py took 0.051 seconds
[2025-10-22T12:13:07.614+0000] {processor.py:161} INFO - Started process (PID=8855) to work on /home/khaled/dbt-env/lib/python3.12/site-packages/airflow/example_dags/example_time_delta_sensor_async.py
[2025-10-22T12:13:07.628+0000] {processor.py:830} INFO - Processing file /home/khaled/dbt-env/lib/python3.12/site-packages/airflow/example_dags/example_time_delta_sensor_async.py for tasks to queue
[2025-10-22T12:13:07.630+0000] {logging_mixin.py:188} INFO - [2025-10-22T12:13:07.629+0000] {dagbag.py:545} INFO - Filling up the DagBag from /home/khaled/dbt-env/lib/python3.12/site-packages/airflow/example_dags/example_time_delta_sensor_async.py
[2025-10-22T12:13:07.636+0000] {processor.py:840} INFO - DAG(s) 'example_time_delta_sensor_async' retrieved from /home/khaled/dbt-env/lib/python3.12/site-packages/airflow/example_dags/example_time_delta_sensor_async.py
[2025-10-22T12:13:07.788+0000] {logging_mixin.py:188} INFO - [2025-10-22T12:13:07.788+0000] {dag.py:3089} INFO - Sync 1 DAGs
[2025-10-22T12:13:07.798+0000] {logging_mixin.py:188} INFO - [2025-10-22T12:13:07.798+0000] {dag.py:3947} INFO - Setting next_dagrun for example_time_delta_sensor_async to None, run_after=None
[2025-10-22T12:13:07.849+0000] {processor.py:183} INFO - Processing /home/khaled/dbt-env/lib/python3.12/site-packages/airflow/example_dags/example_time_delta_sensor_async.py took 0.239 seconds
[2025-10-22T12:14:05.791+0000] {processor.py:161} INFO - Started process (PID=9300) to work on /home/khaled/dbt-env/lib/python3.12/site-packages/airflow/example_dags/example_time_delta_sensor_async.py
[2025-10-22T12:14:05.800+0000] {processor.py:830} INFO - Processing file /home/khaled/dbt-env/lib/python3.12/site-packages/airflow/example_dags/example_time_delta_sensor_async.py for tasks to queue
[2025-10-22T12:14:05.802+0000] {logging_mixin.py:188} INFO - [2025-10-22T12:14:05.801+0000] {dagbag.py:545} INFO - Filling up the DagBag from /home/khaled/dbt-env/lib/python3.12/site-packages/airflow/example_dags/example_time_delta_sensor_async.py
[2025-10-22T12:14:05.805+0000] {processor.py:840} INFO - DAG(s) 'example_time_delta_sensor_async' retrieved from /home/khaled/dbt-env/lib/python3.12/site-packages/airflow/example_dags/example_time_delta_sensor_async.py
[2025-10-22T12:14:05.816+0000] {logging_mixin.py:188} INFO - [2025-10-22T12:14:05.816+0000] {dag.py:3089} INFO - Sync 1 DAGs
[2025-10-22T12:14:05.828+0000] {logging_mixin.py:188} INFO - [2025-10-22T12:14:05.828+0000] {dag.py:3947} INFO - Setting next_dagrun for example_time_delta_sensor_async to None, run_after=None
[2025-10-22T12:14:05.852+0000] {processor.py:183} INFO - Processing /home/khaled/dbt-env/lib/python3.12/site-packages/airflow/example_dags/example_time_delta_sensor_async.py took 0.066 seconds
[2025-10-22T12:14:58.911+0000] {processor.py:161} INFO - Started process (PID=9471) to work on /home/khaled/dbt-env/lib/python3.12/site-packages/airflow/example_dags/example_time_delta_sensor_async.py
[2025-10-22T12:14:58.912+0000] {processor.py:830} INFO - Processing file /home/khaled/dbt-env/lib/python3.12/site-packages/airflow/example_dags/example_time_delta_sensor_async.py for tasks to queue
[2025-10-22T12:14:58.913+0000] {logging_mixin.py:188} INFO - [2025-10-22T12:14:58.913+0000] {dagbag.py:545} INFO - Filling up the DagBag from /home/khaled/dbt-env/lib/python3.12/site-packages/airflow/example_dags/example_time_delta_sensor_async.py
[2025-10-22T12:14:58.917+0000] {processor.py:840} INFO - DAG(s) 'example_time_delta_sensor_async' retrieved from /home/khaled/dbt-env/lib/python3.12/site-packages/airflow/example_dags/example_time_delta_sensor_async.py
[2025-10-22T12:14:58.931+0000] {logging_mixin.py:188} INFO - [2025-10-22T12:14:58.930+0000] {dag.py:3089} INFO - Sync 1 DAGs
[2025-10-22T12:14:58.941+0000] {logging_mixin.py:188} INFO - [2025-10-22T12:14:58.941+0000] {dag.py:3947} INFO - Setting next_dagrun for example_time_delta_sensor_async to None, run_after=None
[2025-10-22T12:14:58.965+0000] {processor.py:183} INFO - Processing /home/khaled/dbt-env/lib/python3.12/site-packages/airflow/example_dags/example_time_delta_sensor_async.py took 0.061 seconds
[2025-10-22T12:15:47.151+0000] {processor.py:161} INFO - Started process (PID=9622) to work on /home/khaled/dbt-env/lib/python3.12/site-packages/airflow/example_dags/example_time_delta_sensor_async.py
[2025-10-22T12:15:47.152+0000] {processor.py:830} INFO - Processing file /home/khaled/dbt-env/lib/python3.12/site-packages/airflow/example_dags/example_time_delta_sensor_async.py for tasks to queue
[2025-10-22T12:15:47.154+0000] {logging_mixin.py:188} INFO - [2025-10-22T12:15:47.153+0000] {dagbag.py:545} INFO - Filling up the DagBag from /home/khaled/dbt-env/lib/python3.12/site-packages/airflow/example_dags/example_time_delta_sensor_async.py
[2025-10-22T12:15:47.158+0000] {processor.py:840} INFO - DAG(s) 'example_time_delta_sensor_async' retrieved from /home/khaled/dbt-env/lib/python3.12/site-packages/airflow/example_dags/example_time_delta_sensor_async.py
[2025-10-22T12:15:47.169+0000] {logging_mixin.py:188} INFO - [2025-10-22T12:15:47.169+0000] {dag.py:3089} INFO - Sync 1 DAGs
[2025-10-22T12:15:47.178+0000] {logging_mixin.py:188} INFO - [2025-10-22T12:15:47.178+0000] {dag.py:3947} INFO - Setting next_dagrun for example_time_delta_sensor_async to None, run_after=None
[2025-10-22T12:15:47.218+0000] {processor.py:183} INFO - Processing /home/khaled/dbt-env/lib/python3.12/site-packages/airflow/example_dags/example_time_delta_sensor_async.py took 0.071 seconds
[2025-10-22T12:16:40.151+0000] {processor.py:161} INFO - Started process (PID=9733) to work on /home/khaled/dbt-env/lib/python3.12/site-packages/airflow/example_dags/example_time_delta_sensor_async.py
[2025-10-22T12:16:40.158+0000] {processor.py:830} INFO - Processing file /home/khaled/dbt-env/lib/python3.12/site-packages/airflow/example_dags/example_time_delta_sensor_async.py for tasks to queue
[2025-10-22T12:16:40.160+0000] {logging_mixin.py:188} INFO - [2025-10-22T12:16:40.159+0000] {dagbag.py:545} INFO - Filling up the DagBag from /home/khaled/dbt-env/lib/python3.12/site-packages/airflow/example_dags/example_time_delta_sensor_async.py
[2025-10-22T12:16:40.164+0000] {processor.py:840} INFO - DAG(s) 'example_time_delta_sensor_async' retrieved from /home/khaled/dbt-env/lib/python3.12/site-packages/airflow/example_dags/example_time_delta_sensor_async.py
[2025-10-22T12:16:40.180+0000] {logging_mixin.py:188} INFO - [2025-10-22T12:16:40.179+0000] {dag.py:3089} INFO - Sync 1 DAGs
[2025-10-22T12:16:40.192+0000] {logging_mixin.py:188} INFO - [2025-10-22T12:16:40.192+0000] {dag.py:3947} INFO - Setting next_dagrun for example_time_delta_sensor_async to None, run_after=None
[2025-10-22T12:16:40.237+0000] {processor.py:183} INFO - Processing /home/khaled/dbt-env/lib/python3.12/site-packages/airflow/example_dags/example_time_delta_sensor_async.py took 0.093 seconds
[2025-10-22T12:17:28.611+0000] {processor.py:161} INFO - Started process (PID=9840) to work on /home/khaled/dbt-env/lib/python3.12/site-packages/airflow/example_dags/example_time_delta_sensor_async.py
[2025-10-22T12:17:28.612+0000] {processor.py:830} INFO - Processing file /home/khaled/dbt-env/lib/python3.12/site-packages/airflow/example_dags/example_time_delta_sensor_async.py for tasks to queue
[2025-10-22T12:17:28.614+0000] {logging_mixin.py:188} INFO - [2025-10-22T12:17:28.614+0000] {dagbag.py:545} INFO - Filling up the DagBag from /home/khaled/dbt-env/lib/python3.12/site-packages/airflow/example_dags/example_time_delta_sensor_async.py
[2025-10-22T12:17:28.617+0000] {processor.py:840} INFO - DAG(s) 'example_time_delta_sensor_async' retrieved from /home/khaled/dbt-env/lib/python3.12/site-packages/airflow/example_dags/example_time_delta_sensor_async.py
[2025-10-22T12:17:28.629+0000] {logging_mixin.py:188} INFO - [2025-10-22T12:17:28.629+0000] {dag.py:3089} INFO - Sync 1 DAGs
[2025-10-22T12:17:28.637+0000] {logging_mixin.py:188} INFO - [2025-10-22T12:17:28.637+0000] {dag.py:3947} INFO - Setting next_dagrun for example_time_delta_sensor_async to None, run_after=None
[2025-10-22T12:17:28.659+0000] {processor.py:183} INFO - Processing /home/khaled/dbt-env/lib/python3.12/site-packages/airflow/example_dags/example_time_delta_sensor_async.py took 0.052 seconds
[2025-10-22T12:18:19.738+0000] {processor.py:161} INFO - Started process (PID=10247) to work on /home/khaled/dbt-env/lib/python3.12/site-packages/airflow/example_dags/example_time_delta_sensor_async.py
[2025-10-22T12:18:19.739+0000] {processor.py:830} INFO - Processing file /home/khaled/dbt-env/lib/python3.12/site-packages/airflow/example_dags/example_time_delta_sensor_async.py for tasks to queue
[2025-10-22T12:18:19.744+0000] {logging_mixin.py:188} INFO - [2025-10-22T12:18:19.743+0000] {dagbag.py:545} INFO - Filling up the DagBag from /home/khaled/dbt-env/lib/python3.12/site-packages/airflow/example_dags/example_time_delta_sensor_async.py
[2025-10-22T12:18:19.748+0000] {processor.py:840} INFO - DAG(s) 'example_time_delta_sensor_async' retrieved from /home/khaled/dbt-env/lib/python3.12/site-packages/airflow/example_dags/example_time_delta_sensor_async.py
[2025-10-22T12:18:19.766+0000] {logging_mixin.py:188} INFO - [2025-10-22T12:18:19.766+0000] {dag.py:3089} INFO - Sync 1 DAGs
[2025-10-22T12:18:19.776+0000] {logging_mixin.py:188} INFO - [2025-10-22T12:18:19.776+0000] {dag.py:3947} INFO - Setting next_dagrun for example_time_delta_sensor_async to None, run_after=None
[2025-10-22T12:18:19.801+0000] {processor.py:183} INFO - Processing /home/khaled/dbt-env/lib/python3.12/site-packages/airflow/example_dags/example_time_delta_sensor_async.py took 0.067 seconds
[2025-10-22T12:19:16.682+0000] {processor.py:161} INFO - Started process (PID=10346) to work on /home/khaled/dbt-env/lib/python3.12/site-packages/airflow/example_dags/example_time_delta_sensor_async.py
[2025-10-22T12:19:16.684+0000] {processor.py:830} INFO - Processing file /home/khaled/dbt-env/lib/python3.12/site-packages/airflow/example_dags/example_time_delta_sensor_async.py for tasks to queue
[2025-10-22T12:19:16.686+0000] {logging_mixin.py:188} INFO - [2025-10-22T12:19:16.686+0000] {dagbag.py:545} INFO - Filling up the DagBag from /home/khaled/dbt-env/lib/python3.12/site-packages/airflow/example_dags/example_time_delta_sensor_async.py
[2025-10-22T12:19:16.694+0000] {processor.py:840} INFO - DAG(s) 'example_time_delta_sensor_async' retrieved from /home/khaled/dbt-env/lib/python3.12/site-packages/airflow/example_dags/example_time_delta_sensor_async.py
[2025-10-22T12:19:16.712+0000] {logging_mixin.py:188} INFO - [2025-10-22T12:19:16.712+0000] {dag.py:3089} INFO - Sync 1 DAGs
[2025-10-22T12:19:16.724+0000] {logging_mixin.py:188} INFO - [2025-10-22T12:19:16.724+0000] {dag.py:3947} INFO - Setting next_dagrun for example_time_delta_sensor_async to None, run_after=None
[2025-10-22T12:19:16.790+0000] {processor.py:183} INFO - Processing /home/khaled/dbt-env/lib/python3.12/site-packages/airflow/example_dags/example_time_delta_sensor_async.py took 0.113 seconds
[2025-10-22T12:22:23.056+0000] {processor.py:161} INFO - Started process (PID=10636) to work on /home/khaled/dbt-env/lib/python3.12/site-packages/airflow/example_dags/example_time_delta_sensor_async.py
[2025-10-22T12:22:23.069+0000] {processor.py:830} INFO - Processing file /home/khaled/dbt-env/lib/python3.12/site-packages/airflow/example_dags/example_time_delta_sensor_async.py for tasks to queue
[2025-10-22T12:22:23.071+0000] {logging_mixin.py:188} INFO - [2025-10-22T12:22:23.070+0000] {dagbag.py:545} INFO - Filling up the DagBag from /home/khaled/dbt-env/lib/python3.12/site-packages/airflow/example_dags/example_time_delta_sensor_async.py
[2025-10-22T12:22:23.079+0000] {processor.py:840} INFO - DAG(s) 'example_time_delta_sensor_async' retrieved from /home/khaled/dbt-env/lib/python3.12/site-packages/airflow/example_dags/example_time_delta_sensor_async.py
[2025-10-22T12:22:23.100+0000] {logging_mixin.py:188} INFO - [2025-10-22T12:22:23.100+0000] {dag.py:3089} INFO - Sync 1 DAGs
[2025-10-22T12:22:23.112+0000] {logging_mixin.py:188} INFO - [2025-10-22T12:22:23.112+0000] {dag.py:3947} INFO - Setting next_dagrun for example_time_delta_sensor_async to None, run_after=None
[2025-10-22T12:22:23.142+0000] {processor.py:183} INFO - Processing /home/khaled/dbt-env/lib/python3.12/site-packages/airflow/example_dags/example_time_delta_sensor_async.py took 0.090 seconds
[2025-10-22T12:23:20.879+0000] {processor.py:161} INFO - Started process (PID=11115) to work on /home/khaled/dbt-env/lib/python3.12/site-packages/airflow/example_dags/example_time_delta_sensor_async.py
[2025-10-22T12:23:20.891+0000] {processor.py:830} INFO - Processing file /home/khaled/dbt-env/lib/python3.12/site-packages/airflow/example_dags/example_time_delta_sensor_async.py for tasks to queue
[2025-10-22T12:23:20.893+0000] {logging_mixin.py:188} INFO - [2025-10-22T12:23:20.892+0000] {dagbag.py:545} INFO - Filling up the DagBag from /home/khaled/dbt-env/lib/python3.12/site-packages/airflow/example_dags/example_time_delta_sensor_async.py
[2025-10-22T12:23:20.896+0000] {processor.py:840} INFO - DAG(s) 'example_time_delta_sensor_async' retrieved from /home/khaled/dbt-env/lib/python3.12/site-packages/airflow/example_dags/example_time_delta_sensor_async.py
[2025-10-22T12:23:20.907+0000] {logging_mixin.py:188} INFO - [2025-10-22T12:23:20.907+0000] {dag.py:3089} INFO - Sync 1 DAGs
[2025-10-22T12:23:20.914+0000] {logging_mixin.py:188} INFO - [2025-10-22T12:23:20.914+0000] {dag.py:3947} INFO - Setting next_dagrun for example_time_delta_sensor_async to None, run_after=None
[2025-10-22T12:23:20.935+0000] {processor.py:183} INFO - Processing /home/khaled/dbt-env/lib/python3.12/site-packages/airflow/example_dags/example_time_delta_sensor_async.py took 0.060 seconds
[2025-10-22T12:24:17.081+0000] {processor.py:161} INFO - Started process (PID=11251) to work on /home/khaled/dbt-env/lib/python3.12/site-packages/airflow/example_dags/example_time_delta_sensor_async.py
[2025-10-22T12:24:17.088+0000] {processor.py:830} INFO - Processing file /home/khaled/dbt-env/lib/python3.12/site-packages/airflow/example_dags/example_time_delta_sensor_async.py for tasks to queue
[2025-10-22T12:24:17.096+0000] {logging_mixin.py:188} INFO - [2025-10-22T12:24:17.094+0000] {dagbag.py:545} INFO - Filling up the DagBag from /home/khaled/dbt-env/lib/python3.12/site-packages/airflow/example_dags/example_time_delta_sensor_async.py
[2025-10-22T12:24:17.108+0000] {processor.py:840} INFO - DAG(s) 'example_time_delta_sensor_async' retrieved from /home/khaled/dbt-env/lib/python3.12/site-packages/airflow/example_dags/example_time_delta_sensor_async.py
[2025-10-22T12:24:17.157+0000] {logging_mixin.py:188} INFO - [2025-10-22T12:24:17.157+0000] {dag.py:3089} INFO - Sync 1 DAGs
[2025-10-22T12:24:17.190+0000] {logging_mixin.py:188} INFO - [2025-10-22T12:24:17.190+0000] {dag.py:3947} INFO - Setting next_dagrun for example_time_delta_sensor_async to None, run_after=None
[2025-10-22T12:24:17.257+0000] {processor.py:183} INFO - Processing /home/khaled/dbt-env/lib/python3.12/site-packages/airflow/example_dags/example_time_delta_sensor_async.py took 0.192 seconds
[2025-10-22T12:25:08.935+0000] {processor.py:161} INFO - Started process (PID=11389) to work on /home/khaled/dbt-env/lib/python3.12/site-packages/airflow/example_dags/example_time_delta_sensor_async.py
[2025-10-22T12:25:08.946+0000] {processor.py:830} INFO - Processing file /home/khaled/dbt-env/lib/python3.12/site-packages/airflow/example_dags/example_time_delta_sensor_async.py for tasks to queue
[2025-10-22T12:25:08.948+0000] {logging_mixin.py:188} INFO - [2025-10-22T12:25:08.947+0000] {dagbag.py:545} INFO - Filling up the DagBag from /home/khaled/dbt-env/lib/python3.12/site-packages/airflow/example_dags/example_time_delta_sensor_async.py
[2025-10-22T12:25:08.951+0000] {processor.py:840} INFO - DAG(s) 'example_time_delta_sensor_async' retrieved from /home/khaled/dbt-env/lib/python3.12/site-packages/airflow/example_dags/example_time_delta_sensor_async.py
[2025-10-22T12:25:08.963+0000] {logging_mixin.py:188} INFO - [2025-10-22T12:25:08.963+0000] {dag.py:3089} INFO - Sync 1 DAGs
[2025-10-22T12:25:08.972+0000] {logging_mixin.py:188} INFO - [2025-10-22T12:25:08.972+0000] {dag.py:3947} INFO - Setting next_dagrun for example_time_delta_sensor_async to None, run_after=None
[2025-10-22T12:25:09.004+0000] {processor.py:183} INFO - Processing /home/khaled/dbt-env/lib/python3.12/site-packages/airflow/example_dags/example_time_delta_sensor_async.py took 0.073 seconds
[2025-10-22T12:26:03.535+0000] {processor.py:161} INFO - Started process (PID=11452) to work on /home/khaled/dbt-env/lib/python3.12/site-packages/airflow/example_dags/example_time_delta_sensor_async.py
[2025-10-22T12:26:03.554+0000] {processor.py:830} INFO - Processing file /home/khaled/dbt-env/lib/python3.12/site-packages/airflow/example_dags/example_time_delta_sensor_async.py for tasks to queue
[2025-10-22T12:26:03.563+0000] {logging_mixin.py:188} INFO - [2025-10-22T12:26:03.562+0000] {dagbag.py:545} INFO - Filling up the DagBag from /home/khaled/dbt-env/lib/python3.12/site-packages/airflow/example_dags/example_time_delta_sensor_async.py
[2025-10-22T12:26:03.571+0000] {processor.py:840} INFO - DAG(s) 'example_time_delta_sensor_async' retrieved from /home/khaled/dbt-env/lib/python3.12/site-packages/airflow/example_dags/example_time_delta_sensor_async.py
[2025-10-22T12:26:03.612+0000] {logging_mixin.py:188} INFO - [2025-10-22T12:26:03.612+0000] {dag.py:3089} INFO - Sync 1 DAGs
[2025-10-22T12:26:03.621+0000] {logging_mixin.py:188} INFO - [2025-10-22T12:26:03.621+0000] {dag.py:3947} INFO - Setting next_dagrun for example_time_delta_sensor_async to None, run_after=None
[2025-10-22T12:26:03.656+0000] {processor.py:183} INFO - Processing /home/khaled/dbt-env/lib/python3.12/site-packages/airflow/example_dags/example_time_delta_sensor_async.py took 0.135 seconds
[2025-10-22T12:27:00.345+0000] {processor.py:161} INFO - Started process (PID=11759) to work on /home/khaled/dbt-env/lib/python3.12/site-packages/airflow/example_dags/example_time_delta_sensor_async.py
[2025-10-22T12:27:00.349+0000] {processor.py:830} INFO - Processing file /home/khaled/dbt-env/lib/python3.12/site-packages/airflow/example_dags/example_time_delta_sensor_async.py for tasks to queue
[2025-10-22T12:27:00.351+0000] {logging_mixin.py:188} INFO - [2025-10-22T12:27:00.351+0000] {dagbag.py:545} INFO - Filling up the DagBag from /home/khaled/dbt-env/lib/python3.12/site-packages/airflow/example_dags/example_time_delta_sensor_async.py
[2025-10-22T12:27:00.359+0000] {processor.py:840} INFO - DAG(s) 'example_time_delta_sensor_async' retrieved from /home/khaled/dbt-env/lib/python3.12/site-packages/airflow/example_dags/example_time_delta_sensor_async.py
[2025-10-22T12:27:00.376+0000] {logging_mixin.py:188} INFO - [2025-10-22T12:27:00.376+0000] {dag.py:3089} INFO - Sync 1 DAGs
[2025-10-22T12:27:00.388+0000] {logging_mixin.py:188} INFO - [2025-10-22T12:27:00.387+0000] {dag.py:3947} INFO - Setting next_dagrun for example_time_delta_sensor_async to None, run_after=None
[2025-10-22T12:27:00.423+0000] {processor.py:183} INFO - Processing /home/khaled/dbt-env/lib/python3.12/site-packages/airflow/example_dags/example_time_delta_sensor_async.py took 0.090 seconds
[2025-10-22T12:28:14.617+0000] {processor.py:161} INFO - Started process (PID=12108) to work on /home/khaled/dbt-env/lib/python3.12/site-packages/airflow/example_dags/example_time_delta_sensor_async.py
[2025-10-22T12:28:14.618+0000] {processor.py:830} INFO - Processing file /home/khaled/dbt-env/lib/python3.12/site-packages/airflow/example_dags/example_time_delta_sensor_async.py for tasks to queue
[2025-10-22T12:28:14.620+0000] {logging_mixin.py:188} INFO - [2025-10-22T12:28:14.619+0000] {dagbag.py:545} INFO - Filling up the DagBag from /home/khaled/dbt-env/lib/python3.12/site-packages/airflow/example_dags/example_time_delta_sensor_async.py
[2025-10-22T12:28:14.625+0000] {processor.py:840} INFO - DAG(s) 'example_time_delta_sensor_async' retrieved from /home/khaled/dbt-env/lib/python3.12/site-packages/airflow/example_dags/example_time_delta_sensor_async.py
[2025-10-22T12:28:14.644+0000] {logging_mixin.py:188} INFO - [2025-10-22T12:28:14.644+0000] {dag.py:3089} INFO - Sync 1 DAGs
[2025-10-22T12:28:14.680+0000] {logging_mixin.py:188} INFO - [2025-10-22T12:28:14.679+0000] {dag.py:3947} INFO - Setting next_dagrun for example_time_delta_sensor_async to None, run_after=None
[2025-10-22T12:28:14.741+0000] {processor.py:183} INFO - Processing /home/khaled/dbt-env/lib/python3.12/site-packages/airflow/example_dags/example_time_delta_sensor_async.py took 0.130 seconds
[2025-10-22T12:29:10.616+0000] {processor.py:161} INFO - Started process (PID=12393) to work on /home/khaled/dbt-env/lib/python3.12/site-packages/airflow/example_dags/example_time_delta_sensor_async.py
[2025-10-22T12:29:10.628+0000] {processor.py:830} INFO - Processing file /home/khaled/dbt-env/lib/python3.12/site-packages/airflow/example_dags/example_time_delta_sensor_async.py for tasks to queue
[2025-10-22T12:29:10.630+0000] {logging_mixin.py:188} INFO - [2025-10-22T12:29:10.629+0000] {dagbag.py:545} INFO - Filling up the DagBag from /home/khaled/dbt-env/lib/python3.12/site-packages/airflow/example_dags/example_time_delta_sensor_async.py
[2025-10-22T12:29:10.635+0000] {processor.py:840} INFO - DAG(s) 'example_time_delta_sensor_async' retrieved from /home/khaled/dbt-env/lib/python3.12/site-packages/airflow/example_dags/example_time_delta_sensor_async.py
[2025-10-22T12:29:10.646+0000] {logging_mixin.py:188} INFO - [2025-10-22T12:29:10.646+0000] {dag.py:3089} INFO - Sync 1 DAGs
[2025-10-22T12:29:10.653+0000] {logging_mixin.py:188} INFO - [2025-10-22T12:29:10.653+0000] {dag.py:3947} INFO - Setting next_dagrun for example_time_delta_sensor_async to None, run_after=None
[2025-10-22T12:29:10.672+0000] {processor.py:183} INFO - Processing /home/khaled/dbt-env/lib/python3.12/site-packages/airflow/example_dags/example_time_delta_sensor_async.py took 0.063 seconds
[2025-10-22T12:30:06.942+0000] {processor.py:161} INFO - Started process (PID=12509) to work on /home/khaled/dbt-env/lib/python3.12/site-packages/airflow/example_dags/example_time_delta_sensor_async.py
[2025-10-22T12:30:06.944+0000] {processor.py:830} INFO - Processing file /home/khaled/dbt-env/lib/python3.12/site-packages/airflow/example_dags/example_time_delta_sensor_async.py for tasks to queue
[2025-10-22T12:30:06.946+0000] {logging_mixin.py:188} INFO - [2025-10-22T12:30:06.946+0000] {dagbag.py:545} INFO - Filling up the DagBag from /home/khaled/dbt-env/lib/python3.12/site-packages/airflow/example_dags/example_time_delta_sensor_async.py
[2025-10-22T12:30:06.953+0000] {processor.py:840} INFO - DAG(s) 'example_time_delta_sensor_async' retrieved from /home/khaled/dbt-env/lib/python3.12/site-packages/airflow/example_dags/example_time_delta_sensor_async.py
[2025-10-22T12:30:06.968+0000] {logging_mixin.py:188} INFO - [2025-10-22T12:30:06.968+0000] {dag.py:3089} INFO - Sync 1 DAGs
[2025-10-22T12:30:06.977+0000] {logging_mixin.py:188} INFO - [2025-10-22T12:30:06.977+0000] {dag.py:3947} INFO - Setting next_dagrun for example_time_delta_sensor_async to None, run_after=None
[2025-10-22T12:30:06.999+0000] {processor.py:183} INFO - Processing /home/khaled/dbt-env/lib/python3.12/site-packages/airflow/example_dags/example_time_delta_sensor_async.py took 0.061 seconds
[2025-10-22T12:30:57.016+0000] {processor.py:161} INFO - Started process (PID=12568) to work on /home/khaled/dbt-env/lib/python3.12/site-packages/airflow/example_dags/example_time_delta_sensor_async.py
[2025-10-22T12:30:57.017+0000] {processor.py:830} INFO - Processing file /home/khaled/dbt-env/lib/python3.12/site-packages/airflow/example_dags/example_time_delta_sensor_async.py for tasks to queue
[2025-10-22T12:30:57.019+0000] {logging_mixin.py:188} INFO - [2025-10-22T12:30:57.018+0000] {dagbag.py:545} INFO - Filling up the DagBag from /home/khaled/dbt-env/lib/python3.12/site-packages/airflow/example_dags/example_time_delta_sensor_async.py
[2025-10-22T12:30:57.024+0000] {processor.py:840} INFO - DAG(s) 'example_time_delta_sensor_async' retrieved from /home/khaled/dbt-env/lib/python3.12/site-packages/airflow/example_dags/example_time_delta_sensor_async.py
[2025-10-22T12:30:57.036+0000] {logging_mixin.py:188} INFO - [2025-10-22T12:30:57.036+0000] {dag.py:3089} INFO - Sync 1 DAGs
[2025-10-22T12:30:57.045+0000] {logging_mixin.py:188} INFO - [2025-10-22T12:30:57.045+0000] {dag.py:3947} INFO - Setting next_dagrun for example_time_delta_sensor_async to None, run_after=None
[2025-10-22T12:30:57.076+0000] {processor.py:183} INFO - Processing /home/khaled/dbt-env/lib/python3.12/site-packages/airflow/example_dags/example_time_delta_sensor_async.py took 0.065 seconds
[2025-10-22T12:31:49.188+0000] {processor.py:161} INFO - Started process (PID=12648) to work on /home/khaled/dbt-env/lib/python3.12/site-packages/airflow/example_dags/example_time_delta_sensor_async.py
[2025-10-22T12:31:49.189+0000] {processor.py:830} INFO - Processing file /home/khaled/dbt-env/lib/python3.12/site-packages/airflow/example_dags/example_time_delta_sensor_async.py for tasks to queue
[2025-10-22T12:31:49.191+0000] {logging_mixin.py:188} INFO - [2025-10-22T12:31:49.190+0000] {dagbag.py:545} INFO - Filling up the DagBag from /home/khaled/dbt-env/lib/python3.12/site-packages/airflow/example_dags/example_time_delta_sensor_async.py
[2025-10-22T12:31:49.195+0000] {processor.py:840} INFO - DAG(s) 'example_time_delta_sensor_async' retrieved from /home/khaled/dbt-env/lib/python3.12/site-packages/airflow/example_dags/example_time_delta_sensor_async.py
[2025-10-22T12:31:49.215+0000] {logging_mixin.py:188} INFO - [2025-10-22T12:31:49.215+0000] {dag.py:3089} INFO - Sync 1 DAGs
[2025-10-22T12:31:49.229+0000] {logging_mixin.py:188} INFO - [2025-10-22T12:31:49.229+0000] {dag.py:3947} INFO - Setting next_dagrun for example_time_delta_sensor_async to None, run_after=None
[2025-10-22T12:31:49.256+0000] {processor.py:183} INFO - Processing /home/khaled/dbt-env/lib/python3.12/site-packages/airflow/example_dags/example_time_delta_sensor_async.py took 0.076 seconds
[2025-10-22T12:32:34.885+0000] {processor.py:161} INFO - Started process (PID=12826) to work on /home/khaled/dbt-env/lib/python3.12/site-packages/airflow/example_dags/example_time_delta_sensor_async.py
[2025-10-22T12:32:34.890+0000] {processor.py:830} INFO - Processing file /home/khaled/dbt-env/lib/python3.12/site-packages/airflow/example_dags/example_time_delta_sensor_async.py for tasks to queue
[2025-10-22T12:32:34.894+0000] {logging_mixin.py:188} INFO - [2025-10-22T12:32:34.894+0000] {dagbag.py:545} INFO - Filling up the DagBag from /home/khaled/dbt-env/lib/python3.12/site-packages/airflow/example_dags/example_time_delta_sensor_async.py
[2025-10-22T12:32:34.899+0000] {processor.py:840} INFO - DAG(s) 'example_time_delta_sensor_async' retrieved from /home/khaled/dbt-env/lib/python3.12/site-packages/airflow/example_dags/example_time_delta_sensor_async.py
[2025-10-22T12:32:34.933+0000] {logging_mixin.py:188} INFO - [2025-10-22T12:32:34.933+0000] {dag.py:3089} INFO - Sync 1 DAGs
[2025-10-22T12:32:34.953+0000] {logging_mixin.py:188} INFO - [2025-10-22T12:32:34.953+0000] {dag.py:3947} INFO - Setting next_dagrun for example_time_delta_sensor_async to None, run_after=None
[2025-10-22T12:32:35.027+0000] {processor.py:183} INFO - Processing /home/khaled/dbt-env/lib/python3.12/site-packages/airflow/example_dags/example_time_delta_sensor_async.py took 0.152 seconds
[2025-10-22T12:36:02.940+0000] {processor.py:161} INFO - Started process (PID=12903) to work on /home/khaled/dbt-env/lib/python3.12/site-packages/airflow/example_dags/example_time_delta_sensor_async.py
[2025-10-22T12:36:02.986+0000] {processor.py:830} INFO - Processing file /home/khaled/dbt-env/lib/python3.12/site-packages/airflow/example_dags/example_time_delta_sensor_async.py for tasks to queue
[2025-10-22T12:36:03.056+0000] {logging_mixin.py:188} INFO - [2025-10-22T12:36:03.043+0000] {dagbag.py:545} INFO - Filling up the DagBag from /home/khaled/dbt-env/lib/python3.12/site-packages/airflow/example_dags/example_time_delta_sensor_async.py
[2025-10-22T12:36:03.222+0000] {processor.py:840} INFO - DAG(s) 'example_time_delta_sensor_async' retrieved from /home/khaled/dbt-env/lib/python3.12/site-packages/airflow/example_dags/example_time_delta_sensor_async.py
[2025-10-22T12:36:03.995+0000] {logging_mixin.py:188} INFO - [2025-10-22T12:36:03.949+0000] {dag.py:3089} INFO - Sync 1 DAGs
[2025-10-22T12:36:04.732+0000] {logging_mixin.py:188} INFO - [2025-10-22T12:36:04.706+0000] {dag.py:3947} INFO - Setting next_dagrun for example_time_delta_sensor_async to None, run_after=None
[2025-10-22T12:36:06.097+0000] {processor.py:183} INFO - Processing /home/khaled/dbt-env/lib/python3.12/site-packages/airflow/example_dags/example_time_delta_sensor_async.py took 3.693 seconds
[2025-10-22T12:37:47.170+0000] {processor.py:161} INFO - Started process (PID=13204) to work on /home/khaled/dbt-env/lib/python3.12/site-packages/airflow/example_dags/example_time_delta_sensor_async.py
[2025-10-22T12:37:47.172+0000] {processor.py:830} INFO - Processing file /home/khaled/dbt-env/lib/python3.12/site-packages/airflow/example_dags/example_time_delta_sensor_async.py for tasks to queue
[2025-10-22T12:37:47.174+0000] {logging_mixin.py:188} INFO - [2025-10-22T12:37:47.174+0000] {dagbag.py:545} INFO - Filling up the DagBag from /home/khaled/dbt-env/lib/python3.12/site-packages/airflow/example_dags/example_time_delta_sensor_async.py
[2025-10-22T12:37:47.177+0000] {processor.py:840} INFO - DAG(s) 'example_time_delta_sensor_async' retrieved from /home/khaled/dbt-env/lib/python3.12/site-packages/airflow/example_dags/example_time_delta_sensor_async.py
[2025-10-22T12:37:47.190+0000] {logging_mixin.py:188} INFO - [2025-10-22T12:37:47.190+0000] {dag.py:3089} INFO - Sync 1 DAGs
[2025-10-22T12:37:47.198+0000] {logging_mixin.py:188} INFO - [2025-10-22T12:37:47.198+0000] {dag.py:3947} INFO - Setting next_dagrun for example_time_delta_sensor_async to None, run_after=None
[2025-10-22T12:37:47.311+0000] {processor.py:183} INFO - Processing /home/khaled/dbt-env/lib/python3.12/site-packages/airflow/example_dags/example_time_delta_sensor_async.py took 0.146 seconds
[2025-10-22T12:38:59.239+0000] {processor.py:161} INFO - Started process (PID=13267) to work on /home/khaled/dbt-env/lib/python3.12/site-packages/airflow/example_dags/example_time_delta_sensor_async.py
[2025-10-22T12:38:59.243+0000] {processor.py:830} INFO - Processing file /home/khaled/dbt-env/lib/python3.12/site-packages/airflow/example_dags/example_time_delta_sensor_async.py for tasks to queue
[2025-10-22T12:38:59.247+0000] {logging_mixin.py:188} INFO - [2025-10-22T12:38:59.246+0000] {dagbag.py:545} INFO - Filling up the DagBag from /home/khaled/dbt-env/lib/python3.12/site-packages/airflow/example_dags/example_time_delta_sensor_async.py
[2025-10-22T12:38:59.252+0000] {processor.py:840} INFO - DAG(s) 'example_time_delta_sensor_async' retrieved from /home/khaled/dbt-env/lib/python3.12/site-packages/airflow/example_dags/example_time_delta_sensor_async.py
[2025-10-22T12:38:59.266+0000] {logging_mixin.py:188} INFO - [2025-10-22T12:38:59.266+0000] {dag.py:3089} INFO - Sync 1 DAGs
[2025-10-22T12:38:59.278+0000] {logging_mixin.py:188} INFO - [2025-10-22T12:38:59.277+0000] {dag.py:3947} INFO - Setting next_dagrun for example_time_delta_sensor_async to None, run_after=None
[2025-10-22T12:38:59.316+0000] {processor.py:183} INFO - Processing /home/khaled/dbt-env/lib/python3.12/site-packages/airflow/example_dags/example_time_delta_sensor_async.py took 0.083 seconds
[2025-10-22T12:40:20.922+0000] {processor.py:161} INFO - Started process (PID=13340) to work on /home/khaled/dbt-env/lib/python3.12/site-packages/airflow/example_dags/example_time_delta_sensor_async.py
[2025-10-22T12:40:20.923+0000] {processor.py:830} INFO - Processing file /home/khaled/dbt-env/lib/python3.12/site-packages/airflow/example_dags/example_time_delta_sensor_async.py for tasks to queue
[2025-10-22T12:40:20.925+0000] {logging_mixin.py:188} INFO - [2025-10-22T12:40:20.924+0000] {dagbag.py:545} INFO - Filling up the DagBag from /home/khaled/dbt-env/lib/python3.12/site-packages/airflow/example_dags/example_time_delta_sensor_async.py
[2025-10-22T12:40:20.928+0000] {processor.py:840} INFO - DAG(s) 'example_time_delta_sensor_async' retrieved from /home/khaled/dbt-env/lib/python3.12/site-packages/airflow/example_dags/example_time_delta_sensor_async.py
[2025-10-22T12:40:20.941+0000] {logging_mixin.py:188} INFO - [2025-10-22T12:40:20.940+0000] {dag.py:3089} INFO - Sync 1 DAGs
[2025-10-22T12:40:20.949+0000] {logging_mixin.py:188} INFO - [2025-10-22T12:40:20.949+0000] {dag.py:3947} INFO - Setting next_dagrun for example_time_delta_sensor_async to None, run_after=None
[2025-10-22T12:40:20.977+0000] {processor.py:183} INFO - Processing /home/khaled/dbt-env/lib/python3.12/site-packages/airflow/example_dags/example_time_delta_sensor_async.py took 0.062 seconds
