[2025-10-22T12:11:56.654+0000] {processor.py:161} INFO - Started process (PID=8113) to work on /home/khaled/dbt-env/lib/python3.12/site-packages/airflow/example_dags/example_subdag_operator.py
[2025-10-22T12:11:56.659+0000] {processor.py:830} INFO - Processing file /home/khaled/dbt-env/lib/python3.12/site-packages/airflow/example_dags/example_subdag_operator.py for tasks to queue
[2025-10-22T12:11:56.661+0000] {logging_mixin.py:188} INFO - [2025-10-22T12:11:56.660+0000] {dagbag.py:545} INFO - Filling up the DagBag from /home/khaled/dbt-env/lib/python3.12/site-packages/airflow/example_dags/example_subdag_operator.py
[2025-10-22T12:11:56.747+0000] {processor.py:840} INFO - DAG(s) 'example_subdag_operator.section-1', 'example_subdag_operator.section-2', 'example_subdag_operator' retrieved from /home/khaled/dbt-env/lib/python3.12/site-packages/airflow/example_dags/example_subdag_operator.py
[2025-10-22T12:11:56.758+0000] {logging_mixin.py:188} INFO - [2025-10-22T12:11:56.757+0000] {dag.py:3089} INFO - Sync 3 DAGs
[2025-10-22T12:11:56.823+0000] {logging_mixin.py:188} INFO - [2025-10-22T12:11:56.822+0000] {dag.py:3947} INFO - Setting next_dagrun for example_subdag_operator to 2022-01-01 00:00:00+00:00, run_after=2022-01-01 00:00:00+00:00
[2025-10-22T12:11:56.835+0000] {logging_mixin.py:188} INFO - [2025-10-22T12:11:56.835+0000] {dag.py:3947} INFO - Setting next_dagrun for example_subdag_operator.section-1 to None, run_after=None
[2025-10-22T12:11:56.837+0000] {logging_mixin.py:188} INFO - [2025-10-22T12:11:56.837+0000] {dag.py:3947} INFO - Setting next_dagrun for example_subdag_operator.section-2 to None, run_after=None
[2025-10-22T12:11:56.867+0000] {logging_mixin.py:188} INFO - [2025-10-22T12:11:56.867+0000] {dag.py:3089} INFO - Sync 2 DAGs
[2025-10-22T12:11:56.886+0000] {logging_mixin.py:188} INFO - [2025-10-22T12:11:56.885+0000] {dag.py:3947} INFO - Setting next_dagrun for example_subdag_operator.section-1 to None, run_after=None
[2025-10-22T12:11:56.886+0000] {logging_mixin.py:188} INFO - [2025-10-22T12:11:56.886+0000] {dag.py:3947} INFO - Setting next_dagrun for example_subdag_operator.section-2 to None, run_after=None
[2025-10-22T12:11:57.020+0000] {processor.py:183} INFO - Processing /home/khaled/dbt-env/lib/python3.12/site-packages/airflow/example_dags/example_subdag_operator.py took 0.401 seconds
[2025-10-22T12:13:11.196+0000] {processor.py:161} INFO - Started process (PID=8883) to work on /home/khaled/dbt-env/lib/python3.12/site-packages/airflow/example_dags/example_subdag_operator.py
[2025-10-22T12:13:11.211+0000] {processor.py:830} INFO - Processing file /home/khaled/dbt-env/lib/python3.12/site-packages/airflow/example_dags/example_subdag_operator.py for tasks to queue
[2025-10-22T12:13:11.214+0000] {logging_mixin.py:188} INFO - [2025-10-22T12:13:11.214+0000] {dagbag.py:545} INFO - Filling up the DagBag from /home/khaled/dbt-env/lib/python3.12/site-packages/airflow/example_dags/example_subdag_operator.py
[2025-10-22T12:13:11.253+0000] {processor.py:840} INFO - DAG(s) 'example_subdag_operator.section-1', 'example_subdag_operator.section-2', 'example_subdag_operator' retrieved from /home/khaled/dbt-env/lib/python3.12/site-packages/airflow/example_dags/example_subdag_operator.py
[2025-10-22T12:13:11.408+0000] {logging_mixin.py:188} INFO - [2025-10-22T12:13:11.408+0000] {dag.py:3089} INFO - Sync 3 DAGs
[2025-10-22T12:13:11.435+0000] {logging_mixin.py:188} INFO - [2025-10-22T12:13:11.434+0000] {dag.py:3947} INFO - Setting next_dagrun for example_subdag_operator to 2022-01-01 00:00:00+00:00, run_after=2022-01-01 00:00:00+00:00
[2025-10-22T12:13:11.437+0000] {logging_mixin.py:188} INFO - [2025-10-22T12:13:11.437+0000] {dag.py:3947} INFO - Setting next_dagrun for example_subdag_operator.section-1 to None, run_after=None
[2025-10-22T12:13:11.439+0000] {logging_mixin.py:188} INFO - [2025-10-22T12:13:11.438+0000] {dag.py:3947} INFO - Setting next_dagrun for example_subdag_operator.section-2 to None, run_after=None
[2025-10-22T12:13:11.451+0000] {logging_mixin.py:188} INFO - [2025-10-22T12:13:11.450+0000] {dag.py:3089} INFO - Sync 2 DAGs
[2025-10-22T12:13:11.458+0000] {logging_mixin.py:188} INFO - [2025-10-22T12:13:11.456+0000] {dag.py:3947} INFO - Setting next_dagrun for example_subdag_operator.section-1 to None, run_after=None
[2025-10-22T12:13:11.460+0000] {logging_mixin.py:188} INFO - [2025-10-22T12:13:11.458+0000] {dag.py:3947} INFO - Setting next_dagrun for example_subdag_operator.section-2 to None, run_after=None
[2025-10-22T12:13:11.574+0000] {processor.py:183} INFO - Processing /home/khaled/dbt-env/lib/python3.12/site-packages/airflow/example_dags/example_subdag_operator.py took 0.389 seconds
[2025-10-22T12:14:08.565+0000] {processor.py:161} INFO - Started process (PID=9303) to work on /home/khaled/dbt-env/lib/python3.12/site-packages/airflow/example_dags/example_subdag_operator.py
[2025-10-22T12:14:08.569+0000] {processor.py:830} INFO - Processing file /home/khaled/dbt-env/lib/python3.12/site-packages/airflow/example_dags/example_subdag_operator.py for tasks to queue
[2025-10-22T12:14:08.575+0000] {logging_mixin.py:188} INFO - [2025-10-22T12:14:08.574+0000] {dagbag.py:545} INFO - Filling up the DagBag from /home/khaled/dbt-env/lib/python3.12/site-packages/airflow/example_dags/example_subdag_operator.py
[2025-10-22T12:14:08.617+0000] {processor.py:840} INFO - DAG(s) 'example_subdag_operator.section-1', 'example_subdag_operator.section-2', 'example_subdag_operator' retrieved from /home/khaled/dbt-env/lib/python3.12/site-packages/airflow/example_dags/example_subdag_operator.py
[2025-10-22T12:14:08.640+0000] {logging_mixin.py:188} INFO - [2025-10-22T12:14:08.640+0000] {dag.py:3089} INFO - Sync 3 DAGs
[2025-10-22T12:14:08.678+0000] {logging_mixin.py:188} INFO - [2025-10-22T12:14:08.678+0000] {dag.py:3947} INFO - Setting next_dagrun for example_subdag_operator to 2022-01-01 00:00:00+00:00, run_after=2022-01-01 00:00:00+00:00
[2025-10-22T12:14:08.682+0000] {logging_mixin.py:188} INFO - [2025-10-22T12:14:08.682+0000] {dag.py:3947} INFO - Setting next_dagrun for example_subdag_operator.section-1 to None, run_after=None
[2025-10-22T12:14:08.683+0000] {logging_mixin.py:188} INFO - [2025-10-22T12:14:08.683+0000] {dag.py:3947} INFO - Setting next_dagrun for example_subdag_operator.section-2 to None, run_after=None
[2025-10-22T12:14:08.690+0000] {logging_mixin.py:188} INFO - [2025-10-22T12:14:08.690+0000] {dag.py:3089} INFO - Sync 2 DAGs
[2025-10-22T12:14:08.694+0000] {logging_mixin.py:188} INFO - [2025-10-22T12:14:08.694+0000] {dag.py:3947} INFO - Setting next_dagrun for example_subdag_operator.section-1 to None, run_after=None
[2025-10-22T12:14:08.695+0000] {logging_mixin.py:188} INFO - [2025-10-22T12:14:08.695+0000] {dag.py:3947} INFO - Setting next_dagrun for example_subdag_operator.section-2 to None, run_after=None
[2025-10-22T12:14:08.714+0000] {processor.py:183} INFO - Processing /home/khaled/dbt-env/lib/python3.12/site-packages/airflow/example_dags/example_subdag_operator.py took 0.162 seconds
[2025-10-22T12:15:02.150+0000] {processor.py:161} INFO - Started process (PID=9477) to work on /home/khaled/dbt-env/lib/python3.12/site-packages/airflow/example_dags/example_subdag_operator.py
[2025-10-22T12:15:02.164+0000] {processor.py:830} INFO - Processing file /home/khaled/dbt-env/lib/python3.12/site-packages/airflow/example_dags/example_subdag_operator.py for tasks to queue
[2025-10-22T12:15:02.168+0000] {logging_mixin.py:188} INFO - [2025-10-22T12:15:02.167+0000] {dagbag.py:545} INFO - Filling up the DagBag from /home/khaled/dbt-env/lib/python3.12/site-packages/airflow/example_dags/example_subdag_operator.py
[2025-10-22T12:15:02.205+0000] {processor.py:840} INFO - DAG(s) 'example_subdag_operator.section-1', 'example_subdag_operator.section-2', 'example_subdag_operator' retrieved from /home/khaled/dbt-env/lib/python3.12/site-packages/airflow/example_dags/example_subdag_operator.py
[2025-10-22T12:15:02.225+0000] {logging_mixin.py:188} INFO - [2025-10-22T12:15:02.225+0000] {dag.py:3089} INFO - Sync 3 DAGs
[2025-10-22T12:15:02.243+0000] {logging_mixin.py:188} INFO - [2025-10-22T12:15:02.243+0000] {dag.py:3947} INFO - Setting next_dagrun for example_subdag_operator to 2022-01-01 00:00:00+00:00, run_after=2022-01-01 00:00:00+00:00
[2025-10-22T12:15:02.246+0000] {logging_mixin.py:188} INFO - [2025-10-22T12:15:02.246+0000] {dag.py:3947} INFO - Setting next_dagrun for example_subdag_operator.section-1 to None, run_after=None
[2025-10-22T12:15:02.247+0000] {logging_mixin.py:188} INFO - [2025-10-22T12:15:02.247+0000] {dag.py:3947} INFO - Setting next_dagrun for example_subdag_operator.section-2 to None, run_after=None
[2025-10-22T12:15:02.259+0000] {logging_mixin.py:188} INFO - [2025-10-22T12:15:02.259+0000] {dag.py:3089} INFO - Sync 2 DAGs
[2025-10-22T12:15:02.269+0000] {logging_mixin.py:188} INFO - [2025-10-22T12:15:02.269+0000] {dag.py:3947} INFO - Setting next_dagrun for example_subdag_operator.section-1 to None, run_after=None
[2025-10-22T12:15:02.269+0000] {logging_mixin.py:188} INFO - [2025-10-22T12:15:02.269+0000] {dag.py:3947} INFO - Setting next_dagrun for example_subdag_operator.section-2 to None, run_after=None
[2025-10-22T12:15:02.298+0000] {processor.py:183} INFO - Processing /home/khaled/dbt-env/lib/python3.12/site-packages/airflow/example_dags/example_subdag_operator.py took 0.191 seconds
[2025-10-22T12:15:50.692+0000] {processor.py:161} INFO - Started process (PID=9626) to work on /home/khaled/dbt-env/lib/python3.12/site-packages/airflow/example_dags/example_subdag_operator.py
[2025-10-22T12:15:50.693+0000] {processor.py:830} INFO - Processing file /home/khaled/dbt-env/lib/python3.12/site-packages/airflow/example_dags/example_subdag_operator.py for tasks to queue
[2025-10-22T12:15:50.695+0000] {logging_mixin.py:188} INFO - [2025-10-22T12:15:50.694+0000] {dagbag.py:545} INFO - Filling up the DagBag from /home/khaled/dbt-env/lib/python3.12/site-packages/airflow/example_dags/example_subdag_operator.py
[2025-10-22T12:15:50.715+0000] {processor.py:840} INFO - DAG(s) 'example_subdag_operator.section-1', 'example_subdag_operator.section-2', 'example_subdag_operator' retrieved from /home/khaled/dbt-env/lib/python3.12/site-packages/airflow/example_dags/example_subdag_operator.py
[2025-10-22T12:15:50.726+0000] {logging_mixin.py:188} INFO - [2025-10-22T12:15:50.725+0000] {dag.py:3089} INFO - Sync 3 DAGs
[2025-10-22T12:15:50.740+0000] {logging_mixin.py:188} INFO - [2025-10-22T12:15:50.740+0000] {dag.py:3947} INFO - Setting next_dagrun for example_subdag_operator to 2022-01-01 00:00:00+00:00, run_after=2022-01-01 00:00:00+00:00
[2025-10-22T12:15:50.745+0000] {logging_mixin.py:188} INFO - [2025-10-22T12:15:50.744+0000] {dag.py:3947} INFO - Setting next_dagrun for example_subdag_operator.section-1 to None, run_after=None
[2025-10-22T12:15:50.746+0000] {logging_mixin.py:188} INFO - [2025-10-22T12:15:50.746+0000] {dag.py:3947} INFO - Setting next_dagrun for example_subdag_operator.section-2 to None, run_after=None
[2025-10-22T12:15:50.751+0000] {logging_mixin.py:188} INFO - [2025-10-22T12:15:50.751+0000] {dag.py:3089} INFO - Sync 2 DAGs
[2025-10-22T12:15:50.754+0000] {logging_mixin.py:188} INFO - [2025-10-22T12:15:50.753+0000] {dag.py:3947} INFO - Setting next_dagrun for example_subdag_operator.section-1 to None, run_after=None
[2025-10-22T12:15:50.754+0000] {logging_mixin.py:188} INFO - [2025-10-22T12:15:50.754+0000] {dag.py:3947} INFO - Setting next_dagrun for example_subdag_operator.section-2 to None, run_after=None
[2025-10-22T12:15:50.780+0000] {processor.py:183} INFO - Processing /home/khaled/dbt-env/lib/python3.12/site-packages/airflow/example_dags/example_subdag_operator.py took 0.092 seconds
[2025-10-22T12:16:42.948+0000] {processor.py:161} INFO - Started process (PID=9756) to work on /home/khaled/dbt-env/lib/python3.12/site-packages/airflow/example_dags/example_subdag_operator.py
[2025-10-22T12:16:42.949+0000] {processor.py:830} INFO - Processing file /home/khaled/dbt-env/lib/python3.12/site-packages/airflow/example_dags/example_subdag_operator.py for tasks to queue
[2025-10-22T12:16:42.951+0000] {logging_mixin.py:188} INFO - [2025-10-22T12:16:42.950+0000] {dagbag.py:545} INFO - Filling up the DagBag from /home/khaled/dbt-env/lib/python3.12/site-packages/airflow/example_dags/example_subdag_operator.py
[2025-10-22T12:16:42.969+0000] {processor.py:840} INFO - DAG(s) 'example_subdag_operator.section-1', 'example_subdag_operator.section-2', 'example_subdag_operator' retrieved from /home/khaled/dbt-env/lib/python3.12/site-packages/airflow/example_dags/example_subdag_operator.py
[2025-10-22T12:16:42.981+0000] {logging_mixin.py:188} INFO - [2025-10-22T12:16:42.980+0000] {dag.py:3089} INFO - Sync 3 DAGs
[2025-10-22T12:16:42.994+0000] {logging_mixin.py:188} INFO - [2025-10-22T12:16:42.993+0000] {dag.py:3947} INFO - Setting next_dagrun for example_subdag_operator to 2022-01-01 00:00:00+00:00, run_after=2022-01-01 00:00:00+00:00
[2025-10-22T12:16:42.995+0000] {logging_mixin.py:188} INFO - [2025-10-22T12:16:42.995+0000] {dag.py:3947} INFO - Setting next_dagrun for example_subdag_operator.section-1 to None, run_after=None
[2025-10-22T12:16:42.996+0000] {logging_mixin.py:188} INFO - [2025-10-22T12:16:42.996+0000] {dag.py:3947} INFO - Setting next_dagrun for example_subdag_operator.section-2 to None, run_after=None
[2025-10-22T12:16:43.003+0000] {logging_mixin.py:188} INFO - [2025-10-22T12:16:43.003+0000] {dag.py:3089} INFO - Sync 2 DAGs
[2025-10-22T12:16:43.007+0000] {logging_mixin.py:188} INFO - [2025-10-22T12:16:43.007+0000] {dag.py:3947} INFO - Setting next_dagrun for example_subdag_operator.section-1 to None, run_after=None
[2025-10-22T12:16:43.008+0000] {logging_mixin.py:188} INFO - [2025-10-22T12:16:43.008+0000] {dag.py:3947} INFO - Setting next_dagrun for example_subdag_operator.section-2 to None, run_after=None
[2025-10-22T12:16:43.026+0000] {processor.py:183} INFO - Processing /home/khaled/dbt-env/lib/python3.12/site-packages/airflow/example_dags/example_subdag_operator.py took 0.089 seconds
[2025-10-22T12:17:31.330+0000] {processor.py:161} INFO - Started process (PID=9855) to work on /home/khaled/dbt-env/lib/python3.12/site-packages/airflow/example_dags/example_subdag_operator.py
[2025-10-22T12:17:31.333+0000] {processor.py:830} INFO - Processing file /home/khaled/dbt-env/lib/python3.12/site-packages/airflow/example_dags/example_subdag_operator.py for tasks to queue
[2025-10-22T12:17:31.334+0000] {logging_mixin.py:188} INFO - [2025-10-22T12:17:31.334+0000] {dagbag.py:545} INFO - Filling up the DagBag from /home/khaled/dbt-env/lib/python3.12/site-packages/airflow/example_dags/example_subdag_operator.py
[2025-10-22T12:17:31.349+0000] {processor.py:840} INFO - DAG(s) 'example_subdag_operator.section-1', 'example_subdag_operator.section-2', 'example_subdag_operator' retrieved from /home/khaled/dbt-env/lib/python3.12/site-packages/airflow/example_dags/example_subdag_operator.py
[2025-10-22T12:17:31.358+0000] {logging_mixin.py:188} INFO - [2025-10-22T12:17:31.357+0000] {dag.py:3089} INFO - Sync 3 DAGs
[2025-10-22T12:17:31.369+0000] {logging_mixin.py:188} INFO - [2025-10-22T12:17:31.369+0000] {dag.py:3947} INFO - Setting next_dagrun for example_subdag_operator to 2022-01-01 00:00:00+00:00, run_after=2022-01-01 00:00:00+00:00
[2025-10-22T12:17:31.374+0000] {logging_mixin.py:188} INFO - [2025-10-22T12:17:31.374+0000] {dag.py:3947} INFO - Setting next_dagrun for example_subdag_operator.section-1 to None, run_after=None
[2025-10-22T12:17:31.374+0000] {logging_mixin.py:188} INFO - [2025-10-22T12:17:31.374+0000] {dag.py:3947} INFO - Setting next_dagrun for example_subdag_operator.section-2 to None, run_after=None
[2025-10-22T12:17:31.383+0000] {logging_mixin.py:188} INFO - [2025-10-22T12:17:31.382+0000] {dag.py:3089} INFO - Sync 2 DAGs
[2025-10-22T12:17:31.385+0000] {logging_mixin.py:188} INFO - [2025-10-22T12:17:31.385+0000] {dag.py:3947} INFO - Setting next_dagrun for example_subdag_operator.section-1 to None, run_after=None
[2025-10-22T12:17:31.385+0000] {logging_mixin.py:188} INFO - [2025-10-22T12:17:31.385+0000] {dag.py:3947} INFO - Setting next_dagrun for example_subdag_operator.section-2 to None, run_after=None
[2025-10-22T12:17:31.399+0000] {processor.py:183} INFO - Processing /home/khaled/dbt-env/lib/python3.12/site-packages/airflow/example_dags/example_subdag_operator.py took 0.072 seconds
[2025-10-22T12:18:22.398+0000] {processor.py:161} INFO - Started process (PID=10253) to work on /home/khaled/dbt-env/lib/python3.12/site-packages/airflow/example_dags/example_subdag_operator.py
[2025-10-22T12:18:22.399+0000] {processor.py:830} INFO - Processing file /home/khaled/dbt-env/lib/python3.12/site-packages/airflow/example_dags/example_subdag_operator.py for tasks to queue
[2025-10-22T12:18:22.401+0000] {logging_mixin.py:188} INFO - [2025-10-22T12:18:22.401+0000] {dagbag.py:545} INFO - Filling up the DagBag from /home/khaled/dbt-env/lib/python3.12/site-packages/airflow/example_dags/example_subdag_operator.py
[2025-10-22T12:18:22.416+0000] {processor.py:840} INFO - DAG(s) 'example_subdag_operator.section-1', 'example_subdag_operator.section-2', 'example_subdag_operator' retrieved from /home/khaled/dbt-env/lib/python3.12/site-packages/airflow/example_dags/example_subdag_operator.py
[2025-10-22T12:18:22.425+0000] {logging_mixin.py:188} INFO - [2025-10-22T12:18:22.425+0000] {dag.py:3089} INFO - Sync 3 DAGs
[2025-10-22T12:18:22.438+0000] {logging_mixin.py:188} INFO - [2025-10-22T12:18:22.437+0000] {dag.py:3947} INFO - Setting next_dagrun for example_subdag_operator to 2022-01-01 00:00:00+00:00, run_after=2022-01-01 00:00:00+00:00
[2025-10-22T12:18:22.440+0000] {logging_mixin.py:188} INFO - [2025-10-22T12:18:22.440+0000] {dag.py:3947} INFO - Setting next_dagrun for example_subdag_operator.section-1 to None, run_after=None
[2025-10-22T12:18:22.441+0000] {logging_mixin.py:188} INFO - [2025-10-22T12:18:22.441+0000] {dag.py:3947} INFO - Setting next_dagrun for example_subdag_operator.section-2 to None, run_after=None
[2025-10-22T12:18:22.445+0000] {logging_mixin.py:188} INFO - [2025-10-22T12:18:22.445+0000] {dag.py:3089} INFO - Sync 2 DAGs
[2025-10-22T12:18:22.447+0000] {logging_mixin.py:188} INFO - [2025-10-22T12:18:22.447+0000] {dag.py:3947} INFO - Setting next_dagrun for example_subdag_operator.section-1 to None, run_after=None
[2025-10-22T12:18:22.447+0000] {logging_mixin.py:188} INFO - [2025-10-22T12:18:22.447+0000] {dag.py:3947} INFO - Setting next_dagrun for example_subdag_operator.section-2 to None, run_after=None
[2025-10-22T12:18:22.473+0000] {processor.py:183} INFO - Processing /home/khaled/dbt-env/lib/python3.12/site-packages/airflow/example_dags/example_subdag_operator.py took 0.079 seconds
[2025-10-22T12:19:20.028+0000] {processor.py:161} INFO - Started process (PID=10356) to work on /home/khaled/dbt-env/lib/python3.12/site-packages/airflow/example_dags/example_subdag_operator.py
[2025-10-22T12:19:20.029+0000] {processor.py:830} INFO - Processing file /home/khaled/dbt-env/lib/python3.12/site-packages/airflow/example_dags/example_subdag_operator.py for tasks to queue
[2025-10-22T12:19:20.033+0000] {logging_mixin.py:188} INFO - [2025-10-22T12:19:20.033+0000] {dagbag.py:545} INFO - Filling up the DagBag from /home/khaled/dbt-env/lib/python3.12/site-packages/airflow/example_dags/example_subdag_operator.py
[2025-10-22T12:19:20.055+0000] {processor.py:840} INFO - DAG(s) 'example_subdag_operator.section-1', 'example_subdag_operator.section-2', 'example_subdag_operator' retrieved from /home/khaled/dbt-env/lib/python3.12/site-packages/airflow/example_dags/example_subdag_operator.py
[2025-10-22T12:19:20.080+0000] {logging_mixin.py:188} INFO - [2025-10-22T12:19:20.079+0000] {dag.py:3089} INFO - Sync 3 DAGs
[2025-10-22T12:19:20.119+0000] {logging_mixin.py:188} INFO - [2025-10-22T12:19:20.118+0000] {dag.py:3947} INFO - Setting next_dagrun for example_subdag_operator to 2022-01-01 00:00:00+00:00, run_after=2022-01-01 00:00:00+00:00
[2025-10-22T12:19:20.123+0000] {logging_mixin.py:188} INFO - [2025-10-22T12:19:20.123+0000] {dag.py:3947} INFO - Setting next_dagrun for example_subdag_operator.section-1 to None, run_after=None
[2025-10-22T12:19:20.124+0000] {logging_mixin.py:188} INFO - [2025-10-22T12:19:20.124+0000] {dag.py:3947} INFO - Setting next_dagrun for example_subdag_operator.section-2 to None, run_after=None
[2025-10-22T12:19:20.138+0000] {logging_mixin.py:188} INFO - [2025-10-22T12:19:20.136+0000] {dag.py:3089} INFO - Sync 2 DAGs
[2025-10-22T12:19:20.142+0000] {logging_mixin.py:188} INFO - [2025-10-22T12:19:20.142+0000] {dag.py:3947} INFO - Setting next_dagrun for example_subdag_operator.section-1 to None, run_after=None
[2025-10-22T12:19:20.142+0000] {logging_mixin.py:188} INFO - [2025-10-22T12:19:20.142+0000] {dag.py:3947} INFO - Setting next_dagrun for example_subdag_operator.section-2 to None, run_after=None
[2025-10-22T12:19:20.233+0000] {processor.py:183} INFO - Processing /home/khaled/dbt-env/lib/python3.12/site-packages/airflow/example_dags/example_subdag_operator.py took 0.209 seconds
[2025-10-22T12:22:26.643+0000] {processor.py:161} INFO - Started process (PID=10639) to work on /home/khaled/dbt-env/lib/python3.12/site-packages/airflow/example_dags/example_subdag_operator.py
[2025-10-22T12:22:26.645+0000] {processor.py:830} INFO - Processing file /home/khaled/dbt-env/lib/python3.12/site-packages/airflow/example_dags/example_subdag_operator.py for tasks to queue
[2025-10-22T12:22:26.647+0000] {logging_mixin.py:188} INFO - [2025-10-22T12:22:26.646+0000] {dagbag.py:545} INFO - Filling up the DagBag from /home/khaled/dbt-env/lib/python3.12/site-packages/airflow/example_dags/example_subdag_operator.py
[2025-10-22T12:22:26.660+0000] {processor.py:840} INFO - DAG(s) 'example_subdag_operator.section-1', 'example_subdag_operator.section-2', 'example_subdag_operator' retrieved from /home/khaled/dbt-env/lib/python3.12/site-packages/airflow/example_dags/example_subdag_operator.py
[2025-10-22T12:22:26.674+0000] {logging_mixin.py:188} INFO - [2025-10-22T12:22:26.674+0000] {dag.py:3089} INFO - Sync 3 DAGs
[2025-10-22T12:22:26.690+0000] {logging_mixin.py:188} INFO - [2025-10-22T12:22:26.690+0000] {dag.py:3947} INFO - Setting next_dagrun for example_subdag_operator to 2022-01-01 00:00:00+00:00, run_after=2022-01-01 00:00:00+00:00
[2025-10-22T12:22:26.693+0000] {logging_mixin.py:188} INFO - [2025-10-22T12:22:26.693+0000] {dag.py:3947} INFO - Setting next_dagrun for example_subdag_operator.section-1 to None, run_after=None
[2025-10-22T12:22:26.694+0000] {logging_mixin.py:188} INFO - [2025-10-22T12:22:26.694+0000] {dag.py:3947} INFO - Setting next_dagrun for example_subdag_operator.section-2 to None, run_after=None
[2025-10-22T12:22:26.699+0000] {logging_mixin.py:188} INFO - [2025-10-22T12:22:26.699+0000] {dag.py:3089} INFO - Sync 2 DAGs
[2025-10-22T12:22:26.702+0000] {logging_mixin.py:188} INFO - [2025-10-22T12:22:26.702+0000] {dag.py:3947} INFO - Setting next_dagrun for example_subdag_operator.section-1 to None, run_after=None
[2025-10-22T12:22:26.703+0000] {logging_mixin.py:188} INFO - [2025-10-22T12:22:26.702+0000] {dag.py:3947} INFO - Setting next_dagrun for example_subdag_operator.section-2 to None, run_after=None
[2025-10-22T12:22:26.719+0000] {processor.py:183} INFO - Processing /home/khaled/dbt-env/lib/python3.12/site-packages/airflow/example_dags/example_subdag_operator.py took 0.079 seconds
[2025-10-22T12:23:23.675+0000] {processor.py:161} INFO - Started process (PID=11120) to work on /home/khaled/dbt-env/lib/python3.12/site-packages/airflow/example_dags/example_subdag_operator.py
[2025-10-22T12:23:23.677+0000] {processor.py:830} INFO - Processing file /home/khaled/dbt-env/lib/python3.12/site-packages/airflow/example_dags/example_subdag_operator.py for tasks to queue
[2025-10-22T12:23:23.678+0000] {logging_mixin.py:188} INFO - [2025-10-22T12:23:23.678+0000] {dagbag.py:545} INFO - Filling up the DagBag from /home/khaled/dbt-env/lib/python3.12/site-packages/airflow/example_dags/example_subdag_operator.py
[2025-10-22T12:23:23.692+0000] {processor.py:840} INFO - DAG(s) 'example_subdag_operator.section-1', 'example_subdag_operator.section-2', 'example_subdag_operator' retrieved from /home/khaled/dbt-env/lib/python3.12/site-packages/airflow/example_dags/example_subdag_operator.py
[2025-10-22T12:23:23.700+0000] {logging_mixin.py:188} INFO - [2025-10-22T12:23:23.700+0000] {dag.py:3089} INFO - Sync 3 DAGs
[2025-10-22T12:23:23.710+0000] {logging_mixin.py:188} INFO - [2025-10-22T12:23:23.710+0000] {dag.py:3947} INFO - Setting next_dagrun for example_subdag_operator to 2022-01-01 00:00:00+00:00, run_after=2022-01-01 00:00:00+00:00
[2025-10-22T12:23:23.712+0000] {logging_mixin.py:188} INFO - [2025-10-22T12:23:23.712+0000] {dag.py:3947} INFO - Setting next_dagrun for example_subdag_operator.section-1 to None, run_after=None
[2025-10-22T12:23:23.713+0000] {logging_mixin.py:188} INFO - [2025-10-22T12:23:23.712+0000] {dag.py:3947} INFO - Setting next_dagrun for example_subdag_operator.section-2 to None, run_after=None
[2025-10-22T12:23:23.718+0000] {logging_mixin.py:188} INFO - [2025-10-22T12:23:23.718+0000] {dag.py:3089} INFO - Sync 2 DAGs
[2025-10-22T12:23:23.721+0000] {logging_mixin.py:188} INFO - [2025-10-22T12:23:23.721+0000] {dag.py:3947} INFO - Setting next_dagrun for example_subdag_operator.section-1 to None, run_after=None
[2025-10-22T12:23:23.721+0000] {logging_mixin.py:188} INFO - [2025-10-22T12:23:23.721+0000] {dag.py:3947} INFO - Setting next_dagrun for example_subdag_operator.section-2 to None, run_after=None
[2025-10-22T12:23:23.736+0000] {processor.py:183} INFO - Processing /home/khaled/dbt-env/lib/python3.12/site-packages/airflow/example_dags/example_subdag_operator.py took 0.065 seconds
[2025-10-22T12:24:20.037+0000] {processor.py:161} INFO - Started process (PID=11254) to work on /home/khaled/dbt-env/lib/python3.12/site-packages/airflow/example_dags/example_subdag_operator.py
[2025-10-22T12:24:20.038+0000] {processor.py:830} INFO - Processing file /home/khaled/dbt-env/lib/python3.12/site-packages/airflow/example_dags/example_subdag_operator.py for tasks to queue
[2025-10-22T12:24:20.040+0000] {logging_mixin.py:188} INFO - [2025-10-22T12:24:20.039+0000] {dagbag.py:545} INFO - Filling up the DagBag from /home/khaled/dbt-env/lib/python3.12/site-packages/airflow/example_dags/example_subdag_operator.py
[2025-10-22T12:24:20.055+0000] {processor.py:840} INFO - DAG(s) 'example_subdag_operator.section-1', 'example_subdag_operator.section-2', 'example_subdag_operator' retrieved from /home/khaled/dbt-env/lib/python3.12/site-packages/airflow/example_dags/example_subdag_operator.py
[2025-10-22T12:24:20.065+0000] {logging_mixin.py:188} INFO - [2025-10-22T12:24:20.065+0000] {dag.py:3089} INFO - Sync 3 DAGs
[2025-10-22T12:24:20.079+0000] {logging_mixin.py:188} INFO - [2025-10-22T12:24:20.079+0000] {dag.py:3947} INFO - Setting next_dagrun for example_subdag_operator to 2022-01-01 00:00:00+00:00, run_after=2022-01-01 00:00:00+00:00
[2025-10-22T12:24:20.082+0000] {logging_mixin.py:188} INFO - [2025-10-22T12:24:20.081+0000] {dag.py:3947} INFO - Setting next_dagrun for example_subdag_operator.section-1 to None, run_after=None
[2025-10-22T12:24:20.082+0000] {logging_mixin.py:188} INFO - [2025-10-22T12:24:20.082+0000] {dag.py:3947} INFO - Setting next_dagrun for example_subdag_operator.section-2 to None, run_after=None
[2025-10-22T12:24:20.086+0000] {logging_mixin.py:188} INFO - [2025-10-22T12:24:20.086+0000] {dag.py:3089} INFO - Sync 2 DAGs
[2025-10-22T12:24:20.089+0000] {logging_mixin.py:188} INFO - [2025-10-22T12:24:20.088+0000] {dag.py:3947} INFO - Setting next_dagrun for example_subdag_operator.section-1 to None, run_after=None
[2025-10-22T12:24:20.089+0000] {logging_mixin.py:188} INFO - [2025-10-22T12:24:20.089+0000] {dag.py:3947} INFO - Setting next_dagrun for example_subdag_operator.section-2 to None, run_after=None
[2025-10-22T12:24:20.102+0000] {processor.py:183} INFO - Processing /home/khaled/dbt-env/lib/python3.12/site-packages/airflow/example_dags/example_subdag_operator.py took 0.070 seconds
[2025-10-22T12:25:12.278+0000] {processor.py:161} INFO - Started process (PID=11393) to work on /home/khaled/dbt-env/lib/python3.12/site-packages/airflow/example_dags/example_subdag_operator.py
[2025-10-22T12:25:12.279+0000] {processor.py:830} INFO - Processing file /home/khaled/dbt-env/lib/python3.12/site-packages/airflow/example_dags/example_subdag_operator.py for tasks to queue
[2025-10-22T12:25:12.282+0000] {logging_mixin.py:188} INFO - [2025-10-22T12:25:12.281+0000] {dagbag.py:545} INFO - Filling up the DagBag from /home/khaled/dbt-env/lib/python3.12/site-packages/airflow/example_dags/example_subdag_operator.py
[2025-10-22T12:25:12.331+0000] {processor.py:840} INFO - DAG(s) 'example_subdag_operator.section-1', 'example_subdag_operator.section-2', 'example_subdag_operator' retrieved from /home/khaled/dbt-env/lib/python3.12/site-packages/airflow/example_dags/example_subdag_operator.py
[2025-10-22T12:25:12.348+0000] {logging_mixin.py:188} INFO - [2025-10-22T12:25:12.348+0000] {dag.py:3089} INFO - Sync 3 DAGs
[2025-10-22T12:25:12.366+0000] {logging_mixin.py:188} INFO - [2025-10-22T12:25:12.366+0000] {dag.py:3947} INFO - Setting next_dagrun for example_subdag_operator to 2022-01-01 00:00:00+00:00, run_after=2022-01-01 00:00:00+00:00
[2025-10-22T12:25:12.373+0000] {logging_mixin.py:188} INFO - [2025-10-22T12:25:12.373+0000] {dag.py:3947} INFO - Setting next_dagrun for example_subdag_operator.section-1 to None, run_after=None
[2025-10-22T12:25:12.374+0000] {logging_mixin.py:188} INFO - [2025-10-22T12:25:12.374+0000] {dag.py:3947} INFO - Setting next_dagrun for example_subdag_operator.section-2 to None, run_after=None
[2025-10-22T12:25:12.386+0000] {logging_mixin.py:188} INFO - [2025-10-22T12:25:12.386+0000] {dag.py:3089} INFO - Sync 2 DAGs
[2025-10-22T12:25:12.394+0000] {logging_mixin.py:188} INFO - [2025-10-22T12:25:12.394+0000] {dag.py:3947} INFO - Setting next_dagrun for example_subdag_operator.section-1 to None, run_after=None
[2025-10-22T12:25:12.399+0000] {logging_mixin.py:188} INFO - [2025-10-22T12:25:12.399+0000] {dag.py:3947} INFO - Setting next_dagrun for example_subdag_operator.section-2 to None, run_after=None
[2025-10-22T12:25:12.489+0000] {processor.py:183} INFO - Processing /home/khaled/dbt-env/lib/python3.12/site-packages/airflow/example_dags/example_subdag_operator.py took 0.215 seconds
[2025-10-22T12:26:06.501+0000] {processor.py:161} INFO - Started process (PID=11475) to work on /home/khaled/dbt-env/lib/python3.12/site-packages/airflow/example_dags/example_subdag_operator.py
[2025-10-22T12:26:06.503+0000] {processor.py:830} INFO - Processing file /home/khaled/dbt-env/lib/python3.12/site-packages/airflow/example_dags/example_subdag_operator.py for tasks to queue
[2025-10-22T12:26:06.504+0000] {logging_mixin.py:188} INFO - [2025-10-22T12:26:06.504+0000] {dagbag.py:545} INFO - Filling up the DagBag from /home/khaled/dbt-env/lib/python3.12/site-packages/airflow/example_dags/example_subdag_operator.py
[2025-10-22T12:26:06.523+0000] {processor.py:840} INFO - DAG(s) 'example_subdag_operator.section-1', 'example_subdag_operator.section-2', 'example_subdag_operator' retrieved from /home/khaled/dbt-env/lib/python3.12/site-packages/airflow/example_dags/example_subdag_operator.py
[2025-10-22T12:26:06.543+0000] {logging_mixin.py:188} INFO - [2025-10-22T12:26:06.542+0000] {dag.py:3089} INFO - Sync 3 DAGs
[2025-10-22T12:26:06.557+0000] {logging_mixin.py:188} INFO - [2025-10-22T12:26:06.557+0000] {dag.py:3947} INFO - Setting next_dagrun for example_subdag_operator to 2022-01-01 00:00:00+00:00, run_after=2022-01-01 00:00:00+00:00
[2025-10-22T12:26:06.559+0000] {logging_mixin.py:188} INFO - [2025-10-22T12:26:06.559+0000] {dag.py:3947} INFO - Setting next_dagrun for example_subdag_operator.section-1 to None, run_after=None
[2025-10-22T12:26:06.560+0000] {logging_mixin.py:188} INFO - [2025-10-22T12:26:06.560+0000] {dag.py:3947} INFO - Setting next_dagrun for example_subdag_operator.section-2 to None, run_after=None
[2025-10-22T12:26:06.563+0000] {logging_mixin.py:188} INFO - [2025-10-22T12:26:06.563+0000] {dag.py:3089} INFO - Sync 2 DAGs
[2025-10-22T12:26:06.567+0000] {logging_mixin.py:188} INFO - [2025-10-22T12:26:06.567+0000] {dag.py:3947} INFO - Setting next_dagrun for example_subdag_operator.section-1 to None, run_after=None
[2025-10-22T12:26:06.567+0000] {logging_mixin.py:188} INFO - [2025-10-22T12:26:06.567+0000] {dag.py:3947} INFO - Setting next_dagrun for example_subdag_operator.section-2 to None, run_after=None
[2025-10-22T12:26:06.581+0000] {processor.py:183} INFO - Processing /home/khaled/dbt-env/lib/python3.12/site-packages/airflow/example_dags/example_subdag_operator.py took 0.087 seconds
[2025-10-22T12:27:04.019+0000] {processor.py:161} INFO - Started process (PID=11766) to work on /home/khaled/dbt-env/lib/python3.12/site-packages/airflow/example_dags/example_subdag_operator.py
[2025-10-22T12:27:04.032+0000] {processor.py:830} INFO - Processing file /home/khaled/dbt-env/lib/python3.12/site-packages/airflow/example_dags/example_subdag_operator.py for tasks to queue
[2025-10-22T12:27:04.034+0000] {logging_mixin.py:188} INFO - [2025-10-22T12:27:04.033+0000] {dagbag.py:545} INFO - Filling up the DagBag from /home/khaled/dbt-env/lib/python3.12/site-packages/airflow/example_dags/example_subdag_operator.py
[2025-10-22T12:27:04.055+0000] {processor.py:840} INFO - DAG(s) 'example_subdag_operator.section-1', 'example_subdag_operator.section-2', 'example_subdag_operator' retrieved from /home/khaled/dbt-env/lib/python3.12/site-packages/airflow/example_dags/example_subdag_operator.py
[2025-10-22T12:27:04.070+0000] {logging_mixin.py:188} INFO - [2025-10-22T12:27:04.070+0000] {dag.py:3089} INFO - Sync 3 DAGs
[2025-10-22T12:27:04.091+0000] {logging_mixin.py:188} INFO - [2025-10-22T12:27:04.091+0000] {dag.py:3947} INFO - Setting next_dagrun for example_subdag_operator to 2022-01-01 00:00:00+00:00, run_after=2022-01-01 00:00:00+00:00
[2025-10-22T12:27:04.094+0000] {logging_mixin.py:188} INFO - [2025-10-22T12:27:04.094+0000] {dag.py:3947} INFO - Setting next_dagrun for example_subdag_operator.section-1 to None, run_after=None
[2025-10-22T12:27:04.097+0000] {logging_mixin.py:188} INFO - [2025-10-22T12:27:04.096+0000] {dag.py:3947} INFO - Setting next_dagrun for example_subdag_operator.section-2 to None, run_after=None
[2025-10-22T12:27:04.104+0000] {logging_mixin.py:188} INFO - [2025-10-22T12:27:04.104+0000] {dag.py:3089} INFO - Sync 2 DAGs
[2025-10-22T12:27:04.108+0000] {logging_mixin.py:188} INFO - [2025-10-22T12:27:04.108+0000] {dag.py:3947} INFO - Setting next_dagrun for example_subdag_operator.section-1 to None, run_after=None
[2025-10-22T12:27:04.108+0000] {logging_mixin.py:188} INFO - [2025-10-22T12:27:04.108+0000] {dag.py:3947} INFO - Setting next_dagrun for example_subdag_operator.section-2 to None, run_after=None
[2025-10-22T12:27:04.133+0000] {processor.py:183} INFO - Processing /home/khaled/dbt-env/lib/python3.12/site-packages/airflow/example_dags/example_subdag_operator.py took 0.121 seconds
[2025-10-22T12:28:18.295+0000] {processor.py:161} INFO - Started process (PID=12113) to work on /home/khaled/dbt-env/lib/python3.12/site-packages/airflow/example_dags/example_subdag_operator.py
[2025-10-22T12:28:18.312+0000] {processor.py:830} INFO - Processing file /home/khaled/dbt-env/lib/python3.12/site-packages/airflow/example_dags/example_subdag_operator.py for tasks to queue
[2025-10-22T12:28:18.315+0000] {logging_mixin.py:188} INFO - [2025-10-22T12:28:18.314+0000] {dagbag.py:545} INFO - Filling up the DagBag from /home/khaled/dbt-env/lib/python3.12/site-packages/airflow/example_dags/example_subdag_operator.py
[2025-10-22T12:28:18.355+0000] {processor.py:840} INFO - DAG(s) 'example_subdag_operator.section-1', 'example_subdag_operator.section-2', 'example_subdag_operator' retrieved from /home/khaled/dbt-env/lib/python3.12/site-packages/airflow/example_dags/example_subdag_operator.py
[2025-10-22T12:28:18.372+0000] {logging_mixin.py:188} INFO - [2025-10-22T12:28:18.371+0000] {dag.py:3089} INFO - Sync 3 DAGs
[2025-10-22T12:28:18.415+0000] {logging_mixin.py:188} INFO - [2025-10-22T12:28:18.415+0000] {dag.py:3947} INFO - Setting next_dagrun for example_subdag_operator to 2022-01-01 00:00:00+00:00, run_after=2022-01-01 00:00:00+00:00
[2025-10-22T12:28:18.422+0000] {logging_mixin.py:188} INFO - [2025-10-22T12:28:18.422+0000] {dag.py:3947} INFO - Setting next_dagrun for example_subdag_operator.section-1 to None, run_after=None
[2025-10-22T12:28:18.423+0000] {logging_mixin.py:188} INFO - [2025-10-22T12:28:18.423+0000] {dag.py:3947} INFO - Setting next_dagrun for example_subdag_operator.section-2 to None, run_after=None
[2025-10-22T12:28:18.431+0000] {logging_mixin.py:188} INFO - [2025-10-22T12:28:18.430+0000] {dag.py:3089} INFO - Sync 2 DAGs
[2025-10-22T12:28:18.435+0000] {logging_mixin.py:188} INFO - [2025-10-22T12:28:18.434+0000] {dag.py:3947} INFO - Setting next_dagrun for example_subdag_operator.section-1 to None, run_after=None
[2025-10-22T12:28:18.435+0000] {logging_mixin.py:188} INFO - [2025-10-22T12:28:18.435+0000] {dag.py:3947} INFO - Setting next_dagrun for example_subdag_operator.section-2 to None, run_after=None
[2025-10-22T12:28:18.458+0000] {processor.py:183} INFO - Processing /home/khaled/dbt-env/lib/python3.12/site-packages/airflow/example_dags/example_subdag_operator.py took 0.182 seconds
[2025-10-22T12:29:14.378+0000] {processor.py:161} INFO - Started process (PID=12408) to work on /home/khaled/dbt-env/lib/python3.12/site-packages/airflow/example_dags/example_subdag_operator.py
[2025-10-22T12:29:14.389+0000] {processor.py:830} INFO - Processing file /home/khaled/dbt-env/lib/python3.12/site-packages/airflow/example_dags/example_subdag_operator.py for tasks to queue
[2025-10-22T12:29:14.390+0000] {logging_mixin.py:188} INFO - [2025-10-22T12:29:14.390+0000] {dagbag.py:545} INFO - Filling up the DagBag from /home/khaled/dbt-env/lib/python3.12/site-packages/airflow/example_dags/example_subdag_operator.py
[2025-10-22T12:29:14.406+0000] {processor.py:840} INFO - DAG(s) 'example_subdag_operator.section-1', 'example_subdag_operator.section-2', 'example_subdag_operator' retrieved from /home/khaled/dbt-env/lib/python3.12/site-packages/airflow/example_dags/example_subdag_operator.py
[2025-10-22T12:29:14.415+0000] {logging_mixin.py:188} INFO - [2025-10-22T12:29:14.415+0000] {dag.py:3089} INFO - Sync 3 DAGs
[2025-10-22T12:29:14.429+0000] {logging_mixin.py:188} INFO - [2025-10-22T12:29:14.429+0000] {dag.py:3947} INFO - Setting next_dagrun for example_subdag_operator to 2022-01-01 00:00:00+00:00, run_after=2022-01-01 00:00:00+00:00
[2025-10-22T12:29:14.431+0000] {logging_mixin.py:188} INFO - [2025-10-22T12:29:14.431+0000] {dag.py:3947} INFO - Setting next_dagrun for example_subdag_operator.section-1 to None, run_after=None
[2025-10-22T12:29:14.431+0000] {logging_mixin.py:188} INFO - [2025-10-22T12:29:14.431+0000] {dag.py:3947} INFO - Setting next_dagrun for example_subdag_operator.section-2 to None, run_after=None
[2025-10-22T12:29:14.436+0000] {logging_mixin.py:188} INFO - [2025-10-22T12:29:14.436+0000] {dag.py:3089} INFO - Sync 2 DAGs
[2025-10-22T12:29:14.438+0000] {logging_mixin.py:188} INFO - [2025-10-22T12:29:14.438+0000] {dag.py:3947} INFO - Setting next_dagrun for example_subdag_operator.section-1 to None, run_after=None
[2025-10-22T12:29:14.438+0000] {logging_mixin.py:188} INFO - [2025-10-22T12:29:14.438+0000] {dag.py:3947} INFO - Setting next_dagrun for example_subdag_operator.section-2 to None, run_after=None
[2025-10-22T12:29:14.452+0000] {processor.py:183} INFO - Processing /home/khaled/dbt-env/lib/python3.12/site-packages/airflow/example_dags/example_subdag_operator.py took 0.080 seconds
[2025-10-22T12:30:10.435+0000] {processor.py:161} INFO - Started process (PID=12512) to work on /home/khaled/dbt-env/lib/python3.12/site-packages/airflow/example_dags/example_subdag_operator.py
[2025-10-22T12:30:10.446+0000] {processor.py:830} INFO - Processing file /home/khaled/dbt-env/lib/python3.12/site-packages/airflow/example_dags/example_subdag_operator.py for tasks to queue
[2025-10-22T12:30:10.449+0000] {logging_mixin.py:188} INFO - [2025-10-22T12:30:10.448+0000] {dagbag.py:545} INFO - Filling up the DagBag from /home/khaled/dbt-env/lib/python3.12/site-packages/airflow/example_dags/example_subdag_operator.py
[2025-10-22T12:30:10.467+0000] {processor.py:840} INFO - DAG(s) 'example_subdag_operator.section-1', 'example_subdag_operator.section-2', 'example_subdag_operator' retrieved from /home/khaled/dbt-env/lib/python3.12/site-packages/airflow/example_dags/example_subdag_operator.py
[2025-10-22T12:30:10.477+0000] {logging_mixin.py:188} INFO - [2025-10-22T12:30:10.476+0000] {dag.py:3089} INFO - Sync 3 DAGs
[2025-10-22T12:30:10.488+0000] {logging_mixin.py:188} INFO - [2025-10-22T12:30:10.487+0000] {dag.py:3947} INFO - Setting next_dagrun for example_subdag_operator to 2022-01-01 00:00:00+00:00, run_after=2022-01-01 00:00:00+00:00
[2025-10-22T12:30:10.489+0000] {logging_mixin.py:188} INFO - [2025-10-22T12:30:10.489+0000] {dag.py:3947} INFO - Setting next_dagrun for example_subdag_operator.section-1 to None, run_after=None
[2025-10-22T12:30:10.490+0000] {logging_mixin.py:188} INFO - [2025-10-22T12:30:10.490+0000] {dag.py:3947} INFO - Setting next_dagrun for example_subdag_operator.section-2 to None, run_after=None
[2025-10-22T12:30:10.499+0000] {logging_mixin.py:188} INFO - [2025-10-22T12:30:10.499+0000] {dag.py:3089} INFO - Sync 2 DAGs
[2025-10-22T12:30:10.503+0000] {logging_mixin.py:188} INFO - [2025-10-22T12:30:10.503+0000] {dag.py:3947} INFO - Setting next_dagrun for example_subdag_operator.section-1 to None, run_after=None
[2025-10-22T12:30:10.504+0000] {logging_mixin.py:188} INFO - [2025-10-22T12:30:10.503+0000] {dag.py:3947} INFO - Setting next_dagrun for example_subdag_operator.section-2 to None, run_after=None
[2025-10-22T12:30:10.522+0000] {processor.py:183} INFO - Processing /home/khaled/dbt-env/lib/python3.12/site-packages/airflow/example_dags/example_subdag_operator.py took 0.104 seconds
[2025-10-22T12:30:59.863+0000] {processor.py:161} INFO - Started process (PID=12571) to work on /home/khaled/dbt-env/lib/python3.12/site-packages/airflow/example_dags/example_subdag_operator.py
[2025-10-22T12:30:59.864+0000] {processor.py:830} INFO - Processing file /home/khaled/dbt-env/lib/python3.12/site-packages/airflow/example_dags/example_subdag_operator.py for tasks to queue
[2025-10-22T12:30:59.865+0000] {logging_mixin.py:188} INFO - [2025-10-22T12:30:59.865+0000] {dagbag.py:545} INFO - Filling up the DagBag from /home/khaled/dbt-env/lib/python3.12/site-packages/airflow/example_dags/example_subdag_operator.py
[2025-10-22T12:30:59.878+0000] {processor.py:840} INFO - DAG(s) 'example_subdag_operator.section-1', 'example_subdag_operator.section-2', 'example_subdag_operator' retrieved from /home/khaled/dbt-env/lib/python3.12/site-packages/airflow/example_dags/example_subdag_operator.py
[2025-10-22T12:30:59.886+0000] {logging_mixin.py:188} INFO - [2025-10-22T12:30:59.886+0000] {dag.py:3089} INFO - Sync 3 DAGs
[2025-10-22T12:30:59.897+0000] {logging_mixin.py:188} INFO - [2025-10-22T12:30:59.896+0000] {dag.py:3947} INFO - Setting next_dagrun for example_subdag_operator to 2022-01-01 00:00:00+00:00, run_after=2022-01-01 00:00:00+00:00
[2025-10-22T12:30:59.898+0000] {logging_mixin.py:188} INFO - [2025-10-22T12:30:59.898+0000] {dag.py:3947} INFO - Setting next_dagrun for example_subdag_operator.section-1 to None, run_after=None
[2025-10-22T12:30:59.899+0000] {logging_mixin.py:188} INFO - [2025-10-22T12:30:59.899+0000] {dag.py:3947} INFO - Setting next_dagrun for example_subdag_operator.section-2 to None, run_after=None
[2025-10-22T12:30:59.902+0000] {logging_mixin.py:188} INFO - [2025-10-22T12:30:59.902+0000] {dag.py:3089} INFO - Sync 2 DAGs
[2025-10-22T12:30:59.905+0000] {logging_mixin.py:188} INFO - [2025-10-22T12:30:59.905+0000] {dag.py:3947} INFO - Setting next_dagrun for example_subdag_operator.section-1 to None, run_after=None
[2025-10-22T12:30:59.905+0000] {logging_mixin.py:188} INFO - [2025-10-22T12:30:59.905+0000] {dag.py:3947} INFO - Setting next_dagrun for example_subdag_operator.section-2 to None, run_after=None
[2025-10-22T12:30:59.932+0000] {processor.py:183} INFO - Processing /home/khaled/dbt-env/lib/python3.12/site-packages/airflow/example_dags/example_subdag_operator.py took 0.074 seconds
[2025-10-22T12:31:52.042+0000] {processor.py:161} INFO - Started process (PID=12651) to work on /home/khaled/dbt-env/lib/python3.12/site-packages/airflow/example_dags/example_subdag_operator.py
[2025-10-22T12:31:52.044+0000] {processor.py:830} INFO - Processing file /home/khaled/dbt-env/lib/python3.12/site-packages/airflow/example_dags/example_subdag_operator.py for tasks to queue
[2025-10-22T12:31:52.045+0000] {logging_mixin.py:188} INFO - [2025-10-22T12:31:52.045+0000] {dagbag.py:545} INFO - Filling up the DagBag from /home/khaled/dbt-env/lib/python3.12/site-packages/airflow/example_dags/example_subdag_operator.py
[2025-10-22T12:31:52.067+0000] {processor.py:840} INFO - DAG(s) 'example_subdag_operator.section-1', 'example_subdag_operator.section-2', 'example_subdag_operator' retrieved from /home/khaled/dbt-env/lib/python3.12/site-packages/airflow/example_dags/example_subdag_operator.py
[2025-10-22T12:31:52.082+0000] {logging_mixin.py:188} INFO - [2025-10-22T12:31:52.081+0000] {dag.py:3089} INFO - Sync 3 DAGs
[2025-10-22T12:31:52.100+0000] {logging_mixin.py:188} INFO - [2025-10-22T12:31:52.100+0000] {dag.py:3947} INFO - Setting next_dagrun for example_subdag_operator to 2022-01-01 00:00:00+00:00, run_after=2022-01-01 00:00:00+00:00
[2025-10-22T12:31:52.103+0000] {logging_mixin.py:188} INFO - [2025-10-22T12:31:52.103+0000] {dag.py:3947} INFO - Setting next_dagrun for example_subdag_operator.section-1 to None, run_after=None
[2025-10-22T12:31:52.104+0000] {logging_mixin.py:188} INFO - [2025-10-22T12:31:52.104+0000] {dag.py:3947} INFO - Setting next_dagrun for example_subdag_operator.section-2 to None, run_after=None
[2025-10-22T12:31:52.110+0000] {logging_mixin.py:188} INFO - [2025-10-22T12:31:52.110+0000] {dag.py:3089} INFO - Sync 2 DAGs
[2025-10-22T12:31:52.113+0000] {logging_mixin.py:188} INFO - [2025-10-22T12:31:52.113+0000] {dag.py:3947} INFO - Setting next_dagrun for example_subdag_operator.section-1 to None, run_after=None
[2025-10-22T12:31:52.114+0000] {logging_mixin.py:188} INFO - [2025-10-22T12:31:52.114+0000] {dag.py:3947} INFO - Setting next_dagrun for example_subdag_operator.section-2 to None, run_after=None
[2025-10-22T12:31:52.145+0000] {processor.py:183} INFO - Processing /home/khaled/dbt-env/lib/python3.12/site-packages/airflow/example_dags/example_subdag_operator.py took 0.110 seconds
[2025-10-22T12:36:14.703+0000] {processor.py:161} INFO - Started process (PID=12924) to work on /home/khaled/dbt-env/lib/python3.12/site-packages/airflow/example_dags/example_subdag_operator.py
[2025-10-22T12:36:14.705+0000] {processor.py:830} INFO - Processing file /home/khaled/dbt-env/lib/python3.12/site-packages/airflow/example_dags/example_subdag_operator.py for tasks to queue
[2025-10-22T12:36:14.708+0000] {logging_mixin.py:188} INFO - [2025-10-22T12:36:14.707+0000] {dagbag.py:545} INFO - Filling up the DagBag from /home/khaled/dbt-env/lib/python3.12/site-packages/airflow/example_dags/example_subdag_operator.py
[2025-10-22T12:36:14.750+0000] {processor.py:840} INFO - DAG(s) 'example_subdag_operator.section-1', 'example_subdag_operator.section-2', 'example_subdag_operator' retrieved from /home/khaled/dbt-env/lib/python3.12/site-packages/airflow/example_dags/example_subdag_operator.py
[2025-10-22T12:36:14.771+0000] {logging_mixin.py:188} INFO - [2025-10-22T12:36:14.771+0000] {dag.py:3089} INFO - Sync 3 DAGs
[2025-10-22T12:36:14.793+0000] {logging_mixin.py:188} INFO - [2025-10-22T12:36:14.792+0000] {dag.py:3947} INFO - Setting next_dagrun for example_subdag_operator to 2022-01-01 00:00:00+00:00, run_after=2022-01-01 00:00:00+00:00
[2025-10-22T12:36:14.796+0000] {logging_mixin.py:188} INFO - [2025-10-22T12:36:14.796+0000] {dag.py:3947} INFO - Setting next_dagrun for example_subdag_operator.section-1 to None, run_after=None
[2025-10-22T12:36:14.798+0000] {logging_mixin.py:188} INFO - [2025-10-22T12:36:14.798+0000] {dag.py:3947} INFO - Setting next_dagrun for example_subdag_operator.section-2 to None, run_after=None
[2025-10-22T12:36:14.805+0000] {logging_mixin.py:188} INFO - [2025-10-22T12:36:14.805+0000] {dag.py:3089} INFO - Sync 2 DAGs
[2025-10-22T12:36:14.812+0000] {logging_mixin.py:188} INFO - [2025-10-22T12:36:14.812+0000] {dag.py:3947} INFO - Setting next_dagrun for example_subdag_operator.section-1 to None, run_after=None
[2025-10-22T12:36:14.813+0000] {logging_mixin.py:188} INFO - [2025-10-22T12:36:14.812+0000] {dag.py:3947} INFO - Setting next_dagrun for example_subdag_operator.section-2 to None, run_after=None
[2025-10-22T12:36:14.835+0000] {processor.py:183} INFO - Processing /home/khaled/dbt-env/lib/python3.12/site-packages/airflow/example_dags/example_subdag_operator.py took 0.145 seconds
[2025-10-22T12:37:51.003+0000] {processor.py:161} INFO - Started process (PID=13207) to work on /home/khaled/dbt-env/lib/python3.12/site-packages/airflow/example_dags/example_subdag_operator.py
[2025-10-22T12:37:51.014+0000] {processor.py:830} INFO - Processing file /home/khaled/dbt-env/lib/python3.12/site-packages/airflow/example_dags/example_subdag_operator.py for tasks to queue
[2025-10-22T12:37:51.016+0000] {logging_mixin.py:188} INFO - [2025-10-22T12:37:51.016+0000] {dagbag.py:545} INFO - Filling up the DagBag from /home/khaled/dbt-env/lib/python3.12/site-packages/airflow/example_dags/example_subdag_operator.py
[2025-10-22T12:37:51.031+0000] {processor.py:840} INFO - DAG(s) 'example_subdag_operator.section-1', 'example_subdag_operator.section-2', 'example_subdag_operator' retrieved from /home/khaled/dbt-env/lib/python3.12/site-packages/airflow/example_dags/example_subdag_operator.py
[2025-10-22T12:37:51.044+0000] {logging_mixin.py:188} INFO - [2025-10-22T12:37:51.044+0000] {dag.py:3089} INFO - Sync 3 DAGs
[2025-10-22T12:37:51.162+0000] {logging_mixin.py:188} INFO - [2025-10-22T12:37:51.161+0000] {dag.py:3947} INFO - Setting next_dagrun for example_subdag_operator to 2022-01-01 00:00:00+00:00, run_after=2022-01-01 00:00:00+00:00
[2025-10-22T12:37:51.164+0000] {logging_mixin.py:188} INFO - [2025-10-22T12:37:51.164+0000] {dag.py:3947} INFO - Setting next_dagrun for example_subdag_operator.section-1 to None, run_after=None
[2025-10-22T12:37:51.165+0000] {logging_mixin.py:188} INFO - [2025-10-22T12:37:51.165+0000] {dag.py:3947} INFO - Setting next_dagrun for example_subdag_operator.section-2 to None, run_after=None
[2025-10-22T12:37:51.170+0000] {logging_mixin.py:188} INFO - [2025-10-22T12:37:51.170+0000] {dag.py:3089} INFO - Sync 2 DAGs
[2025-10-22T12:37:51.177+0000] {logging_mixin.py:188} INFO - [2025-10-22T12:37:51.176+0000] {dag.py:3947} INFO - Setting next_dagrun for example_subdag_operator.section-1 to None, run_after=None
[2025-10-22T12:37:51.177+0000] {logging_mixin.py:188} INFO - [2025-10-22T12:37:51.177+0000] {dag.py:3947} INFO - Setting next_dagrun for example_subdag_operator.section-2 to None, run_after=None
[2025-10-22T12:37:51.203+0000] {processor.py:183} INFO - Processing /home/khaled/dbt-env/lib/python3.12/site-packages/airflow/example_dags/example_subdag_operator.py took 0.208 seconds
[2025-10-22T12:39:01.808+0000] {processor.py:161} INFO - Started process (PID=13270) to work on /home/khaled/dbt-env/lib/python3.12/site-packages/airflow/example_dags/example_subdag_operator.py
[2025-10-22T12:39:01.820+0000] {processor.py:830} INFO - Processing file /home/khaled/dbt-env/lib/python3.12/site-packages/airflow/example_dags/example_subdag_operator.py for tasks to queue
[2025-10-22T12:39:01.823+0000] {logging_mixin.py:188} INFO - [2025-10-22T12:39:01.822+0000] {dagbag.py:545} INFO - Filling up the DagBag from /home/khaled/dbt-env/lib/python3.12/site-packages/airflow/example_dags/example_subdag_operator.py
[2025-10-22T12:39:01.838+0000] {processor.py:840} INFO - DAG(s) 'example_subdag_operator.section-1', 'example_subdag_operator.section-2', 'example_subdag_operator' retrieved from /home/khaled/dbt-env/lib/python3.12/site-packages/airflow/example_dags/example_subdag_operator.py
[2025-10-22T12:39:01.848+0000] {logging_mixin.py:188} INFO - [2025-10-22T12:39:01.848+0000] {dag.py:3089} INFO - Sync 3 DAGs
[2025-10-22T12:39:01.862+0000] {logging_mixin.py:188} INFO - [2025-10-22T12:39:01.861+0000] {dag.py:3947} INFO - Setting next_dagrun for example_subdag_operator to 2022-01-01 00:00:00+00:00, run_after=2022-01-01 00:00:00+00:00
[2025-10-22T12:39:01.864+0000] {logging_mixin.py:188} INFO - [2025-10-22T12:39:01.864+0000] {dag.py:3947} INFO - Setting next_dagrun for example_subdag_operator.section-1 to None, run_after=None
[2025-10-22T12:39:01.955+0000] {logging_mixin.py:188} INFO - [2025-10-22T12:39:01.955+0000] {dag.py:3947} INFO - Setting next_dagrun for example_subdag_operator.section-2 to None, run_after=None
[2025-10-22T12:39:01.962+0000] {logging_mixin.py:188} INFO - [2025-10-22T12:39:01.962+0000] {dag.py:3089} INFO - Sync 2 DAGs
[2025-10-22T12:39:01.965+0000] {logging_mixin.py:188} INFO - [2025-10-22T12:39:01.965+0000] {dag.py:3947} INFO - Setting next_dagrun for example_subdag_operator.section-1 to None, run_after=None
[2025-10-22T12:39:01.966+0000] {logging_mixin.py:188} INFO - [2025-10-22T12:39:01.966+0000] {dag.py:3947} INFO - Setting next_dagrun for example_subdag_operator.section-2 to None, run_after=None
[2025-10-22T12:39:01.983+0000] {processor.py:183} INFO - Processing /home/khaled/dbt-env/lib/python3.12/site-packages/airflow/example_dags/example_subdag_operator.py took 0.180 seconds
[2025-10-22T12:40:24.733+0000] {processor.py:161} INFO - Started process (PID=13344) to work on /home/khaled/dbt-env/lib/python3.12/site-packages/airflow/example_dags/example_subdag_operator.py
[2025-10-22T12:40:24.745+0000] {processor.py:830} INFO - Processing file /home/khaled/dbt-env/lib/python3.12/site-packages/airflow/example_dags/example_subdag_operator.py for tasks to queue
[2025-10-22T12:40:24.747+0000] {logging_mixin.py:188} INFO - [2025-10-22T12:40:24.746+0000] {dagbag.py:545} INFO - Filling up the DagBag from /home/khaled/dbt-env/lib/python3.12/site-packages/airflow/example_dags/example_subdag_operator.py
[2025-10-22T12:40:24.772+0000] {processor.py:840} INFO - DAG(s) 'example_subdag_operator.section-1', 'example_subdag_operator.section-2', 'example_subdag_operator' retrieved from /home/khaled/dbt-env/lib/python3.12/site-packages/airflow/example_dags/example_subdag_operator.py
[2025-10-22T12:40:24.786+0000] {logging_mixin.py:188} INFO - [2025-10-22T12:40:24.786+0000] {dag.py:3089} INFO - Sync 3 DAGs
[2025-10-22T12:40:24.803+0000] {logging_mixin.py:188} INFO - [2025-10-22T12:40:24.803+0000] {dag.py:3947} INFO - Setting next_dagrun for example_subdag_operator to 2022-01-01 00:00:00+00:00, run_after=2022-01-01 00:00:00+00:00
[2025-10-22T12:40:24.806+0000] {logging_mixin.py:188} INFO - [2025-10-22T12:40:24.806+0000] {dag.py:3947} INFO - Setting next_dagrun for example_subdag_operator.section-1 to None, run_after=None
[2025-10-22T12:40:24.807+0000] {logging_mixin.py:188} INFO - [2025-10-22T12:40:24.807+0000] {dag.py:3947} INFO - Setting next_dagrun for example_subdag_operator.section-2 to None, run_after=None
[2025-10-22T12:40:24.814+0000] {logging_mixin.py:188} INFO - [2025-10-22T12:40:24.813+0000] {dag.py:3089} INFO - Sync 2 DAGs
[2025-10-22T12:40:24.818+0000] {logging_mixin.py:188} INFO - [2025-10-22T12:40:24.818+0000] {dag.py:3947} INFO - Setting next_dagrun for example_subdag_operator.section-1 to None, run_after=None
[2025-10-22T12:40:24.818+0000] {logging_mixin.py:188} INFO - [2025-10-22T12:40:24.818+0000] {dag.py:3947} INFO - Setting next_dagrun for example_subdag_operator.section-2 to None, run_after=None
[2025-10-22T12:40:24.835+0000] {processor.py:183} INFO - Processing /home/khaled/dbt-env/lib/python3.12/site-packages/airflow/example_dags/example_subdag_operator.py took 0.109 seconds
