[2025-10-22T12:12:06.046+0000] {processor.py:161} INFO - Started process (PID=8204) to work on /home/khaled/dbt-env/lib/python3.12/site-packages/airflow/example_dags/example_sensors.py
[2025-10-22T12:12:06.047+0000] {processor.py:830} INFO - Processing file /home/khaled/dbt-env/lib/python3.12/site-packages/airflow/example_dags/example_sensors.py for tasks to queue
[2025-10-22T12:12:06.049+0000] {logging_mixin.py:188} INFO - [2025-10-22T12:12:06.049+0000] {dagbag.py:545} INFO - Filling up the DagBag from /home/khaled/dbt-env/lib/python3.12/site-packages/airflow/example_dags/example_sensors.py
[2025-10-22T12:12:06.058+0000] {processor.py:840} INFO - DAG(s) 'example_sensors' retrieved from /home/khaled/dbt-env/lib/python3.12/site-packages/airflow/example_dags/example_sensors.py
[2025-10-22T12:12:06.197+0000] {logging_mixin.py:188} INFO - [2025-10-22T12:12:06.197+0000] {dag.py:3089} INFO - Sync 1 DAGs
[2025-10-22T12:12:06.205+0000] {logging_mixin.py:188} INFO - [2025-10-22T12:12:06.205+0000] {dag.py:3947} INFO - Setting next_dagrun for example_sensors to None, run_after=None
[2025-10-22T12:12:06.245+0000] {processor.py:183} INFO - Processing /home/khaled/dbt-env/lib/python3.12/site-packages/airflow/example_dags/example_sensors.py took 0.213 seconds
[2025-10-22T12:13:20.165+0000] {processor.py:161} INFO - Started process (PID=8984) to work on /home/khaled/dbt-env/lib/python3.12/site-packages/airflow/example_dags/example_sensors.py
[2025-10-22T12:13:20.181+0000] {processor.py:830} INFO - Processing file /home/khaled/dbt-env/lib/python3.12/site-packages/airflow/example_dags/example_sensors.py for tasks to queue
[2025-10-22T12:13:20.189+0000] {logging_mixin.py:188} INFO - [2025-10-22T12:13:20.189+0000] {dagbag.py:545} INFO - Filling up the DagBag from /home/khaled/dbt-env/lib/python3.12/site-packages/airflow/example_dags/example_sensors.py
[2025-10-22T12:13:20.208+0000] {processor.py:840} INFO - DAG(s) 'example_sensors' retrieved from /home/khaled/dbt-env/lib/python3.12/site-packages/airflow/example_dags/example_sensors.py
[2025-10-22T12:13:20.283+0000] {logging_mixin.py:188} INFO - [2025-10-22T12:13:20.283+0000] {dag.py:3089} INFO - Sync 1 DAGs
[2025-10-22T12:13:20.306+0000] {logging_mixin.py:188} INFO - [2025-10-22T12:13:20.305+0000] {dag.py:3947} INFO - Setting next_dagrun for example_sensors to None, run_after=None
[2025-10-22T12:13:20.377+0000] {processor.py:183} INFO - Processing /home/khaled/dbt-env/lib/python3.12/site-packages/airflow/example_dags/example_sensors.py took 0.219 seconds
[2025-10-22T12:14:17.724+0000] {processor.py:161} INFO - Started process (PID=9314) to work on /home/khaled/dbt-env/lib/python3.12/site-packages/airflow/example_dags/example_sensors.py
[2025-10-22T12:14:17.740+0000] {processor.py:830} INFO - Processing file /home/khaled/dbt-env/lib/python3.12/site-packages/airflow/example_dags/example_sensors.py for tasks to queue
[2025-10-22T12:14:17.744+0000] {logging_mixin.py:188} INFO - [2025-10-22T12:14:17.744+0000] {dagbag.py:545} INFO - Filling up the DagBag from /home/khaled/dbt-env/lib/python3.12/site-packages/airflow/example_dags/example_sensors.py
[2025-10-22T12:14:17.755+0000] {processor.py:840} INFO - DAG(s) 'example_sensors' retrieved from /home/khaled/dbt-env/lib/python3.12/site-packages/airflow/example_dags/example_sensors.py
[2025-10-22T12:14:17.781+0000] {logging_mixin.py:188} INFO - [2025-10-22T12:14:17.781+0000] {dag.py:3089} INFO - Sync 1 DAGs
[2025-10-22T12:14:17.799+0000] {logging_mixin.py:188} INFO - [2025-10-22T12:14:17.798+0000] {dag.py:3947} INFO - Setting next_dagrun for example_sensors to None, run_after=None
[2025-10-22T12:14:17.878+0000] {processor.py:183} INFO - Processing /home/khaled/dbt-env/lib/python3.12/site-packages/airflow/example_dags/example_sensors.py took 0.168 seconds
[2025-10-22T12:15:09.451+0000] {processor.py:161} INFO - Started process (PID=9484) to work on /home/khaled/dbt-env/lib/python3.12/site-packages/airflow/example_dags/example_sensors.py
[2025-10-22T12:15:09.465+0000] {processor.py:830} INFO - Processing file /home/khaled/dbt-env/lib/python3.12/site-packages/airflow/example_dags/example_sensors.py for tasks to queue
[2025-10-22T12:15:09.467+0000] {logging_mixin.py:188} INFO - [2025-10-22T12:15:09.467+0000] {dagbag.py:545} INFO - Filling up the DagBag from /home/khaled/dbt-env/lib/python3.12/site-packages/airflow/example_dags/example_sensors.py
[2025-10-22T12:15:09.485+0000] {processor.py:840} INFO - DAG(s) 'example_sensors' retrieved from /home/khaled/dbt-env/lib/python3.12/site-packages/airflow/example_dags/example_sensors.py
[2025-10-22T12:15:09.530+0000] {logging_mixin.py:188} INFO - [2025-10-22T12:15:09.530+0000] {dag.py:3089} INFO - Sync 1 DAGs
[2025-10-22T12:15:09.549+0000] {logging_mixin.py:188} INFO - [2025-10-22T12:15:09.549+0000] {dag.py:3947} INFO - Setting next_dagrun for example_sensors to None, run_after=None
[2025-10-22T12:15:09.574+0000] {processor.py:183} INFO - Processing /home/khaled/dbt-env/lib/python3.12/site-packages/airflow/example_dags/example_sensors.py took 0.139 seconds
[2025-10-22T12:15:57.546+0000] {processor.py:161} INFO - Started process (PID=9633) to work on /home/khaled/dbt-env/lib/python3.12/site-packages/airflow/example_dags/example_sensors.py
[2025-10-22T12:15:57.557+0000] {processor.py:830} INFO - Processing file /home/khaled/dbt-env/lib/python3.12/site-packages/airflow/example_dags/example_sensors.py for tasks to queue
[2025-10-22T12:15:57.559+0000] {logging_mixin.py:188} INFO - [2025-10-22T12:15:57.559+0000] {dagbag.py:545} INFO - Filling up the DagBag from /home/khaled/dbt-env/lib/python3.12/site-packages/airflow/example_dags/example_sensors.py
[2025-10-22T12:15:57.570+0000] {processor.py:840} INFO - DAG(s) 'example_sensors' retrieved from /home/khaled/dbt-env/lib/python3.12/site-packages/airflow/example_dags/example_sensors.py
[2025-10-22T12:15:57.586+0000] {logging_mixin.py:188} INFO - [2025-10-22T12:15:57.586+0000] {dag.py:3089} INFO - Sync 1 DAGs
[2025-10-22T12:15:57.594+0000] {logging_mixin.py:188} INFO - [2025-10-22T12:15:57.594+0000] {dag.py:3947} INFO - Setting next_dagrun for example_sensors to None, run_after=None
[2025-10-22T12:15:57.617+0000] {processor.py:183} INFO - Processing /home/khaled/dbt-env/lib/python3.12/site-packages/airflow/example_dags/example_sensors.py took 0.074 seconds
[2025-10-22T12:16:49.339+0000] {processor.py:161} INFO - Started process (PID=9788) to work on /home/khaled/dbt-env/lib/python3.12/site-packages/airflow/example_dags/example_sensors.py
[2025-10-22T12:16:49.340+0000] {processor.py:830} INFO - Processing file /home/khaled/dbt-env/lib/python3.12/site-packages/airflow/example_dags/example_sensors.py for tasks to queue
[2025-10-22T12:16:49.342+0000] {logging_mixin.py:188} INFO - [2025-10-22T12:16:49.342+0000] {dagbag.py:545} INFO - Filling up the DagBag from /home/khaled/dbt-env/lib/python3.12/site-packages/airflow/example_dags/example_sensors.py
[2025-10-22T12:16:49.352+0000] {processor.py:840} INFO - DAG(s) 'example_sensors' retrieved from /home/khaled/dbt-env/lib/python3.12/site-packages/airflow/example_dags/example_sensors.py
[2025-10-22T12:16:49.371+0000] {logging_mixin.py:188} INFO - [2025-10-22T12:16:49.371+0000] {dag.py:3089} INFO - Sync 1 DAGs
[2025-10-22T12:16:49.379+0000] {logging_mixin.py:188} INFO - [2025-10-22T12:16:49.379+0000] {dag.py:3947} INFO - Setting next_dagrun for example_sensors to None, run_after=None
[2025-10-22T12:16:49.411+0000] {processor.py:183} INFO - Processing /home/khaled/dbt-env/lib/python3.12/site-packages/airflow/example_dags/example_sensors.py took 0.090 seconds
[2025-10-22T12:17:48.200+0000] {processor.py:161} INFO - Started process (PID=10107) to work on /home/khaled/dbt-env/lib/python3.12/site-packages/airflow/example_dags/example_sensors.py
[2025-10-22T12:17:48.202+0000] {processor.py:830} INFO - Processing file /home/khaled/dbt-env/lib/python3.12/site-packages/airflow/example_dags/example_sensors.py for tasks to queue
[2025-10-22T12:17:48.203+0000] {logging_mixin.py:188} INFO - [2025-10-22T12:17:48.203+0000] {dagbag.py:545} INFO - Filling up the DagBag from /home/khaled/dbt-env/lib/python3.12/site-packages/airflow/example_dags/example_sensors.py
[2025-10-22T12:17:48.210+0000] {processor.py:840} INFO - DAG(s) 'example_sensors' retrieved from /home/khaled/dbt-env/lib/python3.12/site-packages/airflow/example_dags/example_sensors.py
[2025-10-22T12:17:48.228+0000] {logging_mixin.py:188} INFO - [2025-10-22T12:17:48.228+0000] {dag.py:3089} INFO - Sync 1 DAGs
[2025-10-22T12:17:48.236+0000] {logging_mixin.py:188} INFO - [2025-10-22T12:17:48.236+0000] {dag.py:3947} INFO - Setting next_dagrun for example_sensors to None, run_after=None
[2025-10-22T12:17:48.271+0000] {processor.py:183} INFO - Processing /home/khaled/dbt-env/lib/python3.12/site-packages/airflow/example_dags/example_sensors.py took 0.078 seconds
[2025-10-22T12:22:33.025+0000] {processor.py:161} INFO - Started process (PID=10652) to work on /home/khaled/dbt-env/lib/python3.12/site-packages/airflow/example_dags/example_sensors.py
[2025-10-22T12:22:33.027+0000] {processor.py:830} INFO - Processing file /home/khaled/dbt-env/lib/python3.12/site-packages/airflow/example_dags/example_sensors.py for tasks to queue
[2025-10-22T12:22:33.028+0000] {logging_mixin.py:188} INFO - [2025-10-22T12:22:33.028+0000] {dagbag.py:545} INFO - Filling up the DagBag from /home/khaled/dbt-env/lib/python3.12/site-packages/airflow/example_dags/example_sensors.py
[2025-10-22T12:22:33.035+0000] {processor.py:840} INFO - DAG(s) 'example_sensors' retrieved from /home/khaled/dbt-env/lib/python3.12/site-packages/airflow/example_dags/example_sensors.py
[2025-10-22T12:22:33.051+0000] {logging_mixin.py:188} INFO - [2025-10-22T12:22:33.051+0000] {dag.py:3089} INFO - Sync 1 DAGs
[2025-10-22T12:22:33.060+0000] {logging_mixin.py:188} INFO - [2025-10-22T12:22:33.059+0000] {dag.py:3947} INFO - Setting next_dagrun for example_sensors to None, run_after=None
[2025-10-22T12:22:33.079+0000] {processor.py:183} INFO - Processing /home/khaled/dbt-env/lib/python3.12/site-packages/airflow/example_dags/example_sensors.py took 0.059 seconds
[2025-10-22T12:23:32.821+0000] {processor.py:161} INFO - Started process (PID=11141) to work on /home/khaled/dbt-env/lib/python3.12/site-packages/airflow/example_dags/example_sensors.py
[2025-10-22T12:23:32.833+0000] {processor.py:830} INFO - Processing file /home/khaled/dbt-env/lib/python3.12/site-packages/airflow/example_dags/example_sensors.py for tasks to queue
[2025-10-22T12:23:32.840+0000] {logging_mixin.py:188} INFO - [2025-10-22T12:23:32.840+0000] {dagbag.py:545} INFO - Filling up the DagBag from /home/khaled/dbt-env/lib/python3.12/site-packages/airflow/example_dags/example_sensors.py
[2025-10-22T12:23:32.859+0000] {processor.py:840} INFO - DAG(s) 'example_sensors' retrieved from /home/khaled/dbt-env/lib/python3.12/site-packages/airflow/example_dags/example_sensors.py
[2025-10-22T12:23:32.909+0000] {logging_mixin.py:188} INFO - [2025-10-22T12:23:32.908+0000] {dag.py:3089} INFO - Sync 1 DAGs
[2025-10-22T12:23:32.937+0000] {logging_mixin.py:188} INFO - [2025-10-22T12:23:32.935+0000] {dag.py:3947} INFO - Setting next_dagrun for example_sensors to None, run_after=None
[2025-10-22T12:23:33.016+0000] {processor.py:183} INFO - Processing /home/khaled/dbt-env/lib/python3.12/site-packages/airflow/example_dags/example_sensors.py took 0.199 seconds
[2025-10-22T12:24:27.551+0000] {processor.py:161} INFO - Started process (PID=11302) to work on /home/khaled/dbt-env/lib/python3.12/site-packages/airflow/example_dags/example_sensors.py
[2025-10-22T12:24:27.553+0000] {processor.py:830} INFO - Processing file /home/khaled/dbt-env/lib/python3.12/site-packages/airflow/example_dags/example_sensors.py for tasks to queue
[2025-10-22T12:24:27.555+0000] {logging_mixin.py:188} INFO - [2025-10-22T12:24:27.553+0000] {dagbag.py:545} INFO - Filling up the DagBag from /home/khaled/dbt-env/lib/python3.12/site-packages/airflow/example_dags/example_sensors.py
[2025-10-22T12:24:27.563+0000] {processor.py:840} INFO - DAG(s) 'example_sensors' retrieved from /home/khaled/dbt-env/lib/python3.12/site-packages/airflow/example_dags/example_sensors.py
[2025-10-22T12:24:27.585+0000] {logging_mixin.py:188} INFO - [2025-10-22T12:24:27.585+0000] {dag.py:3089} INFO - Sync 1 DAGs
[2025-10-22T12:24:27.605+0000] {logging_mixin.py:188} INFO - [2025-10-22T12:24:27.605+0000] {dag.py:3947} INFO - Setting next_dagrun for example_sensors to None, run_after=None
[2025-10-22T12:24:27.647+0000] {processor.py:183} INFO - Processing /home/khaled/dbt-env/lib/python3.12/site-packages/airflow/example_dags/example_sensors.py took 0.101 seconds
[2025-10-22T12:25:22.482+0000] {processor.py:161} INFO - Started process (PID=11410) to work on /home/khaled/dbt-env/lib/python3.12/site-packages/airflow/example_dags/example_sensors.py
[2025-10-22T12:25:22.501+0000] {processor.py:830} INFO - Processing file /home/khaled/dbt-env/lib/python3.12/site-packages/airflow/example_dags/example_sensors.py for tasks to queue
[2025-10-22T12:25:22.520+0000] {logging_mixin.py:188} INFO - [2025-10-22T12:25:22.519+0000] {dagbag.py:545} INFO - Filling up the DagBag from /home/khaled/dbt-env/lib/python3.12/site-packages/airflow/example_dags/example_sensors.py
[2025-10-22T12:25:22.559+0000] {processor.py:840} INFO - DAG(s) 'example_sensors' retrieved from /home/khaled/dbt-env/lib/python3.12/site-packages/airflow/example_dags/example_sensors.py
[2025-10-22T12:25:22.613+0000] {logging_mixin.py:188} INFO - [2025-10-22T12:25:22.613+0000] {dag.py:3089} INFO - Sync 1 DAGs
[2025-10-22T12:25:22.633+0000] {logging_mixin.py:188} INFO - [2025-10-22T12:25:22.633+0000] {dag.py:3947} INFO - Setting next_dagrun for example_sensors to None, run_after=None
[2025-10-22T12:25:22.680+0000] {processor.py:183} INFO - Processing /home/khaled/dbt-env/lib/python3.12/site-packages/airflow/example_dags/example_sensors.py took 0.205 seconds
[2025-10-22T12:26:22.280+0000] {processor.py:161} INFO - Started process (PID=11567) to work on /home/khaled/dbt-env/lib/python3.12/site-packages/airflow/example_dags/example_sensors.py
[2025-10-22T12:26:22.282+0000] {processor.py:830} INFO - Processing file /home/khaled/dbt-env/lib/python3.12/site-packages/airflow/example_dags/example_sensors.py for tasks to queue
[2025-10-22T12:26:22.284+0000] {logging_mixin.py:188} INFO - [2025-10-22T12:26:22.284+0000] {dagbag.py:545} INFO - Filling up the DagBag from /home/khaled/dbt-env/lib/python3.12/site-packages/airflow/example_dags/example_sensors.py
[2025-10-22T12:26:22.291+0000] {processor.py:840} INFO - DAG(s) 'example_sensors' retrieved from /home/khaled/dbt-env/lib/python3.12/site-packages/airflow/example_dags/example_sensors.py
[2025-10-22T12:26:22.308+0000] {logging_mixin.py:188} INFO - [2025-10-22T12:26:22.307+0000] {dag.py:3089} INFO - Sync 1 DAGs
[2025-10-22T12:26:22.317+0000] {logging_mixin.py:188} INFO - [2025-10-22T12:26:22.317+0000] {dag.py:3947} INFO - Setting next_dagrun for example_sensors to None, run_after=None
[2025-10-22T12:26:22.348+0000] {processor.py:183} INFO - Processing /home/khaled/dbt-env/lib/python3.12/site-packages/airflow/example_dags/example_sensors.py took 0.075 seconds
[2025-10-22T12:27:35.825+0000] {processor.py:161} INFO - Started process (PID=11971) to work on /home/khaled/dbt-env/lib/python3.12/site-packages/airflow/example_dags/example_sensors.py
[2025-10-22T12:27:35.827+0000] {processor.py:830} INFO - Processing file /home/khaled/dbt-env/lib/python3.12/site-packages/airflow/example_dags/example_sensors.py for tasks to queue
[2025-10-22T12:27:35.829+0000] {logging_mixin.py:188} INFO - [2025-10-22T12:27:35.828+0000] {dagbag.py:545} INFO - Filling up the DagBag from /home/khaled/dbt-env/lib/python3.12/site-packages/airflow/example_dags/example_sensors.py
[2025-10-22T12:27:35.834+0000] {processor.py:840} INFO - DAG(s) 'example_sensors' retrieved from /home/khaled/dbt-env/lib/python3.12/site-packages/airflow/example_dags/example_sensors.py
[2025-10-22T12:27:35.853+0000] {logging_mixin.py:188} INFO - [2025-10-22T12:27:35.853+0000] {dag.py:3089} INFO - Sync 1 DAGs
[2025-10-22T12:27:35.864+0000] {logging_mixin.py:188} INFO - [2025-10-22T12:27:35.864+0000] {dag.py:3947} INFO - Setting next_dagrun for example_sensors to None, run_after=None
[2025-10-22T12:27:35.881+0000] {processor.py:183} INFO - Processing /home/khaled/dbt-env/lib/python3.12/site-packages/airflow/example_dags/example_sensors.py took 0.061 seconds
[2025-10-22T12:28:31.500+0000] {processor.py:161} INFO - Started process (PID=12212) to work on /home/khaled/dbt-env/lib/python3.12/site-packages/airflow/example_dags/example_sensors.py
[2025-10-22T12:28:31.509+0000] {processor.py:830} INFO - Processing file /home/khaled/dbt-env/lib/python3.12/site-packages/airflow/example_dags/example_sensors.py for tasks to queue
[2025-10-22T12:28:31.511+0000] {logging_mixin.py:188} INFO - [2025-10-22T12:28:31.511+0000] {dagbag.py:545} INFO - Filling up the DagBag from /home/khaled/dbt-env/lib/python3.12/site-packages/airflow/example_dags/example_sensors.py
[2025-10-22T12:28:31.527+0000] {processor.py:840} INFO - DAG(s) 'example_sensors' retrieved from /home/khaled/dbt-env/lib/python3.12/site-packages/airflow/example_dags/example_sensors.py
[2025-10-22T12:28:31.549+0000] {logging_mixin.py:188} INFO - [2025-10-22T12:28:31.549+0000] {dag.py:3089} INFO - Sync 1 DAGs
[2025-10-22T12:28:31.564+0000] {logging_mixin.py:188} INFO - [2025-10-22T12:28:31.564+0000] {dag.py:3947} INFO - Setting next_dagrun for example_sensors to None, run_after=None
[2025-10-22T12:28:31.651+0000] {processor.py:183} INFO - Processing /home/khaled/dbt-env/lib/python3.12/site-packages/airflow/example_dags/example_sensors.py took 0.162 seconds
[2025-10-22T12:29:30.240+0000] {processor.py:161} INFO - Started process (PID=12457) to work on /home/khaled/dbt-env/lib/python3.12/site-packages/airflow/example_dags/example_sensors.py
[2025-10-22T12:29:30.251+0000] {processor.py:830} INFO - Processing file /home/khaled/dbt-env/lib/python3.12/site-packages/airflow/example_dags/example_sensors.py for tasks to queue
[2025-10-22T12:29:30.253+0000] {logging_mixin.py:188} INFO - [2025-10-22T12:29:30.253+0000] {dagbag.py:545} INFO - Filling up the DagBag from /home/khaled/dbt-env/lib/python3.12/site-packages/airflow/example_dags/example_sensors.py
[2025-10-22T12:29:30.263+0000] {processor.py:840} INFO - DAG(s) 'example_sensors' retrieved from /home/khaled/dbt-env/lib/python3.12/site-packages/airflow/example_dags/example_sensors.py
[2025-10-22T12:29:30.288+0000] {logging_mixin.py:188} INFO - [2025-10-22T12:29:30.287+0000] {dag.py:3089} INFO - Sync 1 DAGs
[2025-10-22T12:29:30.298+0000] {logging_mixin.py:188} INFO - [2025-10-22T12:29:30.298+0000] {dag.py:3947} INFO - Setting next_dagrun for example_sensors to None, run_after=None
[2025-10-22T12:29:30.321+0000] {processor.py:183} INFO - Processing /home/khaled/dbt-env/lib/python3.12/site-packages/airflow/example_dags/example_sensors.py took 0.089 seconds
[2025-10-22T12:30:23.233+0000] {processor.py:161} INFO - Started process (PID=12532) to work on /home/khaled/dbt-env/lib/python3.12/site-packages/airflow/example_dags/example_sensors.py
[2025-10-22T12:30:23.243+0000] {processor.py:830} INFO - Processing file /home/khaled/dbt-env/lib/python3.12/site-packages/airflow/example_dags/example_sensors.py for tasks to queue
[2025-10-22T12:30:23.244+0000] {logging_mixin.py:188} INFO - [2025-10-22T12:30:23.244+0000] {dagbag.py:545} INFO - Filling up the DagBag from /home/khaled/dbt-env/lib/python3.12/site-packages/airflow/example_dags/example_sensors.py
[2025-10-22T12:30:23.252+0000] {processor.py:840} INFO - DAG(s) 'example_sensors' retrieved from /home/khaled/dbt-env/lib/python3.12/site-packages/airflow/example_dags/example_sensors.py
[2025-10-22T12:30:23.272+0000] {logging_mixin.py:188} INFO - [2025-10-22T12:30:23.272+0000] {dag.py:3089} INFO - Sync 1 DAGs
[2025-10-22T12:30:23.280+0000] {logging_mixin.py:188} INFO - [2025-10-22T12:30:23.280+0000] {dag.py:3947} INFO - Setting next_dagrun for example_sensors to None, run_after=None
[2025-10-22T12:30:23.300+0000] {processor.py:183} INFO - Processing /home/khaled/dbt-env/lib/python3.12/site-packages/airflow/example_dags/example_sensors.py took 0.073 seconds
[2025-10-22T12:31:12.746+0000] {processor.py:161} INFO - Started process (PID=12583) to work on /home/khaled/dbt-env/lib/python3.12/site-packages/airflow/example_dags/example_sensors.py
[2025-10-22T12:31:12.747+0000] {processor.py:830} INFO - Processing file /home/khaled/dbt-env/lib/python3.12/site-packages/airflow/example_dags/example_sensors.py for tasks to queue
[2025-10-22T12:31:12.749+0000] {logging_mixin.py:188} INFO - [2025-10-22T12:31:12.748+0000] {dagbag.py:545} INFO - Filling up the DagBag from /home/khaled/dbt-env/lib/python3.12/site-packages/airflow/example_dags/example_sensors.py
[2025-10-22T12:31:12.756+0000] {processor.py:840} INFO - DAG(s) 'example_sensors' retrieved from /home/khaled/dbt-env/lib/python3.12/site-packages/airflow/example_dags/example_sensors.py
[2025-10-22T12:31:12.770+0000] {logging_mixin.py:188} INFO - [2025-10-22T12:31:12.769+0000] {dag.py:3089} INFO - Sync 1 DAGs
[2025-10-22T12:31:12.780+0000] {logging_mixin.py:188} INFO - [2025-10-22T12:31:12.779+0000] {dag.py:3947} INFO - Setting next_dagrun for example_sensors to None, run_after=None
[2025-10-22T12:31:12.936+0000] {processor.py:183} INFO - Processing /home/khaled/dbt-env/lib/python3.12/site-packages/airflow/example_dags/example_sensors.py took 0.196 seconds
[2025-10-22T12:32:41.361+0000] {processor.py:161} INFO - Started process (PID=12831) to work on /home/khaled/dbt-env/lib/python3.12/site-packages/airflow/example_dags/example_sensors.py
[2025-10-22T12:32:41.375+0000] {processor.py:830} INFO - Processing file /home/khaled/dbt-env/lib/python3.12/site-packages/airflow/example_dags/example_sensors.py for tasks to queue
[2025-10-22T12:32:41.378+0000] {logging_mixin.py:188} INFO - [2025-10-22T12:32:41.377+0000] {dagbag.py:545} INFO - Filling up the DagBag from /home/khaled/dbt-env/lib/python3.12/site-packages/airflow/example_dags/example_sensors.py
[2025-10-22T12:32:41.387+0000] {processor.py:840} INFO - DAG(s) 'example_sensors' retrieved from /home/khaled/dbt-env/lib/python3.12/site-packages/airflow/example_dags/example_sensors.py
[2025-10-22T12:32:41.421+0000] {logging_mixin.py:188} INFO - [2025-10-22T12:32:41.420+0000] {dag.py:3089} INFO - Sync 1 DAGs
[2025-10-22T12:32:41.439+0000] {logging_mixin.py:188} INFO - [2025-10-22T12:32:41.439+0000] {dag.py:3947} INFO - Setting next_dagrun for example_sensors to None, run_after=None
[2025-10-22T12:32:41.507+0000] {processor.py:183} INFO - Processing /home/khaled/dbt-env/lib/python3.12/site-packages/airflow/example_dags/example_sensors.py took 0.153 seconds
[2025-10-22T12:36:40.784+0000] {processor.py:161} INFO - Started process (PID=13086) to work on /home/khaled/dbt-env/lib/python3.12/site-packages/airflow/example_dags/example_sensors.py
[2025-10-22T12:36:40.788+0000] {processor.py:830} INFO - Processing file /home/khaled/dbt-env/lib/python3.12/site-packages/airflow/example_dags/example_sensors.py for tasks to queue
[2025-10-22T12:36:40.790+0000] {logging_mixin.py:188} INFO - [2025-10-22T12:36:40.790+0000] {dagbag.py:545} INFO - Filling up the DagBag from /home/khaled/dbt-env/lib/python3.12/site-packages/airflow/example_dags/example_sensors.py
[2025-10-22T12:36:40.802+0000] {processor.py:840} INFO - DAG(s) 'example_sensors' retrieved from /home/khaled/dbt-env/lib/python3.12/site-packages/airflow/example_dags/example_sensors.py
[2025-10-22T12:36:40.829+0000] {logging_mixin.py:188} INFO - [2025-10-22T12:36:40.828+0000] {dag.py:3089} INFO - Sync 1 DAGs
[2025-10-22T12:36:40.847+0000] {logging_mixin.py:188} INFO - [2025-10-22T12:36:40.846+0000] {dag.py:3947} INFO - Setting next_dagrun for example_sensors to None, run_after=None
[2025-10-22T12:36:40.896+0000] {processor.py:183} INFO - Processing /home/khaled/dbt-env/lib/python3.12/site-packages/airflow/example_dags/example_sensors.py took 0.120 seconds
[2025-10-22T12:37:59.464+0000] {processor.py:161} INFO - Started process (PID=13214) to work on /home/khaled/dbt-env/lib/python3.12/site-packages/airflow/example_dags/example_sensors.py
[2025-10-22T12:37:59.474+0000] {processor.py:830} INFO - Processing file /home/khaled/dbt-env/lib/python3.12/site-packages/airflow/example_dags/example_sensors.py for tasks to queue
[2025-10-22T12:37:59.476+0000] {logging_mixin.py:188} INFO - [2025-10-22T12:37:59.475+0000] {dagbag.py:545} INFO - Filling up the DagBag from /home/khaled/dbt-env/lib/python3.12/site-packages/airflow/example_dags/example_sensors.py
[2025-10-22T12:37:59.482+0000] {processor.py:840} INFO - DAG(s) 'example_sensors' retrieved from /home/khaled/dbt-env/lib/python3.12/site-packages/airflow/example_dags/example_sensors.py
[2025-10-22T12:37:59.497+0000] {logging_mixin.py:188} INFO - [2025-10-22T12:37:59.497+0000] {dag.py:3089} INFO - Sync 1 DAGs
[2025-10-22T12:37:59.616+0000] {logging_mixin.py:188} INFO - [2025-10-22T12:37:59.616+0000] {dag.py:3947} INFO - Setting next_dagrun for example_sensors to None, run_after=None
[2025-10-22T12:37:59.643+0000] {processor.py:183} INFO - Processing /home/khaled/dbt-env/lib/python3.12/site-packages/airflow/example_dags/example_sensors.py took 0.186 seconds
[2025-10-22T12:39:11.716+0000] {processor.py:161} INFO - Started process (PID=13277) to work on /home/khaled/dbt-env/lib/python3.12/site-packages/airflow/example_dags/example_sensors.py
[2025-10-22T12:39:11.718+0000] {processor.py:830} INFO - Processing file /home/khaled/dbt-env/lib/python3.12/site-packages/airflow/example_dags/example_sensors.py for tasks to queue
[2025-10-22T12:39:11.720+0000] {logging_mixin.py:188} INFO - [2025-10-22T12:39:11.720+0000] {dagbag.py:545} INFO - Filling up the DagBag from /home/khaled/dbt-env/lib/python3.12/site-packages/airflow/example_dags/example_sensors.py
[2025-10-22T12:39:11.726+0000] {processor.py:840} INFO - DAG(s) 'example_sensors' retrieved from /home/khaled/dbt-env/lib/python3.12/site-packages/airflow/example_dags/example_sensors.py
[2025-10-22T12:39:11.739+0000] {logging_mixin.py:188} INFO - [2025-10-22T12:39:11.739+0000] {dag.py:3089} INFO - Sync 1 DAGs
[2025-10-22T12:39:11.747+0000] {logging_mixin.py:188} INFO - [2025-10-22T12:39:11.747+0000] {dag.py:3947} INFO - Setting next_dagrun for example_sensors to None, run_after=None
[2025-10-22T12:39:11.887+0000] {processor.py:183} INFO - Processing /home/khaled/dbt-env/lib/python3.12/site-packages/airflow/example_dags/example_sensors.py took 0.176 seconds
[2025-10-22T12:40:32.591+0000] {processor.py:161} INFO - Started process (PID=13359) to work on /home/khaled/dbt-env/lib/python3.12/site-packages/airflow/example_dags/example_sensors.py
[2025-10-22T12:40:32.596+0000] {processor.py:830} INFO - Processing file /home/khaled/dbt-env/lib/python3.12/site-packages/airflow/example_dags/example_sensors.py for tasks to queue
[2025-10-22T12:40:32.599+0000] {logging_mixin.py:188} INFO - [2025-10-22T12:40:32.599+0000] {dagbag.py:545} INFO - Filling up the DagBag from /home/khaled/dbt-env/lib/python3.12/site-packages/airflow/example_dags/example_sensors.py
[2025-10-22T12:40:32.605+0000] {processor.py:840} INFO - DAG(s) 'example_sensors' retrieved from /home/khaled/dbt-env/lib/python3.12/site-packages/airflow/example_dags/example_sensors.py
[2025-10-22T12:40:32.619+0000] {logging_mixin.py:188} INFO - [2025-10-22T12:40:32.619+0000] {dag.py:3089} INFO - Sync 1 DAGs
[2025-10-22T12:40:32.628+0000] {logging_mixin.py:188} INFO - [2025-10-22T12:40:32.627+0000] {dag.py:3947} INFO - Setting next_dagrun for example_sensors to None, run_after=None
[2025-10-22T12:40:32.672+0000] {processor.py:183} INFO - Processing /home/khaled/dbt-env/lib/python3.12/site-packages/airflow/example_dags/example_sensors.py took 0.086 seconds
