[2025-10-22T12:12:36.567+0000] {processor.py:161} INFO - Started process (PID=8511) to work on /home/khaled/dbt-env/lib/python3.12/site-packages/airflow/example_dags/example_branch_python_dop_operator_3.py
[2025-10-22T12:12:36.569+0000] {processor.py:830} INFO - Processing file /home/khaled/dbt-env/lib/python3.12/site-packages/airflow/example_dags/example_branch_python_dop_operator_3.py for tasks to queue
[2025-10-22T12:12:36.581+0000] {logging_mixin.py:188} INFO - [2025-10-22T12:12:36.578+0000] {dagbag.py:545} INFO - Filling up the DagBag from /home/khaled/dbt-env/lib/python3.12/site-packages/airflow/example_dags/example_branch_python_dop_operator_3.py
[2025-10-22T12:12:36.592+0000] {processor.py:840} INFO - DAG(s) 'example_branch_dop_operator_v3' retrieved from /home/khaled/dbt-env/lib/python3.12/site-packages/airflow/example_dags/example_branch_python_dop_operator_3.py
[2025-10-22T12:12:36.773+0000] {logging_mixin.py:188} INFO - [2025-10-22T12:12:36.773+0000] {dag.py:3089} INFO - Sync 1 DAGs
[2025-10-22T12:12:36.798+0000] {logging_mixin.py:188} INFO - [2025-10-22T12:12:36.795+0000] {dag.py:3947} INFO - Setting next_dagrun for example_branch_dop_operator_v3 to 2025-10-22 12:11:00+00:00, run_after=2025-10-22 12:12:00+00:00
[2025-10-22T12:12:36.890+0000] {processor.py:183} INFO - Processing /home/khaled/dbt-env/lib/python3.12/site-packages/airflow/example_dags/example_branch_python_dop_operator_3.py took 0.335 seconds
[2025-10-22T12:13:54.590+0000] {processor.py:161} INFO - Started process (PID=9287) to work on /home/khaled/dbt-env/lib/python3.12/site-packages/airflow/example_dags/example_branch_python_dop_operator_3.py
[2025-10-22T12:13:54.601+0000] {processor.py:830} INFO - Processing file /home/khaled/dbt-env/lib/python3.12/site-packages/airflow/example_dags/example_branch_python_dop_operator_3.py for tasks to queue
[2025-10-22T12:13:54.604+0000] {logging_mixin.py:188} INFO - [2025-10-22T12:13:54.604+0000] {dagbag.py:545} INFO - Filling up the DagBag from /home/khaled/dbt-env/lib/python3.12/site-packages/airflow/example_dags/example_branch_python_dop_operator_3.py
[2025-10-22T12:13:54.615+0000] {processor.py:840} INFO - DAG(s) 'example_branch_dop_operator_v3' retrieved from /home/khaled/dbt-env/lib/python3.12/site-packages/airflow/example_dags/example_branch_python_dop_operator_3.py
[2025-10-22T12:13:54.633+0000] {logging_mixin.py:188} INFO - [2025-10-22T12:13:54.631+0000] {dag.py:3089} INFO - Sync 1 DAGs
[2025-10-22T12:13:54.668+0000] {logging_mixin.py:188} INFO - [2025-10-22T12:13:54.667+0000] {dag.py:3947} INFO - Setting next_dagrun for example_branch_dop_operator_v3 to 2025-10-22 12:12:00+00:00, run_after=2025-10-22 12:13:00+00:00
[2025-10-22T12:13:54.698+0000] {processor.py:183} INFO - Processing /home/khaled/dbt-env/lib/python3.12/site-packages/airflow/example_dags/example_branch_python_dop_operator_3.py took 0.115 seconds
[2025-10-22T12:14:52.288+0000] {processor.py:161} INFO - Started process (PID=9367) to work on /home/khaled/dbt-env/lib/python3.12/site-packages/airflow/example_dags/example_branch_python_dop_operator_3.py
[2025-10-22T12:14:52.290+0000] {processor.py:830} INFO - Processing file /home/khaled/dbt-env/lib/python3.12/site-packages/airflow/example_dags/example_branch_python_dop_operator_3.py for tasks to queue
[2025-10-22T12:14:52.292+0000] {logging_mixin.py:188} INFO - [2025-10-22T12:14:52.291+0000] {dagbag.py:545} INFO - Filling up the DagBag from /home/khaled/dbt-env/lib/python3.12/site-packages/airflow/example_dags/example_branch_python_dop_operator_3.py
[2025-10-22T12:14:52.299+0000] {processor.py:840} INFO - DAG(s) 'example_branch_dop_operator_v3' retrieved from /home/khaled/dbt-env/lib/python3.12/site-packages/airflow/example_dags/example_branch_python_dop_operator_3.py
[2025-10-22T12:14:52.311+0000] {logging_mixin.py:188} INFO - [2025-10-22T12:14:52.311+0000] {dag.py:3089} INFO - Sync 1 DAGs
[2025-10-22T12:14:52.328+0000] {logging_mixin.py:188} INFO - [2025-10-22T12:14:52.328+0000] {dag.py:3947} INFO - Setting next_dagrun for example_branch_dop_operator_v3 to 2025-10-22 12:13:00+00:00, run_after=2025-10-22 12:14:00+00:00
[2025-10-22T12:14:52.349+0000] {processor.py:183} INFO - Processing /home/khaled/dbt-env/lib/python3.12/site-packages/airflow/example_dags/example_branch_python_dop_operator_3.py took 0.065 seconds
[2025-10-22T12:16:06.642+0000] {processor.py:161} INFO - Started process (PID=9645) to work on /home/khaled/dbt-env/lib/python3.12/site-packages/airflow/example_dags/example_branch_python_dop_operator_3.py
[2025-10-22T12:16:06.645+0000] {processor.py:830} INFO - Processing file /home/khaled/dbt-env/lib/python3.12/site-packages/airflow/example_dags/example_branch_python_dop_operator_3.py for tasks to queue
[2025-10-22T12:16:06.647+0000] {logging_mixin.py:188} INFO - [2025-10-22T12:16:06.646+0000] {dagbag.py:545} INFO - Filling up the DagBag from /home/khaled/dbt-env/lib/python3.12/site-packages/airflow/example_dags/example_branch_python_dop_operator_3.py
[2025-10-22T12:16:06.667+0000] {processor.py:840} INFO - DAG(s) 'example_branch_dop_operator_v3' retrieved from /home/khaled/dbt-env/lib/python3.12/site-packages/airflow/example_dags/example_branch_python_dop_operator_3.py
[2025-10-22T12:16:06.700+0000] {logging_mixin.py:188} INFO - [2025-10-22T12:16:06.700+0000] {dag.py:3089} INFO - Sync 1 DAGs
[2025-10-22T12:16:06.739+0000] {logging_mixin.py:188} INFO - [2025-10-22T12:16:06.739+0000] {dag.py:3947} INFO - Setting next_dagrun for example_branch_dop_operator_v3 to 2025-10-22 12:15:00+00:00, run_after=2025-10-22 12:16:00+00:00
[2025-10-22T12:16:06.776+0000] {processor.py:183} INFO - Processing /home/khaled/dbt-env/lib/python3.12/site-packages/airflow/example_dags/example_branch_python_dop_operator_3.py took 0.146 seconds
[2025-10-22T12:17:01.336+0000] {processor.py:161} INFO - Started process (PID=9803) to work on /home/khaled/dbt-env/lib/python3.12/site-packages/airflow/example_dags/example_branch_python_dop_operator_3.py
[2025-10-22T12:17:01.338+0000] {processor.py:830} INFO - Processing file /home/khaled/dbt-env/lib/python3.12/site-packages/airflow/example_dags/example_branch_python_dop_operator_3.py for tasks to queue
[2025-10-22T12:17:01.341+0000] {logging_mixin.py:188} INFO - [2025-10-22T12:17:01.340+0000] {dagbag.py:545} INFO - Filling up the DagBag from /home/khaled/dbt-env/lib/python3.12/site-packages/airflow/example_dags/example_branch_python_dop_operator_3.py
[2025-10-22T12:17:01.351+0000] {processor.py:840} INFO - DAG(s) 'example_branch_dop_operator_v3' retrieved from /home/khaled/dbt-env/lib/python3.12/site-packages/airflow/example_dags/example_branch_python_dop_operator_3.py
[2025-10-22T12:17:01.368+0000] {logging_mixin.py:188} INFO - [2025-10-22T12:17:01.368+0000] {dag.py:3089} INFO - Sync 1 DAGs
[2025-10-22T12:17:01.417+0000] {logging_mixin.py:188} INFO - [2025-10-22T12:17:01.417+0000] {dag.py:3947} INFO - Setting next_dagrun for example_branch_dop_operator_v3 to 2025-10-22 12:16:00+00:00, run_after=2025-10-22 12:17:00+00:00
[2025-10-22T12:17:01.460+0000] {processor.py:183} INFO - Processing /home/khaled/dbt-env/lib/python3.12/site-packages/airflow/example_dags/example_branch_python_dop_operator_3.py took 0.129 seconds
[2025-10-22T12:22:53.860+0000] {processor.py:161} INFO - Started process (PID=10738) to work on /home/khaled/dbt-env/lib/python3.12/site-packages/airflow/example_dags/example_branch_python_dop_operator_3.py
[2025-10-22T12:22:53.873+0000] {processor.py:830} INFO - Processing file /home/khaled/dbt-env/lib/python3.12/site-packages/airflow/example_dags/example_branch_python_dop_operator_3.py for tasks to queue
[2025-10-22T12:22:53.874+0000] {logging_mixin.py:188} INFO - [2025-10-22T12:22:53.874+0000] {dagbag.py:545} INFO - Filling up the DagBag from /home/khaled/dbt-env/lib/python3.12/site-packages/airflow/example_dags/example_branch_python_dop_operator_3.py
[2025-10-22T12:22:53.879+0000] {processor.py:840} INFO - DAG(s) 'example_branch_dop_operator_v3' retrieved from /home/khaled/dbt-env/lib/python3.12/site-packages/airflow/example_dags/example_branch_python_dop_operator_3.py
[2025-10-22T12:22:53.890+0000] {logging_mixin.py:188} INFO - [2025-10-22T12:22:53.890+0000] {dag.py:3089} INFO - Sync 1 DAGs
[2025-10-22T12:22:53.902+0000] {logging_mixin.py:188} INFO - [2025-10-22T12:22:53.902+0000] {dag.py:3947} INFO - Setting next_dagrun for example_branch_dop_operator_v3 to 2025-10-22 12:21:00+00:00, run_after=2025-10-22 12:22:00+00:00
[2025-10-22T12:22:53.922+0000] {processor.py:183} INFO - Processing /home/khaled/dbt-env/lib/python3.12/site-packages/airflow/example_dags/example_branch_python_dop_operator_3.py took 0.065 seconds
[2025-10-22T12:23:52.418+0000] {processor.py:161} INFO - Started process (PID=11213) to work on /home/khaled/dbt-env/lib/python3.12/site-packages/airflow/example_dags/example_branch_python_dop_operator_3.py
[2025-10-22T12:23:52.428+0000] {processor.py:830} INFO - Processing file /home/khaled/dbt-env/lib/python3.12/site-packages/airflow/example_dags/example_branch_python_dop_operator_3.py for tasks to queue
[2025-10-22T12:23:52.430+0000] {logging_mixin.py:188} INFO - [2025-10-22T12:23:52.430+0000] {dagbag.py:545} INFO - Filling up the DagBag from /home/khaled/dbt-env/lib/python3.12/site-packages/airflow/example_dags/example_branch_python_dop_operator_3.py
[2025-10-22T12:23:52.436+0000] {processor.py:840} INFO - DAG(s) 'example_branch_dop_operator_v3' retrieved from /home/khaled/dbt-env/lib/python3.12/site-packages/airflow/example_dags/example_branch_python_dop_operator_3.py
[2025-10-22T12:23:52.450+0000] {logging_mixin.py:188} INFO - [2025-10-22T12:23:52.449+0000] {dag.py:3089} INFO - Sync 1 DAGs
[2025-10-22T12:23:52.468+0000] {logging_mixin.py:188} INFO - [2025-10-22T12:23:52.468+0000] {dag.py:3947} INFO - Setting next_dagrun for example_branch_dop_operator_v3 to 2025-10-22 12:22:00+00:00, run_after=2025-10-22 12:23:00+00:00
[2025-10-22T12:23:52.488+0000] {processor.py:183} INFO - Processing /home/khaled/dbt-env/lib/python3.12/site-packages/airflow/example_dags/example_branch_python_dop_operator_3.py took 0.074 seconds
[2025-10-22T12:24:46.782+0000] {processor.py:161} INFO - Started process (PID=11352) to work on /home/khaled/dbt-env/lib/python3.12/site-packages/airflow/example_dags/example_branch_python_dop_operator_3.py
[2025-10-22T12:24:46.783+0000] {processor.py:830} INFO - Processing file /home/khaled/dbt-env/lib/python3.12/site-packages/airflow/example_dags/example_branch_python_dop_operator_3.py for tasks to queue
[2025-10-22T12:24:46.785+0000] {logging_mixin.py:188} INFO - [2025-10-22T12:24:46.785+0000] {dagbag.py:545} INFO - Filling up the DagBag from /home/khaled/dbt-env/lib/python3.12/site-packages/airflow/example_dags/example_branch_python_dop_operator_3.py
[2025-10-22T12:24:46.791+0000] {processor.py:840} INFO - DAG(s) 'example_branch_dop_operator_v3' retrieved from /home/khaled/dbt-env/lib/python3.12/site-packages/airflow/example_dags/example_branch_python_dop_operator_3.py
[2025-10-22T12:24:46.804+0000] {logging_mixin.py:188} INFO - [2025-10-22T12:24:46.804+0000] {dag.py:3089} INFO - Sync 1 DAGs
[2025-10-22T12:24:46.817+0000] {logging_mixin.py:188} INFO - [2025-10-22T12:24:46.816+0000] {dag.py:3947} INFO - Setting next_dagrun for example_branch_dop_operator_v3 to 2025-10-22 12:23:00+00:00, run_after=2025-10-22 12:24:00+00:00
[2025-10-22T12:24:46.839+0000] {processor.py:183} INFO - Processing /home/khaled/dbt-env/lib/python3.12/site-packages/airflow/example_dags/example_branch_python_dop_operator_3.py took 0.062 seconds
[2025-10-22T12:25:44.466+0000] {processor.py:161} INFO - Started process (PID=11434) to work on /home/khaled/dbt-env/lib/python3.12/site-packages/airflow/example_dags/example_branch_python_dop_operator_3.py
[2025-10-22T12:25:44.479+0000] {processor.py:830} INFO - Processing file /home/khaled/dbt-env/lib/python3.12/site-packages/airflow/example_dags/example_branch_python_dop_operator_3.py for tasks to queue
[2025-10-22T12:25:44.481+0000] {logging_mixin.py:188} INFO - [2025-10-22T12:25:44.481+0000] {dagbag.py:545} INFO - Filling up the DagBag from /home/khaled/dbt-env/lib/python3.12/site-packages/airflow/example_dags/example_branch_python_dop_operator_3.py
[2025-10-22T12:25:44.498+0000] {processor.py:840} INFO - DAG(s) 'example_branch_dop_operator_v3' retrieved from /home/khaled/dbt-env/lib/python3.12/site-packages/airflow/example_dags/example_branch_python_dop_operator_3.py
[2025-10-22T12:25:44.517+0000] {logging_mixin.py:188} INFO - [2025-10-22T12:25:44.516+0000] {dag.py:3089} INFO - Sync 1 DAGs
[2025-10-22T12:25:44.546+0000] {logging_mixin.py:188} INFO - [2025-10-22T12:25:44.546+0000] {dag.py:3947} INFO - Setting next_dagrun for example_branch_dop_operator_v3 to 2025-10-22 12:24:00+00:00, run_after=2025-10-22 12:25:00+00:00
[2025-10-22T12:25:44.586+0000] {processor.py:183} INFO - Processing /home/khaled/dbt-env/lib/python3.12/site-packages/airflow/example_dags/example_branch_python_dop_operator_3.py took 0.124 seconds
[2025-10-22T12:26:41.778+0000] {processor.py:161} INFO - Started process (PID=11665) to work on /home/khaled/dbt-env/lib/python3.12/site-packages/airflow/example_dags/example_branch_python_dop_operator_3.py
[2025-10-22T12:26:41.788+0000] {processor.py:830} INFO - Processing file /home/khaled/dbt-env/lib/python3.12/site-packages/airflow/example_dags/example_branch_python_dop_operator_3.py for tasks to queue
[2025-10-22T12:26:41.790+0000] {logging_mixin.py:188} INFO - [2025-10-22T12:26:41.790+0000] {dagbag.py:545} INFO - Filling up the DagBag from /home/khaled/dbt-env/lib/python3.12/site-packages/airflow/example_dags/example_branch_python_dop_operator_3.py
[2025-10-22T12:26:41.797+0000] {processor.py:840} INFO - DAG(s) 'example_branch_dop_operator_v3' retrieved from /home/khaled/dbt-env/lib/python3.12/site-packages/airflow/example_dags/example_branch_python_dop_operator_3.py
[2025-10-22T12:26:41.818+0000] {logging_mixin.py:188} INFO - [2025-10-22T12:26:41.817+0000] {dag.py:3089} INFO - Sync 1 DAGs
[2025-10-22T12:26:41.844+0000] {logging_mixin.py:188} INFO - [2025-10-22T12:26:41.844+0000] {dag.py:3947} INFO - Setting next_dagrun for example_branch_dop_operator_v3 to 2025-10-22 12:25:00+00:00, run_after=2025-10-22 12:26:00+00:00
[2025-10-22T12:26:41.865+0000] {processor.py:183} INFO - Processing /home/khaled/dbt-env/lib/python3.12/site-packages/airflow/example_dags/example_branch_python_dop_operator_3.py took 0.093 seconds
[2025-10-22T12:27:54.038+0000] {processor.py:161} INFO - Started process (PID=12087) to work on /home/khaled/dbt-env/lib/python3.12/site-packages/airflow/example_dags/example_branch_python_dop_operator_3.py
[2025-10-22T12:27:54.041+0000] {processor.py:830} INFO - Processing file /home/khaled/dbt-env/lib/python3.12/site-packages/airflow/example_dags/example_branch_python_dop_operator_3.py for tasks to queue
[2025-10-22T12:27:54.043+0000] {logging_mixin.py:188} INFO - [2025-10-22T12:27:54.043+0000] {dagbag.py:545} INFO - Filling up the DagBag from /home/khaled/dbt-env/lib/python3.12/site-packages/airflow/example_dags/example_branch_python_dop_operator_3.py
[2025-10-22T12:27:54.055+0000] {processor.py:840} INFO - DAG(s) 'example_branch_dop_operator_v3' retrieved from /home/khaled/dbt-env/lib/python3.12/site-packages/airflow/example_dags/example_branch_python_dop_operator_3.py
[2025-10-22T12:27:54.074+0000] {logging_mixin.py:188} INFO - [2025-10-22T12:27:54.074+0000] {dag.py:3089} INFO - Sync 1 DAGs
[2025-10-22T12:27:54.105+0000] {logging_mixin.py:188} INFO - [2025-10-22T12:27:54.105+0000] {dag.py:3947} INFO - Setting next_dagrun for example_branch_dop_operator_v3 to 2025-10-22 12:26:00+00:00, run_after=2025-10-22 12:27:00+00:00
[2025-10-22T12:27:54.138+0000] {processor.py:183} INFO - Processing /home/khaled/dbt-env/lib/python3.12/site-packages/airflow/example_dags/example_branch_python_dop_operator_3.py took 0.111 seconds
[2025-10-22T12:28:53.346+0000] {processor.py:161} INFO - Started process (PID=12306) to work on /home/khaled/dbt-env/lib/python3.12/site-packages/airflow/example_dags/example_branch_python_dop_operator_3.py
[2025-10-22T12:28:53.347+0000] {processor.py:830} INFO - Processing file /home/khaled/dbt-env/lib/python3.12/site-packages/airflow/example_dags/example_branch_python_dop_operator_3.py for tasks to queue
[2025-10-22T12:28:53.350+0000] {logging_mixin.py:188} INFO - [2025-10-22T12:28:53.350+0000] {dagbag.py:545} INFO - Filling up the DagBag from /home/khaled/dbt-env/lib/python3.12/site-packages/airflow/example_dags/example_branch_python_dop_operator_3.py
[2025-10-22T12:28:53.361+0000] {processor.py:840} INFO - DAG(s) 'example_branch_dop_operator_v3' retrieved from /home/khaled/dbt-env/lib/python3.12/site-packages/airflow/example_dags/example_branch_python_dop_operator_3.py
[2025-10-22T12:28:53.382+0000] {logging_mixin.py:188} INFO - [2025-10-22T12:28:53.381+0000] {dag.py:3089} INFO - Sync 1 DAGs
[2025-10-22T12:28:53.413+0000] {logging_mixin.py:188} INFO - [2025-10-22T12:28:53.413+0000] {dag.py:3947} INFO - Setting next_dagrun for example_branch_dop_operator_v3 to 2025-10-22 12:27:00+00:00, run_after=2025-10-22 12:28:00+00:00
[2025-10-22T12:28:53.444+0000] {processor.py:183} INFO - Processing /home/khaled/dbt-env/lib/python3.12/site-packages/airflow/example_dags/example_branch_python_dop_operator_3.py took 0.112 seconds
[2025-10-22T12:29:51.062+0000] {processor.py:161} INFO - Started process (PID=12487) to work on /home/khaled/dbt-env/lib/python3.12/site-packages/airflow/example_dags/example_branch_python_dop_operator_3.py
[2025-10-22T12:29:51.073+0000] {processor.py:830} INFO - Processing file /home/khaled/dbt-env/lib/python3.12/site-packages/airflow/example_dags/example_branch_python_dop_operator_3.py for tasks to queue
[2025-10-22T12:29:51.075+0000] {logging_mixin.py:188} INFO - [2025-10-22T12:29:51.075+0000] {dagbag.py:545} INFO - Filling up the DagBag from /home/khaled/dbt-env/lib/python3.12/site-packages/airflow/example_dags/example_branch_python_dop_operator_3.py
[2025-10-22T12:29:51.082+0000] {processor.py:840} INFO - DAG(s) 'example_branch_dop_operator_v3' retrieved from /home/khaled/dbt-env/lib/python3.12/site-packages/airflow/example_dags/example_branch_python_dop_operator_3.py
[2025-10-22T12:29:51.095+0000] {logging_mixin.py:188} INFO - [2025-10-22T12:29:51.095+0000] {dag.py:3089} INFO - Sync 1 DAGs
[2025-10-22T12:29:51.113+0000] {logging_mixin.py:188} INFO - [2025-10-22T12:29:51.112+0000] {dag.py:3947} INFO - Setting next_dagrun for example_branch_dop_operator_v3 to 2025-10-22 12:28:00+00:00, run_after=2025-10-22 12:29:00+00:00
[2025-10-22T12:29:51.248+0000] {processor.py:183} INFO - Processing /home/khaled/dbt-env/lib/python3.12/site-packages/airflow/example_dags/example_branch_python_dop_operator_3.py took 0.193 seconds
[2025-10-22T12:31:04.876+0000] {processor.py:161} INFO - Started process (PID=12576) to work on /home/khaled/dbt-env/lib/python3.12/site-packages/airflow/example_dags/example_branch_python_dop_operator_3.py
[2025-10-22T12:31:04.887+0000] {processor.py:830} INFO - Processing file /home/khaled/dbt-env/lib/python3.12/site-packages/airflow/example_dags/example_branch_python_dop_operator_3.py for tasks to queue
[2025-10-22T12:31:04.889+0000] {logging_mixin.py:188} INFO - [2025-10-22T12:31:04.888+0000] {dagbag.py:545} INFO - Filling up the DagBag from /home/khaled/dbt-env/lib/python3.12/site-packages/airflow/example_dags/example_branch_python_dop_operator_3.py
[2025-10-22T12:31:04.897+0000] {processor.py:840} INFO - DAG(s) 'example_branch_dop_operator_v3' retrieved from /home/khaled/dbt-env/lib/python3.12/site-packages/airflow/example_dags/example_branch_python_dop_operator_3.py
[2025-10-22T12:31:04.909+0000] {logging_mixin.py:188} INFO - [2025-10-22T12:31:04.909+0000] {dag.py:3089} INFO - Sync 1 DAGs
[2025-10-22T12:31:04.925+0000] {logging_mixin.py:188} INFO - [2025-10-22T12:31:04.925+0000] {dag.py:3947} INFO - Setting next_dagrun for example_branch_dop_operator_v3 to 2025-10-22 12:30:00+00:00, run_after=2025-10-22 12:31:00+00:00
[2025-10-22T12:31:04.945+0000] {processor.py:183} INFO - Processing /home/khaled/dbt-env/lib/python3.12/site-packages/airflow/example_dags/example_branch_python_dop_operator_3.py took 0.074 seconds
[2025-10-22T12:33:47.420+0000] {processor.py:161} INFO - Started process (PID=12856) to work on /home/khaled/dbt-env/lib/python3.12/site-packages/airflow/example_dags/example_branch_python_dop_operator_3.py
[2025-10-22T12:33:47.644+0000] {processor.py:830} INFO - Processing file /home/khaled/dbt-env/lib/python3.12/site-packages/airflow/example_dags/example_branch_python_dop_operator_3.py for tasks to queue
[2025-10-22T12:33:47.720+0000] {logging_mixin.py:188} INFO - [2025-10-22T12:33:47.700+0000] {dagbag.py:545} INFO - Filling up the DagBag from /home/khaled/dbt-env/lib/python3.12/site-packages/airflow/example_dags/example_branch_python_dop_operator_3.py
[2025-10-22T12:33:48.271+0000] {processor.py:840} INFO - DAG(s) 'example_branch_dop_operator_v3' retrieved from /home/khaled/dbt-env/lib/python3.12/site-packages/airflow/example_dags/example_branch_python_dop_operator_3.py
[2025-10-22T12:33:49.605+0000] {logging_mixin.py:188} INFO - [2025-10-22T12:33:49.605+0000] {dag.py:3089} INFO - Sync 1 DAGs
[2025-10-22T12:33:52.997+0000] {logging_mixin.py:188} INFO - [2025-10-22T12:33:52.993+0000] {dag.py:3947} INFO - Setting next_dagrun for example_branch_dop_operator_v3 to 2025-10-22 12:32:00+00:00, run_after=2025-10-22 12:33:00+00:00
[2025-10-22T12:33:54.800+0000] {processor.py:183} INFO - Processing /home/khaled/dbt-env/lib/python3.12/site-packages/airflow/example_dags/example_branch_python_dop_operator_3.py took 7.686 seconds
[2025-10-22T12:37:22.134+0000] {processor.py:161} INFO - Started process (PID=13178) to work on /home/khaled/dbt-env/lib/python3.12/site-packages/airflow/example_dags/example_branch_python_dop_operator_3.py
[2025-10-22T12:37:22.137+0000] {processor.py:830} INFO - Processing file /home/khaled/dbt-env/lib/python3.12/site-packages/airflow/example_dags/example_branch_python_dop_operator_3.py for tasks to queue
[2025-10-22T12:37:22.139+0000] {logging_mixin.py:188} INFO - [2025-10-22T12:37:22.139+0000] {dagbag.py:545} INFO - Filling up the DagBag from /home/khaled/dbt-env/lib/python3.12/site-packages/airflow/example_dags/example_branch_python_dop_operator_3.py
[2025-10-22T12:37:22.147+0000] {processor.py:840} INFO - DAG(s) 'example_branch_dop_operator_v3' retrieved from /home/khaled/dbt-env/lib/python3.12/site-packages/airflow/example_dags/example_branch_python_dop_operator_3.py
[2025-10-22T12:37:22.165+0000] {logging_mixin.py:188} INFO - [2025-10-22T12:37:22.165+0000] {dag.py:3089} INFO - Sync 1 DAGs
[2025-10-22T12:37:22.185+0000] {logging_mixin.py:188} INFO - [2025-10-22T12:37:22.185+0000] {dag.py:3947} INFO - Setting next_dagrun for example_branch_dop_operator_v3 to 2025-10-22 12:36:00+00:00, run_after=2025-10-22 12:37:00+00:00
[2025-10-22T12:37:22.313+0000] {processor.py:183} INFO - Processing /home/khaled/dbt-env/lib/python3.12/site-packages/airflow/example_dags/example_branch_python_dop_operator_3.py took 0.187 seconds
[2025-10-22T12:38:42.753+0000] {processor.py:161} INFO - Started process (PID=13253) to work on /home/khaled/dbt-env/lib/python3.12/site-packages/airflow/example_dags/example_branch_python_dop_operator_3.py
[2025-10-22T12:38:42.755+0000] {processor.py:830} INFO - Processing file /home/khaled/dbt-env/lib/python3.12/site-packages/airflow/example_dags/example_branch_python_dop_operator_3.py for tasks to queue
[2025-10-22T12:38:42.756+0000] {logging_mixin.py:188} INFO - [2025-10-22T12:38:42.756+0000] {dagbag.py:545} INFO - Filling up the DagBag from /home/khaled/dbt-env/lib/python3.12/site-packages/airflow/example_dags/example_branch_python_dop_operator_3.py
[2025-10-22T12:38:42.762+0000] {processor.py:840} INFO - DAG(s) 'example_branch_dop_operator_v3' retrieved from /home/khaled/dbt-env/lib/python3.12/site-packages/airflow/example_dags/example_branch_python_dop_operator_3.py
[2025-10-22T12:38:42.773+0000] {logging_mixin.py:188} INFO - [2025-10-22T12:38:42.773+0000] {dag.py:3089} INFO - Sync 1 DAGs
[2025-10-22T12:38:42.787+0000] {logging_mixin.py:188} INFO - [2025-10-22T12:38:42.787+0000] {dag.py:3947} INFO - Setting next_dagrun for example_branch_dop_operator_v3 to 2025-10-22 12:37:00+00:00, run_after=2025-10-22 12:38:00+00:00
[2025-10-22T12:38:42.815+0000] {processor.py:183} INFO - Processing /home/khaled/dbt-env/lib/python3.12/site-packages/airflow/example_dags/example_branch_python_dop_operator_3.py took 0.069 seconds
[2025-10-22T12:39:59.589+0000] {processor.py:161} INFO - Started process (PID=13316) to work on /home/khaled/dbt-env/lib/python3.12/site-packages/airflow/example_dags/example_branch_python_dop_operator_3.py
[2025-10-22T12:39:59.591+0000] {processor.py:830} INFO - Processing file /home/khaled/dbt-env/lib/python3.12/site-packages/airflow/example_dags/example_branch_python_dop_operator_3.py for tasks to queue
[2025-10-22T12:39:59.692+0000] {logging_mixin.py:188} INFO - [2025-10-22T12:39:59.692+0000] {dagbag.py:545} INFO - Filling up the DagBag from /home/khaled/dbt-env/lib/python3.12/site-packages/airflow/example_dags/example_branch_python_dop_operator_3.py
[2025-10-22T12:39:59.697+0000] {processor.py:840} INFO - DAG(s) 'example_branch_dop_operator_v3' retrieved from /home/khaled/dbt-env/lib/python3.12/site-packages/airflow/example_dags/example_branch_python_dop_operator_3.py
[2025-10-22T12:39:59.708+0000] {logging_mixin.py:188} INFO - [2025-10-22T12:39:59.707+0000] {dag.py:3089} INFO - Sync 1 DAGs
[2025-10-22T12:39:59.723+0000] {logging_mixin.py:188} INFO - [2025-10-22T12:39:59.723+0000] {dag.py:3947} INFO - Setting next_dagrun for example_branch_dop_operator_v3 to 2025-10-22 12:38:00+00:00, run_after=2025-10-22 12:39:00+00:00
[2025-10-22T12:39:59.765+0000] {processor.py:183} INFO - Processing /home/khaled/dbt-env/lib/python3.12/site-packages/airflow/example_dags/example_branch_python_dop_operator_3.py took 0.183 seconds
