[2025-10-22T12:12:16.075+0000] {processor.py:161} INFO - Started process (PID=8231) to work on /home/khaled/dbt-env/lib/python3.12/site-packages/airflow/example_dags/example_latest_only_with_trigger.py
[2025-10-22T12:12:16.076+0000] {processor.py:830} INFO - Processing file /home/khaled/dbt-env/lib/python3.12/site-packages/airflow/example_dags/example_latest_only_with_trigger.py for tasks to queue
[2025-10-22T12:12:16.077+0000] {logging_mixin.py:188} INFO - [2025-10-22T12:12:16.077+0000] {dagbag.py:545} INFO - Filling up the DagBag from /home/khaled/dbt-env/lib/python3.12/site-packages/airflow/example_dags/example_latest_only_with_trigger.py
[2025-10-22T12:12:16.082+0000] {processor.py:840} INFO - DAG(s) 'latest_only_with_trigger' retrieved from /home/khaled/dbt-env/lib/python3.12/site-packages/airflow/example_dags/example_latest_only_with_trigger.py
[2025-10-22T12:12:16.163+0000] {logging_mixin.py:188} INFO - [2025-10-22T12:12:16.163+0000] {dag.py:3089} INFO - Sync 1 DAGs
[2025-10-22T12:12:16.177+0000] {logging_mixin.py:188} INFO - [2025-10-22T12:12:16.177+0000] {dag.py:3947} INFO - Setting next_dagrun for latest_only_with_trigger to 2025-10-22 08:00:00+00:00, run_after=2025-10-22 12:00:00+00:00
[2025-10-22T12:12:16.222+0000] {processor.py:183} INFO - Processing /home/khaled/dbt-env/lib/python3.12/site-packages/airflow/example_dags/example_latest_only_with_trigger.py took 0.150 seconds
[2025-10-22T12:13:31.956+0000] {processor.py:161} INFO - Started process (PID=9085) to work on /home/khaled/dbt-env/lib/python3.12/site-packages/airflow/example_dags/example_latest_only_with_trigger.py
[2025-10-22T12:13:31.967+0000] {processor.py:830} INFO - Processing file /home/khaled/dbt-env/lib/python3.12/site-packages/airflow/example_dags/example_latest_only_with_trigger.py for tasks to queue
[2025-10-22T12:13:31.969+0000] {logging_mixin.py:188} INFO - [2025-10-22T12:13:31.969+0000] {dagbag.py:545} INFO - Filling up the DagBag from /home/khaled/dbt-env/lib/python3.12/site-packages/airflow/example_dags/example_latest_only_with_trigger.py
[2025-10-22T12:13:31.974+0000] {processor.py:840} INFO - DAG(s) 'latest_only_with_trigger' retrieved from /home/khaled/dbt-env/lib/python3.12/site-packages/airflow/example_dags/example_latest_only_with_trigger.py
[2025-10-22T12:13:31.996+0000] {logging_mixin.py:188} INFO - [2025-10-22T12:13:31.994+0000] {dag.py:3089} INFO - Sync 1 DAGs
[2025-10-22T12:13:32.017+0000] {logging_mixin.py:188} INFO - [2025-10-22T12:13:32.016+0000] {dag.py:3947} INFO - Setting next_dagrun for latest_only_with_trigger to 2025-10-22 08:00:00+00:00, run_after=2025-10-22 12:00:00+00:00
[2025-10-22T12:13:32.084+0000] {processor.py:183} INFO - Processing /home/khaled/dbt-env/lib/python3.12/site-packages/airflow/example_dags/example_latest_only_with_trigger.py took 0.137 seconds
[2025-10-22T12:14:28.107+0000] {processor.py:161} INFO - Started process (PID=9325) to work on /home/khaled/dbt-env/lib/python3.12/site-packages/airflow/example_dags/example_latest_only_with_trigger.py
[2025-10-22T12:14:28.110+0000] {processor.py:830} INFO - Processing file /home/khaled/dbt-env/lib/python3.12/site-packages/airflow/example_dags/example_latest_only_with_trigger.py for tasks to queue
[2025-10-22T12:14:28.112+0000] {logging_mixin.py:188} INFO - [2025-10-22T12:14:28.112+0000] {dagbag.py:545} INFO - Filling up the DagBag from /home/khaled/dbt-env/lib/python3.12/site-packages/airflow/example_dags/example_latest_only_with_trigger.py
[2025-10-22T12:14:28.121+0000] {processor.py:840} INFO - DAG(s) 'latest_only_with_trigger' retrieved from /home/khaled/dbt-env/lib/python3.12/site-packages/airflow/example_dags/example_latest_only_with_trigger.py
[2025-10-22T12:14:28.133+0000] {logging_mixin.py:188} INFO - [2025-10-22T12:14:28.132+0000] {dag.py:3089} INFO - Sync 1 DAGs
[2025-10-22T12:14:28.145+0000] {logging_mixin.py:188} INFO - [2025-10-22T12:14:28.144+0000] {dag.py:3947} INFO - Setting next_dagrun for latest_only_with_trigger to 2025-10-22 08:00:00+00:00, run_after=2025-10-22 12:00:00+00:00
[2025-10-22T12:14:28.179+0000] {processor.py:183} INFO - Processing /home/khaled/dbt-env/lib/python3.12/site-packages/airflow/example_dags/example_latest_only_with_trigger.py took 0.076 seconds
[2025-10-22T12:15:36.589+0000] {processor.py:161} INFO - Started process (PID=9588) to work on /home/khaled/dbt-env/lib/python3.12/site-packages/airflow/example_dags/example_latest_only_with_trigger.py
[2025-10-22T12:15:36.591+0000] {processor.py:830} INFO - Processing file /home/khaled/dbt-env/lib/python3.12/site-packages/airflow/example_dags/example_latest_only_with_trigger.py for tasks to queue
[2025-10-22T12:15:36.593+0000] {logging_mixin.py:188} INFO - [2025-10-22T12:15:36.593+0000] {dagbag.py:545} INFO - Filling up the DagBag from /home/khaled/dbt-env/lib/python3.12/site-packages/airflow/example_dags/example_latest_only_with_trigger.py
[2025-10-22T12:15:36.597+0000] {processor.py:840} INFO - DAG(s) 'latest_only_with_trigger' retrieved from /home/khaled/dbt-env/lib/python3.12/site-packages/airflow/example_dags/example_latest_only_with_trigger.py
[2025-10-22T12:15:36.609+0000] {logging_mixin.py:188} INFO - [2025-10-22T12:15:36.609+0000] {dag.py:3089} INFO - Sync 1 DAGs
[2025-10-22T12:15:36.623+0000] {logging_mixin.py:188} INFO - [2025-10-22T12:15:36.623+0000] {dag.py:3947} INFO - Setting next_dagrun for latest_only_with_trigger to 2025-10-22 08:00:00+00:00, run_after=2025-10-22 12:00:00+00:00
[2025-10-22T12:15:36.642+0000] {processor.py:183} INFO - Processing /home/khaled/dbt-env/lib/python3.12/site-packages/airflow/example_dags/example_latest_only_with_trigger.py took 0.058 seconds
[2025-10-22T12:16:28.733+0000] {processor.py:161} INFO - Started process (PID=9672) to work on /home/khaled/dbt-env/lib/python3.12/site-packages/airflow/example_dags/example_latest_only_with_trigger.py
[2025-10-22T12:16:28.735+0000] {processor.py:830} INFO - Processing file /home/khaled/dbt-env/lib/python3.12/site-packages/airflow/example_dags/example_latest_only_with_trigger.py for tasks to queue
[2025-10-22T12:16:28.736+0000] {logging_mixin.py:188} INFO - [2025-10-22T12:16:28.736+0000] {dagbag.py:545} INFO - Filling up the DagBag from /home/khaled/dbt-env/lib/python3.12/site-packages/airflow/example_dags/example_latest_only_with_trigger.py
[2025-10-22T12:16:28.749+0000] {processor.py:840} INFO - DAG(s) 'latest_only_with_trigger' retrieved from /home/khaled/dbt-env/lib/python3.12/site-packages/airflow/example_dags/example_latest_only_with_trigger.py
[2025-10-22T12:16:28.765+0000] {logging_mixin.py:188} INFO - [2025-10-22T12:16:28.765+0000] {dag.py:3089} INFO - Sync 1 DAGs
[2025-10-22T12:16:28.802+0000] {logging_mixin.py:188} INFO - [2025-10-22T12:16:28.802+0000] {dag.py:3947} INFO - Setting next_dagrun for latest_only_with_trigger to 2025-10-22 08:00:00+00:00, run_after=2025-10-22 12:00:00+00:00
[2025-10-22T12:16:28.868+0000] {processor.py:183} INFO - Processing /home/khaled/dbt-env/lib/python3.12/site-packages/airflow/example_dags/example_latest_only_with_trigger.py took 0.145 seconds
[2025-10-22T12:17:19.758+0000] {processor.py:161} INFO - Started process (PID=9829) to work on /home/khaled/dbt-env/lib/python3.12/site-packages/airflow/example_dags/example_latest_only_with_trigger.py
[2025-10-22T12:17:19.759+0000] {processor.py:830} INFO - Processing file /home/khaled/dbt-env/lib/python3.12/site-packages/airflow/example_dags/example_latest_only_with_trigger.py for tasks to queue
[2025-10-22T12:17:19.761+0000] {logging_mixin.py:188} INFO - [2025-10-22T12:17:19.761+0000] {dagbag.py:545} INFO - Filling up the DagBag from /home/khaled/dbt-env/lib/python3.12/site-packages/airflow/example_dags/example_latest_only_with_trigger.py
[2025-10-22T12:17:19.767+0000] {processor.py:840} INFO - DAG(s) 'latest_only_with_trigger' retrieved from /home/khaled/dbt-env/lib/python3.12/site-packages/airflow/example_dags/example_latest_only_with_trigger.py
[2025-10-22T12:17:19.782+0000] {logging_mixin.py:188} INFO - [2025-10-22T12:17:19.782+0000] {dag.py:3089} INFO - Sync 1 DAGs
[2025-10-22T12:17:19.798+0000] {logging_mixin.py:188} INFO - [2025-10-22T12:17:19.797+0000] {dag.py:3947} INFO - Setting next_dagrun for latest_only_with_trigger to 2025-10-22 08:00:00+00:00, run_after=2025-10-22 12:00:00+00:00
[2025-10-22T12:17:19.830+0000] {processor.py:183} INFO - Processing /home/khaled/dbt-env/lib/python3.12/site-packages/airflow/example_dags/example_latest_only_with_trigger.py took 0.078 seconds
[2025-10-22T12:18:27.350+0000] {processor.py:161} INFO - Started process (PID=10258) to work on /home/khaled/dbt-env/lib/python3.12/site-packages/airflow/example_dags/example_latest_only_with_trigger.py
[2025-10-22T12:18:27.353+0000] {processor.py:830} INFO - Processing file /home/khaled/dbt-env/lib/python3.12/site-packages/airflow/example_dags/example_latest_only_with_trigger.py for tasks to queue
[2025-10-22T12:18:27.355+0000] {logging_mixin.py:188} INFO - [2025-10-22T12:18:27.355+0000] {dagbag.py:545} INFO - Filling up the DagBag from /home/khaled/dbt-env/lib/python3.12/site-packages/airflow/example_dags/example_latest_only_with_trigger.py
[2025-10-22T12:18:27.359+0000] {processor.py:840} INFO - DAG(s) 'latest_only_with_trigger' retrieved from /home/khaled/dbt-env/lib/python3.12/site-packages/airflow/example_dags/example_latest_only_with_trigger.py
[2025-10-22T12:18:27.372+0000] {logging_mixin.py:188} INFO - [2025-10-22T12:18:27.372+0000] {dag.py:3089} INFO - Sync 1 DAGs
[2025-10-22T12:18:27.385+0000] {logging_mixin.py:188} INFO - [2025-10-22T12:18:27.385+0000] {dag.py:3947} INFO - Setting next_dagrun for latest_only_with_trigger to 2025-10-22 08:00:00+00:00, run_after=2025-10-22 12:00:00+00:00
[2025-10-22T12:18:27.404+0000] {processor.py:183} INFO - Processing /home/khaled/dbt-env/lib/python3.12/site-packages/airflow/example_dags/example_latest_only_with_trigger.py took 0.059 seconds
[2025-10-22T12:22:43.146+0000] {processor.py:161} INFO - Started process (PID=10678) to work on /home/khaled/dbt-env/lib/python3.12/site-packages/airflow/example_dags/example_latest_only_with_trigger.py
[2025-10-22T12:22:43.158+0000] {processor.py:830} INFO - Processing file /home/khaled/dbt-env/lib/python3.12/site-packages/airflow/example_dags/example_latest_only_with_trigger.py for tasks to queue
[2025-10-22T12:22:43.159+0000] {logging_mixin.py:188} INFO - [2025-10-22T12:22:43.159+0000] {dagbag.py:545} INFO - Filling up the DagBag from /home/khaled/dbt-env/lib/python3.12/site-packages/airflow/example_dags/example_latest_only_with_trigger.py
[2025-10-22T12:22:43.163+0000] {processor.py:840} INFO - DAG(s) 'latest_only_with_trigger' retrieved from /home/khaled/dbt-env/lib/python3.12/site-packages/airflow/example_dags/example_latest_only_with_trigger.py
[2025-10-22T12:22:43.176+0000] {logging_mixin.py:188} INFO - [2025-10-22T12:22:43.176+0000] {dag.py:3089} INFO - Sync 1 DAGs
[2025-10-22T12:22:43.187+0000] {logging_mixin.py:188} INFO - [2025-10-22T12:22:43.187+0000] {dag.py:3947} INFO - Setting next_dagrun for latest_only_with_trigger to 2025-10-22 08:00:00+00:00, run_after=2025-10-22 12:00:00+00:00
[2025-10-22T12:22:43.206+0000] {processor.py:183} INFO - Processing /home/khaled/dbt-env/lib/python3.12/site-packages/airflow/example_dags/example_latest_only_with_trigger.py took 0.063 seconds
[2025-10-22T12:23:42.057+0000] {processor.py:161} INFO - Started process (PID=11200) to work on /home/khaled/dbt-env/lib/python3.12/site-packages/airflow/example_dags/example_latest_only_with_trigger.py
[2025-10-22T12:23:42.070+0000] {processor.py:830} INFO - Processing file /home/khaled/dbt-env/lib/python3.12/site-packages/airflow/example_dags/example_latest_only_with_trigger.py for tasks to queue
[2025-10-22T12:23:42.073+0000] {logging_mixin.py:188} INFO - [2025-10-22T12:23:42.073+0000] {dagbag.py:545} INFO - Filling up the DagBag from /home/khaled/dbt-env/lib/python3.12/site-packages/airflow/example_dags/example_latest_only_with_trigger.py
[2025-10-22T12:23:42.079+0000] {processor.py:840} INFO - DAG(s) 'latest_only_with_trigger' retrieved from /home/khaled/dbt-env/lib/python3.12/site-packages/airflow/example_dags/example_latest_only_with_trigger.py
[2025-10-22T12:23:42.113+0000] {logging_mixin.py:188} INFO - [2025-10-22T12:23:42.113+0000] {dag.py:3089} INFO - Sync 1 DAGs
[2025-10-22T12:23:42.130+0000] {logging_mixin.py:188} INFO - [2025-10-22T12:23:42.130+0000] {dag.py:3947} INFO - Setting next_dagrun for latest_only_with_trigger to 2025-10-22 08:00:00+00:00, run_after=2025-10-22 12:00:00+00:00
[2025-10-22T12:23:42.153+0000] {processor.py:183} INFO - Processing /home/khaled/dbt-env/lib/python3.12/site-packages/airflow/example_dags/example_latest_only_with_trigger.py took 0.101 seconds
[2025-10-22T12:24:36.280+0000] {processor.py:161} INFO - Started process (PID=11342) to work on /home/khaled/dbt-env/lib/python3.12/site-packages/airflow/example_dags/example_latest_only_with_trigger.py
[2025-10-22T12:24:36.282+0000] {processor.py:830} INFO - Processing file /home/khaled/dbt-env/lib/python3.12/site-packages/airflow/example_dags/example_latest_only_with_trigger.py for tasks to queue
[2025-10-22T12:24:36.283+0000] {logging_mixin.py:188} INFO - [2025-10-22T12:24:36.283+0000] {dagbag.py:545} INFO - Filling up the DagBag from /home/khaled/dbt-env/lib/python3.12/site-packages/airflow/example_dags/example_latest_only_with_trigger.py
[2025-10-22T12:24:36.288+0000] {processor.py:840} INFO - DAG(s) 'latest_only_with_trigger' retrieved from /home/khaled/dbt-env/lib/python3.12/site-packages/airflow/example_dags/example_latest_only_with_trigger.py
[2025-10-22T12:24:36.303+0000] {logging_mixin.py:188} INFO - [2025-10-22T12:24:36.303+0000] {dag.py:3089} INFO - Sync 1 DAGs
[2025-10-22T12:24:36.317+0000] {logging_mixin.py:188} INFO - [2025-10-22T12:24:36.316+0000] {dag.py:3947} INFO - Setting next_dagrun for latest_only_with_trigger to 2025-10-22 08:00:00+00:00, run_after=2025-10-22 12:00:00+00:00
[2025-10-22T12:24:36.348+0000] {processor.py:183} INFO - Processing /home/khaled/dbt-env/lib/python3.12/site-packages/airflow/example_dags/example_latest_only_with_trigger.py took 0.072 seconds
[2025-10-22T12:25:32.564+0000] {processor.py:161} INFO - Started process (PID=11424) to work on /home/khaled/dbt-env/lib/python3.12/site-packages/airflow/example_dags/example_latest_only_with_trigger.py
[2025-10-22T12:25:32.573+0000] {processor.py:830} INFO - Processing file /home/khaled/dbt-env/lib/python3.12/site-packages/airflow/example_dags/example_latest_only_with_trigger.py for tasks to queue
[2025-10-22T12:25:32.575+0000] {logging_mixin.py:188} INFO - [2025-10-22T12:25:32.575+0000] {dagbag.py:545} INFO - Filling up the DagBag from /home/khaled/dbt-env/lib/python3.12/site-packages/airflow/example_dags/example_latest_only_with_trigger.py
[2025-10-22T12:25:32.579+0000] {processor.py:840} INFO - DAG(s) 'latest_only_with_trigger' retrieved from /home/khaled/dbt-env/lib/python3.12/site-packages/airflow/example_dags/example_latest_only_with_trigger.py
[2025-10-22T12:25:32.591+0000] {logging_mixin.py:188} INFO - [2025-10-22T12:25:32.591+0000] {dag.py:3089} INFO - Sync 1 DAGs
[2025-10-22T12:25:32.609+0000] {logging_mixin.py:188} INFO - [2025-10-22T12:25:32.609+0000] {dag.py:3947} INFO - Setting next_dagrun for latest_only_with_trigger to 2025-10-22 08:00:00+00:00, run_after=2025-10-22 12:00:00+00:00
[2025-10-22T12:25:32.628+0000] {processor.py:183} INFO - Processing /home/khaled/dbt-env/lib/python3.12/site-packages/airflow/example_dags/example_latest_only_with_trigger.py took 0.069 seconds
[2025-10-22T12:26:31.320+0000] {processor.py:161} INFO - Started process (PID=11580) to work on /home/khaled/dbt-env/lib/python3.12/site-packages/airflow/example_dags/example_latest_only_with_trigger.py
[2025-10-22T12:26:31.331+0000] {processor.py:830} INFO - Processing file /home/khaled/dbt-env/lib/python3.12/site-packages/airflow/example_dags/example_latest_only_with_trigger.py for tasks to queue
[2025-10-22T12:26:31.332+0000] {logging_mixin.py:188} INFO - [2025-10-22T12:26:31.332+0000] {dagbag.py:545} INFO - Filling up the DagBag from /home/khaled/dbt-env/lib/python3.12/site-packages/airflow/example_dags/example_latest_only_with_trigger.py
[2025-10-22T12:26:31.335+0000] {processor.py:840} INFO - DAG(s) 'latest_only_with_trigger' retrieved from /home/khaled/dbt-env/lib/python3.12/site-packages/airflow/example_dags/example_latest_only_with_trigger.py
[2025-10-22T12:26:31.347+0000] {logging_mixin.py:188} INFO - [2025-10-22T12:26:31.347+0000] {dag.py:3089} INFO - Sync 1 DAGs
[2025-10-22T12:26:31.366+0000] {logging_mixin.py:188} INFO - [2025-10-22T12:26:31.365+0000] {dag.py:3947} INFO - Setting next_dagrun for latest_only_with_trigger to 2025-10-22 08:00:00+00:00, run_after=2025-10-22 12:00:00+00:00
[2025-10-22T12:26:31.389+0000] {processor.py:183} INFO - Processing /home/khaled/dbt-env/lib/python3.12/site-packages/airflow/example_dags/example_latest_only_with_trigger.py took 0.074 seconds
[2025-10-22T12:27:44.886+0000] {processor.py:161} INFO - Started process (PID=12051) to work on /home/khaled/dbt-env/lib/python3.12/site-packages/airflow/example_dags/example_latest_only_with_trigger.py
[2025-10-22T12:27:44.888+0000] {processor.py:830} INFO - Processing file /home/khaled/dbt-env/lib/python3.12/site-packages/airflow/example_dags/example_latest_only_with_trigger.py for tasks to queue
[2025-10-22T12:27:44.890+0000] {logging_mixin.py:188} INFO - [2025-10-22T12:27:44.889+0000] {dagbag.py:545} INFO - Filling up the DagBag from /home/khaled/dbt-env/lib/python3.12/site-packages/airflow/example_dags/example_latest_only_with_trigger.py
[2025-10-22T12:27:44.895+0000] {processor.py:840} INFO - DAG(s) 'latest_only_with_trigger' retrieved from /home/khaled/dbt-env/lib/python3.12/site-packages/airflow/example_dags/example_latest_only_with_trigger.py
[2025-10-22T12:27:44.908+0000] {logging_mixin.py:188} INFO - [2025-10-22T12:27:44.908+0000] {dag.py:3089} INFO - Sync 1 DAGs
[2025-10-22T12:27:44.922+0000] {logging_mixin.py:188} INFO - [2025-10-22T12:27:44.922+0000] {dag.py:3947} INFO - Setting next_dagrun for latest_only_with_trigger to 2025-10-22 08:00:00+00:00, run_after=2025-10-22 12:00:00+00:00
[2025-10-22T12:27:44.940+0000] {processor.py:183} INFO - Processing /home/khaled/dbt-env/lib/python3.12/site-packages/airflow/example_dags/example_latest_only_with_trigger.py took 0.060 seconds
[2025-10-22T12:28:42.438+0000] {processor.py:161} INFO - Started process (PID=12265) to work on /home/khaled/dbt-env/lib/python3.12/site-packages/airflow/example_dags/example_latest_only_with_trigger.py
[2025-10-22T12:28:42.440+0000] {processor.py:830} INFO - Processing file /home/khaled/dbt-env/lib/python3.12/site-packages/airflow/example_dags/example_latest_only_with_trigger.py for tasks to queue
[2025-10-22T12:28:42.441+0000] {logging_mixin.py:188} INFO - [2025-10-22T12:28:42.441+0000] {dagbag.py:545} INFO - Filling up the DagBag from /home/khaled/dbt-env/lib/python3.12/site-packages/airflow/example_dags/example_latest_only_with_trigger.py
[2025-10-22T12:28:42.446+0000] {processor.py:840} INFO - DAG(s) 'latest_only_with_trigger' retrieved from /home/khaled/dbt-env/lib/python3.12/site-packages/airflow/example_dags/example_latest_only_with_trigger.py
[2025-10-22T12:28:42.467+0000] {logging_mixin.py:188} INFO - [2025-10-22T12:28:42.467+0000] {dag.py:3089} INFO - Sync 1 DAGs
[2025-10-22T12:28:42.499+0000] {logging_mixin.py:188} INFO - [2025-10-22T12:28:42.498+0000] {dag.py:3947} INFO - Setting next_dagrun for latest_only_with_trigger to 2025-10-22 08:00:00+00:00, run_after=2025-10-22 12:00:00+00:00
[2025-10-22T12:28:42.642+0000] {processor.py:183} INFO - Processing /home/khaled/dbt-env/lib/python3.12/site-packages/airflow/example_dags/example_latest_only_with_trigger.py took 0.214 seconds
[2025-10-22T12:29:39.835+0000] {processor.py:161} INFO - Started process (PID=12476) to work on /home/khaled/dbt-env/lib/python3.12/site-packages/airflow/example_dags/example_latest_only_with_trigger.py
[2025-10-22T12:29:39.847+0000] {processor.py:830} INFO - Processing file /home/khaled/dbt-env/lib/python3.12/site-packages/airflow/example_dags/example_latest_only_with_trigger.py for tasks to queue
[2025-10-22T12:29:39.849+0000] {logging_mixin.py:188} INFO - [2025-10-22T12:29:39.849+0000] {dagbag.py:545} INFO - Filling up the DagBag from /home/khaled/dbt-env/lib/python3.12/site-packages/airflow/example_dags/example_latest_only_with_trigger.py
[2025-10-22T12:29:39.855+0000] {processor.py:840} INFO - DAG(s) 'latest_only_with_trigger' retrieved from /home/khaled/dbt-env/lib/python3.12/site-packages/airflow/example_dags/example_latest_only_with_trigger.py
[2025-10-22T12:29:39.873+0000] {logging_mixin.py:188} INFO - [2025-10-22T12:29:39.872+0000] {dag.py:3089} INFO - Sync 1 DAGs
[2025-10-22T12:29:39.888+0000] {logging_mixin.py:188} INFO - [2025-10-22T12:29:39.888+0000] {dag.py:3947} INFO - Setting next_dagrun for latest_only_with_trigger to 2025-10-22 08:00:00+00:00, run_after=2025-10-22 12:00:00+00:00
[2025-10-22T12:29:39.907+0000] {processor.py:183} INFO - Processing /home/khaled/dbt-env/lib/python3.12/site-packages/airflow/example_dags/example_latest_only_with_trigger.py took 0.077 seconds
[2025-10-22T12:30:32.977+0000] {processor.py:161} INFO - Started process (PID=12543) to work on /home/khaled/dbt-env/lib/python3.12/site-packages/airflow/example_dags/example_latest_only_with_trigger.py
[2025-10-22T12:30:32.979+0000] {processor.py:830} INFO - Processing file /home/khaled/dbt-env/lib/python3.12/site-packages/airflow/example_dags/example_latest_only_with_trigger.py for tasks to queue
[2025-10-22T12:30:32.982+0000] {logging_mixin.py:188} INFO - [2025-10-22T12:30:32.982+0000] {dagbag.py:545} INFO - Filling up the DagBag from /home/khaled/dbt-env/lib/python3.12/site-packages/airflow/example_dags/example_latest_only_with_trigger.py
[2025-10-22T12:30:32.986+0000] {processor.py:840} INFO - DAG(s) 'latest_only_with_trigger' retrieved from /home/khaled/dbt-env/lib/python3.12/site-packages/airflow/example_dags/example_latest_only_with_trigger.py
[2025-10-22T12:30:32.998+0000] {logging_mixin.py:188} INFO - [2025-10-22T12:30:32.998+0000] {dag.py:3089} INFO - Sync 1 DAGs
[2025-10-22T12:30:33.015+0000] {logging_mixin.py:188} INFO - [2025-10-22T12:30:33.015+0000] {dag.py:3947} INFO - Setting next_dagrun for latest_only_with_trigger to 2025-10-22 08:00:00+00:00, run_after=2025-10-22 12:00:00+00:00
[2025-10-22T12:30:33.038+0000] {processor.py:183} INFO - Processing /home/khaled/dbt-env/lib/python3.12/site-packages/airflow/example_dags/example_latest_only_with_trigger.py took 0.067 seconds
[2025-10-22T12:31:23.370+0000] {processor.py:161} INFO - Started process (PID=12597) to work on /home/khaled/dbt-env/lib/python3.12/site-packages/airflow/example_dags/example_latest_only_with_trigger.py
[2025-10-22T12:31:23.372+0000] {processor.py:830} INFO - Processing file /home/khaled/dbt-env/lib/python3.12/site-packages/airflow/example_dags/example_latest_only_with_trigger.py for tasks to queue
[2025-10-22T12:31:23.373+0000] {logging_mixin.py:188} INFO - [2025-10-22T12:31:23.372+0000] {dagbag.py:545} INFO - Filling up the DagBag from /home/khaled/dbt-env/lib/python3.12/site-packages/airflow/example_dags/example_latest_only_with_trigger.py
[2025-10-22T12:31:23.378+0000] {processor.py:840} INFO - DAG(s) 'latest_only_with_trigger' retrieved from /home/khaled/dbt-env/lib/python3.12/site-packages/airflow/example_dags/example_latest_only_with_trigger.py
[2025-10-22T12:31:23.394+0000] {logging_mixin.py:188} INFO - [2025-10-22T12:31:23.394+0000] {dag.py:3089} INFO - Sync 1 DAGs
[2025-10-22T12:31:23.504+0000] {logging_mixin.py:188} INFO - [2025-10-22T12:31:23.504+0000] {dag.py:3947} INFO - Setting next_dagrun for latest_only_with_trigger to 2025-10-22 08:00:00+00:00, run_after=2025-10-22 12:00:00+00:00
[2025-10-22T12:31:23.539+0000] {processor.py:183} INFO - Processing /home/khaled/dbt-env/lib/python3.12/site-packages/airflow/example_dags/example_latest_only_with_trigger.py took 0.176 seconds
[2025-10-22T12:33:13.281+0000] {processor.py:161} INFO - Started process (PID=12843) to work on /home/khaled/dbt-env/lib/python3.12/site-packages/airflow/example_dags/example_latest_only_with_trigger.py
[2025-10-22T12:33:13.344+0000] {processor.py:830} INFO - Processing file /home/khaled/dbt-env/lib/python3.12/site-packages/airflow/example_dags/example_latest_only_with_trigger.py for tasks to queue
[2025-10-22T12:33:13.365+0000] {logging_mixin.py:188} INFO - [2025-10-22T12:33:13.363+0000] {dagbag.py:545} INFO - Filling up the DagBag from /home/khaled/dbt-env/lib/python3.12/site-packages/airflow/example_dags/example_latest_only_with_trigger.py
[2025-10-22T12:33:13.419+0000] {processor.py:840} INFO - DAG(s) 'latest_only_with_trigger' retrieved from /home/khaled/dbt-env/lib/python3.12/site-packages/airflow/example_dags/example_latest_only_with_trigger.py
[2025-10-22T12:33:13.686+0000] {logging_mixin.py:188} INFO - [2025-10-22T12:33:13.685+0000] {dag.py:3089} INFO - Sync 1 DAGs
[2025-10-22T12:33:14.183+0000] {logging_mixin.py:188} INFO - [2025-10-22T12:33:14.174+0000] {dag.py:3947} INFO - Setting next_dagrun for latest_only_with_trigger to 2025-10-22 08:00:00+00:00, run_after=2025-10-22 12:00:00+00:00
[2025-10-22T12:33:14.832+0000] {processor.py:183} INFO - Processing /home/khaled/dbt-env/lib/python3.12/site-packages/airflow/example_dags/example_latest_only_with_trigger.py took 2.896 seconds
[2025-10-22T12:37:09.081+0000] {processor.py:161} INFO - Started process (PID=13166) to work on /home/khaled/dbt-env/lib/python3.12/site-packages/airflow/example_dags/example_latest_only_with_trigger.py
[2025-10-22T12:37:09.101+0000] {processor.py:830} INFO - Processing file /home/khaled/dbt-env/lib/python3.12/site-packages/airflow/example_dags/example_latest_only_with_trigger.py for tasks to queue
[2025-10-22T12:37:09.133+0000] {logging_mixin.py:188} INFO - [2025-10-22T12:37:09.119+0000] {dagbag.py:545} INFO - Filling up the DagBag from /home/khaled/dbt-env/lib/python3.12/site-packages/airflow/example_dags/example_latest_only_with_trigger.py
[2025-10-22T12:37:09.162+0000] {processor.py:840} INFO - DAG(s) 'latest_only_with_trigger' retrieved from /home/khaled/dbt-env/lib/python3.12/site-packages/airflow/example_dags/example_latest_only_with_trigger.py
[2025-10-22T12:37:09.256+0000] {logging_mixin.py:188} INFO - [2025-10-22T12:37:09.255+0000] {dag.py:3089} INFO - Sync 1 DAGs
[2025-10-22T12:37:09.313+0000] {logging_mixin.py:188} INFO - [2025-10-22T12:37:09.312+0000] {dag.py:3947} INFO - Setting next_dagrun for latest_only_with_trigger to 2025-10-22 08:00:00+00:00, run_after=2025-10-22 12:00:00+00:00
[2025-10-22T12:37:09.433+0000] {processor.py:183} INFO - Processing /home/khaled/dbt-env/lib/python3.12/site-packages/airflow/example_dags/example_latest_only_with_trigger.py took 0.363 seconds
[2025-10-22T12:38:30.642+0000] {processor.py:161} INFO - Started process (PID=13243) to work on /home/khaled/dbt-env/lib/python3.12/site-packages/airflow/example_dags/example_latest_only_with_trigger.py
[2025-10-22T12:38:30.651+0000] {processor.py:830} INFO - Processing file /home/khaled/dbt-env/lib/python3.12/site-packages/airflow/example_dags/example_latest_only_with_trigger.py for tasks to queue
[2025-10-22T12:38:30.653+0000] {logging_mixin.py:188} INFO - [2025-10-22T12:38:30.652+0000] {dagbag.py:545} INFO - Filling up the DagBag from /home/khaled/dbt-env/lib/python3.12/site-packages/airflow/example_dags/example_latest_only_with_trigger.py
[2025-10-22T12:38:30.657+0000] {processor.py:840} INFO - DAG(s) 'latest_only_with_trigger' retrieved from /home/khaled/dbt-env/lib/python3.12/site-packages/airflow/example_dags/example_latest_only_with_trigger.py
[2025-10-22T12:38:30.674+0000] {logging_mixin.py:188} INFO - [2025-10-22T12:38:30.673+0000] {dag.py:3089} INFO - Sync 1 DAGs
[2025-10-22T12:38:30.696+0000] {logging_mixin.py:188} INFO - [2025-10-22T12:38:30.696+0000] {dag.py:3947} INFO - Setting next_dagrun for latest_only_with_trigger to 2025-10-22 08:00:00+00:00, run_after=2025-10-22 12:00:00+00:00
[2025-10-22T12:38:30.720+0000] {processor.py:183} INFO - Processing /home/khaled/dbt-env/lib/python3.12/site-packages/airflow/example_dags/example_latest_only_with_trigger.py took 0.085 seconds
[2025-10-22T12:39:45.764+0000] {processor.py:161} INFO - Started process (PID=13306) to work on /home/khaled/dbt-env/lib/python3.12/site-packages/airflow/example_dags/example_latest_only_with_trigger.py
[2025-10-22T12:39:45.776+0000] {processor.py:830} INFO - Processing file /home/khaled/dbt-env/lib/python3.12/site-packages/airflow/example_dags/example_latest_only_with_trigger.py for tasks to queue
[2025-10-22T12:39:45.778+0000] {logging_mixin.py:188} INFO - [2025-10-22T12:39:45.777+0000] {dagbag.py:545} INFO - Filling up the DagBag from /home/khaled/dbt-env/lib/python3.12/site-packages/airflow/example_dags/example_latest_only_with_trigger.py
[2025-10-22T12:39:45.782+0000] {processor.py:840} INFO - DAG(s) 'latest_only_with_trigger' retrieved from /home/khaled/dbt-env/lib/python3.12/site-packages/airflow/example_dags/example_latest_only_with_trigger.py
[2025-10-22T12:39:45.887+0000] {logging_mixin.py:188} INFO - [2025-10-22T12:39:45.886+0000] {dag.py:3089} INFO - Sync 1 DAGs
[2025-10-22T12:39:45.898+0000] {logging_mixin.py:188} INFO - [2025-10-22T12:39:45.897+0000] {dag.py:3947} INFO - Setting next_dagrun for latest_only_with_trigger to 2025-10-22 08:00:00+00:00, run_after=2025-10-22 12:00:00+00:00
[2025-10-22T12:39:45.928+0000] {processor.py:183} INFO - Processing /home/khaled/dbt-env/lib/python3.12/site-packages/airflow/example_dags/example_latest_only_with_trigger.py took 0.172 seconds
