[2025-10-22T12:12:41.503+0000] {processor.py:161} INFO - Started process (PID=8561) to work on /home/khaled/dbt-env/lib/python3.12/site-packages/airflow/example_dags/example_branch_datetime_operator.py
[2025-10-22T12:12:41.506+0000] {processor.py:830} INFO - Processing file /home/khaled/dbt-env/lib/python3.12/site-packages/airflow/example_dags/example_branch_datetime_operator.py for tasks to queue
[2025-10-22T12:12:41.512+0000] {logging_mixin.py:188} INFO - [2025-10-22T12:12:41.507+0000] {dagbag.py:545} INFO - Filling up the DagBag from /home/khaled/dbt-env/lib/python3.12/site-packages/airflow/example_dags/example_branch_datetime_operator.py
[2025-10-22T12:12:41.530+0000] {processor.py:840} INFO - DAG(s) 'example_branch_datetime_operator_2', 'example_branch_datetime_operator', 'example_branch_datetime_operator_3' retrieved from /home/khaled/dbt-env/lib/python3.12/site-packages/airflow/example_dags/example_branch_datetime_operator.py
[2025-10-22T12:12:41.665+0000] {logging_mixin.py:188} INFO - [2025-10-22T12:12:41.665+0000] {dag.py:3089} INFO - Sync 3 DAGs
[2025-10-22T12:12:41.685+0000] {logging_mixin.py:188} INFO - [2025-10-22T12:12:41.684+0000] {dag.py:3947} INFO - Setting next_dagrun for example_branch_datetime_operator to 2025-10-21 00:00:00+00:00, run_after=2025-10-22 00:00:00+00:00
[2025-10-22T12:12:41.687+0000] {logging_mixin.py:188} INFO - [2025-10-22T12:12:41.687+0000] {dag.py:3947} INFO - Setting next_dagrun for example_branch_datetime_operator_2 to 2025-10-21 00:00:00+00:00, run_after=2025-10-22 00:00:00+00:00
[2025-10-22T12:12:41.690+0000] {logging_mixin.py:188} INFO - [2025-10-22T12:12:41.690+0000] {dag.py:3947} INFO - Setting next_dagrun for example_branch_datetime_operator_3 to 2025-10-21 00:00:00+00:00, run_after=2025-10-22 00:00:00+00:00
[2025-10-22T12:12:41.760+0000] {processor.py:183} INFO - Processing /home/khaled/dbt-env/lib/python3.12/site-packages/airflow/example_dags/example_branch_datetime_operator.py took 0.267 seconds
[2025-10-22T12:14:00.465+0000] {processor.py:161} INFO - Started process (PID=9293) to work on /home/khaled/dbt-env/lib/python3.12/site-packages/airflow/example_dags/example_branch_datetime_operator.py
[2025-10-22T12:14:00.477+0000] {processor.py:830} INFO - Processing file /home/khaled/dbt-env/lib/python3.12/site-packages/airflow/example_dags/example_branch_datetime_operator.py for tasks to queue
[2025-10-22T12:14:00.479+0000] {logging_mixin.py:188} INFO - [2025-10-22T12:14:00.479+0000] {dagbag.py:545} INFO - Filling up the DagBag from /home/khaled/dbt-env/lib/python3.12/site-packages/airflow/example_dags/example_branch_datetime_operator.py
[2025-10-22T12:14:00.488+0000] {processor.py:840} INFO - DAG(s) 'example_branch_datetime_operator_3', 'example_branch_datetime_operator_2', 'example_branch_datetime_operator' retrieved from /home/khaled/dbt-env/lib/python3.12/site-packages/airflow/example_dags/example_branch_datetime_operator.py
[2025-10-22T12:14:00.501+0000] {logging_mixin.py:188} INFO - [2025-10-22T12:14:00.501+0000] {dag.py:3089} INFO - Sync 3 DAGs
[2025-10-22T12:14:00.513+0000] {logging_mixin.py:188} INFO - [2025-10-22T12:14:00.513+0000] {dag.py:3947} INFO - Setting next_dagrun for example_branch_datetime_operator to 2025-10-21 00:00:00+00:00, run_after=2025-10-22 00:00:00+00:00
[2025-10-22T12:14:00.515+0000] {logging_mixin.py:188} INFO - [2025-10-22T12:14:00.515+0000] {dag.py:3947} INFO - Setting next_dagrun for example_branch_datetime_operator_2 to 2025-10-21 00:00:00+00:00, run_after=2025-10-22 00:00:00+00:00
[2025-10-22T12:14:00.516+0000] {logging_mixin.py:188} INFO - [2025-10-22T12:14:00.516+0000] {dag.py:3947} INFO - Setting next_dagrun for example_branch_datetime_operator_3 to 2025-10-21 00:00:00+00:00, run_after=2025-10-22 00:00:00+00:00
[2025-10-22T12:14:00.537+0000] {processor.py:183} INFO - Processing /home/khaled/dbt-env/lib/python3.12/site-packages/airflow/example_dags/example_branch_datetime_operator.py took 0.078 seconds
[2025-10-22T12:15:17.509+0000] {processor.py:161} INFO - Started process (PID=9497) to work on /home/khaled/dbt-env/lib/python3.12/site-packages/airflow/example_dags/example_branch_datetime_operator.py
[2025-10-22T12:15:17.511+0000] {processor.py:830} INFO - Processing file /home/khaled/dbt-env/lib/python3.12/site-packages/airflow/example_dags/example_branch_datetime_operator.py for tasks to queue
[2025-10-22T12:15:17.512+0000] {logging_mixin.py:188} INFO - [2025-10-22T12:15:17.512+0000] {dagbag.py:545} INFO - Filling up the DagBag from /home/khaled/dbt-env/lib/python3.12/site-packages/airflow/example_dags/example_branch_datetime_operator.py
[2025-10-22T12:15:17.519+0000] {processor.py:840} INFO - DAG(s) 'example_branch_datetime_operator_2', 'example_branch_datetime_operator_3', 'example_branch_datetime_operator' retrieved from /home/khaled/dbt-env/lib/python3.12/site-packages/airflow/example_dags/example_branch_datetime_operator.py
[2025-10-22T12:15:17.533+0000] {logging_mixin.py:188} INFO - [2025-10-22T12:15:17.533+0000] {dag.py:3089} INFO - Sync 3 DAGs
[2025-10-22T12:15:17.554+0000] {logging_mixin.py:188} INFO - [2025-10-22T12:15:17.554+0000] {dag.py:3947} INFO - Setting next_dagrun for example_branch_datetime_operator to 2025-10-21 00:00:00+00:00, run_after=2025-10-22 00:00:00+00:00
[2025-10-22T12:15:17.557+0000] {logging_mixin.py:188} INFO - [2025-10-22T12:15:17.557+0000] {dag.py:3947} INFO - Setting next_dagrun for example_branch_datetime_operator_2 to 2025-10-21 00:00:00+00:00, run_after=2025-10-22 00:00:00+00:00
[2025-10-22T12:15:17.559+0000] {logging_mixin.py:188} INFO - [2025-10-22T12:15:17.559+0000] {dag.py:3947} INFO - Setting next_dagrun for example_branch_datetime_operator_3 to 2025-10-21 00:00:00+00:00, run_after=2025-10-22 00:00:00+00:00
[2025-10-22T12:15:17.575+0000] {processor.py:183} INFO - Processing /home/khaled/dbt-env/lib/python3.12/site-packages/airflow/example_dags/example_branch_datetime_operator.py took 0.074 seconds
[2025-10-22T12:16:35.361+0000] {processor.py:161} INFO - Started process (PID=9679) to work on /home/khaled/dbt-env/lib/python3.12/site-packages/airflow/example_dags/example_branch_datetime_operator.py
[2025-10-22T12:16:35.363+0000] {processor.py:830} INFO - Processing file /home/khaled/dbt-env/lib/python3.12/site-packages/airflow/example_dags/example_branch_datetime_operator.py for tasks to queue
[2025-10-22T12:16:35.366+0000] {logging_mixin.py:188} INFO - [2025-10-22T12:16:35.365+0000] {dagbag.py:545} INFO - Filling up the DagBag from /home/khaled/dbt-env/lib/python3.12/site-packages/airflow/example_dags/example_branch_datetime_operator.py
[2025-10-22T12:16:35.379+0000] {processor.py:840} INFO - DAG(s) 'example_branch_datetime_operator_3', 'example_branch_datetime_operator', 'example_branch_datetime_operator_2' retrieved from /home/khaled/dbt-env/lib/python3.12/site-packages/airflow/example_dags/example_branch_datetime_operator.py
[2025-10-22T12:16:35.402+0000] {logging_mixin.py:188} INFO - [2025-10-22T12:16:35.401+0000] {dag.py:3089} INFO - Sync 3 DAGs
[2025-10-22T12:16:35.430+0000] {logging_mixin.py:188} INFO - [2025-10-22T12:16:35.429+0000] {dag.py:3947} INFO - Setting next_dagrun for example_branch_datetime_operator to 2025-10-21 00:00:00+00:00, run_after=2025-10-22 00:00:00+00:00
[2025-10-22T12:16:35.434+0000] {logging_mixin.py:188} INFO - [2025-10-22T12:16:35.433+0000] {dag.py:3947} INFO - Setting next_dagrun for example_branch_datetime_operator_2 to 2025-10-21 00:00:00+00:00, run_after=2025-10-22 00:00:00+00:00
[2025-10-22T12:16:35.436+0000] {logging_mixin.py:188} INFO - [2025-10-22T12:16:35.436+0000] {dag.py:3947} INFO - Setting next_dagrun for example_branch_datetime_operator_3 to 2025-10-21 00:00:00+00:00, run_after=2025-10-22 00:00:00+00:00
[2025-10-22T12:16:35.479+0000] {processor.py:183} INFO - Processing /home/khaled/dbt-env/lib/python3.12/site-packages/airflow/example_dags/example_branch_datetime_operator.py took 0.126 seconds
[2025-10-22T12:17:58.896+0000] {processor.py:161} INFO - Started process (PID=10214) to work on /home/khaled/dbt-env/lib/python3.12/site-packages/airflow/example_dags/example_branch_datetime_operator.py
[2025-10-22T12:17:58.897+0000] {processor.py:830} INFO - Processing file /home/khaled/dbt-env/lib/python3.12/site-packages/airflow/example_dags/example_branch_datetime_operator.py for tasks to queue
[2025-10-22T12:17:58.899+0000] {logging_mixin.py:188} INFO - [2025-10-22T12:17:58.898+0000] {dagbag.py:545} INFO - Filling up the DagBag from /home/khaled/dbt-env/lib/python3.12/site-packages/airflow/example_dags/example_branch_datetime_operator.py
[2025-10-22T12:17:58.904+0000] {processor.py:840} INFO - DAG(s) 'example_branch_datetime_operator_3', 'example_branch_datetime_operator_2', 'example_branch_datetime_operator' retrieved from /home/khaled/dbt-env/lib/python3.12/site-packages/airflow/example_dags/example_branch_datetime_operator.py
[2025-10-22T12:17:58.922+0000] {logging_mixin.py:188} INFO - [2025-10-22T12:17:58.922+0000] {dag.py:3089} INFO - Sync 3 DAGs
[2025-10-22T12:17:58.938+0000] {logging_mixin.py:188} INFO - [2025-10-22T12:17:58.938+0000] {dag.py:3947} INFO - Setting next_dagrun for example_branch_datetime_operator to 2025-10-21 00:00:00+00:00, run_after=2025-10-22 00:00:00+00:00
[2025-10-22T12:17:58.942+0000] {logging_mixin.py:188} INFO - [2025-10-22T12:17:58.942+0000] {dag.py:3947} INFO - Setting next_dagrun for example_branch_datetime_operator_2 to 2025-10-21 00:00:00+00:00, run_after=2025-10-22 00:00:00+00:00
[2025-10-22T12:17:58.943+0000] {logging_mixin.py:188} INFO - [2025-10-22T12:17:58.943+0000] {dag.py:3947} INFO - Setting next_dagrun for example_branch_datetime_operator_3 to 2025-10-21 00:00:00+00:00, run_after=2025-10-22 00:00:00+00:00
[2025-10-22T12:17:58.963+0000] {processor.py:183} INFO - Processing /home/khaled/dbt-env/lib/python3.12/site-packages/airflow/example_dags/example_branch_datetime_operator.py took 0.071 seconds
[2025-10-22T12:22:59.029+0000] {processor.py:161} INFO - Started process (PID=10781) to work on /home/khaled/dbt-env/lib/python3.12/site-packages/airflow/example_dags/example_branch_datetime_operator.py
[2025-10-22T12:22:59.032+0000] {processor.py:830} INFO - Processing file /home/khaled/dbt-env/lib/python3.12/site-packages/airflow/example_dags/example_branch_datetime_operator.py for tasks to queue
[2025-10-22T12:22:59.033+0000] {logging_mixin.py:188} INFO - [2025-10-22T12:22:59.033+0000] {dagbag.py:545} INFO - Filling up the DagBag from /home/khaled/dbt-env/lib/python3.12/site-packages/airflow/example_dags/example_branch_datetime_operator.py
[2025-10-22T12:22:59.042+0000] {processor.py:840} INFO - DAG(s) 'example_branch_datetime_operator', 'example_branch_datetime_operator_3', 'example_branch_datetime_operator_2' retrieved from /home/khaled/dbt-env/lib/python3.12/site-packages/airflow/example_dags/example_branch_datetime_operator.py
[2025-10-22T12:22:59.058+0000] {logging_mixin.py:188} INFO - [2025-10-22T12:22:59.057+0000] {dag.py:3089} INFO - Sync 3 DAGs
[2025-10-22T12:22:59.071+0000] {logging_mixin.py:188} INFO - [2025-10-22T12:22:59.071+0000] {dag.py:3947} INFO - Setting next_dagrun for example_branch_datetime_operator to 2025-10-21 00:00:00+00:00, run_after=2025-10-22 00:00:00+00:00
[2025-10-22T12:22:59.075+0000] {logging_mixin.py:188} INFO - [2025-10-22T12:22:59.075+0000] {dag.py:3947} INFO - Setting next_dagrun for example_branch_datetime_operator_2 to 2025-10-21 00:00:00+00:00, run_after=2025-10-22 00:00:00+00:00
[2025-10-22T12:22:59.076+0000] {logging_mixin.py:188} INFO - [2025-10-22T12:22:59.076+0000] {dag.py:3947} INFO - Setting next_dagrun for example_branch_datetime_operator_3 to 2025-10-21 00:00:00+00:00, run_after=2025-10-22 00:00:00+00:00
[2025-10-22T12:22:59.096+0000] {processor.py:183} INFO - Processing /home/khaled/dbt-env/lib/python3.12/site-packages/airflow/example_dags/example_branch_datetime_operator.py took 0.073 seconds
[2025-10-22T12:23:56.416+0000] {processor.py:161} INFO - Started process (PID=11218) to work on /home/khaled/dbt-env/lib/python3.12/site-packages/airflow/example_dags/example_branch_datetime_operator.py
[2025-10-22T12:23:56.428+0000] {processor.py:830} INFO - Processing file /home/khaled/dbt-env/lib/python3.12/site-packages/airflow/example_dags/example_branch_datetime_operator.py for tasks to queue
[2025-10-22T12:23:56.429+0000] {logging_mixin.py:188} INFO - [2025-10-22T12:23:56.428+0000] {dagbag.py:545} INFO - Filling up the DagBag from /home/khaled/dbt-env/lib/python3.12/site-packages/airflow/example_dags/example_branch_datetime_operator.py
[2025-10-22T12:23:56.435+0000] {processor.py:840} INFO - DAG(s) 'example_branch_datetime_operator', 'example_branch_datetime_operator_2', 'example_branch_datetime_operator_3' retrieved from /home/khaled/dbt-env/lib/python3.12/site-packages/airflow/example_dags/example_branch_datetime_operator.py
[2025-10-22T12:23:56.451+0000] {logging_mixin.py:188} INFO - [2025-10-22T12:23:56.451+0000] {dag.py:3089} INFO - Sync 3 DAGs
[2025-10-22T12:23:56.469+0000] {logging_mixin.py:188} INFO - [2025-10-22T12:23:56.468+0000] {dag.py:3947} INFO - Setting next_dagrun for example_branch_datetime_operator to 2025-10-21 00:00:00+00:00, run_after=2025-10-22 00:00:00+00:00
[2025-10-22T12:23:56.473+0000] {logging_mixin.py:188} INFO - [2025-10-22T12:23:56.473+0000] {dag.py:3947} INFO - Setting next_dagrun for example_branch_datetime_operator_2 to 2025-10-21 00:00:00+00:00, run_after=2025-10-22 00:00:00+00:00
[2025-10-22T12:23:56.474+0000] {logging_mixin.py:188} INFO - [2025-10-22T12:23:56.474+0000] {dag.py:3947} INFO - Setting next_dagrun for example_branch_datetime_operator_3 to 2025-10-21 00:00:00+00:00, run_after=2025-10-22 00:00:00+00:00
[2025-10-22T12:23:56.495+0000] {processor.py:183} INFO - Processing /home/khaled/dbt-env/lib/python3.12/site-packages/airflow/example_dags/example_branch_datetime_operator.py took 0.082 seconds
[2025-10-22T12:24:52.128+0000] {processor.py:161} INFO - Started process (PID=11365) to work on /home/khaled/dbt-env/lib/python3.12/site-packages/airflow/example_dags/example_branch_datetime_operator.py
[2025-10-22T12:24:52.131+0000] {processor.py:830} INFO - Processing file /home/khaled/dbt-env/lib/python3.12/site-packages/airflow/example_dags/example_branch_datetime_operator.py for tasks to queue
[2025-10-22T12:24:52.134+0000] {logging_mixin.py:188} INFO - [2025-10-22T12:24:52.133+0000] {dagbag.py:545} INFO - Filling up the DagBag from /home/khaled/dbt-env/lib/python3.12/site-packages/airflow/example_dags/example_branch_datetime_operator.py
[2025-10-22T12:24:52.178+0000] {processor.py:840} INFO - DAG(s) 'example_branch_datetime_operator_2', 'example_branch_datetime_operator', 'example_branch_datetime_operator_3' retrieved from /home/khaled/dbt-env/lib/python3.12/site-packages/airflow/example_dags/example_branch_datetime_operator.py
[2025-10-22T12:24:52.240+0000] {logging_mixin.py:188} INFO - [2025-10-22T12:24:52.237+0000] {dag.py:3089} INFO - Sync 3 DAGs
[2025-10-22T12:24:52.283+0000] {logging_mixin.py:188} INFO - [2025-10-22T12:24:52.283+0000] {dag.py:3947} INFO - Setting next_dagrun for example_branch_datetime_operator to 2025-10-21 00:00:00+00:00, run_after=2025-10-22 00:00:00+00:00
[2025-10-22T12:24:52.294+0000] {logging_mixin.py:188} INFO - [2025-10-22T12:24:52.294+0000] {dag.py:3947} INFO - Setting next_dagrun for example_branch_datetime_operator_2 to 2025-10-21 00:00:00+00:00, run_after=2025-10-22 00:00:00+00:00
[2025-10-22T12:24:52.296+0000] {logging_mixin.py:188} INFO - [2025-10-22T12:24:52.296+0000] {dag.py:3947} INFO - Setting next_dagrun for example_branch_datetime_operator_3 to 2025-10-21 00:00:00+00:00, run_after=2025-10-22 00:00:00+00:00
[2025-10-22T12:24:52.333+0000] {processor.py:183} INFO - Processing /home/khaled/dbt-env/lib/python3.12/site-packages/airflow/example_dags/example_branch_datetime_operator.py took 0.223 seconds
[2025-10-22T12:26:11.715+0000] {processor.py:161} INFO - Started process (PID=11522) to work on /home/khaled/dbt-env/lib/python3.12/site-packages/airflow/example_dags/example_branch_datetime_operator.py
[2025-10-22T12:26:11.725+0000] {processor.py:830} INFO - Processing file /home/khaled/dbt-env/lib/python3.12/site-packages/airflow/example_dags/example_branch_datetime_operator.py for tasks to queue
[2025-10-22T12:26:11.727+0000] {logging_mixin.py:188} INFO - [2025-10-22T12:26:11.727+0000] {dagbag.py:545} INFO - Filling up the DagBag from /home/khaled/dbt-env/lib/python3.12/site-packages/airflow/example_dags/example_branch_datetime_operator.py
[2025-10-22T12:26:11.753+0000] {processor.py:840} INFO - DAG(s) 'example_branch_datetime_operator_3', 'example_branch_datetime_operator', 'example_branch_datetime_operator_2' retrieved from /home/khaled/dbt-env/lib/python3.12/site-packages/airflow/example_dags/example_branch_datetime_operator.py
[2025-10-22T12:26:11.792+0000] {logging_mixin.py:188} INFO - [2025-10-22T12:26:11.792+0000] {dag.py:3089} INFO - Sync 3 DAGs
[2025-10-22T12:26:11.846+0000] {logging_mixin.py:188} INFO - [2025-10-22T12:26:11.846+0000] {dag.py:3947} INFO - Setting next_dagrun for example_branch_datetime_operator to 2025-10-21 00:00:00+00:00, run_after=2025-10-22 00:00:00+00:00
[2025-10-22T12:26:11.863+0000] {logging_mixin.py:188} INFO - [2025-10-22T12:26:11.863+0000] {dag.py:3947} INFO - Setting next_dagrun for example_branch_datetime_operator_2 to 2025-10-21 00:00:00+00:00, run_after=2025-10-22 00:00:00+00:00
[2025-10-22T12:26:11.867+0000] {logging_mixin.py:188} INFO - [2025-10-22T12:26:11.867+0000] {dag.py:3947} INFO - Setting next_dagrun for example_branch_datetime_operator_3 to 2025-10-21 00:00:00+00:00, run_after=2025-10-22 00:00:00+00:00
[2025-10-22T12:26:11.931+0000] {processor.py:183} INFO - Processing /home/khaled/dbt-env/lib/python3.12/site-packages/airflow/example_dags/example_branch_datetime_operator.py took 0.234 seconds
[2025-10-22T12:27:20.816+0000] {processor.py:161} INFO - Started process (PID=11881) to work on /home/khaled/dbt-env/lib/python3.12/site-packages/airflow/example_dags/example_branch_datetime_operator.py
[2025-10-22T12:27:20.829+0000] {processor.py:830} INFO - Processing file /home/khaled/dbt-env/lib/python3.12/site-packages/airflow/example_dags/example_branch_datetime_operator.py for tasks to queue
[2025-10-22T12:27:20.832+0000] {logging_mixin.py:188} INFO - [2025-10-22T12:27:20.831+0000] {dagbag.py:545} INFO - Filling up the DagBag from /home/khaled/dbt-env/lib/python3.12/site-packages/airflow/example_dags/example_branch_datetime_operator.py
[2025-10-22T12:27:20.844+0000] {processor.py:840} INFO - DAG(s) 'example_branch_datetime_operator_3', 'example_branch_datetime_operator_2', 'example_branch_datetime_operator' retrieved from /home/khaled/dbt-env/lib/python3.12/site-packages/airflow/example_dags/example_branch_datetime_operator.py
[2025-10-22T12:27:20.878+0000] {logging_mixin.py:188} INFO - [2025-10-22T12:27:20.877+0000] {dag.py:3089} INFO - Sync 3 DAGs
[2025-10-22T12:27:20.902+0000] {logging_mixin.py:188} INFO - [2025-10-22T12:27:20.902+0000] {dag.py:3947} INFO - Setting next_dagrun for example_branch_datetime_operator to 2025-10-21 00:00:00+00:00, run_after=2025-10-22 00:00:00+00:00
[2025-10-22T12:27:20.907+0000] {logging_mixin.py:188} INFO - [2025-10-22T12:27:20.906+0000] {dag.py:3947} INFO - Setting next_dagrun for example_branch_datetime_operator_2 to 2025-10-21 00:00:00+00:00, run_after=2025-10-22 00:00:00+00:00
[2025-10-22T12:27:20.909+0000] {logging_mixin.py:188} INFO - [2025-10-22T12:27:20.909+0000] {dag.py:3947} INFO - Setting next_dagrun for example_branch_datetime_operator_3 to 2025-10-21 00:00:00+00:00, run_after=2025-10-22 00:00:00+00:00
[2025-10-22T12:27:20.932+0000] {processor.py:183} INFO - Processing /home/khaled/dbt-env/lib/python3.12/site-packages/airflow/example_dags/example_branch_datetime_operator.py took 0.124 seconds
[2025-10-22T12:28:23.542+0000] {processor.py:161} INFO - Started process (PID=12120) to work on /home/khaled/dbt-env/lib/python3.12/site-packages/airflow/example_dags/example_branch_datetime_operator.py
[2025-10-22T12:28:23.556+0000] {processor.py:830} INFO - Processing file /home/khaled/dbt-env/lib/python3.12/site-packages/airflow/example_dags/example_branch_datetime_operator.py for tasks to queue
[2025-10-22T12:28:23.558+0000] {logging_mixin.py:188} INFO - [2025-10-22T12:28:23.557+0000] {dagbag.py:545} INFO - Filling up the DagBag from /home/khaled/dbt-env/lib/python3.12/site-packages/airflow/example_dags/example_branch_datetime_operator.py
[2025-10-22T12:28:23.571+0000] {processor.py:840} INFO - DAG(s) 'example_branch_datetime_operator', 'example_branch_datetime_operator_3', 'example_branch_datetime_operator_2' retrieved from /home/khaled/dbt-env/lib/python3.12/site-packages/airflow/example_dags/example_branch_datetime_operator.py
[2025-10-22T12:28:23.600+0000] {logging_mixin.py:188} INFO - [2025-10-22T12:28:23.600+0000] {dag.py:3089} INFO - Sync 3 DAGs
[2025-10-22T12:28:23.634+0000] {logging_mixin.py:188} INFO - [2025-10-22T12:28:23.634+0000] {dag.py:3947} INFO - Setting next_dagrun for example_branch_datetime_operator to 2025-10-21 00:00:00+00:00, run_after=2025-10-22 00:00:00+00:00
[2025-10-22T12:28:23.640+0000] {logging_mixin.py:188} INFO - [2025-10-22T12:28:23.640+0000] {dag.py:3947} INFO - Setting next_dagrun for example_branch_datetime_operator_2 to 2025-10-21 00:00:00+00:00, run_after=2025-10-22 00:00:00+00:00
[2025-10-22T12:28:23.643+0000] {logging_mixin.py:188} INFO - [2025-10-22T12:28:23.643+0000] {dag.py:3947} INFO - Setting next_dagrun for example_branch_datetime_operator_3 to 2025-10-21 00:00:00+00:00, run_after=2025-10-22 00:00:00+00:00
[2025-10-22T12:28:23.733+0000] {processor.py:183} INFO - Processing /home/khaled/dbt-env/lib/python3.12/site-packages/airflow/example_dags/example_branch_datetime_operator.py took 0.208 seconds
[2025-10-22T12:29:21.016+0000] {processor.py:161} INFO - Started process (PID=12442) to work on /home/khaled/dbt-env/lib/python3.12/site-packages/airflow/example_dags/example_branch_datetime_operator.py
[2025-10-22T12:29:21.027+0000] {processor.py:830} INFO - Processing file /home/khaled/dbt-env/lib/python3.12/site-packages/airflow/example_dags/example_branch_datetime_operator.py for tasks to queue
[2025-10-22T12:29:21.029+0000] {logging_mixin.py:188} INFO - [2025-10-22T12:29:21.029+0000] {dagbag.py:545} INFO - Filling up the DagBag from /home/khaled/dbt-env/lib/python3.12/site-packages/airflow/example_dags/example_branch_datetime_operator.py
[2025-10-22T12:29:21.037+0000] {processor.py:840} INFO - DAG(s) 'example_branch_datetime_operator_2', 'example_branch_datetime_operator', 'example_branch_datetime_operator_3' retrieved from /home/khaled/dbt-env/lib/python3.12/site-packages/airflow/example_dags/example_branch_datetime_operator.py
[2025-10-22T12:29:21.076+0000] {logging_mixin.py:188} INFO - [2025-10-22T12:29:21.076+0000] {dag.py:3089} INFO - Sync 3 DAGs
[2025-10-22T12:29:21.103+0000] {logging_mixin.py:188} INFO - [2025-10-22T12:29:21.103+0000] {dag.py:3947} INFO - Setting next_dagrun for example_branch_datetime_operator to 2025-10-21 00:00:00+00:00, run_after=2025-10-22 00:00:00+00:00
[2025-10-22T12:29:21.108+0000] {logging_mixin.py:188} INFO - [2025-10-22T12:29:21.108+0000] {dag.py:3947} INFO - Setting next_dagrun for example_branch_datetime_operator_2 to 2025-10-21 00:00:00+00:00, run_after=2025-10-22 00:00:00+00:00
[2025-10-22T12:29:21.110+0000] {logging_mixin.py:188} INFO - [2025-10-22T12:29:21.110+0000] {dag.py:3947} INFO - Setting next_dagrun for example_branch_datetime_operator_3 to 2025-10-21 00:00:00+00:00, run_after=2025-10-22 00:00:00+00:00
[2025-10-22T12:29:21.136+0000] {processor.py:183} INFO - Processing /home/khaled/dbt-env/lib/python3.12/site-packages/airflow/example_dags/example_branch_datetime_operator.py took 0.130 seconds
[2025-10-22T12:30:16.736+0000] {processor.py:161} INFO - Started process (PID=12524) to work on /home/khaled/dbt-env/lib/python3.12/site-packages/airflow/example_dags/example_branch_datetime_operator.py
[2025-10-22T12:30:16.739+0000] {processor.py:830} INFO - Processing file /home/khaled/dbt-env/lib/python3.12/site-packages/airflow/example_dags/example_branch_datetime_operator.py for tasks to queue
[2025-10-22T12:30:16.741+0000] {logging_mixin.py:188} INFO - [2025-10-22T12:30:16.741+0000] {dagbag.py:545} INFO - Filling up the DagBag from /home/khaled/dbt-env/lib/python3.12/site-packages/airflow/example_dags/example_branch_datetime_operator.py
[2025-10-22T12:30:16.751+0000] {processor.py:840} INFO - DAG(s) 'example_branch_datetime_operator_3', 'example_branch_datetime_operator_2', 'example_branch_datetime_operator' retrieved from /home/khaled/dbt-env/lib/python3.12/site-packages/airflow/example_dags/example_branch_datetime_operator.py
[2025-10-22T12:30:16.770+0000] {logging_mixin.py:188} INFO - [2025-10-22T12:30:16.769+0000] {dag.py:3089} INFO - Sync 3 DAGs
[2025-10-22T12:30:16.788+0000] {logging_mixin.py:188} INFO - [2025-10-22T12:30:16.788+0000] {dag.py:3947} INFO - Setting next_dagrun for example_branch_datetime_operator to 2025-10-21 00:00:00+00:00, run_after=2025-10-22 00:00:00+00:00
[2025-10-22T12:30:16.792+0000] {logging_mixin.py:188} INFO - [2025-10-22T12:30:16.792+0000] {dag.py:3947} INFO - Setting next_dagrun for example_branch_datetime_operator_2 to 2025-10-21 00:00:00+00:00, run_after=2025-10-22 00:00:00+00:00
[2025-10-22T12:30:16.793+0000] {logging_mixin.py:188} INFO - [2025-10-22T12:30:16.793+0000] {dag.py:3947} INFO - Setting next_dagrun for example_branch_datetime_operator_3 to 2025-10-21 00:00:00+00:00, run_after=2025-10-22 00:00:00+00:00
[2025-10-22T12:30:16.812+0000] {processor.py:183} INFO - Processing /home/khaled/dbt-env/lib/python3.12/site-packages/airflow/example_dags/example_branch_datetime_operator.py took 0.082 seconds
[2025-10-22T12:31:32.430+0000] {processor.py:161} INFO - Started process (PID=12622) to work on /home/khaled/dbt-env/lib/python3.12/site-packages/airflow/example_dags/example_branch_datetime_operator.py
[2025-10-22T12:31:32.442+0000] {processor.py:830} INFO - Processing file /home/khaled/dbt-env/lib/python3.12/site-packages/airflow/example_dags/example_branch_datetime_operator.py for tasks to queue
[2025-10-22T12:31:32.443+0000] {logging_mixin.py:188} INFO - [2025-10-22T12:31:32.443+0000] {dagbag.py:545} INFO - Filling up the DagBag from /home/khaled/dbt-env/lib/python3.12/site-packages/airflow/example_dags/example_branch_datetime_operator.py
[2025-10-22T12:31:32.454+0000] {processor.py:840} INFO - DAG(s) 'example_branch_datetime_operator', 'example_branch_datetime_operator_2', 'example_branch_datetime_operator_3' retrieved from /home/khaled/dbt-env/lib/python3.12/site-packages/airflow/example_dags/example_branch_datetime_operator.py
[2025-10-22T12:31:32.476+0000] {logging_mixin.py:188} INFO - [2025-10-22T12:31:32.476+0000] {dag.py:3089} INFO - Sync 3 DAGs
[2025-10-22T12:31:32.495+0000] {logging_mixin.py:188} INFO - [2025-10-22T12:31:32.494+0000] {dag.py:3947} INFO - Setting next_dagrun for example_branch_datetime_operator to 2025-10-21 00:00:00+00:00, run_after=2025-10-22 00:00:00+00:00
[2025-10-22T12:31:32.500+0000] {logging_mixin.py:188} INFO - [2025-10-22T12:31:32.499+0000] {dag.py:3947} INFO - Setting next_dagrun for example_branch_datetime_operator_2 to 2025-10-21 00:00:00+00:00, run_after=2025-10-22 00:00:00+00:00
[2025-10-22T12:31:32.502+0000] {logging_mixin.py:188} INFO - [2025-10-22T12:31:32.502+0000] {dag.py:3947} INFO - Setting next_dagrun for example_branch_datetime_operator_3 to 2025-10-21 00:00:00+00:00, run_after=2025-10-22 00:00:00+00:00
[2025-10-22T12:31:32.532+0000] {processor.py:183} INFO - Processing /home/khaled/dbt-env/lib/python3.12/site-packages/airflow/example_dags/example_branch_datetime_operator.py took 0.113 seconds
[2025-10-22T12:34:22.873+0000] {processor.py:161} INFO - Started process (PID=12867) to work on /home/khaled/dbt-env/lib/python3.12/site-packages/airflow/example_dags/example_branch_datetime_operator.py
[2025-10-22T12:34:22.946+0000] {processor.py:830} INFO - Processing file /home/khaled/dbt-env/lib/python3.12/site-packages/airflow/example_dags/example_branch_datetime_operator.py for tasks to queue
[2025-10-22T12:34:23.080+0000] {logging_mixin.py:188} INFO - [2025-10-22T12:34:23.069+0000] {dagbag.py:545} INFO - Filling up the DagBag from /home/khaled/dbt-env/lib/python3.12/site-packages/airflow/example_dags/example_branch_datetime_operator.py
[2025-10-22T12:34:23.427+0000] {processor.py:840} INFO - DAG(s) 'example_branch_datetime_operator_2', 'example_branch_datetime_operator_3', 'example_branch_datetime_operator' retrieved from /home/khaled/dbt-env/lib/python3.12/site-packages/airflow/example_dags/example_branch_datetime_operator.py
[2025-10-22T12:34:24.227+0000] {logging_mixin.py:188} INFO - [2025-10-22T12:34:24.225+0000] {dag.py:3089} INFO - Sync 3 DAGs
[2025-10-22T12:34:30.027+0000] {logging_mixin.py:188} INFO - [2025-10-22T12:34:29.984+0000] {dag.py:3947} INFO - Setting next_dagrun for example_branch_datetime_operator to 2025-10-21 00:00:00+00:00, run_after=2025-10-22 00:00:00+00:00
[2025-10-22T12:34:30.452+0000] {logging_mixin.py:188} INFO - [2025-10-22T12:34:30.429+0000] {dag.py:3947} INFO - Setting next_dagrun for example_branch_datetime_operator_2 to 2025-10-21 00:00:00+00:00, run_after=2025-10-22 00:00:00+00:00
[2025-10-22T12:34:30.622+0000] {logging_mixin.py:188} INFO - [2025-10-22T12:34:30.619+0000] {dag.py:3947} INFO - Setting next_dagrun for example_branch_datetime_operator_3 to 2025-10-21 00:00:00+00:00, run_after=2025-10-22 00:00:00+00:00
[2025-10-22T12:34:32.276+0000] {processor.py:183} INFO - Processing /home/khaled/dbt-env/lib/python3.12/site-packages/airflow/example_dags/example_branch_datetime_operator.py took 9.610 seconds
[2025-10-22T12:38:11.218+0000] {processor.py:161} INFO - Started process (PID=13223) to work on /home/khaled/dbt-env/lib/python3.12/site-packages/airflow/example_dags/example_branch_datetime_operator.py
[2025-10-22T12:38:11.230+0000] {processor.py:830} INFO - Processing file /home/khaled/dbt-env/lib/python3.12/site-packages/airflow/example_dags/example_branch_datetime_operator.py for tasks to queue
[2025-10-22T12:38:11.233+0000] {logging_mixin.py:188} INFO - [2025-10-22T12:38:11.232+0000] {dagbag.py:545} INFO - Filling up the DagBag from /home/khaled/dbt-env/lib/python3.12/site-packages/airflow/example_dags/example_branch_datetime_operator.py
[2025-10-22T12:38:11.247+0000] {processor.py:840} INFO - DAG(s) 'example_branch_datetime_operator', 'example_branch_datetime_operator_3', 'example_branch_datetime_operator_2' retrieved from /home/khaled/dbt-env/lib/python3.12/site-packages/airflow/example_dags/example_branch_datetime_operator.py
[2025-10-22T12:38:11.272+0000] {logging_mixin.py:188} INFO - [2025-10-22T12:38:11.271+0000] {dag.py:3089} INFO - Sync 3 DAGs
[2025-10-22T12:38:11.289+0000] {logging_mixin.py:188} INFO - [2025-10-22T12:38:11.288+0000] {dag.py:3947} INFO - Setting next_dagrun for example_branch_datetime_operator to 2025-10-21 00:00:00+00:00, run_after=2025-10-22 00:00:00+00:00
[2025-10-22T12:38:11.292+0000] {logging_mixin.py:188} INFO - [2025-10-22T12:38:11.292+0000] {dag.py:3947} INFO - Setting next_dagrun for example_branch_datetime_operator_2 to 2025-10-21 00:00:00+00:00, run_after=2025-10-22 00:00:00+00:00
[2025-10-22T12:38:11.293+0000] {logging_mixin.py:188} INFO - [2025-10-22T12:38:11.293+0000] {dag.py:3947} INFO - Setting next_dagrun for example_branch_datetime_operator_3 to 2025-10-21 00:00:00+00:00, run_after=2025-10-22 00:00:00+00:00
[2025-10-22T12:38:11.314+0000] {processor.py:183} INFO - Processing /home/khaled/dbt-env/lib/python3.12/site-packages/airflow/example_dags/example_branch_datetime_operator.py took 0.104 seconds
[2025-10-22T12:39:23.530+0000] {processor.py:161} INFO - Started process (PID=13290) to work on /home/khaled/dbt-env/lib/python3.12/site-packages/airflow/example_dags/example_branch_datetime_operator.py
[2025-10-22T12:39:23.543+0000] {processor.py:830} INFO - Processing file /home/khaled/dbt-env/lib/python3.12/site-packages/airflow/example_dags/example_branch_datetime_operator.py for tasks to queue
[2025-10-22T12:39:23.545+0000] {logging_mixin.py:188} INFO - [2025-10-22T12:39:23.545+0000] {dagbag.py:545} INFO - Filling up the DagBag from /home/khaled/dbt-env/lib/python3.12/site-packages/airflow/example_dags/example_branch_datetime_operator.py
[2025-10-22T12:39:23.555+0000] {processor.py:840} INFO - DAG(s) 'example_branch_datetime_operator', 'example_branch_datetime_operator_3', 'example_branch_datetime_operator_2' retrieved from /home/khaled/dbt-env/lib/python3.12/site-packages/airflow/example_dags/example_branch_datetime_operator.py
[2025-10-22T12:39:23.574+0000] {logging_mixin.py:188} INFO - [2025-10-22T12:39:23.574+0000] {dag.py:3089} INFO - Sync 3 DAGs
[2025-10-22T12:39:23.697+0000] {logging_mixin.py:188} INFO - [2025-10-22T12:39:23.697+0000] {dag.py:3947} INFO - Setting next_dagrun for example_branch_datetime_operator to 2025-10-21 00:00:00+00:00, run_after=2025-10-22 00:00:00+00:00
[2025-10-22T12:39:23.701+0000] {logging_mixin.py:188} INFO - [2025-10-22T12:39:23.701+0000] {dag.py:3947} INFO - Setting next_dagrun for example_branch_datetime_operator_2 to 2025-10-21 00:00:00+00:00, run_after=2025-10-22 00:00:00+00:00
[2025-10-22T12:39:23.703+0000] {logging_mixin.py:188} INFO - [2025-10-22T12:39:23.703+0000] {dag.py:3947} INFO - Setting next_dagrun for example_branch_datetime_operator_3 to 2025-10-21 00:00:00+00:00, run_after=2025-10-22 00:00:00+00:00
[2025-10-22T12:39:23.728+0000] {processor.py:183} INFO - Processing /home/khaled/dbt-env/lib/python3.12/site-packages/airflow/example_dags/example_branch_datetime_operator.py took 0.204 seconds
[2025-10-22T12:40:43.368+0000] {processor.py:161} INFO - Started process (PID=13369) to work on /home/khaled/dbt-env/lib/python3.12/site-packages/airflow/example_dags/example_branch_datetime_operator.py
[2025-10-22T12:40:43.370+0000] {processor.py:830} INFO - Processing file /home/khaled/dbt-env/lib/python3.12/site-packages/airflow/example_dags/example_branch_datetime_operator.py for tasks to queue
[2025-10-22T12:40:43.372+0000] {logging_mixin.py:188} INFO - [2025-10-22T12:40:43.372+0000] {dagbag.py:545} INFO - Filling up the DagBag from /home/khaled/dbt-env/lib/python3.12/site-packages/airflow/example_dags/example_branch_datetime_operator.py
[2025-10-22T12:40:43.389+0000] {processor.py:840} INFO - DAG(s) 'example_branch_datetime_operator_3', 'example_branch_datetime_operator', 'example_branch_datetime_operator_2' retrieved from /home/khaled/dbt-env/lib/python3.12/site-packages/airflow/example_dags/example_branch_datetime_operator.py
[2025-10-22T12:40:43.408+0000] {logging_mixin.py:188} INFO - [2025-10-22T12:40:43.408+0000] {dag.py:3089} INFO - Sync 3 DAGs
[2025-10-22T12:40:43.427+0000] {logging_mixin.py:188} INFO - [2025-10-22T12:40:43.427+0000] {dag.py:3947} INFO - Setting next_dagrun for example_branch_datetime_operator to 2025-10-21 00:00:00+00:00, run_after=2025-10-22 00:00:00+00:00
[2025-10-22T12:40:43.431+0000] {logging_mixin.py:188} INFO - [2025-10-22T12:40:43.430+0000] {dag.py:3947} INFO - Setting next_dagrun for example_branch_datetime_operator_2 to 2025-10-21 00:00:00+00:00, run_after=2025-10-22 00:00:00+00:00
[2025-10-22T12:40:43.433+0000] {logging_mixin.py:188} INFO - [2025-10-22T12:40:43.433+0000] {dag.py:3947} INFO - Setting next_dagrun for example_branch_datetime_operator_3 to 2025-10-21 00:00:00+00:00, run_after=2025-10-22 00:00:00+00:00
[2025-10-22T12:40:43.457+0000] {processor.py:183} INFO - Processing /home/khaled/dbt-env/lib/python3.12/site-packages/airflow/example_dags/example_branch_datetime_operator.py took 0.095 seconds
