[2025-10-22T12:11:53.877+0000] {processor.py:161} INFO - Started process (PID=8048) to work on /home/khaled/dbt-env/lib/python3.12/site-packages/airflow/example_dags/example_task_group_decorator.py
[2025-10-22T12:11:53.878+0000] {processor.py:830} INFO - Processing file /home/khaled/dbt-env/lib/python3.12/site-packages/airflow/example_dags/example_task_group_decorator.py for tasks to queue
[2025-10-22T12:11:53.879+0000] {logging_mixin.py:188} INFO - [2025-10-22T12:11:53.879+0000] {dagbag.py:545} INFO - Filling up the DagBag from /home/khaled/dbt-env/lib/python3.12/site-packages/airflow/example_dags/example_task_group_decorator.py
[2025-10-22T12:11:53.904+0000] {processor.py:840} INFO - DAG(s) 'example_task_group_decorator' retrieved from /home/khaled/dbt-env/lib/python3.12/site-packages/airflow/example_dags/example_task_group_decorator.py
[2025-10-22T12:11:53.912+0000] {logging_mixin.py:188} INFO - [2025-10-22T12:11:53.911+0000] {dag.py:3089} INFO - Sync 1 DAGs
[2025-10-22T12:11:53.925+0000] {logging_mixin.py:188} INFO - [2025-10-22T12:11:53.925+0000] {dag.py:3947} INFO - Setting next_dagrun for example_task_group_decorator to 2025-10-21 00:00:00+00:00, run_after=2025-10-22 00:00:00+00:00
[2025-10-22T12:11:53.946+0000] {processor.py:183} INFO - Processing /home/khaled/dbt-env/lib/python3.12/site-packages/airflow/example_dags/example_task_group_decorator.py took 0.075 seconds
[2025-10-22T12:13:09.043+0000] {processor.py:161} INFO - Started process (PID=8881) to work on /home/khaled/dbt-env/lib/python3.12/site-packages/airflow/example_dags/example_task_group_decorator.py
[2025-10-22T12:13:09.046+0000] {processor.py:830} INFO - Processing file /home/khaled/dbt-env/lib/python3.12/site-packages/airflow/example_dags/example_task_group_decorator.py for tasks to queue
[2025-10-22T12:13:09.049+0000] {logging_mixin.py:188} INFO - [2025-10-22T12:13:09.048+0000] {dagbag.py:545} INFO - Filling up the DagBag from /home/khaled/dbt-env/lib/python3.12/site-packages/airflow/example_dags/example_task_group_decorator.py
[2025-10-22T12:13:09.069+0000] {processor.py:840} INFO - DAG(s) 'example_task_group_decorator' retrieved from /home/khaled/dbt-env/lib/python3.12/site-packages/airflow/example_dags/example_task_group_decorator.py
[2025-10-22T12:13:09.144+0000] {logging_mixin.py:188} INFO - [2025-10-22T12:13:09.144+0000] {dag.py:3089} INFO - Sync 1 DAGs
[2025-10-22T12:13:09.154+0000] {logging_mixin.py:188} INFO - [2025-10-22T12:13:09.154+0000] {dag.py:3947} INFO - Setting next_dagrun for example_task_group_decorator to 2025-10-21 00:00:00+00:00, run_after=2025-10-22 00:00:00+00:00
[2025-10-22T12:13:09.194+0000] {processor.py:183} INFO - Processing /home/khaled/dbt-env/lib/python3.12/site-packages/airflow/example_dags/example_task_group_decorator.py took 0.159 seconds
[2025-10-22T12:14:06.947+0000] {processor.py:161} INFO - Started process (PID=9301) to work on /home/khaled/dbt-env/lib/python3.12/site-packages/airflow/example_dags/example_task_group_decorator.py
[2025-10-22T12:14:06.959+0000] {processor.py:830} INFO - Processing file /home/khaled/dbt-env/lib/python3.12/site-packages/airflow/example_dags/example_task_group_decorator.py for tasks to queue
[2025-10-22T12:14:06.960+0000] {logging_mixin.py:188} INFO - [2025-10-22T12:14:06.960+0000] {dagbag.py:545} INFO - Filling up the DagBag from /home/khaled/dbt-env/lib/python3.12/site-packages/airflow/example_dags/example_task_group_decorator.py
[2025-10-22T12:14:06.971+0000] {processor.py:840} INFO - DAG(s) 'example_task_group_decorator' retrieved from /home/khaled/dbt-env/lib/python3.12/site-packages/airflow/example_dags/example_task_group_decorator.py
[2025-10-22T12:14:06.986+0000] {logging_mixin.py:188} INFO - [2025-10-22T12:14:06.986+0000] {dag.py:3089} INFO - Sync 1 DAGs
[2025-10-22T12:14:07.006+0000] {logging_mixin.py:188} INFO - [2025-10-22T12:14:07.006+0000] {dag.py:3947} INFO - Setting next_dagrun for example_task_group_decorator to 2025-10-21 00:00:00+00:00, run_after=2025-10-22 00:00:00+00:00
[2025-10-22T12:14:07.027+0000] {processor.py:183} INFO - Processing /home/khaled/dbt-env/lib/python3.12/site-packages/airflow/example_dags/example_task_group_decorator.py took 0.084 seconds
[2025-10-22T12:14:59.452+0000] {processor.py:161} INFO - Started process (PID=9472) to work on /home/khaled/dbt-env/lib/python3.12/site-packages/airflow/example_dags/example_task_group_decorator.py
[2025-10-22T12:14:59.454+0000] {processor.py:830} INFO - Processing file /home/khaled/dbt-env/lib/python3.12/site-packages/airflow/example_dags/example_task_group_decorator.py for tasks to queue
[2025-10-22T12:14:59.455+0000] {logging_mixin.py:188} INFO - [2025-10-22T12:14:59.455+0000] {dagbag.py:545} INFO - Filling up the DagBag from /home/khaled/dbt-env/lib/python3.12/site-packages/airflow/example_dags/example_task_group_decorator.py
[2025-10-22T12:14:59.492+0000] {processor.py:840} INFO - DAG(s) 'example_task_group_decorator' retrieved from /home/khaled/dbt-env/lib/python3.12/site-packages/airflow/example_dags/example_task_group_decorator.py
[2025-10-22T12:14:59.524+0000] {logging_mixin.py:188} INFO - [2025-10-22T12:14:59.524+0000] {dag.py:3089} INFO - Sync 1 DAGs
[2025-10-22T12:14:59.545+0000] {logging_mixin.py:188} INFO - [2025-10-22T12:14:59.544+0000] {dag.py:3947} INFO - Setting next_dagrun for example_task_group_decorator to 2025-10-21 00:00:00+00:00, run_after=2025-10-22 00:00:00+00:00
[2025-10-22T12:14:59.575+0000] {processor.py:183} INFO - Processing /home/khaled/dbt-env/lib/python3.12/site-packages/airflow/example_dags/example_task_group_decorator.py took 0.132 seconds
[2025-10-22T12:15:48.323+0000] {processor.py:161} INFO - Started process (PID=9623) to work on /home/khaled/dbt-env/lib/python3.12/site-packages/airflow/example_dags/example_task_group_decorator.py
[2025-10-22T12:15:48.325+0000] {processor.py:830} INFO - Processing file /home/khaled/dbt-env/lib/python3.12/site-packages/airflow/example_dags/example_task_group_decorator.py for tasks to queue
[2025-10-22T12:15:48.328+0000] {logging_mixin.py:188} INFO - [2025-10-22T12:15:48.328+0000] {dagbag.py:545} INFO - Filling up the DagBag from /home/khaled/dbt-env/lib/python3.12/site-packages/airflow/example_dags/example_task_group_decorator.py
[2025-10-22T12:15:48.339+0000] {processor.py:840} INFO - DAG(s) 'example_task_group_decorator' retrieved from /home/khaled/dbt-env/lib/python3.12/site-packages/airflow/example_dags/example_task_group_decorator.py
[2025-10-22T12:15:48.354+0000] {logging_mixin.py:188} INFO - [2025-10-22T12:15:48.354+0000] {dag.py:3089} INFO - Sync 1 DAGs
[2025-10-22T12:15:48.368+0000] {logging_mixin.py:188} INFO - [2025-10-22T12:15:48.367+0000] {dag.py:3947} INFO - Setting next_dagrun for example_task_group_decorator to 2025-10-21 00:00:00+00:00, run_after=2025-10-22 00:00:00+00:00
[2025-10-22T12:15:48.394+0000] {processor.py:183} INFO - Processing /home/khaled/dbt-env/lib/python3.12/site-packages/airflow/example_dags/example_task_group_decorator.py took 0.074 seconds
[2025-10-22T12:16:40.466+0000] {processor.py:161} INFO - Started process (PID=9734) to work on /home/khaled/dbt-env/lib/python3.12/site-packages/airflow/example_dags/example_task_group_decorator.py
[2025-10-22T12:16:40.467+0000] {processor.py:830} INFO - Processing file /home/khaled/dbt-env/lib/python3.12/site-packages/airflow/example_dags/example_task_group_decorator.py for tasks to queue
[2025-10-22T12:16:40.468+0000] {logging_mixin.py:188} INFO - [2025-10-22T12:16:40.468+0000] {dagbag.py:545} INFO - Filling up the DagBag from /home/khaled/dbt-env/lib/python3.12/site-packages/airflow/example_dags/example_task_group_decorator.py
[2025-10-22T12:16:40.481+0000] {processor.py:840} INFO - DAG(s) 'example_task_group_decorator' retrieved from /home/khaled/dbt-env/lib/python3.12/site-packages/airflow/example_dags/example_task_group_decorator.py
[2025-10-22T12:16:40.496+0000] {logging_mixin.py:188} INFO - [2025-10-22T12:16:40.496+0000] {dag.py:3089} INFO - Sync 1 DAGs
[2025-10-22T12:16:40.508+0000] {logging_mixin.py:188} INFO - [2025-10-22T12:16:40.508+0000] {dag.py:3947} INFO - Setting next_dagrun for example_task_group_decorator to 2025-10-21 00:00:00+00:00, run_after=2025-10-22 00:00:00+00:00
[2025-10-22T12:16:40.548+0000] {processor.py:183} INFO - Processing /home/khaled/dbt-env/lib/python3.12/site-packages/airflow/example_dags/example_task_group_decorator.py took 0.086 seconds
[2025-10-22T12:17:29.849+0000] {processor.py:161} INFO - Started process (PID=9841) to work on /home/khaled/dbt-env/lib/python3.12/site-packages/airflow/example_dags/example_task_group_decorator.py
[2025-10-22T12:17:29.851+0000] {processor.py:830} INFO - Processing file /home/khaled/dbt-env/lib/python3.12/site-packages/airflow/example_dags/example_task_group_decorator.py for tasks to queue
[2025-10-22T12:17:29.853+0000] {logging_mixin.py:188} INFO - [2025-10-22T12:17:29.853+0000] {dagbag.py:545} INFO - Filling up the DagBag from /home/khaled/dbt-env/lib/python3.12/site-packages/airflow/example_dags/example_task_group_decorator.py
[2025-10-22T12:17:29.863+0000] {processor.py:840} INFO - DAG(s) 'example_task_group_decorator' retrieved from /home/khaled/dbt-env/lib/python3.12/site-packages/airflow/example_dags/example_task_group_decorator.py
[2025-10-22T12:17:29.882+0000] {logging_mixin.py:188} INFO - [2025-10-22T12:17:29.881+0000] {dag.py:3089} INFO - Sync 1 DAGs
[2025-10-22T12:17:29.896+0000] {logging_mixin.py:188} INFO - [2025-10-22T12:17:29.896+0000] {dag.py:3947} INFO - Setting next_dagrun for example_task_group_decorator to 2025-10-21 00:00:00+00:00, run_after=2025-10-22 00:00:00+00:00
[2025-10-22T12:17:29.917+0000] {processor.py:183} INFO - Processing /home/khaled/dbt-env/lib/python3.12/site-packages/airflow/example_dags/example_task_group_decorator.py took 0.074 seconds
[2025-10-22T12:18:20.885+0000] {processor.py:161} INFO - Started process (PID=10250) to work on /home/khaled/dbt-env/lib/python3.12/site-packages/airflow/example_dags/example_task_group_decorator.py
[2025-10-22T12:18:20.886+0000] {processor.py:830} INFO - Processing file /home/khaled/dbt-env/lib/python3.12/site-packages/airflow/example_dags/example_task_group_decorator.py for tasks to queue
[2025-10-22T12:18:20.889+0000] {logging_mixin.py:188} INFO - [2025-10-22T12:18:20.888+0000] {dagbag.py:545} INFO - Filling up the DagBag from /home/khaled/dbt-env/lib/python3.12/site-packages/airflow/example_dags/example_task_group_decorator.py
[2025-10-22T12:18:20.900+0000] {processor.py:840} INFO - DAG(s) 'example_task_group_decorator' retrieved from /home/khaled/dbt-env/lib/python3.12/site-packages/airflow/example_dags/example_task_group_decorator.py
[2025-10-22T12:18:20.915+0000] {logging_mixin.py:188} INFO - [2025-10-22T12:18:20.915+0000] {dag.py:3089} INFO - Sync 1 DAGs
[2025-10-22T12:18:20.929+0000] {logging_mixin.py:188} INFO - [2025-10-22T12:18:20.929+0000] {dag.py:3947} INFO - Setting next_dagrun for example_task_group_decorator to 2025-10-21 00:00:00+00:00, run_after=2025-10-22 00:00:00+00:00
[2025-10-22T12:18:20.952+0000] {processor.py:183} INFO - Processing /home/khaled/dbt-env/lib/python3.12/site-packages/airflow/example_dags/example_task_group_decorator.py took 0.072 seconds
[2025-10-22T12:19:17.957+0000] {processor.py:161} INFO - Started process (PID=10347) to work on /home/khaled/dbt-env/lib/python3.12/site-packages/airflow/example_dags/example_task_group_decorator.py
[2025-10-22T12:19:17.959+0000] {processor.py:830} INFO - Processing file /home/khaled/dbt-env/lib/python3.12/site-packages/airflow/example_dags/example_task_group_decorator.py for tasks to queue
[2025-10-22T12:19:17.961+0000] {logging_mixin.py:188} INFO - [2025-10-22T12:19:17.961+0000] {dagbag.py:545} INFO - Filling up the DagBag from /home/khaled/dbt-env/lib/python3.12/site-packages/airflow/example_dags/example_task_group_decorator.py
[2025-10-22T12:19:17.984+0000] {processor.py:840} INFO - DAG(s) 'example_task_group_decorator' retrieved from /home/khaled/dbt-env/lib/python3.12/site-packages/airflow/example_dags/example_task_group_decorator.py
[2025-10-22T12:19:18.006+0000] {logging_mixin.py:188} INFO - [2025-10-22T12:19:18.005+0000] {dag.py:3089} INFO - Sync 1 DAGs
[2025-10-22T12:19:18.028+0000] {logging_mixin.py:188} INFO - [2025-10-22T12:19:18.028+0000] {dag.py:3947} INFO - Setting next_dagrun for example_task_group_decorator to 2025-10-21 00:00:00+00:00, run_after=2025-10-22 00:00:00+00:00
[2025-10-22T12:19:18.069+0000] {processor.py:183} INFO - Processing /home/khaled/dbt-env/lib/python3.12/site-packages/airflow/example_dags/example_task_group_decorator.py took 0.118 seconds
[2025-10-22T12:22:24.214+0000] {processor.py:161} INFO - Started process (PID=10637) to work on /home/khaled/dbt-env/lib/python3.12/site-packages/airflow/example_dags/example_task_group_decorator.py
[2025-10-22T12:22:24.225+0000] {processor.py:830} INFO - Processing file /home/khaled/dbt-env/lib/python3.12/site-packages/airflow/example_dags/example_task_group_decorator.py for tasks to queue
[2025-10-22T12:22:24.227+0000] {logging_mixin.py:188} INFO - [2025-10-22T12:22:24.226+0000] {dagbag.py:545} INFO - Filling up the DagBag from /home/khaled/dbt-env/lib/python3.12/site-packages/airflow/example_dags/example_task_group_decorator.py
[2025-10-22T12:22:24.240+0000] {processor.py:840} INFO - DAG(s) 'example_task_group_decorator' retrieved from /home/khaled/dbt-env/lib/python3.12/site-packages/airflow/example_dags/example_task_group_decorator.py
[2025-10-22T12:22:24.260+0000] {logging_mixin.py:188} INFO - [2025-10-22T12:22:24.260+0000] {dag.py:3089} INFO - Sync 1 DAGs
[2025-10-22T12:22:24.285+0000] {logging_mixin.py:188} INFO - [2025-10-22T12:22:24.285+0000] {dag.py:3947} INFO - Setting next_dagrun for example_task_group_decorator to 2025-10-21 00:00:00+00:00, run_after=2025-10-22 00:00:00+00:00
[2025-10-22T12:22:24.322+0000] {processor.py:183} INFO - Processing /home/khaled/dbt-env/lib/python3.12/site-packages/airflow/example_dags/example_task_group_decorator.py took 0.113 seconds
[2025-10-22T12:23:22.214+0000] {processor.py:161} INFO - Started process (PID=11117) to work on /home/khaled/dbt-env/lib/python3.12/site-packages/airflow/example_dags/example_task_group_decorator.py
[2025-10-22T12:23:22.225+0000] {processor.py:830} INFO - Processing file /home/khaled/dbt-env/lib/python3.12/site-packages/airflow/example_dags/example_task_group_decorator.py for tasks to queue
[2025-10-22T12:23:22.227+0000] {logging_mixin.py:188} INFO - [2025-10-22T12:23:22.227+0000] {dagbag.py:545} INFO - Filling up the DagBag from /home/khaled/dbt-env/lib/python3.12/site-packages/airflow/example_dags/example_task_group_decorator.py
[2025-10-22T12:23:22.237+0000] {processor.py:840} INFO - DAG(s) 'example_task_group_decorator' retrieved from /home/khaled/dbt-env/lib/python3.12/site-packages/airflow/example_dags/example_task_group_decorator.py
[2025-10-22T12:23:22.252+0000] {logging_mixin.py:188} INFO - [2025-10-22T12:23:22.251+0000] {dag.py:3089} INFO - Sync 1 DAGs
[2025-10-22T12:23:22.264+0000] {logging_mixin.py:188} INFO - [2025-10-22T12:23:22.264+0000] {dag.py:3947} INFO - Setting next_dagrun for example_task_group_decorator to 2025-10-21 00:00:00+00:00, run_after=2025-10-22 00:00:00+00:00
[2025-10-22T12:23:22.283+0000] {processor.py:183} INFO - Processing /home/khaled/dbt-env/lib/python3.12/site-packages/airflow/example_dags/example_task_group_decorator.py took 0.073 seconds
[2025-10-22T12:24:18.482+0000] {processor.py:161} INFO - Started process (PID=11252) to work on /home/khaled/dbt-env/lib/python3.12/site-packages/airflow/example_dags/example_task_group_decorator.py
[2025-10-22T12:24:18.484+0000] {processor.py:830} INFO - Processing file /home/khaled/dbt-env/lib/python3.12/site-packages/airflow/example_dags/example_task_group_decorator.py for tasks to queue
[2025-10-22T12:24:18.486+0000] {logging_mixin.py:188} INFO - [2025-10-22T12:24:18.485+0000] {dagbag.py:545} INFO - Filling up the DagBag from /home/khaled/dbt-env/lib/python3.12/site-packages/airflow/example_dags/example_task_group_decorator.py
[2025-10-22T12:24:18.502+0000] {processor.py:840} INFO - DAG(s) 'example_task_group_decorator' retrieved from /home/khaled/dbt-env/lib/python3.12/site-packages/airflow/example_dags/example_task_group_decorator.py
[2025-10-22T12:24:18.520+0000] {logging_mixin.py:188} INFO - [2025-10-22T12:24:18.520+0000] {dag.py:3089} INFO - Sync 1 DAGs
[2025-10-22T12:24:18.556+0000] {logging_mixin.py:188} INFO - [2025-10-22T12:24:18.556+0000] {dag.py:3947} INFO - Setting next_dagrun for example_task_group_decorator to 2025-10-21 00:00:00+00:00, run_after=2025-10-22 00:00:00+00:00
[2025-10-22T12:24:18.595+0000] {processor.py:183} INFO - Processing /home/khaled/dbt-env/lib/python3.12/site-packages/airflow/example_dags/example_task_group_decorator.py took 0.120 seconds
[2025-10-22T12:25:10.103+0000] {processor.py:161} INFO - Started process (PID=11391) to work on /home/khaled/dbt-env/lib/python3.12/site-packages/airflow/example_dags/example_task_group_decorator.py
[2025-10-22T12:25:10.105+0000] {processor.py:830} INFO - Processing file /home/khaled/dbt-env/lib/python3.12/site-packages/airflow/example_dags/example_task_group_decorator.py for tasks to queue
[2025-10-22T12:25:10.107+0000] {logging_mixin.py:188} INFO - [2025-10-22T12:25:10.107+0000] {dagbag.py:545} INFO - Filling up the DagBag from /home/khaled/dbt-env/lib/python3.12/site-packages/airflow/example_dags/example_task_group_decorator.py
[2025-10-22T12:25:10.116+0000] {processor.py:840} INFO - DAG(s) 'example_task_group_decorator' retrieved from /home/khaled/dbt-env/lib/python3.12/site-packages/airflow/example_dags/example_task_group_decorator.py
[2025-10-22T12:25:10.128+0000] {logging_mixin.py:188} INFO - [2025-10-22T12:25:10.128+0000] {dag.py:3089} INFO - Sync 1 DAGs
[2025-10-22T12:25:10.139+0000] {logging_mixin.py:188} INFO - [2025-10-22T12:25:10.139+0000] {dag.py:3947} INFO - Setting next_dagrun for example_task_group_decorator to 2025-10-21 00:00:00+00:00, run_after=2025-10-22 00:00:00+00:00
[2025-10-22T12:25:10.176+0000] {processor.py:183} INFO - Processing /home/khaled/dbt-env/lib/python3.12/site-packages/airflow/example_dags/example_task_group_decorator.py took 0.077 seconds
[2025-10-22T12:26:04.840+0000] {processor.py:161} INFO - Started process (PID=11453) to work on /home/khaled/dbt-env/lib/python3.12/site-packages/airflow/example_dags/example_task_group_decorator.py
[2025-10-22T12:26:04.851+0000] {processor.py:830} INFO - Processing file /home/khaled/dbt-env/lib/python3.12/site-packages/airflow/example_dags/example_task_group_decorator.py for tasks to queue
[2025-10-22T12:26:04.853+0000] {logging_mixin.py:188} INFO - [2025-10-22T12:26:04.852+0000] {dagbag.py:545} INFO - Filling up the DagBag from /home/khaled/dbt-env/lib/python3.12/site-packages/airflow/example_dags/example_task_group_decorator.py
[2025-10-22T12:26:04.863+0000] {processor.py:840} INFO - DAG(s) 'example_task_group_decorator' retrieved from /home/khaled/dbt-env/lib/python3.12/site-packages/airflow/example_dags/example_task_group_decorator.py
[2025-10-22T12:26:04.883+0000] {logging_mixin.py:188} INFO - [2025-10-22T12:26:04.882+0000] {dag.py:3089} INFO - Sync 1 DAGs
[2025-10-22T12:26:04.902+0000] {logging_mixin.py:188} INFO - [2025-10-22T12:26:04.901+0000] {dag.py:3947} INFO - Setting next_dagrun for example_task_group_decorator to 2025-10-21 00:00:00+00:00, run_after=2025-10-22 00:00:00+00:00
[2025-10-22T12:26:04.936+0000] {processor.py:183} INFO - Processing /home/khaled/dbt-env/lib/python3.12/site-packages/airflow/example_dags/example_task_group_decorator.py took 0.100 seconds
[2025-10-22T12:27:01.508+0000] {processor.py:161} INFO - Started process (PID=11760) to work on /home/khaled/dbt-env/lib/python3.12/site-packages/airflow/example_dags/example_task_group_decorator.py
[2025-10-22T12:27:01.509+0000] {processor.py:830} INFO - Processing file /home/khaled/dbt-env/lib/python3.12/site-packages/airflow/example_dags/example_task_group_decorator.py for tasks to queue
[2025-10-22T12:27:01.511+0000] {logging_mixin.py:188} INFO - [2025-10-22T12:27:01.511+0000] {dagbag.py:545} INFO - Filling up the DagBag from /home/khaled/dbt-env/lib/python3.12/site-packages/airflow/example_dags/example_task_group_decorator.py
[2025-10-22T12:27:01.529+0000] {processor.py:840} INFO - DAG(s) 'example_task_group_decorator' retrieved from /home/khaled/dbt-env/lib/python3.12/site-packages/airflow/example_dags/example_task_group_decorator.py
[2025-10-22T12:27:01.551+0000] {logging_mixin.py:188} INFO - [2025-10-22T12:27:01.550+0000] {dag.py:3089} INFO - Sync 1 DAGs
[2025-10-22T12:27:01.572+0000] {logging_mixin.py:188} INFO - [2025-10-22T12:27:01.571+0000] {dag.py:3947} INFO - Setting next_dagrun for example_task_group_decorator to 2025-10-21 00:00:00+00:00, run_after=2025-10-22 00:00:00+00:00
[2025-10-22T12:27:01.625+0000] {processor.py:183} INFO - Processing /home/khaled/dbt-env/lib/python3.12/site-packages/airflow/example_dags/example_task_group_decorator.py took 0.132 seconds
[2025-10-22T12:28:15.864+0000] {processor.py:161} INFO - Started process (PID=12109) to work on /home/khaled/dbt-env/lib/python3.12/site-packages/airflow/example_dags/example_task_group_decorator.py
[2025-10-22T12:28:15.866+0000] {processor.py:830} INFO - Processing file /home/khaled/dbt-env/lib/python3.12/site-packages/airflow/example_dags/example_task_group_decorator.py for tasks to queue
[2025-10-22T12:28:15.868+0000] {logging_mixin.py:188} INFO - [2025-10-22T12:28:15.868+0000] {dagbag.py:545} INFO - Filling up the DagBag from /home/khaled/dbt-env/lib/python3.12/site-packages/airflow/example_dags/example_task_group_decorator.py
[2025-10-22T12:28:15.881+0000] {processor.py:840} INFO - DAG(s) 'example_task_group_decorator' retrieved from /home/khaled/dbt-env/lib/python3.12/site-packages/airflow/example_dags/example_task_group_decorator.py
[2025-10-22T12:28:15.908+0000] {logging_mixin.py:188} INFO - [2025-10-22T12:28:15.907+0000] {dag.py:3089} INFO - Sync 1 DAGs
[2025-10-22T12:28:15.929+0000] {logging_mixin.py:188} INFO - [2025-10-22T12:28:15.929+0000] {dag.py:3947} INFO - Setting next_dagrun for example_task_group_decorator to 2025-10-21 00:00:00+00:00, run_after=2025-10-22 00:00:00+00:00
[2025-10-22T12:28:15.970+0000] {processor.py:183} INFO - Processing /home/khaled/dbt-env/lib/python3.12/site-packages/airflow/example_dags/example_task_group_decorator.py took 0.116 seconds
[2025-10-22T12:29:12.040+0000] {processor.py:161} INFO - Started process (PID=12401) to work on /home/khaled/dbt-env/lib/python3.12/site-packages/airflow/example_dags/example_task_group_decorator.py
[2025-10-22T12:29:12.050+0000] {processor.py:830} INFO - Processing file /home/khaled/dbt-env/lib/python3.12/site-packages/airflow/example_dags/example_task_group_decorator.py for tasks to queue
[2025-10-22T12:29:12.051+0000] {logging_mixin.py:188} INFO - [2025-10-22T12:29:12.051+0000] {dagbag.py:545} INFO - Filling up the DagBag from /home/khaled/dbt-env/lib/python3.12/site-packages/airflow/example_dags/example_task_group_decorator.py
[2025-10-22T12:29:12.060+0000] {processor.py:840} INFO - DAG(s) 'example_task_group_decorator' retrieved from /home/khaled/dbt-env/lib/python3.12/site-packages/airflow/example_dags/example_task_group_decorator.py
[2025-10-22T12:29:12.075+0000] {logging_mixin.py:188} INFO - [2025-10-22T12:29:12.075+0000] {dag.py:3089} INFO - Sync 1 DAGs
[2025-10-22T12:29:12.088+0000] {logging_mixin.py:188} INFO - [2025-10-22T12:29:12.088+0000] {dag.py:3947} INFO - Setting next_dagrun for example_task_group_decorator to 2025-10-21 00:00:00+00:00, run_after=2025-10-22 00:00:00+00:00
[2025-10-22T12:29:12.106+0000] {processor.py:183} INFO - Processing /home/khaled/dbt-env/lib/python3.12/site-packages/airflow/example_dags/example_task_group_decorator.py took 0.071 seconds
[2025-10-22T12:30:08.140+0000] {processor.py:161} INFO - Started process (PID=12510) to work on /home/khaled/dbt-env/lib/python3.12/site-packages/airflow/example_dags/example_task_group_decorator.py
[2025-10-22T12:30:08.142+0000] {processor.py:830} INFO - Processing file /home/khaled/dbt-env/lib/python3.12/site-packages/airflow/example_dags/example_task_group_decorator.py for tasks to queue
[2025-10-22T12:30:08.144+0000] {logging_mixin.py:188} INFO - [2025-10-22T12:30:08.144+0000] {dagbag.py:545} INFO - Filling up the DagBag from /home/khaled/dbt-env/lib/python3.12/site-packages/airflow/example_dags/example_task_group_decorator.py
[2025-10-22T12:30:08.154+0000] {processor.py:840} INFO - DAG(s) 'example_task_group_decorator' retrieved from /home/khaled/dbt-env/lib/python3.12/site-packages/airflow/example_dags/example_task_group_decorator.py
[2025-10-22T12:30:08.171+0000] {logging_mixin.py:188} INFO - [2025-10-22T12:30:08.170+0000] {dag.py:3089} INFO - Sync 1 DAGs
[2025-10-22T12:30:08.185+0000] {logging_mixin.py:188} INFO - [2025-10-22T12:30:08.185+0000] {dag.py:3947} INFO - Setting next_dagrun for example_task_group_decorator to 2025-10-21 00:00:00+00:00, run_after=2025-10-22 00:00:00+00:00
[2025-10-22T12:30:08.213+0000] {processor.py:183} INFO - Processing /home/khaled/dbt-env/lib/python3.12/site-packages/airflow/example_dags/example_task_group_decorator.py took 0.083 seconds
[2025-10-22T12:30:58.146+0000] {processor.py:161} INFO - Started process (PID=12569) to work on /home/khaled/dbt-env/lib/python3.12/site-packages/airflow/example_dags/example_task_group_decorator.py
[2025-10-22T12:30:58.147+0000] {processor.py:830} INFO - Processing file /home/khaled/dbt-env/lib/python3.12/site-packages/airflow/example_dags/example_task_group_decorator.py for tasks to queue
[2025-10-22T12:30:58.149+0000] {logging_mixin.py:188} INFO - [2025-10-22T12:30:58.148+0000] {dagbag.py:545} INFO - Filling up the DagBag from /home/khaled/dbt-env/lib/python3.12/site-packages/airflow/example_dags/example_task_group_decorator.py
[2025-10-22T12:30:58.157+0000] {processor.py:840} INFO - DAG(s) 'example_task_group_decorator' retrieved from /home/khaled/dbt-env/lib/python3.12/site-packages/airflow/example_dags/example_task_group_decorator.py
[2025-10-22T12:30:58.173+0000] {logging_mixin.py:188} INFO - [2025-10-22T12:30:58.173+0000] {dag.py:3089} INFO - Sync 1 DAGs
[2025-10-22T12:30:58.184+0000] {logging_mixin.py:188} INFO - [2025-10-22T12:30:58.184+0000] {dag.py:3947} INFO - Setting next_dagrun for example_task_group_decorator to 2025-10-21 00:00:00+00:00, run_after=2025-10-22 00:00:00+00:00
[2025-10-22T12:30:58.206+0000] {processor.py:183} INFO - Processing /home/khaled/dbt-env/lib/python3.12/site-packages/airflow/example_dags/example_task_group_decorator.py took 0.067 seconds
[2025-10-22T12:31:50.324+0000] {processor.py:161} INFO - Started process (PID=12649) to work on /home/khaled/dbt-env/lib/python3.12/site-packages/airflow/example_dags/example_task_group_decorator.py
[2025-10-22T12:31:50.328+0000] {processor.py:830} INFO - Processing file /home/khaled/dbt-env/lib/python3.12/site-packages/airflow/example_dags/example_task_group_decorator.py for tasks to queue
[2025-10-22T12:31:50.330+0000] {logging_mixin.py:188} INFO - [2025-10-22T12:31:50.329+0000] {dagbag.py:545} INFO - Filling up the DagBag from /home/khaled/dbt-env/lib/python3.12/site-packages/airflow/example_dags/example_task_group_decorator.py
[2025-10-22T12:31:50.342+0000] {processor.py:840} INFO - DAG(s) 'example_task_group_decorator' retrieved from /home/khaled/dbt-env/lib/python3.12/site-packages/airflow/example_dags/example_task_group_decorator.py
[2025-10-22T12:31:50.365+0000] {logging_mixin.py:188} INFO - [2025-10-22T12:31:50.365+0000] {dag.py:3089} INFO - Sync 1 DAGs
[2025-10-22T12:31:50.383+0000] {logging_mixin.py:188} INFO - [2025-10-22T12:31:50.383+0000] {dag.py:3947} INFO - Setting next_dagrun for example_task_group_decorator to 2025-10-21 00:00:00+00:00, run_after=2025-10-22 00:00:00+00:00
[2025-10-22T12:31:50.425+0000] {processor.py:183} INFO - Processing /home/khaled/dbt-env/lib/python3.12/site-packages/airflow/example_dags/example_task_group_decorator.py took 0.106 seconds
[2025-10-22T12:36:09.565+0000] {processor.py:161} INFO - Started process (PID=12904) to work on /home/khaled/dbt-env/lib/python3.12/site-packages/airflow/example_dags/example_task_group_decorator.py
[2025-10-22T12:36:09.568+0000] {processor.py:830} INFO - Processing file /home/khaled/dbt-env/lib/python3.12/site-packages/airflow/example_dags/example_task_group_decorator.py for tasks to queue
[2025-10-22T12:36:09.570+0000] {logging_mixin.py:188} INFO - [2025-10-22T12:36:09.569+0000] {dagbag.py:545} INFO - Filling up the DagBag from /home/khaled/dbt-env/lib/python3.12/site-packages/airflow/example_dags/example_task_group_decorator.py
[2025-10-22T12:36:09.587+0000] {processor.py:840} INFO - DAG(s) 'example_task_group_decorator' retrieved from /home/khaled/dbt-env/lib/python3.12/site-packages/airflow/example_dags/example_task_group_decorator.py
[2025-10-22T12:36:09.612+0000] {logging_mixin.py:188} INFO - [2025-10-22T12:36:09.611+0000] {dag.py:3089} INFO - Sync 1 DAGs
[2025-10-22T12:36:09.635+0000] {logging_mixin.py:188} INFO - [2025-10-22T12:36:09.635+0000] {dag.py:3947} INFO - Setting next_dagrun for example_task_group_decorator to 2025-10-21 00:00:00+00:00, run_after=2025-10-22 00:00:00+00:00
[2025-10-22T12:36:09.676+0000] {processor.py:183} INFO - Processing /home/khaled/dbt-env/lib/python3.12/site-packages/airflow/example_dags/example_task_group_decorator.py took 0.119 seconds
[2025-10-22T12:37:48.614+0000] {processor.py:161} INFO - Started process (PID=13205) to work on /home/khaled/dbt-env/lib/python3.12/site-packages/airflow/example_dags/example_task_group_decorator.py
[2025-10-22T12:37:48.625+0000] {processor.py:830} INFO - Processing file /home/khaled/dbt-env/lib/python3.12/site-packages/airflow/example_dags/example_task_group_decorator.py for tasks to queue
[2025-10-22T12:37:48.627+0000] {logging_mixin.py:188} INFO - [2025-10-22T12:37:48.627+0000] {dagbag.py:545} INFO - Filling up the DagBag from /home/khaled/dbt-env/lib/python3.12/site-packages/airflow/example_dags/example_task_group_decorator.py
[2025-10-22T12:37:48.638+0000] {processor.py:840} INFO - DAG(s) 'example_task_group_decorator' retrieved from /home/khaled/dbt-env/lib/python3.12/site-packages/airflow/example_dags/example_task_group_decorator.py
[2025-10-22T12:37:48.656+0000] {logging_mixin.py:188} INFO - [2025-10-22T12:37:48.655+0000] {dag.py:3089} INFO - Sync 1 DAGs
[2025-10-22T12:37:48.773+0000] {logging_mixin.py:188} INFO - [2025-10-22T12:37:48.773+0000] {dag.py:3947} INFO - Setting next_dagrun for example_task_group_decorator to 2025-10-21 00:00:00+00:00, run_after=2025-10-22 00:00:00+00:00
[2025-10-22T12:37:48.797+0000] {processor.py:183} INFO - Processing /home/khaled/dbt-env/lib/python3.12/site-packages/airflow/example_dags/example_task_group_decorator.py took 0.190 seconds
[2025-10-22T12:38:59.579+0000] {processor.py:161} INFO - Started process (PID=13268) to work on /home/khaled/dbt-env/lib/python3.12/site-packages/airflow/example_dags/example_task_group_decorator.py
[2025-10-22T12:38:59.590+0000] {processor.py:830} INFO - Processing file /home/khaled/dbt-env/lib/python3.12/site-packages/airflow/example_dags/example_task_group_decorator.py for tasks to queue
[2025-10-22T12:38:59.592+0000] {logging_mixin.py:188} INFO - [2025-10-22T12:38:59.591+0000] {dagbag.py:545} INFO - Filling up the DagBag from /home/khaled/dbt-env/lib/python3.12/site-packages/airflow/example_dags/example_task_group_decorator.py
[2025-10-22T12:38:59.605+0000] {processor.py:840} INFO - DAG(s) 'example_task_group_decorator' retrieved from /home/khaled/dbt-env/lib/python3.12/site-packages/airflow/example_dags/example_task_group_decorator.py
[2025-10-22T12:38:59.620+0000] {logging_mixin.py:188} INFO - [2025-10-22T12:38:59.620+0000] {dag.py:3089} INFO - Sync 1 DAGs
[2025-10-22T12:38:59.636+0000] {logging_mixin.py:188} INFO - [2025-10-22T12:38:59.636+0000] {dag.py:3947} INFO - Setting next_dagrun for example_task_group_decorator to 2025-10-21 00:00:00+00:00, run_after=2025-10-22 00:00:00+00:00
[2025-10-22T12:38:59.764+0000] {processor.py:183} INFO - Processing /home/khaled/dbt-env/lib/python3.12/site-packages/airflow/example_dags/example_task_group_decorator.py took 0.190 seconds
[2025-10-22T12:40:22.190+0000] {processor.py:161} INFO - Started process (PID=13341) to work on /home/khaled/dbt-env/lib/python3.12/site-packages/airflow/example_dags/example_task_group_decorator.py
[2025-10-22T12:40:22.191+0000] {processor.py:830} INFO - Processing file /home/khaled/dbt-env/lib/python3.12/site-packages/airflow/example_dags/example_task_group_decorator.py for tasks to queue
[2025-10-22T12:40:22.193+0000] {logging_mixin.py:188} INFO - [2025-10-22T12:40:22.192+0000] {dagbag.py:545} INFO - Filling up the DagBag from /home/khaled/dbt-env/lib/python3.12/site-packages/airflow/example_dags/example_task_group_decorator.py
[2025-10-22T12:40:22.203+0000] {processor.py:840} INFO - DAG(s) 'example_task_group_decorator' retrieved from /home/khaled/dbt-env/lib/python3.12/site-packages/airflow/example_dags/example_task_group_decorator.py
[2025-10-22T12:40:22.219+0000] {logging_mixin.py:188} INFO - [2025-10-22T12:40:22.219+0000] {dag.py:3089} INFO - Sync 1 DAGs
[2025-10-22T12:40:22.233+0000] {logging_mixin.py:188} INFO - [2025-10-22T12:40:22.233+0000] {dag.py:3947} INFO - Setting next_dagrun for example_task_group_decorator to 2025-10-21 00:00:00+00:00, run_after=2025-10-22 00:00:00+00:00
[2025-10-22T12:40:22.273+0000] {processor.py:183} INFO - Processing /home/khaled/dbt-env/lib/python3.12/site-packages/airflow/example_dags/example_task_group_decorator.py took 0.089 seconds
