[2025-10-22T12:12:24.988+0000] {processor.py:161} INFO - Started process (PID=8404) to work on /home/khaled/dbt-env/lib/python3.12/site-packages/airflow/example_dags/example_datasets.py
[2025-10-22T12:12:24.990+0000] {processor.py:830} INFO - Processing file /home/khaled/dbt-env/lib/python3.12/site-packages/airflow/example_dags/example_datasets.py for tasks to queue
[2025-10-22T12:12:24.995+0000] {logging_mixin.py:188} INFO - [2025-10-22T12:12:24.992+0000] {dagbag.py:545} INFO - Filling up the DagBag from /home/khaled/dbt-env/lib/python3.12/site-packages/airflow/example_dags/example_datasets.py
[2025-10-22T12:12:25.021+0000] {processor.py:840} INFO - DAG(s) 'dataset_consumes_unknown_never_scheduled', 'dataset_consumes_1', 'consume_1_and_2_with_dataset_expressions', 'dataset_produces_1', 'dataset_consumes_1_and_2', 'consume_1_or_both_2_and_3_with_dataset_expressions', 'conditional_dataset_and_time_based_timetable', 'dataset_produces_2', 'consume_1_or_2_with_dataset_expressions', 'dataset_consumes_1_never_scheduled' retrieved from /home/khaled/dbt-env/lib/python3.12/site-packages/airflow/example_dags/example_datasets.py
[2025-10-22T12:12:25.487+0000] {logging_mixin.py:188} INFO - [2025-10-22T12:12:25.487+0000] {dag.py:3089} INFO - Sync 10 DAGs
[2025-10-22T12:12:25.534+0000] {logging_mixin.py:188} INFO - [2025-10-22T12:12:25.534+0000] {dag.py:3947} INFO - Setting next_dagrun for conditional_dataset_and_time_based_timetable to 2025-10-22 01:00:00+00:00, run_after=2025-10-22 01:00:00+00:00
[2025-10-22T12:12:25.542+0000] {logging_mixin.py:188} INFO - [2025-10-22T12:12:25.542+0000] {dag.py:3947} INFO - Setting next_dagrun for consume_1_and_2_with_dataset_expressions to None, run_after=None
[2025-10-22T12:12:25.546+0000] {logging_mixin.py:188} INFO - [2025-10-22T12:12:25.546+0000] {dag.py:3947} INFO - Setting next_dagrun for consume_1_or_2_with_dataset_expressions to None, run_after=None
[2025-10-22T12:12:25.552+0000] {logging_mixin.py:188} INFO - [2025-10-22T12:12:25.552+0000] {dag.py:3947} INFO - Setting next_dagrun for consume_1_or_both_2_and_3_with_dataset_expressions to None, run_after=None
[2025-10-22T12:12:25.554+0000] {logging_mixin.py:188} INFO - [2025-10-22T12:12:25.554+0000] {dag.py:3947} INFO - Setting next_dagrun for dataset_consumes_1 to None, run_after=None
[2025-10-22T12:12:25.556+0000] {logging_mixin.py:188} INFO - [2025-10-22T12:12:25.555+0000] {dag.py:3947} INFO - Setting next_dagrun for dataset_consumes_1_and_2 to None, run_after=None
[2025-10-22T12:12:25.557+0000] {logging_mixin.py:188} INFO - [2025-10-22T12:12:25.557+0000] {dag.py:3947} INFO - Setting next_dagrun for dataset_consumes_1_never_scheduled to None, run_after=None
[2025-10-22T12:12:25.558+0000] {logging_mixin.py:188} INFO - [2025-10-22T12:12:25.558+0000] {dag.py:3947} INFO - Setting next_dagrun for dataset_consumes_unknown_never_scheduled to None, run_after=None
[2025-10-22T12:12:25.560+0000] {logging_mixin.py:188} INFO - [2025-10-22T12:12:25.560+0000] {dag.py:3947} INFO - Setting next_dagrun for dataset_produces_1 to 2025-10-21 00:00:00+00:00, run_after=2025-10-22 00:00:00+00:00
[2025-10-22T12:12:25.562+0000] {logging_mixin.py:188} INFO - [2025-10-22T12:12:25.562+0000] {dag.py:3947} INFO - Setting next_dagrun for dataset_produces_2 to None, run_after=None
[2025-10-22T12:12:25.645+0000] {processor.py:183} INFO - Processing /home/khaled/dbt-env/lib/python3.12/site-packages/airflow/example_dags/example_datasets.py took 0.690 seconds
[2025-10-22T12:13:51.590+0000] {processor.py:161} INFO - Started process (PID=9284) to work on /home/khaled/dbt-env/lib/python3.12/site-packages/airflow/example_dags/example_datasets.py
[2025-10-22T12:13:51.603+0000] {processor.py:830} INFO - Processing file /home/khaled/dbt-env/lib/python3.12/site-packages/airflow/example_dags/example_datasets.py for tasks to queue
[2025-10-22T12:13:51.605+0000] {logging_mixin.py:188} INFO - [2025-10-22T12:13:51.604+0000] {dagbag.py:545} INFO - Filling up the DagBag from /home/khaled/dbt-env/lib/python3.12/site-packages/airflow/example_dags/example_datasets.py
[2025-10-22T12:13:51.623+0000] {processor.py:840} INFO - DAG(s) 'dataset_consumes_1_never_scheduled', 'dataset_consumes_1', 'consume_1_or_2_with_dataset_expressions', 'dataset_consumes_unknown_never_scheduled', 'consume_1_or_both_2_and_3_with_dataset_expressions', 'dataset_consumes_1_and_2', 'conditional_dataset_and_time_based_timetable', 'dataset_produces_1', 'dataset_produces_2', 'consume_1_and_2_with_dataset_expressions' retrieved from /home/khaled/dbt-env/lib/python3.12/site-packages/airflow/example_dags/example_datasets.py
[2025-10-22T12:13:51.665+0000] {logging_mixin.py:188} INFO - [2025-10-22T12:13:51.665+0000] {dag.py:3089} INFO - Sync 10 DAGs
[2025-10-22T12:13:51.689+0000] {logging_mixin.py:188} INFO - [2025-10-22T12:13:51.689+0000] {dag.py:3947} INFO - Setting next_dagrun for conditional_dataset_and_time_based_timetable to 2025-10-22 01:00:00+00:00, run_after=2025-10-22 01:00:00+00:00
[2025-10-22T12:13:51.693+0000] {logging_mixin.py:188} INFO - [2025-10-22T12:13:51.693+0000] {dag.py:3947} INFO - Setting next_dagrun for consume_1_and_2_with_dataset_expressions to None, run_after=None
[2025-10-22T12:13:51.694+0000] {logging_mixin.py:188} INFO - [2025-10-22T12:13:51.694+0000] {dag.py:3947} INFO - Setting next_dagrun for consume_1_or_2_with_dataset_expressions to None, run_after=None
[2025-10-22T12:13:51.695+0000] {logging_mixin.py:188} INFO - [2025-10-22T12:13:51.695+0000] {dag.py:3947} INFO - Setting next_dagrun for consume_1_or_both_2_and_3_with_dataset_expressions to None, run_after=None
[2025-10-22T12:13:51.696+0000] {logging_mixin.py:188} INFO - [2025-10-22T12:13:51.696+0000] {dag.py:3947} INFO - Setting next_dagrun for dataset_consumes_1 to None, run_after=None
[2025-10-22T12:13:51.697+0000] {logging_mixin.py:188} INFO - [2025-10-22T12:13:51.697+0000] {dag.py:3947} INFO - Setting next_dagrun for dataset_consumes_1_and_2 to None, run_after=None
[2025-10-22T12:13:51.698+0000] {logging_mixin.py:188} INFO - [2025-10-22T12:13:51.698+0000] {dag.py:3947} INFO - Setting next_dagrun for dataset_consumes_1_never_scheduled to None, run_after=None
[2025-10-22T12:13:51.699+0000] {logging_mixin.py:188} INFO - [2025-10-22T12:13:51.699+0000] {dag.py:3947} INFO - Setting next_dagrun for dataset_consumes_unknown_never_scheduled to None, run_after=None
[2025-10-22T12:13:51.701+0000] {logging_mixin.py:188} INFO - [2025-10-22T12:13:51.701+0000] {dag.py:3947} INFO - Setting next_dagrun for dataset_produces_1 to 2025-10-21 00:00:00+00:00, run_after=2025-10-22 00:00:00+00:00
[2025-10-22T12:13:51.702+0000] {logging_mixin.py:188} INFO - [2025-10-22T12:13:51.702+0000] {dag.py:3947} INFO - Setting next_dagrun for dataset_produces_2 to None, run_after=None
[2025-10-22T12:13:51.735+0000] {processor.py:183} INFO - Processing /home/khaled/dbt-env/lib/python3.12/site-packages/airflow/example_dags/example_datasets.py took 0.160 seconds
[2025-10-22T12:14:48.887+0000] {processor.py:161} INFO - Started process (PID=9349) to work on /home/khaled/dbt-env/lib/python3.12/site-packages/airflow/example_dags/example_datasets.py
[2025-10-22T12:14:48.890+0000] {processor.py:830} INFO - Processing file /home/khaled/dbt-env/lib/python3.12/site-packages/airflow/example_dags/example_datasets.py for tasks to queue
[2025-10-22T12:14:48.892+0000] {logging_mixin.py:188} INFO - [2025-10-22T12:14:48.891+0000] {dagbag.py:545} INFO - Filling up the DagBag from /home/khaled/dbt-env/lib/python3.12/site-packages/airflow/example_dags/example_datasets.py
[2025-10-22T12:14:48.902+0000] {processor.py:840} INFO - DAG(s) 'dataset_consumes_1', 'dataset_produces_2', 'dataset_consumes_1_and_2', 'consume_1_or_both_2_and_3_with_dataset_expressions', 'dataset_consumes_1_never_scheduled', 'dataset_consumes_unknown_never_scheduled', 'consume_1_and_2_with_dataset_expressions', 'dataset_produces_1', 'conditional_dataset_and_time_based_timetable', 'consume_1_or_2_with_dataset_expressions' retrieved from /home/khaled/dbt-env/lib/python3.12/site-packages/airflow/example_dags/example_datasets.py
[2025-10-22T12:14:48.929+0000] {logging_mixin.py:188} INFO - [2025-10-22T12:14:48.929+0000] {dag.py:3089} INFO - Sync 10 DAGs
[2025-10-22T12:14:48.949+0000] {logging_mixin.py:188} INFO - [2025-10-22T12:14:48.949+0000] {dag.py:3947} INFO - Setting next_dagrun for conditional_dataset_and_time_based_timetable to 2025-10-22 01:00:00+00:00, run_after=2025-10-22 01:00:00+00:00
[2025-10-22T12:14:48.951+0000] {logging_mixin.py:188} INFO - [2025-10-22T12:14:48.951+0000] {dag.py:3947} INFO - Setting next_dagrun for consume_1_and_2_with_dataset_expressions to None, run_after=None
[2025-10-22T12:14:48.951+0000] {logging_mixin.py:188} INFO - [2025-10-22T12:14:48.951+0000] {dag.py:3947} INFO - Setting next_dagrun for consume_1_or_2_with_dataset_expressions to None, run_after=None
[2025-10-22T12:14:48.952+0000] {logging_mixin.py:188} INFO - [2025-10-22T12:14:48.952+0000] {dag.py:3947} INFO - Setting next_dagrun for consume_1_or_both_2_and_3_with_dataset_expressions to None, run_after=None
[2025-10-22T12:14:48.952+0000] {logging_mixin.py:188} INFO - [2025-10-22T12:14:48.952+0000] {dag.py:3947} INFO - Setting next_dagrun for dataset_consumes_1 to None, run_after=None
[2025-10-22T12:14:48.953+0000] {logging_mixin.py:188} INFO - [2025-10-22T12:14:48.953+0000] {dag.py:3947} INFO - Setting next_dagrun for dataset_consumes_1_and_2 to None, run_after=None
[2025-10-22T12:14:48.953+0000] {logging_mixin.py:188} INFO - [2025-10-22T12:14:48.953+0000] {dag.py:3947} INFO - Setting next_dagrun for dataset_consumes_1_never_scheduled to None, run_after=None
[2025-10-22T12:14:48.954+0000] {logging_mixin.py:188} INFO - [2025-10-22T12:14:48.954+0000] {dag.py:3947} INFO - Setting next_dagrun for dataset_consumes_unknown_never_scheduled to None, run_after=None
[2025-10-22T12:14:48.955+0000] {logging_mixin.py:188} INFO - [2025-10-22T12:14:48.955+0000] {dag.py:3947} INFO - Setting next_dagrun for dataset_produces_1 to 2025-10-21 00:00:00+00:00, run_after=2025-10-22 00:00:00+00:00
[2025-10-22T12:14:48.955+0000] {logging_mixin.py:188} INFO - [2025-10-22T12:14:48.955+0000] {dag.py:3947} INFO - Setting next_dagrun for dataset_produces_2 to None, run_after=None
[2025-10-22T12:14:48.982+0000] {processor.py:183} INFO - Processing /home/khaled/dbt-env/lib/python3.12/site-packages/airflow/example_dags/example_datasets.py took 0.100 seconds
[2025-10-22T12:15:43.192+0000] {processor.py:161} INFO - Started process (PID=9619) to work on /home/khaled/dbt-env/lib/python3.12/site-packages/airflow/example_dags/example_datasets.py
[2025-10-22T12:15:43.204+0000] {processor.py:830} INFO - Processing file /home/khaled/dbt-env/lib/python3.12/site-packages/airflow/example_dags/example_datasets.py for tasks to queue
[2025-10-22T12:15:43.205+0000] {logging_mixin.py:188} INFO - [2025-10-22T12:15:43.205+0000] {dagbag.py:545} INFO - Filling up the DagBag from /home/khaled/dbt-env/lib/python3.12/site-packages/airflow/example_dags/example_datasets.py
[2025-10-22T12:15:43.213+0000] {processor.py:840} INFO - DAG(s) 'consume_1_or_both_2_and_3_with_dataset_expressions', 'conditional_dataset_and_time_based_timetable', 'consume_1_and_2_with_dataset_expressions', 'consume_1_or_2_with_dataset_expressions', 'dataset_consumes_1', 'dataset_produces_1', 'dataset_consumes_1_and_2', 'dataset_produces_2', 'dataset_consumes_1_never_scheduled', 'dataset_consumes_unknown_never_scheduled' retrieved from /home/khaled/dbt-env/lib/python3.12/site-packages/airflow/example_dags/example_datasets.py
[2025-10-22T12:15:43.237+0000] {logging_mixin.py:188} INFO - [2025-10-22T12:15:43.237+0000] {dag.py:3089} INFO - Sync 10 DAGs
[2025-10-22T12:15:43.254+0000] {logging_mixin.py:188} INFO - [2025-10-22T12:15:43.254+0000] {dag.py:3947} INFO - Setting next_dagrun for conditional_dataset_and_time_based_timetable to 2025-10-22 01:00:00+00:00, run_after=2025-10-22 01:00:00+00:00
[2025-10-22T12:15:43.256+0000] {logging_mixin.py:188} INFO - [2025-10-22T12:15:43.256+0000] {dag.py:3947} INFO - Setting next_dagrun for consume_1_and_2_with_dataset_expressions to None, run_after=None
[2025-10-22T12:15:43.257+0000] {logging_mixin.py:188} INFO - [2025-10-22T12:15:43.257+0000] {dag.py:3947} INFO - Setting next_dagrun for consume_1_or_2_with_dataset_expressions to None, run_after=None
[2025-10-22T12:15:43.257+0000] {logging_mixin.py:188} INFO - [2025-10-22T12:15:43.257+0000] {dag.py:3947} INFO - Setting next_dagrun for consume_1_or_both_2_and_3_with_dataset_expressions to None, run_after=None
[2025-10-22T12:15:43.258+0000] {logging_mixin.py:188} INFO - [2025-10-22T12:15:43.257+0000] {dag.py:3947} INFO - Setting next_dagrun for dataset_consumes_1 to None, run_after=None
[2025-10-22T12:15:43.258+0000] {logging_mixin.py:188} INFO - [2025-10-22T12:15:43.258+0000] {dag.py:3947} INFO - Setting next_dagrun for dataset_consumes_1_and_2 to None, run_after=None
[2025-10-22T12:15:43.259+0000] {logging_mixin.py:188} INFO - [2025-10-22T12:15:43.259+0000] {dag.py:3947} INFO - Setting next_dagrun for dataset_consumes_1_never_scheduled to None, run_after=None
[2025-10-22T12:15:43.259+0000] {logging_mixin.py:188} INFO - [2025-10-22T12:15:43.259+0000] {dag.py:3947} INFO - Setting next_dagrun for dataset_consumes_unknown_never_scheduled to None, run_after=None
[2025-10-22T12:15:43.260+0000] {logging_mixin.py:188} INFO - [2025-10-22T12:15:43.260+0000] {dag.py:3947} INFO - Setting next_dagrun for dataset_produces_1 to 2025-10-21 00:00:00+00:00, run_after=2025-10-22 00:00:00+00:00
[2025-10-22T12:15:43.261+0000] {logging_mixin.py:188} INFO - [2025-10-22T12:15:43.261+0000] {dag.py:3947} INFO - Setting next_dagrun for dataset_produces_2 to None, run_after=None
[2025-10-22T12:15:43.286+0000] {processor.py:183} INFO - Processing /home/khaled/dbt-env/lib/python3.12/site-packages/airflow/example_dags/example_datasets.py took 0.099 seconds
[2025-10-22T12:16:58.078+0000] {processor.py:161} INFO - Started process (PID=9800) to work on /home/khaled/dbt-env/lib/python3.12/site-packages/airflow/example_dags/example_datasets.py
[2025-10-22T12:16:58.092+0000] {processor.py:830} INFO - Processing file /home/khaled/dbt-env/lib/python3.12/site-packages/airflow/example_dags/example_datasets.py for tasks to queue
[2025-10-22T12:16:58.094+0000] {logging_mixin.py:188} INFO - [2025-10-22T12:16:58.094+0000] {dagbag.py:545} INFO - Filling up the DagBag from /home/khaled/dbt-env/lib/python3.12/site-packages/airflow/example_dags/example_datasets.py
[2025-10-22T12:16:58.130+0000] {processor.py:840} INFO - DAG(s) 'dataset_produces_1', 'dataset_consumes_unknown_never_scheduled', 'consume_1_or_2_with_dataset_expressions', 'dataset_consumes_1_and_2', 'dataset_consumes_1_never_scheduled', 'conditional_dataset_and_time_based_timetable', 'dataset_produces_2', 'consume_1_and_2_with_dataset_expressions', 'consume_1_or_both_2_and_3_with_dataset_expressions', 'dataset_consumes_1' retrieved from /home/khaled/dbt-env/lib/python3.12/site-packages/airflow/example_dags/example_datasets.py
[2025-10-22T12:16:58.195+0000] {logging_mixin.py:188} INFO - [2025-10-22T12:16:58.195+0000] {dag.py:3089} INFO - Sync 10 DAGs
[2025-10-22T12:16:58.231+0000] {logging_mixin.py:188} INFO - [2025-10-22T12:16:58.231+0000] {dag.py:3947} INFO - Setting next_dagrun for conditional_dataset_and_time_based_timetable to 2025-10-22 01:00:00+00:00, run_after=2025-10-22 01:00:00+00:00
[2025-10-22T12:16:58.235+0000] {logging_mixin.py:188} INFO - [2025-10-22T12:16:58.235+0000] {dag.py:3947} INFO - Setting next_dagrun for consume_1_and_2_with_dataset_expressions to None, run_after=None
[2025-10-22T12:16:58.236+0000] {logging_mixin.py:188} INFO - [2025-10-22T12:16:58.236+0000] {dag.py:3947} INFO - Setting next_dagrun for consume_1_or_2_with_dataset_expressions to None, run_after=None
[2025-10-22T12:16:58.242+0000] {logging_mixin.py:188} INFO - [2025-10-22T12:16:58.237+0000] {dag.py:3947} INFO - Setting next_dagrun for consume_1_or_both_2_and_3_with_dataset_expressions to None, run_after=None
[2025-10-22T12:16:58.242+0000] {logging_mixin.py:188} INFO - [2025-10-22T12:16:58.242+0000] {dag.py:3947} INFO - Setting next_dagrun for dataset_consumes_1 to None, run_after=None
[2025-10-22T12:16:58.244+0000] {logging_mixin.py:188} INFO - [2025-10-22T12:16:58.244+0000] {dag.py:3947} INFO - Setting next_dagrun for dataset_consumes_1_and_2 to None, run_after=None
[2025-10-22T12:16:58.249+0000] {logging_mixin.py:188} INFO - [2025-10-22T12:16:58.249+0000] {dag.py:3947} INFO - Setting next_dagrun for dataset_consumes_1_never_scheduled to None, run_after=None
[2025-10-22T12:16:58.256+0000] {logging_mixin.py:188} INFO - [2025-10-22T12:16:58.254+0000] {dag.py:3947} INFO - Setting next_dagrun for dataset_consumes_unknown_never_scheduled to None, run_after=None
[2025-10-22T12:16:58.267+0000] {logging_mixin.py:188} INFO - [2025-10-22T12:16:58.261+0000] {dag.py:3947} INFO - Setting next_dagrun for dataset_produces_1 to 2025-10-21 00:00:00+00:00, run_after=2025-10-22 00:00:00+00:00
[2025-10-22T12:16:58.269+0000] {logging_mixin.py:188} INFO - [2025-10-22T12:16:58.267+0000] {dag.py:3947} INFO - Setting next_dagrun for dataset_produces_2 to None, run_after=None
[2025-10-22T12:16:58.332+0000] {processor.py:183} INFO - Processing /home/khaled/dbt-env/lib/python3.12/site-packages/airflow/example_dags/example_datasets.py took 0.264 seconds
[2025-10-22T12:18:31.952+0000] {processor.py:161} INFO - Started process (PID=10263) to work on /home/khaled/dbt-env/lib/python3.12/site-packages/airflow/example_dags/example_datasets.py
[2025-10-22T12:18:31.967+0000] {processor.py:830} INFO - Processing file /home/khaled/dbt-env/lib/python3.12/site-packages/airflow/example_dags/example_datasets.py for tasks to queue
[2025-10-22T12:18:31.974+0000] {logging_mixin.py:188} INFO - [2025-10-22T12:18:31.968+0000] {dagbag.py:545} INFO - Filling up the DagBag from /home/khaled/dbt-env/lib/python3.12/site-packages/airflow/example_dags/example_datasets.py
[2025-10-22T12:18:31.988+0000] {processor.py:840} INFO - DAG(s) 'dataset_produces_1', 'consume_1_and_2_with_dataset_expressions', 'dataset_consumes_unknown_never_scheduled', 'dataset_produces_2', 'consume_1_or_2_with_dataset_expressions', 'consume_1_or_both_2_and_3_with_dataset_expressions', 'conditional_dataset_and_time_based_timetable', 'dataset_consumes_1', 'dataset_consumes_1_never_scheduled', 'dataset_consumes_1_and_2' retrieved from /home/khaled/dbt-env/lib/python3.12/site-packages/airflow/example_dags/example_datasets.py
[2025-10-22T12:18:32.010+0000] {logging_mixin.py:188} INFO - [2025-10-22T12:18:32.010+0000] {dag.py:3089} INFO - Sync 10 DAGs
[2025-10-22T12:18:32.050+0000] {logging_mixin.py:188} INFO - [2025-10-22T12:18:32.050+0000] {dag.py:3947} INFO - Setting next_dagrun for conditional_dataset_and_time_based_timetable to 2025-10-22 01:00:00+00:00, run_after=2025-10-22 01:00:00+00:00
[2025-10-22T12:18:32.053+0000] {logging_mixin.py:188} INFO - [2025-10-22T12:18:32.052+0000] {dag.py:3947} INFO - Setting next_dagrun for consume_1_and_2_with_dataset_expressions to None, run_after=None
[2025-10-22T12:18:32.054+0000] {logging_mixin.py:188} INFO - [2025-10-22T12:18:32.053+0000] {dag.py:3947} INFO - Setting next_dagrun for consume_1_or_2_with_dataset_expressions to None, run_after=None
[2025-10-22T12:18:32.055+0000] {logging_mixin.py:188} INFO - [2025-10-22T12:18:32.054+0000] {dag.py:3947} INFO - Setting next_dagrun for consume_1_or_both_2_and_3_with_dataset_expressions to None, run_after=None
[2025-10-22T12:18:32.056+0000] {logging_mixin.py:188} INFO - [2025-10-22T12:18:32.055+0000] {dag.py:3947} INFO - Setting next_dagrun for dataset_consumes_1 to None, run_after=None
[2025-10-22T12:18:32.056+0000] {logging_mixin.py:188} INFO - [2025-10-22T12:18:32.056+0000] {dag.py:3947} INFO - Setting next_dagrun for dataset_consumes_1_and_2 to None, run_after=None
[2025-10-22T12:18:32.057+0000] {logging_mixin.py:188} INFO - [2025-10-22T12:18:32.057+0000] {dag.py:3947} INFO - Setting next_dagrun for dataset_consumes_1_never_scheduled to None, run_after=None
[2025-10-22T12:18:32.058+0000] {logging_mixin.py:188} INFO - [2025-10-22T12:18:32.058+0000] {dag.py:3947} INFO - Setting next_dagrun for dataset_consumes_unknown_never_scheduled to None, run_after=None
[2025-10-22T12:18:32.059+0000] {logging_mixin.py:188} INFO - [2025-10-22T12:18:32.059+0000] {dag.py:3947} INFO - Setting next_dagrun for dataset_produces_1 to 2025-10-21 00:00:00+00:00, run_after=2025-10-22 00:00:00+00:00
[2025-10-22T12:18:32.060+0000] {logging_mixin.py:188} INFO - [2025-10-22T12:18:32.060+0000] {dag.py:3947} INFO - Setting next_dagrun for dataset_produces_2 to None, run_after=None
[2025-10-22T12:18:32.241+0000] {processor.py:183} INFO - Processing /home/khaled/dbt-env/lib/python3.12/site-packages/airflow/example_dags/example_datasets.py took 0.296 seconds
[2025-10-22T12:22:49.884+0000] {processor.py:161} INFO - Started process (PID=10702) to work on /home/khaled/dbt-env/lib/python3.12/site-packages/airflow/example_dags/example_datasets.py
[2025-10-22T12:22:49.895+0000] {processor.py:830} INFO - Processing file /home/khaled/dbt-env/lib/python3.12/site-packages/airflow/example_dags/example_datasets.py for tasks to queue
[2025-10-22T12:22:49.896+0000] {logging_mixin.py:188} INFO - [2025-10-22T12:22:49.896+0000] {dagbag.py:545} INFO - Filling up the DagBag from /home/khaled/dbt-env/lib/python3.12/site-packages/airflow/example_dags/example_datasets.py
[2025-10-22T12:22:49.907+0000] {processor.py:840} INFO - DAG(s) 'dataset_consumes_1_never_scheduled', 'dataset_produces_2', 'dataset_consumes_1', 'conditional_dataset_and_time_based_timetable', 'dataset_consumes_unknown_never_scheduled', 'dataset_produces_1', 'consume_1_and_2_with_dataset_expressions', 'consume_1_or_both_2_and_3_with_dataset_expressions', 'dataset_consumes_1_and_2', 'consume_1_or_2_with_dataset_expressions' retrieved from /home/khaled/dbt-env/lib/python3.12/site-packages/airflow/example_dags/example_datasets.py
[2025-10-22T12:22:49.933+0000] {logging_mixin.py:188} INFO - [2025-10-22T12:22:49.933+0000] {dag.py:3089} INFO - Sync 10 DAGs
[2025-10-22T12:22:49.949+0000] {logging_mixin.py:188} INFO - [2025-10-22T12:22:49.949+0000] {dag.py:3947} INFO - Setting next_dagrun for conditional_dataset_and_time_based_timetable to 2025-10-22 01:00:00+00:00, run_after=2025-10-22 01:00:00+00:00
[2025-10-22T12:22:49.951+0000] {logging_mixin.py:188} INFO - [2025-10-22T12:22:49.951+0000] {dag.py:3947} INFO - Setting next_dagrun for consume_1_and_2_with_dataset_expressions to None, run_after=None
[2025-10-22T12:22:49.952+0000] {logging_mixin.py:188} INFO - [2025-10-22T12:22:49.952+0000] {dag.py:3947} INFO - Setting next_dagrun for consume_1_or_2_with_dataset_expressions to None, run_after=None
[2025-10-22T12:22:49.953+0000] {logging_mixin.py:188} INFO - [2025-10-22T12:22:49.952+0000] {dag.py:3947} INFO - Setting next_dagrun for consume_1_or_both_2_and_3_with_dataset_expressions to None, run_after=None
[2025-10-22T12:22:49.953+0000] {logging_mixin.py:188} INFO - [2025-10-22T12:22:49.953+0000] {dag.py:3947} INFO - Setting next_dagrun for dataset_consumes_1 to None, run_after=None
[2025-10-22T12:22:49.954+0000] {logging_mixin.py:188} INFO - [2025-10-22T12:22:49.954+0000] {dag.py:3947} INFO - Setting next_dagrun for dataset_consumes_1_and_2 to None, run_after=None
[2025-10-22T12:22:49.954+0000] {logging_mixin.py:188} INFO - [2025-10-22T12:22:49.954+0000] {dag.py:3947} INFO - Setting next_dagrun for dataset_consumes_1_never_scheduled to None, run_after=None
[2025-10-22T12:22:49.955+0000] {logging_mixin.py:188} INFO - [2025-10-22T12:22:49.955+0000] {dag.py:3947} INFO - Setting next_dagrun for dataset_consumes_unknown_never_scheduled to None, run_after=None
[2025-10-22T12:22:49.956+0000] {logging_mixin.py:188} INFO - [2025-10-22T12:22:49.956+0000] {dag.py:3947} INFO - Setting next_dagrun for dataset_produces_1 to 2025-10-21 00:00:00+00:00, run_after=2025-10-22 00:00:00+00:00
[2025-10-22T12:22:49.956+0000] {logging_mixin.py:188} INFO - [2025-10-22T12:22:49.956+0000] {dag.py:3947} INFO - Setting next_dagrun for dataset_produces_2 to None, run_after=None
[2025-10-22T12:22:49.981+0000] {processor.py:183} INFO - Processing /home/khaled/dbt-env/lib/python3.12/site-packages/airflow/example_dags/example_datasets.py took 0.103 seconds
[2025-10-22T12:23:49.352+0000] {processor.py:161} INFO - Started process (PID=11210) to work on /home/khaled/dbt-env/lib/python3.12/site-packages/airflow/example_dags/example_datasets.py
[2025-10-22T12:23:49.354+0000] {processor.py:830} INFO - Processing file /home/khaled/dbt-env/lib/python3.12/site-packages/airflow/example_dags/example_datasets.py for tasks to queue
[2025-10-22T12:23:49.357+0000] {logging_mixin.py:188} INFO - [2025-10-22T12:23:49.356+0000] {dagbag.py:545} INFO - Filling up the DagBag from /home/khaled/dbt-env/lib/python3.12/site-packages/airflow/example_dags/example_datasets.py
[2025-10-22T12:23:49.366+0000] {processor.py:840} INFO - DAG(s) 'dataset_consumes_1_and_2', 'dataset_produces_2', 'dataset_consumes_unknown_never_scheduled', 'dataset_produces_1', 'conditional_dataset_and_time_based_timetable', 'consume_1_or_2_with_dataset_expressions', 'consume_1_and_2_with_dataset_expressions', 'consume_1_or_both_2_and_3_with_dataset_expressions', 'dataset_consumes_1', 'dataset_consumes_1_never_scheduled' retrieved from /home/khaled/dbt-env/lib/python3.12/site-packages/airflow/example_dags/example_datasets.py
[2025-10-22T12:23:49.394+0000] {logging_mixin.py:188} INFO - [2025-10-22T12:23:49.394+0000] {dag.py:3089} INFO - Sync 10 DAGs
[2025-10-22T12:23:49.410+0000] {logging_mixin.py:188} INFO - [2025-10-22T12:23:49.410+0000] {dag.py:3947} INFO - Setting next_dagrun for conditional_dataset_and_time_based_timetable to 2025-10-22 01:00:00+00:00, run_after=2025-10-22 01:00:00+00:00
[2025-10-22T12:23:49.413+0000] {logging_mixin.py:188} INFO - [2025-10-22T12:23:49.413+0000] {dag.py:3947} INFO - Setting next_dagrun for consume_1_and_2_with_dataset_expressions to None, run_after=None
[2025-10-22T12:23:49.414+0000] {logging_mixin.py:188} INFO - [2025-10-22T12:23:49.413+0000] {dag.py:3947} INFO - Setting next_dagrun for consume_1_or_2_with_dataset_expressions to None, run_after=None
[2025-10-22T12:23:49.414+0000] {logging_mixin.py:188} INFO - [2025-10-22T12:23:49.414+0000] {dag.py:3947} INFO - Setting next_dagrun for consume_1_or_both_2_and_3_with_dataset_expressions to None, run_after=None
[2025-10-22T12:23:49.415+0000] {logging_mixin.py:188} INFO - [2025-10-22T12:23:49.414+0000] {dag.py:3947} INFO - Setting next_dagrun for dataset_consumes_1 to None, run_after=None
[2025-10-22T12:23:49.415+0000] {logging_mixin.py:188} INFO - [2025-10-22T12:23:49.415+0000] {dag.py:3947} INFO - Setting next_dagrun for dataset_consumes_1_and_2 to None, run_after=None
[2025-10-22T12:23:49.415+0000] {logging_mixin.py:188} INFO - [2025-10-22T12:23:49.415+0000] {dag.py:3947} INFO - Setting next_dagrun for dataset_consumes_1_never_scheduled to None, run_after=None
[2025-10-22T12:23:49.416+0000] {logging_mixin.py:188} INFO - [2025-10-22T12:23:49.416+0000] {dag.py:3947} INFO - Setting next_dagrun for dataset_consumes_unknown_never_scheduled to None, run_after=None
[2025-10-22T12:23:49.417+0000] {logging_mixin.py:188} INFO - [2025-10-22T12:23:49.417+0000] {dag.py:3947} INFO - Setting next_dagrun for dataset_produces_1 to 2025-10-21 00:00:00+00:00, run_after=2025-10-22 00:00:00+00:00
[2025-10-22T12:23:49.417+0000] {logging_mixin.py:188} INFO - [2025-10-22T12:23:49.417+0000] {dag.py:3947} INFO - Setting next_dagrun for dataset_produces_2 to None, run_after=None
[2025-10-22T12:23:49.446+0000] {processor.py:183} INFO - Processing /home/khaled/dbt-env/lib/python3.12/site-packages/airflow/example_dags/example_datasets.py took 0.098 seconds
[2025-10-22T12:24:42.833+0000] {processor.py:161} INFO - Started process (PID=11349) to work on /home/khaled/dbt-env/lib/python3.12/site-packages/airflow/example_dags/example_datasets.py
[2025-10-22T12:24:42.835+0000] {processor.py:830} INFO - Processing file /home/khaled/dbt-env/lib/python3.12/site-packages/airflow/example_dags/example_datasets.py for tasks to queue
[2025-10-22T12:24:42.839+0000] {logging_mixin.py:188} INFO - [2025-10-22T12:24:42.837+0000] {dagbag.py:545} INFO - Filling up the DagBag from /home/khaled/dbt-env/lib/python3.12/site-packages/airflow/example_dags/example_datasets.py
[2025-10-22T12:24:42.868+0000] {processor.py:840} INFO - DAG(s) 'conditional_dataset_and_time_based_timetable', 'consume_1_or_2_with_dataset_expressions', 'dataset_consumes_1', 'dataset_produces_2', 'dataset_consumes_1_never_scheduled', 'dataset_consumes_1_and_2', 'dataset_produces_1', 'consume_1_and_2_with_dataset_expressions', 'dataset_consumes_unknown_never_scheduled', 'consume_1_or_both_2_and_3_with_dataset_expressions' retrieved from /home/khaled/dbt-env/lib/python3.12/site-packages/airflow/example_dags/example_datasets.py
[2025-10-22T12:24:42.954+0000] {logging_mixin.py:188} INFO - [2025-10-22T12:24:42.954+0000] {dag.py:3089} INFO - Sync 10 DAGs
[2025-10-22T12:24:43.002+0000] {logging_mixin.py:188} INFO - [2025-10-22T12:24:43.001+0000] {dag.py:3947} INFO - Setting next_dagrun for conditional_dataset_and_time_based_timetable to 2025-10-22 01:00:00+00:00, run_after=2025-10-22 01:00:00+00:00
[2025-10-22T12:24:43.005+0000] {logging_mixin.py:188} INFO - [2025-10-22T12:24:43.005+0000] {dag.py:3947} INFO - Setting next_dagrun for consume_1_and_2_with_dataset_expressions to None, run_after=None
[2025-10-22T12:24:43.006+0000] {logging_mixin.py:188} INFO - [2025-10-22T12:24:43.006+0000] {dag.py:3947} INFO - Setting next_dagrun for consume_1_or_2_with_dataset_expressions to None, run_after=None
[2025-10-22T12:24:43.006+0000] {logging_mixin.py:188} INFO - [2025-10-22T12:24:43.006+0000] {dag.py:3947} INFO - Setting next_dagrun for consume_1_or_both_2_and_3_with_dataset_expressions to None, run_after=None
[2025-10-22T12:24:43.007+0000] {logging_mixin.py:188} INFO - [2025-10-22T12:24:43.007+0000] {dag.py:3947} INFO - Setting next_dagrun for dataset_consumes_1 to None, run_after=None
[2025-10-22T12:24:43.007+0000] {logging_mixin.py:188} INFO - [2025-10-22T12:24:43.007+0000] {dag.py:3947} INFO - Setting next_dagrun for dataset_consumes_1_and_2 to None, run_after=None
[2025-10-22T12:24:43.008+0000] {logging_mixin.py:188} INFO - [2025-10-22T12:24:43.008+0000] {dag.py:3947} INFO - Setting next_dagrun for dataset_consumes_1_never_scheduled to None, run_after=None
[2025-10-22T12:24:43.008+0000] {logging_mixin.py:188} INFO - [2025-10-22T12:24:43.008+0000] {dag.py:3947} INFO - Setting next_dagrun for dataset_consumes_unknown_never_scheduled to None, run_after=None
[2025-10-22T12:24:43.009+0000] {logging_mixin.py:188} INFO - [2025-10-22T12:24:43.009+0000] {dag.py:3947} INFO - Setting next_dagrun for dataset_produces_1 to 2025-10-21 00:00:00+00:00, run_after=2025-10-22 00:00:00+00:00
[2025-10-22T12:24:43.010+0000] {logging_mixin.py:188} INFO - [2025-10-22T12:24:43.009+0000] {dag.py:3947} INFO - Setting next_dagrun for dataset_produces_2 to None, run_after=None
[2025-10-22T12:24:43.046+0000] {processor.py:183} INFO - Processing /home/khaled/dbt-env/lib/python3.12/site-packages/airflow/example_dags/example_datasets.py took 0.219 seconds
[2025-10-22T12:25:40.359+0000] {processor.py:161} INFO - Started process (PID=11431) to work on /home/khaled/dbt-env/lib/python3.12/site-packages/airflow/example_dags/example_datasets.py
[2025-10-22T12:25:40.370+0000] {processor.py:830} INFO - Processing file /home/khaled/dbt-env/lib/python3.12/site-packages/airflow/example_dags/example_datasets.py for tasks to queue
[2025-10-22T12:25:40.372+0000] {logging_mixin.py:188} INFO - [2025-10-22T12:25:40.371+0000] {dagbag.py:545} INFO - Filling up the DagBag from /home/khaled/dbt-env/lib/python3.12/site-packages/airflow/example_dags/example_datasets.py
[2025-10-22T12:25:40.397+0000] {processor.py:840} INFO - DAG(s) 'consume_1_or_both_2_and_3_with_dataset_expressions', 'dataset_consumes_1_and_2', 'conditional_dataset_and_time_based_timetable', 'dataset_consumes_1_never_scheduled', 'dataset_consumes_1', 'consume_1_and_2_with_dataset_expressions', 'dataset_produces_1', 'dataset_consumes_unknown_never_scheduled', 'consume_1_or_2_with_dataset_expressions', 'dataset_produces_2' retrieved from /home/khaled/dbt-env/lib/python3.12/site-packages/airflow/example_dags/example_datasets.py
[2025-10-22T12:25:40.458+0000] {logging_mixin.py:188} INFO - [2025-10-22T12:25:40.457+0000] {dag.py:3089} INFO - Sync 10 DAGs
[2025-10-22T12:25:40.496+0000] {logging_mixin.py:188} INFO - [2025-10-22T12:25:40.496+0000] {dag.py:3947} INFO - Setting next_dagrun for conditional_dataset_and_time_based_timetable to 2025-10-22 01:00:00+00:00, run_after=2025-10-22 01:00:00+00:00
[2025-10-22T12:25:40.500+0000] {logging_mixin.py:188} INFO - [2025-10-22T12:25:40.500+0000] {dag.py:3947} INFO - Setting next_dagrun for consume_1_and_2_with_dataset_expressions to None, run_after=None
[2025-10-22T12:25:40.502+0000] {logging_mixin.py:188} INFO - [2025-10-22T12:25:40.502+0000] {dag.py:3947} INFO - Setting next_dagrun for consume_1_or_2_with_dataset_expressions to None, run_after=None
[2025-10-22T12:25:40.503+0000] {logging_mixin.py:188} INFO - [2025-10-22T12:25:40.503+0000] {dag.py:3947} INFO - Setting next_dagrun for consume_1_or_both_2_and_3_with_dataset_expressions to None, run_after=None
[2025-10-22T12:25:40.504+0000] {logging_mixin.py:188} INFO - [2025-10-22T12:25:40.504+0000] {dag.py:3947} INFO - Setting next_dagrun for dataset_consumes_1 to None, run_after=None
[2025-10-22T12:25:40.505+0000] {logging_mixin.py:188} INFO - [2025-10-22T12:25:40.505+0000] {dag.py:3947} INFO - Setting next_dagrun for dataset_consumes_1_and_2 to None, run_after=None
[2025-10-22T12:25:40.506+0000] {logging_mixin.py:188} INFO - [2025-10-22T12:25:40.506+0000] {dag.py:3947} INFO - Setting next_dagrun for dataset_consumes_1_never_scheduled to None, run_after=None
[2025-10-22T12:25:40.507+0000] {logging_mixin.py:188} INFO - [2025-10-22T12:25:40.507+0000] {dag.py:3947} INFO - Setting next_dagrun for dataset_consumes_unknown_never_scheduled to None, run_after=None
[2025-10-22T12:25:40.508+0000] {logging_mixin.py:188} INFO - [2025-10-22T12:25:40.508+0000] {dag.py:3947} INFO - Setting next_dagrun for dataset_produces_1 to 2025-10-21 00:00:00+00:00, run_after=2025-10-22 00:00:00+00:00
[2025-10-22T12:25:40.510+0000] {logging_mixin.py:188} INFO - [2025-10-22T12:25:40.510+0000] {dag.py:3947} INFO - Setting next_dagrun for dataset_produces_2 to None, run_after=None
[2025-10-22T12:25:40.562+0000] {processor.py:183} INFO - Processing /home/khaled/dbt-env/lib/python3.12/site-packages/airflow/example_dags/example_datasets.py took 0.209 seconds
[2025-10-22T12:26:38.087+0000] {processor.py:161} INFO - Started process (PID=11640) to work on /home/khaled/dbt-env/lib/python3.12/site-packages/airflow/example_dags/example_datasets.py
[2025-10-22T12:26:38.089+0000] {processor.py:830} INFO - Processing file /home/khaled/dbt-env/lib/python3.12/site-packages/airflow/example_dags/example_datasets.py for tasks to queue
[2025-10-22T12:26:38.091+0000] {logging_mixin.py:188} INFO - [2025-10-22T12:26:38.091+0000] {dagbag.py:545} INFO - Filling up the DagBag from /home/khaled/dbt-env/lib/python3.12/site-packages/airflow/example_dags/example_datasets.py
[2025-10-22T12:26:38.100+0000] {processor.py:840} INFO - DAG(s) 'dataset_consumes_1_never_scheduled', 'dataset_consumes_1', 'dataset_consumes_1_and_2', 'consume_1_and_2_with_dataset_expressions', 'consume_1_or_both_2_and_3_with_dataset_expressions', 'consume_1_or_2_with_dataset_expressions', 'dataset_consumes_unknown_never_scheduled', 'dataset_produces_1', 'conditional_dataset_and_time_based_timetable', 'dataset_produces_2' retrieved from /home/khaled/dbt-env/lib/python3.12/site-packages/airflow/example_dags/example_datasets.py
[2025-10-22T12:26:38.122+0000] {logging_mixin.py:188} INFO - [2025-10-22T12:26:38.122+0000] {dag.py:3089} INFO - Sync 10 DAGs
[2025-10-22T12:26:38.136+0000] {logging_mixin.py:188} INFO - [2025-10-22T12:26:38.136+0000] {dag.py:3947} INFO - Setting next_dagrun for conditional_dataset_and_time_based_timetable to 2025-10-22 01:00:00+00:00, run_after=2025-10-22 01:00:00+00:00
[2025-10-22T12:26:38.138+0000] {logging_mixin.py:188} INFO - [2025-10-22T12:26:38.138+0000] {dag.py:3947} INFO - Setting next_dagrun for consume_1_and_2_with_dataset_expressions to None, run_after=None
[2025-10-22T12:26:38.139+0000] {logging_mixin.py:188} INFO - [2025-10-22T12:26:38.139+0000] {dag.py:3947} INFO - Setting next_dagrun for consume_1_or_2_with_dataset_expressions to None, run_after=None
[2025-10-22T12:26:38.140+0000] {logging_mixin.py:188} INFO - [2025-10-22T12:26:38.140+0000] {dag.py:3947} INFO - Setting next_dagrun for consume_1_or_both_2_and_3_with_dataset_expressions to None, run_after=None
[2025-10-22T12:26:38.140+0000] {logging_mixin.py:188} INFO - [2025-10-22T12:26:38.140+0000] {dag.py:3947} INFO - Setting next_dagrun for dataset_consumes_1 to None, run_after=None
[2025-10-22T12:26:38.140+0000] {logging_mixin.py:188} INFO - [2025-10-22T12:26:38.140+0000] {dag.py:3947} INFO - Setting next_dagrun for dataset_consumes_1_and_2 to None, run_after=None
[2025-10-22T12:26:38.141+0000] {logging_mixin.py:188} INFO - [2025-10-22T12:26:38.141+0000] {dag.py:3947} INFO - Setting next_dagrun for dataset_consumes_1_never_scheduled to None, run_after=None
[2025-10-22T12:26:38.141+0000] {logging_mixin.py:188} INFO - [2025-10-22T12:26:38.141+0000] {dag.py:3947} INFO - Setting next_dagrun for dataset_consumes_unknown_never_scheduled to None, run_after=None
[2025-10-22T12:26:38.142+0000] {logging_mixin.py:188} INFO - [2025-10-22T12:26:38.142+0000] {dag.py:3947} INFO - Setting next_dagrun for dataset_produces_1 to 2025-10-21 00:00:00+00:00, run_after=2025-10-22 00:00:00+00:00
[2025-10-22T12:26:38.143+0000] {logging_mixin.py:188} INFO - [2025-10-22T12:26:38.143+0000] {dag.py:3947} INFO - Setting next_dagrun for dataset_produces_2 to None, run_after=None
[2025-10-22T12:26:38.174+0000] {processor.py:183} INFO - Processing /home/khaled/dbt-env/lib/python3.12/site-packages/airflow/example_dags/example_datasets.py took 0.093 seconds
[2025-10-22T12:27:51.253+0000] {processor.py:161} INFO - Started process (PID=12081) to work on /home/khaled/dbt-env/lib/python3.12/site-packages/airflow/example_dags/example_datasets.py
[2025-10-22T12:27:51.268+0000] {processor.py:830} INFO - Processing file /home/khaled/dbt-env/lib/python3.12/site-packages/airflow/example_dags/example_datasets.py for tasks to queue
[2025-10-22T12:27:51.269+0000] {logging_mixin.py:188} INFO - [2025-10-22T12:27:51.269+0000] {dagbag.py:545} INFO - Filling up the DagBag from /home/khaled/dbt-env/lib/python3.12/site-packages/airflow/example_dags/example_datasets.py
[2025-10-22T12:27:51.287+0000] {processor.py:840} INFO - DAG(s) 'dataset_consumes_unknown_never_scheduled', 'dataset_produces_2', 'consume_1_or_2_with_dataset_expressions', 'dataset_consumes_1_never_scheduled', 'dataset_consumes_1', 'consume_1_or_both_2_and_3_with_dataset_expressions', 'dataset_produces_1', 'dataset_consumes_1_and_2', 'conditional_dataset_and_time_based_timetable', 'consume_1_and_2_with_dataset_expressions' retrieved from /home/khaled/dbt-env/lib/python3.12/site-packages/airflow/example_dags/example_datasets.py
[2025-10-22T12:27:51.378+0000] {logging_mixin.py:188} INFO - [2025-10-22T12:27:51.377+0000] {dag.py:3089} INFO - Sync 10 DAGs
[2025-10-22T12:27:51.453+0000] {logging_mixin.py:188} INFO - [2025-10-22T12:27:51.453+0000] {dag.py:3947} INFO - Setting next_dagrun for conditional_dataset_and_time_based_timetable to 2025-10-22 01:00:00+00:00, run_after=2025-10-22 01:00:00+00:00
[2025-10-22T12:27:51.457+0000] {logging_mixin.py:188} INFO - [2025-10-22T12:27:51.457+0000] {dag.py:3947} INFO - Setting next_dagrun for consume_1_and_2_with_dataset_expressions to None, run_after=None
[2025-10-22T12:27:51.458+0000] {logging_mixin.py:188} INFO - [2025-10-22T12:27:51.458+0000] {dag.py:3947} INFO - Setting next_dagrun for consume_1_or_2_with_dataset_expressions to None, run_after=None
[2025-10-22T12:27:51.459+0000] {logging_mixin.py:188} INFO - [2025-10-22T12:27:51.459+0000] {dag.py:3947} INFO - Setting next_dagrun for consume_1_or_both_2_and_3_with_dataset_expressions to None, run_after=None
[2025-10-22T12:27:51.460+0000] {logging_mixin.py:188} INFO - [2025-10-22T12:27:51.460+0000] {dag.py:3947} INFO - Setting next_dagrun for dataset_consumes_1 to None, run_after=None
[2025-10-22T12:27:51.461+0000] {logging_mixin.py:188} INFO - [2025-10-22T12:27:51.461+0000] {dag.py:3947} INFO - Setting next_dagrun for dataset_consumes_1_and_2 to None, run_after=None
[2025-10-22T12:27:51.462+0000] {logging_mixin.py:188} INFO - [2025-10-22T12:27:51.462+0000] {dag.py:3947} INFO - Setting next_dagrun for dataset_consumes_1_never_scheduled to None, run_after=None
[2025-10-22T12:27:51.463+0000] {logging_mixin.py:188} INFO - [2025-10-22T12:27:51.463+0000] {dag.py:3947} INFO - Setting next_dagrun for dataset_consumes_unknown_never_scheduled to None, run_after=None
[2025-10-22T12:27:51.465+0000] {logging_mixin.py:188} INFO - [2025-10-22T12:27:51.464+0000] {dag.py:3947} INFO - Setting next_dagrun for dataset_produces_1 to 2025-10-21 00:00:00+00:00, run_after=2025-10-22 00:00:00+00:00
[2025-10-22T12:27:51.465+0000] {logging_mixin.py:188} INFO - [2025-10-22T12:27:51.465+0000] {dag.py:3947} INFO - Setting next_dagrun for dataset_produces_2 to None, run_after=None
[2025-10-22T12:27:51.513+0000] {processor.py:183} INFO - Processing /home/khaled/dbt-env/lib/python3.12/site-packages/airflow/example_dags/example_datasets.py took 0.285 seconds
[2025-10-22T12:28:50.609+0000] {processor.py:161} INFO - Started process (PID=12298) to work on /home/khaled/dbt-env/lib/python3.12/site-packages/airflow/example_dags/example_datasets.py
[2025-10-22T12:28:50.613+0000] {processor.py:830} INFO - Processing file /home/khaled/dbt-env/lib/python3.12/site-packages/airflow/example_dags/example_datasets.py for tasks to queue
[2025-10-22T12:28:50.618+0000] {logging_mixin.py:188} INFO - [2025-10-22T12:28:50.617+0000] {dagbag.py:545} INFO - Filling up the DagBag from /home/khaled/dbt-env/lib/python3.12/site-packages/airflow/example_dags/example_datasets.py
[2025-10-22T12:28:50.645+0000] {processor.py:840} INFO - DAG(s) 'dataset_produces_1', 'dataset_consumes_1_and_2', 'dataset_produces_2', 'consume_1_or_both_2_and_3_with_dataset_expressions', 'consume_1_and_2_with_dataset_expressions', 'conditional_dataset_and_time_based_timetable', 'consume_1_or_2_with_dataset_expressions', 'dataset_consumes_unknown_never_scheduled', 'dataset_consumes_1_never_scheduled', 'dataset_consumes_1' retrieved from /home/khaled/dbt-env/lib/python3.12/site-packages/airflow/example_dags/example_datasets.py
[2025-10-22T12:28:50.707+0000] {logging_mixin.py:188} INFO - [2025-10-22T12:28:50.707+0000] {dag.py:3089} INFO - Sync 10 DAGs
[2025-10-22T12:28:50.733+0000] {logging_mixin.py:188} INFO - [2025-10-22T12:28:50.733+0000] {dag.py:3947} INFO - Setting next_dagrun for conditional_dataset_and_time_based_timetable to 2025-10-22 01:00:00+00:00, run_after=2025-10-22 01:00:00+00:00
[2025-10-22T12:28:50.742+0000] {logging_mixin.py:188} INFO - [2025-10-22T12:28:50.742+0000] {dag.py:3947} INFO - Setting next_dagrun for consume_1_and_2_with_dataset_expressions to None, run_after=None
[2025-10-22T12:28:50.743+0000] {logging_mixin.py:188} INFO - [2025-10-22T12:28:50.743+0000] {dag.py:3947} INFO - Setting next_dagrun for consume_1_or_2_with_dataset_expressions to None, run_after=None
[2025-10-22T12:28:50.743+0000] {logging_mixin.py:188} INFO - [2025-10-22T12:28:50.743+0000] {dag.py:3947} INFO - Setting next_dagrun for consume_1_or_both_2_and_3_with_dataset_expressions to None, run_after=None
[2025-10-22T12:28:50.744+0000] {logging_mixin.py:188} INFO - [2025-10-22T12:28:50.744+0000] {dag.py:3947} INFO - Setting next_dagrun for dataset_consumes_1 to None, run_after=None
[2025-10-22T12:28:50.745+0000] {logging_mixin.py:188} INFO - [2025-10-22T12:28:50.745+0000] {dag.py:3947} INFO - Setting next_dagrun for dataset_consumes_1_and_2 to None, run_after=None
[2025-10-22T12:28:50.746+0000] {logging_mixin.py:188} INFO - [2025-10-22T12:28:50.746+0000] {dag.py:3947} INFO - Setting next_dagrun for dataset_consumes_1_never_scheduled to None, run_after=None
[2025-10-22T12:28:50.747+0000] {logging_mixin.py:188} INFO - [2025-10-22T12:28:50.746+0000] {dag.py:3947} INFO - Setting next_dagrun for dataset_consumes_unknown_never_scheduled to None, run_after=None
[2025-10-22T12:28:50.754+0000] {logging_mixin.py:188} INFO - [2025-10-22T12:28:50.754+0000] {dag.py:3947} INFO - Setting next_dagrun for dataset_produces_1 to 2025-10-21 00:00:00+00:00, run_after=2025-10-22 00:00:00+00:00
[2025-10-22T12:28:50.756+0000] {logging_mixin.py:188} INFO - [2025-10-22T12:28:50.755+0000] {dag.py:3947} INFO - Setting next_dagrun for dataset_produces_2 to None, run_after=None
[2025-10-22T12:28:50.820+0000] {processor.py:183} INFO - Processing /home/khaled/dbt-env/lib/python3.12/site-packages/airflow/example_dags/example_datasets.py took 0.232 seconds
[2025-10-22T12:29:47.026+0000] {processor.py:161} INFO - Started process (PID=12484) to work on /home/khaled/dbt-env/lib/python3.12/site-packages/airflow/example_dags/example_datasets.py
[2025-10-22T12:29:47.036+0000] {processor.py:830} INFO - Processing file /home/khaled/dbt-env/lib/python3.12/site-packages/airflow/example_dags/example_datasets.py for tasks to queue
[2025-10-22T12:29:47.038+0000] {logging_mixin.py:188} INFO - [2025-10-22T12:29:47.038+0000] {dagbag.py:545} INFO - Filling up the DagBag from /home/khaled/dbt-env/lib/python3.12/site-packages/airflow/example_dags/example_datasets.py
[2025-10-22T12:29:47.049+0000] {processor.py:840} INFO - DAG(s) 'consume_1_and_2_with_dataset_expressions', 'consume_1_or_2_with_dataset_expressions', 'dataset_produces_1', 'dataset_consumes_1_and_2', 'conditional_dataset_and_time_based_timetable', 'dataset_consumes_1_never_scheduled', 'dataset_consumes_1', 'dataset_produces_2', 'consume_1_or_both_2_and_3_with_dataset_expressions', 'dataset_consumes_unknown_never_scheduled' retrieved from /home/khaled/dbt-env/lib/python3.12/site-packages/airflow/example_dags/example_datasets.py
[2025-10-22T12:29:47.080+0000] {logging_mixin.py:188} INFO - [2025-10-22T12:29:47.080+0000] {dag.py:3089} INFO - Sync 10 DAGs
[2025-10-22T12:29:47.206+0000] {logging_mixin.py:188} INFO - [2025-10-22T12:29:47.206+0000] {dag.py:3947} INFO - Setting next_dagrun for conditional_dataset_and_time_based_timetable to 2025-10-22 01:00:00+00:00, run_after=2025-10-22 01:00:00+00:00
[2025-10-22T12:29:47.210+0000] {logging_mixin.py:188} INFO - [2025-10-22T12:29:47.209+0000] {dag.py:3947} INFO - Setting next_dagrun for consume_1_and_2_with_dataset_expressions to None, run_after=None
[2025-10-22T12:29:47.211+0000] {logging_mixin.py:188} INFO - [2025-10-22T12:29:47.210+0000] {dag.py:3947} INFO - Setting next_dagrun for consume_1_or_2_with_dataset_expressions to None, run_after=None
[2025-10-22T12:29:47.211+0000] {logging_mixin.py:188} INFO - [2025-10-22T12:29:47.211+0000] {dag.py:3947} INFO - Setting next_dagrun for consume_1_or_both_2_and_3_with_dataset_expressions to None, run_after=None
[2025-10-22T12:29:47.215+0000] {logging_mixin.py:188} INFO - [2025-10-22T12:29:47.215+0000] {dag.py:3947} INFO - Setting next_dagrun for dataset_consumes_1 to None, run_after=None
[2025-10-22T12:29:47.218+0000] {logging_mixin.py:188} INFO - [2025-10-22T12:29:47.218+0000] {dag.py:3947} INFO - Setting next_dagrun for dataset_consumes_1_and_2 to None, run_after=None
[2025-10-22T12:29:47.222+0000] {logging_mixin.py:188} INFO - [2025-10-22T12:29:47.222+0000] {dag.py:3947} INFO - Setting next_dagrun for dataset_consumes_1_never_scheduled to None, run_after=None
[2025-10-22T12:29:47.224+0000] {logging_mixin.py:188} INFO - [2025-10-22T12:29:47.223+0000] {dag.py:3947} INFO - Setting next_dagrun for dataset_consumes_unknown_never_scheduled to None, run_after=None
[2025-10-22T12:29:47.225+0000] {logging_mixin.py:188} INFO - [2025-10-22T12:29:47.225+0000] {dag.py:3947} INFO - Setting next_dagrun for dataset_produces_1 to 2025-10-21 00:00:00+00:00, run_after=2025-10-22 00:00:00+00:00
[2025-10-22T12:29:47.227+0000] {logging_mixin.py:188} INFO - [2025-10-22T12:29:47.227+0000] {dag.py:3947} INFO - Setting next_dagrun for dataset_produces_2 to None, run_after=None
[2025-10-22T12:29:47.270+0000] {processor.py:183} INFO - Processing /home/khaled/dbt-env/lib/python3.12/site-packages/airflow/example_dags/example_datasets.py took 0.251 seconds
[2025-10-22T12:30:39.393+0000] {processor.py:161} INFO - Started process (PID=12550) to work on /home/khaled/dbt-env/lib/python3.12/site-packages/airflow/example_dags/example_datasets.py
[2025-10-22T12:30:39.395+0000] {processor.py:830} INFO - Processing file /home/khaled/dbt-env/lib/python3.12/site-packages/airflow/example_dags/example_datasets.py for tasks to queue
[2025-10-22T12:30:39.396+0000] {logging_mixin.py:188} INFO - [2025-10-22T12:30:39.396+0000] {dagbag.py:545} INFO - Filling up the DagBag from /home/khaled/dbt-env/lib/python3.12/site-packages/airflow/example_dags/example_datasets.py
[2025-10-22T12:30:39.406+0000] {processor.py:840} INFO - DAG(s) 'consume_1_or_2_with_dataset_expressions', 'dataset_consumes_1_and_2', 'dataset_consumes_unknown_never_scheduled', 'consume_1_or_both_2_and_3_with_dataset_expressions', 'consume_1_and_2_with_dataset_expressions', 'dataset_consumes_1_never_scheduled', 'conditional_dataset_and_time_based_timetable', 'dataset_produces_2', 'dataset_consumes_1', 'dataset_produces_1' retrieved from /home/khaled/dbt-env/lib/python3.12/site-packages/airflow/example_dags/example_datasets.py
[2025-10-22T12:30:39.434+0000] {logging_mixin.py:188} INFO - [2025-10-22T12:30:39.434+0000] {dag.py:3089} INFO - Sync 10 DAGs
[2025-10-22T12:30:39.450+0000] {logging_mixin.py:188} INFO - [2025-10-22T12:30:39.450+0000] {dag.py:3947} INFO - Setting next_dagrun for conditional_dataset_and_time_based_timetable to 2025-10-22 01:00:00+00:00, run_after=2025-10-22 01:00:00+00:00
[2025-10-22T12:30:39.452+0000] {logging_mixin.py:188} INFO - [2025-10-22T12:30:39.452+0000] {dag.py:3947} INFO - Setting next_dagrun for consume_1_and_2_with_dataset_expressions to None, run_after=None
[2025-10-22T12:30:39.453+0000] {logging_mixin.py:188} INFO - [2025-10-22T12:30:39.453+0000] {dag.py:3947} INFO - Setting next_dagrun for consume_1_or_2_with_dataset_expressions to None, run_after=None
[2025-10-22T12:30:39.453+0000] {logging_mixin.py:188} INFO - [2025-10-22T12:30:39.453+0000] {dag.py:3947} INFO - Setting next_dagrun for consume_1_or_both_2_and_3_with_dataset_expressions to None, run_after=None
[2025-10-22T12:30:39.454+0000] {logging_mixin.py:188} INFO - [2025-10-22T12:30:39.454+0000] {dag.py:3947} INFO - Setting next_dagrun for dataset_consumes_1 to None, run_after=None
[2025-10-22T12:30:39.454+0000] {logging_mixin.py:188} INFO - [2025-10-22T12:30:39.454+0000] {dag.py:3947} INFO - Setting next_dagrun for dataset_consumes_1_and_2 to None, run_after=None
[2025-10-22T12:30:39.455+0000] {logging_mixin.py:188} INFO - [2025-10-22T12:30:39.455+0000] {dag.py:3947} INFO - Setting next_dagrun for dataset_consumes_1_never_scheduled to None, run_after=None
[2025-10-22T12:30:39.455+0000] {logging_mixin.py:188} INFO - [2025-10-22T12:30:39.455+0000] {dag.py:3947} INFO - Setting next_dagrun for dataset_consumes_unknown_never_scheduled to None, run_after=None
[2025-10-22T12:30:39.456+0000] {logging_mixin.py:188} INFO - [2025-10-22T12:30:39.456+0000] {dag.py:3947} INFO - Setting next_dagrun for dataset_produces_1 to 2025-10-21 00:00:00+00:00, run_after=2025-10-22 00:00:00+00:00
[2025-10-22T12:30:39.456+0000] {logging_mixin.py:188} INFO - [2025-10-22T12:30:39.456+0000] {dag.py:3947} INFO - Setting next_dagrun for dataset_produces_2 to None, run_after=None
[2025-10-22T12:30:39.587+0000] {processor.py:183} INFO - Processing /home/khaled/dbt-env/lib/python3.12/site-packages/airflow/example_dags/example_datasets.py took 0.201 seconds
[2025-10-22T12:32:14.334+0000] {processor.py:161} INFO - Started process (PID=12762) to work on /home/khaled/dbt-env/lib/python3.12/site-packages/airflow/example_dags/example_datasets.py
[2025-10-22T12:32:14.335+0000] {processor.py:830} INFO - Processing file /home/khaled/dbt-env/lib/python3.12/site-packages/airflow/example_dags/example_datasets.py for tasks to queue
[2025-10-22T12:32:14.339+0000] {logging_mixin.py:188} INFO - [2025-10-22T12:32:14.339+0000] {dagbag.py:545} INFO - Filling up the DagBag from /home/khaled/dbt-env/lib/python3.12/site-packages/airflow/example_dags/example_datasets.py
[2025-10-22T12:32:14.369+0000] {processor.py:840} INFO - DAG(s) 'consume_1_or_both_2_and_3_with_dataset_expressions', 'conditional_dataset_and_time_based_timetable', 'consume_1_and_2_with_dataset_expressions', 'dataset_consumes_1_never_scheduled', 'dataset_consumes_unknown_never_scheduled', 'dataset_consumes_1_and_2', 'dataset_produces_2', 'dataset_produces_1', 'consume_1_or_2_with_dataset_expressions', 'dataset_consumes_1' retrieved from /home/khaled/dbt-env/lib/python3.12/site-packages/airflow/example_dags/example_datasets.py
[2025-10-22T12:32:14.407+0000] {logging_mixin.py:188} INFO - [2025-10-22T12:32:14.406+0000] {dag.py:3089} INFO - Sync 10 DAGs
[2025-10-22T12:32:14.429+0000] {logging_mixin.py:188} INFO - [2025-10-22T12:32:14.428+0000] {dag.py:3947} INFO - Setting next_dagrun for conditional_dataset_and_time_based_timetable to 2025-10-22 01:00:00+00:00, run_after=2025-10-22 01:00:00+00:00
[2025-10-22T12:32:14.432+0000] {logging_mixin.py:188} INFO - [2025-10-22T12:32:14.431+0000] {dag.py:3947} INFO - Setting next_dagrun for consume_1_and_2_with_dataset_expressions to None, run_after=None
[2025-10-22T12:32:14.433+0000] {logging_mixin.py:188} INFO - [2025-10-22T12:32:14.433+0000] {dag.py:3947} INFO - Setting next_dagrun for consume_1_or_2_with_dataset_expressions to None, run_after=None
[2025-10-22T12:32:14.434+0000] {logging_mixin.py:188} INFO - [2025-10-22T12:32:14.434+0000] {dag.py:3947} INFO - Setting next_dagrun for consume_1_or_both_2_and_3_with_dataset_expressions to None, run_after=None
[2025-10-22T12:32:14.435+0000] {logging_mixin.py:188} INFO - [2025-10-22T12:32:14.435+0000] {dag.py:3947} INFO - Setting next_dagrun for dataset_consumes_1 to None, run_after=None
[2025-10-22T12:32:14.436+0000] {logging_mixin.py:188} INFO - [2025-10-22T12:32:14.436+0000] {dag.py:3947} INFO - Setting next_dagrun for dataset_consumes_1_and_2 to None, run_after=None
[2025-10-22T12:32:14.437+0000] {logging_mixin.py:188} INFO - [2025-10-22T12:32:14.437+0000] {dag.py:3947} INFO - Setting next_dagrun for dataset_consumes_1_never_scheduled to None, run_after=None
[2025-10-22T12:32:14.437+0000] {logging_mixin.py:188} INFO - [2025-10-22T12:32:14.437+0000] {dag.py:3947} INFO - Setting next_dagrun for dataset_consumes_unknown_never_scheduled to None, run_after=None
[2025-10-22T12:32:14.439+0000] {logging_mixin.py:188} INFO - [2025-10-22T12:32:14.439+0000] {dag.py:3947} INFO - Setting next_dagrun for dataset_produces_1 to 2025-10-21 00:00:00+00:00, run_after=2025-10-22 00:00:00+00:00
[2025-10-22T12:32:14.439+0000] {logging_mixin.py:188} INFO - [2025-10-22T12:32:14.439+0000] {dag.py:3947} INFO - Setting next_dagrun for dataset_produces_2 to None, run_after=None
[2025-10-22T12:32:14.627+0000] {processor.py:183} INFO - Processing /home/khaled/dbt-env/lib/python3.12/site-packages/airflow/example_dags/example_datasets.py took 0.307 seconds
[2025-10-22T12:37:18.031+0000] {processor.py:161} INFO - Started process (PID=13175) to work on /home/khaled/dbt-env/lib/python3.12/site-packages/airflow/example_dags/example_datasets.py
[2025-10-22T12:37:18.034+0000] {processor.py:830} INFO - Processing file /home/khaled/dbt-env/lib/python3.12/site-packages/airflow/example_dags/example_datasets.py for tasks to queue
[2025-10-22T12:37:18.035+0000] {logging_mixin.py:188} INFO - [2025-10-22T12:37:18.035+0000] {dagbag.py:545} INFO - Filling up the DagBag from /home/khaled/dbt-env/lib/python3.12/site-packages/airflow/example_dags/example_datasets.py
[2025-10-22T12:37:18.046+0000] {processor.py:840} INFO - DAG(s) 'dataset_consumes_1', 'dataset_consumes_1_and_2', 'dataset_consumes_unknown_never_scheduled', 'dataset_consumes_1_never_scheduled', 'consume_1_or_2_with_dataset_expressions', 'consume_1_or_both_2_and_3_with_dataset_expressions', 'dataset_produces_1', 'consume_1_and_2_with_dataset_expressions', 'dataset_produces_2', 'conditional_dataset_and_time_based_timetable' retrieved from /home/khaled/dbt-env/lib/python3.12/site-packages/airflow/example_dags/example_datasets.py
[2025-10-22T12:37:18.079+0000] {logging_mixin.py:188} INFO - [2025-10-22T12:37:18.079+0000] {dag.py:3089} INFO - Sync 10 DAGs
[2025-10-22T12:37:18.098+0000] {logging_mixin.py:188} INFO - [2025-10-22T12:37:18.098+0000] {dag.py:3947} INFO - Setting next_dagrun for conditional_dataset_and_time_based_timetable to 2025-10-22 01:00:00+00:00, run_after=2025-10-22 01:00:00+00:00
[2025-10-22T12:37:18.211+0000] {logging_mixin.py:188} INFO - [2025-10-22T12:37:18.211+0000] {dag.py:3947} INFO - Setting next_dagrun for consume_1_and_2_with_dataset_expressions to None, run_after=None
[2025-10-22T12:37:18.212+0000] {logging_mixin.py:188} INFO - [2025-10-22T12:37:18.212+0000] {dag.py:3947} INFO - Setting next_dagrun for consume_1_or_2_with_dataset_expressions to None, run_after=None
[2025-10-22T12:37:18.213+0000] {logging_mixin.py:188} INFO - [2025-10-22T12:37:18.213+0000] {dag.py:3947} INFO - Setting next_dagrun for consume_1_or_both_2_and_3_with_dataset_expressions to None, run_after=None
[2025-10-22T12:37:18.213+0000] {logging_mixin.py:188} INFO - [2025-10-22T12:37:18.213+0000] {dag.py:3947} INFO - Setting next_dagrun for dataset_consumes_1 to None, run_after=None
[2025-10-22T12:37:18.214+0000] {logging_mixin.py:188} INFO - [2025-10-22T12:37:18.214+0000] {dag.py:3947} INFO - Setting next_dagrun for dataset_consumes_1_and_2 to None, run_after=None
[2025-10-22T12:37:18.214+0000] {logging_mixin.py:188} INFO - [2025-10-22T12:37:18.214+0000] {dag.py:3947} INFO - Setting next_dagrun for dataset_consumes_1_never_scheduled to None, run_after=None
[2025-10-22T12:37:18.215+0000] {logging_mixin.py:188} INFO - [2025-10-22T12:37:18.215+0000] {dag.py:3947} INFO - Setting next_dagrun for dataset_consumes_unknown_never_scheduled to None, run_after=None
[2025-10-22T12:37:18.216+0000] {logging_mixin.py:188} INFO - [2025-10-22T12:37:18.216+0000] {dag.py:3947} INFO - Setting next_dagrun for dataset_produces_1 to 2025-10-21 00:00:00+00:00, run_after=2025-10-22 00:00:00+00:00
[2025-10-22T12:37:18.217+0000] {logging_mixin.py:188} INFO - [2025-10-22T12:37:18.217+0000] {dag.py:3947} INFO - Setting next_dagrun for dataset_produces_2 to None, run_after=None
[2025-10-22T12:37:18.243+0000] {processor.py:183} INFO - Processing /home/khaled/dbt-env/lib/python3.12/site-packages/airflow/example_dags/example_datasets.py took 0.219 seconds
[2025-10-22T12:38:38.958+0000] {processor.py:161} INFO - Started process (PID=13250) to work on /home/khaled/dbt-env/lib/python3.12/site-packages/airflow/example_dags/example_datasets.py
[2025-10-22T12:38:38.970+0000] {processor.py:830} INFO - Processing file /home/khaled/dbt-env/lib/python3.12/site-packages/airflow/example_dags/example_datasets.py for tasks to queue
[2025-10-22T12:38:38.972+0000] {logging_mixin.py:188} INFO - [2025-10-22T12:38:38.971+0000] {dagbag.py:545} INFO - Filling up the DagBag from /home/khaled/dbt-env/lib/python3.12/site-packages/airflow/example_dags/example_datasets.py
[2025-10-22T12:38:38.980+0000] {processor.py:840} INFO - DAG(s) 'dataset_consumes_1', 'consume_1_or_2_with_dataset_expressions', 'dataset_consumes_1_and_2', 'dataset_produces_1', 'dataset_consumes_unknown_never_scheduled', 'consume_1_and_2_with_dataset_expressions', 'conditional_dataset_and_time_based_timetable', 'dataset_produces_2', 'dataset_consumes_1_never_scheduled', 'consume_1_or_both_2_and_3_with_dataset_expressions' retrieved from /home/khaled/dbt-env/lib/python3.12/site-packages/airflow/example_dags/example_datasets.py
[2025-10-22T12:38:39.004+0000] {logging_mixin.py:188} INFO - [2025-10-22T12:38:39.004+0000] {dag.py:3089} INFO - Sync 10 DAGs
[2025-10-22T12:38:39.018+0000] {logging_mixin.py:188} INFO - [2025-10-22T12:38:39.018+0000] {dag.py:3947} INFO - Setting next_dagrun for conditional_dataset_and_time_based_timetable to 2025-10-22 01:00:00+00:00, run_after=2025-10-22 01:00:00+00:00
[2025-10-22T12:38:39.021+0000] {logging_mixin.py:188} INFO - [2025-10-22T12:38:39.021+0000] {dag.py:3947} INFO - Setting next_dagrun for consume_1_and_2_with_dataset_expressions to None, run_after=None
[2025-10-22T12:38:39.021+0000] {logging_mixin.py:188} INFO - [2025-10-22T12:38:39.021+0000] {dag.py:3947} INFO - Setting next_dagrun for consume_1_or_2_with_dataset_expressions to None, run_after=None
[2025-10-22T12:38:39.022+0000] {logging_mixin.py:188} INFO - [2025-10-22T12:38:39.022+0000] {dag.py:3947} INFO - Setting next_dagrun for consume_1_or_both_2_and_3_with_dataset_expressions to None, run_after=None
[2025-10-22T12:38:39.022+0000] {logging_mixin.py:188} INFO - [2025-10-22T12:38:39.022+0000] {dag.py:3947} INFO - Setting next_dagrun for dataset_consumes_1 to None, run_after=None
[2025-10-22T12:38:39.023+0000] {logging_mixin.py:188} INFO - [2025-10-22T12:38:39.023+0000] {dag.py:3947} INFO - Setting next_dagrun for dataset_consumes_1_and_2 to None, run_after=None
[2025-10-22T12:38:39.023+0000] {logging_mixin.py:188} INFO - [2025-10-22T12:38:39.023+0000] {dag.py:3947} INFO - Setting next_dagrun for dataset_consumes_1_never_scheduled to None, run_after=None
[2025-10-22T12:38:39.024+0000] {logging_mixin.py:188} INFO - [2025-10-22T12:38:39.024+0000] {dag.py:3947} INFO - Setting next_dagrun for dataset_consumes_unknown_never_scheduled to None, run_after=None
[2025-10-22T12:38:39.025+0000] {logging_mixin.py:188} INFO - [2025-10-22T12:38:39.025+0000] {dag.py:3947} INFO - Setting next_dagrun for dataset_produces_1 to 2025-10-21 00:00:00+00:00, run_after=2025-10-22 00:00:00+00:00
[2025-10-22T12:38:39.025+0000] {logging_mixin.py:188} INFO - [2025-10-22T12:38:39.025+0000] {dag.py:3947} INFO - Setting next_dagrun for dataset_produces_2 to None, run_after=None
[2025-10-22T12:38:39.165+0000] {processor.py:183} INFO - Processing /home/khaled/dbt-env/lib/python3.12/site-packages/airflow/example_dags/example_datasets.py took 0.212 seconds
[2025-10-22T12:39:54.605+0000] {processor.py:161} INFO - Started process (PID=13313) to work on /home/khaled/dbt-env/lib/python3.12/site-packages/airflow/example_dags/example_datasets.py
[2025-10-22T12:39:54.606+0000] {processor.py:830} INFO - Processing file /home/khaled/dbt-env/lib/python3.12/site-packages/airflow/example_dags/example_datasets.py for tasks to queue
[2025-10-22T12:39:54.608+0000] {logging_mixin.py:188} INFO - [2025-10-22T12:39:54.608+0000] {dagbag.py:545} INFO - Filling up the DagBag from /home/khaled/dbt-env/lib/python3.12/site-packages/airflow/example_dags/example_datasets.py
[2025-10-22T12:39:54.619+0000] {processor.py:840} INFO - DAG(s) 'dataset_produces_1', 'consume_1_and_2_with_dataset_expressions', 'dataset_consumes_1_and_2', 'dataset_consumes_unknown_never_scheduled', 'dataset_consumes_1_never_scheduled', 'consume_1_or_both_2_and_3_with_dataset_expressions', 'consume_1_or_2_with_dataset_expressions', 'dataset_produces_2', 'conditional_dataset_and_time_based_timetable', 'dataset_consumes_1' retrieved from /home/khaled/dbt-env/lib/python3.12/site-packages/airflow/example_dags/example_datasets.py
[2025-10-22T12:39:54.651+0000] {logging_mixin.py:188} INFO - [2025-10-22T12:39:54.651+0000] {dag.py:3089} INFO - Sync 10 DAGs
[2025-10-22T12:39:54.676+0000] {logging_mixin.py:188} INFO - [2025-10-22T12:39:54.676+0000] {dag.py:3947} INFO - Setting next_dagrun for conditional_dataset_and_time_based_timetable to 2025-10-22 01:00:00+00:00, run_after=2025-10-22 01:00:00+00:00
[2025-10-22T12:39:54.679+0000] {logging_mixin.py:188} INFO - [2025-10-22T12:39:54.679+0000] {dag.py:3947} INFO - Setting next_dagrun for consume_1_and_2_with_dataset_expressions to None, run_after=None
[2025-10-22T12:39:54.680+0000] {logging_mixin.py:188} INFO - [2025-10-22T12:39:54.680+0000] {dag.py:3947} INFO - Setting next_dagrun for consume_1_or_2_with_dataset_expressions to None, run_after=None
[2025-10-22T12:39:54.681+0000] {logging_mixin.py:188} INFO - [2025-10-22T12:39:54.681+0000] {dag.py:3947} INFO - Setting next_dagrun for consume_1_or_both_2_and_3_with_dataset_expressions to None, run_after=None
[2025-10-22T12:39:54.682+0000] {logging_mixin.py:188} INFO - [2025-10-22T12:39:54.681+0000] {dag.py:3947} INFO - Setting next_dagrun for dataset_consumes_1 to None, run_after=None
[2025-10-22T12:39:54.682+0000] {logging_mixin.py:188} INFO - [2025-10-22T12:39:54.682+0000] {dag.py:3947} INFO - Setting next_dagrun for dataset_consumes_1_and_2 to None, run_after=None
[2025-10-22T12:39:54.683+0000] {logging_mixin.py:188} INFO - [2025-10-22T12:39:54.683+0000] {dag.py:3947} INFO - Setting next_dagrun for dataset_consumes_1_never_scheduled to None, run_after=None
[2025-10-22T12:39:54.683+0000] {logging_mixin.py:188} INFO - [2025-10-22T12:39:54.683+0000] {dag.py:3947} INFO - Setting next_dagrun for dataset_consumes_unknown_never_scheduled to None, run_after=None
[2025-10-22T12:39:54.684+0000] {logging_mixin.py:188} INFO - [2025-10-22T12:39:54.684+0000] {dag.py:3947} INFO - Setting next_dagrun for dataset_produces_1 to 2025-10-21 00:00:00+00:00, run_after=2025-10-22 00:00:00+00:00
[2025-10-22T12:39:54.685+0000] {logging_mixin.py:188} INFO - [2025-10-22T12:39:54.685+0000] {dag.py:3947} INFO - Setting next_dagrun for dataset_produces_2 to None, run_after=None
[2025-10-22T12:39:54.723+0000] {processor.py:183} INFO - Processing /home/khaled/dbt-env/lib/python3.12/site-packages/airflow/example_dags/example_datasets.py took 0.125 seconds
