[2025-10-22T12:12:37.406+0000] {processor.py:161} INFO - Started process (PID=8527) to work on /home/khaled/dbt-env/lib/python3.12/site-packages/airflow/example_dags/example_branch_operator_decorator.py
[2025-10-22T12:12:37.413+0000] {processor.py:830} INFO - Processing file /home/khaled/dbt-env/lib/python3.12/site-packages/airflow/example_dags/example_branch_operator_decorator.py for tasks to queue
[2025-10-22T12:12:37.417+0000] {logging_mixin.py:188} INFO - [2025-10-22T12:12:37.415+0000] {dagbag.py:545} INFO - Filling up the DagBag from /home/khaled/dbt-env/lib/python3.12/site-packages/airflow/example_dags/example_branch_operator_decorator.py
[2025-10-22T12:12:37.424+0000] {processor.py:842} WARNING - No viable dags retrieved from /home/khaled/dbt-env/lib/python3.12/site-packages/airflow/example_dags/example_branch_operator_decorator.py
[2025-10-22T12:12:37.451+0000] {processor.py:183} INFO - Processing /home/khaled/dbt-env/lib/python3.12/site-packages/airflow/example_dags/example_branch_operator_decorator.py took 0.072 seconds
[2025-10-22T12:13:55.862+0000] {processor.py:161} INFO - Started process (PID=9288) to work on /home/khaled/dbt-env/lib/python3.12/site-packages/airflow/example_dags/example_branch_operator_decorator.py
[2025-10-22T12:13:55.873+0000] {processor.py:830} INFO - Processing file /home/khaled/dbt-env/lib/python3.12/site-packages/airflow/example_dags/example_branch_operator_decorator.py for tasks to queue
[2025-10-22T12:13:55.877+0000] {logging_mixin.py:188} INFO - [2025-10-22T12:13:55.876+0000] {dagbag.py:545} INFO - Filling up the DagBag from /home/khaled/dbt-env/lib/python3.12/site-packages/airflow/example_dags/example_branch_operator_decorator.py
[2025-10-22T12:13:55.882+0000] {processor.py:842} WARNING - No viable dags retrieved from /home/khaled/dbt-env/lib/python3.12/site-packages/airflow/example_dags/example_branch_operator_decorator.py
[2025-10-22T12:13:55.892+0000] {processor.py:183} INFO - Processing /home/khaled/dbt-env/lib/python3.12/site-packages/airflow/example_dags/example_branch_operator_decorator.py took 0.039 seconds
[2025-10-22T12:14:53.446+0000] {processor.py:161} INFO - Started process (PID=9407) to work on /home/khaled/dbt-env/lib/python3.12/site-packages/airflow/example_dags/example_branch_operator_decorator.py
[2025-10-22T12:14:53.457+0000] {processor.py:830} INFO - Processing file /home/khaled/dbt-env/lib/python3.12/site-packages/airflow/example_dags/example_branch_operator_decorator.py for tasks to queue
[2025-10-22T12:14:53.459+0000] {logging_mixin.py:188} INFO - [2025-10-22T12:14:53.458+0000] {dagbag.py:545} INFO - Filling up the DagBag from /home/khaled/dbt-env/lib/python3.12/site-packages/airflow/example_dags/example_branch_operator_decorator.py
[2025-10-22T12:14:53.461+0000] {processor.py:842} WARNING - No viable dags retrieved from /home/khaled/dbt-env/lib/python3.12/site-packages/airflow/example_dags/example_branch_operator_decorator.py
[2025-10-22T12:14:53.468+0000] {processor.py:183} INFO - Processing /home/khaled/dbt-env/lib/python3.12/site-packages/airflow/example_dags/example_branch_operator_decorator.py took 0.029 seconds
[2025-10-22T12:16:07.970+0000] {processor.py:161} INFO - Started process (PID=9646) to work on /home/khaled/dbt-env/lib/python3.12/site-packages/airflow/example_dags/example_branch_operator_decorator.py
[2025-10-22T12:16:07.972+0000] {processor.py:830} INFO - Processing file /home/khaled/dbt-env/lib/python3.12/site-packages/airflow/example_dags/example_branch_operator_decorator.py for tasks to queue
[2025-10-22T12:16:07.974+0000] {logging_mixin.py:188} INFO - [2025-10-22T12:16:07.973+0000] {dagbag.py:545} INFO - Filling up the DagBag from /home/khaled/dbt-env/lib/python3.12/site-packages/airflow/example_dags/example_branch_operator_decorator.py
[2025-10-22T12:16:07.976+0000] {processor.py:842} WARNING - No viable dags retrieved from /home/khaled/dbt-env/lib/python3.12/site-packages/airflow/example_dags/example_branch_operator_decorator.py
[2025-10-22T12:16:07.996+0000] {processor.py:183} INFO - Processing /home/khaled/dbt-env/lib/python3.12/site-packages/airflow/example_dags/example_branch_operator_decorator.py took 0.033 seconds
[2025-10-22T12:17:02.611+0000] {processor.py:161} INFO - Started process (PID=9807) to work on /home/khaled/dbt-env/lib/python3.12/site-packages/airflow/example_dags/example_branch_operator_decorator.py
[2025-10-22T12:17:02.614+0000] {processor.py:830} INFO - Processing file /home/khaled/dbt-env/lib/python3.12/site-packages/airflow/example_dags/example_branch_operator_decorator.py for tasks to queue
[2025-10-22T12:17:02.617+0000] {logging_mixin.py:188} INFO - [2025-10-22T12:17:02.616+0000] {dagbag.py:545} INFO - Filling up the DagBag from /home/khaled/dbt-env/lib/python3.12/site-packages/airflow/example_dags/example_branch_operator_decorator.py
[2025-10-22T12:17:02.625+0000] {processor.py:842} WARNING - No viable dags retrieved from /home/khaled/dbt-env/lib/python3.12/site-packages/airflow/example_dags/example_branch_operator_decorator.py
[2025-10-22T12:17:02.647+0000] {processor.py:183} INFO - Processing /home/khaled/dbt-env/lib/python3.12/site-packages/airflow/example_dags/example_branch_operator_decorator.py took 0.045 seconds
[2025-10-22T12:22:55.028+0000] {processor.py:161} INFO - Started process (PID=10739) to work on /home/khaled/dbt-env/lib/python3.12/site-packages/airflow/example_dags/example_branch_operator_decorator.py
[2025-10-22T12:22:55.037+0000] {processor.py:830} INFO - Processing file /home/khaled/dbt-env/lib/python3.12/site-packages/airflow/example_dags/example_branch_operator_decorator.py for tasks to queue
[2025-10-22T12:22:55.039+0000] {logging_mixin.py:188} INFO - [2025-10-22T12:22:55.039+0000] {dagbag.py:545} INFO - Filling up the DagBag from /home/khaled/dbt-env/lib/python3.12/site-packages/airflow/example_dags/example_branch_operator_decorator.py
[2025-10-22T12:22:55.041+0000] {processor.py:842} WARNING - No viable dags retrieved from /home/khaled/dbt-env/lib/python3.12/site-packages/airflow/example_dags/example_branch_operator_decorator.py
[2025-10-22T12:22:55.061+0000] {processor.py:183} INFO - Processing /home/khaled/dbt-env/lib/python3.12/site-packages/airflow/example_dags/example_branch_operator_decorator.py took 0.037 seconds
[2025-10-22T12:23:52.888+0000] {processor.py:161} INFO - Started process (PID=11214) to work on /home/khaled/dbt-env/lib/python3.12/site-packages/airflow/example_dags/example_branch_operator_decorator.py
[2025-10-22T12:23:52.898+0000] {processor.py:830} INFO - Processing file /home/khaled/dbt-env/lib/python3.12/site-packages/airflow/example_dags/example_branch_operator_decorator.py for tasks to queue
[2025-10-22T12:23:52.900+0000] {logging_mixin.py:188} INFO - [2025-10-22T12:23:52.900+0000] {dagbag.py:545} INFO - Filling up the DagBag from /home/khaled/dbt-env/lib/python3.12/site-packages/airflow/example_dags/example_branch_operator_decorator.py
[2025-10-22T12:23:52.902+0000] {processor.py:842} WARNING - No viable dags retrieved from /home/khaled/dbt-env/lib/python3.12/site-packages/airflow/example_dags/example_branch_operator_decorator.py
[2025-10-22T12:23:52.910+0000] {processor.py:183} INFO - Processing /home/khaled/dbt-env/lib/python3.12/site-packages/airflow/example_dags/example_branch_operator_decorator.py took 0.027 seconds
[2025-10-22T12:24:47.955+0000] {processor.py:161} INFO - Started process (PID=11353) to work on /home/khaled/dbt-env/lib/python3.12/site-packages/airflow/example_dags/example_branch_operator_decorator.py
[2025-10-22T12:24:47.956+0000] {processor.py:830} INFO - Processing file /home/khaled/dbt-env/lib/python3.12/site-packages/airflow/example_dags/example_branch_operator_decorator.py for tasks to queue
[2025-10-22T12:24:47.958+0000] {logging_mixin.py:188} INFO - [2025-10-22T12:24:47.957+0000] {dagbag.py:545} INFO - Filling up the DagBag from /home/khaled/dbt-env/lib/python3.12/site-packages/airflow/example_dags/example_branch_operator_decorator.py
[2025-10-22T12:24:47.959+0000] {processor.py:842} WARNING - No viable dags retrieved from /home/khaled/dbt-env/lib/python3.12/site-packages/airflow/example_dags/example_branch_operator_decorator.py
[2025-10-22T12:24:47.968+0000] {processor.py:183} INFO - Processing /home/khaled/dbt-env/lib/python3.12/site-packages/airflow/example_dags/example_branch_operator_decorator.py took 0.019 seconds
[2025-10-22T12:25:45.768+0000] {processor.py:161} INFO - Started process (PID=11435) to work on /home/khaled/dbt-env/lib/python3.12/site-packages/airflow/example_dags/example_branch_operator_decorator.py
[2025-10-22T12:25:45.779+0000] {processor.py:830} INFO - Processing file /home/khaled/dbt-env/lib/python3.12/site-packages/airflow/example_dags/example_branch_operator_decorator.py for tasks to queue
[2025-10-22T12:25:45.782+0000] {logging_mixin.py:188} INFO - [2025-10-22T12:25:45.782+0000] {dagbag.py:545} INFO - Filling up the DagBag from /home/khaled/dbt-env/lib/python3.12/site-packages/airflow/example_dags/example_branch_operator_decorator.py
[2025-10-22T12:25:45.784+0000] {processor.py:842} WARNING - No viable dags retrieved from /home/khaled/dbt-env/lib/python3.12/site-packages/airflow/example_dags/example_branch_operator_decorator.py
[2025-10-22T12:25:45.797+0000] {processor.py:183} INFO - Processing /home/khaled/dbt-env/lib/python3.12/site-packages/airflow/example_dags/example_branch_operator_decorator.py took 0.033 seconds
[2025-10-22T12:26:42.942+0000] {processor.py:161} INFO - Started process (PID=11666) to work on /home/khaled/dbt-env/lib/python3.12/site-packages/airflow/example_dags/example_branch_operator_decorator.py
[2025-10-22T12:26:42.952+0000] {processor.py:830} INFO - Processing file /home/khaled/dbt-env/lib/python3.12/site-packages/airflow/example_dags/example_branch_operator_decorator.py for tasks to queue
[2025-10-22T12:26:42.953+0000] {logging_mixin.py:188} INFO - [2025-10-22T12:26:42.953+0000] {dagbag.py:545} INFO - Filling up the DagBag from /home/khaled/dbt-env/lib/python3.12/site-packages/airflow/example_dags/example_branch_operator_decorator.py
[2025-10-22T12:26:42.957+0000] {processor.py:842} WARNING - No viable dags retrieved from /home/khaled/dbt-env/lib/python3.12/site-packages/airflow/example_dags/example_branch_operator_decorator.py
[2025-10-22T12:26:42.969+0000] {processor.py:183} INFO - Processing /home/khaled/dbt-env/lib/python3.12/site-packages/airflow/example_dags/example_branch_operator_decorator.py took 0.038 seconds
[2025-10-22T12:27:55.235+0000] {processor.py:161} INFO - Started process (PID=12088) to work on /home/khaled/dbt-env/lib/python3.12/site-packages/airflow/example_dags/example_branch_operator_decorator.py
[2025-10-22T12:27:55.248+0000] {processor.py:830} INFO - Processing file /home/khaled/dbt-env/lib/python3.12/site-packages/airflow/example_dags/example_branch_operator_decorator.py for tasks to queue
[2025-10-22T12:27:55.250+0000] {logging_mixin.py:188} INFO - [2025-10-22T12:27:55.249+0000] {dagbag.py:545} INFO - Filling up the DagBag from /home/khaled/dbt-env/lib/python3.12/site-packages/airflow/example_dags/example_branch_operator_decorator.py
[2025-10-22T12:27:55.252+0000] {processor.py:842} WARNING - No viable dags retrieved from /home/khaled/dbt-env/lib/python3.12/site-packages/airflow/example_dags/example_branch_operator_decorator.py
[2025-10-22T12:27:55.266+0000] {processor.py:183} INFO - Processing /home/khaled/dbt-env/lib/python3.12/site-packages/airflow/example_dags/example_branch_operator_decorator.py took 0.040 seconds
[2025-10-22T12:28:54.301+0000] {processor.py:161} INFO - Started process (PID=12307) to work on /home/khaled/dbt-env/lib/python3.12/site-packages/airflow/example_dags/example_branch_operator_decorator.py
[2025-10-22T12:28:54.304+0000] {processor.py:830} INFO - Processing file /home/khaled/dbt-env/lib/python3.12/site-packages/airflow/example_dags/example_branch_operator_decorator.py for tasks to queue
[2025-10-22T12:28:54.306+0000] {logging_mixin.py:188} INFO - [2025-10-22T12:28:54.306+0000] {dagbag.py:545} INFO - Filling up the DagBag from /home/khaled/dbt-env/lib/python3.12/site-packages/airflow/example_dags/example_branch_operator_decorator.py
[2025-10-22T12:28:54.308+0000] {processor.py:842} WARNING - No viable dags retrieved from /home/khaled/dbt-env/lib/python3.12/site-packages/airflow/example_dags/example_branch_operator_decorator.py
[2025-10-22T12:28:54.321+0000] {processor.py:183} INFO - Processing /home/khaled/dbt-env/lib/python3.12/site-packages/airflow/example_dags/example_branch_operator_decorator.py took 0.026 seconds
[2025-10-22T12:29:51.408+0000] {processor.py:161} INFO - Started process (PID=12488) to work on /home/khaled/dbt-env/lib/python3.12/site-packages/airflow/example_dags/example_branch_operator_decorator.py
[2025-10-22T12:29:51.410+0000] {processor.py:830} INFO - Processing file /home/khaled/dbt-env/lib/python3.12/site-packages/airflow/example_dags/example_branch_operator_decorator.py for tasks to queue
[2025-10-22T12:29:51.412+0000] {logging_mixin.py:188} INFO - [2025-10-22T12:29:51.412+0000] {dagbag.py:545} INFO - Filling up the DagBag from /home/khaled/dbt-env/lib/python3.12/site-packages/airflow/example_dags/example_branch_operator_decorator.py
[2025-10-22T12:29:51.414+0000] {processor.py:842} WARNING - No viable dags retrieved from /home/khaled/dbt-env/lib/python3.12/site-packages/airflow/example_dags/example_branch_operator_decorator.py
[2025-10-22T12:29:51.423+0000] {processor.py:183} INFO - Processing /home/khaled/dbt-env/lib/python3.12/site-packages/airflow/example_dags/example_branch_operator_decorator.py took 0.022 seconds
[2025-10-22T12:31:06.032+0000] {processor.py:161} INFO - Started process (PID=12577) to work on /home/khaled/dbt-env/lib/python3.12/site-packages/airflow/example_dags/example_branch_operator_decorator.py
[2025-10-22T12:31:06.043+0000] {processor.py:830} INFO - Processing file /home/khaled/dbt-env/lib/python3.12/site-packages/airflow/example_dags/example_branch_operator_decorator.py for tasks to queue
[2025-10-22T12:31:06.044+0000] {logging_mixin.py:188} INFO - [2025-10-22T12:31:06.044+0000] {dagbag.py:545} INFO - Filling up the DagBag from /home/khaled/dbt-env/lib/python3.12/site-packages/airflow/example_dags/example_branch_operator_decorator.py
[2025-10-22T12:31:06.047+0000] {processor.py:842} WARNING - No viable dags retrieved from /home/khaled/dbt-env/lib/python3.12/site-packages/airflow/example_dags/example_branch_operator_decorator.py
[2025-10-22T12:31:06.057+0000] {processor.py:183} INFO - Processing /home/khaled/dbt-env/lib/python3.12/site-packages/airflow/example_dags/example_branch_operator_decorator.py took 0.031 seconds
[2025-10-22T12:33:59.064+0000] {processor.py:161} INFO - Started process (PID=12859) to work on /home/khaled/dbt-env/lib/python3.12/site-packages/airflow/example_dags/example_branch_operator_decorator.py
[2025-10-22T12:33:59.095+0000] {processor.py:830} INFO - Processing file /home/khaled/dbt-env/lib/python3.12/site-packages/airflow/example_dags/example_branch_operator_decorator.py for tasks to queue
[2025-10-22T12:33:59.311+0000] {logging_mixin.py:188} INFO - [2025-10-22T12:33:59.273+0000] {dagbag.py:545} INFO - Filling up the DagBag from /home/khaled/dbt-env/lib/python3.12/site-packages/airflow/example_dags/example_branch_operator_decorator.py
[2025-10-22T12:33:59.427+0000] {processor.py:842} WARNING - No viable dags retrieved from /home/khaled/dbt-env/lib/python3.12/site-packages/airflow/example_dags/example_branch_operator_decorator.py
[2025-10-22T12:34:00.022+0000] {processor.py:183} INFO - Processing /home/khaled/dbt-env/lib/python3.12/site-packages/airflow/example_dags/example_branch_operator_decorator.py took 1.511 seconds
[2025-10-22T12:37:22.480+0000] {processor.py:161} INFO - Started process (PID=13179) to work on /home/khaled/dbt-env/lib/python3.12/site-packages/airflow/example_dags/example_branch_operator_decorator.py
[2025-10-22T12:37:22.482+0000] {processor.py:830} INFO - Processing file /home/khaled/dbt-env/lib/python3.12/site-packages/airflow/example_dags/example_branch_operator_decorator.py for tasks to queue
[2025-10-22T12:37:22.483+0000] {logging_mixin.py:188} INFO - [2025-10-22T12:37:22.483+0000] {dagbag.py:545} INFO - Filling up the DagBag from /home/khaled/dbt-env/lib/python3.12/site-packages/airflow/example_dags/example_branch_operator_decorator.py
[2025-10-22T12:37:22.486+0000] {processor.py:842} WARNING - No viable dags retrieved from /home/khaled/dbt-env/lib/python3.12/site-packages/airflow/example_dags/example_branch_operator_decorator.py
[2025-10-22T12:37:22.498+0000] {processor.py:183} INFO - Processing /home/khaled/dbt-env/lib/python3.12/site-packages/airflow/example_dags/example_branch_operator_decorator.py took 0.026 seconds
[2025-10-22T12:38:44.162+0000] {processor.py:161} INFO - Started process (PID=13254) to work on /home/khaled/dbt-env/lib/python3.12/site-packages/airflow/example_dags/example_branch_operator_decorator.py
[2025-10-22T12:38:44.175+0000] {processor.py:830} INFO - Processing file /home/khaled/dbt-env/lib/python3.12/site-packages/airflow/example_dags/example_branch_operator_decorator.py for tasks to queue
[2025-10-22T12:38:44.177+0000] {logging_mixin.py:188} INFO - [2025-10-22T12:38:44.177+0000] {dagbag.py:545} INFO - Filling up the DagBag from /home/khaled/dbt-env/lib/python3.12/site-packages/airflow/example_dags/example_branch_operator_decorator.py
[2025-10-22T12:38:44.180+0000] {processor.py:842} WARNING - No viable dags retrieved from /home/khaled/dbt-env/lib/python3.12/site-packages/airflow/example_dags/example_branch_operator_decorator.py
[2025-10-22T12:38:44.189+0000] {processor.py:183} INFO - Processing /home/khaled/dbt-env/lib/python3.12/site-packages/airflow/example_dags/example_branch_operator_decorator.py took 0.034 seconds
[2025-10-22T12:40:01.021+0000] {processor.py:161} INFO - Started process (PID=13317) to work on /home/khaled/dbt-env/lib/python3.12/site-packages/airflow/example_dags/example_branch_operator_decorator.py
[2025-10-22T12:40:01.023+0000] {processor.py:830} INFO - Processing file /home/khaled/dbt-env/lib/python3.12/site-packages/airflow/example_dags/example_branch_operator_decorator.py for tasks to queue
[2025-10-22T12:40:01.024+0000] {logging_mixin.py:188} INFO - [2025-10-22T12:40:01.024+0000] {dagbag.py:545} INFO - Filling up the DagBag from /home/khaled/dbt-env/lib/python3.12/site-packages/airflow/example_dags/example_branch_operator_decorator.py
[2025-10-22T12:40:01.026+0000] {processor.py:842} WARNING - No viable dags retrieved from /home/khaled/dbt-env/lib/python3.12/site-packages/airflow/example_dags/example_branch_operator_decorator.py
[2025-10-22T12:40:01.035+0000] {processor.py:183} INFO - Processing /home/khaled/dbt-env/lib/python3.12/site-packages/airflow/example_dags/example_branch_operator_decorator.py took 0.021 seconds
