[2025-10-22T12:12:02.320+0000] {processor.py:161} INFO - Started process (PID=8193) to work on /home/khaled/dbt-env/lib/python3.12/site-packages/airflow/example_dags/example_short_circuit_decorator.py
[2025-10-22T12:12:02.320+0000] {processor.py:830} INFO - Processing file /home/khaled/dbt-env/lib/python3.12/site-packages/airflow/example_dags/example_short_circuit_decorator.py for tasks to queue
[2025-10-22T12:12:02.321+0000] {logging_mixin.py:188} INFO - [2025-10-22T12:12:02.321+0000] {dagbag.py:545} INFO - Filling up the DagBag from /home/khaled/dbt-env/lib/python3.12/site-packages/airflow/example_dags/example_short_circuit_decorator.py
[2025-10-22T12:12:02.327+0000] {processor.py:840} INFO - DAG(s) 'example_short_circuit_decorator' retrieved from /home/khaled/dbt-env/lib/python3.12/site-packages/airflow/example_dags/example_short_circuit_decorator.py
[2025-10-22T12:12:02.333+0000] {logging_mixin.py:188} INFO - [2025-10-22T12:12:02.332+0000] {dag.py:3089} INFO - Sync 1 DAGs
[2025-10-22T12:12:02.345+0000] {logging_mixin.py:188} INFO - [2025-10-22T12:12:02.345+0000] {dag.py:3947} INFO - Setting next_dagrun for example_short_circuit_decorator to 2025-10-21 00:00:00+00:00, run_after=2025-10-22 00:00:00+00:00
[2025-10-22T12:12:02.385+0000] {processor.py:183} INFO - Processing /home/khaled/dbt-env/lib/python3.12/site-packages/airflow/example_dags/example_short_circuit_decorator.py took 0.069 seconds
[2025-10-22T12:13:16.499+0000] {processor.py:161} INFO - Started process (PID=8936) to work on /home/khaled/dbt-env/lib/python3.12/site-packages/airflow/example_dags/example_short_circuit_decorator.py
[2025-10-22T12:13:16.518+0000] {processor.py:830} INFO - Processing file /home/khaled/dbt-env/lib/python3.12/site-packages/airflow/example_dags/example_short_circuit_decorator.py for tasks to queue
[2025-10-22T12:13:16.534+0000] {logging_mixin.py:188} INFO - [2025-10-22T12:13:16.530+0000] {dagbag.py:545} INFO - Filling up the DagBag from /home/khaled/dbt-env/lib/python3.12/site-packages/airflow/example_dags/example_short_circuit_decorator.py
[2025-10-22T12:13:16.557+0000] {processor.py:840} INFO - DAG(s) 'example_short_circuit_decorator' retrieved from /home/khaled/dbt-env/lib/python3.12/site-packages/airflow/example_dags/example_short_circuit_decorator.py
[2025-10-22T12:13:16.750+0000] {logging_mixin.py:188} INFO - [2025-10-22T12:13:16.750+0000] {dag.py:3089} INFO - Sync 1 DAGs
[2025-10-22T12:13:16.770+0000] {logging_mixin.py:188} INFO - [2025-10-22T12:13:16.770+0000] {dag.py:3947} INFO - Setting next_dagrun for example_short_circuit_decorator to 2025-10-21 00:00:00+00:00, run_after=2025-10-22 00:00:00+00:00
[2025-10-22T12:13:16.828+0000] {processor.py:183} INFO - Processing /home/khaled/dbt-env/lib/python3.12/site-packages/airflow/example_dags/example_short_circuit_decorator.py took 0.334 seconds
[2025-10-22T12:14:13.832+0000] {processor.py:161} INFO - Started process (PID=9307) to work on /home/khaled/dbt-env/lib/python3.12/site-packages/airflow/example_dags/example_short_circuit_decorator.py
[2025-10-22T12:14:13.844+0000] {processor.py:830} INFO - Processing file /home/khaled/dbt-env/lib/python3.12/site-packages/airflow/example_dags/example_short_circuit_decorator.py for tasks to queue
[2025-10-22T12:14:13.845+0000] {logging_mixin.py:188} INFO - [2025-10-22T12:14:13.845+0000] {dagbag.py:545} INFO - Filling up the DagBag from /home/khaled/dbt-env/lib/python3.12/site-packages/airflow/example_dags/example_short_circuit_decorator.py
[2025-10-22T12:14:13.856+0000] {processor.py:840} INFO - DAG(s) 'example_short_circuit_decorator' retrieved from /home/khaled/dbt-env/lib/python3.12/site-packages/airflow/example_dags/example_short_circuit_decorator.py
[2025-10-22T12:14:13.891+0000] {logging_mixin.py:188} INFO - [2025-10-22T12:14:13.891+0000] {dag.py:3089} INFO - Sync 1 DAGs
[2025-10-22T12:14:13.932+0000] {logging_mixin.py:188} INFO - [2025-10-22T12:14:13.932+0000] {dag.py:3947} INFO - Setting next_dagrun for example_short_circuit_decorator to 2025-10-21 00:00:00+00:00, run_after=2025-10-22 00:00:00+00:00
[2025-10-22T12:14:13.994+0000] {processor.py:183} INFO - Processing /home/khaled/dbt-env/lib/python3.12/site-packages/airflow/example_dags/example_short_circuit_decorator.py took 0.169 seconds
[2025-10-22T12:15:05.942+0000] {processor.py:161} INFO - Started process (PID=9481) to work on /home/khaled/dbt-env/lib/python3.12/site-packages/airflow/example_dags/example_short_circuit_decorator.py
[2025-10-22T12:15:05.957+0000] {processor.py:830} INFO - Processing file /home/khaled/dbt-env/lib/python3.12/site-packages/airflow/example_dags/example_short_circuit_decorator.py for tasks to queue
[2025-10-22T12:15:05.958+0000] {logging_mixin.py:188} INFO - [2025-10-22T12:15:05.958+0000] {dagbag.py:545} INFO - Filling up the DagBag from /home/khaled/dbt-env/lib/python3.12/site-packages/airflow/example_dags/example_short_circuit_decorator.py
[2025-10-22T12:15:05.968+0000] {processor.py:840} INFO - DAG(s) 'example_short_circuit_decorator' retrieved from /home/khaled/dbt-env/lib/python3.12/site-packages/airflow/example_dags/example_short_circuit_decorator.py
[2025-10-22T12:15:06.012+0000] {logging_mixin.py:188} INFO - [2025-10-22T12:15:06.010+0000] {dag.py:3089} INFO - Sync 1 DAGs
[2025-10-22T12:15:06.035+0000] {logging_mixin.py:188} INFO - [2025-10-22T12:15:06.035+0000] {dag.py:3947} INFO - Setting next_dagrun for example_short_circuit_decorator to 2025-10-21 00:00:00+00:00, run_after=2025-10-22 00:00:00+00:00
[2025-10-22T12:15:06.075+0000] {processor.py:183} INFO - Processing /home/khaled/dbt-env/lib/python3.12/site-packages/airflow/example_dags/example_short_circuit_decorator.py took 0.140 seconds
[2025-10-22T12:15:54.560+0000] {processor.py:161} INFO - Started process (PID=9630) to work on /home/khaled/dbt-env/lib/python3.12/site-packages/airflow/example_dags/example_short_circuit_decorator.py
[2025-10-22T12:15:54.572+0000] {processor.py:830} INFO - Processing file /home/khaled/dbt-env/lib/python3.12/site-packages/airflow/example_dags/example_short_circuit_decorator.py for tasks to queue
[2025-10-22T12:15:54.573+0000] {logging_mixin.py:188} INFO - [2025-10-22T12:15:54.573+0000] {dagbag.py:545} INFO - Filling up the DagBag from /home/khaled/dbt-env/lib/python3.12/site-packages/airflow/example_dags/example_short_circuit_decorator.py
[2025-10-22T12:15:54.581+0000] {processor.py:840} INFO - DAG(s) 'example_short_circuit_decorator' retrieved from /home/khaled/dbt-env/lib/python3.12/site-packages/airflow/example_dags/example_short_circuit_decorator.py
[2025-10-22T12:15:54.595+0000] {logging_mixin.py:188} INFO - [2025-10-22T12:15:54.595+0000] {dag.py:3089} INFO - Sync 1 DAGs
[2025-10-22T12:15:54.610+0000] {logging_mixin.py:188} INFO - [2025-10-22T12:15:54.610+0000] {dag.py:3947} INFO - Setting next_dagrun for example_short_circuit_decorator to 2025-10-21 00:00:00+00:00, run_after=2025-10-22 00:00:00+00:00
[2025-10-22T12:15:54.630+0000] {processor.py:183} INFO - Processing /home/khaled/dbt-env/lib/python3.12/site-packages/airflow/example_dags/example_short_circuit_decorator.py took 0.073 seconds
[2025-10-22T12:16:46.712+0000] {processor.py:161} INFO - Started process (PID=9785) to work on /home/khaled/dbt-env/lib/python3.12/site-packages/airflow/example_dags/example_short_circuit_decorator.py
[2025-10-22T12:16:46.713+0000] {processor.py:830} INFO - Processing file /home/khaled/dbt-env/lib/python3.12/site-packages/airflow/example_dags/example_short_circuit_decorator.py for tasks to queue
[2025-10-22T12:16:46.714+0000] {logging_mixin.py:188} INFO - [2025-10-22T12:16:46.714+0000] {dagbag.py:545} INFO - Filling up the DagBag from /home/khaled/dbt-env/lib/python3.12/site-packages/airflow/example_dags/example_short_circuit_decorator.py
[2025-10-22T12:16:46.720+0000] {processor.py:840} INFO - DAG(s) 'example_short_circuit_decorator' retrieved from /home/khaled/dbt-env/lib/python3.12/site-packages/airflow/example_dags/example_short_circuit_decorator.py
[2025-10-22T12:16:46.731+0000] {logging_mixin.py:188} INFO - [2025-10-22T12:16:46.731+0000] {dag.py:3089} INFO - Sync 1 DAGs
[2025-10-22T12:16:46.742+0000] {logging_mixin.py:188} INFO - [2025-10-22T12:16:46.742+0000] {dag.py:3947} INFO - Setting next_dagrun for example_short_circuit_decorator to 2025-10-21 00:00:00+00:00, run_after=2025-10-22 00:00:00+00:00
[2025-10-22T12:16:46.782+0000] {processor.py:183} INFO - Processing /home/khaled/dbt-env/lib/python3.12/site-packages/airflow/example_dags/example_short_circuit_decorator.py took 0.076 seconds
[2025-10-22T12:17:44.304+0000] {processor.py:161} INFO - Started process (PID=10059) to work on /home/khaled/dbt-env/lib/python3.12/site-packages/airflow/example_dags/example_short_circuit_decorator.py
[2025-10-22T12:17:44.306+0000] {processor.py:830} INFO - Processing file /home/khaled/dbt-env/lib/python3.12/site-packages/airflow/example_dags/example_short_circuit_decorator.py for tasks to queue
[2025-10-22T12:17:44.308+0000] {logging_mixin.py:188} INFO - [2025-10-22T12:17:44.308+0000] {dagbag.py:545} INFO - Filling up the DagBag from /home/khaled/dbt-env/lib/python3.12/site-packages/airflow/example_dags/example_short_circuit_decorator.py
[2025-10-22T12:17:44.320+0000] {processor.py:840} INFO - DAG(s) 'example_short_circuit_decorator' retrieved from /home/khaled/dbt-env/lib/python3.12/site-packages/airflow/example_dags/example_short_circuit_decorator.py
[2025-10-22T12:17:44.339+0000] {logging_mixin.py:188} INFO - [2025-10-22T12:17:44.338+0000] {dag.py:3089} INFO - Sync 1 DAGs
[2025-10-22T12:17:44.353+0000] {logging_mixin.py:188} INFO - [2025-10-22T12:17:44.353+0000] {dag.py:3947} INFO - Setting next_dagrun for example_short_circuit_decorator to 2025-10-21 00:00:00+00:00, run_after=2025-10-22 00:00:00+00:00
[2025-10-22T12:17:44.373+0000] {processor.py:183} INFO - Processing /home/khaled/dbt-env/lib/python3.12/site-packages/airflow/example_dags/example_short_circuit_decorator.py took 0.076 seconds
[2025-10-22T12:19:24.155+0000] {processor.py:161} INFO - Started process (PID=10364) to work on /home/khaled/dbt-env/lib/python3.12/site-packages/airflow/example_dags/example_short_circuit_decorator.py
[2025-10-22T12:19:24.165+0000] {processor.py:830} INFO - Processing file /home/khaled/dbt-env/lib/python3.12/site-packages/airflow/example_dags/example_short_circuit_decorator.py for tasks to queue
[2025-10-22T12:19:24.167+0000] {logging_mixin.py:188} INFO - [2025-10-22T12:19:24.167+0000] {dagbag.py:545} INFO - Filling up the DagBag from /home/khaled/dbt-env/lib/python3.12/site-packages/airflow/example_dags/example_short_circuit_decorator.py
[2025-10-22T12:19:24.175+0000] {processor.py:840} INFO - DAG(s) 'example_short_circuit_decorator' retrieved from /home/khaled/dbt-env/lib/python3.12/site-packages/airflow/example_dags/example_short_circuit_decorator.py
[2025-10-22T12:19:24.191+0000] {logging_mixin.py:188} INFO - [2025-10-22T12:19:24.190+0000] {dag.py:3089} INFO - Sync 1 DAGs
[2025-10-22T12:19:24.207+0000] {logging_mixin.py:188} INFO - [2025-10-22T12:19:24.207+0000] {dag.py:3947} INFO - Setting next_dagrun for example_short_circuit_decorator to 2025-10-21 00:00:00+00:00, run_after=2025-10-22 00:00:00+00:00
[2025-10-22T12:19:24.225+0000] {processor.py:183} INFO - Processing /home/khaled/dbt-env/lib/python3.12/site-packages/airflow/example_dags/example_short_circuit_decorator.py took 0.074 seconds
[2025-10-22T12:22:30.332+0000] {processor.py:161} INFO - Started process (PID=10649) to work on /home/khaled/dbt-env/lib/python3.12/site-packages/airflow/example_dags/example_short_circuit_decorator.py
[2025-10-22T12:22:30.336+0000] {processor.py:830} INFO - Processing file /home/khaled/dbt-env/lib/python3.12/site-packages/airflow/example_dags/example_short_circuit_decorator.py for tasks to queue
[2025-10-22T12:22:30.338+0000] {logging_mixin.py:188} INFO - [2025-10-22T12:22:30.338+0000] {dagbag.py:545} INFO - Filling up the DagBag from /home/khaled/dbt-env/lib/python3.12/site-packages/airflow/example_dags/example_short_circuit_decorator.py
[2025-10-22T12:22:30.349+0000] {processor.py:840} INFO - DAG(s) 'example_short_circuit_decorator' retrieved from /home/khaled/dbt-env/lib/python3.12/site-packages/airflow/example_dags/example_short_circuit_decorator.py
[2025-10-22T12:22:30.368+0000] {logging_mixin.py:188} INFO - [2025-10-22T12:22:30.368+0000] {dag.py:3089} INFO - Sync 1 DAGs
[2025-10-22T12:22:30.399+0000] {logging_mixin.py:188} INFO - [2025-10-22T12:22:30.399+0000] {dag.py:3947} INFO - Setting next_dagrun for example_short_circuit_decorator to 2025-10-21 00:00:00+00:00, run_after=2025-10-22 00:00:00+00:00
[2025-10-22T12:22:30.465+0000] {processor.py:183} INFO - Processing /home/khaled/dbt-env/lib/python3.12/site-packages/airflow/example_dags/example_short_circuit_decorator.py took 0.140 seconds
[2025-10-22T12:23:28.718+0000] {processor.py:161} INFO - Started process (PID=11124) to work on /home/khaled/dbt-env/lib/python3.12/site-packages/airflow/example_dags/example_short_circuit_decorator.py
[2025-10-22T12:23:28.728+0000] {processor.py:830} INFO - Processing file /home/khaled/dbt-env/lib/python3.12/site-packages/airflow/example_dags/example_short_circuit_decorator.py for tasks to queue
[2025-10-22T12:23:28.729+0000] {logging_mixin.py:188} INFO - [2025-10-22T12:23:28.729+0000] {dagbag.py:545} INFO - Filling up the DagBag from /home/khaled/dbt-env/lib/python3.12/site-packages/airflow/example_dags/example_short_circuit_decorator.py
[2025-10-22T12:23:28.736+0000] {processor.py:840} INFO - DAG(s) 'example_short_circuit_decorator' retrieved from /home/khaled/dbt-env/lib/python3.12/site-packages/airflow/example_dags/example_short_circuit_decorator.py
[2025-10-22T12:23:28.750+0000] {logging_mixin.py:188} INFO - [2025-10-22T12:23:28.750+0000] {dag.py:3089} INFO - Sync 1 DAGs
[2025-10-22T12:23:28.764+0000] {logging_mixin.py:188} INFO - [2025-10-22T12:23:28.764+0000] {dag.py:3947} INFO - Setting next_dagrun for example_short_circuit_decorator to 2025-10-21 00:00:00+00:00, run_after=2025-10-22 00:00:00+00:00
[2025-10-22T12:23:28.785+0000] {processor.py:183} INFO - Processing /home/khaled/dbt-env/lib/python3.12/site-packages/airflow/example_dags/example_short_circuit_decorator.py took 0.071 seconds
[2025-10-22T12:24:24.602+0000] {processor.py:161} INFO - Started process (PID=11273) to work on /home/khaled/dbt-env/lib/python3.12/site-packages/airflow/example_dags/example_short_circuit_decorator.py
[2025-10-22T12:24:24.604+0000] {processor.py:830} INFO - Processing file /home/khaled/dbt-env/lib/python3.12/site-packages/airflow/example_dags/example_short_circuit_decorator.py for tasks to queue
[2025-10-22T12:24:24.605+0000] {logging_mixin.py:188} INFO - [2025-10-22T12:24:24.605+0000] {dagbag.py:545} INFO - Filling up the DagBag from /home/khaled/dbt-env/lib/python3.12/site-packages/airflow/example_dags/example_short_circuit_decorator.py
[2025-10-22T12:24:24.611+0000] {processor.py:840} INFO - DAG(s) 'example_short_circuit_decorator' retrieved from /home/khaled/dbt-env/lib/python3.12/site-packages/airflow/example_dags/example_short_circuit_decorator.py
[2025-10-22T12:24:24.623+0000] {logging_mixin.py:188} INFO - [2025-10-22T12:24:24.622+0000] {dag.py:3089} INFO - Sync 1 DAGs
[2025-10-22T12:24:24.634+0000] {logging_mixin.py:188} INFO - [2025-10-22T12:24:24.634+0000] {dag.py:3947} INFO - Setting next_dagrun for example_short_circuit_decorator to 2025-10-21 00:00:00+00:00, run_after=2025-10-22 00:00:00+00:00
[2025-10-22T12:24:24.667+0000] {processor.py:183} INFO - Processing /home/khaled/dbt-env/lib/python3.12/site-packages/airflow/example_dags/example_short_circuit_decorator.py took 0.068 seconds
[2025-10-22T12:25:19.441+0000] {processor.py:161} INFO - Started process (PID=11403) to work on /home/khaled/dbt-env/lib/python3.12/site-packages/airflow/example_dags/example_short_circuit_decorator.py
[2025-10-22T12:25:19.442+0000] {processor.py:830} INFO - Processing file /home/khaled/dbt-env/lib/python3.12/site-packages/airflow/example_dags/example_short_circuit_decorator.py for tasks to queue
[2025-10-22T12:25:19.444+0000] {logging_mixin.py:188} INFO - [2025-10-22T12:25:19.443+0000] {dagbag.py:545} INFO - Filling up the DagBag from /home/khaled/dbt-env/lib/python3.12/site-packages/airflow/example_dags/example_short_circuit_decorator.py
[2025-10-22T12:25:19.451+0000] {processor.py:840} INFO - DAG(s) 'example_short_circuit_decorator' retrieved from /home/khaled/dbt-env/lib/python3.12/site-packages/airflow/example_dags/example_short_circuit_decorator.py
[2025-10-22T12:25:19.491+0000] {logging_mixin.py:188} INFO - [2025-10-22T12:25:19.491+0000] {dag.py:3089} INFO - Sync 1 DAGs
[2025-10-22T12:25:19.516+0000] {logging_mixin.py:188} INFO - [2025-10-22T12:25:19.515+0000] {dag.py:3947} INFO - Setting next_dagrun for example_short_circuit_decorator to 2025-10-21 00:00:00+00:00, run_after=2025-10-22 00:00:00+00:00
[2025-10-22T12:25:19.573+0000] {processor.py:183} INFO - Processing /home/khaled/dbt-env/lib/python3.12/site-packages/airflow/example_dags/example_short_circuit_decorator.py took 0.141 seconds
[2025-10-22T12:26:18.541+0000] {processor.py:161} INFO - Started process (PID=11551) to work on /home/khaled/dbt-env/lib/python3.12/site-packages/airflow/example_dags/example_short_circuit_decorator.py
[2025-10-22T12:26:18.551+0000] {processor.py:830} INFO - Processing file /home/khaled/dbt-env/lib/python3.12/site-packages/airflow/example_dags/example_short_circuit_decorator.py for tasks to queue
[2025-10-22T12:26:18.557+0000] {logging_mixin.py:188} INFO - [2025-10-22T12:26:18.554+0000] {dagbag.py:545} INFO - Filling up the DagBag from /home/khaled/dbt-env/lib/python3.12/site-packages/airflow/example_dags/example_short_circuit_decorator.py
[2025-10-22T12:26:18.570+0000] {processor.py:840} INFO - DAG(s) 'example_short_circuit_decorator' retrieved from /home/khaled/dbt-env/lib/python3.12/site-packages/airflow/example_dags/example_short_circuit_decorator.py
[2025-10-22T12:26:18.590+0000] {logging_mixin.py:188} INFO - [2025-10-22T12:26:18.589+0000] {dag.py:3089} INFO - Sync 1 DAGs
[2025-10-22T12:26:18.670+0000] {logging_mixin.py:188} INFO - [2025-10-22T12:26:18.664+0000] {dag.py:3947} INFO - Setting next_dagrun for example_short_circuit_decorator to 2025-10-21 00:00:00+00:00, run_after=2025-10-22 00:00:00+00:00
[2025-10-22T12:26:18.750+0000] {processor.py:183} INFO - Processing /home/khaled/dbt-env/lib/python3.12/site-packages/airflow/example_dags/example_short_circuit_decorator.py took 0.219 seconds
[2025-10-22T12:27:33.019+0000] {processor.py:161} INFO - Started process (PID=11938) to work on /home/khaled/dbt-env/lib/python3.12/site-packages/airflow/example_dags/example_short_circuit_decorator.py
[2025-10-22T12:27:33.030+0000] {processor.py:830} INFO - Processing file /home/khaled/dbt-env/lib/python3.12/site-packages/airflow/example_dags/example_short_circuit_decorator.py for tasks to queue
[2025-10-22T12:27:33.032+0000] {logging_mixin.py:188} INFO - [2025-10-22T12:27:33.032+0000] {dagbag.py:545} INFO - Filling up the DagBag from /home/khaled/dbt-env/lib/python3.12/site-packages/airflow/example_dags/example_short_circuit_decorator.py
[2025-10-22T12:27:33.038+0000] {processor.py:840} INFO - DAG(s) 'example_short_circuit_decorator' retrieved from /home/khaled/dbt-env/lib/python3.12/site-packages/airflow/example_dags/example_short_circuit_decorator.py
[2025-10-22T12:27:33.050+0000] {logging_mixin.py:188} INFO - [2025-10-22T12:27:33.050+0000] {dag.py:3089} INFO - Sync 1 DAGs
[2025-10-22T12:27:33.061+0000] {logging_mixin.py:188} INFO - [2025-10-22T12:27:33.061+0000] {dag.py:3947} INFO - Setting next_dagrun for example_short_circuit_decorator to 2025-10-21 00:00:00+00:00, run_after=2025-10-22 00:00:00+00:00
[2025-10-22T12:27:33.103+0000] {processor.py:183} INFO - Processing /home/khaled/dbt-env/lib/python3.12/site-packages/airflow/example_dags/example_short_circuit_decorator.py took 0.089 seconds
[2025-10-22T12:28:28.631+0000] {processor.py:161} INFO - Started process (PID=12176) to work on /home/khaled/dbt-env/lib/python3.12/site-packages/airflow/example_dags/example_short_circuit_decorator.py
[2025-10-22T12:28:28.635+0000] {processor.py:830} INFO - Processing file /home/khaled/dbt-env/lib/python3.12/site-packages/airflow/example_dags/example_short_circuit_decorator.py for tasks to queue
[2025-10-22T12:28:28.637+0000] {logging_mixin.py:188} INFO - [2025-10-22T12:28:28.637+0000] {dagbag.py:545} INFO - Filling up the DagBag from /home/khaled/dbt-env/lib/python3.12/site-packages/airflow/example_dags/example_short_circuit_decorator.py
[2025-10-22T12:28:28.654+0000] {processor.py:840} INFO - DAG(s) 'example_short_circuit_decorator' retrieved from /home/khaled/dbt-env/lib/python3.12/site-packages/airflow/example_dags/example_short_circuit_decorator.py
[2025-10-22T12:28:28.674+0000] {logging_mixin.py:188} INFO - [2025-10-22T12:28:28.673+0000] {dag.py:3089} INFO - Sync 1 DAGs
[2025-10-22T12:28:28.695+0000] {logging_mixin.py:188} INFO - [2025-10-22T12:28:28.694+0000] {dag.py:3947} INFO - Setting next_dagrun for example_short_circuit_decorator to 2025-10-21 00:00:00+00:00, run_after=2025-10-22 00:00:00+00:00
[2025-10-22T12:28:28.716+0000] {processor.py:183} INFO - Processing /home/khaled/dbt-env/lib/python3.12/site-packages/airflow/example_dags/example_short_circuit_decorator.py took 0.093 seconds
[2025-10-22T12:29:27.386+0000] {processor.py:161} INFO - Started process (PID=12453) to work on /home/khaled/dbt-env/lib/python3.12/site-packages/airflow/example_dags/example_short_circuit_decorator.py
[2025-10-22T12:29:27.400+0000] {processor.py:830} INFO - Processing file /home/khaled/dbt-env/lib/python3.12/site-packages/airflow/example_dags/example_short_circuit_decorator.py for tasks to queue
[2025-10-22T12:29:27.401+0000] {logging_mixin.py:188} INFO - [2025-10-22T12:29:27.401+0000] {dagbag.py:545} INFO - Filling up the DagBag from /home/khaled/dbt-env/lib/python3.12/site-packages/airflow/example_dags/example_short_circuit_decorator.py
[2025-10-22T12:29:27.410+0000] {processor.py:840} INFO - DAG(s) 'example_short_circuit_decorator' retrieved from /home/khaled/dbt-env/lib/python3.12/site-packages/airflow/example_dags/example_short_circuit_decorator.py
[2025-10-22T12:29:27.434+0000] {logging_mixin.py:188} INFO - [2025-10-22T12:29:27.434+0000] {dag.py:3089} INFO - Sync 1 DAGs
[2025-10-22T12:29:27.466+0000] {logging_mixin.py:188} INFO - [2025-10-22T12:29:27.466+0000] {dag.py:3947} INFO - Setting next_dagrun for example_short_circuit_decorator to 2025-10-21 00:00:00+00:00, run_after=2025-10-22 00:00:00+00:00
[2025-10-22T12:29:27.495+0000] {processor.py:183} INFO - Processing /home/khaled/dbt-env/lib/python3.12/site-packages/airflow/example_dags/example_short_circuit_decorator.py took 0.135 seconds
[2025-10-22T12:30:21.056+0000] {processor.py:161} INFO - Started process (PID=12529) to work on /home/khaled/dbt-env/lib/python3.12/site-packages/airflow/example_dags/example_short_circuit_decorator.py
[2025-10-22T12:30:21.071+0000] {processor.py:830} INFO - Processing file /home/khaled/dbt-env/lib/python3.12/site-packages/airflow/example_dags/example_short_circuit_decorator.py for tasks to queue
[2025-10-22T12:30:21.076+0000] {logging_mixin.py:188} INFO - [2025-10-22T12:30:21.076+0000] {dagbag.py:545} INFO - Filling up the DagBag from /home/khaled/dbt-env/lib/python3.12/site-packages/airflow/example_dags/example_short_circuit_decorator.py
[2025-10-22T12:30:21.101+0000] {processor.py:840} INFO - DAG(s) 'example_short_circuit_decorator' retrieved from /home/khaled/dbt-env/lib/python3.12/site-packages/airflow/example_dags/example_short_circuit_decorator.py
[2025-10-22T12:30:21.118+0000] {logging_mixin.py:188} INFO - [2025-10-22T12:30:21.118+0000] {dag.py:3089} INFO - Sync 1 DAGs
[2025-10-22T12:30:21.143+0000] {logging_mixin.py:188} INFO - [2025-10-22T12:30:21.140+0000] {dag.py:3947} INFO - Setting next_dagrun for example_short_circuit_decorator to 2025-10-21 00:00:00+00:00, run_after=2025-10-22 00:00:00+00:00
[2025-10-22T12:30:21.194+0000] {processor.py:183} INFO - Processing /home/khaled/dbt-env/lib/python3.12/site-packages/airflow/example_dags/example_short_circuit_decorator.py took 0.145 seconds
[2025-10-22T12:31:08.875+0000] {processor.py:161} INFO - Started process (PID=12580) to work on /home/khaled/dbt-env/lib/python3.12/site-packages/airflow/example_dags/example_short_circuit_decorator.py
[2025-10-22T12:31:08.877+0000] {processor.py:830} INFO - Processing file /home/khaled/dbt-env/lib/python3.12/site-packages/airflow/example_dags/example_short_circuit_decorator.py for tasks to queue
[2025-10-22T12:31:08.878+0000] {logging_mixin.py:188} INFO - [2025-10-22T12:31:08.878+0000] {dagbag.py:545} INFO - Filling up the DagBag from /home/khaled/dbt-env/lib/python3.12/site-packages/airflow/example_dags/example_short_circuit_decorator.py
[2025-10-22T12:31:08.883+0000] {processor.py:840} INFO - DAG(s) 'example_short_circuit_decorator' retrieved from /home/khaled/dbt-env/lib/python3.12/site-packages/airflow/example_dags/example_short_circuit_decorator.py
[2025-10-22T12:31:08.899+0000] {logging_mixin.py:188} INFO - [2025-10-22T12:31:08.899+0000] {dag.py:3089} INFO - Sync 1 DAGs
[2025-10-22T12:31:08.912+0000] {logging_mixin.py:188} INFO - [2025-10-22T12:31:08.912+0000] {dag.py:3947} INFO - Setting next_dagrun for example_short_circuit_decorator to 2025-10-21 00:00:00+00:00, run_after=2025-10-22 00:00:00+00:00
[2025-10-22T12:31:09.036+0000] {processor.py:183} INFO - Processing /home/khaled/dbt-env/lib/python3.12/site-packages/airflow/example_dags/example_short_circuit_decorator.py took 0.165 seconds
[2025-10-22T12:32:37.367+0000] {processor.py:161} INFO - Started process (PID=12828) to work on /home/khaled/dbt-env/lib/python3.12/site-packages/airflow/example_dags/example_short_circuit_decorator.py
[2025-10-22T12:32:37.379+0000] {processor.py:830} INFO - Processing file /home/khaled/dbt-env/lib/python3.12/site-packages/airflow/example_dags/example_short_circuit_decorator.py for tasks to queue
[2025-10-22T12:32:37.386+0000] {logging_mixin.py:188} INFO - [2025-10-22T12:32:37.386+0000] {dagbag.py:545} INFO - Filling up the DagBag from /home/khaled/dbt-env/lib/python3.12/site-packages/airflow/example_dags/example_short_circuit_decorator.py
[2025-10-22T12:32:37.397+0000] {processor.py:840} INFO - DAG(s) 'example_short_circuit_decorator' retrieved from /home/khaled/dbt-env/lib/python3.12/site-packages/airflow/example_dags/example_short_circuit_decorator.py
[2025-10-22T12:32:37.419+0000] {logging_mixin.py:188} INFO - [2025-10-22T12:32:37.419+0000] {dag.py:3089} INFO - Sync 1 DAGs
[2025-10-22T12:32:37.440+0000] {logging_mixin.py:188} INFO - [2025-10-22T12:32:37.440+0000] {dag.py:3947} INFO - Setting next_dagrun for example_short_circuit_decorator to 2025-10-21 00:00:00+00:00, run_after=2025-10-22 00:00:00+00:00
[2025-10-22T12:32:37.491+0000] {processor.py:183} INFO - Processing /home/khaled/dbt-env/lib/python3.12/site-packages/airflow/example_dags/example_short_circuit_decorator.py took 0.134 seconds
[2025-10-22T12:36:19.862+0000] {processor.py:161} INFO - Started process (PID=12930) to work on /home/khaled/dbt-env/lib/python3.12/site-packages/airflow/example_dags/example_short_circuit_decorator.py
[2025-10-22T12:36:19.877+0000] {processor.py:830} INFO - Processing file /home/khaled/dbt-env/lib/python3.12/site-packages/airflow/example_dags/example_short_circuit_decorator.py for tasks to queue
[2025-10-22T12:36:19.903+0000] {logging_mixin.py:188} INFO - [2025-10-22T12:36:19.899+0000] {dagbag.py:545} INFO - Filling up the DagBag from /home/khaled/dbt-env/lib/python3.12/site-packages/airflow/example_dags/example_short_circuit_decorator.py
[2025-10-22T12:36:19.932+0000] {processor.py:840} INFO - DAG(s) 'example_short_circuit_decorator' retrieved from /home/khaled/dbt-env/lib/python3.12/site-packages/airflow/example_dags/example_short_circuit_decorator.py
[2025-10-22T12:36:19.986+0000] {logging_mixin.py:188} INFO - [2025-10-22T12:36:19.984+0000] {dag.py:3089} INFO - Sync 1 DAGs
[2025-10-22T12:36:20.018+0000] {logging_mixin.py:188} INFO - [2025-10-22T12:36:20.018+0000] {dag.py:3947} INFO - Setting next_dagrun for example_short_circuit_decorator to 2025-10-21 00:00:00+00:00, run_after=2025-10-22 00:00:00+00:00
[2025-10-22T12:36:20.097+0000] {processor.py:183} INFO - Processing /home/khaled/dbt-env/lib/python3.12/site-packages/airflow/example_dags/example_short_circuit_decorator.py took 0.246 seconds
[2025-10-22T12:37:55.036+0000] {processor.py:161} INFO - Started process (PID=13211) to work on /home/khaled/dbt-env/lib/python3.12/site-packages/airflow/example_dags/example_short_circuit_decorator.py
[2025-10-22T12:37:55.047+0000] {processor.py:830} INFO - Processing file /home/khaled/dbt-env/lib/python3.12/site-packages/airflow/example_dags/example_short_circuit_decorator.py for tasks to queue
[2025-10-22T12:37:55.049+0000] {logging_mixin.py:188} INFO - [2025-10-22T12:37:55.049+0000] {dagbag.py:545} INFO - Filling up the DagBag from /home/khaled/dbt-env/lib/python3.12/site-packages/airflow/example_dags/example_short_circuit_decorator.py
[2025-10-22T12:37:55.056+0000] {processor.py:840} INFO - DAG(s) 'example_short_circuit_decorator' retrieved from /home/khaled/dbt-env/lib/python3.12/site-packages/airflow/example_dags/example_short_circuit_decorator.py
[2025-10-22T12:37:55.069+0000] {logging_mixin.py:188} INFO - [2025-10-22T12:37:55.069+0000] {dag.py:3089} INFO - Sync 1 DAGs
[2025-10-22T12:37:55.184+0000] {logging_mixin.py:188} INFO - [2025-10-22T12:37:55.184+0000] {dag.py:3947} INFO - Setting next_dagrun for example_short_circuit_decorator to 2025-10-21 00:00:00+00:00, run_after=2025-10-22 00:00:00+00:00
[2025-10-22T12:37:55.204+0000] {processor.py:183} INFO - Processing /home/khaled/dbt-env/lib/python3.12/site-packages/airflow/example_dags/example_short_circuit_decorator.py took 0.174 seconds
[2025-10-22T12:39:07.902+0000] {processor.py:161} INFO - Started process (PID=13274) to work on /home/khaled/dbt-env/lib/python3.12/site-packages/airflow/example_dags/example_short_circuit_decorator.py
[2025-10-22T12:39:07.904+0000] {processor.py:830} INFO - Processing file /home/khaled/dbt-env/lib/python3.12/site-packages/airflow/example_dags/example_short_circuit_decorator.py for tasks to queue
[2025-10-22T12:39:07.905+0000] {logging_mixin.py:188} INFO - [2025-10-22T12:39:07.905+0000] {dagbag.py:545} INFO - Filling up the DagBag from /home/khaled/dbt-env/lib/python3.12/site-packages/airflow/example_dags/example_short_circuit_decorator.py
[2025-10-22T12:39:07.913+0000] {processor.py:840} INFO - DAG(s) 'example_short_circuit_decorator' retrieved from /home/khaled/dbt-env/lib/python3.12/site-packages/airflow/example_dags/example_short_circuit_decorator.py
[2025-10-22T12:39:07.929+0000] {logging_mixin.py:188} INFO - [2025-10-22T12:39:07.929+0000] {dag.py:3089} INFO - Sync 1 DAGs
[2025-10-22T12:39:07.950+0000] {logging_mixin.py:188} INFO - [2025-10-22T12:39:07.949+0000] {dag.py:3947} INFO - Setting next_dagrun for example_short_circuit_decorator to 2025-10-21 00:00:00+00:00, run_after=2025-10-22 00:00:00+00:00
[2025-10-22T12:39:08.098+0000] {processor.py:183} INFO - Processing /home/khaled/dbt-env/lib/python3.12/site-packages/airflow/example_dags/example_short_circuit_decorator.py took 0.203 seconds
[2025-10-22T12:40:29.495+0000] {processor.py:161} INFO - Started process (PID=13356) to work on /home/khaled/dbt-env/lib/python3.12/site-packages/airflow/example_dags/example_short_circuit_decorator.py
[2025-10-22T12:40:29.496+0000] {processor.py:830} INFO - Processing file /home/khaled/dbt-env/lib/python3.12/site-packages/airflow/example_dags/example_short_circuit_decorator.py for tasks to queue
[2025-10-22T12:40:29.497+0000] {logging_mixin.py:188} INFO - [2025-10-22T12:40:29.497+0000] {dagbag.py:545} INFO - Filling up the DagBag from /home/khaled/dbt-env/lib/python3.12/site-packages/airflow/example_dags/example_short_circuit_decorator.py
[2025-10-22T12:40:29.505+0000] {processor.py:840} INFO - DAG(s) 'example_short_circuit_decorator' retrieved from /home/khaled/dbt-env/lib/python3.12/site-packages/airflow/example_dags/example_short_circuit_decorator.py
[2025-10-22T12:40:29.523+0000] {logging_mixin.py:188} INFO - [2025-10-22T12:40:29.523+0000] {dag.py:3089} INFO - Sync 1 DAGs
[2025-10-22T12:40:29.540+0000] {logging_mixin.py:188} INFO - [2025-10-22T12:40:29.540+0000] {dag.py:3947} INFO - Setting next_dagrun for example_short_circuit_decorator to 2025-10-21 00:00:00+00:00, run_after=2025-10-22 00:00:00+00:00
[2025-10-22T12:40:29.579+0000] {processor.py:183} INFO - Processing /home/khaled/dbt-env/lib/python3.12/site-packages/airflow/example_dags/example_short_circuit_decorator.py took 0.095 seconds
