[2025-10-22T12:12:13.685+0000] {processor.py:161} INFO - Started process (PID=8211) to work on /home/khaled/dbt-env/lib/python3.12/site-packages/airflow/example_dags/example_nested_branch_dag.py
[2025-10-22T12:12:13.686+0000] {processor.py:830} INFO - Processing file /home/khaled/dbt-env/lib/python3.12/site-packages/airflow/example_dags/example_nested_branch_dag.py for tasks to queue
[2025-10-22T12:12:13.687+0000] {logging_mixin.py:188} INFO - [2025-10-22T12:12:13.687+0000] {dagbag.py:545} INFO - Filling up the DagBag from /home/khaled/dbt-env/lib/python3.12/site-packages/airflow/example_dags/example_nested_branch_dag.py
[2025-10-22T12:12:13.694+0000] {processor.py:840} INFO - DAG(s) 'example_nested_branch_dag' retrieved from /home/khaled/dbt-env/lib/python3.12/site-packages/airflow/example_dags/example_nested_branch_dag.py
[2025-10-22T12:12:13.768+0000] {logging_mixin.py:188} INFO - [2025-10-22T12:12:13.768+0000] {dag.py:3089} INFO - Sync 1 DAGs
[2025-10-22T12:12:13.781+0000] {logging_mixin.py:188} INFO - [2025-10-22T12:12:13.780+0000] {dag.py:3947} INFO - Setting next_dagrun for example_nested_branch_dag to 2025-10-21 00:00:00+00:00, run_after=2025-10-22 00:00:00+00:00
[2025-10-22T12:12:13.818+0000] {processor.py:183} INFO - Processing /home/khaled/dbt-env/lib/python3.12/site-packages/airflow/example_dags/example_nested_branch_dag.py took 0.137 seconds
[2025-10-22T12:13:29.326+0000] {processor.py:161} INFO - Started process (PID=9083) to work on /home/khaled/dbt-env/lib/python3.12/site-packages/airflow/example_dags/example_nested_branch_dag.py
[2025-10-22T12:13:29.338+0000] {processor.py:830} INFO - Processing file /home/khaled/dbt-env/lib/python3.12/site-packages/airflow/example_dags/example_nested_branch_dag.py for tasks to queue
[2025-10-22T12:13:29.340+0000] {logging_mixin.py:188} INFO - [2025-10-22T12:13:29.339+0000] {dagbag.py:545} INFO - Filling up the DagBag from /home/khaled/dbt-env/lib/python3.12/site-packages/airflow/example_dags/example_nested_branch_dag.py
[2025-10-22T12:13:29.348+0000] {processor.py:840} INFO - DAG(s) 'example_nested_branch_dag' retrieved from /home/khaled/dbt-env/lib/python3.12/site-packages/airflow/example_dags/example_nested_branch_dag.py
[2025-10-22T12:13:29.376+0000] {logging_mixin.py:188} INFO - [2025-10-22T12:13:29.375+0000] {dag.py:3089} INFO - Sync 1 DAGs
[2025-10-22T12:13:29.405+0000] {logging_mixin.py:188} INFO - [2025-10-22T12:13:29.405+0000] {dag.py:3947} INFO - Setting next_dagrun for example_nested_branch_dag to 2025-10-21 00:00:00+00:00, run_after=2025-10-22 00:00:00+00:00
[2025-10-22T12:13:29.467+0000] {processor.py:183} INFO - Processing /home/khaled/dbt-env/lib/python3.12/site-packages/airflow/example_dags/example_nested_branch_dag.py took 0.149 seconds
[2025-10-22T12:14:26.478+0000] {processor.py:161} INFO - Started process (PID=9323) to work on /home/khaled/dbt-env/lib/python3.12/site-packages/airflow/example_dags/example_nested_branch_dag.py
[2025-10-22T12:14:26.482+0000] {processor.py:830} INFO - Processing file /home/khaled/dbt-env/lib/python3.12/site-packages/airflow/example_dags/example_nested_branch_dag.py for tasks to queue
[2025-10-22T12:14:26.483+0000] {logging_mixin.py:188} INFO - [2025-10-22T12:14:26.483+0000] {dagbag.py:545} INFO - Filling up the DagBag from /home/khaled/dbt-env/lib/python3.12/site-packages/airflow/example_dags/example_nested_branch_dag.py
[2025-10-22T12:14:26.503+0000] {processor.py:840} INFO - DAG(s) 'example_nested_branch_dag' retrieved from /home/khaled/dbt-env/lib/python3.12/site-packages/airflow/example_dags/example_nested_branch_dag.py
[2025-10-22T12:14:26.567+0000] {logging_mixin.py:188} INFO - [2025-10-22T12:14:26.567+0000] {dag.py:3089} INFO - Sync 1 DAGs
[2025-10-22T12:14:26.620+0000] {logging_mixin.py:188} INFO - [2025-10-22T12:14:26.620+0000] {dag.py:3947} INFO - Setting next_dagrun for example_nested_branch_dag to 2025-10-21 00:00:00+00:00, run_after=2025-10-22 00:00:00+00:00
[2025-10-22T12:14:26.725+0000] {processor.py:183} INFO - Processing /home/khaled/dbt-env/lib/python3.12/site-packages/airflow/example_dags/example_nested_branch_dag.py took 0.258 seconds
[2025-10-22T12:15:16.332+0000] {processor.py:161} INFO - Started process (PID=9494) to work on /home/khaled/dbt-env/lib/python3.12/site-packages/airflow/example_dags/example_nested_branch_dag.py
[2025-10-22T12:15:16.343+0000] {processor.py:830} INFO - Processing file /home/khaled/dbt-env/lib/python3.12/site-packages/airflow/example_dags/example_nested_branch_dag.py for tasks to queue
[2025-10-22T12:15:16.345+0000] {logging_mixin.py:188} INFO - [2025-10-22T12:15:16.345+0000] {dagbag.py:545} INFO - Filling up the DagBag from /home/khaled/dbt-env/lib/python3.12/site-packages/airflow/example_dags/example_nested_branch_dag.py
[2025-10-22T12:15:16.356+0000] {processor.py:840} INFO - DAG(s) 'example_nested_branch_dag' retrieved from /home/khaled/dbt-env/lib/python3.12/site-packages/airflow/example_dags/example_nested_branch_dag.py
[2025-10-22T12:15:16.373+0000] {logging_mixin.py:188} INFO - [2025-10-22T12:15:16.373+0000] {dag.py:3089} INFO - Sync 1 DAGs
[2025-10-22T12:15:16.392+0000] {logging_mixin.py:188} INFO - [2025-10-22T12:15:16.392+0000] {dag.py:3947} INFO - Setting next_dagrun for example_nested_branch_dag to 2025-10-21 00:00:00+00:00, run_after=2025-10-22 00:00:00+00:00
[2025-10-22T12:15:16.411+0000] {processor.py:183} INFO - Processing /home/khaled/dbt-env/lib/python3.12/site-packages/airflow/example_dags/example_nested_branch_dag.py took 0.083 seconds
[2025-10-22T12:16:26.474+0000] {processor.py:161} INFO - Started process (PID=9670) to work on /home/khaled/dbt-env/lib/python3.12/site-packages/airflow/example_dags/example_nested_branch_dag.py
[2025-10-22T12:16:26.486+0000] {processor.py:830} INFO - Processing file /home/khaled/dbt-env/lib/python3.12/site-packages/airflow/example_dags/example_nested_branch_dag.py for tasks to queue
[2025-10-22T12:16:26.488+0000] {logging_mixin.py:188} INFO - [2025-10-22T12:16:26.488+0000] {dagbag.py:545} INFO - Filling up the DagBag from /home/khaled/dbt-env/lib/python3.12/site-packages/airflow/example_dags/example_nested_branch_dag.py
[2025-10-22T12:16:26.510+0000] {processor.py:840} INFO - DAG(s) 'example_nested_branch_dag' retrieved from /home/khaled/dbt-env/lib/python3.12/site-packages/airflow/example_dags/example_nested_branch_dag.py
[2025-10-22T12:16:26.588+0000] {logging_mixin.py:188} INFO - [2025-10-22T12:16:26.588+0000] {dag.py:3089} INFO - Sync 1 DAGs
[2025-10-22T12:16:26.621+0000] {logging_mixin.py:188} INFO - [2025-10-22T12:16:26.620+0000] {dag.py:3947} INFO - Setting next_dagrun for example_nested_branch_dag to 2025-10-21 00:00:00+00:00, run_after=2025-10-22 00:00:00+00:00
[2025-10-22T12:16:26.675+0000] {processor.py:183} INFO - Processing /home/khaled/dbt-env/lib/python3.12/site-packages/airflow/example_dags/example_nested_branch_dag.py took 0.207 seconds
[2025-10-22T12:17:17.571+0000] {processor.py:161} INFO - Started process (PID=9826) to work on /home/khaled/dbt-env/lib/python3.12/site-packages/airflow/example_dags/example_nested_branch_dag.py
[2025-10-22T12:17:17.587+0000] {processor.py:830} INFO - Processing file /home/khaled/dbt-env/lib/python3.12/site-packages/airflow/example_dags/example_nested_branch_dag.py for tasks to queue
[2025-10-22T12:17:17.592+0000] {logging_mixin.py:188} INFO - [2025-10-22T12:17:17.591+0000] {dagbag.py:545} INFO - Filling up the DagBag from /home/khaled/dbt-env/lib/python3.12/site-packages/airflow/example_dags/example_nested_branch_dag.py
[2025-10-22T12:17:17.608+0000] {processor.py:840} INFO - DAG(s) 'example_nested_branch_dag' retrieved from /home/khaled/dbt-env/lib/python3.12/site-packages/airflow/example_dags/example_nested_branch_dag.py
[2025-10-22T12:17:17.645+0000] {logging_mixin.py:188} INFO - [2025-10-22T12:17:17.644+0000] {dag.py:3089} INFO - Sync 1 DAGs
[2025-10-22T12:17:17.688+0000] {logging_mixin.py:188} INFO - [2025-10-22T12:17:17.688+0000] {dag.py:3947} INFO - Setting next_dagrun for example_nested_branch_dag to 2025-10-21 00:00:00+00:00, run_after=2025-10-22 00:00:00+00:00
[2025-10-22T12:17:17.758+0000] {processor.py:183} INFO - Processing /home/khaled/dbt-env/lib/python3.12/site-packages/airflow/example_dags/example_nested_branch_dag.py took 0.199 seconds
[2025-10-22T12:18:24.904+0000] {processor.py:161} INFO - Started process (PID=10256) to work on /home/khaled/dbt-env/lib/python3.12/site-packages/airflow/example_dags/example_nested_branch_dag.py
[2025-10-22T12:18:24.916+0000] {processor.py:830} INFO - Processing file /home/khaled/dbt-env/lib/python3.12/site-packages/airflow/example_dags/example_nested_branch_dag.py for tasks to queue
[2025-10-22T12:18:24.921+0000] {logging_mixin.py:188} INFO - [2025-10-22T12:18:24.920+0000] {dagbag.py:545} INFO - Filling up the DagBag from /home/khaled/dbt-env/lib/python3.12/site-packages/airflow/example_dags/example_nested_branch_dag.py
[2025-10-22T12:18:24.942+0000] {processor.py:840} INFO - DAG(s) 'example_nested_branch_dag' retrieved from /home/khaled/dbt-env/lib/python3.12/site-packages/airflow/example_dags/example_nested_branch_dag.py
[2025-10-22T12:18:24.954+0000] {logging_mixin.py:188} INFO - [2025-10-22T12:18:24.953+0000] {dag.py:3089} INFO - Sync 1 DAGs
[2025-10-22T12:18:24.968+0000] {logging_mixin.py:188} INFO - [2025-10-22T12:18:24.967+0000] {dag.py:3947} INFO - Setting next_dagrun for example_nested_branch_dag to 2025-10-21 00:00:00+00:00, run_after=2025-10-22 00:00:00+00:00
[2025-10-22T12:18:24.989+0000] {processor.py:183} INFO - Processing /home/khaled/dbt-env/lib/python3.12/site-packages/airflow/example_dags/example_nested_branch_dag.py took 0.089 seconds
[2025-10-22T12:22:40.840+0000] {processor.py:161} INFO - Started process (PID=10676) to work on /home/khaled/dbt-env/lib/python3.12/site-packages/airflow/example_dags/example_nested_branch_dag.py
[2025-10-22T12:22:40.852+0000] {processor.py:830} INFO - Processing file /home/khaled/dbt-env/lib/python3.12/site-packages/airflow/example_dags/example_nested_branch_dag.py for tasks to queue
[2025-10-22T12:22:40.854+0000] {logging_mixin.py:188} INFO - [2025-10-22T12:22:40.854+0000] {dagbag.py:545} INFO - Filling up the DagBag from /home/khaled/dbt-env/lib/python3.12/site-packages/airflow/example_dags/example_nested_branch_dag.py
[2025-10-22T12:22:40.863+0000] {processor.py:840} INFO - DAG(s) 'example_nested_branch_dag' retrieved from /home/khaled/dbt-env/lib/python3.12/site-packages/airflow/example_dags/example_nested_branch_dag.py
[2025-10-22T12:22:40.878+0000] {logging_mixin.py:188} INFO - [2025-10-22T12:22:40.878+0000] {dag.py:3089} INFO - Sync 1 DAGs
[2025-10-22T12:22:40.893+0000] {logging_mixin.py:188} INFO - [2025-10-22T12:22:40.893+0000] {dag.py:3947} INFO - Setting next_dagrun for example_nested_branch_dag to 2025-10-21 00:00:00+00:00, run_after=2025-10-22 00:00:00+00:00
[2025-10-22T12:22:40.913+0000] {processor.py:183} INFO - Processing /home/khaled/dbt-env/lib/python3.12/site-packages/airflow/example_dags/example_nested_branch_dag.py took 0.078 seconds
[2025-10-22T12:23:40.347+0000] {processor.py:161} INFO - Started process (PID=11188) to work on /home/khaled/dbt-env/lib/python3.12/site-packages/airflow/example_dags/example_nested_branch_dag.py
[2025-10-22T12:23:40.358+0000] {processor.py:830} INFO - Processing file /home/khaled/dbt-env/lib/python3.12/site-packages/airflow/example_dags/example_nested_branch_dag.py for tasks to queue
[2025-10-22T12:23:40.361+0000] {logging_mixin.py:188} INFO - [2025-10-22T12:23:40.360+0000] {dagbag.py:545} INFO - Filling up the DagBag from /home/khaled/dbt-env/lib/python3.12/site-packages/airflow/example_dags/example_nested_branch_dag.py
[2025-10-22T12:23:40.377+0000] {processor.py:840} INFO - DAG(s) 'example_nested_branch_dag' retrieved from /home/khaled/dbt-env/lib/python3.12/site-packages/airflow/example_dags/example_nested_branch_dag.py
[2025-10-22T12:23:40.393+0000] {logging_mixin.py:188} INFO - [2025-10-22T12:23:40.393+0000] {dag.py:3089} INFO - Sync 1 DAGs
[2025-10-22T12:23:40.414+0000] {logging_mixin.py:188} INFO - [2025-10-22T12:23:40.414+0000] {dag.py:3947} INFO - Setting next_dagrun for example_nested_branch_dag to 2025-10-21 00:00:00+00:00, run_after=2025-10-22 00:00:00+00:00
[2025-10-22T12:23:40.445+0000] {processor.py:183} INFO - Processing /home/khaled/dbt-env/lib/python3.12/site-packages/airflow/example_dags/example_nested_branch_dag.py took 0.102 seconds
[2025-10-22T12:24:33.977+0000] {processor.py:161} INFO - Started process (PID=11340) to work on /home/khaled/dbt-env/lib/python3.12/site-packages/airflow/example_dags/example_nested_branch_dag.py
[2025-10-22T12:24:33.978+0000] {processor.py:830} INFO - Processing file /home/khaled/dbt-env/lib/python3.12/site-packages/airflow/example_dags/example_nested_branch_dag.py for tasks to queue
[2025-10-22T12:24:33.980+0000] {logging_mixin.py:188} INFO - [2025-10-22T12:24:33.979+0000] {dagbag.py:545} INFO - Filling up the DagBag from /home/khaled/dbt-env/lib/python3.12/site-packages/airflow/example_dags/example_nested_branch_dag.py
[2025-10-22T12:24:33.988+0000] {processor.py:840} INFO - DAG(s) 'example_nested_branch_dag' retrieved from /home/khaled/dbt-env/lib/python3.12/site-packages/airflow/example_dags/example_nested_branch_dag.py
[2025-10-22T12:24:34.001+0000] {logging_mixin.py:188} INFO - [2025-10-22T12:24:34.001+0000] {dag.py:3089} INFO - Sync 1 DAGs
[2025-10-22T12:24:34.015+0000] {logging_mixin.py:188} INFO - [2025-10-22T12:24:34.015+0000] {dag.py:3947} INFO - Setting next_dagrun for example_nested_branch_dag to 2025-10-21 00:00:00+00:00, run_after=2025-10-22 00:00:00+00:00
[2025-10-22T12:24:34.050+0000] {processor.py:183} INFO - Processing /home/khaled/dbt-env/lib/python3.12/site-packages/airflow/example_dags/example_nested_branch_dag.py took 0.077 seconds
[2025-10-22T12:25:30.115+0000] {processor.py:161} INFO - Started process (PID=11421) to work on /home/khaled/dbt-env/lib/python3.12/site-packages/airflow/example_dags/example_nested_branch_dag.py
[2025-10-22T12:25:30.131+0000] {processor.py:830} INFO - Processing file /home/khaled/dbt-env/lib/python3.12/site-packages/airflow/example_dags/example_nested_branch_dag.py for tasks to queue
[2025-10-22T12:25:30.133+0000] {logging_mixin.py:188} INFO - [2025-10-22T12:25:30.133+0000] {dagbag.py:545} INFO - Filling up the DagBag from /home/khaled/dbt-env/lib/python3.12/site-packages/airflow/example_dags/example_nested_branch_dag.py
[2025-10-22T12:25:30.161+0000] {processor.py:840} INFO - DAG(s) 'example_nested_branch_dag' retrieved from /home/khaled/dbt-env/lib/python3.12/site-packages/airflow/example_dags/example_nested_branch_dag.py
[2025-10-22T12:25:30.211+0000] {logging_mixin.py:188} INFO - [2025-10-22T12:25:30.210+0000] {dag.py:3089} INFO - Sync 1 DAGs
[2025-10-22T12:25:30.231+0000] {logging_mixin.py:188} INFO - [2025-10-22T12:25:30.230+0000] {dag.py:3947} INFO - Setting next_dagrun for example_nested_branch_dag to 2025-10-21 00:00:00+00:00, run_after=2025-10-22 00:00:00+00:00
[2025-10-22T12:25:30.290+0000] {processor.py:183} INFO - Processing /home/khaled/dbt-env/lib/python3.12/site-packages/airflow/example_dags/example_nested_branch_dag.py took 0.190 seconds
[2025-10-22T12:26:28.920+0000] {processor.py:161} INFO - Started process (PID=11575) to work on /home/khaled/dbt-env/lib/python3.12/site-packages/airflow/example_dags/example_nested_branch_dag.py
[2025-10-22T12:26:28.922+0000] {processor.py:830} INFO - Processing file /home/khaled/dbt-env/lib/python3.12/site-packages/airflow/example_dags/example_nested_branch_dag.py for tasks to queue
[2025-10-22T12:26:28.923+0000] {logging_mixin.py:188} INFO - [2025-10-22T12:26:28.923+0000] {dagbag.py:545} INFO - Filling up the DagBag from /home/khaled/dbt-env/lib/python3.12/site-packages/airflow/example_dags/example_nested_branch_dag.py
[2025-10-22T12:26:28.931+0000] {processor.py:840} INFO - DAG(s) 'example_nested_branch_dag' retrieved from /home/khaled/dbt-env/lib/python3.12/site-packages/airflow/example_dags/example_nested_branch_dag.py
[2025-10-22T12:26:28.942+0000] {logging_mixin.py:188} INFO - [2025-10-22T12:26:28.941+0000] {dag.py:3089} INFO - Sync 1 DAGs
[2025-10-22T12:26:28.953+0000] {logging_mixin.py:188} INFO - [2025-10-22T12:26:28.953+0000] {dag.py:3947} INFO - Setting next_dagrun for example_nested_branch_dag to 2025-10-21 00:00:00+00:00, run_after=2025-10-22 00:00:00+00:00
[2025-10-22T12:26:28.972+0000] {processor.py:183} INFO - Processing /home/khaled/dbt-env/lib/python3.12/site-packages/airflow/example_dags/example_nested_branch_dag.py took 0.059 seconds
[2025-10-22T12:27:43.183+0000] {processor.py:161} INFO - Started process (PID=12027) to work on /home/khaled/dbt-env/lib/python3.12/site-packages/airflow/example_dags/example_nested_branch_dag.py
[2025-10-22T12:27:43.194+0000] {processor.py:830} INFO - Processing file /home/khaled/dbt-env/lib/python3.12/site-packages/airflow/example_dags/example_nested_branch_dag.py for tasks to queue
[2025-10-22T12:27:43.196+0000] {logging_mixin.py:188} INFO - [2025-10-22T12:27:43.196+0000] {dagbag.py:545} INFO - Filling up the DagBag from /home/khaled/dbt-env/lib/python3.12/site-packages/airflow/example_dags/example_nested_branch_dag.py
[2025-10-22T12:27:43.205+0000] {processor.py:840} INFO - DAG(s) 'example_nested_branch_dag' retrieved from /home/khaled/dbt-env/lib/python3.12/site-packages/airflow/example_dags/example_nested_branch_dag.py
[2025-10-22T12:27:43.220+0000] {logging_mixin.py:188} INFO - [2025-10-22T12:27:43.220+0000] {dag.py:3089} INFO - Sync 1 DAGs
[2025-10-22T12:27:43.240+0000] {logging_mixin.py:188} INFO - [2025-10-22T12:27:43.240+0000] {dag.py:3947} INFO - Setting next_dagrun for example_nested_branch_dag to 2025-10-21 00:00:00+00:00, run_after=2025-10-22 00:00:00+00:00
[2025-10-22T12:27:43.260+0000] {processor.py:183} INFO - Processing /home/khaled/dbt-env/lib/python3.12/site-packages/airflow/example_dags/example_nested_branch_dag.py took 0.083 seconds
[2025-10-22T12:28:40.732+0000] {processor.py:161} INFO - Started process (PID=12258) to work on /home/khaled/dbt-env/lib/python3.12/site-packages/airflow/example_dags/example_nested_branch_dag.py
[2025-10-22T12:28:40.733+0000] {processor.py:830} INFO - Processing file /home/khaled/dbt-env/lib/python3.12/site-packages/airflow/example_dags/example_nested_branch_dag.py for tasks to queue
[2025-10-22T12:28:40.735+0000] {logging_mixin.py:188} INFO - [2025-10-22T12:28:40.735+0000] {dagbag.py:545} INFO - Filling up the DagBag from /home/khaled/dbt-env/lib/python3.12/site-packages/airflow/example_dags/example_nested_branch_dag.py
[2025-10-22T12:28:40.743+0000] {processor.py:840} INFO - DAG(s) 'example_nested_branch_dag' retrieved from /home/khaled/dbt-env/lib/python3.12/site-packages/airflow/example_dags/example_nested_branch_dag.py
[2025-10-22T12:28:40.756+0000] {logging_mixin.py:188} INFO - [2025-10-22T12:28:40.756+0000] {dag.py:3089} INFO - Sync 1 DAGs
[2025-10-22T12:28:40.771+0000] {logging_mixin.py:188} INFO - [2025-10-22T12:28:40.771+0000] {dag.py:3947} INFO - Setting next_dagrun for example_nested_branch_dag to 2025-10-21 00:00:00+00:00, run_after=2025-10-22 00:00:00+00:00
[2025-10-22T12:28:40.898+0000] {processor.py:183} INFO - Processing /home/khaled/dbt-env/lib/python3.12/site-packages/airflow/example_dags/example_nested_branch_dag.py took 0.171 seconds
[2025-10-22T12:29:37.392+0000] {processor.py:161} INFO - Started process (PID=12474) to work on /home/khaled/dbt-env/lib/python3.12/site-packages/airflow/example_dags/example_nested_branch_dag.py
[2025-10-22T12:29:37.395+0000] {processor.py:830} INFO - Processing file /home/khaled/dbt-env/lib/python3.12/site-packages/airflow/example_dags/example_nested_branch_dag.py for tasks to queue
[2025-10-22T12:29:37.398+0000] {logging_mixin.py:188} INFO - [2025-10-22T12:29:37.397+0000] {dagbag.py:545} INFO - Filling up the DagBag from /home/khaled/dbt-env/lib/python3.12/site-packages/airflow/example_dags/example_nested_branch_dag.py
[2025-10-22T12:29:37.409+0000] {processor.py:840} INFO - DAG(s) 'example_nested_branch_dag' retrieved from /home/khaled/dbt-env/lib/python3.12/site-packages/airflow/example_dags/example_nested_branch_dag.py
[2025-10-22T12:29:37.446+0000] {logging_mixin.py:188} INFO - [2025-10-22T12:29:37.445+0000] {dag.py:3089} INFO - Sync 1 DAGs
[2025-10-22T12:29:37.465+0000] {logging_mixin.py:188} INFO - [2025-10-22T12:29:37.465+0000] {dag.py:3947} INFO - Setting next_dagrun for example_nested_branch_dag to 2025-10-21 00:00:00+00:00, run_after=2025-10-22 00:00:00+00:00
[2025-10-22T12:29:37.506+0000] {processor.py:183} INFO - Processing /home/khaled/dbt-env/lib/python3.12/site-packages/airflow/example_dags/example_nested_branch_dag.py took 0.126 seconds
[2025-10-22T12:30:31.315+0000] {processor.py:161} INFO - Started process (PID=12541) to work on /home/khaled/dbt-env/lib/python3.12/site-packages/airflow/example_dags/example_nested_branch_dag.py
[2025-10-22T12:30:31.316+0000] {processor.py:830} INFO - Processing file /home/khaled/dbt-env/lib/python3.12/site-packages/airflow/example_dags/example_nested_branch_dag.py for tasks to queue
[2025-10-22T12:30:31.318+0000] {logging_mixin.py:188} INFO - [2025-10-22T12:30:31.318+0000] {dagbag.py:545} INFO - Filling up the DagBag from /home/khaled/dbt-env/lib/python3.12/site-packages/airflow/example_dags/example_nested_branch_dag.py
[2025-10-22T12:30:31.340+0000] {processor.py:840} INFO - DAG(s) 'example_nested_branch_dag' retrieved from /home/khaled/dbt-env/lib/python3.12/site-packages/airflow/example_dags/example_nested_branch_dag.py
[2025-10-22T12:30:31.355+0000] {logging_mixin.py:188} INFO - [2025-10-22T12:30:31.355+0000] {dag.py:3089} INFO - Sync 1 DAGs
[2025-10-22T12:30:31.369+0000] {logging_mixin.py:188} INFO - [2025-10-22T12:30:31.369+0000] {dag.py:3947} INFO - Setting next_dagrun for example_nested_branch_dag to 2025-10-21 00:00:00+00:00, run_after=2025-10-22 00:00:00+00:00
[2025-10-22T12:30:31.399+0000] {processor.py:183} INFO - Processing /home/khaled/dbt-env/lib/python3.12/site-packages/airflow/example_dags/example_nested_branch_dag.py took 0.089 seconds
[2025-10-22T12:31:20.924+0000] {processor.py:161} INFO - Started process (PID=12593) to work on /home/khaled/dbt-env/lib/python3.12/site-packages/airflow/example_dags/example_nested_branch_dag.py
[2025-10-22T12:31:20.925+0000] {processor.py:830} INFO - Processing file /home/khaled/dbt-env/lib/python3.12/site-packages/airflow/example_dags/example_nested_branch_dag.py for tasks to queue
[2025-10-22T12:31:20.927+0000] {logging_mixin.py:188} INFO - [2025-10-22T12:31:20.927+0000] {dagbag.py:545} INFO - Filling up the DagBag from /home/khaled/dbt-env/lib/python3.12/site-packages/airflow/example_dags/example_nested_branch_dag.py
[2025-10-22T12:31:20.934+0000] {processor.py:840} INFO - DAG(s) 'example_nested_branch_dag' retrieved from /home/khaled/dbt-env/lib/python3.12/site-packages/airflow/example_dags/example_nested_branch_dag.py
[2025-10-22T12:31:20.947+0000] {logging_mixin.py:188} INFO - [2025-10-22T12:31:20.947+0000] {dag.py:3089} INFO - Sync 1 DAGs
[2025-10-22T12:31:21.045+0000] {logging_mixin.py:188} INFO - [2025-10-22T12:31:21.045+0000] {dag.py:3947} INFO - Setting next_dagrun for example_nested_branch_dag to 2025-10-21 00:00:00+00:00, run_after=2025-10-22 00:00:00+00:00
[2025-10-22T12:31:21.076+0000] {processor.py:183} INFO - Processing /home/khaled/dbt-env/lib/python3.12/site-packages/airflow/example_dags/example_nested_branch_dag.py took 0.157 seconds
[2025-10-22T12:33:04.328+0000] {processor.py:161} INFO - Started process (PID=12840) to work on /home/khaled/dbt-env/lib/python3.12/site-packages/airflow/example_dags/example_nested_branch_dag.py
[2025-10-22T12:33:04.389+0000] {processor.py:830} INFO - Processing file /home/khaled/dbt-env/lib/python3.12/site-packages/airflow/example_dags/example_nested_branch_dag.py for tasks to queue
[2025-10-22T12:33:04.557+0000] {logging_mixin.py:188} INFO - [2025-10-22T12:33:04.553+0000] {dagbag.py:545} INFO - Filling up the DagBag from /home/khaled/dbt-env/lib/python3.12/site-packages/airflow/example_dags/example_nested_branch_dag.py
[2025-10-22T12:33:04.787+0000] {processor.py:840} INFO - DAG(s) 'example_nested_branch_dag' retrieved from /home/khaled/dbt-env/lib/python3.12/site-packages/airflow/example_dags/example_nested_branch_dag.py
[2025-10-22T12:33:05.165+0000] {logging_mixin.py:188} INFO - [2025-10-22T12:33:05.151+0000] {dag.py:3089} INFO - Sync 1 DAGs
[2025-10-22T12:33:05.927+0000] {logging_mixin.py:188} INFO - [2025-10-22T12:33:05.926+0000] {dag.py:3947} INFO - Setting next_dagrun for example_nested_branch_dag to 2025-10-21 00:00:00+00:00, run_after=2025-10-22 00:00:00+00:00
[2025-10-22T12:33:06.467+0000] {processor.py:183} INFO - Processing /home/khaled/dbt-env/lib/python3.12/site-packages/airflow/example_dags/example_nested_branch_dag.py took 2.288 seconds
[2025-10-22T12:36:49.402+0000] {processor.py:161} INFO - Started process (PID=13137) to work on /home/khaled/dbt-env/lib/python3.12/site-packages/airflow/example_dags/example_nested_branch_dag.py
[2025-10-22T12:36:49.405+0000] {processor.py:830} INFO - Processing file /home/khaled/dbt-env/lib/python3.12/site-packages/airflow/example_dags/example_nested_branch_dag.py for tasks to queue
[2025-10-22T12:36:49.407+0000] {logging_mixin.py:188} INFO - [2025-10-22T12:36:49.406+0000] {dagbag.py:545} INFO - Filling up the DagBag from /home/khaled/dbt-env/lib/python3.12/site-packages/airflow/example_dags/example_nested_branch_dag.py
[2025-10-22T12:36:49.463+0000] {processor.py:840} INFO - DAG(s) 'example_nested_branch_dag' retrieved from /home/khaled/dbt-env/lib/python3.12/site-packages/airflow/example_dags/example_nested_branch_dag.py
[2025-10-22T12:36:49.808+0000] {logging_mixin.py:188} INFO - [2025-10-22T12:36:49.805+0000] {dag.py:3089} INFO - Sync 1 DAGs
[2025-10-22T12:36:51.245+0000] {logging_mixin.py:188} INFO - [2025-10-22T12:36:51.240+0000] {dag.py:3947} INFO - Setting next_dagrun for example_nested_branch_dag to 2025-10-21 00:00:00+00:00, run_after=2025-10-22 00:00:00+00:00
[2025-10-22T12:36:51.751+0000] {processor.py:183} INFO - Processing /home/khaled/dbt-env/lib/python3.12/site-packages/airflow/example_dags/example_nested_branch_dag.py took 2.357 seconds
[2025-10-22T12:38:10.013+0000] {processor.py:161} INFO - Started process (PID=13221) to work on /home/khaled/dbt-env/lib/python3.12/site-packages/airflow/example_dags/example_nested_branch_dag.py
[2025-10-22T12:38:10.023+0000] {processor.py:830} INFO - Processing file /home/khaled/dbt-env/lib/python3.12/site-packages/airflow/example_dags/example_nested_branch_dag.py for tasks to queue
[2025-10-22T12:38:10.028+0000] {logging_mixin.py:188} INFO - [2025-10-22T12:38:10.028+0000] {dagbag.py:545} INFO - Filling up the DagBag from /home/khaled/dbt-env/lib/python3.12/site-packages/airflow/example_dags/example_nested_branch_dag.py
[2025-10-22T12:38:10.037+0000] {processor.py:840} INFO - DAG(s) 'example_nested_branch_dag' retrieved from /home/khaled/dbt-env/lib/python3.12/site-packages/airflow/example_dags/example_nested_branch_dag.py
[2025-10-22T12:38:10.052+0000] {logging_mixin.py:188} INFO - [2025-10-22T12:38:10.051+0000] {dag.py:3089} INFO - Sync 1 DAGs
[2025-10-22T12:38:10.071+0000] {logging_mixin.py:188} INFO - [2025-10-22T12:38:10.071+0000] {dag.py:3947} INFO - Setting next_dagrun for example_nested_branch_dag to 2025-10-21 00:00:00+00:00, run_after=2025-10-22 00:00:00+00:00
[2025-10-22T12:38:10.099+0000] {processor.py:183} INFO - Processing /home/khaled/dbt-env/lib/python3.12/site-packages/airflow/example_dags/example_nested_branch_dag.py took 0.092 seconds
[2025-10-22T12:39:20.671+0000] {processor.py:161} INFO - Started process (PID=13287) to work on /home/khaled/dbt-env/lib/python3.12/site-packages/airflow/example_dags/example_nested_branch_dag.py
[2025-10-22T12:39:20.683+0000] {processor.py:830} INFO - Processing file /home/khaled/dbt-env/lib/python3.12/site-packages/airflow/example_dags/example_nested_branch_dag.py for tasks to queue
[2025-10-22T12:39:20.685+0000] {logging_mixin.py:188} INFO - [2025-10-22T12:39:20.684+0000] {dagbag.py:545} INFO - Filling up the DagBag from /home/khaled/dbt-env/lib/python3.12/site-packages/airflow/example_dags/example_nested_branch_dag.py
[2025-10-22T12:39:20.691+0000] {processor.py:840} INFO - DAG(s) 'example_nested_branch_dag' retrieved from /home/khaled/dbt-env/lib/python3.12/site-packages/airflow/example_dags/example_nested_branch_dag.py
[2025-10-22T12:39:20.714+0000] {logging_mixin.py:188} INFO - [2025-10-22T12:39:20.713+0000] {dag.py:3089} INFO - Sync 1 DAGs
[2025-10-22T12:39:20.843+0000] {logging_mixin.py:188} INFO - [2025-10-22T12:39:20.843+0000] {dag.py:3947} INFO - Setting next_dagrun for example_nested_branch_dag to 2025-10-21 00:00:00+00:00, run_after=2025-10-22 00:00:00+00:00
[2025-10-22T12:39:20.868+0000] {processor.py:183} INFO - Processing /home/khaled/dbt-env/lib/python3.12/site-packages/airflow/example_dags/example_nested_branch_dag.py took 0.204 seconds
[2025-10-22T12:40:40.610+0000] {processor.py:161} INFO - Started process (PID=13367) to work on /home/khaled/dbt-env/lib/python3.12/site-packages/airflow/example_dags/example_nested_branch_dag.py
[2025-10-22T12:40:40.622+0000] {processor.py:830} INFO - Processing file /home/khaled/dbt-env/lib/python3.12/site-packages/airflow/example_dags/example_nested_branch_dag.py for tasks to queue
[2025-10-22T12:40:40.624+0000] {logging_mixin.py:188} INFO - [2025-10-22T12:40:40.623+0000] {dagbag.py:545} INFO - Filling up the DagBag from /home/khaled/dbt-env/lib/python3.12/site-packages/airflow/example_dags/example_nested_branch_dag.py
[2025-10-22T12:40:40.631+0000] {processor.py:840} INFO - DAG(s) 'example_nested_branch_dag' retrieved from /home/khaled/dbt-env/lib/python3.12/site-packages/airflow/example_dags/example_nested_branch_dag.py
[2025-10-22T12:40:40.644+0000] {logging_mixin.py:188} INFO - [2025-10-22T12:40:40.643+0000] {dag.py:3089} INFO - Sync 1 DAGs
[2025-10-22T12:40:40.658+0000] {logging_mixin.py:188} INFO - [2025-10-22T12:40:40.658+0000] {dag.py:3947} INFO - Setting next_dagrun for example_nested_branch_dag to 2025-10-21 00:00:00+00:00, run_after=2025-10-22 00:00:00+00:00
[2025-10-22T12:40:40.680+0000] {processor.py:183} INFO - Processing /home/khaled/dbt-env/lib/python3.12/site-packages/airflow/example_dags/example_nested_branch_dag.py took 0.075 seconds
