[2025-10-22T12:11:45.401+0000] {processor.py:161} INFO - Started process (PID=7980) to work on /home/khaled/dbt-env/lib/python3.12/site-packages/airflow/example_dags/tutorial_taskflow_api.py
[2025-10-22T12:11:45.402+0000] {processor.py:830} INFO - Processing file /home/khaled/dbt-env/lib/python3.12/site-packages/airflow/example_dags/tutorial_taskflow_api.py for tasks to queue
[2025-10-22T12:11:45.403+0000] {logging_mixin.py:188} INFO - [2025-10-22T12:11:45.403+0000] {dagbag.py:545} INFO - Filling up the DagBag from /home/khaled/dbt-env/lib/python3.12/site-packages/airflow/example_dags/tutorial_taskflow_api.py
[2025-10-22T12:11:45.409+0000] {processor.py:840} INFO - DAG(s) 'tutorial_taskflow_api' retrieved from /home/khaled/dbt-env/lib/python3.12/site-packages/airflow/example_dags/tutorial_taskflow_api.py
[2025-10-22T12:11:45.421+0000] {logging_mixin.py:188} INFO - [2025-10-22T12:11:45.421+0000] {dag.py:3089} INFO - Sync 1 DAGs
[2025-10-22T12:11:45.441+0000] {logging_mixin.py:188} INFO - [2025-10-22T12:11:45.439+0000] {dag.py:3947} INFO - Setting next_dagrun for tutorial_taskflow_api to None, run_after=None
[2025-10-22T12:11:45.588+0000] {processor.py:183} INFO - Processing /home/khaled/dbt-env/lib/python3.12/site-packages/airflow/example_dags/tutorial_taskflow_api.py took 0.191 seconds
[2025-10-22T12:12:56.824+0000] {processor.py:161} INFO - Started process (PID=8736) to work on /home/khaled/dbt-env/lib/python3.12/site-packages/airflow/example_dags/tutorial_taskflow_api.py
[2025-10-22T12:12:56.835+0000] {processor.py:830} INFO - Processing file /home/khaled/dbt-env/lib/python3.12/site-packages/airflow/example_dags/tutorial_taskflow_api.py for tasks to queue
[2025-10-22T12:12:56.837+0000] {logging_mixin.py:188} INFO - [2025-10-22T12:12:56.836+0000] {dagbag.py:545} INFO - Filling up the DagBag from /home/khaled/dbt-env/lib/python3.12/site-packages/airflow/example_dags/tutorial_taskflow_api.py
[2025-10-22T12:12:56.845+0000] {processor.py:840} INFO - DAG(s) 'tutorial_taskflow_api' retrieved from /home/khaled/dbt-env/lib/python3.12/site-packages/airflow/example_dags/tutorial_taskflow_api.py
[2025-10-22T12:12:56.994+0000] {logging_mixin.py:188} INFO - [2025-10-22T12:12:56.994+0000] {dag.py:3089} INFO - Sync 1 DAGs
[2025-10-22T12:12:57.005+0000] {logging_mixin.py:188} INFO - [2025-10-22T12:12:57.005+0000] {dag.py:3947} INFO - Setting next_dagrun for tutorial_taskflow_api to None, run_after=None
[2025-10-22T12:12:57.045+0000] {processor.py:183} INFO - Processing /home/khaled/dbt-env/lib/python3.12/site-packages/airflow/example_dags/tutorial_taskflow_api.py took 0.232 seconds
[2025-10-22T12:13:41.143+0000] {processor.py:161} INFO - Started process (PID=9274) to work on /home/khaled/dbt-env/lib/python3.12/site-packages/airflow/example_dags/tutorial_taskflow_api.py
[2025-10-22T12:13:41.144+0000] {processor.py:830} INFO - Processing file /home/khaled/dbt-env/lib/python3.12/site-packages/airflow/example_dags/tutorial_taskflow_api.py for tasks to queue
[2025-10-22T12:13:41.146+0000] {logging_mixin.py:188} INFO - [2025-10-22T12:13:41.146+0000] {dagbag.py:545} INFO - Filling up the DagBag from /home/khaled/dbt-env/lib/python3.12/site-packages/airflow/example_dags/tutorial_taskflow_api.py
[2025-10-22T12:13:41.150+0000] {processor.py:840} INFO - DAG(s) 'tutorial_taskflow_api' retrieved from /home/khaled/dbt-env/lib/python3.12/site-packages/airflow/example_dags/tutorial_taskflow_api.py
[2025-10-22T12:13:41.164+0000] {logging_mixin.py:188} INFO - [2025-10-22T12:13:41.164+0000] {dag.py:3089} INFO - Sync 1 DAGs
[2025-10-22T12:13:41.173+0000] {logging_mixin.py:188} INFO - [2025-10-22T12:13:41.173+0000] {dag.py:3947} INFO - Setting next_dagrun for tutorial_taskflow_api to None, run_after=None
[2025-10-22T12:13:41.195+0000] {processor.py:183} INFO - Processing /home/khaled/dbt-env/lib/python3.12/site-packages/airflow/example_dags/tutorial_taskflow_api.py took 0.056 seconds
[2025-10-22T12:14:37.774+0000] {processor.py:161} INFO - Started process (PID=9336) to work on /home/khaled/dbt-env/lib/python3.12/site-packages/airflow/example_dags/tutorial_taskflow_api.py
[2025-10-22T12:14:37.783+0000] {processor.py:830} INFO - Processing file /home/khaled/dbt-env/lib/python3.12/site-packages/airflow/example_dags/tutorial_taskflow_api.py for tasks to queue
[2025-10-22T12:14:37.784+0000] {logging_mixin.py:188} INFO - [2025-10-22T12:14:37.784+0000] {dagbag.py:545} INFO - Filling up the DagBag from /home/khaled/dbt-env/lib/python3.12/site-packages/airflow/example_dags/tutorial_taskflow_api.py
[2025-10-22T12:14:37.789+0000] {processor.py:840} INFO - DAG(s) 'tutorial_taskflow_api' retrieved from /home/khaled/dbt-env/lib/python3.12/site-packages/airflow/example_dags/tutorial_taskflow_api.py
[2025-10-22T12:14:37.804+0000] {logging_mixin.py:188} INFO - [2025-10-22T12:14:37.804+0000] {dag.py:3089} INFO - Sync 1 DAGs
[2025-10-22T12:14:37.813+0000] {logging_mixin.py:188} INFO - [2025-10-22T12:14:37.812+0000] {dag.py:3947} INFO - Setting next_dagrun for tutorial_taskflow_api to None, run_after=None
[2025-10-22T12:14:37.839+0000] {processor.py:183} INFO - Processing /home/khaled/dbt-env/lib/python3.12/site-packages/airflow/example_dags/tutorial_taskflow_api.py took 0.069 seconds
[2025-10-22T12:15:27.944+0000] {processor.py:161} INFO - Started process (PID=9510) to work on /home/khaled/dbt-env/lib/python3.12/site-packages/airflow/example_dags/tutorial_taskflow_api.py
[2025-10-22T12:15:27.946+0000] {processor.py:830} INFO - Processing file /home/khaled/dbt-env/lib/python3.12/site-packages/airflow/example_dags/tutorial_taskflow_api.py for tasks to queue
[2025-10-22T12:15:27.948+0000] {logging_mixin.py:188} INFO - [2025-10-22T12:15:27.948+0000] {dagbag.py:545} INFO - Filling up the DagBag from /home/khaled/dbt-env/lib/python3.12/site-packages/airflow/example_dags/tutorial_taskflow_api.py
[2025-10-22T12:15:27.956+0000] {processor.py:840} INFO - DAG(s) 'tutorial_taskflow_api' retrieved from /home/khaled/dbt-env/lib/python3.12/site-packages/airflow/example_dags/tutorial_taskflow_api.py
[2025-10-22T12:15:28.020+0000] {logging_mixin.py:188} INFO - [2025-10-22T12:15:28.020+0000] {dag.py:3089} INFO - Sync 1 DAGs
[2025-10-22T12:15:28.033+0000] {logging_mixin.py:188} INFO - [2025-10-22T12:15:28.033+0000] {dag.py:3947} INFO - Setting next_dagrun for tutorial_taskflow_api to None, run_after=None
[2025-10-22T12:15:28.071+0000] {processor.py:183} INFO - Processing /home/khaled/dbt-env/lib/python3.12/site-packages/airflow/example_dags/tutorial_taskflow_api.py took 0.147 seconds
[2025-10-22T12:16:19.585+0000] {processor.py:161} INFO - Started process (PID=9661) to work on /home/khaled/dbt-env/lib/python3.12/site-packages/airflow/example_dags/tutorial_taskflow_api.py
[2025-10-22T12:16:19.586+0000] {processor.py:830} INFO - Processing file /home/khaled/dbt-env/lib/python3.12/site-packages/airflow/example_dags/tutorial_taskflow_api.py for tasks to queue
[2025-10-22T12:16:19.588+0000] {logging_mixin.py:188} INFO - [2025-10-22T12:16:19.588+0000] {dagbag.py:545} INFO - Filling up the DagBag from /home/khaled/dbt-env/lib/python3.12/site-packages/airflow/example_dags/tutorial_taskflow_api.py
[2025-10-22T12:16:19.600+0000] {processor.py:840} INFO - DAG(s) 'tutorial_taskflow_api' retrieved from /home/khaled/dbt-env/lib/python3.12/site-packages/airflow/example_dags/tutorial_taskflow_api.py
[2025-10-22T12:16:19.626+0000] {logging_mixin.py:188} INFO - [2025-10-22T12:16:19.625+0000] {dag.py:3089} INFO - Sync 1 DAGs
[2025-10-22T12:16:19.642+0000] {logging_mixin.py:188} INFO - [2025-10-22T12:16:19.641+0000] {dag.py:3947} INFO - Setting next_dagrun for tutorial_taskflow_api to None, run_after=None
[2025-10-22T12:16:19.686+0000] {processor.py:183} INFO - Processing /home/khaled/dbt-env/lib/python3.12/site-packages/airflow/example_dags/tutorial_taskflow_api.py took 0.107 seconds
[2025-10-22T12:17:10.463+0000] {processor.py:161} INFO - Started process (PID=9816) to work on /home/khaled/dbt-env/lib/python3.12/site-packages/airflow/example_dags/tutorial_taskflow_api.py
[2025-10-22T12:17:10.464+0000] {processor.py:830} INFO - Processing file /home/khaled/dbt-env/lib/python3.12/site-packages/airflow/example_dags/tutorial_taskflow_api.py for tasks to queue
[2025-10-22T12:17:10.466+0000] {logging_mixin.py:188} INFO - [2025-10-22T12:17:10.465+0000] {dagbag.py:545} INFO - Filling up the DagBag from /home/khaled/dbt-env/lib/python3.12/site-packages/airflow/example_dags/tutorial_taskflow_api.py
[2025-10-22T12:17:10.470+0000] {processor.py:840} INFO - DAG(s) 'tutorial_taskflow_api' retrieved from /home/khaled/dbt-env/lib/python3.12/site-packages/airflow/example_dags/tutorial_taskflow_api.py
[2025-10-22T12:17:10.481+0000] {logging_mixin.py:188} INFO - [2025-10-22T12:17:10.481+0000] {dag.py:3089} INFO - Sync 1 DAGs
[2025-10-22T12:17:10.489+0000] {logging_mixin.py:188} INFO - [2025-10-22T12:17:10.489+0000] {dag.py:3947} INFO - Setting next_dagrun for tutorial_taskflow_api to None, run_after=None
[2025-10-22T12:17:10.529+0000] {processor.py:183} INFO - Processing /home/khaled/dbt-env/lib/python3.12/site-packages/airflow/example_dags/tutorial_taskflow_api.py took 0.071 seconds
[2025-10-22T12:18:11.440+0000] {processor.py:161} INFO - Started process (PID=10232) to work on /home/khaled/dbt-env/lib/python3.12/site-packages/airflow/example_dags/tutorial_taskflow_api.py
[2025-10-22T12:18:11.442+0000] {processor.py:830} INFO - Processing file /home/khaled/dbt-env/lib/python3.12/site-packages/airflow/example_dags/tutorial_taskflow_api.py for tasks to queue
[2025-10-22T12:18:11.446+0000] {logging_mixin.py:188} INFO - [2025-10-22T12:18:11.446+0000] {dagbag.py:545} INFO - Filling up the DagBag from /home/khaled/dbt-env/lib/python3.12/site-packages/airflow/example_dags/tutorial_taskflow_api.py
[2025-10-22T12:18:11.456+0000] {processor.py:840} INFO - DAG(s) 'tutorial_taskflow_api' retrieved from /home/khaled/dbt-env/lib/python3.12/site-packages/airflow/example_dags/tutorial_taskflow_api.py
[2025-10-22T12:18:11.474+0000] {logging_mixin.py:188} INFO - [2025-10-22T12:18:11.474+0000] {dag.py:3089} INFO - Sync 1 DAGs
[2025-10-22T12:18:11.493+0000] {logging_mixin.py:188} INFO - [2025-10-22T12:18:11.492+0000] {dag.py:3947} INFO - Setting next_dagrun for tutorial_taskflow_api to None, run_after=None
[2025-10-22T12:18:11.518+0000] {processor.py:183} INFO - Processing /home/khaled/dbt-env/lib/python3.12/site-packages/airflow/example_dags/tutorial_taskflow_api.py took 0.089 seconds
[2025-10-22T12:19:08.606+0000] {processor.py:161} INFO - Started process (PID=10332) to work on /home/khaled/dbt-env/lib/python3.12/site-packages/airflow/example_dags/tutorial_taskflow_api.py
[2025-10-22T12:19:08.607+0000] {processor.py:830} INFO - Processing file /home/khaled/dbt-env/lib/python3.12/site-packages/airflow/example_dags/tutorial_taskflow_api.py for tasks to queue
[2025-10-22T12:19:08.608+0000] {logging_mixin.py:188} INFO - [2025-10-22T12:19:08.608+0000] {dagbag.py:545} INFO - Filling up the DagBag from /home/khaled/dbt-env/lib/python3.12/site-packages/airflow/example_dags/tutorial_taskflow_api.py
[2025-10-22T12:19:08.616+0000] {processor.py:840} INFO - DAG(s) 'tutorial_taskflow_api' retrieved from /home/khaled/dbt-env/lib/python3.12/site-packages/airflow/example_dags/tutorial_taskflow_api.py
[2025-10-22T12:19:08.635+0000] {logging_mixin.py:188} INFO - [2025-10-22T12:19:08.634+0000] {dag.py:3089} INFO - Sync 1 DAGs
[2025-10-22T12:19:08.644+0000] {logging_mixin.py:188} INFO - [2025-10-22T12:19:08.644+0000] {dag.py:3947} INFO - Setting next_dagrun for tutorial_taskflow_api to None, run_after=None
[2025-10-22T12:19:08.677+0000] {processor.py:183} INFO - Processing /home/khaled/dbt-env/lib/python3.12/site-packages/airflow/example_dags/tutorial_taskflow_api.py took 0.074 seconds
[2025-10-22T12:22:13.420+0000] {processor.py:161} INFO - Started process (PID=10613) to work on /home/khaled/dbt-env/lib/python3.12/site-packages/airflow/example_dags/tutorial_taskflow_api.py
[2025-10-22T12:22:13.422+0000] {processor.py:830} INFO - Processing file /home/khaled/dbt-env/lib/python3.12/site-packages/airflow/example_dags/tutorial_taskflow_api.py for tasks to queue
[2025-10-22T12:22:13.424+0000] {logging_mixin.py:188} INFO - [2025-10-22T12:22:13.424+0000] {dagbag.py:545} INFO - Filling up the DagBag from /home/khaled/dbt-env/lib/python3.12/site-packages/airflow/example_dags/tutorial_taskflow_api.py
[2025-10-22T12:22:13.436+0000] {processor.py:840} INFO - DAG(s) 'tutorial_taskflow_api' retrieved from /home/khaled/dbt-env/lib/python3.12/site-packages/airflow/example_dags/tutorial_taskflow_api.py
[2025-10-22T12:22:13.463+0000] {logging_mixin.py:188} INFO - [2025-10-22T12:22:13.462+0000] {dag.py:3089} INFO - Sync 1 DAGs
[2025-10-22T12:22:13.473+0000] {logging_mixin.py:188} INFO - [2025-10-22T12:22:13.473+0000] {dag.py:3947} INFO - Setting next_dagrun for tutorial_taskflow_api to None, run_after=None
[2025-10-22T12:22:13.502+0000] {processor.py:183} INFO - Processing /home/khaled/dbt-env/lib/python3.12/site-packages/airflow/example_dags/tutorial_taskflow_api.py took 0.090 seconds
[2025-10-22T12:23:11.937+0000] {processor.py:161} INFO - Started process (PID=11104) to work on /home/khaled/dbt-env/lib/python3.12/site-packages/airflow/example_dags/tutorial_taskflow_api.py
[2025-10-22T12:23:11.949+0000] {processor.py:830} INFO - Processing file /home/khaled/dbt-env/lib/python3.12/site-packages/airflow/example_dags/tutorial_taskflow_api.py for tasks to queue
[2025-10-22T12:23:11.950+0000] {logging_mixin.py:188} INFO - [2025-10-22T12:23:11.950+0000] {dagbag.py:545} INFO - Filling up the DagBag from /home/khaled/dbt-env/lib/python3.12/site-packages/airflow/example_dags/tutorial_taskflow_api.py
[2025-10-22T12:23:11.957+0000] {processor.py:840} INFO - DAG(s) 'tutorial_taskflow_api' retrieved from /home/khaled/dbt-env/lib/python3.12/site-packages/airflow/example_dags/tutorial_taskflow_api.py
[2025-10-22T12:23:11.967+0000] {logging_mixin.py:188} INFO - [2025-10-22T12:23:11.967+0000] {dag.py:3089} INFO - Sync 1 DAGs
[2025-10-22T12:23:11.974+0000] {logging_mixin.py:188} INFO - [2025-10-22T12:23:11.974+0000] {dag.py:3947} INFO - Setting next_dagrun for tutorial_taskflow_api to None, run_after=None
[2025-10-22T12:23:11.994+0000] {processor.py:183} INFO - Processing /home/khaled/dbt-env/lib/python3.12/site-packages/airflow/example_dags/tutorial_taskflow_api.py took 0.062 seconds
[2025-10-22T12:24:08.189+0000] {processor.py:161} INFO - Started process (PID=11229) to work on /home/khaled/dbt-env/lib/python3.12/site-packages/airflow/example_dags/tutorial_taskflow_api.py
[2025-10-22T12:24:08.191+0000] {processor.py:830} INFO - Processing file /home/khaled/dbt-env/lib/python3.12/site-packages/airflow/example_dags/tutorial_taskflow_api.py for tasks to queue
[2025-10-22T12:24:08.193+0000] {logging_mixin.py:188} INFO - [2025-10-22T12:24:08.192+0000] {dagbag.py:545} INFO - Filling up the DagBag from /home/khaled/dbt-env/lib/python3.12/site-packages/airflow/example_dags/tutorial_taskflow_api.py
[2025-10-22T12:24:08.199+0000] {processor.py:840} INFO - DAG(s) 'tutorial_taskflow_api' retrieved from /home/khaled/dbt-env/lib/python3.12/site-packages/airflow/example_dags/tutorial_taskflow_api.py
[2025-10-22T12:24:08.212+0000] {logging_mixin.py:188} INFO - [2025-10-22T12:24:08.212+0000] {dag.py:3089} INFO - Sync 1 DAGs
[2025-10-22T12:24:08.227+0000] {logging_mixin.py:188} INFO - [2025-10-22T12:24:08.227+0000] {dag.py:3947} INFO - Setting next_dagrun for tutorial_taskflow_api to None, run_after=None
[2025-10-22T12:24:08.264+0000] {processor.py:183} INFO - Processing /home/khaled/dbt-env/lib/python3.12/site-packages/airflow/example_dags/tutorial_taskflow_api.py took 0.080 seconds
[2025-10-22T12:25:00.841+0000] {processor.py:161} INFO - Started process (PID=11378) to work on /home/khaled/dbt-env/lib/python3.12/site-packages/airflow/example_dags/tutorial_taskflow_api.py
[2025-10-22T12:25:00.854+0000] {processor.py:830} INFO - Processing file /home/khaled/dbt-env/lib/python3.12/site-packages/airflow/example_dags/tutorial_taskflow_api.py for tasks to queue
[2025-10-22T12:25:00.856+0000] {logging_mixin.py:188} INFO - [2025-10-22T12:25:00.855+0000] {dagbag.py:545} INFO - Filling up the DagBag from /home/khaled/dbt-env/lib/python3.12/site-packages/airflow/example_dags/tutorial_taskflow_api.py
[2025-10-22T12:25:00.862+0000] {processor.py:840} INFO - DAG(s) 'tutorial_taskflow_api' retrieved from /home/khaled/dbt-env/lib/python3.12/site-packages/airflow/example_dags/tutorial_taskflow_api.py
[2025-10-22T12:25:00.885+0000] {logging_mixin.py:188} INFO - [2025-10-22T12:25:00.885+0000] {dag.py:3089} INFO - Sync 1 DAGs
[2025-10-22T12:25:00.896+0000] {logging_mixin.py:188} INFO - [2025-10-22T12:25:00.895+0000] {dag.py:3947} INFO - Setting next_dagrun for tutorial_taskflow_api to None, run_after=None
[2025-10-22T12:25:00.933+0000] {processor.py:183} INFO - Processing /home/khaled/dbt-env/lib/python3.12/site-packages/airflow/example_dags/tutorial_taskflow_api.py took 0.102 seconds
[2025-10-22T12:25:54.835+0000] {processor.py:161} INFO - Started process (PID=11444) to work on /home/khaled/dbt-env/lib/python3.12/site-packages/airflow/example_dags/tutorial_taskflow_api.py
[2025-10-22T12:25:54.841+0000] {processor.py:830} INFO - Processing file /home/khaled/dbt-env/lib/python3.12/site-packages/airflow/example_dags/tutorial_taskflow_api.py for tasks to queue
[2025-10-22T12:25:54.844+0000] {logging_mixin.py:188} INFO - [2025-10-22T12:25:54.843+0000] {dagbag.py:545} INFO - Filling up the DagBag from /home/khaled/dbt-env/lib/python3.12/site-packages/airflow/example_dags/tutorial_taskflow_api.py
[2025-10-22T12:25:54.852+0000] {processor.py:840} INFO - DAG(s) 'tutorial_taskflow_api' retrieved from /home/khaled/dbt-env/lib/python3.12/site-packages/airflow/example_dags/tutorial_taskflow_api.py
[2025-10-22T12:25:54.876+0000] {logging_mixin.py:188} INFO - [2025-10-22T12:25:54.875+0000] {dag.py:3089} INFO - Sync 1 DAGs
[2025-10-22T12:25:54.888+0000] {logging_mixin.py:188} INFO - [2025-10-22T12:25:54.888+0000] {dag.py:3947} INFO - Setting next_dagrun for tutorial_taskflow_api to None, run_after=None
[2025-10-22T12:25:54.913+0000] {processor.py:183} INFO - Processing /home/khaled/dbt-env/lib/python3.12/site-packages/airflow/example_dags/tutorial_taskflow_api.py took 0.084 seconds
[2025-10-22T12:26:51.895+0000] {processor.py:161} INFO - Started process (PID=11693) to work on /home/khaled/dbt-env/lib/python3.12/site-packages/airflow/example_dags/tutorial_taskflow_api.py
[2025-10-22T12:26:51.896+0000] {processor.py:830} INFO - Processing file /home/khaled/dbt-env/lib/python3.12/site-packages/airflow/example_dags/tutorial_taskflow_api.py for tasks to queue
[2025-10-22T12:26:51.897+0000] {logging_mixin.py:188} INFO - [2025-10-22T12:26:51.897+0000] {dagbag.py:545} INFO - Filling up the DagBag from /home/khaled/dbt-env/lib/python3.12/site-packages/airflow/example_dags/tutorial_taskflow_api.py
[2025-10-22T12:26:51.901+0000] {processor.py:840} INFO - DAG(s) 'tutorial_taskflow_api' retrieved from /home/khaled/dbt-env/lib/python3.12/site-packages/airflow/example_dags/tutorial_taskflow_api.py
[2025-10-22T12:26:51.913+0000] {logging_mixin.py:188} INFO - [2025-10-22T12:26:51.913+0000] {dag.py:3089} INFO - Sync 1 DAGs
[2025-10-22T12:26:51.924+0000] {logging_mixin.py:188} INFO - [2025-10-22T12:26:51.924+0000] {dag.py:3947} INFO - Setting next_dagrun for tutorial_taskflow_api to None, run_after=None
[2025-10-22T12:26:51.957+0000] {processor.py:183} INFO - Processing /home/khaled/dbt-env/lib/python3.12/site-packages/airflow/example_dags/tutorial_taskflow_api.py took 0.068 seconds
[2025-10-22T12:27:29.602+0000] {processor.py:161} INFO - Started process (PID=11932) to work on /home/khaled/dbt-env/lib/python3.12/site-packages/airflow/example_dags/tutorial_taskflow_api.py
[2025-10-22T12:27:29.604+0000] {processor.py:830} INFO - Processing file /home/khaled/dbt-env/lib/python3.12/site-packages/airflow/example_dags/tutorial_taskflow_api.py for tasks to queue
[2025-10-22T12:27:29.605+0000] {logging_mixin.py:188} INFO - [2025-10-22T12:27:29.605+0000] {dagbag.py:545} INFO - Filling up the DagBag from /home/khaled/dbt-env/lib/python3.12/site-packages/airflow/example_dags/tutorial_taskflow_api.py
[2025-10-22T12:27:29.613+0000] {processor.py:840} INFO - DAG(s) 'tutorial_taskflow_api' retrieved from /home/khaled/dbt-env/lib/python3.12/site-packages/airflow/example_dags/tutorial_taskflow_api.py
[2025-10-22T12:27:29.626+0000] {logging_mixin.py:188} INFO - [2025-10-22T12:27:29.626+0000] {dag.py:3089} INFO - Sync 1 DAGs
[2025-10-22T12:27:29.641+0000] {logging_mixin.py:188} INFO - [2025-10-22T12:27:29.641+0000] {dag.py:3947} INFO - Setting next_dagrun for tutorial_taskflow_api to None, run_after=None
[2025-10-22T12:27:29.662+0000] {processor.py:183} INFO - Processing /home/khaled/dbt-env/lib/python3.12/site-packages/airflow/example_dags/tutorial_taskflow_api.py took 0.066 seconds
[2025-10-22T12:28:06.810+0000] {processor.py:161} INFO - Started process (PID=12101) to work on /home/khaled/dbt-env/lib/python3.12/site-packages/airflow/example_dags/tutorial_taskflow_api.py
[2025-10-22T12:28:06.812+0000] {processor.py:830} INFO - Processing file /home/khaled/dbt-env/lib/python3.12/site-packages/airflow/example_dags/tutorial_taskflow_api.py for tasks to queue
[2025-10-22T12:28:06.813+0000] {logging_mixin.py:188} INFO - [2025-10-22T12:28:06.813+0000] {dagbag.py:545} INFO - Filling up the DagBag from /home/khaled/dbt-env/lib/python3.12/site-packages/airflow/example_dags/tutorial_taskflow_api.py
[2025-10-22T12:28:06.820+0000] {processor.py:840} INFO - DAG(s) 'tutorial_taskflow_api' retrieved from /home/khaled/dbt-env/lib/python3.12/site-packages/airflow/example_dags/tutorial_taskflow_api.py
[2025-10-22T12:28:06.835+0000] {logging_mixin.py:188} INFO - [2025-10-22T12:28:06.835+0000] {dag.py:3089} INFO - Sync 1 DAGs
[2025-10-22T12:28:06.847+0000] {logging_mixin.py:188} INFO - [2025-10-22T12:28:06.847+0000] {dag.py:3947} INFO - Setting next_dagrun for tutorial_taskflow_api to None, run_after=None
[2025-10-22T12:28:06.895+0000] {processor.py:183} INFO - Processing /home/khaled/dbt-env/lib/python3.12/site-packages/airflow/example_dags/tutorial_taskflow_api.py took 0.092 seconds
[2025-10-22T12:29:02.918+0000] {processor.py:161} INFO - Started process (PID=12330) to work on /home/khaled/dbt-env/lib/python3.12/site-packages/airflow/example_dags/tutorial_taskflow_api.py
[2025-10-22T12:29:02.928+0000] {processor.py:830} INFO - Processing file /home/khaled/dbt-env/lib/python3.12/site-packages/airflow/example_dags/tutorial_taskflow_api.py for tasks to queue
[2025-10-22T12:29:02.929+0000] {logging_mixin.py:188} INFO - [2025-10-22T12:29:02.929+0000] {dagbag.py:545} INFO - Filling up the DagBag from /home/khaled/dbt-env/lib/python3.12/site-packages/airflow/example_dags/tutorial_taskflow_api.py
[2025-10-22T12:29:02.934+0000] {processor.py:840} INFO - DAG(s) 'tutorial_taskflow_api' retrieved from /home/khaled/dbt-env/lib/python3.12/site-packages/airflow/example_dags/tutorial_taskflow_api.py
[2025-10-22T12:29:02.944+0000] {logging_mixin.py:188} INFO - [2025-10-22T12:29:02.944+0000] {dag.py:3089} INFO - Sync 1 DAGs
[2025-10-22T12:29:02.952+0000] {logging_mixin.py:188} INFO - [2025-10-22T12:29:02.951+0000] {dag.py:3947} INFO - Setting next_dagrun for tutorial_taskflow_api to None, run_after=None
[2025-10-22T12:29:02.973+0000] {processor.py:183} INFO - Processing /home/khaled/dbt-env/lib/python3.12/site-packages/airflow/example_dags/tutorial_taskflow_api.py took 0.059 seconds
[2025-10-22T12:29:59.915+0000] {processor.py:161} INFO - Started process (PID=12496) to work on /home/khaled/dbt-env/lib/python3.12/site-packages/airflow/example_dags/tutorial_taskflow_api.py
[2025-10-22T12:29:59.927+0000] {processor.py:830} INFO - Processing file /home/khaled/dbt-env/lib/python3.12/site-packages/airflow/example_dags/tutorial_taskflow_api.py for tasks to queue
[2025-10-22T12:29:59.928+0000] {logging_mixin.py:188} INFO - [2025-10-22T12:29:59.928+0000] {dagbag.py:545} INFO - Filling up the DagBag from /home/khaled/dbt-env/lib/python3.12/site-packages/airflow/example_dags/tutorial_taskflow_api.py
[2025-10-22T12:29:59.934+0000] {processor.py:840} INFO - DAG(s) 'tutorial_taskflow_api' retrieved from /home/khaled/dbt-env/lib/python3.12/site-packages/airflow/example_dags/tutorial_taskflow_api.py
[2025-10-22T12:29:59.945+0000] {logging_mixin.py:188} INFO - [2025-10-22T12:29:59.945+0000] {dag.py:3089} INFO - Sync 1 DAGs
[2025-10-22T12:29:59.954+0000] {logging_mixin.py:188} INFO - [2025-10-22T12:29:59.954+0000] {dag.py:3947} INFO - Setting next_dagrun for tutorial_taskflow_api to None, run_after=None
[2025-10-22T12:29:59.973+0000] {processor.py:183} INFO - Processing /home/khaled/dbt-env/lib/python3.12/site-packages/airflow/example_dags/tutorial_taskflow_api.py took 0.063 seconds
[2025-10-22T12:30:49.624+0000] {processor.py:161} INFO - Started process (PID=12560) to work on /home/khaled/dbt-env/lib/python3.12/site-packages/airflow/example_dags/tutorial_taskflow_api.py
[2025-10-22T12:30:49.626+0000] {processor.py:830} INFO - Processing file /home/khaled/dbt-env/lib/python3.12/site-packages/airflow/example_dags/tutorial_taskflow_api.py for tasks to queue
[2025-10-22T12:30:49.628+0000] {logging_mixin.py:188} INFO - [2025-10-22T12:30:49.627+0000] {dagbag.py:545} INFO - Filling up the DagBag from /home/khaled/dbt-env/lib/python3.12/site-packages/airflow/example_dags/tutorial_taskflow_api.py
[2025-10-22T12:30:49.633+0000] {processor.py:840} INFO - DAG(s) 'tutorial_taskflow_api' retrieved from /home/khaled/dbt-env/lib/python3.12/site-packages/airflow/example_dags/tutorial_taskflow_api.py
[2025-10-22T12:30:49.645+0000] {logging_mixin.py:188} INFO - [2025-10-22T12:30:49.645+0000] {dag.py:3089} INFO - Sync 1 DAGs
[2025-10-22T12:30:49.657+0000] {logging_mixin.py:188} INFO - [2025-10-22T12:30:49.656+0000] {dag.py:3947} INFO - Setting next_dagrun for tutorial_taskflow_api to None, run_after=None
[2025-10-22T12:30:49.691+0000] {processor.py:183} INFO - Processing /home/khaled/dbt-env/lib/python3.12/site-packages/airflow/example_dags/tutorial_taskflow_api.py took 0.072 seconds
[2025-10-22T12:31:41.566+0000] {processor.py:161} INFO - Started process (PID=12640) to work on /home/khaled/dbt-env/lib/python3.12/site-packages/airflow/example_dags/tutorial_taskflow_api.py
[2025-10-22T12:31:41.569+0000] {processor.py:830} INFO - Processing file /home/khaled/dbt-env/lib/python3.12/site-packages/airflow/example_dags/tutorial_taskflow_api.py for tasks to queue
[2025-10-22T12:31:41.571+0000] {logging_mixin.py:188} INFO - [2025-10-22T12:31:41.571+0000] {dagbag.py:545} INFO - Filling up the DagBag from /home/khaled/dbt-env/lib/python3.12/site-packages/airflow/example_dags/tutorial_taskflow_api.py
[2025-10-22T12:31:41.600+0000] {processor.py:840} INFO - DAG(s) 'tutorial_taskflow_api' retrieved from /home/khaled/dbt-env/lib/python3.12/site-packages/airflow/example_dags/tutorial_taskflow_api.py
[2025-10-22T12:31:41.622+0000] {logging_mixin.py:188} INFO - [2025-10-22T12:31:41.622+0000] {dag.py:3089} INFO - Sync 1 DAGs
[2025-10-22T12:31:41.634+0000] {logging_mixin.py:188} INFO - [2025-10-22T12:31:41.633+0000] {dag.py:3947} INFO - Setting next_dagrun for tutorial_taskflow_api to None, run_after=None
[2025-10-22T12:31:41.697+0000] {processor.py:183} INFO - Processing /home/khaled/dbt-env/lib/python3.12/site-packages/airflow/example_dags/tutorial_taskflow_api.py took 0.139 seconds
[2025-10-22T12:32:27.805+0000] {processor.py:161} INFO - Started process (PID=12816) to work on /home/khaled/dbt-env/lib/python3.12/site-packages/airflow/example_dags/tutorial_taskflow_api.py
[2025-10-22T12:32:27.806+0000] {processor.py:830} INFO - Processing file /home/khaled/dbt-env/lib/python3.12/site-packages/airflow/example_dags/tutorial_taskflow_api.py for tasks to queue
[2025-10-22T12:32:27.808+0000] {logging_mixin.py:188} INFO - [2025-10-22T12:32:27.808+0000] {dagbag.py:545} INFO - Filling up the DagBag from /home/khaled/dbt-env/lib/python3.12/site-packages/airflow/example_dags/tutorial_taskflow_api.py
[2025-10-22T12:32:27.817+0000] {processor.py:840} INFO - DAG(s) 'tutorial_taskflow_api' retrieved from /home/khaled/dbt-env/lib/python3.12/site-packages/airflow/example_dags/tutorial_taskflow_api.py
[2025-10-22T12:32:27.835+0000] {logging_mixin.py:188} INFO - [2025-10-22T12:32:27.835+0000] {dag.py:3089} INFO - Sync 1 DAGs
[2025-10-22T12:32:27.849+0000] {logging_mixin.py:188} INFO - [2025-10-22T12:32:27.849+0000] {dag.py:3947} INFO - Setting next_dagrun for tutorial_taskflow_api to None, run_after=None
[2025-10-22T12:32:27.889+0000] {processor.py:183} INFO - Processing /home/khaled/dbt-env/lib/python3.12/site-packages/airflow/example_dags/tutorial_taskflow_api.py took 0.091 seconds
[2025-10-22T12:35:18.535+0000] {processor.py:161} INFO - Started process (PID=12891) to work on /home/khaled/dbt-env/lib/python3.12/site-packages/airflow/example_dags/tutorial_taskflow_api.py
[2025-10-22T12:35:18.757+0000] {processor.py:830} INFO - Processing file /home/khaled/dbt-env/lib/python3.12/site-packages/airflow/example_dags/tutorial_taskflow_api.py for tasks to queue
[2025-10-22T12:35:18.934+0000] {logging_mixin.py:188} INFO - [2025-10-22T12:35:18.843+0000] {dagbag.py:545} INFO - Filling up the DagBag from /home/khaled/dbt-env/lib/python3.12/site-packages/airflow/example_dags/tutorial_taskflow_api.py
[2025-10-22T12:35:19.450+0000] {processor.py:840} INFO - DAG(s) 'tutorial_taskflow_api' retrieved from /home/khaled/dbt-env/lib/python3.12/site-packages/airflow/example_dags/tutorial_taskflow_api.py
[2025-10-22T12:35:20.741+0000] {logging_mixin.py:188} INFO - [2025-10-22T12:35:20.740+0000] {dag.py:3089} INFO - Sync 1 DAGs
[2025-10-22T12:35:20.769+0000] {logging_mixin.py:188} INFO - [2025-10-22T12:35:20.769+0000] {dag.py:3947} INFO - Setting next_dagrun for tutorial_taskflow_api to None, run_after=None
[2025-10-22T12:35:20.823+0000] {processor.py:183} INFO - Processing /home/khaled/dbt-env/lib/python3.12/site-packages/airflow/example_dags/tutorial_taskflow_api.py took 2.702 seconds
[2025-10-22T12:37:36.595+0000] {processor.py:161} INFO - Started process (PID=13194) to work on /home/khaled/dbt-env/lib/python3.12/site-packages/airflow/example_dags/tutorial_taskflow_api.py
[2025-10-22T12:37:36.604+0000] {processor.py:830} INFO - Processing file /home/khaled/dbt-env/lib/python3.12/site-packages/airflow/example_dags/tutorial_taskflow_api.py for tasks to queue
[2025-10-22T12:37:36.606+0000] {logging_mixin.py:188} INFO - [2025-10-22T12:37:36.606+0000] {dagbag.py:545} INFO - Filling up the DagBag from /home/khaled/dbt-env/lib/python3.12/site-packages/airflow/example_dags/tutorial_taskflow_api.py
[2025-10-22T12:37:36.611+0000] {processor.py:840} INFO - DAG(s) 'tutorial_taskflow_api' retrieved from /home/khaled/dbt-env/lib/python3.12/site-packages/airflow/example_dags/tutorial_taskflow_api.py
[2025-10-22T12:37:36.624+0000] {logging_mixin.py:188} INFO - [2025-10-22T12:37:36.623+0000] {dag.py:3089} INFO - Sync 1 DAGs
[2025-10-22T12:37:36.633+0000] {logging_mixin.py:188} INFO - [2025-10-22T12:37:36.633+0000] {dag.py:3947} INFO - Setting next_dagrun for tutorial_taskflow_api to None, run_after=None
[2025-10-22T12:37:36.763+0000] {processor.py:183} INFO - Processing /home/khaled/dbt-env/lib/python3.12/site-packages/airflow/example_dags/tutorial_taskflow_api.py took 0.174 seconds
[2025-10-22T12:38:23.030+0000] {processor.py:161} INFO - Started process (PID=13234) to work on /home/khaled/dbt-env/lib/python3.12/site-packages/airflow/example_dags/tutorial_taskflow_api.py
[2025-10-22T12:38:23.032+0000] {processor.py:830} INFO - Processing file /home/khaled/dbt-env/lib/python3.12/site-packages/airflow/example_dags/tutorial_taskflow_api.py for tasks to queue
[2025-10-22T12:38:23.034+0000] {logging_mixin.py:188} INFO - [2025-10-22T12:38:23.033+0000] {dagbag.py:545} INFO - Filling up the DagBag from /home/khaled/dbt-env/lib/python3.12/site-packages/airflow/example_dags/tutorial_taskflow_api.py
[2025-10-22T12:38:23.043+0000] {processor.py:840} INFO - DAG(s) 'tutorial_taskflow_api' retrieved from /home/khaled/dbt-env/lib/python3.12/site-packages/airflow/example_dags/tutorial_taskflow_api.py
[2025-10-22T12:38:23.058+0000] {logging_mixin.py:188} INFO - [2025-10-22T12:38:23.057+0000] {dag.py:3089} INFO - Sync 1 DAGs
[2025-10-22T12:38:23.068+0000] {logging_mixin.py:188} INFO - [2025-10-22T12:38:23.068+0000] {dag.py:3947} INFO - Setting next_dagrun for tutorial_taskflow_api to None, run_after=None
[2025-10-22T12:38:23.095+0000] {processor.py:183} INFO - Processing /home/khaled/dbt-env/lib/python3.12/site-packages/airflow/example_dags/tutorial_taskflow_api.py took 0.071 seconds
[2025-10-22T12:39:36.800+0000] {processor.py:161} INFO - Started process (PID=13299) to work on /home/khaled/dbt-env/lib/python3.12/site-packages/airflow/example_dags/tutorial_taskflow_api.py
[2025-10-22T12:39:36.802+0000] {processor.py:830} INFO - Processing file /home/khaled/dbt-env/lib/python3.12/site-packages/airflow/example_dags/tutorial_taskflow_api.py for tasks to queue
[2025-10-22T12:39:36.803+0000] {logging_mixin.py:188} INFO - [2025-10-22T12:39:36.803+0000] {dagbag.py:545} INFO - Filling up the DagBag from /home/khaled/dbt-env/lib/python3.12/site-packages/airflow/example_dags/tutorial_taskflow_api.py
[2025-10-22T12:39:36.807+0000] {processor.py:840} INFO - DAG(s) 'tutorial_taskflow_api' retrieved from /home/khaled/dbt-env/lib/python3.12/site-packages/airflow/example_dags/tutorial_taskflow_api.py
[2025-10-22T12:39:36.819+0000] {logging_mixin.py:188} INFO - [2025-10-22T12:39:36.818+0000] {dag.py:3089} INFO - Sync 1 DAGs
[2025-10-22T12:39:36.917+0000] {logging_mixin.py:188} INFO - [2025-10-22T12:39:36.917+0000] {dag.py:3947} INFO - Setting next_dagrun for tutorial_taskflow_api to None, run_after=None
[2025-10-22T12:39:36.948+0000] {processor.py:183} INFO - Processing /home/khaled/dbt-env/lib/python3.12/site-packages/airflow/example_dags/tutorial_taskflow_api.py took 0.154 seconds
[2025-10-22T12:40:17.053+0000] {processor.py:161} INFO - Started process (PID=13336) to work on /home/khaled/dbt-env/lib/python3.12/site-packages/airflow/example_dags/tutorial_taskflow_api.py
[2025-10-22T12:40:17.054+0000] {processor.py:830} INFO - Processing file /home/khaled/dbt-env/lib/python3.12/site-packages/airflow/example_dags/tutorial_taskflow_api.py for tasks to queue
[2025-10-22T12:40:17.060+0000] {logging_mixin.py:188} INFO - [2025-10-22T12:40:17.060+0000] {dagbag.py:545} INFO - Filling up the DagBag from /home/khaled/dbt-env/lib/python3.12/site-packages/airflow/example_dags/tutorial_taskflow_api.py
[2025-10-22T12:40:17.072+0000] {processor.py:840} INFO - DAG(s) 'tutorial_taskflow_api' retrieved from /home/khaled/dbt-env/lib/python3.12/site-packages/airflow/example_dags/tutorial_taskflow_api.py
[2025-10-22T12:40:17.086+0000] {logging_mixin.py:188} INFO - [2025-10-22T12:40:17.085+0000] {dag.py:3089} INFO - Sync 1 DAGs
[2025-10-22T12:40:17.094+0000] {logging_mixin.py:188} INFO - [2025-10-22T12:40:17.094+0000] {dag.py:3947} INFO - Setting next_dagrun for tutorial_taskflow_api to None, run_after=None
[2025-10-22T12:40:17.135+0000] {processor.py:183} INFO - Processing /home/khaled/dbt-env/lib/python3.12/site-packages/airflow/example_dags/tutorial_taskflow_api.py took 0.089 seconds
