[2025-10-24T14:21:32.285+0000] {processor.py:161} INFO - Started process (PID=7179) to work on /home/khaled/airflow/dags/dbt_snowflake_dag.py
[2025-10-24T14:21:32.286+0000] {processor.py:830} INFO - Processing file /home/khaled/airflow/dags/dbt_snowflake_dag.py for tasks to queue
[2025-10-24T14:21:32.288+0000] {logging_mixin.py:188} INFO - [2025-10-24T14:21:32.288+0000] {dagbag.py:545} INFO - Filling up the DagBag from /home/khaled/airflow/dags/dbt_snowflake_dag.py
[2025-10-24T14:21:32.298+0000] {processor.py:840} INFO - DAG(s) 'dbt_snowflake_pipeline' retrieved from /home/khaled/airflow/dags/dbt_snowflake_dag.py
[2025-10-24T14:21:32.321+0000] {logging_mixin.py:188} INFO - [2025-10-24T14:21:32.320+0000] {dag.py:3089} INFO - Sync 1 DAGs
[2025-10-24T14:21:32.404+0000] {processor.py:183} INFO - Processing /home/khaled/airflow/dags/dbt_snowflake_dag.py took 0.125 seconds
[2025-10-24T14:22:46.986+0000] {processor.py:161} INFO - Started process (PID=7320) to work on /home/khaled/airflow/dags/dbt_snowflake_dag.py
[2025-10-24T14:22:46.998+0000] {processor.py:830} INFO - Processing file /home/khaled/airflow/dags/dbt_snowflake_dag.py for tasks to queue
[2025-10-24T14:22:47.000+0000] {logging_mixin.py:188} INFO - [2025-10-24T14:22:47.000+0000] {dagbag.py:545} INFO - Filling up the DagBag from /home/khaled/airflow/dags/dbt_snowflake_dag.py
[2025-10-24T14:22:47.009+0000] {processor.py:840} INFO - DAG(s) 'dbt_snowflake_pipeline' retrieved from /home/khaled/airflow/dags/dbt_snowflake_dag.py
[2025-10-24T14:22:47.020+0000] {logging_mixin.py:188} INFO - [2025-10-24T14:22:47.020+0000] {dag.py:3089} INFO - Sync 1 DAGs
[2025-10-24T14:22:47.054+0000] {processor.py:183} INFO - Processing /home/khaled/airflow/dags/dbt_snowflake_dag.py took 0.072 seconds
[2025-10-24T14:24:01.215+0000] {processor.py:161} INFO - Started process (PID=7409) to work on /home/khaled/airflow/dags/dbt_snowflake_dag.py
[2025-10-24T14:24:01.216+0000] {processor.py:830} INFO - Processing file /home/khaled/airflow/dags/dbt_snowflake_dag.py for tasks to queue
[2025-10-24T14:24:01.217+0000] {logging_mixin.py:188} INFO - [2025-10-24T14:24:01.217+0000] {dagbag.py:545} INFO - Filling up the DagBag from /home/khaled/airflow/dags/dbt_snowflake_dag.py
[2025-10-24T14:24:01.223+0000] {processor.py:840} INFO - DAG(s) 'dbt_snowflake_pipeline' retrieved from /home/khaled/airflow/dags/dbt_snowflake_dag.py
[2025-10-24T14:24:01.232+0000] {logging_mixin.py:188} INFO - [2025-10-24T14:24:01.232+0000] {dag.py:3089} INFO - Sync 1 DAGs
[2025-10-24T14:24:01.263+0000] {processor.py:183} INFO - Processing /home/khaled/airflow/dags/dbt_snowflake_dag.py took 0.054 seconds
[2025-10-24T14:25:28.924+0000] {processor.py:161} INFO - Started process (PID=7511) to work on /home/khaled/airflow/dags/dbt_snowflake_dag.py
[2025-10-24T14:25:28.930+0000] {processor.py:830} INFO - Processing file /home/khaled/airflow/dags/dbt_snowflake_dag.py for tasks to queue
[2025-10-24T14:25:28.932+0000] {logging_mixin.py:188} INFO - [2025-10-24T14:25:28.931+0000] {dagbag.py:545} INFO - Filling up the DagBag from /home/khaled/airflow/dags/dbt_snowflake_dag.py
[2025-10-24T14:25:28.946+0000] {processor.py:840} INFO - DAG(s) 'dbt_snowflake_pipeline' retrieved from /home/khaled/airflow/dags/dbt_snowflake_dag.py
[2025-10-24T14:25:28.967+0000] {logging_mixin.py:188} INFO - [2025-10-24T14:25:28.966+0000] {dag.py:3089} INFO - Sync 1 DAGs
[2025-10-24T14:25:29.020+0000] {processor.py:183} INFO - Processing /home/khaled/airflow/dags/dbt_snowflake_dag.py took 0.101 seconds
[2025-10-24T14:26:52.995+0000] {processor.py:161} INFO - Started process (PID=7804) to work on /home/khaled/airflow/dags/dbt_snowflake_dag.py
[2025-10-24T14:26:52.996+0000] {processor.py:830} INFO - Processing file /home/khaled/airflow/dags/dbt_snowflake_dag.py for tasks to queue
[2025-10-24T14:26:52.998+0000] {logging_mixin.py:188} INFO - [2025-10-24T14:26:52.998+0000] {dagbag.py:545} INFO - Filling up the DagBag from /home/khaled/airflow/dags/dbt_snowflake_dag.py
[2025-10-24T14:26:53.006+0000] {processor.py:840} INFO - DAG(s) 'dbt_snowflake_pipeline' retrieved from /home/khaled/airflow/dags/dbt_snowflake_dag.py
[2025-10-24T14:26:53.019+0000] {logging_mixin.py:188} INFO - [2025-10-24T14:26:53.018+0000] {dag.py:3089} INFO - Sync 1 DAGs
[2025-10-24T14:26:53.064+0000] {processor.py:183} INFO - Processing /home/khaled/airflow/dags/dbt_snowflake_dag.py took 0.074 seconds
[2025-10-24T14:28:19.484+0000] {processor.py:161} INFO - Started process (PID=8075) to work on /home/khaled/airflow/dags/dbt_snowflake_dag.py
[2025-10-24T14:28:19.504+0000] {processor.py:830} INFO - Processing file /home/khaled/airflow/dags/dbt_snowflake_dag.py for tasks to queue
[2025-10-24T14:28:19.508+0000] {logging_mixin.py:188} INFO - [2025-10-24T14:28:19.506+0000] {dagbag.py:545} INFO - Filling up the DagBag from /home/khaled/airflow/dags/dbt_snowflake_dag.py
[2025-10-24T14:28:19.525+0000] {processor.py:840} INFO - DAG(s) 'dbt_snowflake_pipeline' retrieved from /home/khaled/airflow/dags/dbt_snowflake_dag.py
[2025-10-24T14:28:19.561+0000] {logging_mixin.py:188} INFO - [2025-10-24T14:28:19.560+0000] {dag.py:3089} INFO - Sync 1 DAGs
[2025-10-24T14:28:19.708+0000] {processor.py:183} INFO - Processing /home/khaled/airflow/dags/dbt_snowflake_dag.py took 0.236 seconds
[2025-10-24T14:29:23.481+0000] {processor.py:161} INFO - Started process (PID=8410) to work on /home/khaled/airflow/dags/dbt_snowflake_dag.py
[2025-10-24T14:29:23.491+0000] {processor.py:830} INFO - Processing file /home/khaled/airflow/dags/dbt_snowflake_dag.py for tasks to queue
[2025-10-24T14:29:23.492+0000] {logging_mixin.py:188} INFO - [2025-10-24T14:29:23.492+0000] {dagbag.py:545} INFO - Filling up the DagBag from /home/khaled/airflow/dags/dbt_snowflake_dag.py
[2025-10-24T14:29:23.498+0000] {processor.py:840} INFO - DAG(s) 'dbt_snowflake_pipeline' retrieved from /home/khaled/airflow/dags/dbt_snowflake_dag.py
[2025-10-24T14:29:23.507+0000] {logging_mixin.py:188} INFO - [2025-10-24T14:29:23.507+0000] {dag.py:3089} INFO - Sync 1 DAGs
[2025-10-24T14:29:23.537+0000] {processor.py:183} INFO - Processing /home/khaled/airflow/dags/dbt_snowflake_dag.py took 0.060 seconds
[2025-10-24T14:30:20.325+0000] {processor.py:161} INFO - Started process (PID=8496) to work on /home/khaled/airflow/dags/dbt_snowflake_dag.py
[2025-10-24T14:30:20.326+0000] {processor.py:830} INFO - Processing file /home/khaled/airflow/dags/dbt_snowflake_dag.py for tasks to queue
[2025-10-24T14:30:20.328+0000] {logging_mixin.py:188} INFO - [2025-10-24T14:30:20.327+0000] {dagbag.py:545} INFO - Filling up the DagBag from /home/khaled/airflow/dags/dbt_snowflake_dag.py
[2025-10-24T14:30:20.335+0000] {processor.py:840} INFO - DAG(s) 'dbt_snowflake_pipeline' retrieved from /home/khaled/airflow/dags/dbt_snowflake_dag.py
[2025-10-24T14:30:20.344+0000] {logging_mixin.py:188} INFO - [2025-10-24T14:30:20.344+0000] {dag.py:3089} INFO - Sync 1 DAGs
[2025-10-24T14:30:20.471+0000] {processor.py:183} INFO - Processing /home/khaled/airflow/dags/dbt_snowflake_dag.py took 0.150 seconds
[2025-10-24T14:31:51.108+0000] {processor.py:161} INFO - Started process (PID=8677) to work on /home/khaled/airflow/dags/dbt_snowflake_dag.py
[2025-10-24T14:31:51.118+0000] {processor.py:830} INFO - Processing file /home/khaled/airflow/dags/dbt_snowflake_dag.py for tasks to queue
[2025-10-24T14:31:51.121+0000] {logging_mixin.py:188} INFO - [2025-10-24T14:31:51.120+0000] {dagbag.py:545} INFO - Filling up the DagBag from /home/khaled/airflow/dags/dbt_snowflake_dag.py
[2025-10-24T14:31:51.126+0000] {processor.py:840} INFO - DAG(s) 'dbt_snowflake_pipeline' retrieved from /home/khaled/airflow/dags/dbt_snowflake_dag.py
[2025-10-24T14:31:51.136+0000] {logging_mixin.py:188} INFO - [2025-10-24T14:31:51.136+0000] {dag.py:3089} INFO - Sync 1 DAGs
[2025-10-24T14:31:51.226+0000] {logging_mixin.py:188} INFO - [2025-10-24T14:31:51.225+0000] {dag.py:3947} INFO - Setting next_dagrun for dbt_snowflake_pipeline to 2025-10-24 00:00:00+00:00, run_after=2025-10-25 00:00:00+00:00
[2025-10-24T14:31:51.243+0000] {processor.py:183} INFO - Processing /home/khaled/airflow/dags/dbt_snowflake_dag.py took 0.139 seconds
[2025-10-24T14:32:58.198+0000] {processor.py:161} INFO - Started process (PID=8744) to work on /home/khaled/airflow/dags/dbt_snowflake_dag.py
[2025-10-24T14:32:58.200+0000] {processor.py:830} INFO - Processing file /home/khaled/airflow/dags/dbt_snowflake_dag.py for tasks to queue
[2025-10-24T14:32:58.201+0000] {logging_mixin.py:188} INFO - [2025-10-24T14:32:58.201+0000] {dagbag.py:545} INFO - Filling up the DagBag from /home/khaled/airflow/dags/dbt_snowflake_dag.py
[2025-10-24T14:32:58.206+0000] {processor.py:840} INFO - DAG(s) 'dbt_snowflake_pipeline' retrieved from /home/khaled/airflow/dags/dbt_snowflake_dag.py
[2025-10-24T14:32:58.216+0000] {logging_mixin.py:188} INFO - [2025-10-24T14:32:58.216+0000] {dag.py:3089} INFO - Sync 1 DAGs
[2025-10-24T14:32:58.229+0000] {logging_mixin.py:188} INFO - [2025-10-24T14:32:58.229+0000] {dag.py:3947} INFO - Setting next_dagrun for dbt_snowflake_pipeline to 2025-10-24 00:00:00+00:00, run_after=2025-10-25 00:00:00+00:00
[2025-10-24T14:32:58.334+0000] {processor.py:183} INFO - Processing /home/khaled/airflow/dags/dbt_snowflake_dag.py took 0.140 seconds
[2025-10-24T14:34:15.935+0000] {processor.py:161} INFO - Started process (PID=8817) to work on /home/khaled/airflow/dags/dbt_snowflake_dag.py
[2025-10-24T14:34:15.936+0000] {processor.py:830} INFO - Processing file /home/khaled/airflow/dags/dbt_snowflake_dag.py for tasks to queue
[2025-10-24T14:34:15.937+0000] {logging_mixin.py:188} INFO - [2025-10-24T14:34:15.937+0000] {dagbag.py:545} INFO - Filling up the DagBag from /home/khaled/airflow/dags/dbt_snowflake_dag.py
[2025-10-24T14:34:15.942+0000] {processor.py:840} INFO - DAG(s) 'dbt_snowflake_pipeline' retrieved from /home/khaled/airflow/dags/dbt_snowflake_dag.py
[2025-10-24T14:34:15.952+0000] {logging_mixin.py:188} INFO - [2025-10-24T14:34:15.952+0000] {dag.py:3089} INFO - Sync 1 DAGs
[2025-10-24T14:34:15.964+0000] {logging_mixin.py:188} INFO - [2025-10-24T14:34:15.963+0000] {dag.py:3947} INFO - Setting next_dagrun for dbt_snowflake_pipeline to 2025-10-24 00:00:00+00:00, run_after=2025-10-25 00:00:00+00:00
[2025-10-24T14:34:15.996+0000] {processor.py:183} INFO - Processing /home/khaled/airflow/dags/dbt_snowflake_dag.py took 0.065 seconds
[2025-10-24T14:35:18.169+0000] {processor.py:161} INFO - Started process (PID=8904) to work on /home/khaled/airflow/dags/dbt_snowflake_dag.py
[2025-10-24T14:35:18.171+0000] {processor.py:830} INFO - Processing file /home/khaled/airflow/dags/dbt_snowflake_dag.py for tasks to queue
[2025-10-24T14:35:18.173+0000] {logging_mixin.py:188} INFO - [2025-10-24T14:35:18.172+0000] {dagbag.py:545} INFO - Filling up the DagBag from /home/khaled/airflow/dags/dbt_snowflake_dag.py
[2025-10-24T14:35:18.179+0000] {processor.py:840} INFO - DAG(s) 'dbt_snowflake_pipeline' retrieved from /home/khaled/airflow/dags/dbt_snowflake_dag.py
[2025-10-24T14:35:18.189+0000] {logging_mixin.py:188} INFO - [2025-10-24T14:35:18.189+0000] {dag.py:3089} INFO - Sync 1 DAGs
[2025-10-24T14:35:18.202+0000] {logging_mixin.py:188} INFO - [2025-10-24T14:35:18.202+0000] {dag.py:3947} INFO - Setting next_dagrun for dbt_snowflake_pipeline to 2025-10-24 00:00:00+00:00, run_after=2025-10-25 00:00:00+00:00
[2025-10-24T14:35:18.231+0000] {processor.py:183} INFO - Processing /home/khaled/airflow/dags/dbt_snowflake_dag.py took 0.066 seconds
[2025-10-24T14:36:17.259+0000] {processor.py:161} INFO - Started process (PID=8993) to work on /home/khaled/airflow/dags/dbt_snowflake_dag.py
[2025-10-24T14:36:17.261+0000] {processor.py:830} INFO - Processing file /home/khaled/airflow/dags/dbt_snowflake_dag.py for tasks to queue
[2025-10-24T14:36:17.262+0000] {logging_mixin.py:188} INFO - [2025-10-24T14:36:17.262+0000] {dagbag.py:545} INFO - Filling up the DagBag from /home/khaled/airflow/dags/dbt_snowflake_dag.py
[2025-10-24T14:36:17.270+0000] {processor.py:840} INFO - DAG(s) 'dbt_snowflake_pipeline' retrieved from /home/khaled/airflow/dags/dbt_snowflake_dag.py
[2025-10-24T14:36:17.280+0000] {logging_mixin.py:188} INFO - [2025-10-24T14:36:17.280+0000] {dag.py:3089} INFO - Sync 1 DAGs
[2025-10-24T14:36:17.292+0000] {logging_mixin.py:188} INFO - [2025-10-24T14:36:17.292+0000] {dag.py:3947} INFO - Setting next_dagrun for dbt_snowflake_pipeline to 2025-10-24 00:00:00+00:00, run_after=2025-10-25 00:00:00+00:00
[2025-10-24T14:36:17.324+0000] {processor.py:183} INFO - Processing /home/khaled/airflow/dags/dbt_snowflake_dag.py took 0.070 seconds
[2025-10-24T14:37:48.460+0000] {processor.py:161} INFO - Started process (PID=9082) to work on /home/khaled/airflow/dags/dbt_snowflake_dag.py
[2025-10-24T14:37:48.462+0000] {processor.py:830} INFO - Processing file /home/khaled/airflow/dags/dbt_snowflake_dag.py for tasks to queue
[2025-10-24T14:37:48.463+0000] {logging_mixin.py:188} INFO - [2025-10-24T14:37:48.463+0000] {dagbag.py:545} INFO - Filling up the DagBag from /home/khaled/airflow/dags/dbt_snowflake_dag.py
[2025-10-24T14:37:48.471+0000] {processor.py:840} INFO - DAG(s) 'dbt_snowflake_pipeline' retrieved from /home/khaled/airflow/dags/dbt_snowflake_dag.py
[2025-10-24T14:37:48.481+0000] {logging_mixin.py:188} INFO - [2025-10-24T14:37:48.481+0000] {dag.py:3089} INFO - Sync 1 DAGs
[2025-10-24T14:37:48.494+0000] {logging_mixin.py:188} INFO - [2025-10-24T14:37:48.494+0000] {dag.py:3947} INFO - Setting next_dagrun for dbt_snowflake_pipeline to 2025-10-24 00:00:00+00:00, run_after=2025-10-25 00:00:00+00:00
[2025-10-24T14:37:48.525+0000] {processor.py:183} INFO - Processing /home/khaled/airflow/dags/dbt_snowflake_dag.py took 0.070 seconds
[2025-10-24T14:38:43.781+0000] {processor.py:161} INFO - Started process (PID=9143) to work on /home/khaled/airflow/dags/dbt_snowflake_dag.py
[2025-10-24T14:38:43.782+0000] {processor.py:830} INFO - Processing file /home/khaled/airflow/dags/dbt_snowflake_dag.py for tasks to queue
[2025-10-24T14:38:43.783+0000] {logging_mixin.py:188} INFO - [2025-10-24T14:38:43.783+0000] {dagbag.py:545} INFO - Filling up the DagBag from /home/khaled/airflow/dags/dbt_snowflake_dag.py
[2025-10-24T14:38:43.790+0000] {processor.py:840} INFO - DAG(s) 'dbt_snowflake_pipeline' retrieved from /home/khaled/airflow/dags/dbt_snowflake_dag.py
[2025-10-24T14:38:43.801+0000] {logging_mixin.py:188} INFO - [2025-10-24T14:38:43.800+0000] {dag.py:3089} INFO - Sync 1 DAGs
[2025-10-24T14:38:43.813+0000] {logging_mixin.py:188} INFO - [2025-10-24T14:38:43.813+0000] {dag.py:3947} INFO - Setting next_dagrun for dbt_snowflake_pipeline to 2025-10-24 00:00:00+00:00, run_after=2025-10-25 00:00:00+00:00
[2025-10-24T14:38:43.844+0000] {processor.py:183} INFO - Processing /home/khaled/airflow/dags/dbt_snowflake_dag.py took 0.069 seconds
[2025-10-24T14:40:05.306+0000] {processor.py:161} INFO - Started process (PID=9235) to work on /home/khaled/airflow/dags/dbt_snowflake_dag.py
[2025-10-24T14:40:05.308+0000] {processor.py:830} INFO - Processing file /home/khaled/airflow/dags/dbt_snowflake_dag.py for tasks to queue
[2025-10-24T14:40:05.310+0000] {logging_mixin.py:188} INFO - [2025-10-24T14:40:05.309+0000] {dagbag.py:545} INFO - Filling up the DagBag from /home/khaled/airflow/dags/dbt_snowflake_dag.py
[2025-10-24T14:40:05.316+0000] {processor.py:840} INFO - DAG(s) 'dbt_snowflake_pipeline' retrieved from /home/khaled/airflow/dags/dbt_snowflake_dag.py
[2025-10-24T14:40:05.325+0000] {logging_mixin.py:188} INFO - [2025-10-24T14:40:05.325+0000] {dag.py:3089} INFO - Sync 1 DAGs
[2025-10-24T14:40:05.338+0000] {logging_mixin.py:188} INFO - [2025-10-24T14:40:05.338+0000] {dag.py:3947} INFO - Setting next_dagrun for dbt_snowflake_pipeline to 2025-10-24 00:00:00+00:00, run_after=2025-10-25 00:00:00+00:00
[2025-10-24T14:40:05.356+0000] {processor.py:183} INFO - Processing /home/khaled/airflow/dags/dbt_snowflake_dag.py took 0.056 seconds
[2025-10-24T14:41:02.370+0000] {processor.py:161} INFO - Started process (PID=9329) to work on /home/khaled/airflow/dags/dbt_snowflake_dag.py
[2025-10-24T14:41:02.372+0000] {processor.py:830} INFO - Processing file /home/khaled/airflow/dags/dbt_snowflake_dag.py for tasks to queue
[2025-10-24T14:41:02.374+0000] {logging_mixin.py:188} INFO - [2025-10-24T14:41:02.373+0000] {dagbag.py:545} INFO - Filling up the DagBag from /home/khaled/airflow/dags/dbt_snowflake_dag.py
[2025-10-24T14:41:02.380+0000] {processor.py:840} INFO - DAG(s) 'dbt_snowflake_pipeline' retrieved from /home/khaled/airflow/dags/dbt_snowflake_dag.py
[2025-10-24T14:41:02.390+0000] {logging_mixin.py:188} INFO - [2025-10-24T14:41:02.390+0000] {dag.py:3089} INFO - Sync 1 DAGs
[2025-10-24T14:41:02.403+0000] {logging_mixin.py:188} INFO - [2025-10-24T14:41:02.403+0000] {dag.py:3947} INFO - Setting next_dagrun for dbt_snowflake_pipeline to 2025-10-24 00:00:00+00:00, run_after=2025-10-25 00:00:00+00:00
[2025-10-24T14:41:02.432+0000] {processor.py:183} INFO - Processing /home/khaled/airflow/dags/dbt_snowflake_dag.py took 0.068 seconds
[2025-10-24T14:42:32.828+0000] {processor.py:161} INFO - Started process (PID=9427) to work on /home/khaled/airflow/dags/dbt_snowflake_dag.py
[2025-10-24T14:42:32.829+0000] {processor.py:830} INFO - Processing file /home/khaled/airflow/dags/dbt_snowflake_dag.py for tasks to queue
[2025-10-24T14:42:32.830+0000] {logging_mixin.py:188} INFO - [2025-10-24T14:42:32.830+0000] {dagbag.py:545} INFO - Filling up the DagBag from /home/khaled/airflow/dags/dbt_snowflake_dag.py
[2025-10-24T14:42:32.838+0000] {processor.py:840} INFO - DAG(s) 'dbt_snowflake_pipeline' retrieved from /home/khaled/airflow/dags/dbt_snowflake_dag.py
[2025-10-24T14:42:32.847+0000] {logging_mixin.py:188} INFO - [2025-10-24T14:42:32.847+0000] {dag.py:3089} INFO - Sync 1 DAGs
[2025-10-24T14:42:32.861+0000] {logging_mixin.py:188} INFO - [2025-10-24T14:42:32.860+0000] {dag.py:3947} INFO - Setting next_dagrun for dbt_snowflake_pipeline to 2025-10-24 00:00:00+00:00, run_after=2025-10-25 00:00:00+00:00
[2025-10-24T14:42:32.892+0000] {processor.py:183} INFO - Processing /home/khaled/airflow/dags/dbt_snowflake_dag.py took 0.069 seconds
[2025-10-24T14:43:38.785+0000] {processor.py:161} INFO - Started process (PID=9494) to work on /home/khaled/airflow/dags/dbt_snowflake_dag.py
[2025-10-24T14:43:38.787+0000] {processor.py:830} INFO - Processing file /home/khaled/airflow/dags/dbt_snowflake_dag.py for tasks to queue
[2025-10-24T14:43:38.788+0000] {logging_mixin.py:188} INFO - [2025-10-24T14:43:38.788+0000] {dagbag.py:545} INFO - Filling up the DagBag from /home/khaled/airflow/dags/dbt_snowflake_dag.py
[2025-10-24T14:43:38.794+0000] {processor.py:840} INFO - DAG(s) 'dbt_snowflake_pipeline' retrieved from /home/khaled/airflow/dags/dbt_snowflake_dag.py
[2025-10-24T14:43:38.803+0000] {logging_mixin.py:188} INFO - [2025-10-24T14:43:38.803+0000] {dag.py:3089} INFO - Sync 1 DAGs
[2025-10-24T14:43:38.816+0000] {logging_mixin.py:188} INFO - [2025-10-24T14:43:38.815+0000] {dag.py:3947} INFO - Setting next_dagrun for dbt_snowflake_pipeline to 2025-10-24 00:00:00+00:00, run_after=2025-10-25 00:00:00+00:00
[2025-10-24T14:43:38.845+0000] {processor.py:183} INFO - Processing /home/khaled/airflow/dags/dbt_snowflake_dag.py took 0.065 seconds
[2025-10-24T14:45:05.250+0000] {processor.py:161} INFO - Started process (PID=9590) to work on /home/khaled/airflow/dags/dbt_snowflake_dag.py
[2025-10-24T14:45:05.251+0000] {processor.py:830} INFO - Processing file /home/khaled/airflow/dags/dbt_snowflake_dag.py for tasks to queue
[2025-10-24T14:45:05.252+0000] {logging_mixin.py:188} INFO - [2025-10-24T14:45:05.252+0000] {dagbag.py:545} INFO - Filling up the DagBag from /home/khaled/airflow/dags/dbt_snowflake_dag.py
[2025-10-24T14:45:05.258+0000] {processor.py:840} INFO - DAG(s) 'dbt_snowflake_pipeline' retrieved from /home/khaled/airflow/dags/dbt_snowflake_dag.py
[2025-10-24T14:45:05.268+0000] {logging_mixin.py:188} INFO - [2025-10-24T14:45:05.268+0000] {dag.py:3089} INFO - Sync 1 DAGs
[2025-10-24T14:45:05.283+0000] {logging_mixin.py:188} INFO - [2025-10-24T14:45:05.283+0000] {dag.py:3947} INFO - Setting next_dagrun for dbt_snowflake_pipeline to 2025-10-24 00:00:00+00:00, run_after=2025-10-25 00:00:00+00:00
[2025-10-24T14:45:05.314+0000] {processor.py:183} INFO - Processing /home/khaled/airflow/dags/dbt_snowflake_dag.py took 0.069 seconds
[2025-10-24T14:46:07.631+0000] {processor.py:161} INFO - Started process (PID=9680) to work on /home/khaled/airflow/dags/dbt_snowflake_dag.py
[2025-10-24T14:46:07.632+0000] {processor.py:830} INFO - Processing file /home/khaled/airflow/dags/dbt_snowflake_dag.py for tasks to queue
[2025-10-24T14:46:07.634+0000] {logging_mixin.py:188} INFO - [2025-10-24T14:46:07.633+0000] {dagbag.py:545} INFO - Filling up the DagBag from /home/khaled/airflow/dags/dbt_snowflake_dag.py
[2025-10-24T14:46:07.640+0000] {processor.py:840} INFO - DAG(s) 'dbt_snowflake_pipeline' retrieved from /home/khaled/airflow/dags/dbt_snowflake_dag.py
[2025-10-24T14:46:07.649+0000] {logging_mixin.py:188} INFO - [2025-10-24T14:46:07.649+0000] {dag.py:3089} INFO - Sync 1 DAGs
[2025-10-24T14:46:07.661+0000] {logging_mixin.py:188} INFO - [2025-10-24T14:46:07.661+0000] {dag.py:3947} INFO - Setting next_dagrun for dbt_snowflake_pipeline to 2025-10-24 00:00:00+00:00, run_after=2025-10-25 00:00:00+00:00
[2025-10-24T14:46:07.691+0000] {processor.py:183} INFO - Processing /home/khaled/airflow/dags/dbt_snowflake_dag.py took 0.065 seconds
[2025-10-24T14:47:11.812+0000] {processor.py:161} INFO - Started process (PID=9746) to work on /home/khaled/airflow/dags/dbt_snowflake_dag.py
[2025-10-24T14:47:11.822+0000] {processor.py:830} INFO - Processing file /home/khaled/airflow/dags/dbt_snowflake_dag.py for tasks to queue
[2025-10-24T14:47:11.825+0000] {logging_mixin.py:188} INFO - [2025-10-24T14:47:11.825+0000] {dagbag.py:545} INFO - Filling up the DagBag from /home/khaled/airflow/dags/dbt_snowflake_dag.py
[2025-10-24T14:47:11.832+0000] {processor.py:840} INFO - DAG(s) 'dbt_snowflake_pipeline' retrieved from /home/khaled/airflow/dags/dbt_snowflake_dag.py
[2025-10-24T14:47:11.842+0000] {logging_mixin.py:188} INFO - [2025-10-24T14:47:11.842+0000] {dag.py:3089} INFO - Sync 1 DAGs
[2025-10-24T14:47:11.855+0000] {logging_mixin.py:188} INFO - [2025-10-24T14:47:11.855+0000] {dag.py:3947} INFO - Setting next_dagrun for dbt_snowflake_pipeline to 2025-10-24 00:00:00+00:00, run_after=2025-10-25 00:00:00+00:00
[2025-10-24T14:47:11.873+0000] {processor.py:183} INFO - Processing /home/khaled/airflow/dags/dbt_snowflake_dag.py took 0.066 seconds
[2025-10-24T14:48:21.234+0000] {processor.py:161} INFO - Started process (PID=9813) to work on /home/khaled/airflow/dags/dbt_snowflake_dag.py
[2025-10-24T14:48:21.235+0000] {processor.py:830} INFO - Processing file /home/khaled/airflow/dags/dbt_snowflake_dag.py for tasks to queue
[2025-10-24T14:48:21.237+0000] {logging_mixin.py:188} INFO - [2025-10-24T14:48:21.236+0000] {dagbag.py:545} INFO - Filling up the DagBag from /home/khaled/airflow/dags/dbt_snowflake_dag.py
[2025-10-24T14:48:21.244+0000] {processor.py:840} INFO - DAG(s) 'dbt_snowflake_pipeline' retrieved from /home/khaled/airflow/dags/dbt_snowflake_dag.py
[2025-10-24T14:48:21.253+0000] {logging_mixin.py:188} INFO - [2025-10-24T14:48:21.253+0000] {dag.py:3089} INFO - Sync 1 DAGs
[2025-10-24T14:48:21.265+0000] {logging_mixin.py:188} INFO - [2025-10-24T14:48:21.265+0000] {dag.py:3947} INFO - Setting next_dagrun for dbt_snowflake_pipeline to 2025-10-24 00:00:00+00:00, run_after=2025-10-25 00:00:00+00:00
[2025-10-24T14:48:21.296+0000] {processor.py:183} INFO - Processing /home/khaled/airflow/dags/dbt_snowflake_dag.py took 0.069 seconds
[2025-10-24T14:49:25.893+0000] {processor.py:161} INFO - Started process (PID=9879) to work on /home/khaled/airflow/dags/dbt_snowflake_dag.py
[2025-10-24T14:49:25.895+0000] {processor.py:830} INFO - Processing file /home/khaled/airflow/dags/dbt_snowflake_dag.py for tasks to queue
[2025-10-24T14:49:25.897+0000] {logging_mixin.py:188} INFO - [2025-10-24T14:49:25.896+0000] {dagbag.py:545} INFO - Filling up the DagBag from /home/khaled/airflow/dags/dbt_snowflake_dag.py
[2025-10-24T14:49:25.904+0000] {processor.py:840} INFO - DAG(s) 'dbt_snowflake_pipeline' retrieved from /home/khaled/airflow/dags/dbt_snowflake_dag.py
[2025-10-24T14:49:25.915+0000] {logging_mixin.py:188} INFO - [2025-10-24T14:49:25.915+0000] {dag.py:3089} INFO - Sync 1 DAGs
[2025-10-24T14:49:25.929+0000] {logging_mixin.py:188} INFO - [2025-10-24T14:49:25.929+0000] {dag.py:3947} INFO - Setting next_dagrun for dbt_snowflake_pipeline to 2025-10-24 00:00:00+00:00, run_after=2025-10-25 00:00:00+00:00
[2025-10-24T14:49:25.946+0000] {processor.py:183} INFO - Processing /home/khaled/airflow/dags/dbt_snowflake_dag.py took 0.060 seconds
[2025-10-24T14:50:30.043+0000] {processor.py:161} INFO - Started process (PID=9949) to work on /home/khaled/airflow/dags/dbt_snowflake_dag.py
[2025-10-24T14:50:30.044+0000] {processor.py:830} INFO - Processing file /home/khaled/airflow/dags/dbt_snowflake_dag.py for tasks to queue
[2025-10-24T14:50:30.046+0000] {logging_mixin.py:188} INFO - [2025-10-24T14:50:30.045+0000] {dagbag.py:545} INFO - Filling up the DagBag from /home/khaled/airflow/dags/dbt_snowflake_dag.py
[2025-10-24T14:50:30.052+0000] {processor.py:840} INFO - DAG(s) 'dbt_snowflake_pipeline' retrieved from /home/khaled/airflow/dags/dbt_snowflake_dag.py
[2025-10-24T14:50:30.062+0000] {logging_mixin.py:188} INFO - [2025-10-24T14:50:30.062+0000] {dag.py:3089} INFO - Sync 1 DAGs
[2025-10-24T14:50:30.074+0000] {logging_mixin.py:188} INFO - [2025-10-24T14:50:30.074+0000] {dag.py:3947} INFO - Setting next_dagrun for dbt_snowflake_pipeline to 2025-10-24 00:00:00+00:00, run_after=2025-10-25 00:00:00+00:00
[2025-10-24T14:50:30.095+0000] {processor.py:183} INFO - Processing /home/khaled/airflow/dags/dbt_snowflake_dag.py took 0.057 seconds
[2025-10-24T14:51:50.056+0000] {processor.py:161} INFO - Started process (PID=10062) to work on /home/khaled/airflow/dags/dbt_snowflake_dag.py
[2025-10-24T14:51:50.057+0000] {processor.py:830} INFO - Processing file /home/khaled/airflow/dags/dbt_snowflake_dag.py for tasks to queue
[2025-10-24T14:51:50.059+0000] {logging_mixin.py:188} INFO - [2025-10-24T14:51:50.059+0000] {dagbag.py:545} INFO - Filling up the DagBag from /home/khaled/airflow/dags/dbt_snowflake_dag.py
[2025-10-24T14:51:50.065+0000] {processor.py:840} INFO - DAG(s) 'dbt_snowflake_pipeline' retrieved from /home/khaled/airflow/dags/dbt_snowflake_dag.py
[2025-10-24T14:51:50.074+0000] {logging_mixin.py:188} INFO - [2025-10-24T14:51:50.074+0000] {dag.py:3089} INFO - Sync 1 DAGs
[2025-10-24T14:51:50.088+0000] {logging_mixin.py:188} INFO - [2025-10-24T14:51:50.088+0000] {dag.py:3947} INFO - Setting next_dagrun for dbt_snowflake_pipeline to 2025-10-24 00:00:00+00:00, run_after=2025-10-25 00:00:00+00:00
[2025-10-24T14:51:50.119+0000] {processor.py:183} INFO - Processing /home/khaled/airflow/dags/dbt_snowflake_dag.py took 0.068 seconds
[2025-10-24T14:53:09.268+0000] {processor.py:161} INFO - Started process (PID=10151) to work on /home/khaled/airflow/dags/dbt_snowflake_dag.py
[2025-10-24T14:53:09.269+0000] {processor.py:830} INFO - Processing file /home/khaled/airflow/dags/dbt_snowflake_dag.py for tasks to queue
[2025-10-24T14:53:09.270+0000] {logging_mixin.py:188} INFO - [2025-10-24T14:53:09.270+0000] {dagbag.py:545} INFO - Filling up the DagBag from /home/khaled/airflow/dags/dbt_snowflake_dag.py
[2025-10-24T14:53:09.276+0000] {processor.py:840} INFO - DAG(s) 'dbt_snowflake_pipeline' retrieved from /home/khaled/airflow/dags/dbt_snowflake_dag.py
[2025-10-24T14:53:09.286+0000] {logging_mixin.py:188} INFO - [2025-10-24T14:53:09.286+0000] {dag.py:3089} INFO - Sync 1 DAGs
[2025-10-24T14:53:09.300+0000] {logging_mixin.py:188} INFO - [2025-10-24T14:53:09.300+0000] {dag.py:3947} INFO - Setting next_dagrun for dbt_snowflake_pipeline to 2025-10-24 00:00:00+00:00, run_after=2025-10-25 00:00:00+00:00
[2025-10-24T14:53:09.332+0000] {processor.py:183} INFO - Processing /home/khaled/airflow/dags/dbt_snowflake_dag.py took 0.070 seconds
[2025-10-24T14:54:28.999+0000] {processor.py:161} INFO - Started process (PID=10238) to work on /home/khaled/airflow/dags/dbt_snowflake_dag.py
[2025-10-24T14:54:29.001+0000] {processor.py:830} INFO - Processing file /home/khaled/airflow/dags/dbt_snowflake_dag.py for tasks to queue
[2025-10-24T14:54:29.002+0000] {logging_mixin.py:188} INFO - [2025-10-24T14:54:29.001+0000] {dagbag.py:545} INFO - Filling up the DagBag from /home/khaled/airflow/dags/dbt_snowflake_dag.py
[2025-10-24T14:54:29.008+0000] {processor.py:840} INFO - DAG(s) 'dbt_snowflake_pipeline' retrieved from /home/khaled/airflow/dags/dbt_snowflake_dag.py
[2025-10-24T14:54:29.019+0000] {logging_mixin.py:188} INFO - [2025-10-24T14:54:29.019+0000] {dag.py:3089} INFO - Sync 1 DAGs
[2025-10-24T14:54:29.032+0000] {logging_mixin.py:188} INFO - [2025-10-24T14:54:29.031+0000] {dag.py:3947} INFO - Setting next_dagrun for dbt_snowflake_pipeline to 2025-10-24 00:00:00+00:00, run_after=2025-10-25 00:00:00+00:00
[2025-10-24T14:54:29.062+0000] {processor.py:183} INFO - Processing /home/khaled/airflow/dags/dbt_snowflake_dag.py took 0.070 seconds
[2025-10-24T14:55:32.682+0000] {processor.py:161} INFO - Started process (PID=10305) to work on /home/khaled/airflow/dags/dbt_snowflake_dag.py
[2025-10-24T14:55:32.685+0000] {processor.py:830} INFO - Processing file /home/khaled/airflow/dags/dbt_snowflake_dag.py for tasks to queue
[2025-10-24T14:55:32.687+0000] {logging_mixin.py:188} INFO - [2025-10-24T14:55:32.686+0000] {dagbag.py:545} INFO - Filling up the DagBag from /home/khaled/airflow/dags/dbt_snowflake_dag.py
[2025-10-24T14:55:32.693+0000] {processor.py:840} INFO - DAG(s) 'dbt_snowflake_pipeline' retrieved from /home/khaled/airflow/dags/dbt_snowflake_dag.py
[2025-10-24T14:55:32.704+0000] {logging_mixin.py:188} INFO - [2025-10-24T14:55:32.704+0000] {dag.py:3089} INFO - Sync 1 DAGs
[2025-10-24T14:55:32.717+0000] {logging_mixin.py:188} INFO - [2025-10-24T14:55:32.717+0000] {dag.py:3947} INFO - Setting next_dagrun for dbt_snowflake_pipeline to 2025-10-24 00:00:00+00:00, run_after=2025-10-25 00:00:00+00:00
[2025-10-24T14:55:32.735+0000] {processor.py:183} INFO - Processing /home/khaled/airflow/dags/dbt_snowflake_dag.py took 0.058 seconds
[2025-10-24T14:56:28.317+0000] {processor.py:161} INFO - Started process (PID=10395) to work on /home/khaled/airflow/dags/dbt_snowflake_dag.py
[2025-10-24T14:56:28.319+0000] {processor.py:830} INFO - Processing file /home/khaled/airflow/dags/dbt_snowflake_dag.py for tasks to queue
[2025-10-24T14:56:28.320+0000] {logging_mixin.py:188} INFO - [2025-10-24T14:56:28.320+0000] {dagbag.py:545} INFO - Filling up the DagBag from /home/khaled/airflow/dags/dbt_snowflake_dag.py
[2025-10-24T14:56:28.327+0000] {processor.py:840} INFO - DAG(s) 'dbt_snowflake_pipeline' retrieved from /home/khaled/airflow/dags/dbt_snowflake_dag.py
[2025-10-24T14:56:28.336+0000] {logging_mixin.py:188} INFO - [2025-10-24T14:56:28.336+0000] {dag.py:3089} INFO - Sync 1 DAGs
[2025-10-24T14:56:28.349+0000] {logging_mixin.py:188} INFO - [2025-10-24T14:56:28.349+0000] {dag.py:3947} INFO - Setting next_dagrun for dbt_snowflake_pipeline to 2025-10-24 00:00:00+00:00, run_after=2025-10-25 00:00:00+00:00
[2025-10-24T14:56:28.380+0000] {processor.py:183} INFO - Processing /home/khaled/airflow/dags/dbt_snowflake_dag.py took 0.067 seconds
[2025-10-24T14:57:48.418+0000] {processor.py:161} INFO - Started process (PID=10486) to work on /home/khaled/airflow/dags/dbt_snowflake_dag.py
[2025-10-24T14:57:48.429+0000] {processor.py:830} INFO - Processing file /home/khaled/airflow/dags/dbt_snowflake_dag.py for tasks to queue
[2025-10-24T14:57:48.430+0000] {logging_mixin.py:188} INFO - [2025-10-24T14:57:48.430+0000] {dagbag.py:545} INFO - Filling up the DagBag from /home/khaled/airflow/dags/dbt_snowflake_dag.py
[2025-10-24T14:57:48.438+0000] {processor.py:840} INFO - DAG(s) 'dbt_snowflake_pipeline' retrieved from /home/khaled/airflow/dags/dbt_snowflake_dag.py
[2025-10-24T14:57:48.448+0000] {logging_mixin.py:188} INFO - [2025-10-24T14:57:48.447+0000] {dag.py:3089} INFO - Sync 1 DAGs
[2025-10-24T14:57:48.460+0000] {logging_mixin.py:188} INFO - [2025-10-24T14:57:48.460+0000] {dag.py:3947} INFO - Setting next_dagrun for dbt_snowflake_pipeline to 2025-10-24 00:00:00+00:00, run_after=2025-10-25 00:00:00+00:00
[2025-10-24T14:57:48.478+0000] {processor.py:183} INFO - Processing /home/khaled/airflow/dags/dbt_snowflake_dag.py took 0.065 seconds
[2025-10-24T14:58:47.834+0000] {processor.py:161} INFO - Started process (PID=10547) to work on /home/khaled/airflow/dags/dbt_snowflake_dag.py
[2025-10-24T14:58:47.835+0000] {processor.py:830} INFO - Processing file /home/khaled/airflow/dags/dbt_snowflake_dag.py for tasks to queue
[2025-10-24T14:58:47.836+0000] {logging_mixin.py:188} INFO - [2025-10-24T14:58:47.836+0000] {dagbag.py:545} INFO - Filling up the DagBag from /home/khaled/airflow/dags/dbt_snowflake_dag.py
[2025-10-24T14:58:47.842+0000] {processor.py:840} INFO - DAG(s) 'dbt_snowflake_pipeline' retrieved from /home/khaled/airflow/dags/dbt_snowflake_dag.py
[2025-10-24T14:58:47.851+0000] {logging_mixin.py:188} INFO - [2025-10-24T14:58:47.851+0000] {dag.py:3089} INFO - Sync 1 DAGs
[2025-10-24T14:58:47.864+0000] {logging_mixin.py:188} INFO - [2025-10-24T14:58:47.864+0000] {dag.py:3947} INFO - Setting next_dagrun for dbt_snowflake_pipeline to 2025-10-24 00:00:00+00:00, run_after=2025-10-25 00:00:00+00:00
[2025-10-24T14:58:47.893+0000] {processor.py:183} INFO - Processing /home/khaled/airflow/dags/dbt_snowflake_dag.py took 0.063 seconds
[2025-10-24T15:00:20.429+0000] {processor.py:161} INFO - Started process (PID=10718) to work on /home/khaled/airflow/dags/dbt_snowflake_dag.py
[2025-10-24T15:00:20.430+0000] {processor.py:830} INFO - Processing file /home/khaled/airflow/dags/dbt_snowflake_dag.py for tasks to queue
[2025-10-24T15:00:20.431+0000] {logging_mixin.py:188} INFO - [2025-10-24T15:00:20.431+0000] {dagbag.py:545} INFO - Filling up the DagBag from /home/khaled/airflow/dags/dbt_snowflake_dag.py
[2025-10-24T15:00:20.439+0000] {processor.py:840} INFO - DAG(s) 'dbt_snowflake_pipeline' retrieved from /home/khaled/airflow/dags/dbt_snowflake_dag.py
[2025-10-24T15:00:20.448+0000] {logging_mixin.py:188} INFO - [2025-10-24T15:00:20.448+0000] {dag.py:3089} INFO - Sync 1 DAGs
[2025-10-24T15:00:20.461+0000] {logging_mixin.py:188} INFO - [2025-10-24T15:00:20.460+0000] {dag.py:3947} INFO - Setting next_dagrun for dbt_snowflake_pipeline to 2025-10-24 00:00:00+00:00, run_after=2025-10-25 00:00:00+00:00
[2025-10-24T15:00:20.492+0000] {processor.py:183} INFO - Processing /home/khaled/airflow/dags/dbt_snowflake_dag.py took 0.069 seconds
[2025-10-24T15:01:27.881+0000] {processor.py:161} INFO - Started process (PID=10825) to work on /home/khaled/airflow/dags/dbt_snowflake_dag.py
[2025-10-24T15:01:27.882+0000] {processor.py:830} INFO - Processing file /home/khaled/airflow/dags/dbt_snowflake_dag.py for tasks to queue
[2025-10-24T15:01:27.883+0000] {logging_mixin.py:188} INFO - [2025-10-24T15:01:27.883+0000] {dagbag.py:545} INFO - Filling up the DagBag from /home/khaled/airflow/dags/dbt_snowflake_dag.py
[2025-10-24T15:01:27.889+0000] {processor.py:840} INFO - DAG(s) 'dbt_snowflake_pipeline' retrieved from /home/khaled/airflow/dags/dbt_snowflake_dag.py
[2025-10-24T15:01:27.899+0000] {logging_mixin.py:188} INFO - [2025-10-24T15:01:27.899+0000] {dag.py:3089} INFO - Sync 1 DAGs
[2025-10-24T15:01:27.912+0000] {logging_mixin.py:188} INFO - [2025-10-24T15:01:27.912+0000] {dag.py:3947} INFO - Setting next_dagrun for dbt_snowflake_pipeline to 2025-10-24 00:00:00+00:00, run_after=2025-10-25 00:00:00+00:00
[2025-10-24T15:01:27.941+0000] {processor.py:183} INFO - Processing /home/khaled/airflow/dags/dbt_snowflake_dag.py took 0.066 seconds
[2025-10-24T15:02:33.677+0000] {processor.py:161} INFO - Started process (PID=10888) to work on /home/khaled/airflow/dags/dbt_snowflake_dag.py
[2025-10-24T15:02:33.678+0000] {processor.py:830} INFO - Processing file /home/khaled/airflow/dags/dbt_snowflake_dag.py for tasks to queue
[2025-10-24T15:02:33.680+0000] {logging_mixin.py:188} INFO - [2025-10-24T15:02:33.680+0000] {dagbag.py:545} INFO - Filling up the DagBag from /home/khaled/airflow/dags/dbt_snowflake_dag.py
[2025-10-24T15:02:33.686+0000] {processor.py:840} INFO - DAG(s) 'dbt_snowflake_pipeline' retrieved from /home/khaled/airflow/dags/dbt_snowflake_dag.py
[2025-10-24T15:02:33.696+0000] {logging_mixin.py:188} INFO - [2025-10-24T15:02:33.696+0000] {dag.py:3089} INFO - Sync 1 DAGs
[2025-10-24T15:02:33.708+0000] {logging_mixin.py:188} INFO - [2025-10-24T15:02:33.708+0000] {dag.py:3947} INFO - Setting next_dagrun for dbt_snowflake_pipeline to 2025-10-24 00:00:00+00:00, run_after=2025-10-25 00:00:00+00:00
[2025-10-24T15:02:33.739+0000] {processor.py:183} INFO - Processing /home/khaled/airflow/dags/dbt_snowflake_dag.py took 0.067 seconds
[2025-10-24T15:03:40.059+0000] {processor.py:161} INFO - Started process (PID=10957) to work on /home/khaled/airflow/dags/dbt_snowflake_dag.py
[2025-10-24T15:03:40.060+0000] {processor.py:830} INFO - Processing file /home/khaled/airflow/dags/dbt_snowflake_dag.py for tasks to queue
[2025-10-24T15:03:40.061+0000] {logging_mixin.py:188} INFO - [2025-10-24T15:03:40.061+0000] {dagbag.py:545} INFO - Filling up the DagBag from /home/khaled/airflow/dags/dbt_snowflake_dag.py
[2025-10-24T15:03:40.068+0000] {processor.py:840} INFO - DAG(s) 'dbt_snowflake_pipeline' retrieved from /home/khaled/airflow/dags/dbt_snowflake_dag.py
[2025-10-24T15:03:40.078+0000] {logging_mixin.py:188} INFO - [2025-10-24T15:03:40.078+0000] {dag.py:3089} INFO - Sync 1 DAGs
[2025-10-24T15:03:40.092+0000] {logging_mixin.py:188} INFO - [2025-10-24T15:03:40.092+0000] {dag.py:3947} INFO - Setting next_dagrun for dbt_snowflake_pipeline to 2025-10-24 00:00:00+00:00, run_after=2025-10-25 00:00:00+00:00
[2025-10-24T15:03:40.110+0000] {processor.py:183} INFO - Processing /home/khaled/airflow/dags/dbt_snowflake_dag.py took 0.056 seconds
[2025-10-24T15:05:06.017+0000] {processor.py:161} INFO - Started process (PID=11057) to work on /home/khaled/airflow/dags/dbt_snowflake_dag.py
[2025-10-24T15:05:06.018+0000] {processor.py:830} INFO - Processing file /home/khaled/airflow/dags/dbt_snowflake_dag.py for tasks to queue
[2025-10-24T15:05:06.019+0000] {logging_mixin.py:188} INFO - [2025-10-24T15:05:06.019+0000] {dagbag.py:545} INFO - Filling up the DagBag from /home/khaled/airflow/dags/dbt_snowflake_dag.py
[2025-10-24T15:05:06.024+0000] {processor.py:840} INFO - DAG(s) 'dbt_snowflake_pipeline' retrieved from /home/khaled/airflow/dags/dbt_snowflake_dag.py
[2025-10-24T15:05:06.034+0000] {logging_mixin.py:188} INFO - [2025-10-24T15:05:06.033+0000] {dag.py:3089} INFO - Sync 1 DAGs
[2025-10-24T15:05:06.047+0000] {logging_mixin.py:188} INFO - [2025-10-24T15:05:06.047+0000] {dag.py:3947} INFO - Setting next_dagrun for dbt_snowflake_pipeline to 2025-10-24 00:00:00+00:00, run_after=2025-10-25 00:00:00+00:00
[2025-10-24T15:05:06.066+0000] {processor.py:183} INFO - Processing /home/khaled/airflow/dags/dbt_snowflake_dag.py took 0.055 seconds
[2025-10-24T15:06:09.878+0000] {processor.py:161} INFO - Started process (PID=11149) to work on /home/khaled/airflow/dags/dbt_snowflake_dag.py
[2025-10-24T15:06:09.880+0000] {processor.py:830} INFO - Processing file /home/khaled/airflow/dags/dbt_snowflake_dag.py for tasks to queue
[2025-10-24T15:06:09.881+0000] {logging_mixin.py:188} INFO - [2025-10-24T15:06:09.881+0000] {dagbag.py:545} INFO - Filling up the DagBag from /home/khaled/airflow/dags/dbt_snowflake_dag.py
[2025-10-24T15:06:09.887+0000] {processor.py:840} INFO - DAG(s) 'dbt_snowflake_pipeline' retrieved from /home/khaled/airflow/dags/dbt_snowflake_dag.py
[2025-10-24T15:06:09.897+0000] {logging_mixin.py:188} INFO - [2025-10-24T15:06:09.897+0000] {dag.py:3089} INFO - Sync 1 DAGs
[2025-10-24T15:06:09.910+0000] {logging_mixin.py:188} INFO - [2025-10-24T15:06:09.909+0000] {dag.py:3947} INFO - Setting next_dagrun for dbt_snowflake_pipeline to 2025-10-24 00:00:00+00:00, run_after=2025-10-25 00:00:00+00:00
[2025-10-24T15:06:09.939+0000] {processor.py:183} INFO - Processing /home/khaled/airflow/dags/dbt_snowflake_dag.py took 0.065 seconds
[2025-10-24T15:07:29.837+0000] {processor.py:161} INFO - Started process (PID=11238) to work on /home/khaled/airflow/dags/dbt_snowflake_dag.py
[2025-10-24T15:07:29.839+0000] {processor.py:830} INFO - Processing file /home/khaled/airflow/dags/dbt_snowflake_dag.py for tasks to queue
[2025-10-24T15:07:29.840+0000] {logging_mixin.py:188} INFO - [2025-10-24T15:07:29.840+0000] {dagbag.py:545} INFO - Filling up the DagBag from /home/khaled/airflow/dags/dbt_snowflake_dag.py
[2025-10-24T15:07:29.846+0000] {processor.py:840} INFO - DAG(s) 'dbt_snowflake_pipeline' retrieved from /home/khaled/airflow/dags/dbt_snowflake_dag.py
[2025-10-24T15:07:29.856+0000] {logging_mixin.py:188} INFO - [2025-10-24T15:07:29.856+0000] {dag.py:3089} INFO - Sync 1 DAGs
[2025-10-24T15:07:29.869+0000] {logging_mixin.py:188} INFO - [2025-10-24T15:07:29.869+0000] {dag.py:3947} INFO - Setting next_dagrun for dbt_snowflake_pipeline to 2025-10-24 00:00:00+00:00, run_after=2025-10-25 00:00:00+00:00
[2025-10-24T15:07:29.886+0000] {processor.py:183} INFO - Processing /home/khaled/airflow/dags/dbt_snowflake_dag.py took 0.054 seconds
[2025-10-24T15:08:26.588+0000] {processor.py:161} INFO - Started process (PID=11299) to work on /home/khaled/airflow/dags/dbt_snowflake_dag.py
[2025-10-24T15:08:26.589+0000] {processor.py:830} INFO - Processing file /home/khaled/airflow/dags/dbt_snowflake_dag.py for tasks to queue
[2025-10-24T15:08:26.591+0000] {logging_mixin.py:188} INFO - [2025-10-24T15:08:26.590+0000] {dagbag.py:545} INFO - Filling up the DagBag from /home/khaled/airflow/dags/dbt_snowflake_dag.py
[2025-10-24T15:08:26.596+0000] {processor.py:840} INFO - DAG(s) 'dbt_snowflake_pipeline' retrieved from /home/khaled/airflow/dags/dbt_snowflake_dag.py
[2025-10-24T15:08:26.606+0000] {logging_mixin.py:188} INFO - [2025-10-24T15:08:26.606+0000] {dag.py:3089} INFO - Sync 1 DAGs
[2025-10-24T15:08:26.618+0000] {logging_mixin.py:188} INFO - [2025-10-24T15:08:26.618+0000] {dag.py:3947} INFO - Setting next_dagrun for dbt_snowflake_pipeline to 2025-10-24 00:00:00+00:00, run_after=2025-10-25 00:00:00+00:00
[2025-10-24T15:08:26.647+0000] {processor.py:183} INFO - Processing /home/khaled/airflow/dags/dbt_snowflake_dag.py took 0.063 seconds
[2025-10-24T15:09:49.107+0000] {processor.py:161} INFO - Started process (PID=11383) to work on /home/khaled/airflow/dags/dbt_snowflake_dag.py
[2025-10-24T15:09:49.108+0000] {processor.py:830} INFO - Processing file /home/khaled/airflow/dags/dbt_snowflake_dag.py for tasks to queue
[2025-10-24T15:09:49.109+0000] {logging_mixin.py:188} INFO - [2025-10-24T15:09:49.109+0000] {dagbag.py:545} INFO - Filling up the DagBag from /home/khaled/airflow/dags/dbt_snowflake_dag.py
[2025-10-24T15:09:49.116+0000] {processor.py:840} INFO - DAG(s) 'dbt_snowflake_pipeline' retrieved from /home/khaled/airflow/dags/dbt_snowflake_dag.py
[2025-10-24T15:09:49.126+0000] {logging_mixin.py:188} INFO - [2025-10-24T15:09:49.125+0000] {dag.py:3089} INFO - Sync 1 DAGs
[2025-10-24T15:09:49.138+0000] {logging_mixin.py:188} INFO - [2025-10-24T15:09:49.138+0000] {dag.py:3947} INFO - Setting next_dagrun for dbt_snowflake_pipeline to 2025-10-24 00:00:00+00:00, run_after=2025-10-25 00:00:00+00:00
[2025-10-24T15:09:49.169+0000] {processor.py:183} INFO - Processing /home/khaled/airflow/dags/dbt_snowflake_dag.py took 0.066 seconds
[2025-10-24T15:10:48.244+0000] {processor.py:161} INFO - Started process (PID=11481) to work on /home/khaled/airflow/dags/dbt_snowflake_dag.py
[2025-10-24T15:10:48.245+0000] {processor.py:830} INFO - Processing file /home/khaled/airflow/dags/dbt_snowflake_dag.py for tasks to queue
[2025-10-24T15:10:48.247+0000] {logging_mixin.py:188} INFO - [2025-10-24T15:10:48.247+0000] {dagbag.py:545} INFO - Filling up the DagBag from /home/khaled/airflow/dags/dbt_snowflake_dag.py
[2025-10-24T15:10:48.254+0000] {processor.py:840} INFO - DAG(s) 'dbt_snowflake_pipeline' retrieved from /home/khaled/airflow/dags/dbt_snowflake_dag.py
[2025-10-24T15:10:48.265+0000] {logging_mixin.py:188} INFO - [2025-10-24T15:10:48.264+0000] {dag.py:3089} INFO - Sync 1 DAGs
[2025-10-24T15:10:48.279+0000] {logging_mixin.py:188} INFO - [2025-10-24T15:10:48.279+0000] {dag.py:3947} INFO - Setting next_dagrun for dbt_snowflake_pipeline to 2025-10-24 00:00:00+00:00, run_after=2025-10-25 00:00:00+00:00
[2025-10-24T15:10:48.310+0000] {processor.py:183} INFO - Processing /home/khaled/airflow/dags/dbt_snowflake_dag.py took 0.072 seconds
[2025-10-24T15:11:57.409+0000] {processor.py:161} INFO - Started process (PID=11547) to work on /home/khaled/airflow/dags/dbt_snowflake_dag.py
[2025-10-24T15:11:57.410+0000] {processor.py:830} INFO - Processing file /home/khaled/airflow/dags/dbt_snowflake_dag.py for tasks to queue
[2025-10-24T15:11:57.412+0000] {logging_mixin.py:188} INFO - [2025-10-24T15:11:57.411+0000] {dagbag.py:545} INFO - Filling up the DagBag from /home/khaled/airflow/dags/dbt_snowflake_dag.py
[2025-10-24T15:11:57.417+0000] {processor.py:840} INFO - DAG(s) 'dbt_snowflake_pipeline' retrieved from /home/khaled/airflow/dags/dbt_snowflake_dag.py
[2025-10-24T15:11:57.427+0000] {logging_mixin.py:188} INFO - [2025-10-24T15:11:57.427+0000] {dag.py:3089} INFO - Sync 1 DAGs
[2025-10-24T15:11:57.439+0000] {logging_mixin.py:188} INFO - [2025-10-24T15:11:57.439+0000] {dag.py:3947} INFO - Setting next_dagrun for dbt_snowflake_pipeline to 2025-10-24 00:00:00+00:00, run_after=2025-10-25 00:00:00+00:00
[2025-10-24T15:11:57.470+0000] {processor.py:183} INFO - Processing /home/khaled/airflow/dags/dbt_snowflake_dag.py took 0.066 seconds
[2025-10-24T15:12:56.985+0000] {processor.py:161} INFO - Started process (PID=11609) to work on /home/khaled/airflow/dags/dbt_snowflake_dag.py
[2025-10-24T15:12:56.987+0000] {processor.py:830} INFO - Processing file /home/khaled/airflow/dags/dbt_snowflake_dag.py for tasks to queue
[2025-10-24T15:12:56.989+0000] {logging_mixin.py:188} INFO - [2025-10-24T15:12:56.988+0000] {dagbag.py:545} INFO - Filling up the DagBag from /home/khaled/airflow/dags/dbt_snowflake_dag.py
[2025-10-24T15:12:56.995+0000] {processor.py:840} INFO - DAG(s) 'dbt_snowflake_pipeline' retrieved from /home/khaled/airflow/dags/dbt_snowflake_dag.py
[2025-10-24T15:12:57.005+0000] {logging_mixin.py:188} INFO - [2025-10-24T15:12:57.005+0000] {dag.py:3089} INFO - Sync 1 DAGs
[2025-10-24T15:12:57.017+0000] {logging_mixin.py:188} INFO - [2025-10-24T15:12:57.017+0000] {dag.py:3947} INFO - Setting next_dagrun for dbt_snowflake_pipeline to 2025-10-24 00:00:00+00:00, run_after=2025-10-25 00:00:00+00:00
[2025-10-24T15:12:57.047+0000] {processor.py:183} INFO - Processing /home/khaled/airflow/dags/dbt_snowflake_dag.py took 0.068 seconds
[2025-10-24T15:14:03.993+0000] {processor.py:161} INFO - Started process (PID=11673) to work on /home/khaled/airflow/dags/dbt_snowflake_dag.py
[2025-10-24T15:14:03.994+0000] {processor.py:830} INFO - Processing file /home/khaled/airflow/dags/dbt_snowflake_dag.py for tasks to queue
[2025-10-24T15:14:03.996+0000] {logging_mixin.py:188} INFO - [2025-10-24T15:14:03.995+0000] {dagbag.py:545} INFO - Filling up the DagBag from /home/khaled/airflow/dags/dbt_snowflake_dag.py
[2025-10-24T15:14:04.005+0000] {processor.py:840} INFO - DAG(s) 'dbt_snowflake_pipeline' retrieved from /home/khaled/airflow/dags/dbt_snowflake_dag.py
[2025-10-24T15:14:04.015+0000] {logging_mixin.py:188} INFO - [2025-10-24T15:14:04.015+0000] {dag.py:3089} INFO - Sync 1 DAGs
[2025-10-24T15:14:04.029+0000] {logging_mixin.py:188} INFO - [2025-10-24T15:14:04.029+0000] {dag.py:3947} INFO - Setting next_dagrun for dbt_snowflake_pipeline to 2025-10-24 00:00:00+00:00, run_after=2025-10-25 00:00:00+00:00
[2025-10-24T15:14:04.058+0000] {processor.py:183} INFO - Processing /home/khaled/airflow/dags/dbt_snowflake_dag.py took 0.071 seconds
[2025-10-24T15:15:06.466+0000] {processor.py:161} INFO - Started process (PID=11746) to work on /home/khaled/airflow/dags/dbt_snowflake_dag.py
[2025-10-24T15:15:06.467+0000] {processor.py:830} INFO - Processing file /home/khaled/airflow/dags/dbt_snowflake_dag.py for tasks to queue
[2025-10-24T15:15:06.468+0000] {logging_mixin.py:188} INFO - [2025-10-24T15:15:06.468+0000] {dagbag.py:545} INFO - Filling up the DagBag from /home/khaled/airflow/dags/dbt_snowflake_dag.py
[2025-10-24T15:15:06.475+0000] {processor.py:840} INFO - DAG(s) 'dbt_snowflake_pipeline' retrieved from /home/khaled/airflow/dags/dbt_snowflake_dag.py
[2025-10-24T15:15:06.487+0000] {logging_mixin.py:188} INFO - [2025-10-24T15:15:06.487+0000] {dag.py:3089} INFO - Sync 1 DAGs
[2025-10-24T15:15:06.501+0000] {logging_mixin.py:188} INFO - [2025-10-24T15:15:06.501+0000] {dag.py:3947} INFO - Setting next_dagrun for dbt_snowflake_pipeline to 2025-10-24 00:00:00+00:00, run_after=2025-10-25 00:00:00+00:00
[2025-10-24T15:15:06.532+0000] {processor.py:183} INFO - Processing /home/khaled/airflow/dags/dbt_snowflake_dag.py took 0.071 seconds
[2025-10-24T15:16:14.493+0000] {processor.py:161} INFO - Started process (PID=11836) to work on /home/khaled/airflow/dags/dbt_snowflake_dag.py
[2025-10-24T15:16:14.494+0000] {processor.py:830} INFO - Processing file /home/khaled/airflow/dags/dbt_snowflake_dag.py for tasks to queue
[2025-10-24T15:16:14.496+0000] {logging_mixin.py:188} INFO - [2025-10-24T15:16:14.495+0000] {dagbag.py:545} INFO - Filling up the DagBag from /home/khaled/airflow/dags/dbt_snowflake_dag.py
[2025-10-24T15:16:14.501+0000] {processor.py:840} INFO - DAG(s) 'dbt_snowflake_pipeline' retrieved from /home/khaled/airflow/dags/dbt_snowflake_dag.py
[2025-10-24T15:16:14.512+0000] {logging_mixin.py:188} INFO - [2025-10-24T15:16:14.511+0000] {dag.py:3089} INFO - Sync 1 DAGs
[2025-10-24T15:16:14.525+0000] {logging_mixin.py:188} INFO - [2025-10-24T15:16:14.525+0000] {dag.py:3947} INFO - Setting next_dagrun for dbt_snowflake_pipeline to 2025-10-24 00:00:00+00:00, run_after=2025-10-25 00:00:00+00:00
[2025-10-24T15:16:14.556+0000] {processor.py:183} INFO - Processing /home/khaled/airflow/dags/dbt_snowflake_dag.py took 0.068 seconds
[2025-10-24T15:17:21.717+0000] {processor.py:161} INFO - Started process (PID=11908) to work on /home/khaled/airflow/dags/dbt_snowflake_dag.py
[2025-10-24T15:17:21.718+0000] {processor.py:830} INFO - Processing file /home/khaled/airflow/dags/dbt_snowflake_dag.py for tasks to queue
[2025-10-24T15:17:21.720+0000] {logging_mixin.py:188} INFO - [2025-10-24T15:17:21.719+0000] {dagbag.py:545} INFO - Filling up the DagBag from /home/khaled/airflow/dags/dbt_snowflake_dag.py
[2025-10-24T15:17:21.726+0000] {processor.py:840} INFO - DAG(s) 'dbt_snowflake_pipeline' retrieved from /home/khaled/airflow/dags/dbt_snowflake_dag.py
[2025-10-24T15:17:21.736+0000] {logging_mixin.py:188} INFO - [2025-10-24T15:17:21.736+0000] {dag.py:3089} INFO - Sync 1 DAGs
[2025-10-24T15:17:21.749+0000] {logging_mixin.py:188} INFO - [2025-10-24T15:17:21.748+0000] {dag.py:3947} INFO - Setting next_dagrun for dbt_snowflake_pipeline to 2025-10-24 00:00:00+00:00, run_after=2025-10-25 00:00:00+00:00
[2025-10-24T15:17:21.779+0000] {processor.py:183} INFO - Processing /home/khaled/airflow/dags/dbt_snowflake_dag.py took 0.068 seconds
[2025-10-24T15:18:37.169+0000] {processor.py:161} INFO - Started process (PID=11993) to work on /home/khaled/airflow/dags/dbt_snowflake_dag.py
[2025-10-24T15:18:37.170+0000] {processor.py:830} INFO - Processing file /home/khaled/airflow/dags/dbt_snowflake_dag.py for tasks to queue
[2025-10-24T15:18:37.172+0000] {logging_mixin.py:188} INFO - [2025-10-24T15:18:37.171+0000] {dagbag.py:545} INFO - Filling up the DagBag from /home/khaled/airflow/dags/dbt_snowflake_dag.py
[2025-10-24T15:18:37.178+0000] {processor.py:840} INFO - DAG(s) 'dbt_snowflake_pipeline' retrieved from /home/khaled/airflow/dags/dbt_snowflake_dag.py
[2025-10-24T15:18:37.188+0000] {logging_mixin.py:188} INFO - [2025-10-24T15:18:37.188+0000] {dag.py:3089} INFO - Sync 1 DAGs
[2025-10-24T15:18:37.200+0000] {logging_mixin.py:188} INFO - [2025-10-24T15:18:37.200+0000] {dag.py:3947} INFO - Setting next_dagrun for dbt_snowflake_pipeline to 2025-10-24 00:00:00+00:00, run_after=2025-10-25 00:00:00+00:00
[2025-10-24T15:18:37.229+0000] {processor.py:183} INFO - Processing /home/khaled/airflow/dags/dbt_snowflake_dag.py took 0.063 seconds
[2025-10-24T15:20:00.896+0000] {processor.py:161} INFO - Started process (PID=12082) to work on /home/khaled/airflow/dags/dbt_snowflake_dag.py
[2025-10-24T15:20:00.898+0000] {processor.py:830} INFO - Processing file /home/khaled/airflow/dags/dbt_snowflake_dag.py for tasks to queue
[2025-10-24T15:20:00.899+0000] {logging_mixin.py:188} INFO - [2025-10-24T15:20:00.899+0000] {dagbag.py:545} INFO - Filling up the DagBag from /home/khaled/airflow/dags/dbt_snowflake_dag.py
[2025-10-24T15:20:00.905+0000] {processor.py:840} INFO - DAG(s) 'dbt_snowflake_pipeline' retrieved from /home/khaled/airflow/dags/dbt_snowflake_dag.py
[2025-10-24T15:20:00.916+0000] {logging_mixin.py:188} INFO - [2025-10-24T15:20:00.916+0000] {dag.py:3089} INFO - Sync 1 DAGs
[2025-10-24T15:20:00.929+0000] {logging_mixin.py:188} INFO - [2025-10-24T15:20:00.929+0000] {dag.py:3947} INFO - Setting next_dagrun for dbt_snowflake_pipeline to 2025-10-24 00:00:00+00:00, run_after=2025-10-25 00:00:00+00:00
[2025-10-24T15:20:00.962+0000] {processor.py:183} INFO - Processing /home/khaled/airflow/dags/dbt_snowflake_dag.py took 0.069 seconds
[2025-10-24T15:21:30.881+0000] {processor.py:161} INFO - Started process (PID=12208) to work on /home/khaled/airflow/dags/dbt_snowflake_dag.py
[2025-10-24T15:21:30.892+0000] {processor.py:830} INFO - Processing file /home/khaled/airflow/dags/dbt_snowflake_dag.py for tasks to queue
[2025-10-24T15:21:30.895+0000] {logging_mixin.py:188} INFO - [2025-10-24T15:21:30.895+0000] {dagbag.py:545} INFO - Filling up the DagBag from /home/khaled/airflow/dags/dbt_snowflake_dag.py
[2025-10-24T15:21:30.903+0000] {processor.py:840} INFO - DAG(s) 'dbt_snowflake_pipeline' retrieved from /home/khaled/airflow/dags/dbt_snowflake_dag.py
[2025-10-24T15:21:30.914+0000] {logging_mixin.py:188} INFO - [2025-10-24T15:21:30.914+0000] {dag.py:3089} INFO - Sync 1 DAGs
[2025-10-24T15:21:30.929+0000] {logging_mixin.py:188} INFO - [2025-10-24T15:21:30.929+0000] {dag.py:3947} INFO - Setting next_dagrun for dbt_snowflake_pipeline to 2025-10-24 00:00:00+00:00, run_after=2025-10-25 00:00:00+00:00
[2025-10-24T15:21:30.948+0000] {processor.py:183} INFO - Processing /home/khaled/airflow/dags/dbt_snowflake_dag.py took 0.071 seconds
[2025-10-24T15:22:36.375+0000] {processor.py:161} INFO - Started process (PID=12275) to work on /home/khaled/airflow/dags/dbt_snowflake_dag.py
[2025-10-24T15:22:36.377+0000] {processor.py:830} INFO - Processing file /home/khaled/airflow/dags/dbt_snowflake_dag.py for tasks to queue
[2025-10-24T15:22:36.378+0000] {logging_mixin.py:188} INFO - [2025-10-24T15:22:36.378+0000] {dagbag.py:545} INFO - Filling up the DagBag from /home/khaled/airflow/dags/dbt_snowflake_dag.py
[2025-10-24T15:22:36.384+0000] {processor.py:840} INFO - DAG(s) 'dbt_snowflake_pipeline' retrieved from /home/khaled/airflow/dags/dbt_snowflake_dag.py
[2025-10-24T15:22:36.394+0000] {logging_mixin.py:188} INFO - [2025-10-24T15:22:36.394+0000] {dag.py:3089} INFO - Sync 1 DAGs
[2025-10-24T15:22:36.407+0000] {logging_mixin.py:188} INFO - [2025-10-24T15:22:36.407+0000] {dag.py:3947} INFO - Setting next_dagrun for dbt_snowflake_pipeline to 2025-10-24 00:00:00+00:00, run_after=2025-10-25 00:00:00+00:00
[2025-10-24T15:22:36.436+0000] {processor.py:183} INFO - Processing /home/khaled/airflow/dags/dbt_snowflake_dag.py took 0.065 seconds
[2025-10-24T15:23:40.312+0000] {processor.py:161} INFO - Started process (PID=12336) to work on /home/khaled/airflow/dags/dbt_snowflake_dag.py
[2025-10-24T15:23:40.314+0000] {processor.py:830} INFO - Processing file /home/khaled/airflow/dags/dbt_snowflake_dag.py for tasks to queue
[2025-10-24T15:23:40.315+0000] {logging_mixin.py:188} INFO - [2025-10-24T15:23:40.315+0000] {dagbag.py:545} INFO - Filling up the DagBag from /home/khaled/airflow/dags/dbt_snowflake_dag.py
[2025-10-24T15:23:40.322+0000] {processor.py:840} INFO - DAG(s) 'dbt_snowflake_pipeline' retrieved from /home/khaled/airflow/dags/dbt_snowflake_dag.py
[2025-10-24T15:23:40.333+0000] {logging_mixin.py:188} INFO - [2025-10-24T15:23:40.333+0000] {dag.py:3089} INFO - Sync 1 DAGs
[2025-10-24T15:23:40.347+0000] {logging_mixin.py:188} INFO - [2025-10-24T15:23:40.347+0000] {dag.py:3947} INFO - Setting next_dagrun for dbt_snowflake_pipeline to 2025-10-24 00:00:00+00:00, run_after=2025-10-25 00:00:00+00:00
[2025-10-24T15:23:40.380+0000] {processor.py:183} INFO - Processing /home/khaled/airflow/dags/dbt_snowflake_dag.py took 0.072 seconds
[2025-10-24T15:24:40.247+0000] {processor.py:161} INFO - Started process (PID=12401) to work on /home/khaled/airflow/dags/dbt_snowflake_dag.py
[2025-10-24T15:24:40.248+0000] {processor.py:830} INFO - Processing file /home/khaled/airflow/dags/dbt_snowflake_dag.py for tasks to queue
[2025-10-24T15:24:40.249+0000] {logging_mixin.py:188} INFO - [2025-10-24T15:24:40.249+0000] {dagbag.py:545} INFO - Filling up the DagBag from /home/khaled/airflow/dags/dbt_snowflake_dag.py
[2025-10-24T15:24:40.256+0000] {processor.py:840} INFO - DAG(s) 'dbt_snowflake_pipeline' retrieved from /home/khaled/airflow/dags/dbt_snowflake_dag.py
[2025-10-24T15:24:40.267+0000] {logging_mixin.py:188} INFO - [2025-10-24T15:24:40.267+0000] {dag.py:3089} INFO - Sync 1 DAGs
[2025-10-24T15:24:40.281+0000] {logging_mixin.py:188} INFO - [2025-10-24T15:24:40.281+0000] {dag.py:3947} INFO - Setting next_dagrun for dbt_snowflake_pipeline to 2025-10-24 00:00:00+00:00, run_after=2025-10-25 00:00:00+00:00
[2025-10-24T15:24:40.309+0000] {processor.py:183} INFO - Processing /home/khaled/airflow/dags/dbt_snowflake_dag.py took 0.068 seconds
[2025-10-24T15:25:42.032+0000] {processor.py:161} INFO - Started process (PID=12498) to work on /home/khaled/airflow/dags/dbt_snowflake_dag.py
[2025-10-24T15:25:42.034+0000] {processor.py:830} INFO - Processing file /home/khaled/airflow/dags/dbt_snowflake_dag.py for tasks to queue
[2025-10-24T15:25:42.035+0000] {logging_mixin.py:188} INFO - [2025-10-24T15:25:42.035+0000] {dagbag.py:545} INFO - Filling up the DagBag from /home/khaled/airflow/dags/dbt_snowflake_dag.py
[2025-10-24T15:25:42.041+0000] {processor.py:840} INFO - DAG(s) 'dbt_snowflake_pipeline' retrieved from /home/khaled/airflow/dags/dbt_snowflake_dag.py
[2025-10-24T15:25:42.051+0000] {logging_mixin.py:188} INFO - [2025-10-24T15:25:42.050+0000] {dag.py:3089} INFO - Sync 1 DAGs
[2025-10-24T15:25:42.064+0000] {logging_mixin.py:188} INFO - [2025-10-24T15:25:42.064+0000] {dag.py:3947} INFO - Setting next_dagrun for dbt_snowflake_pipeline to 2025-10-24 00:00:00+00:00, run_after=2025-10-25 00:00:00+00:00
[2025-10-24T15:25:42.081+0000] {processor.py:183} INFO - Processing /home/khaled/airflow/dags/dbt_snowflake_dag.py took 0.054 seconds
[2025-10-24T15:26:54.274+0000] {processor.py:161} INFO - Started process (PID=12567) to work on /home/khaled/airflow/dags/dbt_snowflake_dag.py
[2025-10-24T15:26:54.275+0000] {processor.py:830} INFO - Processing file /home/khaled/airflow/dags/dbt_snowflake_dag.py for tasks to queue
[2025-10-24T15:26:54.276+0000] {logging_mixin.py:188} INFO - [2025-10-24T15:26:54.276+0000] {dagbag.py:545} INFO - Filling up the DagBag from /home/khaled/airflow/dags/dbt_snowflake_dag.py
[2025-10-24T15:26:54.282+0000] {processor.py:840} INFO - DAG(s) 'dbt_snowflake_pipeline' retrieved from /home/khaled/airflow/dags/dbt_snowflake_dag.py
[2025-10-24T15:26:54.293+0000] {logging_mixin.py:188} INFO - [2025-10-24T15:26:54.292+0000] {dag.py:3089} INFO - Sync 1 DAGs
[2025-10-24T15:26:54.306+0000] {logging_mixin.py:188} INFO - [2025-10-24T15:26:54.305+0000] {dag.py:3947} INFO - Setting next_dagrun for dbt_snowflake_pipeline to 2025-10-24 00:00:00+00:00, run_after=2025-10-25 00:00:00+00:00
[2025-10-24T15:26:54.339+0000] {processor.py:183} INFO - Processing /home/khaled/airflow/dags/dbt_snowflake_dag.py took 0.071 seconds
[2025-10-24T15:28:08.349+0000] {processor.py:161} INFO - Started process (PID=12640) to work on /home/khaled/airflow/dags/dbt_snowflake_dag.py
[2025-10-24T15:28:08.359+0000] {processor.py:830} INFO - Processing file /home/khaled/airflow/dags/dbt_snowflake_dag.py for tasks to queue
[2025-10-24T15:28:08.361+0000] {logging_mixin.py:188} INFO - [2025-10-24T15:28:08.360+0000] {dagbag.py:545} INFO - Filling up the DagBag from /home/khaled/airflow/dags/dbt_snowflake_dag.py
[2025-10-24T15:28:08.367+0000] {processor.py:840} INFO - DAG(s) 'dbt_snowflake_pipeline' retrieved from /home/khaled/airflow/dags/dbt_snowflake_dag.py
[2025-10-24T15:28:08.376+0000] {logging_mixin.py:188} INFO - [2025-10-24T15:28:08.376+0000] {dag.py:3089} INFO - Sync 1 DAGs
[2025-10-24T15:28:08.389+0000] {logging_mixin.py:188} INFO - [2025-10-24T15:28:08.389+0000] {dag.py:3947} INFO - Setting next_dagrun for dbt_snowflake_pipeline to 2025-10-24 00:00:00+00:00, run_after=2025-10-25 00:00:00+00:00
[2025-10-24T15:28:08.406+0000] {processor.py:183} INFO - Processing /home/khaled/airflow/dags/dbt_snowflake_dag.py took 0.063 seconds
[2025-10-24T15:29:09.848+0000] {processor.py:161} INFO - Started process (PID=12705) to work on /home/khaled/airflow/dags/dbt_snowflake_dag.py
[2025-10-24T15:29:09.849+0000] {processor.py:830} INFO - Processing file /home/khaled/airflow/dags/dbt_snowflake_dag.py for tasks to queue
[2025-10-24T15:29:09.851+0000] {logging_mixin.py:188} INFO - [2025-10-24T15:29:09.851+0000] {dagbag.py:545} INFO - Filling up the DagBag from /home/khaled/airflow/dags/dbt_snowflake_dag.py
[2025-10-24T15:29:09.857+0000] {processor.py:840} INFO - DAG(s) 'dbt_snowflake_pipeline' retrieved from /home/khaled/airflow/dags/dbt_snowflake_dag.py
[2025-10-24T15:29:09.867+0000] {logging_mixin.py:188} INFO - [2025-10-24T15:29:09.867+0000] {dag.py:3089} INFO - Sync 1 DAGs
[2025-10-24T15:29:09.879+0000] {logging_mixin.py:188} INFO - [2025-10-24T15:29:09.879+0000] {dag.py:3947} INFO - Setting next_dagrun for dbt_snowflake_pipeline to 2025-10-24 00:00:00+00:00, run_after=2025-10-25 00:00:00+00:00
[2025-10-24T15:29:09.908+0000] {processor.py:183} INFO - Processing /home/khaled/airflow/dags/dbt_snowflake_dag.py took 0.064 seconds
[2025-10-24T15:30:13.526+0000] {processor.py:161} INFO - Started process (PID=12772) to work on /home/khaled/airflow/dags/dbt_snowflake_dag.py
[2025-10-24T15:30:13.527+0000] {processor.py:830} INFO - Processing file /home/khaled/airflow/dags/dbt_snowflake_dag.py for tasks to queue
[2025-10-24T15:30:13.529+0000] {logging_mixin.py:188} INFO - [2025-10-24T15:30:13.528+0000] {dagbag.py:545} INFO - Filling up the DagBag from /home/khaled/airflow/dags/dbt_snowflake_dag.py
[2025-10-24T15:30:13.535+0000] {processor.py:840} INFO - DAG(s) 'dbt_snowflake_pipeline' retrieved from /home/khaled/airflow/dags/dbt_snowflake_dag.py
[2025-10-24T15:30:13.545+0000] {logging_mixin.py:188} INFO - [2025-10-24T15:30:13.544+0000] {dag.py:3089} INFO - Sync 1 DAGs
[2025-10-24T15:30:13.557+0000] {logging_mixin.py:188} INFO - [2025-10-24T15:30:13.557+0000] {dag.py:3947} INFO - Setting next_dagrun for dbt_snowflake_pipeline to 2025-10-24 00:00:00+00:00, run_after=2025-10-25 00:00:00+00:00
[2025-10-24T15:30:13.588+0000] {processor.py:183} INFO - Processing /home/khaled/airflow/dags/dbt_snowflake_dag.py took 0.066 seconds
[2025-10-24T15:31:32.355+0000] {processor.py:161} INFO - Started process (PID=12874) to work on /home/khaled/airflow/dags/dbt_snowflake_dag.py
[2025-10-24T15:31:32.357+0000] {processor.py:830} INFO - Processing file /home/khaled/airflow/dags/dbt_snowflake_dag.py for tasks to queue
[2025-10-24T15:31:32.358+0000] {logging_mixin.py:188} INFO - [2025-10-24T15:31:32.358+0000] {dagbag.py:545} INFO - Filling up the DagBag from /home/khaled/airflow/dags/dbt_snowflake_dag.py
[2025-10-24T15:31:32.364+0000] {processor.py:840} INFO - DAG(s) 'dbt_snowflake_pipeline' retrieved from /home/khaled/airflow/dags/dbt_snowflake_dag.py
[2025-10-24T15:31:32.374+0000] {logging_mixin.py:188} INFO - [2025-10-24T15:31:32.374+0000] {dag.py:3089} INFO - Sync 1 DAGs
[2025-10-24T15:31:32.387+0000] {logging_mixin.py:188} INFO - [2025-10-24T15:31:32.387+0000] {dag.py:3947} INFO - Setting next_dagrun for dbt_snowflake_pipeline to 2025-10-24 00:00:00+00:00, run_after=2025-10-25 00:00:00+00:00
[2025-10-24T15:31:32.407+0000] {processor.py:183} INFO - Processing /home/khaled/airflow/dags/dbt_snowflake_dag.py took 0.059 seconds
[2025-10-24T15:32:34.607+0000] {processor.py:161} INFO - Started process (PID=12940) to work on /home/khaled/airflow/dags/dbt_snowflake_dag.py
[2025-10-24T15:32:34.609+0000] {processor.py:830} INFO - Processing file /home/khaled/airflow/dags/dbt_snowflake_dag.py for tasks to queue
[2025-10-24T15:32:34.610+0000] {logging_mixin.py:188} INFO - [2025-10-24T15:32:34.610+0000] {dagbag.py:545} INFO - Filling up the DagBag from /home/khaled/airflow/dags/dbt_snowflake_dag.py
[2025-10-24T15:32:34.616+0000] {processor.py:840} INFO - DAG(s) 'dbt_snowflake_pipeline' retrieved from /home/khaled/airflow/dags/dbt_snowflake_dag.py
[2025-10-24T15:32:34.626+0000] {logging_mixin.py:188} INFO - [2025-10-24T15:32:34.625+0000] {dag.py:3089} INFO - Sync 1 DAGs
[2025-10-24T15:32:34.638+0000] {logging_mixin.py:188} INFO - [2025-10-24T15:32:34.638+0000] {dag.py:3947} INFO - Setting next_dagrun for dbt_snowflake_pipeline to 2025-10-24 00:00:00+00:00, run_after=2025-10-25 00:00:00+00:00
[2025-10-24T15:32:34.667+0000] {processor.py:183} INFO - Processing /home/khaled/airflow/dags/dbt_snowflake_dag.py took 0.065 seconds
[2025-10-24T15:33:59.545+0000] {processor.py:161} INFO - Started process (PID=13035) to work on /home/khaled/airflow/dags/dbt_snowflake_dag.py
[2025-10-24T15:33:59.546+0000] {processor.py:830} INFO - Processing file /home/khaled/airflow/dags/dbt_snowflake_dag.py for tasks to queue
[2025-10-24T15:33:59.548+0000] {logging_mixin.py:188} INFO - [2025-10-24T15:33:59.547+0000] {dagbag.py:545} INFO - Filling up the DagBag from /home/khaled/airflow/dags/dbt_snowflake_dag.py
[2025-10-24T15:33:59.554+0000] {processor.py:840} INFO - DAG(s) 'dbt_snowflake_pipeline' retrieved from /home/khaled/airflow/dags/dbt_snowflake_dag.py
[2025-10-24T15:33:59.566+0000] {logging_mixin.py:188} INFO - [2025-10-24T15:33:59.565+0000] {dag.py:3089} INFO - Sync 1 DAGs
[2025-10-24T15:33:59.582+0000] {logging_mixin.py:188} INFO - [2025-10-24T15:33:59.582+0000] {dag.py:3947} INFO - Setting next_dagrun for dbt_snowflake_pipeline to 2025-10-24 00:00:00+00:00, run_after=2025-10-25 00:00:00+00:00
[2025-10-24T15:33:59.616+0000] {processor.py:183} INFO - Processing /home/khaled/airflow/dags/dbt_snowflake_dag.py took 0.076 seconds
[2025-10-24T15:35:30.224+0000] {processor.py:161} INFO - Started process (PID=13131) to work on /home/khaled/airflow/dags/dbt_snowflake_dag.py
[2025-10-24T15:35:30.226+0000] {processor.py:830} INFO - Processing file /home/khaled/airflow/dags/dbt_snowflake_dag.py for tasks to queue
[2025-10-24T15:35:30.227+0000] {logging_mixin.py:188} INFO - [2025-10-24T15:35:30.227+0000] {dagbag.py:545} INFO - Filling up the DagBag from /home/khaled/airflow/dags/dbt_snowflake_dag.py
[2025-10-24T15:35:30.233+0000] {processor.py:840} INFO - DAG(s) 'dbt_snowflake_pipeline' retrieved from /home/khaled/airflow/dags/dbt_snowflake_dag.py
[2025-10-24T15:35:30.242+0000] {logging_mixin.py:188} INFO - [2025-10-24T15:35:30.242+0000] {dag.py:3089} INFO - Sync 1 DAGs
[2025-10-24T15:35:30.255+0000] {logging_mixin.py:188} INFO - [2025-10-24T15:35:30.254+0000] {dag.py:3947} INFO - Setting next_dagrun for dbt_snowflake_pipeline to 2025-10-24 00:00:00+00:00, run_after=2025-10-25 00:00:00+00:00
[2025-10-24T15:35:30.285+0000] {processor.py:183} INFO - Processing /home/khaled/airflow/dags/dbt_snowflake_dag.py took 0.064 seconds
[2025-10-24T15:36:44.463+0000] {processor.py:161} INFO - Started process (PID=13226) to work on /home/khaled/airflow/dags/dbt_snowflake_dag.py
[2025-10-24T15:36:44.464+0000] {processor.py:830} INFO - Processing file /home/khaled/airflow/dags/dbt_snowflake_dag.py for tasks to queue
[2025-10-24T15:36:44.466+0000] {logging_mixin.py:188} INFO - [2025-10-24T15:36:44.465+0000] {dagbag.py:545} INFO - Filling up the DagBag from /home/khaled/airflow/dags/dbt_snowflake_dag.py
[2025-10-24T15:36:44.471+0000] {processor.py:840} INFO - DAG(s) 'dbt_snowflake_pipeline' retrieved from /home/khaled/airflow/dags/dbt_snowflake_dag.py
[2025-10-24T15:36:44.481+0000] {logging_mixin.py:188} INFO - [2025-10-24T15:36:44.481+0000] {dag.py:3089} INFO - Sync 1 DAGs
[2025-10-24T15:36:44.494+0000] {logging_mixin.py:188} INFO - [2025-10-24T15:36:44.494+0000] {dag.py:3947} INFO - Setting next_dagrun for dbt_snowflake_pipeline to 2025-10-24 00:00:00+00:00, run_after=2025-10-25 00:00:00+00:00
[2025-10-24T15:36:44.525+0000] {processor.py:183} INFO - Processing /home/khaled/airflow/dags/dbt_snowflake_dag.py took 0.066 seconds
[2025-10-24T15:38:10.117+0000] {processor.py:161} INFO - Started process (PID=13312) to work on /home/khaled/airflow/dags/dbt_snowflake_dag.py
[2025-10-24T15:38:10.118+0000] {processor.py:830} INFO - Processing file /home/khaled/airflow/dags/dbt_snowflake_dag.py for tasks to queue
[2025-10-24T15:38:10.119+0000] {logging_mixin.py:188} INFO - [2025-10-24T15:38:10.119+0000] {dagbag.py:545} INFO - Filling up the DagBag from /home/khaled/airflow/dags/dbt_snowflake_dag.py
[2025-10-24T15:38:10.126+0000] {processor.py:840} INFO - DAG(s) 'dbt_snowflake_pipeline' retrieved from /home/khaled/airflow/dags/dbt_snowflake_dag.py
[2025-10-24T15:38:10.136+0000] {logging_mixin.py:188} INFO - [2025-10-24T15:38:10.136+0000] {dag.py:3089} INFO - Sync 1 DAGs
[2025-10-24T15:38:10.149+0000] {logging_mixin.py:188} INFO - [2025-10-24T15:38:10.149+0000] {dag.py:3947} INFO - Setting next_dagrun for dbt_snowflake_pipeline to 2025-10-24 00:00:00+00:00, run_after=2025-10-25 00:00:00+00:00
[2025-10-24T15:38:10.179+0000] {processor.py:183} INFO - Processing /home/khaled/airflow/dags/dbt_snowflake_dag.py took 0.069 seconds
[2025-10-24T15:39:14.675+0000] {processor.py:161} INFO - Started process (PID=13378) to work on /home/khaled/airflow/dags/dbt_snowflake_dag.py
[2025-10-24T15:39:14.677+0000] {processor.py:830} INFO - Processing file /home/khaled/airflow/dags/dbt_snowflake_dag.py for tasks to queue
[2025-10-24T15:39:14.678+0000] {logging_mixin.py:188} INFO - [2025-10-24T15:39:14.678+0000] {dagbag.py:545} INFO - Filling up the DagBag from /home/khaled/airflow/dags/dbt_snowflake_dag.py
[2025-10-24T15:39:14.683+0000] {processor.py:840} INFO - DAG(s) 'dbt_snowflake_pipeline' retrieved from /home/khaled/airflow/dags/dbt_snowflake_dag.py
[2025-10-24T15:39:14.693+0000] {logging_mixin.py:188} INFO - [2025-10-24T15:39:14.693+0000] {dag.py:3089} INFO - Sync 1 DAGs
[2025-10-24T15:39:14.705+0000] {logging_mixin.py:188} INFO - [2025-10-24T15:39:14.705+0000] {dag.py:3947} INFO - Setting next_dagrun for dbt_snowflake_pipeline to 2025-10-24 00:00:00+00:00, run_after=2025-10-25 00:00:00+00:00
[2025-10-24T15:39:14.736+0000] {processor.py:183} INFO - Processing /home/khaled/airflow/dags/dbt_snowflake_dag.py took 0.066 seconds
[2025-10-24T15:40:16.822+0000] {processor.py:161} INFO - Started process (PID=13445) to work on /home/khaled/airflow/dags/dbt_snowflake_dag.py
[2025-10-24T15:40:16.823+0000] {processor.py:830} INFO - Processing file /home/khaled/airflow/dags/dbt_snowflake_dag.py for tasks to queue
[2025-10-24T15:40:16.824+0000] {logging_mixin.py:188} INFO - [2025-10-24T15:40:16.824+0000] {dagbag.py:545} INFO - Filling up the DagBag from /home/khaled/airflow/dags/dbt_snowflake_dag.py
[2025-10-24T15:40:16.831+0000] {processor.py:840} INFO - DAG(s) 'dbt_snowflake_pipeline' retrieved from /home/khaled/airflow/dags/dbt_snowflake_dag.py
[2025-10-24T15:40:16.840+0000] {logging_mixin.py:188} INFO - [2025-10-24T15:40:16.840+0000] {dag.py:3089} INFO - Sync 1 DAGs
[2025-10-24T15:40:16.853+0000] {logging_mixin.py:188} INFO - [2025-10-24T15:40:16.853+0000] {dag.py:3947} INFO - Setting next_dagrun for dbt_snowflake_pipeline to 2025-10-24 00:00:00+00:00, run_after=2025-10-25 00:00:00+00:00
[2025-10-24T15:40:16.883+0000] {processor.py:183} INFO - Processing /home/khaled/airflow/dags/dbt_snowflake_dag.py took 0.067 seconds
[2025-10-24T15:41:21.538+0000] {processor.py:161} INFO - Started process (PID=13543) to work on /home/khaled/airflow/dags/dbt_snowflake_dag.py
[2025-10-24T15:41:21.539+0000] {processor.py:830} INFO - Processing file /home/khaled/airflow/dags/dbt_snowflake_dag.py for tasks to queue
[2025-10-24T15:41:21.541+0000] {logging_mixin.py:188} INFO - [2025-10-24T15:41:21.540+0000] {dagbag.py:545} INFO - Filling up the DagBag from /home/khaled/airflow/dags/dbt_snowflake_dag.py
[2025-10-24T15:41:21.547+0000] {processor.py:840} INFO - DAG(s) 'dbt_snowflake_pipeline' retrieved from /home/khaled/airflow/dags/dbt_snowflake_dag.py
[2025-10-24T15:41:21.556+0000] {logging_mixin.py:188} INFO - [2025-10-24T15:41:21.556+0000] {dag.py:3089} INFO - Sync 1 DAGs
[2025-10-24T15:41:21.569+0000] {logging_mixin.py:188} INFO - [2025-10-24T15:41:21.568+0000] {dag.py:3947} INFO - Setting next_dagrun for dbt_snowflake_pipeline to 2025-10-24 00:00:00+00:00, run_after=2025-10-25 00:00:00+00:00
[2025-10-24T15:41:21.676+0000] {processor.py:183} INFO - Processing /home/khaled/airflow/dags/dbt_snowflake_dag.py took 0.145 seconds
[2025-10-24T15:42:28.567+0000] {processor.py:161} INFO - Started process (PID=13611) to work on /home/khaled/airflow/dags/dbt_snowflake_dag.py
[2025-10-24T15:42:28.568+0000] {processor.py:830} INFO - Processing file /home/khaled/airflow/dags/dbt_snowflake_dag.py for tasks to queue
[2025-10-24T15:42:28.569+0000] {logging_mixin.py:188} INFO - [2025-10-24T15:42:28.569+0000] {dagbag.py:545} INFO - Filling up the DagBag from /home/khaled/airflow/dags/dbt_snowflake_dag.py
[2025-10-24T15:42:28.575+0000] {processor.py:840} INFO - DAG(s) 'dbt_snowflake_pipeline' retrieved from /home/khaled/airflow/dags/dbt_snowflake_dag.py
[2025-10-24T15:42:28.585+0000] {logging_mixin.py:188} INFO - [2025-10-24T15:42:28.585+0000] {dag.py:3089} INFO - Sync 1 DAGs
[2025-10-24T15:42:28.599+0000] {logging_mixin.py:188} INFO - [2025-10-24T15:42:28.598+0000] {dag.py:3947} INFO - Setting next_dagrun for dbt_snowflake_pipeline to 2025-10-24 00:00:00+00:00, run_after=2025-10-25 00:00:00+00:00
[2025-10-24T15:42:28.630+0000] {processor.py:183} INFO - Processing /home/khaled/airflow/dags/dbt_snowflake_dag.py took 0.071 seconds
[2025-10-24T15:43:35.794+0000] {processor.py:161} INFO - Started process (PID=13678) to work on /home/khaled/airflow/dags/dbt_snowflake_dag.py
[2025-10-24T15:43:35.795+0000] {processor.py:830} INFO - Processing file /home/khaled/airflow/dags/dbt_snowflake_dag.py for tasks to queue
[2025-10-24T15:43:35.796+0000] {logging_mixin.py:188} INFO - [2025-10-24T15:43:35.796+0000] {dagbag.py:545} INFO - Filling up the DagBag from /home/khaled/airflow/dags/dbt_snowflake_dag.py
[2025-10-24T15:43:35.802+0000] {processor.py:840} INFO - DAG(s) 'dbt_snowflake_pipeline' retrieved from /home/khaled/airflow/dags/dbt_snowflake_dag.py
[2025-10-24T15:43:35.812+0000] {logging_mixin.py:188} INFO - [2025-10-24T15:43:35.812+0000] {dag.py:3089} INFO - Sync 1 DAGs
[2025-10-24T15:43:35.825+0000] {logging_mixin.py:188} INFO - [2025-10-24T15:43:35.825+0000] {dag.py:3947} INFO - Setting next_dagrun for dbt_snowflake_pipeline to 2025-10-24 00:00:00+00:00, run_after=2025-10-25 00:00:00+00:00
[2025-10-24T15:43:35.857+0000] {processor.py:183} INFO - Processing /home/khaled/airflow/dags/dbt_snowflake_dag.py took 0.067 seconds
