[2025-10-23T11:39:42.499+0000] {processor.py:161} INFO - Started process (PID=5970) to work on /home/khaled/airflow/dags/dbt_snowflake_dag.py
[2025-10-23T11:39:42.500+0000] {processor.py:830} INFO - Processing file /home/khaled/airflow/dags/dbt_snowflake_dag.py for tasks to queue
[2025-10-23T11:39:42.502+0000] {logging_mixin.py:188} INFO - [2025-10-23T11:39:42.501+0000] {dagbag.py:545} INFO - Filling up the DagBag from /home/khaled/airflow/dags/dbt_snowflake_dag.py
[2025-10-23T11:39:42.508+0000] {processor.py:840} INFO - DAG(s) 'dbt_snowflake_pipeline' retrieved from /home/khaled/airflow/dags/dbt_snowflake_dag.py
[2025-10-23T11:39:42.524+0000] {logging_mixin.py:188} INFO - [2025-10-23T11:39:42.524+0000] {dag.py:3089} INFO - Sync 1 DAGs
[2025-10-23T11:39:42.572+0000] {processor.py:183} INFO - Processing /home/khaled/airflow/dags/dbt_snowflake_dag.py took 0.076 seconds
[2025-10-23T11:55:16.538+0000] {processor.py:161} INFO - Started process (PID=9589) to work on /home/khaled/airflow/dags/dbt_snowflake_dag.py
[2025-10-23T11:55:16.540+0000] {processor.py:830} INFO - Processing file /home/khaled/airflow/dags/dbt_snowflake_dag.py for tasks to queue
[2025-10-23T11:55:16.542+0000] {logging_mixin.py:188} INFO - [2025-10-23T11:55:16.541+0000] {dagbag.py:545} INFO - Filling up the DagBag from /home/khaled/airflow/dags/dbt_snowflake_dag.py
[2025-10-23T11:55:16.549+0000] {processor.py:840} INFO - DAG(s) 'dbt_snowflake_pipeline' retrieved from /home/khaled/airflow/dags/dbt_snowflake_dag.py
[2025-10-23T11:55:16.562+0000] {logging_mixin.py:188} INFO - [2025-10-23T11:55:16.562+0000] {dag.py:3089} INFO - Sync 1 DAGs
[2025-10-23T11:55:16.594+0000] {processor.py:183} INFO - Processing /home/khaled/airflow/dags/dbt_snowflake_dag.py took 0.062 seconds
[2025-10-23T11:57:37.705+0000] {processor.py:161} INFO - Started process (PID=10010) to work on /home/khaled/airflow/dags/dbt_snowflake_dag.py
[2025-10-23T11:57:37.707+0000] {processor.py:830} INFO - Processing file /home/khaled/airflow/dags/dbt_snowflake_dag.py for tasks to queue
[2025-10-23T11:57:37.710+0000] {logging_mixin.py:188} INFO - [2025-10-23T11:57:37.709+0000] {dagbag.py:545} INFO - Filling up the DagBag from /home/khaled/airflow/dags/dbt_snowflake_dag.py
[2025-10-23T11:57:37.724+0000] {processor.py:840} INFO - DAG(s) 'dbt_snowflake_pipeline' retrieved from /home/khaled/airflow/dags/dbt_snowflake_dag.py
[2025-10-23T11:57:37.741+0000] {logging_mixin.py:188} INFO - [2025-10-23T11:57:37.740+0000] {dag.py:3089} INFO - Sync 1 DAGs
[2025-10-23T11:57:37.791+0000] {processor.py:183} INFO - Processing /home/khaled/airflow/dags/dbt_snowflake_dag.py took 0.098 seconds
[2025-10-23T11:58:49.625+0000] {processor.py:161} INFO - Started process (PID=10151) to work on /home/khaled/airflow/dags/dbt_snowflake_dag.py
[2025-10-23T11:58:49.644+0000] {processor.py:830} INFO - Processing file /home/khaled/airflow/dags/dbt_snowflake_dag.py for tasks to queue
[2025-10-23T11:58:49.676+0000] {logging_mixin.py:188} INFO - [2025-10-23T11:58:49.669+0000] {dagbag.py:545} INFO - Filling up the DagBag from /home/khaled/airflow/dags/dbt_snowflake_dag.py
[2025-10-23T11:58:49.697+0000] {processor.py:840} INFO - DAG(s) 'dbt_snowflake_pipeline' retrieved from /home/khaled/airflow/dags/dbt_snowflake_dag.py
[2025-10-23T11:58:49.726+0000] {logging_mixin.py:188} INFO - [2025-10-23T11:58:49.725+0000] {dag.py:3089} INFO - Sync 1 DAGs
[2025-10-23T11:58:49.765+0000] {logging_mixin.py:188} INFO - [2025-10-23T11:58:49.765+0000] {dag.py:3947} INFO - Setting next_dagrun for dbt_snowflake_pipeline to 2025-10-23 00:00:00+00:00, run_after=2025-10-24 00:00:00+00:00
[2025-10-23T11:58:49.814+0000] {processor.py:183} INFO - Processing /home/khaled/airflow/dags/dbt_snowflake_dag.py took 0.233 seconds
[2025-10-23T12:00:35.676+0000] {processor.py:161} INFO - Started process (PID=10239) to work on /home/khaled/airflow/dags/dbt_snowflake_dag.py
[2025-10-23T12:00:35.678+0000] {processor.py:830} INFO - Processing file /home/khaled/airflow/dags/dbt_snowflake_dag.py for tasks to queue
[2025-10-23T12:00:35.680+0000] {logging_mixin.py:188} INFO - [2025-10-23T12:00:35.679+0000] {dagbag.py:545} INFO - Filling up the DagBag from /home/khaled/airflow/dags/dbt_snowflake_dag.py
[2025-10-23T12:00:35.686+0000] {processor.py:840} INFO - DAG(s) 'dbt_snowflake_pipeline' retrieved from /home/khaled/airflow/dags/dbt_snowflake_dag.py
[2025-10-23T12:00:35.697+0000] {logging_mixin.py:188} INFO - [2025-10-23T12:00:35.697+0000] {dag.py:3089} INFO - Sync 1 DAGs
[2025-10-23T12:00:35.711+0000] {logging_mixin.py:188} INFO - [2025-10-23T12:00:35.711+0000] {dag.py:3947} INFO - Setting next_dagrun for dbt_snowflake_pipeline to 2025-10-23 00:00:00+00:00, run_after=2025-10-24 00:00:00+00:00
[2025-10-23T12:00:35.730+0000] {processor.py:183} INFO - Processing /home/khaled/airflow/dags/dbt_snowflake_dag.py took 0.059 seconds
[2025-10-23T12:02:14.449+0000] {processor.py:161} INFO - Started process (PID=10617) to work on /home/khaled/airflow/dags/dbt_snowflake_dag.py
[2025-10-23T12:02:14.453+0000] {processor.py:830} INFO - Processing file /home/khaled/airflow/dags/dbt_snowflake_dag.py for tasks to queue
[2025-10-23T12:02:14.456+0000] {logging_mixin.py:188} INFO - [2025-10-23T12:02:14.456+0000] {dagbag.py:545} INFO - Filling up the DagBag from /home/khaled/airflow/dags/dbt_snowflake_dag.py
[2025-10-23T12:02:14.479+0000] {processor.py:840} INFO - DAG(s) 'dbt_snowflake_pipeline' retrieved from /home/khaled/airflow/dags/dbt_snowflake_dag.py
[2025-10-23T12:02:14.507+0000] {logging_mixin.py:188} INFO - [2025-10-23T12:02:14.507+0000] {dag.py:3089} INFO - Sync 1 DAGs
[2025-10-23T12:02:14.524+0000] {logging_mixin.py:188} INFO - [2025-10-23T12:02:14.524+0000] {dag.py:3947} INFO - Setting next_dagrun for dbt_snowflake_pipeline to 2025-10-23 00:00:00+00:00, run_after=2025-10-24 00:00:00+00:00
[2025-10-23T12:02:14.547+0000] {processor.py:183} INFO - Processing /home/khaled/airflow/dags/dbt_snowflake_dag.py took 0.208 seconds
[2025-10-23T12:03:44.404+0000] {processor.py:161} INFO - Started process (PID=10740) to work on /home/khaled/airflow/dags/dbt_snowflake_dag.py
[2025-10-23T12:03:44.416+0000] {processor.py:830} INFO - Processing file /home/khaled/airflow/dags/dbt_snowflake_dag.py for tasks to queue
[2025-10-23T12:03:44.418+0000] {logging_mixin.py:188} INFO - [2025-10-23T12:03:44.417+0000] {dagbag.py:545} INFO - Filling up the DagBag from /home/khaled/airflow/dags/dbt_snowflake_dag.py
[2025-10-23T12:03:44.424+0000] {processor.py:840} INFO - DAG(s) 'dbt_snowflake_pipeline' retrieved from /home/khaled/airflow/dags/dbt_snowflake_dag.py
[2025-10-23T12:03:44.435+0000] {logging_mixin.py:188} INFO - [2025-10-23T12:03:44.435+0000] {dag.py:3089} INFO - Sync 1 DAGs
[2025-10-23T12:03:44.450+0000] {logging_mixin.py:188} INFO - [2025-10-23T12:03:44.450+0000] {dag.py:3947} INFO - Setting next_dagrun for dbt_snowflake_pipeline to 2025-10-23 00:00:00+00:00, run_after=2025-10-24 00:00:00+00:00
[2025-10-23T12:03:44.469+0000] {processor.py:183} INFO - Processing /home/khaled/airflow/dags/dbt_snowflake_dag.py took 0.069 seconds
[2025-10-23T12:04:51.589+0000] {processor.py:161} INFO - Started process (PID=10846) to work on /home/khaled/airflow/dags/dbt_snowflake_dag.py
[2025-10-23T12:04:51.590+0000] {processor.py:830} INFO - Processing file /home/khaled/airflow/dags/dbt_snowflake_dag.py for tasks to queue
[2025-10-23T12:04:51.592+0000] {logging_mixin.py:188} INFO - [2025-10-23T12:04:51.591+0000] {dagbag.py:545} INFO - Filling up the DagBag from /home/khaled/airflow/dags/dbt_snowflake_dag.py
[2025-10-23T12:04:51.598+0000] {processor.py:840} INFO - DAG(s) 'dbt_snowflake_pipeline' retrieved from /home/khaled/airflow/dags/dbt_snowflake_dag.py
[2025-10-23T12:04:51.609+0000] {logging_mixin.py:188} INFO - [2025-10-23T12:04:51.609+0000] {dag.py:3089} INFO - Sync 1 DAGs
[2025-10-23T12:04:51.626+0000] {logging_mixin.py:188} INFO - [2025-10-23T12:04:51.625+0000] {dag.py:3947} INFO - Setting next_dagrun for dbt_snowflake_pipeline to 2025-10-23 00:00:00+00:00, run_after=2025-10-24 00:00:00+00:00
[2025-10-23T12:04:51.647+0000] {processor.py:183} INFO - Processing /home/khaled/airflow/dags/dbt_snowflake_dag.py took 0.062 seconds
[2025-10-23T12:06:00.360+0000] {processor.py:161} INFO - Started process (PID=11243) to work on /home/khaled/airflow/dags/dbt_snowflake_dag.py
[2025-10-23T12:06:00.362+0000] {processor.py:830} INFO - Processing file /home/khaled/airflow/dags/dbt_snowflake_dag.py for tasks to queue
[2025-10-23T12:06:00.363+0000] {logging_mixin.py:188} INFO - [2025-10-23T12:06:00.363+0000] {dagbag.py:545} INFO - Filling up the DagBag from /home/khaled/airflow/dags/dbt_snowflake_dag.py
[2025-10-23T12:06:00.369+0000] {processor.py:840} INFO - DAG(s) 'dbt_snowflake_pipeline' retrieved from /home/khaled/airflow/dags/dbt_snowflake_dag.py
[2025-10-23T12:06:00.379+0000] {logging_mixin.py:188} INFO - [2025-10-23T12:06:00.379+0000] {dag.py:3089} INFO - Sync 1 DAGs
[2025-10-23T12:06:00.396+0000] {logging_mixin.py:188} INFO - [2025-10-23T12:06:00.396+0000] {dag.py:3947} INFO - Setting next_dagrun for dbt_snowflake_pipeline to 2025-10-23 00:00:00+00:00, run_after=2025-10-24 00:00:00+00:00
[2025-10-23T12:06:00.427+0000] {processor.py:183} INFO - Processing /home/khaled/airflow/dags/dbt_snowflake_dag.py took 0.071 seconds
[2025-10-23T12:07:05.116+0000] {processor.py:161} INFO - Started process (PID=11332) to work on /home/khaled/airflow/dags/dbt_snowflake_dag.py
[2025-10-23T12:07:05.118+0000] {processor.py:830} INFO - Processing file /home/khaled/airflow/dags/dbt_snowflake_dag.py for tasks to queue
[2025-10-23T12:07:05.119+0000] {logging_mixin.py:188} INFO - [2025-10-23T12:07:05.119+0000] {dagbag.py:545} INFO - Filling up the DagBag from /home/khaled/airflow/dags/dbt_snowflake_dag.py
[2025-10-23T12:07:05.126+0000] {processor.py:840} INFO - DAG(s) 'dbt_snowflake_pipeline' retrieved from /home/khaled/airflow/dags/dbt_snowflake_dag.py
[2025-10-23T12:07:05.136+0000] {logging_mixin.py:188} INFO - [2025-10-23T12:07:05.136+0000] {dag.py:3089} INFO - Sync 1 DAGs
[2025-10-23T12:07:05.150+0000] {logging_mixin.py:188} INFO - [2025-10-23T12:07:05.149+0000] {dag.py:3947} INFO - Setting next_dagrun for dbt_snowflake_pipeline to 2025-10-23 00:00:00+00:00, run_after=2025-10-24 00:00:00+00:00
[2025-10-23T12:07:05.184+0000] {processor.py:183} INFO - Processing /home/khaled/airflow/dags/dbt_snowflake_dag.py took 0.074 seconds
[2025-10-23T12:08:18.154+0000] {processor.py:161} INFO - Started process (PID=11424) to work on /home/khaled/airflow/dags/dbt_snowflake_dag.py
[2025-10-23T12:08:18.156+0000] {processor.py:830} INFO - Processing file /home/khaled/airflow/dags/dbt_snowflake_dag.py for tasks to queue
[2025-10-23T12:08:18.158+0000] {logging_mixin.py:188} INFO - [2025-10-23T12:08:18.157+0000] {dagbag.py:545} INFO - Filling up the DagBag from /home/khaled/airflow/dags/dbt_snowflake_dag.py
[2025-10-23T12:08:18.164+0000] {processor.py:840} INFO - DAG(s) 'dbt_snowflake_pipeline' retrieved from /home/khaled/airflow/dags/dbt_snowflake_dag.py
[2025-10-23T12:08:18.175+0000] {logging_mixin.py:188} INFO - [2025-10-23T12:08:18.175+0000] {dag.py:3089} INFO - Sync 1 DAGs
[2025-10-23T12:08:18.191+0000] {logging_mixin.py:188} INFO - [2025-10-23T12:08:18.191+0000] {dag.py:3947} INFO - Setting next_dagrun for dbt_snowflake_pipeline to 2025-10-23 00:00:00+00:00, run_after=2025-10-24 00:00:00+00:00
[2025-10-23T12:08:18.223+0000] {processor.py:183} INFO - Processing /home/khaled/airflow/dags/dbt_snowflake_dag.py took 0.073 seconds
[2025-10-23T12:09:32.993+0000] {processor.py:161} INFO - Started process (PID=11617) to work on /home/khaled/airflow/dags/dbt_snowflake_dag.py
[2025-10-23T12:09:32.994+0000] {processor.py:830} INFO - Processing file /home/khaled/airflow/dags/dbt_snowflake_dag.py for tasks to queue
[2025-10-23T12:09:32.996+0000] {logging_mixin.py:188} INFO - [2025-10-23T12:09:32.996+0000] {dagbag.py:545} INFO - Filling up the DagBag from /home/khaled/airflow/dags/dbt_snowflake_dag.py
[2025-10-23T12:09:33.002+0000] {processor.py:840} INFO - DAG(s) 'dbt_snowflake_pipeline' retrieved from /home/khaled/airflow/dags/dbt_snowflake_dag.py
[2025-10-23T12:09:33.014+0000] {logging_mixin.py:188} INFO - [2025-10-23T12:09:33.014+0000] {dag.py:3089} INFO - Sync 1 DAGs
[2025-10-23T12:09:33.030+0000] {logging_mixin.py:188} INFO - [2025-10-23T12:09:33.030+0000] {dag.py:3947} INFO - Setting next_dagrun for dbt_snowflake_pipeline to 2025-10-23 00:00:00+00:00, run_after=2025-10-24 00:00:00+00:00
[2025-10-23T12:09:33.062+0000] {processor.py:183} INFO - Processing /home/khaled/airflow/dags/dbt_snowflake_dag.py took 0.074 seconds
[2025-10-23T12:10:40.513+0000] {processor.py:161} INFO - Started process (PID=11696) to work on /home/khaled/airflow/dags/dbt_snowflake_dag.py
[2025-10-23T12:10:40.525+0000] {processor.py:830} INFO - Processing file /home/khaled/airflow/dags/dbt_snowflake_dag.py for tasks to queue
[2025-10-23T12:10:40.527+0000] {logging_mixin.py:188} INFO - [2025-10-23T12:10:40.526+0000] {dagbag.py:545} INFO - Filling up the DagBag from /home/khaled/airflow/dags/dbt_snowflake_dag.py
[2025-10-23T12:10:40.534+0000] {processor.py:840} INFO - DAG(s) 'dbt_snowflake_pipeline' retrieved from /home/khaled/airflow/dags/dbt_snowflake_dag.py
[2025-10-23T12:10:40.546+0000] {logging_mixin.py:188} INFO - [2025-10-23T12:10:40.546+0000] {dag.py:3089} INFO - Sync 1 DAGs
[2025-10-23T12:10:40.564+0000] {logging_mixin.py:188} INFO - [2025-10-23T12:10:40.563+0000] {dag.py:3947} INFO - Setting next_dagrun for dbt_snowflake_pipeline to 2025-10-23 00:00:00+00:00, run_after=2025-10-24 00:00:00+00:00
[2025-10-23T12:10:40.584+0000] {processor.py:183} INFO - Processing /home/khaled/airflow/dags/dbt_snowflake_dag.py took 0.077 seconds
