[2025-10-23T11:38:46.299+0000] {processor.py:161} INFO - Started process (PID=5761) to work on /home/khaled/airflow/dags/dbt_passenger_dag.py
[2025-10-23T11:38:46.301+0000] {processor.py:830} INFO - Processing file /home/khaled/airflow/dags/dbt_passenger_dag.py for tasks to queue
[2025-10-23T11:38:46.304+0000] {logging_mixin.py:188} INFO - [2025-10-23T11:38:46.303+0000] {dagbag.py:545} INFO - Filling up the DagBag from /home/khaled/airflow/dags/dbt_passenger_dag.py
[2025-10-23T11:38:46.313+0000] {logging_mixin.py:188} INFO - [2025-10-23T11:38:46.308+0000] {dagbag.py:355} ERROR - Failed to import: /home/khaled/airflow/dags/dbt_passenger_dag.py
Traceback (most recent call last):
  File "/home/khaled/dbt-env/lib/python3.12/site-packages/airflow/models/dagbag.py", line 351, in parse
    loader.exec_module(new_module)
  File "<frozen importlib._bootstrap_external>", line 991, in exec_module
  File "<frozen importlib._bootstrap_external>", line 1129, in get_code
  File "<frozen importlib._bootstrap_external>", line 1059, in source_to_code
  File "<frozen importlib._bootstrap>", line 488, in _call_with_frames_removed
  File "/home/khaled/airflow/dags/dbt_passenger_dag.py", line 33
    run_dbt_date_dim  = BashOperator(
    ^^^^^^^^^^^^^^^^
IndentationError: expected an indented block after 'with' statement on line 23
[2025-10-23T11:38:46.313+0000] {processor.py:842} WARNING - No viable dags retrieved from /home/khaled/airflow/dags/dbt_passenger_dag.py
[2025-10-23T11:38:46.348+0000] {processor.py:183} INFO - Processing /home/khaled/airflow/dags/dbt_passenger_dag.py took 0.060 seconds
[2025-10-23T11:39:42.972+0000] {processor.py:161} INFO - Started process (PID=5971) to work on /home/khaled/airflow/dags/dbt_passenger_dag.py
[2025-10-23T11:39:42.986+0000] {processor.py:830} INFO - Processing file /home/khaled/airflow/dags/dbt_passenger_dag.py for tasks to queue
[2025-10-23T11:39:42.989+0000] {logging_mixin.py:188} INFO - [2025-10-23T11:39:42.988+0000] {dagbag.py:545} INFO - Filling up the DagBag from /home/khaled/airflow/dags/dbt_passenger_dag.py
[2025-10-23T11:39:42.993+0000] {logging_mixin.py:188} INFO - [2025-10-23T11:39:42.992+0000] {dagbag.py:355} ERROR - Failed to import: /home/khaled/airflow/dags/dbt_passenger_dag.py
Traceback (most recent call last):
  File "/home/khaled/dbt-env/lib/python3.12/site-packages/airflow/models/dagbag.py", line 351, in parse
    loader.exec_module(new_module)
  File "<frozen importlib._bootstrap_external>", line 991, in exec_module
  File "<frozen importlib._bootstrap_external>", line 1129, in get_code
  File "<frozen importlib._bootstrap_external>", line 1059, in source_to_code
  File "<frozen importlib._bootstrap>", line 488, in _call_with_frames_removed
  File "/home/khaled/airflow/dags/dbt_passenger_dag.py", line 33
    run_dbt_date_dim  = BashOperator(
    ^^^^^^^^^^^^^^^^
IndentationError: expected an indented block after 'with' statement on line 23
[2025-10-23T11:39:42.993+0000] {processor.py:842} WARNING - No viable dags retrieved from /home/khaled/airflow/dags/dbt_passenger_dag.py
[2025-10-23T11:39:43.010+0000] {processor.py:183} INFO - Processing /home/khaled/airflow/dags/dbt_passenger_dag.py took 0.043 seconds
[2025-10-23T11:53:38.069+0000] {processor.py:161} INFO - Started process (PID=9023) to work on /home/khaled/airflow/dags/dbt_passenger_dag.py
[2025-10-23T11:53:38.077+0000] {processor.py:830} INFO - Processing file /home/khaled/airflow/dags/dbt_passenger_dag.py for tasks to queue
[2025-10-23T11:53:38.081+0000] {logging_mixin.py:188} INFO - [2025-10-23T11:53:38.079+0000] {dagbag.py:545} INFO - Filling up the DagBag from /home/khaled/airflow/dags/dbt_passenger_dag.py
[2025-10-23T11:53:38.106+0000] {processor.py:840} INFO - DAG(s) 'dbt_passenger_count_dag' retrieved from /home/khaled/airflow/dags/dbt_passenger_dag.py
[2025-10-23T11:53:38.203+0000] {logging_mixin.py:188} INFO - [2025-10-23T11:53:38.203+0000] {dag.py:3089} INFO - Sync 1 DAGs
[2025-10-23T11:53:38.211+0000] {logging_mixin.py:188} INFO - [2025-10-23T11:53:38.211+0000] {dag.py:3947} INFO - Setting next_dagrun for dbt_passenger_count_dag to None, run_after=None
[2025-10-23T11:53:38.238+0000] {processor.py:183} INFO - Processing /home/khaled/airflow/dags/dbt_passenger_dag.py took 0.198 seconds
[2025-10-23T11:55:17.702+0000] {processor.py:161} INFO - Started process (PID=9607) to work on /home/khaled/airflow/dags/dbt_passenger_dag.py
[2025-10-23T11:55:17.714+0000] {processor.py:830} INFO - Processing file /home/khaled/airflow/dags/dbt_passenger_dag.py for tasks to queue
[2025-10-23T11:55:17.716+0000] {logging_mixin.py:188} INFO - [2025-10-23T11:55:17.715+0000] {dagbag.py:545} INFO - Filling up the DagBag from /home/khaled/airflow/dags/dbt_passenger_dag.py
[2025-10-23T11:55:17.720+0000] {processor.py:840} INFO - DAG(s) 'dbt_passenger_count_dag' retrieved from /home/khaled/airflow/dags/dbt_passenger_dag.py
[2025-10-23T11:55:17.731+0000] {logging_mixin.py:188} INFO - [2025-10-23T11:55:17.731+0000] {dag.py:3089} INFO - Sync 1 DAGs
[2025-10-23T11:55:17.739+0000] {logging_mixin.py:188} INFO - [2025-10-23T11:55:17.739+0000] {dag.py:3947} INFO - Setting next_dagrun for dbt_passenger_count_dag to None, run_after=None
[2025-10-23T11:55:17.759+0000] {processor.py:183} INFO - Processing /home/khaled/airflow/dags/dbt_passenger_dag.py took 0.061 seconds
[2025-10-23T11:56:34.444+0000] {processor.py:161} INFO - Started process (PID=9950) to work on /home/khaled/airflow/dags/dbt_passenger_dag.py
[2025-10-23T11:56:34.456+0000] {processor.py:830} INFO - Processing file /home/khaled/airflow/dags/dbt_passenger_dag.py for tasks to queue
[2025-10-23T11:56:34.457+0000] {logging_mixin.py:188} INFO - [2025-10-23T11:56:34.457+0000] {dagbag.py:545} INFO - Filling up the DagBag from /home/khaled/airflow/dags/dbt_passenger_dag.py
[2025-10-23T11:56:34.467+0000] {processor.py:840} INFO - DAG(s) 'dbt_passenger_count_dag' retrieved from /home/khaled/airflow/dags/dbt_passenger_dag.py
[2025-10-23T11:56:34.491+0000] {logging_mixin.py:188} INFO - [2025-10-23T11:56:34.491+0000] {dag.py:3089} INFO - Sync 1 DAGs
[2025-10-23T11:56:34.506+0000] {logging_mixin.py:188} INFO - [2025-10-23T11:56:34.505+0000] {dag.py:3947} INFO - Setting next_dagrun for dbt_passenger_count_dag to None, run_after=None
[2025-10-23T11:56:34.549+0000] {processor.py:183} INFO - Processing /home/khaled/airflow/dags/dbt_passenger_dag.py took 0.111 seconds
[2025-10-23T11:57:38.084+0000] {processor.py:161} INFO - Started process (PID=10011) to work on /home/khaled/airflow/dags/dbt_passenger_dag.py
[2025-10-23T11:57:38.094+0000] {processor.py:830} INFO - Processing file /home/khaled/airflow/dags/dbt_passenger_dag.py for tasks to queue
[2025-10-23T11:57:38.096+0000] {logging_mixin.py:188} INFO - [2025-10-23T11:57:38.095+0000] {dagbag.py:545} INFO - Filling up the DagBag from /home/khaled/airflow/dags/dbt_passenger_dag.py
[2025-10-23T11:57:38.100+0000] {processor.py:840} INFO - DAG(s) 'dbt_passenger_count_dag' retrieved from /home/khaled/airflow/dags/dbt_passenger_dag.py
[2025-10-23T11:57:38.110+0000] {logging_mixin.py:188} INFO - [2025-10-23T11:57:38.110+0000] {dag.py:3089} INFO - Sync 1 DAGs
[2025-10-23T11:57:38.119+0000] {logging_mixin.py:188} INFO - [2025-10-23T11:57:38.119+0000] {dag.py:3947} INFO - Setting next_dagrun for dbt_passenger_count_dag to None, run_after=None
[2025-10-23T11:57:38.138+0000] {processor.py:183} INFO - Processing /home/khaled/airflow/dags/dbt_passenger_dag.py took 0.059 seconds
[2025-10-23T11:58:26.663+0000] {processor.py:161} INFO - Started process (PID=10068) to work on /home/khaled/airflow/dags/dbt_passenger_dag.py
[2025-10-23T11:58:26.664+0000] {processor.py:830} INFO - Processing file /home/khaled/airflow/dags/dbt_passenger_dag.py for tasks to queue
[2025-10-23T11:58:26.666+0000] {logging_mixin.py:188} INFO - [2025-10-23T11:58:26.665+0000] {dagbag.py:545} INFO - Filling up the DagBag from /home/khaled/airflow/dags/dbt_passenger_dag.py
[2025-10-23T11:58:26.671+0000] {processor.py:840} INFO - DAG(s) 'dbt_passenger_count_dag' retrieved from /home/khaled/airflow/dags/dbt_passenger_dag.py
[2025-10-23T11:58:26.683+0000] {logging_mixin.py:188} INFO - [2025-10-23T11:58:26.682+0000] {dag.py:3089} INFO - Sync 1 DAGs
[2025-10-23T11:58:26.692+0000] {logging_mixin.py:188} INFO - [2025-10-23T11:58:26.692+0000] {dag.py:3947} INFO - Setting next_dagrun for dbt_passenger_count_dag to None, run_after=None
[2025-10-23T11:58:26.725+0000] {processor.py:183} INFO - Processing /home/khaled/airflow/dags/dbt_passenger_dag.py took 0.072 seconds
[2025-10-23T11:59:46.114+0000] {processor.py:161} INFO - Started process (PID=10189) to work on /home/khaled/airflow/dags/dbt_passenger_dag.py
[2025-10-23T11:59:46.130+0000] {processor.py:830} INFO - Processing file /home/khaled/airflow/dags/dbt_passenger_dag.py for tasks to queue
[2025-10-23T11:59:46.134+0000] {logging_mixin.py:188} INFO - [2025-10-23T11:59:46.133+0000] {dagbag.py:545} INFO - Filling up the DagBag from /home/khaled/airflow/dags/dbt_passenger_dag.py
[2025-10-23T11:59:46.186+0000] {processor.py:840} INFO - DAG(s) 'dbt_passenger_count_dag' retrieved from /home/khaled/airflow/dags/dbt_passenger_dag.py
[2025-10-23T11:59:46.324+0000] {logging_mixin.py:188} INFO - [2025-10-23T11:59:46.323+0000] {dag.py:3089} INFO - Sync 1 DAGs
[2025-10-23T11:59:46.447+0000] {logging_mixin.py:188} INFO - [2025-10-23T11:59:46.445+0000] {dag.py:3947} INFO - Setting next_dagrun for dbt_passenger_count_dag to None, run_after=None
[2025-10-23T11:59:46.584+0000] {processor.py:183} INFO - Processing /home/khaled/airflow/dags/dbt_passenger_dag.py took 0.483 seconds
[2025-10-23T12:00:36.825+0000] {processor.py:161} INFO - Started process (PID=10240) to work on /home/khaled/airflow/dags/dbt_passenger_dag.py
[2025-10-23T12:00:36.826+0000] {processor.py:830} INFO - Processing file /home/khaled/airflow/dags/dbt_passenger_dag.py for tasks to queue
[2025-10-23T12:00:36.828+0000] {logging_mixin.py:188} INFO - [2025-10-23T12:00:36.827+0000] {dagbag.py:545} INFO - Filling up the DagBag from /home/khaled/airflow/dags/dbt_passenger_dag.py
[2025-10-23T12:00:36.833+0000] {processor.py:840} INFO - DAG(s) 'dbt_passenger_count_dag' retrieved from /home/khaled/airflow/dags/dbt_passenger_dag.py
[2025-10-23T12:00:36.845+0000] {logging_mixin.py:188} INFO - [2025-10-23T12:00:36.845+0000] {dag.py:3089} INFO - Sync 1 DAGs
[2025-10-23T12:00:36.854+0000] {logging_mixin.py:188} INFO - [2025-10-23T12:00:36.854+0000] {dag.py:3947} INFO - Setting next_dagrun for dbt_passenger_count_dag to None, run_after=None
[2025-10-23T12:00:36.876+0000] {processor.py:183} INFO - Processing /home/khaled/airflow/dags/dbt_passenger_dag.py took 0.056 seconds
[2025-10-23T12:01:21.402+0000] {processor.py:161} INFO - Started process (PID=10393) to work on /home/khaled/airflow/dags/dbt_passenger_dag.py
[2025-10-23T12:01:21.413+0000] {processor.py:830} INFO - Processing file /home/khaled/airflow/dags/dbt_passenger_dag.py for tasks to queue
[2025-10-23T12:01:21.416+0000] {logging_mixin.py:188} INFO - [2025-10-23T12:01:21.415+0000] {dagbag.py:545} INFO - Filling up the DagBag from /home/khaled/airflow/dags/dbt_passenger_dag.py
[2025-10-23T12:01:21.426+0000] {processor.py:840} INFO - DAG(s) 'dbt_passenger_count_dag' retrieved from /home/khaled/airflow/dags/dbt_passenger_dag.py
[2025-10-23T12:01:21.440+0000] {logging_mixin.py:188} INFO - [2025-10-23T12:01:21.440+0000] {dag.py:3089} INFO - Sync 1 DAGs
[2025-10-23T12:01:21.458+0000] {logging_mixin.py:188} INFO - [2025-10-23T12:01:21.457+0000] {dag.py:3947} INFO - Setting next_dagrun for dbt_passenger_count_dag to None, run_after=None
[2025-10-23T12:01:21.488+0000] {processor.py:183} INFO - Processing /home/khaled/airflow/dags/dbt_passenger_dag.py took 0.094 seconds
[2025-10-23T12:02:15.267+0000] {processor.py:161} INFO - Started process (PID=10618) to work on /home/khaled/airflow/dags/dbt_passenger_dag.py
[2025-10-23T12:02:15.279+0000] {processor.py:830} INFO - Processing file /home/khaled/airflow/dags/dbt_passenger_dag.py for tasks to queue
[2025-10-23T12:02:15.281+0000] {logging_mixin.py:188} INFO - [2025-10-23T12:02:15.281+0000] {dagbag.py:545} INFO - Filling up the DagBag from /home/khaled/airflow/dags/dbt_passenger_dag.py
[2025-10-23T12:02:15.286+0000] {processor.py:840} INFO - DAG(s) 'dbt_passenger_count_dag' retrieved from /home/khaled/airflow/dags/dbt_passenger_dag.py
[2025-10-23T12:02:15.296+0000] {logging_mixin.py:188} INFO - [2025-10-23T12:02:15.296+0000] {dag.py:3089} INFO - Sync 1 DAGs
[2025-10-23T12:02:15.306+0000] {logging_mixin.py:188} INFO - [2025-10-23T12:02:15.306+0000] {dag.py:3947} INFO - Setting next_dagrun for dbt_passenger_count_dag to None, run_after=None
[2025-10-23T12:02:15.327+0000] {processor.py:183} INFO - Processing /home/khaled/airflow/dags/dbt_passenger_dag.py took 0.064 seconds
[2025-10-23T12:03:11.451+0000] {processor.py:161} INFO - Started process (PID=10667) to work on /home/khaled/airflow/dags/dbt_passenger_dag.py
[2025-10-23T12:03:11.482+0000] {processor.py:830} INFO - Processing file /home/khaled/airflow/dags/dbt_passenger_dag.py for tasks to queue
[2025-10-23T12:03:11.519+0000] {logging_mixin.py:188} INFO - [2025-10-23T12:03:11.491+0000] {dagbag.py:545} INFO - Filling up the DagBag from /home/khaled/airflow/dags/dbt_passenger_dag.py
[2025-10-23T12:03:11.694+0000] {processor.py:840} INFO - DAG(s) 'dbt_passenger_count_dag' retrieved from /home/khaled/airflow/dags/dbt_passenger_dag.py
[2025-10-23T12:03:12.088+0000] {logging_mixin.py:188} INFO - [2025-10-23T12:03:12.087+0000] {dag.py:3089} INFO - Sync 1 DAGs
[2025-10-23T12:03:12.112+0000] {logging_mixin.py:188} INFO - [2025-10-23T12:03:12.112+0000] {dag.py:3947} INFO - Setting next_dagrun for dbt_passenger_count_dag to None, run_after=None
[2025-10-23T12:03:12.137+0000] {processor.py:183} INFO - Processing /home/khaled/airflow/dags/dbt_passenger_dag.py took 0.825 seconds
[2025-10-23T12:03:45.542+0000] {processor.py:161} INFO - Started process (PID=10741) to work on /home/khaled/airflow/dags/dbt_passenger_dag.py
[2025-10-23T12:03:45.544+0000] {processor.py:830} INFO - Processing file /home/khaled/airflow/dags/dbt_passenger_dag.py for tasks to queue
[2025-10-23T12:03:45.546+0000] {logging_mixin.py:188} INFO - [2025-10-23T12:03:45.545+0000] {dagbag.py:545} INFO - Filling up the DagBag from /home/khaled/airflow/dags/dbt_passenger_dag.py
[2025-10-23T12:03:45.551+0000] {processor.py:840} INFO - DAG(s) 'dbt_passenger_count_dag' retrieved from /home/khaled/airflow/dags/dbt_passenger_dag.py
[2025-10-23T12:03:45.562+0000] {logging_mixin.py:188} INFO - [2025-10-23T12:03:45.562+0000] {dag.py:3089} INFO - Sync 1 DAGs
[2025-10-23T12:03:45.571+0000] {logging_mixin.py:188} INFO - [2025-10-23T12:03:45.571+0000] {dag.py:3947} INFO - Setting next_dagrun for dbt_passenger_count_dag to None, run_after=None
[2025-10-23T12:03:45.602+0000] {processor.py:183} INFO - Processing /home/khaled/airflow/dags/dbt_passenger_dag.py took 0.064 seconds
[2025-10-23T12:04:17.598+0000] {processor.py:161} INFO - Started process (PID=10769) to work on /home/khaled/airflow/dags/dbt_passenger_dag.py
[2025-10-23T12:04:17.598+0000] {processor.py:830} INFO - Processing file /home/khaled/airflow/dags/dbt_passenger_dag.py for tasks to queue
[2025-10-23T12:04:17.601+0000] {logging_mixin.py:188} INFO - [2025-10-23T12:04:17.600+0000] {dagbag.py:545} INFO - Filling up the DagBag from /home/khaled/airflow/dags/dbt_passenger_dag.py
[2025-10-23T12:04:17.606+0000] {processor.py:840} INFO - DAG(s) 'dbt_passenger_count_dag' retrieved from /home/khaled/airflow/dags/dbt_passenger_dag.py
[2025-10-23T12:04:17.617+0000] {logging_mixin.py:188} INFO - [2025-10-23T12:04:17.617+0000] {dag.py:3089} INFO - Sync 1 DAGs
[2025-10-23T12:04:17.626+0000] {logging_mixin.py:188} INFO - [2025-10-23T12:04:17.625+0000] {dag.py:3947} INFO - Setting next_dagrun for dbt_passenger_count_dag to None, run_after=None
[2025-10-23T12:04:17.646+0000] {processor.py:183} INFO - Processing /home/khaled/airflow/dags/dbt_passenger_dag.py took 0.052 seconds
[2025-10-23T12:04:52.722+0000] {processor.py:161} INFO - Started process (PID=10847) to work on /home/khaled/airflow/dags/dbt_passenger_dag.py
[2025-10-23T12:04:52.723+0000] {processor.py:830} INFO - Processing file /home/khaled/airflow/dags/dbt_passenger_dag.py for tasks to queue
[2025-10-23T12:04:52.725+0000] {logging_mixin.py:188} INFO - [2025-10-23T12:04:52.724+0000] {dagbag.py:545} INFO - Filling up the DagBag from /home/khaled/airflow/dags/dbt_passenger_dag.py
[2025-10-23T12:04:52.729+0000] {processor.py:840} INFO - DAG(s) 'dbt_passenger_count_dag' retrieved from /home/khaled/airflow/dags/dbt_passenger_dag.py
[2025-10-23T12:04:52.741+0000] {logging_mixin.py:188} INFO - [2025-10-23T12:04:52.741+0000] {dag.py:3089} INFO - Sync 1 DAGs
[2025-10-23T12:04:52.749+0000] {logging_mixin.py:188} INFO - [2025-10-23T12:04:52.749+0000] {dag.py:3947} INFO - Setting next_dagrun for dbt_passenger_count_dag to None, run_after=None
[2025-10-23T12:04:52.781+0000] {processor.py:183} INFO - Processing /home/khaled/airflow/dags/dbt_passenger_dag.py took 0.064 seconds
[2025-10-23T12:05:38.966+0000] {processor.py:161} INFO - Started process (PID=11216) to work on /home/khaled/airflow/dags/dbt_passenger_dag.py
[2025-10-23T12:05:38.967+0000] {processor.py:830} INFO - Processing file /home/khaled/airflow/dags/dbt_passenger_dag.py for tasks to queue
[2025-10-23T12:05:38.969+0000] {logging_mixin.py:188} INFO - [2025-10-23T12:05:38.969+0000] {dagbag.py:545} INFO - Filling up the DagBag from /home/khaled/airflow/dags/dbt_passenger_dag.py
[2025-10-23T12:05:38.973+0000] {processor.py:840} INFO - DAG(s) 'dbt_passenger_count_dag' retrieved from /home/khaled/airflow/dags/dbt_passenger_dag.py
[2025-10-23T12:05:38.985+0000] {logging_mixin.py:188} INFO - [2025-10-23T12:05:38.984+0000] {dag.py:3089} INFO - Sync 1 DAGs
[2025-10-23T12:05:38.994+0000] {logging_mixin.py:188} INFO - [2025-10-23T12:05:38.994+0000] {dag.py:3947} INFO - Setting next_dagrun for dbt_passenger_count_dag to None, run_after=None
[2025-10-23T12:05:39.017+0000] {processor.py:183} INFO - Processing /home/khaled/airflow/dags/dbt_passenger_dag.py took 0.057 seconds
[2025-10-23T12:06:22.956+0000] {processor.py:161} INFO - Started process (PID=11278) to work on /home/khaled/airflow/dags/dbt_passenger_dag.py
[2025-10-23T12:06:22.958+0000] {processor.py:830} INFO - Processing file /home/khaled/airflow/dags/dbt_passenger_dag.py for tasks to queue
[2025-10-23T12:06:22.959+0000] {logging_mixin.py:188} INFO - [2025-10-23T12:06:22.959+0000] {dagbag.py:545} INFO - Filling up the DagBag from /home/khaled/airflow/dags/dbt_passenger_dag.py
[2025-10-23T12:06:22.965+0000] {processor.py:840} INFO - DAG(s) 'dbt_passenger_count_dag' retrieved from /home/khaled/airflow/dags/dbt_passenger_dag.py
[2025-10-23T12:06:22.977+0000] {logging_mixin.py:188} INFO - [2025-10-23T12:06:22.977+0000] {dag.py:3089} INFO - Sync 1 DAGs
[2025-10-23T12:06:22.987+0000] {logging_mixin.py:188} INFO - [2025-10-23T12:06:22.987+0000] {dag.py:3947} INFO - Setting next_dagrun for dbt_passenger_count_dag to None, run_after=None
[2025-10-23T12:06:23.020+0000] {processor.py:183} INFO - Processing /home/khaled/airflow/dags/dbt_passenger_dag.py took 0.068 seconds
[2025-10-23T12:07:06.245+0000] {processor.py:161} INFO - Started process (PID=11333) to work on /home/khaled/airflow/dags/dbt_passenger_dag.py
[2025-10-23T12:07:06.246+0000] {processor.py:830} INFO - Processing file /home/khaled/airflow/dags/dbt_passenger_dag.py for tasks to queue
[2025-10-23T12:07:06.247+0000] {logging_mixin.py:188} INFO - [2025-10-23T12:07:06.247+0000] {dagbag.py:545} INFO - Filling up the DagBag from /home/khaled/airflow/dags/dbt_passenger_dag.py
[2025-10-23T12:07:06.253+0000] {processor.py:840} INFO - DAG(s) 'dbt_passenger_count_dag' retrieved from /home/khaled/airflow/dags/dbt_passenger_dag.py
[2025-10-23T12:07:06.264+0000] {logging_mixin.py:188} INFO - [2025-10-23T12:07:06.263+0000] {dag.py:3089} INFO - Sync 1 DAGs
[2025-10-23T12:07:06.273+0000] {logging_mixin.py:188} INFO - [2025-10-23T12:07:06.273+0000] {dag.py:3947} INFO - Setting next_dagrun for dbt_passenger_count_dag to None, run_after=None
[2025-10-23T12:07:06.298+0000] {processor.py:183} INFO - Processing /home/khaled/airflow/dags/dbt_passenger_dag.py took 0.059 seconds
[2025-10-23T12:07:54.340+0000] {processor.py:161} INFO - Started process (PID=11397) to work on /home/khaled/airflow/dags/dbt_passenger_dag.py
[2025-10-23T12:07:54.342+0000] {processor.py:830} INFO - Processing file /home/khaled/airflow/dags/dbt_passenger_dag.py for tasks to queue
[2025-10-23T12:07:54.344+0000] {logging_mixin.py:188} INFO - [2025-10-23T12:07:54.344+0000] {dagbag.py:545} INFO - Filling up the DagBag from /home/khaled/airflow/dags/dbt_passenger_dag.py
[2025-10-23T12:07:54.350+0000] {processor.py:840} INFO - DAG(s) 'dbt_passenger_count_dag' retrieved from /home/khaled/airflow/dags/dbt_passenger_dag.py
[2025-10-23T12:07:54.363+0000] {logging_mixin.py:188} INFO - [2025-10-23T12:07:54.363+0000] {dag.py:3089} INFO - Sync 1 DAGs
[2025-10-23T12:07:54.375+0000] {logging_mixin.py:188} INFO - [2025-10-23T12:07:54.375+0000] {dag.py:3947} INFO - Setting next_dagrun for dbt_passenger_count_dag to None, run_after=None
[2025-10-23T12:07:54.410+0000] {processor.py:183} INFO - Processing /home/khaled/airflow/dags/dbt_passenger_dag.py took 0.075 seconds
[2025-10-23T12:08:19.291+0000] {processor.py:161} INFO - Started process (PID=11426) to work on /home/khaled/airflow/dags/dbt_passenger_dag.py
[2025-10-23T12:08:19.292+0000] {processor.py:830} INFO - Processing file /home/khaled/airflow/dags/dbt_passenger_dag.py for tasks to queue
[2025-10-23T12:08:19.293+0000] {logging_mixin.py:188} INFO - [2025-10-23T12:08:19.293+0000] {dagbag.py:545} INFO - Filling up the DagBag from /home/khaled/airflow/dags/dbt_passenger_dag.py
[2025-10-23T12:08:19.300+0000] {processor.py:840} INFO - DAG(s) 'dbt_passenger_count_dag' retrieved from /home/khaled/airflow/dags/dbt_passenger_dag.py
[2025-10-23T12:08:19.456+0000] {logging_mixin.py:188} INFO - [2025-10-23T12:08:19.455+0000] {dag.py:3089} INFO - Sync 1 DAGs
[2025-10-23T12:08:19.461+0000] {logging_mixin.py:188} INFO - [2025-10-23T12:08:19.461+0000] {dag.py:3947} INFO - Setting next_dagrun for dbt_passenger_count_dag to None, run_after=None
[2025-10-23T12:08:19.494+0000] {processor.py:183} INFO - Processing /home/khaled/airflow/dags/dbt_passenger_dag.py took 0.207 seconds
[2025-10-23T12:08:42.152+0000] {processor.py:161} INFO - Started process (PID=11482) to work on /home/khaled/airflow/dags/dbt_passenger_dag.py
[2025-10-23T12:08:42.163+0000] {processor.py:830} INFO - Processing file /home/khaled/airflow/dags/dbt_passenger_dag.py for tasks to queue
[2025-10-23T12:08:42.165+0000] {logging_mixin.py:188} INFO - [2025-10-23T12:08:42.164+0000] {dagbag.py:545} INFO - Filling up the DagBag from /home/khaled/airflow/dags/dbt_passenger_dag.py
[2025-10-23T12:08:42.171+0000] {processor.py:840} INFO - DAG(s) 'dbt_passenger_count_dag' retrieved from /home/khaled/airflow/dags/dbt_passenger_dag.py
[2025-10-23T12:08:42.177+0000] {logging_mixin.py:188} INFO - [2025-10-23T12:08:42.177+0000] {dag.py:3089} INFO - Sync 1 DAGs
[2025-10-23T12:08:42.187+0000] {logging_mixin.py:188} INFO - [2025-10-23T12:08:42.187+0000] {dag.py:3947} INFO - Setting next_dagrun for dbt_passenger_count_dag to None, run_after=None
[2025-10-23T12:08:42.313+0000] {processor.py:183} INFO - Processing /home/khaled/airflow/dags/dbt_passenger_dag.py took 0.167 seconds
[2025-10-23T12:09:08.119+0000] {processor.py:161} INFO - Started process (PID=11534) to work on /home/khaled/airflow/dags/dbt_passenger_dag.py
[2025-10-23T12:09:08.120+0000] {processor.py:830} INFO - Processing file /home/khaled/airflow/dags/dbt_passenger_dag.py for tasks to queue
[2025-10-23T12:09:08.122+0000] {logging_mixin.py:188} INFO - [2025-10-23T12:09:08.121+0000] {dagbag.py:545} INFO - Filling up the DagBag from /home/khaled/airflow/dags/dbt_passenger_dag.py
[2025-10-23T12:09:08.128+0000] {processor.py:840} INFO - DAG(s) 'dbt_passenger_count_dag' retrieved from /home/khaled/airflow/dags/dbt_passenger_dag.py
[2025-10-23T12:09:08.195+0000] {logging_mixin.py:188} INFO - [2025-10-23T12:09:08.195+0000] {dag.py:3089} INFO - Sync 1 DAGs
[2025-10-23T12:09:08.201+0000] {logging_mixin.py:188} INFO - [2025-10-23T12:09:08.201+0000] {dag.py:3947} INFO - Setting next_dagrun for dbt_passenger_count_dag to None, run_after=None
[2025-10-23T12:09:08.242+0000] {processor.py:183} INFO - Processing /home/khaled/airflow/dags/dbt_passenger_dag.py took 0.128 seconds
[2025-10-23T12:09:56.323+0000] {processor.py:161} INFO - Started process (PID=11643) to work on /home/khaled/airflow/dags/dbt_passenger_dag.py
[2025-10-23T12:09:56.324+0000] {processor.py:830} INFO - Processing file /home/khaled/airflow/dags/dbt_passenger_dag.py for tasks to queue
[2025-10-23T12:09:56.326+0000] {logging_mixin.py:188} INFO - [2025-10-23T12:09:56.325+0000] {dagbag.py:545} INFO - Filling up the DagBag from /home/khaled/airflow/dags/dbt_passenger_dag.py
[2025-10-23T12:09:56.331+0000] {processor.py:840} INFO - DAG(s) 'dbt_passenger_count_dag' retrieved from /home/khaled/airflow/dags/dbt_passenger_dag.py
[2025-10-23T12:09:56.344+0000] {logging_mixin.py:188} INFO - [2025-10-23T12:09:56.344+0000] {dag.py:3089} INFO - Sync 1 DAGs
[2025-10-23T12:09:56.354+0000] {logging_mixin.py:188} INFO - [2025-10-23T12:09:56.353+0000] {dag.py:3947} INFO - Setting next_dagrun for dbt_passenger_count_dag to None, run_after=None
[2025-10-23T12:09:56.388+0000] {processor.py:183} INFO - Processing /home/khaled/airflow/dags/dbt_passenger_dag.py took 0.072 seconds
[2025-10-23T12:10:17.830+0000] {processor.py:161} INFO - Started process (PID=11670) to work on /home/khaled/airflow/dags/dbt_passenger_dag.py
[2025-10-23T12:10:17.831+0000] {processor.py:830} INFO - Processing file /home/khaled/airflow/dags/dbt_passenger_dag.py for tasks to queue
[2025-10-23T12:10:17.833+0000] {logging_mixin.py:188} INFO - [2025-10-23T12:10:17.833+0000] {dagbag.py:545} INFO - Filling up the DagBag from /home/khaled/airflow/dags/dbt_passenger_dag.py
[2025-10-23T12:10:17.856+0000] {logging_mixin.py:188} INFO - [2025-10-23T12:10:17.839+0000] {dagbag.py:355} ERROR - Failed to import: /home/khaled/airflow/dags/dbt_passenger_dag.py
Traceback (most recent call last):
  File "/home/khaled/dbt-env/lib/python3.12/site-packages/airflow/models/dagbag.py", line 351, in parse
    loader.exec_module(new_module)
  File "<frozen importlib._bootstrap_external>", line 995, in exec_module
  File "<frozen importlib._bootstrap>", line 488, in _call_with_frames_removed
  File "/home/khaled/airflow/dags/dbt_passenger_dag.py", line 61, in <module>
    run_dbt_trip_distance_dim= BashOperator(
                               ^^^^^^^^^^^^^
  File "/home/khaled/dbt-env/lib/python3.12/site-packages/airflow/models/baseoperator.py", line 485, in apply_defaults
    result = func(self, **kwargs, default_args=default_args)
             ^^^^^^^^^^^^^^^^^^^^^^^^^^^^^^^^^^^^^^^^^^^^^^^
  File "/home/khaled/dbt-env/lib/python3.12/site-packages/airflow/operators/bash.py", line 152, in __init__
    super().__init__(**kwargs)
  File "/home/khaled/dbt-env/lib/python3.12/site-packages/airflow/models/baseoperator.py", line 485, in apply_defaults
    result = func(self, **kwargs, default_args=default_args)
             ^^^^^^^^^^^^^^^^^^^^^^^^^^^^^^^^^^^^^^^^^^^^^^^
  File "/home/khaled/dbt-env/lib/python3.12/site-packages/airflow/models/baseoperator.py", line 900, in __init__
    task_group.add(self)
  File "/home/khaled/dbt-env/lib/python3.12/site-packages/airflow/utils/task_group.py", line 232, in add
    raise DuplicateTaskIdFound(f"{node_type} id '{key}' has already been added to the DAG")
airflow.exceptions.DuplicateTaskIdFound: Task id 'run_trip_distance_dim_model' has already been added to the DAG
[2025-10-23T12:10:17.857+0000] {processor.py:842} WARNING - No viable dags retrieved from /home/khaled/airflow/dags/dbt_passenger_dag.py
[2025-10-23T12:10:17.875+0000] {processor.py:183} INFO - Processing /home/khaled/airflow/dags/dbt_passenger_dag.py took 0.049 seconds
[2025-10-23T12:11:37.832+0000] {processor.py:161} INFO - Started process (PID=11732) to work on /home/khaled/airflow/dags/dbt_passenger_dag.py
[2025-10-23T12:11:37.872+0000] {processor.py:830} INFO - Processing file /home/khaled/airflow/dags/dbt_passenger_dag.py for tasks to queue
[2025-10-23T12:11:37.994+0000] {logging_mixin.py:188} INFO - [2025-10-23T12:11:37.980+0000] {dagbag.py:545} INFO - Filling up the DagBag from /home/khaled/airflow/dags/dbt_passenger_dag.py
[2025-10-23T12:11:38.182+0000] {logging_mixin.py:188} INFO - [2025-10-23T12:11:38.164+0000] {dagbag.py:355} ERROR - Failed to import: /home/khaled/airflow/dags/dbt_passenger_dag.py
Traceback (most recent call last):
  File "/home/khaled/dbt-env/lib/python3.12/site-packages/airflow/models/dagbag.py", line 351, in parse
    loader.exec_module(new_module)
  File "<frozen importlib._bootstrap_external>", line 995, in exec_module
  File "<frozen importlib._bootstrap>", line 488, in _call_with_frames_removed
  File "/home/khaled/airflow/dags/dbt_passenger_dag.py", line 61, in <module>
    run_dbt_trip_distance_dim= BashOperator(
                               ^^^^^^^^^^^^^
  File "/home/khaled/dbt-env/lib/python3.12/site-packages/airflow/models/baseoperator.py", line 485, in apply_defaults
    result = func(self, **kwargs, default_args=default_args)
             ^^^^^^^^^^^^^^^^^^^^^^^^^^^^^^^^^^^^^^^^^^^^^^^
  File "/home/khaled/dbt-env/lib/python3.12/site-packages/airflow/operators/bash.py", line 152, in __init__
    super().__init__(**kwargs)
  File "/home/khaled/dbt-env/lib/python3.12/site-packages/airflow/models/baseoperator.py", line 485, in apply_defaults
    result = func(self, **kwargs, default_args=default_args)
             ^^^^^^^^^^^^^^^^^^^^^^^^^^^^^^^^^^^^^^^^^^^^^^^
  File "/home/khaled/dbt-env/lib/python3.12/site-packages/airflow/models/baseoperator.py", line 900, in __init__
    task_group.add(self)
  File "/home/khaled/dbt-env/lib/python3.12/site-packages/airflow/utils/task_group.py", line 232, in add
    raise DuplicateTaskIdFound(f"{node_type} id '{key}' has already been added to the DAG")
airflow.exceptions.DuplicateTaskIdFound: Task id 'run_trip_distance_dim_model' has already been added to the DAG
[2025-10-23T12:11:38.189+0000] {processor.py:842} WARNING - No viable dags retrieved from /home/khaled/airflow/dags/dbt_passenger_dag.py
[2025-10-23T12:11:38.359+0000] {processor.py:183} INFO - Processing /home/khaled/airflow/dags/dbt_passenger_dag.py took 1.021 seconds
