[2025-10-23T11:38:51.028+0000] {processor.py:161} INFO - Started process (PID=5786) to work on /home/khaled/dbt-env/lib/python3.12/site-packages/airflow/example_dags/plugins/listener_plugin.py
[2025-10-23T11:38:51.028+0000] {processor.py:830} INFO - Processing file /home/khaled/dbt-env/lib/python3.12/site-packages/airflow/example_dags/plugins/listener_plugin.py for tasks to queue
[2025-10-23T11:38:51.030+0000] {logging_mixin.py:188} INFO - [2025-10-23T11:38:51.029+0000] {dagbag.py:545} INFO - Filling up the DagBag from /home/khaled/dbt-env/lib/python3.12/site-packages/airflow/example_dags/plugins/listener_plugin.py
[2025-10-23T11:38:51.031+0000] {processor.py:842} WARNING - No viable dags retrieved from /home/khaled/dbt-env/lib/python3.12/site-packages/airflow/example_dags/plugins/listener_plugin.py
[2025-10-23T11:38:51.038+0000] {processor.py:183} INFO - Processing /home/khaled/dbt-env/lib/python3.12/site-packages/airflow/example_dags/plugins/listener_plugin.py took 0.015 seconds
[2025-10-23T11:39:46.026+0000] {processor.py:161} INFO - Started process (PID=6001) to work on /home/khaled/dbt-env/lib/python3.12/site-packages/airflow/example_dags/plugins/listener_plugin.py
[2025-10-23T11:39:46.037+0000] {processor.py:830} INFO - Processing file /home/khaled/dbt-env/lib/python3.12/site-packages/airflow/example_dags/plugins/listener_plugin.py for tasks to queue
[2025-10-23T11:39:46.039+0000] {logging_mixin.py:188} INFO - [2025-10-23T11:39:46.038+0000] {dagbag.py:545} INFO - Filling up the DagBag from /home/khaled/dbt-env/lib/python3.12/site-packages/airflow/example_dags/plugins/listener_plugin.py
[2025-10-23T11:39:46.041+0000] {processor.py:842} WARNING - No viable dags retrieved from /home/khaled/dbt-env/lib/python3.12/site-packages/airflow/example_dags/plugins/listener_plugin.py
[2025-10-23T11:39:46.049+0000] {processor.py:183} INFO - Processing /home/khaled/dbt-env/lib/python3.12/site-packages/airflow/example_dags/plugins/listener_plugin.py took 0.027 seconds
[2025-10-23T11:53:42.958+0000] {processor.py:161} INFO - Started process (PID=9066) to work on /home/khaled/dbt-env/lib/python3.12/site-packages/airflow/example_dags/plugins/listener_plugin.py
[2025-10-23T11:53:42.969+0000] {processor.py:830} INFO - Processing file /home/khaled/dbt-env/lib/python3.12/site-packages/airflow/example_dags/plugins/listener_plugin.py for tasks to queue
[2025-10-23T11:53:42.970+0000] {logging_mixin.py:188} INFO - [2025-10-23T11:53:42.970+0000] {dagbag.py:545} INFO - Filling up the DagBag from /home/khaled/dbt-env/lib/python3.12/site-packages/airflow/example_dags/plugins/listener_plugin.py
[2025-10-23T11:53:42.972+0000] {processor.py:842} WARNING - No viable dags retrieved from /home/khaled/dbt-env/lib/python3.12/site-packages/airflow/example_dags/plugins/listener_plugin.py
[2025-10-23T11:53:42.981+0000] {processor.py:183} INFO - Processing /home/khaled/dbt-env/lib/python3.12/site-packages/airflow/example_dags/plugins/listener_plugin.py took 0.027 seconds
[2025-10-23T11:55:21.195+0000] {processor.py:161} INFO - Started process (PID=9619) to work on /home/khaled/dbt-env/lib/python3.12/site-packages/airflow/example_dags/plugins/listener_plugin.py
[2025-10-23T11:55:21.207+0000] {processor.py:830} INFO - Processing file /home/khaled/dbt-env/lib/python3.12/site-packages/airflow/example_dags/plugins/listener_plugin.py for tasks to queue
[2025-10-23T11:55:21.209+0000] {logging_mixin.py:188} INFO - [2025-10-23T11:55:21.209+0000] {dagbag.py:545} INFO - Filling up the DagBag from /home/khaled/dbt-env/lib/python3.12/site-packages/airflow/example_dags/plugins/listener_plugin.py
[2025-10-23T11:55:21.211+0000] {processor.py:842} WARNING - No viable dags retrieved from /home/khaled/dbt-env/lib/python3.12/site-packages/airflow/example_dags/plugins/listener_plugin.py
[2025-10-23T11:55:21.218+0000] {processor.py:183} INFO - Processing /home/khaled/dbt-env/lib/python3.12/site-packages/airflow/example_dags/plugins/listener_plugin.py took 0.027 seconds
[2025-10-23T11:56:47.384+0000] {processor.py:161} INFO - Started process (PID=9954) to work on /home/khaled/dbt-env/lib/python3.12/site-packages/airflow/example_dags/plugins/listener_plugin.py
[2025-10-23T11:56:47.419+0000] {processor.py:830} INFO - Processing file /home/khaled/dbt-env/lib/python3.12/site-packages/airflow/example_dags/plugins/listener_plugin.py for tasks to queue
[2025-10-23T11:56:47.435+0000] {logging_mixin.py:188} INFO - [2025-10-23T11:56:47.432+0000] {dagbag.py:545} INFO - Filling up the DagBag from /home/khaled/dbt-env/lib/python3.12/site-packages/airflow/example_dags/plugins/listener_plugin.py
[2025-10-23T11:56:47.486+0000] {processor.py:842} WARNING - No viable dags retrieved from /home/khaled/dbt-env/lib/python3.12/site-packages/airflow/example_dags/plugins/listener_plugin.py
[2025-10-23T11:56:47.592+0000] {processor.py:183} INFO - Processing /home/khaled/dbt-env/lib/python3.12/site-packages/airflow/example_dags/plugins/listener_plugin.py took 0.661 seconds
[2025-10-23T11:57:39.883+0000] {processor.py:161} INFO - Started process (PID=10014) to work on /home/khaled/dbt-env/lib/python3.12/site-packages/airflow/example_dags/plugins/listener_plugin.py
[2025-10-23T11:57:39.885+0000] {processor.py:830} INFO - Processing file /home/khaled/dbt-env/lib/python3.12/site-packages/airflow/example_dags/plugins/listener_plugin.py for tasks to queue
[2025-10-23T11:57:39.886+0000] {logging_mixin.py:188} INFO - [2025-10-23T11:57:39.886+0000] {dagbag.py:545} INFO - Filling up the DagBag from /home/khaled/dbt-env/lib/python3.12/site-packages/airflow/example_dags/plugins/listener_plugin.py
[2025-10-23T11:57:39.888+0000] {processor.py:842} WARNING - No viable dags retrieved from /home/khaled/dbt-env/lib/python3.12/site-packages/airflow/example_dags/plugins/listener_plugin.py
[2025-10-23T11:57:39.896+0000] {processor.py:183} INFO - Processing /home/khaled/dbt-env/lib/python3.12/site-packages/airflow/example_dags/plugins/listener_plugin.py took 0.017 seconds
[2025-10-23T11:58:29.097+0000] {processor.py:161} INFO - Started process (PID=10072) to work on /home/khaled/dbt-env/lib/python3.12/site-packages/airflow/example_dags/plugins/listener_plugin.py
[2025-10-23T11:58:29.099+0000] {processor.py:830} INFO - Processing file /home/khaled/dbt-env/lib/python3.12/site-packages/airflow/example_dags/plugins/listener_plugin.py for tasks to queue
[2025-10-23T11:58:29.100+0000] {logging_mixin.py:188} INFO - [2025-10-23T11:58:29.100+0000] {dagbag.py:545} INFO - Filling up the DagBag from /home/khaled/dbt-env/lib/python3.12/site-packages/airflow/example_dags/plugins/listener_plugin.py
[2025-10-23T11:58:29.102+0000] {processor.py:842} WARNING - No viable dags retrieved from /home/khaled/dbt-env/lib/python3.12/site-packages/airflow/example_dags/plugins/listener_plugin.py
[2025-10-23T11:58:29.110+0000] {processor.py:183} INFO - Processing /home/khaled/dbt-env/lib/python3.12/site-packages/airflow/example_dags/plugins/listener_plugin.py took 0.016 seconds
[2025-10-23T11:59:50.878+0000] {processor.py:161} INFO - Started process (PID=10192) to work on /home/khaled/dbt-env/lib/python3.12/site-packages/airflow/example_dags/plugins/listener_plugin.py
[2025-10-23T11:59:50.895+0000] {processor.py:830} INFO - Processing file /home/khaled/dbt-env/lib/python3.12/site-packages/airflow/example_dags/plugins/listener_plugin.py for tasks to queue
[2025-10-23T11:59:50.909+0000] {logging_mixin.py:188} INFO - [2025-10-23T11:59:50.902+0000] {dagbag.py:545} INFO - Filling up the DagBag from /home/khaled/dbt-env/lib/python3.12/site-packages/airflow/example_dags/plugins/listener_plugin.py
[2025-10-23T11:59:50.929+0000] {processor.py:842} WARNING - No viable dags retrieved from /home/khaled/dbt-env/lib/python3.12/site-packages/airflow/example_dags/plugins/listener_plugin.py
[2025-10-23T11:59:51.043+0000] {processor.py:183} INFO - Processing /home/khaled/dbt-env/lib/python3.12/site-packages/airflow/example_dags/plugins/listener_plugin.py took 0.176 seconds
[2025-10-23T12:00:39.400+0000] {processor.py:161} INFO - Started process (PID=10243) to work on /home/khaled/dbt-env/lib/python3.12/site-packages/airflow/example_dags/plugins/listener_plugin.py
[2025-10-23T12:00:39.401+0000] {processor.py:830} INFO - Processing file /home/khaled/dbt-env/lib/python3.12/site-packages/airflow/example_dags/plugins/listener_plugin.py for tasks to queue
[2025-10-23T12:00:39.403+0000] {logging_mixin.py:188} INFO - [2025-10-23T12:00:39.403+0000] {dagbag.py:545} INFO - Filling up the DagBag from /home/khaled/dbt-env/lib/python3.12/site-packages/airflow/example_dags/plugins/listener_plugin.py
[2025-10-23T12:00:39.405+0000] {processor.py:842} WARNING - No viable dags retrieved from /home/khaled/dbt-env/lib/python3.12/site-packages/airflow/example_dags/plugins/listener_plugin.py
[2025-10-23T12:00:39.413+0000] {processor.py:183} INFO - Processing /home/khaled/dbt-env/lib/python3.12/site-packages/airflow/example_dags/plugins/listener_plugin.py took 0.018 seconds
[2025-10-23T12:01:24.422+0000] {processor.py:161} INFO - Started process (PID=10423) to work on /home/khaled/dbt-env/lib/python3.12/site-packages/airflow/example_dags/plugins/listener_plugin.py
[2025-10-23T12:01:24.423+0000] {processor.py:830} INFO - Processing file /home/khaled/dbt-env/lib/python3.12/site-packages/airflow/example_dags/plugins/listener_plugin.py for tasks to queue
[2025-10-23T12:01:24.425+0000] {logging_mixin.py:188} INFO - [2025-10-23T12:01:24.424+0000] {dagbag.py:545} INFO - Filling up the DagBag from /home/khaled/dbt-env/lib/python3.12/site-packages/airflow/example_dags/plugins/listener_plugin.py
[2025-10-23T12:01:24.427+0000] {processor.py:842} WARNING - No viable dags retrieved from /home/khaled/dbt-env/lib/python3.12/site-packages/airflow/example_dags/plugins/listener_plugin.py
[2025-10-23T12:01:24.436+0000] {processor.py:183} INFO - Processing /home/khaled/dbt-env/lib/python3.12/site-packages/airflow/example_dags/plugins/listener_plugin.py took 0.019 seconds
[2025-10-23T12:02:18.547+0000] {processor.py:161} INFO - Started process (PID=10622) to work on /home/khaled/dbt-env/lib/python3.12/site-packages/airflow/example_dags/plugins/listener_plugin.py
[2025-10-23T12:02:18.564+0000] {processor.py:830} INFO - Processing file /home/khaled/dbt-env/lib/python3.12/site-packages/airflow/example_dags/plugins/listener_plugin.py for tasks to queue
[2025-10-23T12:02:18.572+0000] {logging_mixin.py:188} INFO - [2025-10-23T12:02:18.570+0000] {dagbag.py:545} INFO - Filling up the DagBag from /home/khaled/dbt-env/lib/python3.12/site-packages/airflow/example_dags/plugins/listener_plugin.py
[2025-10-23T12:02:18.584+0000] {processor.py:842} WARNING - No viable dags retrieved from /home/khaled/dbt-env/lib/python3.12/site-packages/airflow/example_dags/plugins/listener_plugin.py
[2025-10-23T12:02:18.630+0000] {processor.py:183} INFO - Processing /home/khaled/dbt-env/lib/python3.12/site-packages/airflow/example_dags/plugins/listener_plugin.py took 0.107 seconds
[2025-10-23T12:03:15.514+0000] {processor.py:161} INFO - Started process (PID=10670) to work on /home/khaled/dbt-env/lib/python3.12/site-packages/airflow/example_dags/plugins/listener_plugin.py
[2025-10-23T12:03:15.516+0000] {processor.py:830} INFO - Processing file /home/khaled/dbt-env/lib/python3.12/site-packages/airflow/example_dags/plugins/listener_plugin.py for tasks to queue
[2025-10-23T12:03:15.518+0000] {logging_mixin.py:188} INFO - [2025-10-23T12:03:15.517+0000] {dagbag.py:545} INFO - Filling up the DagBag from /home/khaled/dbt-env/lib/python3.12/site-packages/airflow/example_dags/plugins/listener_plugin.py
[2025-10-23T12:03:15.520+0000] {processor.py:842} WARNING - No viable dags retrieved from /home/khaled/dbt-env/lib/python3.12/site-packages/airflow/example_dags/plugins/listener_plugin.py
[2025-10-23T12:03:15.528+0000] {processor.py:183} INFO - Processing /home/khaled/dbt-env/lib/python3.12/site-packages/airflow/example_dags/plugins/listener_plugin.py took 0.018 seconds
[2025-10-23T12:04:20.461+0000] {processor.py:161} INFO - Started process (PID=10772) to work on /home/khaled/dbt-env/lib/python3.12/site-packages/airflow/example_dags/plugins/listener_plugin.py
[2025-10-23T12:04:20.462+0000] {processor.py:830} INFO - Processing file /home/khaled/dbt-env/lib/python3.12/site-packages/airflow/example_dags/plugins/listener_plugin.py for tasks to queue
[2025-10-23T12:04:20.463+0000] {logging_mixin.py:188} INFO - [2025-10-23T12:04:20.463+0000] {dagbag.py:545} INFO - Filling up the DagBag from /home/khaled/dbt-env/lib/python3.12/site-packages/airflow/example_dags/plugins/listener_plugin.py
[2025-10-23T12:04:20.466+0000] {processor.py:842} WARNING - No viable dags retrieved from /home/khaled/dbt-env/lib/python3.12/site-packages/airflow/example_dags/plugins/listener_plugin.py
[2025-10-23T12:04:20.476+0000] {processor.py:183} INFO - Processing /home/khaled/dbt-env/lib/python3.12/site-packages/airflow/example_dags/plugins/listener_plugin.py took 0.020 seconds
[2025-10-23T12:04:55.469+0000] {processor.py:161} INFO - Started process (PID=10922) to work on /home/khaled/dbt-env/lib/python3.12/site-packages/airflow/example_dags/plugins/listener_plugin.py
[2025-10-23T12:04:55.473+0000] {processor.py:830} INFO - Processing file /home/khaled/dbt-env/lib/python3.12/site-packages/airflow/example_dags/plugins/listener_plugin.py for tasks to queue
[2025-10-23T12:04:55.477+0000] {logging_mixin.py:188} INFO - [2025-10-23T12:04:55.477+0000] {dagbag.py:545} INFO - Filling up the DagBag from /home/khaled/dbt-env/lib/python3.12/site-packages/airflow/example_dags/plugins/listener_plugin.py
[2025-10-23T12:04:55.481+0000] {processor.py:842} WARNING - No viable dags retrieved from /home/khaled/dbt-env/lib/python3.12/site-packages/airflow/example_dags/plugins/listener_plugin.py
[2025-10-23T12:04:55.493+0000] {processor.py:183} INFO - Processing /home/khaled/dbt-env/lib/python3.12/site-packages/airflow/example_dags/plugins/listener_plugin.py took 0.030 seconds
[2025-10-23T12:05:42.124+0000] {processor.py:161} INFO - Started process (PID=11221) to work on /home/khaled/dbt-env/lib/python3.12/site-packages/airflow/example_dags/plugins/listener_plugin.py
[2025-10-23T12:05:42.125+0000] {processor.py:830} INFO - Processing file /home/khaled/dbt-env/lib/python3.12/site-packages/airflow/example_dags/plugins/listener_plugin.py for tasks to queue
[2025-10-23T12:05:42.128+0000] {logging_mixin.py:188} INFO - [2025-10-23T12:05:42.127+0000] {dagbag.py:545} INFO - Filling up the DagBag from /home/khaled/dbt-env/lib/python3.12/site-packages/airflow/example_dags/plugins/listener_plugin.py
[2025-10-23T12:05:42.131+0000] {processor.py:842} WARNING - No viable dags retrieved from /home/khaled/dbt-env/lib/python3.12/site-packages/airflow/example_dags/plugins/listener_plugin.py
[2025-10-23T12:05:42.139+0000] {processor.py:183} INFO - Processing /home/khaled/dbt-env/lib/python3.12/site-packages/airflow/example_dags/plugins/listener_plugin.py took 0.019 seconds
[2025-10-23T12:06:25.626+0000] {processor.py:161} INFO - Started process (PID=11282) to work on /home/khaled/dbt-env/lib/python3.12/site-packages/airflow/example_dags/plugins/listener_plugin.py
[2025-10-23T12:06:25.627+0000] {processor.py:830} INFO - Processing file /home/khaled/dbt-env/lib/python3.12/site-packages/airflow/example_dags/plugins/listener_plugin.py for tasks to queue
[2025-10-23T12:06:25.629+0000] {logging_mixin.py:188} INFO - [2025-10-23T12:06:25.629+0000] {dagbag.py:545} INFO - Filling up the DagBag from /home/khaled/dbt-env/lib/python3.12/site-packages/airflow/example_dags/plugins/listener_plugin.py
[2025-10-23T12:06:25.632+0000] {processor.py:842} WARNING - No viable dags retrieved from /home/khaled/dbt-env/lib/python3.12/site-packages/airflow/example_dags/plugins/listener_plugin.py
[2025-10-23T12:06:25.640+0000] {processor.py:183} INFO - Processing /home/khaled/dbt-env/lib/python3.12/site-packages/airflow/example_dags/plugins/listener_plugin.py took 0.020 seconds
[2025-10-23T12:07:09.114+0000] {processor.py:161} INFO - Started process (PID=11336) to work on /home/khaled/dbt-env/lib/python3.12/site-packages/airflow/example_dags/plugins/listener_plugin.py
[2025-10-23T12:07:09.116+0000] {processor.py:830} INFO - Processing file /home/khaled/dbt-env/lib/python3.12/site-packages/airflow/example_dags/plugins/listener_plugin.py for tasks to queue
[2025-10-23T12:07:09.117+0000] {logging_mixin.py:188} INFO - [2025-10-23T12:07:09.117+0000] {dagbag.py:545} INFO - Filling up the DagBag from /home/khaled/dbt-env/lib/python3.12/site-packages/airflow/example_dags/plugins/listener_plugin.py
[2025-10-23T12:07:09.119+0000] {processor.py:842} WARNING - No viable dags retrieved from /home/khaled/dbt-env/lib/python3.12/site-packages/airflow/example_dags/plugins/listener_plugin.py
[2025-10-23T12:07:09.127+0000] {processor.py:183} INFO - Processing /home/khaled/dbt-env/lib/python3.12/site-packages/airflow/example_dags/plugins/listener_plugin.py took 0.017 seconds
[2025-10-23T12:07:55.929+0000] {processor.py:161} INFO - Started process (PID=11400) to work on /home/khaled/dbt-env/lib/python3.12/site-packages/airflow/example_dags/plugins/listener_plugin.py
[2025-10-23T12:07:55.930+0000] {processor.py:830} INFO - Processing file /home/khaled/dbt-env/lib/python3.12/site-packages/airflow/example_dags/plugins/listener_plugin.py for tasks to queue
[2025-10-23T12:07:55.932+0000] {logging_mixin.py:188} INFO - [2025-10-23T12:07:55.931+0000] {dagbag.py:545} INFO - Filling up the DagBag from /home/khaled/dbt-env/lib/python3.12/site-packages/airflow/example_dags/plugins/listener_plugin.py
[2025-10-23T12:07:55.934+0000] {processor.py:842} WARNING - No viable dags retrieved from /home/khaled/dbt-env/lib/python3.12/site-packages/airflow/example_dags/plugins/listener_plugin.py
[2025-10-23T12:07:55.942+0000] {processor.py:183} INFO - Processing /home/khaled/dbt-env/lib/python3.12/site-packages/airflow/example_dags/plugins/listener_plugin.py took 0.018 seconds
[2025-10-23T12:08:45.173+0000] {processor.py:161} INFO - Started process (PID=11499) to work on /home/khaled/dbt-env/lib/python3.12/site-packages/airflow/example_dags/plugins/listener_plugin.py
[2025-10-23T12:08:45.175+0000] {processor.py:830} INFO - Processing file /home/khaled/dbt-env/lib/python3.12/site-packages/airflow/example_dags/plugins/listener_plugin.py for tasks to queue
[2025-10-23T12:08:45.177+0000] {logging_mixin.py:188} INFO - [2025-10-23T12:08:45.177+0000] {dagbag.py:545} INFO - Filling up the DagBag from /home/khaled/dbt-env/lib/python3.12/site-packages/airflow/example_dags/plugins/listener_plugin.py
[2025-10-23T12:08:45.179+0000] {processor.py:842} WARNING - No viable dags retrieved from /home/khaled/dbt-env/lib/python3.12/site-packages/airflow/example_dags/plugins/listener_plugin.py
[2025-10-23T12:08:45.188+0000] {processor.py:183} INFO - Processing /home/khaled/dbt-env/lib/python3.12/site-packages/airflow/example_dags/plugins/listener_plugin.py took 0.019 seconds
[2025-10-23T12:09:35.876+0000] {processor.py:161} INFO - Started process (PID=11620) to work on /home/khaled/dbt-env/lib/python3.12/site-packages/airflow/example_dags/plugins/listener_plugin.py
[2025-10-23T12:09:35.877+0000] {processor.py:830} INFO - Processing file /home/khaled/dbt-env/lib/python3.12/site-packages/airflow/example_dags/plugins/listener_plugin.py for tasks to queue
[2025-10-23T12:09:35.880+0000] {logging_mixin.py:188} INFO - [2025-10-23T12:09:35.879+0000] {dagbag.py:545} INFO - Filling up the DagBag from /home/khaled/dbt-env/lib/python3.12/site-packages/airflow/example_dags/plugins/listener_plugin.py
[2025-10-23T12:09:35.882+0000] {processor.py:842} WARNING - No viable dags retrieved from /home/khaled/dbt-env/lib/python3.12/site-packages/airflow/example_dags/plugins/listener_plugin.py
[2025-10-23T12:09:35.891+0000] {processor.py:183} INFO - Processing /home/khaled/dbt-env/lib/python3.12/site-packages/airflow/example_dags/plugins/listener_plugin.py took 0.020 seconds
[2025-10-23T12:10:20.865+0000] {processor.py:161} INFO - Started process (PID=11673) to work on /home/khaled/dbt-env/lib/python3.12/site-packages/airflow/example_dags/plugins/listener_plugin.py
[2025-10-23T12:10:20.867+0000] {processor.py:830} INFO - Processing file /home/khaled/dbt-env/lib/python3.12/site-packages/airflow/example_dags/plugins/listener_plugin.py for tasks to queue
[2025-10-23T12:10:20.868+0000] {logging_mixin.py:188} INFO - [2025-10-23T12:10:20.868+0000] {dagbag.py:545} INFO - Filling up the DagBag from /home/khaled/dbt-env/lib/python3.12/site-packages/airflow/example_dags/plugins/listener_plugin.py
[2025-10-23T12:10:20.871+0000] {processor.py:842} WARNING - No viable dags retrieved from /home/khaled/dbt-env/lib/python3.12/site-packages/airflow/example_dags/plugins/listener_plugin.py
[2025-10-23T12:10:20.882+0000] {processor.py:183} INFO - Processing /home/khaled/dbt-env/lib/python3.12/site-packages/airflow/example_dags/plugins/listener_plugin.py took 0.021 seconds
[2025-10-23T12:11:44.832+0000] {processor.py:161} INFO - Started process (PID=11736) to work on /home/khaled/dbt-env/lib/python3.12/site-packages/airflow/example_dags/plugins/listener_plugin.py
[2025-10-23T12:11:44.898+0000] {processor.py:830} INFO - Processing file /home/khaled/dbt-env/lib/python3.12/site-packages/airflow/example_dags/plugins/listener_plugin.py for tasks to queue
[2025-10-23T12:11:44.910+0000] {logging_mixin.py:188} INFO - [2025-10-23T12:11:44.910+0000] {dagbag.py:545} INFO - Filling up the DagBag from /home/khaled/dbt-env/lib/python3.12/site-packages/airflow/example_dags/plugins/listener_plugin.py
[2025-10-23T12:11:44.951+0000] {processor.py:842} WARNING - No viable dags retrieved from /home/khaled/dbt-env/lib/python3.12/site-packages/airflow/example_dags/plugins/listener_plugin.py
[2025-10-23T12:11:45.123+0000] {processor.py:183} INFO - Processing /home/khaled/dbt-env/lib/python3.12/site-packages/airflow/example_dags/plugins/listener_plugin.py took 0.505 seconds
