[2025-10-26T15:01:44.816+0000] {processor.py:186} INFO - Started process (PID=11955) to work on /home/khaled/airflow_venv/lib/python3.12/site-packages/airflow/example_dags/example_asset_alias.py
[2025-10-26T15:01:44.817+0000] {processor.py:914} INFO - Processing file /home/khaled/airflow_venv/lib/python3.12/site-packages/airflow/example_dags/example_asset_alias.py for tasks to queue
[2025-10-26T15:01:44.819+0000] {logging_mixin.py:190} INFO - [2025-10-26T15:01:44.818+0000] {dagbag.py:588} INFO - Filling up the DagBag from /home/khaled/airflow_venv/lib/python3.12/site-packages/airflow/example_dags/example_asset_alias.py
[2025-10-26T15:01:44.824+0000] {logging_mixin.py:190} INFO - [2025-10-26T15:01:44.822+0000] {dagbag.py:387} ERROR - Failed to import: /home/khaled/airflow_venv/lib/python3.12/site-packages/airflow/example_dags/example_asset_alias.py
Traceback (most recent call last):
  File "/home/khaled/airflow_venv/lib/python3.12/site-packages/airflow/models/dagbag.py", line 383, in parse
    loader.exec_module(new_module)
  File "<frozen importlib._bootstrap_external>", line 995, in exec_module
  File "<frozen importlib._bootstrap>", line 488, in _call_with_frames_removed
  File "/home/khaled/airflow_venv/lib/python3.12/site-packages/airflow/example_dags/example_asset_alias.py", line 38, in <module>
    from airflow.sdk import DAG, Asset, AssetAlias, task
  File "/home/khaled/airflow_venv/lib/python3.12/site-packages/airflow/sdk/__init__.py", line 134, in __getattr__
    mod = importlib.import_module(module_path, __name__)
          ^^^^^^^^^^^^^^^^^^^^^^^^^^^^^^^^^^^^^^^^^^^^^^
  File "/usr/lib/python3.12/importlib/__init__.py", line 90, in import_module
    return _bootstrap._gcd_import(name[level:], package, level)
           ^^^^^^^^^^^^^^^^^^^^^^^^^^^^^^^^^^^^^^^^^^^^^^^^^^^^
  File "/home/khaled/airflow_venv/lib/python3.12/site-packages/airflow/sdk/definitions/dag.py", line 40, in <module>
    from airflow.exceptions import (
ImportError: cannot import name 'RemovedInAirflow4Warning' from 'airflow.exceptions' (/home/khaled/airflow_venv/lib/python3.12/site-packages/airflow/exceptions.py)
[2025-10-26T15:01:44.825+0000] {processor.py:927} WARNING - No viable dags retrieved from /home/khaled/airflow_venv/lib/python3.12/site-packages/airflow/example_dags/example_asset_alias.py
[2025-10-26T15:01:44.857+0000] {processor.py:208} INFO - Processing /home/khaled/airflow_venv/lib/python3.12/site-packages/airflow/example_dags/example_asset_alias.py took 0.058 seconds
[2025-10-26T15:01:47.720+0000] {processor.py:186} INFO - Started process (PID=11962) to work on /home/khaled/airflow_venv/lib/python3.12/site-packages/airflow/example_dags/example_asset_alias.py
[2025-10-26T15:01:47.722+0000] {processor.py:914} INFO - Processing file /home/khaled/airflow_venv/lib/python3.12/site-packages/airflow/example_dags/example_asset_alias.py for tasks to queue
[2025-10-26T15:01:47.727+0000] {logging_mixin.py:190} INFO - [2025-10-26T15:01:47.724+0000] {dagbag.py:588} INFO - Filling up the DagBag from /home/khaled/airflow_venv/lib/python3.12/site-packages/airflow/example_dags/example_asset_alias.py
[2025-10-26T15:01:47.736+0000] {logging_mixin.py:190} INFO - [2025-10-26T15:01:47.734+0000] {dagbag.py:387} ERROR - Failed to import: /home/khaled/airflow_venv/lib/python3.12/site-packages/airflow/example_dags/example_asset_alias.py
Traceback (most recent call last):
  File "/home/khaled/airflow_venv/lib/python3.12/site-packages/airflow/models/dagbag.py", line 383, in parse
    loader.exec_module(new_module)
  File "<frozen importlib._bootstrap_external>", line 995, in exec_module
  File "<frozen importlib._bootstrap>", line 488, in _call_with_frames_removed
  File "/home/khaled/airflow_venv/lib/python3.12/site-packages/airflow/example_dags/example_asset_alias.py", line 38, in <module>
    from airflow.sdk import DAG, Asset, AssetAlias, task
  File "/home/khaled/airflow_venv/lib/python3.12/site-packages/airflow/sdk/__init__.py", line 134, in __getattr__
    mod = importlib.import_module(module_path, __name__)
          ^^^^^^^^^^^^^^^^^^^^^^^^^^^^^^^^^^^^^^^^^^^^^^
  File "/usr/lib/python3.12/importlib/__init__.py", line 90, in import_module
    return _bootstrap._gcd_import(name[level:], package, level)
           ^^^^^^^^^^^^^^^^^^^^^^^^^^^^^^^^^^^^^^^^^^^^^^^^^^^^
  File "/home/khaled/airflow_venv/lib/python3.12/site-packages/airflow/sdk/definitions/dag.py", line 40, in <module>
    from airflow.exceptions import (
ImportError: cannot import name 'RemovedInAirflow4Warning' from 'airflow.exceptions' (/home/khaled/airflow_venv/lib/python3.12/site-packages/airflow/exceptions.py)
[2025-10-26T15:01:47.739+0000] {processor.py:927} WARNING - No viable dags retrieved from /home/khaled/airflow_venv/lib/python3.12/site-packages/airflow/example_dags/example_asset_alias.py
[2025-10-26T15:01:47.789+0000] {processor.py:208} INFO - Processing /home/khaled/airflow_venv/lib/python3.12/site-packages/airflow/example_dags/example_asset_alias.py took 0.085 seconds
