[2025-10-26T15:01:42.915+0000] {processor.py:186} INFO - Started process (PID=11942) to work on /home/khaled/airflow_venv/lib/python3.12/site-packages/airflow/example_dags/example_asset_decorator.py
[2025-10-26T15:01:42.916+0000] {processor.py:914} INFO - Processing file /home/khaled/airflow_venv/lib/python3.12/site-packages/airflow/example_dags/example_asset_decorator.py for tasks to queue
[2025-10-26T15:01:42.917+0000] {logging_mixin.py:190} INFO - [2025-10-26T15:01:42.916+0000] {dagbag.py:588} INFO - Filling up the DagBag from /home/khaled/airflow_venv/lib/python3.12/site-packages/airflow/example_dags/example_asset_decorator.py
[2025-10-26T15:01:42.926+0000] {logging_mixin.py:190} INFO - [2025-10-26T15:01:42.925+0000] {dagbag.py:387} ERROR - Failed to import: /home/khaled/airflow_venv/lib/python3.12/site-packages/airflow/example_dags/example_asset_decorator.py
Traceback (most recent call last):
  File "/home/khaled/airflow_venv/lib/python3.12/site-packages/airflow/models/dagbag.py", line 383, in parse
    loader.exec_module(new_module)
  File "<frozen importlib._bootstrap_external>", line 995, in exec_module
  File "<frozen importlib._bootstrap>", line 488, in _call_with_frames_removed
  File "/home/khaled/airflow_venv/lib/python3.12/site-packages/airflow/example_dags/example_asset_decorator.py", line 21, in <module>
    from airflow.sdk import Asset, asset, dag, task
  File "/home/khaled/airflow_venv/lib/python3.12/site-packages/airflow/sdk/__init__.py", line 134, in __getattr__
    mod = importlib.import_module(module_path, __name__)
          ^^^^^^^^^^^^^^^^^^^^^^^^^^^^^^^^^^^^^^^^^^^^^^
  File "/usr/lib/python3.12/importlib/__init__.py", line 90, in import_module
    return _bootstrap._gcd_import(name[level:], package, level)
           ^^^^^^^^^^^^^^^^^^^^^^^^^^^^^^^^^^^^^^^^^^^^^^^^^^^^
  File "/home/khaled/airflow_venv/lib/python3.12/site-packages/airflow/sdk/definitions/dag.py", line 40, in <module>
    from airflow.exceptions import (
ImportError: cannot import name 'RemovedInAirflow4Warning' from 'airflow.exceptions' (/home/khaled/airflow_venv/lib/python3.12/site-packages/airflow/exceptions.py)
[2025-10-26T15:01:42.926+0000] {processor.py:927} WARNING - No viable dags retrieved from /home/khaled/airflow_venv/lib/python3.12/site-packages/airflow/example_dags/example_asset_decorator.py
[2025-10-26T15:01:42.956+0000] {processor.py:208} INFO - Processing /home/khaled/airflow_venv/lib/python3.12/site-packages/airflow/example_dags/example_asset_decorator.py took 0.046 seconds
[2025-10-26T15:01:45.249+0000] {processor.py:186} INFO - Started process (PID=11956) to work on /home/khaled/airflow_venv/lib/python3.12/site-packages/airflow/example_dags/example_asset_decorator.py
[2025-10-26T15:01:45.250+0000] {processor.py:914} INFO - Processing file /home/khaled/airflow_venv/lib/python3.12/site-packages/airflow/example_dags/example_asset_decorator.py for tasks to queue
[2025-10-26T15:01:45.251+0000] {logging_mixin.py:190} INFO - [2025-10-26T15:01:45.250+0000] {dagbag.py:588} INFO - Filling up the DagBag from /home/khaled/airflow_venv/lib/python3.12/site-packages/airflow/example_dags/example_asset_decorator.py
[2025-10-26T15:01:45.275+0000] {logging_mixin.py:190} INFO - [2025-10-26T15:01:45.254+0000] {dagbag.py:387} ERROR - Failed to import: /home/khaled/airflow_venv/lib/python3.12/site-packages/airflow/example_dags/example_asset_decorator.py
Traceback (most recent call last):
  File "/home/khaled/airflow_venv/lib/python3.12/site-packages/airflow/models/dagbag.py", line 383, in parse
    loader.exec_module(new_module)
  File "<frozen importlib._bootstrap_external>", line 995, in exec_module
  File "<frozen importlib._bootstrap>", line 488, in _call_with_frames_removed
  File "/home/khaled/airflow_venv/lib/python3.12/site-packages/airflow/example_dags/example_asset_decorator.py", line 21, in <module>
    from airflow.sdk import Asset, asset, dag, task
  File "/home/khaled/airflow_venv/lib/python3.12/site-packages/airflow/sdk/__init__.py", line 134, in __getattr__
    mod = importlib.import_module(module_path, __name__)
          ^^^^^^^^^^^^^^^^^^^^^^^^^^^^^^^^^^^^^^^^^^^^^^
  File "/usr/lib/python3.12/importlib/__init__.py", line 90, in import_module
    return _bootstrap._gcd_import(name[level:], package, level)
           ^^^^^^^^^^^^^^^^^^^^^^^^^^^^^^^^^^^^^^^^^^^^^^^^^^^^
  File "/home/khaled/airflow_venv/lib/python3.12/site-packages/airflow/sdk/definitions/asset/__init__.py", line 31, in <module>
    from airflow.sdk.api.datamodels._generated import AssetProfile
  File "/home/khaled/airflow_venv/lib/python3.12/site-packages/airflow/sdk/api/datamodels/_generated.py", line 28, in <module>
    from pydantic import AwareDatetime, BaseModel, ConfigDict, Field, JsonValue, RootModel
  File "/home/khaled/airflow_venv/lib/python3.12/site-packages/pydantic/__init__.py", line 5, in <module>
    from ._migration import getattr_migration
  File "/home/khaled/airflow_venv/lib/python3.12/site-packages/pydantic/_migration.py", line 4, in <module>
    from pydantic.warnings import PydanticDeprecatedSince20
  File "/home/khaled/airflow_venv/lib/python3.12/site-packages/pydantic/warnings.py", line 5, in <module>
    from .version import version_short
  File "/home/khaled/airflow_venv/lib/python3.12/site-packages/pydantic/version.py", line 7, in <module>
    from pydantic_core import __version__ as __pydantic_core_version__
  File "/home/khaled/airflow_venv/lib/python3.12/site-packages/pydantic_core/__init__.py", line 6, in <module>
    from typing_extensions import Sentinel
ImportError: cannot import name 'Sentinel' from 'typing_extensions' (/home/khaled/airflow_venv/lib/python3.12/site-packages/typing_extensions.py). Did you mean: '_Sentinel'?
[2025-10-26T15:01:45.276+0000] {processor.py:927} WARNING - No viable dags retrieved from /home/khaled/airflow_venv/lib/python3.12/site-packages/airflow/example_dags/example_asset_decorator.py
[2025-10-26T15:01:45.297+0000] {processor.py:208} INFO - Processing /home/khaled/airflow_venv/lib/python3.12/site-packages/airflow/example_dags/example_asset_decorator.py took 0.053 seconds
